RMG initialization ... 1 image(s) total, 1 per node. 32 MPI processes/image. Thread level 2.
FFT-FD  0.000000e+00   7.854786e-01   7.854584e-01   2.022316e-05
FFT-FD  1.000000e+00   7.854786e-01   7.855222e-01   -4.353532e-05
IP=0 M = -6.375848e-05  3.171838e-01  2.022316e-05
FFT-FD  0.000000e+00   2.257197e+00   2.257087e+00   1.100330e-04
FFT-FD  1.000000e+00   2.257197e+00   2.257545e+00   -3.473082e-04
IP=1 M = -4.573412e-04  2.405927e-01  1.100330e-04
FFT-FD  0.000000e+00   2.257197e+00   2.257087e+00   1.100330e-04
FFT-FD  1.000000e+00   2.257197e+00   2.257545e+00   -3.473082e-04
IP=2 M = -4.573412e-04  2.405927e-01  1.100330e-04
FFT-FD  0.000000e+00   2.257197e+00   2.257087e+00   1.100330e-04
FFT-FD  1.000000e+00   2.257197e+00   2.257545e+00   -3.473082e-04
IP=3 M = -4.573412e-04  2.405927e-01  1.100330e-04
FFT-FD  0.000000e+00   2.678435e-01   2.678433e-01   1.649575e-07
FFT-FD  1.000000e+00   2.678435e-01   2.678454e-01   -1.972514e-06
IP=0 M = -2.137472e-06  7.717409e-02  1.649575e-07
FFT-FD  0.000000e+00   3.882435e-01   3.882435e-01   6.191525e-09
FFT-FD  1.000000e+00   3.882435e-01   3.882437e-01   -1.953946e-07
IP=1 M = -2.015861e-07  3.071405e-02  6.191525e-09
FFT-FD  0.000000e+00   3.882435e-01   3.882435e-01   6.191525e-09
FFT-FD  1.000000e+00   3.882435e-01   3.882437e-01   -1.953946e-07
IP=2 M = -2.015861e-07  3.071405e-02  6.191525e-09
FFT-FD  0.000000e+00   3.882435e-01   3.882435e-01   6.191524e-09
FFT-FD  1.000000e+00   3.882435e-01   3.882437e-01   -1.953946e-07
IP=3 M = -2.015861e-07  3.071404e-02  6.191524e-09
NEWCFAC = 0.245252  0.245252


                     * * * * * * * * * *
                     *    R   M   G    *
                     * * * * * * * * * *

     -- A Real Space Multigrid Electronic structure code --
     --      More information at www.rmgdft.org          --

Code Revision:     v5.1.0_53_g887bfc3b
Build Date:        May 15 2023  14:30:00
Start time:        Wed May 17 14:09:43 2023

NOTICE: RMG internal pseudopotentials have switched to
ONCVP from Ultrasoft. You can revert to Ultrasoft by
adding the input tag internal_pseudo_type="ultrasoft" to
your input files.


Files
   Control input file:        input7
   Data output file:          /dev/null

Run Setup
    Calculation type:         Quench electrons - Fixed ions SCF calculation
    Description:              SiO2
    Orbital Initialization:   LCAO (96 LCAO and 0 random orbitals)
    Exchange Correlation:     pbe
    Spin Polarization:        OFF
    System charge:            Neutral

Processor Topology
   Total PEs:                 32
   X direction:               4
   Y direction:               4
   Z direction:               2
   MG Threads/PE:             1
   OMP Threads/PE:            1

Grid Points  (Linear Anisotropy: 1.000)
    X:  Total: 64   Per PE: 16   Spacing:0.210 a0  
    Y:  Total: 64   Per PE: 16   Spacing:0.210 a0  
    Z:  Total: 64   Per PE: 32   Spacing:0.210 a0  

    Equivalent energy cutoffs (psi,rho):   223.307    893.227 Ry

    Charge density grid:         2 times finer

Coordinate planes
  Planar Anisotropy: 1.000
  A0-A1 density:    22.626
  A0-A2 density:    22.626
  A1-A2 density:    22.626


Lattice (Cell) Setup
    Type:                       Orthorhombic_primitive
    Volume (a0^3):               2435.77
    Boundary conditions:        Periodic

    X Basis Vector:      13.455       0.000       0.000 a0
    Y Basis Vector:       0.000      13.455       0.000 a0
    Z Basis Vector:       0.000       0.000      13.455 a0
    X Reci Vector:       0.074      -0.000       0.000 a0
    Y Reci Vector:       0.000       0.074       0.000 a0
    Z Reci Vector:       0.000      -0.000       0.074 a0

K-points
    Gamma Point Only (real orbitals)

Atoms and States
    Number of ions:                          24
    Number of species:                       2
    Number of states:                        79

Run Parameters
    SCF Convergence criterion (potential):   1.00e-10
    SCF Convergence criterion (energy):      1.00e-10
    Max SCF steps:                           30

SCF Cycle Settings
    Charge density mixing:                   Broyden
    Hartree Solver:                          PFFT
    Interpolation type:                      FFT

Finite Difference parameters
    Kohn Sham FD Order:                      8   
    Force Gradient Order:                    FFT
    Adaptive Finite Differencing:            On
    Adaptive CFAC:                           0.245251674

Subspace Diagonalization Options
    Frequency:                               every 1 SCF step(s)
    Driver:                                  ScaLapack
    Initial diagonalization:                 ON
    Folded spectrum:                         OFF

Filtering Cutoff  Parameters
    Wavefunction grid (cparm):               0.800
    Charge density grid (rhocparm):          1.000
    Filter factor:                           1.000

Multigrid (MG) Parameters
    Psi MG levels:                           3
    Psi global step:                         0.660 
    Psi pre:                                 2
    Psi post:                                2

Davidson Parameters
    Davidson multiplier:                     4
    Davidson max step:                       8
    Davidson unocc tol factor:               1000.000

Blas Libraries
    CPU support with openblas-parallel.


Atomic Species Information
(PP = Pseudopotential, US = Ultrasoft, NC = Norm Conserving)
-------------------------------------------------------------------------
|Index|Symbol| Mass|Valence| PP |  Comp  |Local| Local|Nlocal|    PP    |
|     |      |     |       |Type|Gaussian|  l  |Radius|Radius|Functional|
-------------------------------------------------------------------------
|    1|     O| 15.0|   6.00|  NC|    0.50|   -1| 10.00|  7.00|       PBE|
|    2|    Si| 28.0|   4.00|  NC|    0.50|   -1| 10.00|  7.00|       PBE|
-------------------------------------------------------------------------

Pseudopotential generation information:
   O pseudopotential file: ./@Internal
      Generation info     : Generated using ONCVPSP code by D. R. Hamann
      Author info         : anonymous
  Si pseudopotential file: ./@Internal
      Generation info     : Generated using ONCVPSP code by D. R. Hamann
      Author info         : anonymous


Memory usage (Mbytes):     Min        Max       Total
    wave functions         20.71      20.71     662.73
    beta-functions         12.58      12.58     402.69



Initial Ionic Positions And Displacements (Bohr)
Species      X           Y           Z           dX          dY          dZ
  Si       0.0000      0.0000      0.0000      0.0000      0.0000      0.0000
  Si       3.3637      3.3637      3.3637      0.0000      0.0000      0.0000
  Si      10.0911      3.3637     10.0911      0.0000      0.0000      0.0000
  Si       3.3637     10.0911     10.0911      0.0000      0.0000      0.0000
  Si      10.0911     10.0911      3.3637      0.0000      0.0000      0.0000
  Si       0.0000      6.7274      6.7274      0.0000      0.0000      0.0000
  Si       6.7274      0.0000      6.7274      0.0000      0.0000      0.0000
  Si       6.7274      6.7274      0.0000      0.0000      0.0000      0.0000
  O        1.6819      1.6819      1.6819      0.0000      0.0000      0.0000
  O       11.7730      1.6819     11.7730      0.0000      0.0000      0.0000
  O        1.6819     11.7730     11.7730      0.0000      0.0000      0.0000
  O       11.7730     11.7730      1.6819      0.0000      0.0000      0.0000
  O        1.6819      8.4093      8.4093      0.0000      0.0000      0.0000
  O        8.4093      1.6819      8.4093      0.0000      0.0000      0.0000
  O        8.4093      8.4093      1.6819      0.0000      0.0000      0.0000
  O       11.7730      8.4093      5.0456      0.0000      0.0000      0.0000
  O        5.0456      1.6819      5.0456      0.0000      0.0000      0.0000
  O        5.0456      8.4093     11.7730      0.0000      0.0000      0.0000
  O        1.6819      5.0456      5.0456      0.0000      0.0000      0.0000
  O        8.4093     11.7730      5.0456      0.0000      0.0000      0.0000
  O        8.4093      5.0456     11.7730      0.0000      0.0000      0.0000
  O       11.7730      5.0456      8.4093      0.0000      0.0000      0.0000
  O        5.0456     11.7730      8.4093      0.0000      0.0000      0.0000
  O        5.0456      5.0456      1.6819      0.0000      0.0000      0.0000


Initial Ionic Positions And Displacements (Angstrom)
Species      X           Y           Z           dX          dY          dZ
  Si       0.0000      0.0000      0.0000      0.0000      0.0000      0.0000
  Si       1.7800      1.7800      1.7800      0.0000      0.0000      0.0000
  Si       5.3400      1.7800      5.3400      0.0000      0.0000      0.0000
  Si       1.7800      5.3400      5.3400      0.0000      0.0000      0.0000
  Si       5.3400      5.3400      1.7800      0.0000      0.0000      0.0000
  Si       0.0000      3.5600      3.5600      0.0000      0.0000      0.0000
  Si       3.5600      0.0000      3.5600      0.0000      0.0000      0.0000
  Si       3.5600      3.5600      0.0000      0.0000      0.0000      0.0000
  O        0.8900      0.8900      0.8900      0.0000      0.0000      0.0000
  O        6.2300      0.8900      6.2300      0.0000      0.0000      0.0000
  O        0.8900      6.2300      6.2300      0.0000      0.0000      0.0000
  O        6.2300      6.2300      0.8900      0.0000      0.0000      0.0000
  O        0.8900      4.4500      4.4500      0.0000      0.0000      0.0000
  O        4.4500      0.8900      4.4500      0.0000      0.0000      0.0000
  O        4.4500      4.4500      0.8900      0.0000      0.0000      0.0000
  O        6.2300      4.4500      2.6700      0.0000      0.0000      0.0000
  O        2.6700      0.8900      2.6700      0.0000      0.0000      0.0000
  O        2.6700      4.4500      6.2300      0.0000      0.0000      0.0000
  O        0.8900      2.6700      2.6700      0.0000      0.0000      0.0000
  O        4.4500      6.2300      2.6700      0.0000      0.0000      0.0000
  O        4.4500      2.6700      6.2300      0.0000      0.0000      0.0000
  O        6.2300      2.6700      4.4500      0.0000      0.0000      0.0000
  O        2.6700      6.2300      4.4500      0.0000      0.0000      0.0000
  O        2.6700      2.6700      0.8900      0.0000      0.0000      0.0000

Diagonalization using scalapack for step=0  count=0



KOHN SHAM EIGENVALUES [eV] AT K-POINT [  0]:       0.000000      0.000000      0.000000

[kpt   0  -1   0]   -22.2079 [2.000]   -21.3863 [2.000]   -21.3863 [2.000]   -21.3863 [2.000]   -21.3863 [2.000]
[kpt   0  -1   1]   -21.3863 [2.000]   -21.3863 [2.000]   -20.2922 [2.000]   -20.2922 [2.000]   -20.2922 [2.000]
[kpt   0  -1   2]   -20.2723 [2.000]   -20.2723 [2.000]   -20.2723 [2.000]   -20.2723 [2.000]   -20.2723 [2.000]
[kpt   0  -1   3]   -20.2723 [2.000]   -11.9734 [2.000]    -9.8961 [2.000]    -9.8961 [2.000]    -9.8961 [2.000]
[kpt   0  -1   4]    -9.8961 [2.000]    -9.8961 [2.000]    -9.8961 [2.000]    -8.2243 [2.000]    -8.2243 [2.000]
[kpt   0  -1   5]    -8.2243 [2.000]    -7.9097 [2.000]    -7.9097 [2.000]    -7.9097 [2.000]    -7.9097 [2.000]
[kpt   0  -1   6]    -7.9097 [2.000]    -7.9097 [2.000]    -5.0344 [2.000]    -5.0344 [2.000]    -5.0344 [2.000]
[kpt   0  -1   7]    -5.0344 [2.000]    -5.0344 [2.000]    -5.0344 [2.000]    -4.9395 [2.000]    -4.9395 [2.000]
[kpt   0  -1   8]    -4.7492 [2.000]    -4.7492 [2.000]    -4.7492 [2.000]    -4.7492 [2.000]    -4.7492 [2.000]
[kpt   0  -1   9]    -4.7492 [2.000]    -4.5185 [2.000]    -4.5185 [2.000]    -4.5185 [2.000]    -3.9885 [2.000]
[kpt   0  -1  10]    -3.9885 [2.000]    -3.9885 [2.000]    -3.9885 [2.000]    -3.9885 [2.000]    -3.9885 [2.000]
[kpt   0  -1  11]    -3.4078 [2.000]    -3.4078 [2.000]    -3.4078 [2.000]    -3.4078 [2.000]    -3.4078 [2.000]
[kpt   0  -1  12]    -3.4078 [2.000]    -2.9354 [2.000]    -2.9354 [2.000]    -2.9354 [2.000]     7.6044 [0.000]
[kpt   0  -1  13]    10.2752 [0.000]    10.2752 [0.000]    10.2752 [0.000]    10.2752 [0.000]    10.2752 [0.000]
[kpt   0  -1  14]    10.2752 [0.000]    12.4078 [0.000]    12.4078 [0.000]    12.4078 [0.000]    13.3737 [0.000]
[kpt   0  -1  15]    13.3737 [0.000]    13.3737 [0.000]    13.3737 [0.000]    13.3737 [0.000]    13.3737 [0.000]
[kpt   0  -1  16]    15.0434 [0.000]    15.0434 [0.000]    15.0434 [0.000]    15.0434 [0.000]    15.0434 [0.000]
[kpt   0  -1  17]    15.0434 [0.000]    15.3634 [0.000]    15.3634 [0.000]    15.3634 [0.000]    15.3634 [0.000]
[kpt   0  -1  18]    15.3634 [0.000]    15.3634 [0.000]    16.6477 [0.000]    16.6477 [0.000]    16.6477 [0.000]
[kpt   0  -1  19]    17.2090 [0.000]


Charge normalization constant -1.0: 9.547918e-15
Charge density mixing: Linear with a constant of 0.50 

Diagonalization using scalapack for step=0  count=1


FERMI ENERGY =     -0.01590518 eV
@@ EIGENVALUE SUM     =      -65.150470 Ry
@@ ION_ION            =     -272.916107 Ry
@@ ELECTROSTATIC      =     -284.893001 Ry
@@ VXC                =     -179.079589 Ry
@@ EXC                =     -137.842606 Ry
@@ TOTAL ENERGY       =     -581.722596 Ry
@@ estimated error    =   ****************
Charge normalization constant -1.0: -2.220446e-16
Charge density mixing: Linear with a constant of 0.50 
WriteRestart: Output file given as /dev/null, no restart data written ...


KOHN SHAM EIGENVALUES [eV] AT K-POINT [  0]:       0.000000      0.000000      0.000000

[kpt   0   0   0]   -19.5900 [2.000]   -18.6269 [2.000]   -18.6212 [2.000]   -18.6201 [2.000]   -18.6160 [2.000]
[kpt   0   0   1]   -18.6129 [2.000]   -18.6102 [2.000]   -17.3287 [2.000]   -17.3191 [2.000]   -17.3183 [2.000]
[kpt   0   0   2]   -17.3176 [2.000]   -17.3173 [2.000]   -17.3133 [2.000]   -17.3107 [2.000]   -17.3089 [2.000]
[kpt   0   0   3]   -17.3077 [2.000]    -9.5372 [2.000]    -7.3075 [2.000]    -7.3058 [2.000]    -7.3046 [2.000]
[kpt   0   0   4]    -7.3020 [2.000]    -7.3008 [2.000]    -7.2985 [2.000]    -5.7370 [2.000]    -5.7355 [2.000]
[kpt   0   0   5]    -5.7345 [2.000]    -5.0327 [2.000]    -5.0324 [2.000]    -5.0304 [2.000]    -5.0299 [2.000]
[kpt   0   0   6]    -5.0287 [2.000]    -5.0284 [2.000]    -2.8398 [2.000]    -2.8393 [2.000]    -2.8391 [2.000]
[kpt   0   0   7]    -2.8384 [2.000]    -2.8380 [2.000]    -2.8371 [2.000]    -2.6354 [2.000]    -2.6352 [2.000]
[kpt   0   0   8]    -2.5096 [2.000]    -2.5093 [2.000]    -2.5089 [2.000]    -2.5086 [2.000]    -2.5084 [2.000]
[kpt   0   0   9]    -2.4802 [2.000]    -1.8934 [2.000]    -1.8933 [2.000]    -1.8926 [2.000]    -1.4296 [2.000]
[kpt   0   0  10]    -1.4288 [2.000]    -1.4286 [2.000]    -1.4280 [2.000]    -1.4274 [2.000]    -1.4273 [2.000]
[kpt   0   0  11]    -0.6174 [2.000]    -0.6168 [2.000]    -0.6167 [2.000]    -0.6161 [2.000]    -0.6159 [2.000]
[kpt   0   0  12]    -0.6155 [2.000]    -0.0168 [2.000]    -0.0163 [2.000]    -0.0159 [2.000]     8.4081 [0.000]
[kpt   0   0  13]    10.9524 [0.000]    10.9528 [0.000]    10.9529 [0.000]    10.9532 [0.000]    10.9534 [0.000]
[kpt   0   0  14]    10.9537 [0.000]    12.1347 [0.000]    12.1348 [0.000]    12.1351 [0.000]    13.9309 [0.000]
[kpt   0   0  15]    13.9311 [0.000]    13.9313 [0.000]    13.9314 [0.000]    13.9315 [0.000]



Total charge in supercell =     128.00000000
 quench: [md:   0/100  scf:   0/30  step time:   0.48  scf time:     0.64 secs  RMS[dV]: 5.25e-02 ]


average potential <V> = -3.05e-16

Diagonalization using scalapack for step=1  count=2


FERMI ENERGY =      1.45206725 eV
@@ EIGENVALUE SUM     =      -54.676856 Ry
@@ ION_ION            =     -272.916107 Ry
@@ ELECTROSTATIC      =     -296.790943 Ry
@@ VXC                =     -182.199602 Ry
@@ EXC                =     -140.266077 Ry
@@ TOTAL ENERGY       =     -582.450380 Ry
@@ estimated error    =        6.13e-01 Ry
Charge normalization constant -1.0: 2.220446e-16
Charge density mixing: Linear with a constant of 0.50 


KOHN SHAM EIGENVALUES [eV] AT K-POINT [  0]:       0.000000      0.000000      0.000000

[kpt   0   1   0]   -18.4696 [2.000]   -17.4374 [2.000]   -17.4329 [2.000]   -17.4304 [2.000]   -17.4282 [2.000]
[kpt   0   1   1]   -17.4265 [2.000]   -17.4240 [2.000]   -15.9661 [2.000]   -15.9649 [2.000]   -15.9620 [2.000]
[kpt   0   1   2]   -15.9537 [2.000]   -15.9512 [2.000]   -15.9476 [2.000]   -15.9322 [2.000]   -15.9291 [2.000]
[kpt   0   1   3]   -15.9248 [2.000]    -9.2553 [2.000]    -6.7288 [2.000]    -6.7267 [2.000]    -6.7254 [2.000]
[kpt   0   1   4]    -6.7246 [2.000]    -6.7211 [2.000]    -6.7208 [2.000]    -4.9279 [2.000]    -4.9263 [2.000]
[kpt   0   1   5]    -4.9251 [2.000]    -4.2527 [2.000]    -4.2511 [2.000]    -4.2479 [2.000]    -4.2459 [2.000]
[kpt   0   1   6]    -4.2430 [2.000]    -4.2410 [2.000]    -1.7001 [2.000]    -1.6986 [2.000]    -1.6905 [2.000]
[kpt   0   1   7]    -1.6897 [2.000]    -1.6839 [2.000]    -1.6833 [2.000]    -1.4246 [2.000]    -1.4245 [2.000]
[kpt   0   1   8]    -1.3436 [2.000]    -1.3403 [2.000]    -1.3369 [2.000]    -1.3333 [2.000]    -1.3323 [2.000]
[kpt   0   1   9]    -1.3200 [2.000]    -0.7706 [2.000]    -0.7654 [2.000]    -0.7648 [2.000]    -0.1660 [2.000]
[kpt   0   1  10]    -0.1580 [2.000]    -0.1557 [2.000]    -0.1490 [2.000]    -0.1478 [2.000]    -0.1430 [2.000]
[kpt   0   1  11]     0.7174 [2.000]     0.7228 [2.000]     0.7237 [2.000]     0.7263 [2.000]     0.7319 [2.000]
[kpt   0   1  12]     0.7387 [2.000]     1.4467 [2.000]     1.4481 [2.000]     1.4521 [2.000]     8.7951 [0.000]
[kpt   0   1  13]    11.3162 [0.000]    11.3170 [0.000]    11.3182 [0.000]    11.3187 [0.000]    11.3190 [0.000]
[kpt   0   1  14]    11.3194 [0.000]    11.7777 [0.000]    11.7803 [0.000]    11.7819 [0.000]    14.1485 [0.000]
[kpt   0   1  15]    14.1486 [0.000]    14.1492 [0.000]    14.1504 [0.000]    46.9500 [0.000]



Total charge in supercell =     128.00000000
 quench: [md:   0/100  scf:   1/30  step time:   0.42  scf time:     1.07 secs  RMS[dV]: 2.98e-02 ]


average potential <V> = -6.49e-16

Diagonalization using scalapack for step=2  count=3


FERMI ENERGY =      1.78107211 eV
@@ EIGENVALUE SUM     =      -53.147009 Ry
@@ ION_ION            =     -272.916107 Ry
@@ ELECTROSTATIC      =     -295.840528 Ry
@@ VXC                =     -181.658161 Ry
@@ EXC                =     -139.842236 Ry
@@ TOTAL ENERGY       =     -580.087718 Ry
@@ estimated error    =        1.99e-01 Ry
Charge normalization constant -1.0: -6.661338e-16
Charge density mixing: Linear with a constant of 0.50 


KOHN SHAM EIGENVALUES [eV] AT K-POINT [  0]:       0.000000      0.000000      0.000000

[kpt   0   2   0]   -18.3496 [2.000]   -17.3191 [2.000]   -17.3103 [2.000]   -17.3081 [2.000]   -17.3055 [2.000]
[kpt   0   2   1]   -17.2998 [2.000]   -17.2903 [2.000]   -15.8346 [2.000]   -15.8303 [2.000]   -15.8259 [2.000]
[kpt   0   2   2]   -15.8237 [2.000]   -15.8153 [2.000]   -15.8145 [2.000]   -15.7891 [2.000]   -15.7783 [2.000]
[kpt   0   2   3]   -15.7710 [2.000]    -9.1828 [2.000]    -6.6367 [2.000]    -6.6327 [2.000]    -6.6313 [2.000]
[kpt   0   2   4]    -6.6296 [2.000]    -6.6275 [2.000]    -6.6222 [2.000]    -4.8138 [2.000]    -4.8109 [2.000]
[kpt   0   2   5]    -4.8081 [2.000]    -4.1548 [2.000]    -4.1513 [2.000]    -4.1508 [2.000]    -4.1484 [2.000]
[kpt   0   2   6]    -4.1451 [2.000]    -4.1442 [2.000]    -1.5473 [2.000]    -1.5455 [2.000]    -1.5441 [2.000]
[kpt   0   2   7]    -1.5418 [2.000]    -1.5347 [2.000]    -1.5312 [2.000]    -1.2665 [2.000]    -1.2663 [2.000]
[kpt   0   2   8]    -1.1493 [2.000]    -1.1426 [2.000]    -1.1400 [2.000]    -1.1378 [2.000]    -1.1354 [2.000]
[kpt   0   2   9]    -1.1323 [2.000]    -0.6205 [2.000]    -0.6145 [2.000]    -0.6143 [2.000]     0.0559 [2.000]
[kpt   0   2  10]     0.0607 [2.000]     0.0634 [2.000]     0.0697 [2.000]     0.0726 [2.000]     0.0773 [2.000]
[kpt   0   2  11]     0.9816 [2.000]     0.9847 [2.000]     0.9890 [2.000]     0.9904 [2.000]     0.9926 [2.000]
[kpt   0   2  12]     0.9966 [2.000]     1.7753 [2.000]     1.7778 [2.000]     1.7811 [2.000]     8.5306 [0.000]
[kpt   0   2  13]    11.1799 [0.000]    11.1826 [0.000]    11.1836 [0.000]    11.1846 [0.000]    11.1857 [0.000]
[kpt   0   2  14]    11.1865 [0.000]    11.4124 [0.000]    11.4155 [0.000]    11.4200 [0.000]    14.0173 [0.000]
[kpt   0   2  15]    14.0185 [0.000]    14.0193 [0.000]    14.0197 [0.000]    46.1624 [0.000]



Total charge in supercell =     128.00000000
 quench: [md:   0/100  scf:   2/30  step time:   0.42  scf time:     1.49 secs  RMS[dV]: 1.47e-02 ]


average potential <V> = 6.18e-16

Diagonalization using scalapack for step=3  count=4


FERMI ENERGY =      1.61412512 eV
@@ EIGENVALUE SUM     =      -54.849927 Ry
@@ ION_ION            =     -272.916107 Ry
@@ ELECTROSTATIC      =     -291.720273 Ry
@@ VXC                =     -180.286531 Ry
@@ EXC                =     -138.773275 Ry
@@ TOTAL ENERGY       =     -577.973050 Ry
@@ estimated error    =        3.00e-01 Ry
Charge normalization constant -1.0: -1.332268e-15
Charge density mixing: Linear with a constant of 0.50 


KOHN SHAM EIGENVALUES [eV] AT K-POINT [  0]:       0.000000      0.000000      0.000000

[kpt   0   3   0]   -18.5436 [2.000]   -17.5358 [2.000]   -17.5254 [2.000]   -17.5231 [2.000]   -17.5145 [2.000]
[kpt   0   3   1]   -17.5114 [2.000]   -17.4975 [2.000]   -16.0932 [2.000]   -16.0846 [2.000]   -16.0799 [2.000]
[kpt   0   3   2]   -16.0718 [2.000]   -16.0682 [2.000]   -16.0545 [2.000]   -16.0472 [2.000]   -16.0305 [2.000]
[kpt   0   3   3]   -16.0171 [2.000]    -9.2598 [2.000]    -6.7597 [2.000]    -6.7537 [2.000]    -6.7529 [2.000]
[kpt   0   3   4]    -6.7481 [2.000]    -6.7453 [2.000]    -6.7369 [2.000]    -4.9430 [2.000]    -4.9360 [2.000]
[kpt   0   3   5]    -4.9299 [2.000]    -4.3015 [2.000]    -4.2955 [2.000]    -4.2937 [2.000]    -4.2897 [2.000]
[kpt   0   3   6]    -4.2870 [2.000]    -4.2793 [2.000]    -1.7381 [2.000]    -1.7308 [2.000]    -1.7281 [2.000]
[kpt   0   3   7]    -1.7260 [2.000]    -1.7246 [2.000]    -1.7149 [2.000]    -1.4645 [2.000]    -1.4641 [2.000]
[kpt   0   3   8]    -1.3079 [2.000]    -1.3044 [2.000]    -1.3027 [2.000]    -1.2966 [2.000]    -1.2953 [2.000]
[kpt   0   3   9]    -1.2915 [2.000]    -0.8183 [2.000]    -0.8155 [2.000]    -0.8153 [2.000]    -0.1305 [2.000]
[kpt   0   3  10]    -0.1298 [2.000]    -0.1241 [2.000]    -0.1227 [2.000]    -0.1199 [2.000]    -0.1129 [2.000]
[kpt   0   3  11]     0.7951 [2.000]     0.8024 [2.000]     0.8031 [2.000]     0.8059 [2.000]     0.8067 [2.000]
[kpt   0   3  12]     0.8172 [2.000]     1.6022 [2.000]     1.6067 [2.000]     1.6141 [2.000]     8.1879 [0.000]
[kpt   0   3  13]    10.9399 [0.000]    10.9424 [0.000]    10.9437 [0.000]    10.9452 [0.000]    10.9469 [0.000]
[kpt   0   3  14]    10.9472 [0.000]    11.1779 [0.000]    11.1810 [0.000]    11.1860 [0.000]    13.7848 [0.000]
[kpt   0   3  15]    13.7864 [0.000]    13.7872 [0.000]    13.7885 [0.000]    45.3319 [0.000]



Total charge in supercell =     128.00000000
 quench: [md:   0/100  scf:   3/30  step time:   0.42  scf time:     1.92 secs  RMS[dV]: 1.43e-02 ]


average potential <V> = -6.07e-16
Davidson converged in 3 steps

FERMI ENERGY =      1.47133635 eV
@@ EIGENVALUE SUM     =      -56.506800 Ry
@@ ION_ION            =     -272.916107 Ry
@@ ELECTROSTATIC      =     -288.361457 Ry
@@ VXC                =     -179.199552 Ry
@@ EXC                =     -137.926209 Ry
@@ TOTAL ENERGY       =     -576.511021 Ry
@@ estimated error    =        1.74e-01 Ry
Charge normalization constant -1.0: -2.220446e-15
Charge density mixing: Broyden


KOHN SHAM EIGENVALUES [eV] AT K-POINT [  0]:       0.000000      0.000000      0.000000

[kpt   0   4   0]   -18.7274 [2.000]   -17.7453 [2.000]   -17.7332 [2.000]   -17.7266 [2.000]   -17.7155 [2.000]
[kpt   0   4   1]   -17.7088 [2.000]   -17.6846 [2.000]   -16.3415 [2.000]   -16.3333 [2.000]   -16.3188 [2.000]
[kpt   0   4   2]   -16.3105 [2.000]   -16.3051 [2.000]   -16.2948 [2.000]   -16.2764 [2.000]   -16.2678 [2.000]
[kpt   0   4   3]   -16.2405 [2.000]    -9.3779 [2.000]    -6.9185 [2.000]    -6.9094 [2.000]    -6.9044 [2.000]
[kpt   0   4   4]    -6.8967 [2.000]    -6.8911 [2.000]    -6.8727 [2.000]    -5.0946 [2.000]    -5.0781 [2.000]
[kpt   0   4   5]    -5.0641 [2.000]    -4.4723 [2.000]    -4.4588 [2.000]    -4.4534 [2.000]    -4.4437 [2.000]
[kpt   0   4   6]    -4.4369 [2.000]    -4.4155 [2.000]    -1.9281 [2.000]    -1.9116 [2.000]    -1.9097 [2.000]
[kpt   0   4   7]    -1.9037 [2.000]    -1.9006 [2.000]    -1.8821 [2.000]    -1.6403 [2.000]    -1.6385 [2.000]
[kpt   0   4   8]    -1.4870 [2.000]    -1.4717 [2.000]    -1.4686 [2.000]    -1.4619 [2.000]    -1.4597 [2.000]
[kpt   0   4   9]    -1.4375 [2.000]    -0.9960 [2.000]    -0.9952 [2.000]    -0.9943 [2.000]    -0.3156 [2.000]
[kpt   0   4  10]    -0.2964 [2.000]    -0.2929 [2.000]    -0.2863 [2.000]    -0.2823 [2.000]    -0.2561 [2.000]
[kpt   0   4  11]     0.6145 [2.000]     0.6358 [2.000]     0.6396 [2.000]     0.6462 [2.000]     0.6504 [2.000]
[kpt   0   4  12]     0.6732 [2.000]     1.4407 [2.000]     1.4558 [2.000]     1.4713 [2.000]     7.1875 [0.000]
[kpt   0   4  13]    10.0085 [0.000]    10.0102 [0.000]    10.0118 [0.000]    10.0128 [0.000]    10.0136 [0.000]
[kpt   0   4  14]    10.0193 [0.000]    10.4980 [0.000]    10.4994 [0.000]    10.5017 [0.000]    13.2391 [0.000]
[kpt   0   4  15]    13.2461 [0.000]    13.2474 [0.000]    13.2510 [0.000]    13.2556 [0.000]



Total charge in supercell =     128.00000000
 quench: [md:   0/100  scf:   4/30  step time:   0.54  scf time:     2.46 secs  RMS[dV]: 1.05e-02 ]


average potential <V> = -1.22e-15
Davidson converged in 2 steps

FERMI ENERGY =      0.94076285 eV
@@ EIGENVALUE SUM     =      -59.974874 Ry
@@ ION_ION            =     -272.916107 Ry
@@ ELECTROSTATIC      =     -284.578129 Ry
@@ VXC                =     -178.029486 Ry
@@ EXC                =     -137.014813 Ry
@@ TOTAL ENERGY       =     -576.454436 Ry
@@ estimated error    =        1.73e-01 Ry
Charge normalization constant -1.0: 1.998401e-15
Charge density mixing: Broyden


KOHN SHAM EIGENVALUES [eV] AT K-POINT [  0]:       0.000000      0.000000      0.000000

[kpt   0   5   0]   -19.0667 [2.000]   -18.1038 [2.000]   -18.0924 [2.000]   -18.0887 [2.000]   -18.0830 [2.000]
[kpt   0   5   1]   -18.0792 [2.000]   -18.0738 [2.000]   -16.7599 [2.000]   -16.7476 [2.000]   -16.7433 [2.000]
[kpt   0   5   2]   -16.7407 [2.000]   -16.7380 [2.000]   -16.7270 [2.000]   -16.7169 [2.000]   -16.7087 [2.000]
[kpt   0   5   3]   -16.6952 [2.000]    -9.5169 [2.000]    -7.1303 [2.000]    -7.1211 [2.000]    -7.1181 [2.000]
[kpt   0   5   4]    -7.1137 [2.000]    -7.1106 [2.000]    -7.1065 [2.000]    -5.3436 [2.000]    -5.3365 [2.000]
[kpt   0   5   5]    -5.3283 [2.000]    -4.7399 [2.000]    -4.7293 [2.000]    -4.7258 [2.000]    -4.7211 [2.000]
[kpt   0   5   6]    -4.7174 [2.000]    -4.7117 [2.000]    -2.2737 [2.000]    -2.2631 [2.000]    -2.2618 [2.000]
[kpt   0   5   7]    -2.2589 [2.000]    -2.2576 [2.000]    -2.2497 [2.000]    -2.0230 [2.000]    -2.0224 [2.000]
[kpt   0   5   8]    -1.8408 [2.000]    -1.8315 [2.000]    -1.8307 [2.000]    -1.8277 [2.000]    -1.8270 [2.000]
[kpt   0   5   9]    -1.8192 [2.000]    -1.3938 [2.000]    -1.3938 [2.000]    -1.3935 [2.000]    -0.7349 [2.000]
[kpt   0   5  10]    -0.7244 [2.000]    -0.7228 [2.000]    -0.7196 [2.000]    -0.7184 [2.000]    -0.7093 [2.000]
[kpt   0   5  11]     0.1567 [2.000]     0.1695 [2.000]     0.1707 [2.000]     0.1746 [2.000]     0.1762 [2.000]
[kpt   0   5  12]     0.1858 [2.000]     0.9254 [2.000]     0.9340 [2.000]     0.9408 [2.000]     6.8454 [0.000]
[kpt   0   5  13]     9.7619 [0.000]     9.7642 [0.000]     9.7646 [0.000]     9.7650 [0.000]     9.7653 [0.000]
[kpt   0   5  14]     9.7679 [0.000]    10.5107 [0.000]    10.5109 [0.000]    10.5111 [0.000]    13.0152 [0.000]
[kpt   0   5  15]    13.0163 [0.000]    13.0166 [0.000]    13.0184 [0.000]    13.0191 [0.000]



Total charge in supercell =     128.00000000
 quench: [md:   0/100  scf:   5/30  step time:   0.49  scf time:     2.95 secs  RMS[dV]: 9.91e-03 ]


average potential <V> = -3.43e-16
Davidson converged in 3 steps

FERMI ENERGY =      1.07792726 eV
@@ EIGENVALUE SUM     =      -58.678719 Ry
@@ ION_ION            =     -272.916107 Ry
@@ ELECTROSTATIC      =     -285.949977 Ry
@@ VXC                =     -178.377525 Ry
@@ EXC                =     -137.284924 Ry
@@ TOTAL ENERGY       =     -576.452202 Ry
@@ estimated error    =        1.10e-02 Ry
Charge normalization constant -1.0: 3.330669e-15
Charge density mixing: Broyden


KOHN SHAM EIGENVALUES [eV] AT K-POINT [  0]:       0.000000      0.000000      0.000000

[kpt   0   6   0]   -18.9273 [2.000]   -17.9456 [2.000]   -17.9445 [2.000]   -17.9438 [2.000]   -17.9427 [2.000]
[kpt   0   6   1]   -17.9420 [2.000]   -17.9398 [2.000]   -16.5930 [2.000]   -16.5917 [2.000]   -16.5907 [2.000]
[kpt   0   6   2]   -16.5896 [2.000]   -16.5889 [2.000]   -16.5866 [2.000]   -16.5611 [2.000]   -16.5581 [2.000]
[kpt   0   6   3]   -16.5555 [2.000]    -9.3817 [2.000]    -6.9735 [2.000]    -6.9726 [2.000]    -6.9722 [2.000]
[kpt   0   6   4]    -6.9713 [2.000]    -6.9709 [2.000]    -6.9692 [2.000]    -5.1969 [2.000]    -5.1955 [2.000]
[kpt   0   6   5]    -5.1941 [2.000]    -4.5714 [2.000]    -4.5701 [2.000]    -4.5695 [2.000]    -4.5686 [2.000]
[kpt   0   6   6]    -4.5680 [2.000]    -4.5660 [2.000]    -2.1471 [2.000]    -2.1455 [2.000]    -2.1453 [2.000]
[kpt   0   6   7]    -2.1448 [2.000]    -2.1445 [2.000]    -2.1431 [2.000]    -1.9024 [2.000]    -1.9022 [2.000]
[kpt   0   6   8]    -1.7133 [2.000]    -1.7119 [2.000]    -1.7116 [2.000]    -1.7109 [2.000]    -1.7108 [2.000]
[kpt   0   6   9]    -1.7084 [2.000]    -1.2557 [2.000]    -1.2556 [2.000]    -1.2554 [2.000]    -0.5955 [2.000]
[kpt   0   6  10]    -0.5938 [2.000]    -0.5935 [2.000]    -0.5928 [2.000]    -0.5924 [2.000]    -0.5897 [2.000]
[kpt   0   6  11]     0.3085 [2.000]     0.3104 [2.000]     0.3107 [2.000]     0.3113 [2.000]     0.3117 [2.000]
[kpt   0   6  12]     0.3134 [2.000]     1.0754 [2.000]     1.0767 [2.000]     1.0779 [2.000]     6.8117 [0.000]
[kpt   0   6  13]     9.7674 [0.000]     9.7678 [0.000]     9.7682 [0.000]     9.7685 [0.000]     9.7687 [0.000]
[kpt   0   6  14]     9.7692 [0.000]    10.5644 [0.000]    10.5649 [0.000]    10.5653 [0.000]    13.0535 [0.000]
[kpt   0   6  15]    13.0541 [0.000]    13.0546 [0.000]    13.0549 [0.000]    13.0555 [0.000]



Total charge in supercell =     128.00000000
 quench: [md:   0/100  scf:   6/30  step time:   0.52  scf time:     3.47 secs  RMS[dV]: 4.31e-03 ]


average potential <V> = 1.15e-15
Davidson converged in 3 steps

FERMI ENERGY =      1.09822528 eV
@@ EIGENVALUE SUM     =      -58.416847 Ry
@@ ION_ION            =     -272.916107 Ry
@@ ELECTROSTATIC      =     -286.226120 Ry
@@ VXC                =     -178.439716 Ry
@@ EXC                =     -137.332786 Ry
@@ TOTAL ENERGY       =     -576.452144 Ry
@@ estimated error    =        5.84e-04 Ry
Charge normalization constant -1.0: -2.220446e-15
Charge density mixing: Broyden


KOHN SHAM EIGENVALUES [eV] AT K-POINT [  0]:       0.000000      0.000000      0.000000

[kpt   0   7   0]   -18.8973 [2.000]   -17.9135 [2.000]   -17.9133 [2.000]   -17.9131 [2.000]   -17.9130 [2.000]
[kpt   0   7   1]   -17.9129 [2.000]   -17.9127 [2.000]   -16.5614 [2.000]   -16.5611 [2.000]   -16.5610 [2.000]
[kpt   0   7   2]   -16.5609 [2.000]   -16.5607 [2.000]   -16.5605 [2.000]   -16.5296 [2.000]   -16.5290 [2.000]
[kpt   0   7   3]   -16.5288 [2.000]    -9.3421 [2.000]    -6.9335 [2.000]    -6.9333 [2.000]    -6.9331 [2.000]
[kpt   0   7   4]    -6.9330 [2.000]    -6.9329 [2.000]    -6.9328 [2.000]    -5.1611 [2.000]    -5.1608 [2.000]
[kpt   0   7   5]    -5.1606 [2.000]    -4.5309 [2.000]    -4.5307 [2.000]    -4.5305 [2.000]    -4.5304 [2.000]
[kpt   0   7   6]    -4.5303 [2.000]    -4.5301 [2.000]    -2.1243 [2.000]    -2.1241 [2.000]    -2.1240 [2.000]
[kpt   0   7   7]    -2.1239 [2.000]    -2.1238 [2.000]    -2.1236 [2.000]    -1.8813 [2.000]    -1.8813 [2.000]
[kpt   0   7   8]    -1.6898 [2.000]    -1.6897 [2.000]    -1.6896 [2.000]    -1.6895 [2.000]    -1.6894 [2.000]
[kpt   0   7   9]    -1.6893 [2.000]    -1.2292 [2.000]    -1.2292 [2.000]    -1.2291 [2.000]    -0.5721 [2.000]
[kpt   0   7  10]    -0.5719 [2.000]    -0.5719 [2.000]    -0.5717 [2.000]    -0.5716 [2.000]    -0.5714 [2.000]
[kpt   0   7  11]     0.3332 [2.000]     0.3335 [2.000]     0.3335 [2.000]     0.3337 [2.000]     0.3339 [2.000]
[kpt   0   7  12]     0.3340 [2.000]     1.0977 [2.000]     1.0979 [2.000]     1.0982 [2.000]     6.7885 [0.000]
[kpt   0   7  13]     9.7620 [0.000]     9.7622 [0.000]     9.7622 [0.000]     9.7624 [0.000]     9.7624 [0.000]
[kpt   0   7  14]     9.7627 [0.000]    10.5884 [0.000]    10.5892 [0.000]    10.5892 [0.000]    13.0520 [0.000]
[kpt   0   7  15]    13.0564 [0.000]    13.0566 [0.000]    13.0567 [0.000]    13.0569 [0.000]



Total charge in supercell =     128.00000000
 quench: [md:   0/100  scf:   7/30  step time:   0.51  scf time:     3.98 secs  RMS[dV]: 9.60e-04 ]


average potential <V> = -7.98e-17
Davidson incomplete convergence steps = 8

FERMI ENERGY =      1.10339311 eV
@@ EIGENVALUE SUM     =      -58.360531 Ry
@@ ION_ION            =     -272.916107 Ry
@@ ELECTROSTATIC      =     -286.286168 Ry
@@ VXC                =     -178.456101 Ry
@@ EXC                =     -137.345454 Ry
@@ TOTAL ENERGY       =     -576.452158 Ry
@@ estimated error    =        3.61e-05 Ry
Charge normalization constant -1.0: -1.332268e-15
Charge density mixing: Broyden


KOHN SHAM EIGENVALUES [eV] AT K-POINT [  0]:       0.000000      0.000000      0.000000

[kpt   0   8   0]   -18.8909 [2.000]   -17.9074 [2.000]   -17.9071 [2.000]   -17.9067 [2.000]   -17.9066 [2.000]
[kpt   0   8   1]   -17.9065 [2.000]   -17.9061 [2.000]   -16.5555 [2.000]   -16.5551 [2.000]   -16.5548 [2.000]
[kpt   0   8   2]   -16.5546 [2.000]   -16.5545 [2.000]   -16.5541 [2.000]   -16.5236 [2.000]   -16.5230 [2.000]
[kpt   0   8   3]   -16.5221 [2.000]    -9.3344 [2.000]    -6.9262 [2.000]    -6.9260 [2.000]    -6.9257 [2.000]
[kpt   0   8   4]    -6.9256 [2.000]    -6.9256 [2.000]    -6.9252 [2.000]    -5.1544 [2.000]    -5.1541 [2.000]
[kpt   0   8   5]    -5.1536 [2.000]    -4.5239 [2.000]    -4.5235 [2.000]    -4.5233 [2.000]    -4.5231 [2.000]
[kpt   0   8   6]    -4.5231 [2.000]    -4.5227 [2.000]    -2.1194 [2.000]    -2.1191 [2.000]    -2.1190 [2.000]
[kpt   0   8   7]    -2.1187 [2.000]    -2.1187 [2.000]    -2.1183 [2.000]    -1.8762 [2.000]    -1.8762 [2.000]
[kpt   0   8   8]    -1.6848 [2.000]    -1.6845 [2.000]    -1.6844 [2.000]    -1.6841 [2.000]    -1.6841 [2.000]
[kpt   0   8   9]    -1.6838 [2.000]    -1.2234 [2.000]    -1.2234 [2.000]    -1.2234 [2.000]    -0.5673 [2.000]
[kpt   0   8  10]    -0.5669 [2.000]    -0.5668 [2.000]    -0.5665 [2.000]    -0.5665 [2.000]    -0.5661 [2.000]
[kpt   0   8  11]     0.3383 [2.000]     0.3387 [2.000]     0.3388 [2.000]     0.3391 [2.000]     0.3392 [2.000]
[kpt   0   8  12]     0.3396 [2.000]     1.1026 [2.000]     1.1031 [2.000]     1.1034 [2.000]     6.7881 [0.000]
[kpt   0   8  13]     9.7602 [0.000]     9.7603 [0.000]     9.7603 [0.000]     9.7604 [0.000]     9.7605 [0.000]
[kpt   0   8  14]     9.7605 [0.000]    10.5936 [0.000]    10.5943 [0.000]    10.5943 [0.000]    12.2143 [0.000]
[kpt   0   8  15]    13.0532 [0.000]    13.0534 [0.000]    13.0537 [0.000]    13.0537 [0.000]



Total charge in supercell =     128.00000000
 quench: [md:   0/100  scf:   8/30  step time:   0.71  scf time:     4.69 secs  RMS[dV]: 3.23e-04 ]


average potential <V> = -1.13e-15
Davidson converged in 3 steps

FERMI ENERGY =      1.10285166 eV
@@ EIGENVALUE SUM     =      -58.365012 Ry
@@ ION_ION            =     -272.916107 Ry
@@ ELECTROSTATIC      =     -286.281614 Ry
@@ VXC                =     -178.455862 Ry
@@ EXC                =     -137.345289 Ry
@@ TOTAL ENERGY       =     -576.452160 Ry
@@ estimated error    =        1.89e-06 Ry
Charge normalization constant -1.0: -1.332268e-15
Charge density mixing: Broyden


KOHN SHAM EIGENVALUES [eV] AT K-POINT [  0]:       0.000000      0.000000      0.000000

[kpt   0   9   0]   -18.8914 [2.000]   -17.9075 [2.000]   -17.9074 [2.000]   -17.9073 [2.000]   -17.9072 [2.000]
[kpt   0   9   1]   -17.9071 [2.000]   -17.9070 [2.000]   -16.5556 [2.000]   -16.5554 [2.000]   -16.5554 [2.000]
[kpt   0   9   2]   -16.5553 [2.000]   -16.5552 [2.000]   -16.5550 [2.000]   -16.5238 [2.000]   -16.5234 [2.000]
[kpt   0   9   3]   -16.5232 [2.000]    -9.3351 [2.000]    -6.9267 [2.000]    -6.9266 [2.000]    -6.9265 [2.000]
[kpt   0   9   4]    -6.9265 [2.000]    -6.9264 [2.000]    -6.9262 [2.000]    -5.1549 [2.000]    -5.1547 [2.000]
[kpt   0   9   5]    -5.1545 [2.000]    -4.5244 [2.000]    -4.5242 [2.000]    -4.5242 [2.000]    -4.5241 [2.000]
[kpt   0   9   6]    -4.5240 [2.000]    -4.5239 [2.000]    -2.1193 [2.000]    -2.1192 [2.000]    -2.1191 [2.000]
[kpt   0   9   7]    -2.1190 [2.000]    -2.1190 [2.000]    -2.1188 [2.000]    -1.8765 [2.000]    -1.8765 [2.000]
[kpt   0   9   8]    -1.6847 [2.000]    -1.6845 [2.000]    -1.6845 [2.000]    -1.6844 [2.000]    -1.6844 [2.000]
[kpt   0   9   9]    -1.6842 [2.000]    -1.2239 [2.000]    -1.2239 [2.000]    -1.2239 [2.000]    -0.5672 [2.000]
[kpt   0   9  10]    -0.5671 [2.000]    -0.5670 [2.000]    -0.5669 [2.000]    -0.5669 [2.000]    -0.5667 [2.000]
[kpt   0   9  11]     0.3383 [2.000]     0.3385 [2.000]     0.3385 [2.000]     0.3386 [2.000]     0.3387 [2.000]
[kpt   0   9  12]     0.3389 [2.000]     1.1025 [2.000]     1.1026 [2.000]     1.1029 [2.000]     6.7883 [0.000]
[kpt   0   9  13]     9.7584 [0.000]     9.7587 [0.000]     9.7589 [0.000]     9.7590 [0.000]     9.7591 [0.000]
[kpt   0   9  14]     9.7594 [0.000]    10.5934 [0.000]    10.5936 [0.000]    10.5936 [0.000]    12.2047 [0.000]
[kpt   0   9  15]    13.0528 [0.000]    13.0531 [0.000]    13.0531 [0.000]    13.0532 [0.000]



Total charge in supercell =     128.00000000
 quench: [md:   0/100  scf:   9/30  step time:   0.58  scf time:     5.27 secs  RMS[dV]: 7.61e-05 ]


average potential <V> = 2.29e-16
Davidson converged in 2 steps

FERMI ENERGY =      1.10288268 eV
@@ EIGENVALUE SUM     =      -58.365331 Ry
@@ ION_ION            =     -272.916107 Ry
@@ ELECTROSTATIC      =     -286.281360 Ry
@@ VXC                =     -178.456228 Ry
@@ EXC                =     -137.345590 Ry
@@ TOTAL ENERGY       =     -576.452160 Ry
@@ estimated error    =        3.50e-07 Ry
Charge normalization constant -1.0: -1.554312e-15
Charge density mixing: Broyden


KOHN SHAM EIGENVALUES [eV] AT K-POINT [  0]:       0.000000      0.000000      0.000000

[kpt   0  10   0]   -18.8915 [2.000]   -17.9074 [2.000]   -17.9073 [2.000]   -17.9073 [2.000]   -17.9073 [2.000]
[kpt   0  10   1]   -17.9073 [2.000]   -17.9073 [2.000]   -16.5554 [2.000]   -16.5553 [2.000]   -16.5553 [2.000]
[kpt   0  10   2]   -16.5553 [2.000]   -16.5553 [2.000]   -16.5553 [2.000]   -16.5236 [2.000]   -16.5235 [2.000]
[kpt   0  10   3]   -16.5235 [2.000]    -9.3354 [2.000]    -6.9268 [2.000]    -6.9268 [2.000]    -6.9268 [2.000]
[kpt   0  10   4]    -6.9268 [2.000]    -6.9268 [2.000]    -6.9268 [2.000]    -5.1549 [2.000]    -5.1549 [2.000]
[kpt   0  10   5]    -5.1549 [2.000]    -4.5245 [2.000]    -4.5245 [2.000]    -4.5245 [2.000]    -4.5244 [2.000]
[kpt   0  10   6]    -4.5244 [2.000]    -4.5244 [2.000]    -2.1190 [2.000]    -2.1190 [2.000]    -2.1190 [2.000]
[kpt   0  10   7]    -2.1190 [2.000]    -2.1190 [2.000]    -2.1190 [2.000]    -1.8764 [2.000]    -1.8764 [2.000]
[kpt   0  10   8]    -1.6844 [2.000]    -1.6844 [2.000]    -1.6844 [2.000]    -1.6844 [2.000]    -1.6844 [2.000]
[kpt   0  10   9]    -1.6843 [2.000]    -1.2239 [2.000]    -1.2239 [2.000]    -1.2239 [2.000]    -0.5669 [2.000]
[kpt   0  10  10]    -0.5668 [2.000]    -0.5668 [2.000]    -0.5668 [2.000]    -0.5668 [2.000]    -0.5668 [2.000]
[kpt   0  10  11]     0.3387 [2.000]     0.3387 [2.000]     0.3387 [2.000]     0.3387 [2.000]     0.3387 [2.000]
[kpt   0  10  12]     0.3388 [2.000]     1.1028 [2.000]     1.1029 [2.000]     1.1029 [2.000]     6.7885 [0.000]
[kpt   0  10  13]     9.7577 [0.000]     9.7579 [0.000]     9.7580 [0.000]     9.7581 [0.000]     9.7582 [0.000]
[kpt   0  10  14]     9.7585 [0.000]    10.5928 [0.000]    10.5929 [0.000]    10.5929 [0.000]    12.2041 [0.000]
[kpt   0  10  15]    13.0529 [0.000]    13.0530 [0.000]    13.0530 [0.000]    13.0531 [0.000]



Total charge in supercell =     128.00000000
 quench: [md:   0/100  scf:  10/30  step time:   0.47  scf time:     5.75 secs  RMS[dV]: 2.21e-05 ]


average potential <V> = 1.11e-15
Davidson converged in 3 steps

FERMI ENERGY =      1.10309317 eV
@@ EIGENVALUE SUM     =      -58.363703 Ry
@@ ION_ION            =     -272.916107 Ry
@@ ELECTROSTATIC      =     -286.283116 Ry
@@ VXC                =     -178.456837 Ry
@@ EXC                =     -137.346072 Ry
@@ TOTAL ENERGY       =     -576.452160 Ry
@@ estimated error    =        2.10e-08 Ry
Charge normalization constant -1.0: 4.440892e-16
Charge density mixing: Broyden


KOHN SHAM EIGENVALUES [eV] AT K-POINT [  0]:       0.000000      0.000000      0.000000

[kpt   0  11   0]   -18.8913 [2.000]   -17.9072 [2.000]   -17.9072 [2.000]   -17.9071 [2.000]   -17.9071 [2.000]
[kpt   0  11   1]   -17.9071 [2.000]   -17.9071 [2.000]   -16.5552 [2.000]   -16.5551 [2.000]   -16.5551 [2.000]
[kpt   0  11   2]   -16.5551 [2.000]   -16.5551 [2.000]   -16.5551 [2.000]   -16.5233 [2.000]   -16.5233 [2.000]
[kpt   0  11   3]   -16.5233 [2.000]    -9.3353 [2.000]    -6.9267 [2.000]    -6.9267 [2.000]    -6.9267 [2.000]
[kpt   0  11   4]    -6.9267 [2.000]    -6.9267 [2.000]    -6.9267 [2.000]    -5.1548 [2.000]    -5.1548 [2.000]
[kpt   0  11   5]    -5.1548 [2.000]    -4.5244 [2.000]    -4.5244 [2.000]    -4.5243 [2.000]    -4.5243 [2.000]
[kpt   0  11   6]    -4.5243 [2.000]    -4.5243 [2.000]    -2.1188 [2.000]    -2.1188 [2.000]    -2.1188 [2.000]
[kpt   0  11   7]    -2.1188 [2.000]    -2.1188 [2.000]    -2.1188 [2.000]    -1.8762 [2.000]    -1.8762 [2.000]
[kpt   0  11   8]    -1.6842 [2.000]    -1.6842 [2.000]    -1.6842 [2.000]    -1.6842 [2.000]    -1.6842 [2.000]
[kpt   0  11   9]    -1.6842 [2.000]    -1.2237 [2.000]    -1.2237 [2.000]    -1.2237 [2.000]    -0.5666 [2.000]
[kpt   0  11  10]    -0.5666 [2.000]    -0.5666 [2.000]    -0.5666 [2.000]    -0.5666 [2.000]    -0.5666 [2.000]
[kpt   0  11  11]     0.3389 [2.000]     0.3389 [2.000]     0.3389 [2.000]     0.3389 [2.000]     0.3389 [2.000]
[kpt   0  11  12]     0.3389 [2.000]     1.1031 [2.000]     1.1031 [2.000]     1.1031 [2.000]     6.7885 [0.000]
[kpt   0  11  13]     9.7575 [0.000]     9.7576 [0.000]     9.7577 [0.000]     9.7578 [0.000]     9.7578 [0.000]
[kpt   0  11  14]     9.7580 [0.000]    10.5927 [0.000]    10.5927 [0.000]    10.5928 [0.000]    12.2041 [0.000]
[kpt   0  11  15]    13.0529 [0.000]    13.0531 [0.000]    13.0531 [0.000]    13.0531 [0.000]



Total charge in supercell =     128.00000000
 quench: [md:   0/100  scf:  11/30  step time:   0.61  scf time:     6.36 secs  RMS[dV]: 1.28e-05 ]


average potential <V> = -3.16e-16
Davidson converged in 2 steps

FERMI ENERGY =      1.10299125 eV
@@ EIGENVALUE SUM     =      -58.364348 Ry
@@ ION_ION            =     -272.916107 Ry
@@ ELECTROSTATIC      =     -286.282417 Ry
@@ VXC                =     -178.456592 Ry
@@ EXC                =     -137.345881 Ry
@@ TOTAL ENERGY       =     -576.452160 Ry
@@ estimated error    =        9.16e-09 Ry
Charge normalization constant -1.0: 2.220446e-16
Charge density mixing: Broyden


KOHN SHAM EIGENVALUES [eV] AT K-POINT [  0]:       0.000000      0.000000      0.000000

[kpt   0  12   0]   -18.8914 [2.000]   -17.9072 [2.000]   -17.9072 [2.000]   -17.9072 [2.000]   -17.9072 [2.000]
[kpt   0  12   1]   -17.9072 [2.000]   -17.9072 [2.000]   -16.5552 [2.000]   -16.5552 [2.000]   -16.5552 [2.000]
[kpt   0  12   2]   -16.5552 [2.000]   -16.5552 [2.000]   -16.5552 [2.000]   -16.5234 [2.000]   -16.5234 [2.000]
[kpt   0  12   3]   -16.5234 [2.000]    -9.3353 [2.000]    -6.9267 [2.000]    -6.9267 [2.000]    -6.9267 [2.000]
[kpt   0  12   4]    -6.9267 [2.000]    -6.9267 [2.000]    -6.9267 [2.000]    -5.1548 [2.000]    -5.1548 [2.000]
[kpt   0  12   5]    -5.1548 [2.000]    -4.5244 [2.000]    -4.5244 [2.000]    -4.5244 [2.000]    -4.5244 [2.000]
[kpt   0  12   6]    -4.5244 [2.000]    -4.5244 [2.000]    -2.1189 [2.000]    -2.1189 [2.000]    -2.1189 [2.000]
[kpt   0  12   7]    -2.1189 [2.000]    -2.1189 [2.000]    -2.1189 [2.000]    -1.8763 [2.000]    -1.8763 [2.000]
[kpt   0  12   8]    -1.6843 [2.000]    -1.6842 [2.000]    -1.6842 [2.000]    -1.6842 [2.000]    -1.6842 [2.000]
[kpt   0  12   9]    -1.6842 [2.000]    -1.2238 [2.000]    -1.2238 [2.000]    -1.2238 [2.000]    -0.5667 [2.000]
[kpt   0  12  10]    -0.5667 [2.000]    -0.5667 [2.000]    -0.5667 [2.000]    -0.5667 [2.000]    -0.5667 [2.000]
[kpt   0  12  11]     0.3388 [2.000]     0.3388 [2.000]     0.3388 [2.000]     0.3388 [2.000]     0.3388 [2.000]
[kpt   0  12  12]     0.3388 [2.000]     1.1030 [2.000]     1.1030 [2.000]     1.1030 [2.000]     6.7885 [0.000]
[kpt   0  12  13]     9.7573 [0.000]     9.7574 [0.000]     9.7574 [0.000]     9.7575 [0.000]     9.7575 [0.000]
[kpt   0  12  14]     9.7576 [0.000]    10.5926 [0.000]    10.5926 [0.000]    10.5926 [0.000]    12.2040 [0.000]
[kpt   0  12  15]    13.0529 [0.000]    13.0529 [0.000]    13.0529 [0.000]    13.0530 [0.000]



Total charge in supercell =     128.00000000
 quench: [md:   0/100  scf:  12/30  step time:   0.50  scf time:     6.86 secs  RMS[dV]: 3.56e-06 ]


average potential <V> = -2.40e-15
Davidson converged in 3 steps

FERMI ENERGY =      1.10298629 eV
@@ EIGENVALUE SUM     =      -58.364294 Ry
@@ ION_ION            =     -272.916107 Ry
@@ ELECTROSTATIC      =     -286.282471 Ry
@@ VXC                =     -178.456603 Ry
@@ EXC                =     -137.345892 Ry
@@ TOTAL ENERGY       =     -576.452160 Ry
@@ estimated error    =        6.29e-10 Ry
Charge normalization constant -1.0: 3.108624e-15
Charge density mixing: Broyden


KOHN SHAM EIGENVALUES [eV] AT K-POINT [  0]:       0.000000      0.000000      0.000000

[kpt   0  13   0]   -18.8914 [2.000]   -17.9072 [2.000]   -17.9072 [2.000]   -17.9072 [2.000]   -17.9072 [2.000]
[kpt   0  13   1]   -17.9072 [2.000]   -17.9072 [2.000]   -16.5552 [2.000]   -16.5552 [2.000]   -16.5552 [2.000]
[kpt   0  13   2]   -16.5552 [2.000]   -16.5552 [2.000]   -16.5552 [2.000]   -16.5234 [2.000]   -16.5234 [2.000]
[kpt   0  13   3]   -16.5234 [2.000]    -9.3353 [2.000]    -6.9267 [2.000]    -6.9267 [2.000]    -6.9267 [2.000]
[kpt   0  13   4]    -6.9267 [2.000]    -6.9267 [2.000]    -6.9267 [2.000]    -5.1548 [2.000]    -5.1548 [2.000]
[kpt   0  13   5]    -5.1548 [2.000]    -4.5244 [2.000]    -4.5244 [2.000]    -4.5244 [2.000]    -4.5244 [2.000]
[kpt   0  13   6]    -4.5244 [2.000]    -4.5244 [2.000]    -2.1189 [2.000]    -2.1189 [2.000]    -2.1189 [2.000]
[kpt   0  13   7]    -2.1189 [2.000]    -2.1189 [2.000]    -2.1189 [2.000]    -1.8763 [2.000]    -1.8763 [2.000]
[kpt   0  13   8]    -1.6842 [2.000]    -1.6842 [2.000]    -1.6842 [2.000]    -1.6842 [2.000]    -1.6842 [2.000]
[kpt   0  13   9]    -1.6842 [2.000]    -1.2238 [2.000]    -1.2238 [2.000]    -1.2238 [2.000]    -0.5667 [2.000]
[kpt   0  13  10]    -0.5667 [2.000]    -0.5667 [2.000]    -0.5667 [2.000]    -0.5667 [2.000]    -0.5667 [2.000]
[kpt   0  13  11]     0.3388 [2.000]     0.3388 [2.000]     0.3388 [2.000]     0.3388 [2.000]     0.3388 [2.000]
[kpt   0  13  12]     0.3388 [2.000]     1.1030 [2.000]     1.1030 [2.000]     1.1030 [2.000]     6.7885 [0.000]
[kpt   0  13  13]     9.7572 [0.000]     9.7572 [0.000]     9.7572 [0.000]     9.7573 [0.000]     9.7573 [0.000]
[kpt   0  13  14]     9.7573 [0.000]    10.5926 [0.000]    10.5926 [0.000]    10.5926 [0.000]    12.2039 [0.000]
[kpt   0  13  15]    13.0529 [0.000]    13.0529 [0.000]    13.0529 [0.000]    13.0529 [0.000]



Total charge in supercell =     128.00000000
 quench: [md:   0/100  scf:  13/30  step time:   0.63  scf time:     7.49 secs  RMS[dV]: 2.05e-06 ]



 Convergence criterion reached: Energy variation (9.05e-11) is lower than threshold (1.00e-10)

potential convergence has been achieved. stopping ...

[   0  14   14        9 ] Quench.cpp: 
@@ TOTAL ENEGY Components 
@@ ION_ION            =     -272.916107 Ry
@@ ELECTROSTATIC      =      286.282471 Ry
@@ EXC                =     -137.345924 Ry
@@ vdw correction     =        0.000000 Ry
@@ LdaU correction    =        0.000000 Ry
@@ total              =        0.000000 Ry
final total energy from eig sum =    -576.45215992 Ry


KOHN SHAM EIGENVALUES [eV] AT K-POINT [  0]:       0.000000      0.000000      0.000000

[kpt   0  14   0]   -18.8914 [2.000]   -17.9072 [2.000]   -17.9072 [2.000]   -17.9072 [2.000]   -17.9072 [2.000]
[kpt   0  14   1]   -17.9072 [2.000]   -17.9072 [2.000]   -16.5552 [2.000]   -16.5552 [2.000]   -16.5552 [2.000]
[kpt   0  14   2]   -16.5552 [2.000]   -16.5552 [2.000]   -16.5552 [2.000]   -16.5234 [2.000]   -16.5234 [2.000]
[kpt   0  14   3]   -16.5234 [2.000]    -9.3353 [2.000]    -6.9267 [2.000]    -6.9267 [2.000]    -6.9267 [2.000]
[kpt   0  14   4]    -6.9267 [2.000]    -6.9267 [2.000]    -6.9267 [2.000]    -5.1548 [2.000]    -5.1548 [2.000]
[kpt   0  14   5]    -5.1548 [2.000]    -4.5244 [2.000]    -4.5244 [2.000]    -4.5244 [2.000]    -4.5244 [2.000]
[kpt   0  14   6]    -4.5244 [2.000]    -4.5244 [2.000]    -2.1189 [2.000]    -2.1189 [2.000]    -2.1189 [2.000]
[kpt   0  14   7]    -2.1189 [2.000]    -2.1189 [2.000]    -2.1189 [2.000]    -1.8763 [2.000]    -1.8763 [2.000]
[kpt   0  14   8]    -1.6842 [2.000]    -1.6842 [2.000]    -1.6842 [2.000]    -1.6842 [2.000]    -1.6842 [2.000]
[kpt   0  14   9]    -1.6842 [2.000]    -1.2238 [2.000]    -1.2238 [2.000]    -1.2238 [2.000]    -0.5667 [2.000]
[kpt   0  14  10]    -0.5667 [2.000]    -0.5667 [2.000]    -0.5667 [2.000]    -0.5667 [2.000]    -0.5667 [2.000]
[kpt   0  14  11]     0.3388 [2.000]     0.3388 [2.000]     0.3388 [2.000]     0.3388 [2.000]     0.3388 [2.000]
[kpt   0  14  12]     0.3388 [2.000]     1.1030 [2.000]     1.1030 [2.000]     1.1030 [2.000]     6.7885 [0.000]
[kpt   0  14  13]     9.7572 [0.000]     9.7572 [0.000]     9.7572 [0.000]     9.7573 [0.000]     9.7573 [0.000]
[kpt   0  14  14]     9.7573 [0.000]    10.5926 [0.000]    10.5926 [0.000]    10.5926 [0.000]    12.2039 [0.000]
[kpt   0  14  15]    13.0529 [0.000]    13.0529 [0.000]    13.0529 [0.000]    13.0529 [0.000]



Total charge in supercell =     128.00000000
 volume and energy per atom =        15.03933867       -326.79294520 eV

 Vdd took 0.000372 seconds
WriteRestart: Output file given as /dev/null, no restart data written ...



  IONIC POSITIONS [a0] AND FORCES [Ry/a0]
  Charge analysis using: Voronoi Deformation Density

@ION  Ion  Species       X           Y           Z       Charge       FX          FY         FZ      Movable
@ION    1    Si      0.0000000   0.0000000   0.0000000    0.441    0.0000002   0.0000001   0.0000001  1 1 1
@ION    2    Si      3.3637125   3.3637125   3.3637125    0.441   -0.0000002  -0.0000001  -0.0000001  1 1 1
@ION    3    Si     10.0911375   3.3637125  10.0911375    0.441   -0.0000001  -0.0000000  -0.0000001  1 1 1
@ION    4    Si      3.3637125  10.0911375  10.0911375    0.441   -0.0000001   0.0000000   0.0000000  1 1 1
@ION    5    Si     10.0911375  10.0911375   3.3637125    0.441   -0.0000002   0.0000000  -0.0000000  1 1 1
@ION    6    Si      0.0000000   6.7274250   6.7274250    0.441    0.0000001  -0.0000001   0.0000000  1 1 1
@ION    7    Si      6.7274250   0.0000000   6.7274250    0.441    0.0000002  -0.0000000   0.0000000  1 1 1
@ION    8    Si      6.7274250   6.7274250   0.0000000    0.441    0.0000002   0.0000001   0.0000000  1 1 1
@ION    9     O      1.6818563   1.6818563   1.6818563   -0.212    0.0000001   0.0000001   0.0000000  1 1 1
@ION   10     O     11.7729938   1.6818563  11.7729938   -0.215    0.0000001   0.0000001  -0.0000001  1 1 1
@ION   11     O      1.6818563  11.7729938  11.7729938   -0.218    0.0000002  -0.0000001  -0.0000001  1 1 1
@ION   12     O     11.7729938  11.7729938   1.6818563   -0.220   -0.0000000  -0.0000000   0.0000001  1 1 1
@ION   13     O      1.6818563   8.4092813   8.4092813   -0.215    0.0000000  -0.0000000   0.0000000  1 1 1
@ION   14     O      8.4092813   1.6818563   8.4092813   -0.215   -0.0000000  -0.0000000  -0.0000000  1 1 1
@ION   15     O      8.4092813   8.4092813   1.6818563   -0.215   -0.0000000   0.0000000   0.0000000  1 1 1
@ION   16     O     11.7729938   8.4092813   5.0455688   -0.220    0.0000000  -0.0000001   0.0000000  1 1 1
@ION   17     O      5.0455688   1.6818563   5.0455688   -0.217   -0.0000000   0.0000000   0.0000000  1 1 1
@ION   18     O      5.0455688   8.4092813  11.7729938   -0.220    0.0000000   0.0000001  -0.0000000  1 1 1
@ION   19     O      1.6818563   5.0455688   5.0455688   -0.224   -0.0000002   0.0000001   0.0000000  1 1 1
@ION   20     O      8.4092813  11.7729938   5.0455688   -0.226    0.0000000  -0.0000000  -0.0000000  1 1 1
@ION   21     O      8.4092813   5.0455688  11.7729938   -0.224   -0.0000001   0.0000001  -0.0000000  1 1 1
@ION   22     O     11.7729938   5.0455688   8.4092813   -0.229    0.0000001   0.0000001  -0.0000001  1 1 1
@ION   23     O      5.0455688  11.7729938   8.4092813   -0.229    0.0000000  -0.0000001   0.0000001  1 1 1
@ION   24     O      5.0455688   5.0455688   1.6818563   -0.229   -0.0000000   0.0000000  -0.0000000  1 1 1

 mean FX      =   0.00000009 Ry/a0
 mean FY      =   0.00000005 Ry/a0
 mean FZ      =   0.00000004 Ry/a0

 max FX       =   0.00000023 Ry/a0   (ion 7)
 max FY       =   0.00000013 Ry/a0   (ion 21)
 max FZ       =   0.00000009 Ry/a0   (ion 2)
 max F[x,y,z] =   0.00000023 Ry/a0
 max |F|      =   0.00000026 Ry/a0   (ion 2)

 sum FX       =   0.00000020 Ry/a0
 sum FY       =   0.00000021 Ry/a0
 sum FZ       =  -0.00000014 Ry/a0
 Average      =   0.00000018 Ry/a0
 sqrt < F^2 > =   0.00000008 Ry/a0

WriteRestart: Output file given as /dev/null, no restart data written ...


--------TIMING INFORMATION FOR Processor owned the most atoms----------------
                                        Total time               Per SCF/step

1-TOTAL                                             9.74                0.70
-----------------------------------------------------------------------------
  1-TOTAL: Init                                     1.42                0.10
  1-TOTAL: run                                      8.32                0.59
  ---------------------------------------------------------------------------
    1-TOTAL: run: Force                             0.80                0.06
    1-TOTAL: run: Scf steps                         7.32                0.52

2-Force                                             0.80                0.06
-----------------------------------------------------------------------------
  2-Force: core correction                          0.00                0.00
  2-Force: corrections                              0.19                0.01
  2-Force: ion-ion                                  0.12                0.01
  2-Force: local                                    0.23                0.02
  2-Force: non-local                                0.26                0.02
  2-Force: non-local-betaxpsi                       0.04                0.00
  2-Force: non-local-get gamma                      0.00                0.00
  2-Force: non-local-nlforce_par_Q                  0.03                0.00
  2-Force: non-local-nlforce_par_gamma              0.00                0.00
  2-Force: non-local-nlforce_par_omega              0.00                0.00
  2-Force: non-local-partial gamma                  0.00                0.00
  2-Force: non-local-veff grad                      0.03                0.00

2-Init                                              1.42                0.10
-----------------------------------------------------------------------------
  2-Init: GetNewRho                                 0.05                0.00
  2-Init: KpointClass                               0.41                0.03
  2-Init: LcaoGetPsi                                0.07                0.01
  2-Init: LcaoGetRho                                0.15                0.01
  2-Init: ReinitIonicPotentials                     0.21                0.01
  2-Init: betaxpsi                                  0.02                0.00
  2-Init: exchange/correlation                      0.05                0.00
  2-Init: hartree                                   0.04                0.00
  2-Init: normalization                             0.00                0.00
  2-Init: radial potentials                         0.23                0.02
  2-Init: subdiag                                   0.07                0.00
  2-Init: weights                                   0.01                0.00

2-Scf steps                                         7.32                0.52
-----------------------------------------------------------------------------
  2-Scf steps: Davidson                             3.92                0.28
  2-Scf steps: GetNewRho                            0.63                0.04
  2-Scf steps: Hartree                              0.73                0.05
  2-Scf steps: MgridSubspace                        1.08                0.08
  2-Scf steps: MixRho                               0.05                0.00
  2-Scf steps: exchange/correlation                 0.59                0.04

3-MgridSubspace                                     1.08                0.08
-----------------------------------------------------------------------------
  3-MgridSubspace: AppNls                           0.13                0.01
  3-MgridSubspace: Beta x psi                       0.14                0.01
  3-MgridSubspace: Diagonalization                  0.23                0.02
  3-MgridSubspace: Mg_eig                           0.57                0.04

3-ReinitIonicPotentials                             0.21                0.01
-----------------------------------------------------------------------------
  3-ReinitIonicPotentials: GetNlop                  0.01                0.00
  3-ReinitIonicPotentials: GetWeight                0.12                0.01
  3-ReinitIonicPotentials: get_QI                   0.00                0.00
  3-ReinitIonicPotentials: get_qqq                  0.00                0.00
  3-ReinitIonicPotentials: init_nuc                 0.07                0.01

4-Diagonalization                                   0.30                0.02
-----------------------------------------------------------------------------
  4-Diagonalization: ELPA/PDSYGVX/PZHEGVX           0.02                0.00
  4-Diagonalization: Hpsi                           0.16                0.01
  4-Diagonalization: MPI_Bcast                      0.00                0.00
  4-Diagonalization: Update orbitals                0.07                0.01
  ---------------------------------------------------------------------------
    4-Diagonalization: Update orbitals: gather           0.00                0.00
    4-Diagonalization: Update orbitals: gemm           0.05                0.00
  4-Diagonalization: matrix                         0.05                0.00
  ---------------------------------------------------------------------------
    4-Diagonalization: matrix: Allreduce            0.00                0.00
    4-Diagonalization: matrix: Gemm                 0.04                0.00

5-Functional                                        0.63                0.04
-----------------------------------------------------------------------------
  5-Functional: apply gradient                      0.05                0.00
  5-Functional: apply laplacian                     0.02                0.00
  5-Functional: libxc                               0.23                0.02
  5-Functional: vxc                                 0.62                0.04
  5-Functional: vxc grad                            0.34                0.02
  5-Functional: vxc local                           0.07                0.01
  5-Functional: vxc nonlocal                        0.00                0.00

6-Davidson                                          3.92                0.28
-----------------------------------------------------------------------------
  6-Davidson: Betaxpsi                              0.51                0.04
  6-Davidson: apply hamiltonian                     0.90                0.06
  6-Davidson: diagonalization                       0.30                0.02
  6-Davidson: generate residuals                    0.42                0.03
  6-Davidson: matrix setup/reduce                   0.59                0.04
  6-Davidson: normalization                         0.05                0.00
  6-Davidson: precondition                          0.92                0.07
  6-Davidson: rotate orbitals                       0.18                0.01

AppNls                                              0.70                0.05
-----------------------------------------------------------------------------
  AppNls: data_rearrange                            0.01                0.00
  ---------------------------------------------------------------------------
    AppNls: data_rearrange: alloc and zeros           0.00                0.00
    AppNls: data_rearrange: dnm                     0.00                0.00
    AppNls: data_rearrange: sint                    0.00                0.00
  AppNls: nv                                        0.61                0.04
  AppNls: nv_work                                   0.00                0.00

App_gradient                                        0.05                0.00

CPUFD                                               0.00                0.00

Compute Hpsi                                        0.16                0.01
-----------------------------------------------------------------------------
  Compute Hpsi: AppNls                              0.08                0.01
  Compute Hpsi: Threaded Apply H                    0.08                0.01

GlobalSums                                          0.16                0.01

Init                                                1.01                0.07

Init Voronoi                                        0.16                0.01

Mix rho                                             0.06                0.00
-----------------------------------------------------------------------------
  Mix rho: Broyden                                  0.05                0.00
  Mix rho: Linear                                   0.00                0.00

Orbital                                             0.00                0.00
-----------------------------------------------------------------------------
  Orbital: phase and set                            0.00                0.00
  Orbital: proj cal                                 0.00                0.00
  Trade images: trade_images                        0.00                0.00
  Trade images: trade_imagesx                       0.06                0.00

VhPfft                                              0.37                0.03

Weight                                              0.01                0.00

radial beta                                         0.18                0.01


------------------------- TIMING INFORMATION FOR THREADS  -------------------

                                           Min            Max            Avg
CPUFD                                      0.17           0.17           0.17
-----------------------------------------------------------------------------

GlobalSums                                 0.10           0.10           0.10
-----------------------------------------------------------------------------

Mg_eig                                     0.57           0.57           0.57
-----------------------------------------------------------------------------
  Mg_eig: apply hamiltonian                0.25           0.25           0.25
  Mg_eig: mgrid_solv                       0.15           0.15           0.15
  Trade images: trade_images               0.68           0.68           0.68
  Trade images: trade_imagesx              0.70           0.70           0.70
