RMG initialization ... 1 image(s) total, 1 per node. 32 MPI processes/image. Thread level 2.
FFT-FD  0.000000e+00   7.854683e-01   7.853842e-01   8.413101e-05
FFT-FD  1.000000e+00   7.854683e-01   7.855562e-01   -8.783787e-05
IP=0 M = -1.719689e-04  4.892223e-01  8.413101e-05
FFT-FD  0.000000e+00   2.257194e+00   2.256704e+00   4.895209e-04
FFT-FD  1.000000e+00   2.257194e+00   2.258007e+00   -8.131432e-04
IP=1 M = -1.302664e-03  3.757844e-01  4.895209e-04
FFT-FD  0.000000e+00   2.257194e+00   2.256704e+00   4.895209e-04
FFT-FD  1.000000e+00   2.257194e+00   2.258007e+00   -8.131432e-04
IP=2 M = -1.302664e-03  3.757844e-01  4.895209e-04
FFT-FD  0.000000e+00   2.257194e+00   2.256704e+00   4.895209e-04
FFT-FD  1.000000e+00   2.257194e+00   2.258007e+00   -8.131432e-04
IP=3 M = -1.302664e-03  3.757844e-01  4.895209e-04
FFT-FD  0.000000e+00   2.678435e-01   2.678426e-01   8.211662e-07
FFT-FD  1.000000e+00   2.678435e-01   2.678496e-01   -6.098871e-06
IP=0 M = -6.920037e-06  1.186650e-01  8.211662e-07
FFT-FD  0.000000e+00   3.882435e-01   3.882434e-01   3.163152e-08
FFT-FD  1.000000e+00   3.882435e-01   3.882441e-01   -6.491760e-07
IP=1 M = -6.808076e-07  4.646177e-02  3.163152e-08
FFT-FD  0.000000e+00   3.882435e-01   3.882434e-01   3.163152e-08
FFT-FD  1.000000e+00   3.882435e-01   3.882441e-01   -6.491760e-07
IP=2 M = -6.808076e-07  4.646177e-02  3.163152e-08
FFT-FD  0.000000e+00   3.882435e-01   3.882434e-01   3.163152e-08
FFT-FD  1.000000e+00   3.882435e-01   3.882441e-01   -6.491760e-07
IP=3 M = -6.808076e-07  4.646177e-02  3.163152e-08
NEWCFAC = 0.381934  0.381934


                     * * * * * * * * * *
                     *    R   M   G    *
                     * * * * * * * * * *

     -- A Real Space Multigrid Electronic structure code --
     --      More information at www.rmgdft.org          --

Code Revision:     v5.1.0_53_g887bfc3b
Build Date:        May 15 2023  14:30:00
Start time:        Wed May 17 14:09:22 2023

NOTICE: RMG internal pseudopotentials have switched to
ONCVP from Ultrasoft. You can revert to Ultrasoft by
adding the input tag internal_pseudo_type="ultrasoft" to
your input files.


Files
   Control input file:        input4
   Data output file:          /dev/null

Run Setup
    Calculation type:         Quench electrons - Fixed ions SCF calculation
    Description:              SiO2
    Orbital Initialization:   LCAO (96 LCAO and 0 random orbitals)
    Exchange Correlation:     pbe
    Spin Polarization:        OFF
    System charge:            Neutral

Processor Topology
   Total PEs:                 32
   X direction:               4
   Y direction:               4
   Z direction:               2
   MG Threads/PE:             1
   OMP Threads/PE:            1

Grid Points  (Linear Anisotropy: 1.000)
    X:  Total: 52   Per PE: 13   Spacing:0.259 a0  
    Y:  Total: 52   Per PE: 13   Spacing:0.259 a0  
    Z:  Total: 52   Per PE: 26   Spacing:0.259 a0  

    Equivalent energy cutoffs (psi,rho):   147.417    589.670 Ry

    Charge density grid:         2 times finer

Coordinate planes
  Planar Anisotropy: 1.000
  A0-A1 density:    14.937
  A0-A2 density:    14.937
  A1-A2 density:    14.937


Lattice (Cell) Setup
    Type:                       Orthorhombic_primitive
    Volume (a0^3):               2435.77
    Boundary conditions:        Periodic

    X Basis Vector:      13.455       0.000       0.000 a0
    Y Basis Vector:       0.000      13.455       0.000 a0
    Z Basis Vector:       0.000       0.000      13.455 a0
    X Reci Vector:       0.074      -0.000       0.000 a0
    Y Reci Vector:       0.000       0.074       0.000 a0
    Z Reci Vector:       0.000      -0.000       0.074 a0

K-points
    Gamma Point Only (real orbitals)

Atoms and States
    Number of ions:                          24
    Number of species:                       2
    Number of states:                        79

Run Parameters
    SCF Convergence criterion (potential):   1.00e-10
    SCF Convergence criterion (energy):      1.00e-10
    Max SCF steps:                           30

SCF Cycle Settings
    Charge density mixing:                   Broyden
    Hartree Solver:                          PFFT
    Interpolation type:                      FFT

Finite Difference parameters
    Kohn Sham FD Order:                      8   
    Force Gradient Order:                    FFT
    Adaptive Finite Differencing:            On
    Adaptive CFAC:                           0.381933805

Subspace Diagonalization Options
    Frequency:                               every 1 SCF step(s)
    Driver:                                  ScaLapack
    Initial diagonalization:                 ON
    Folded spectrum:                         OFF

Filtering Cutoff  Parameters
    Wavefunction grid (cparm):               0.800
    Charge density grid (rhocparm):          1.000
    Filter factor:                           1.000

Multigrid (MG) Parameters
    Psi MG levels:                           3
    Psi global step:                         0.660 
    Psi pre:                                 2
    Psi post:                                2

Davidson Parameters
    Davidson multiplier:                     4
    Davidson max step:                       8
    Davidson unocc tol factor:               1000.000

Blas Libraries
    CPU support with openblas-parallel.


Atomic Species Information
(PP = Pseudopotential, US = Ultrasoft, NC = Norm Conserving)
-------------------------------------------------------------------------
|Index|Symbol| Mass|Valence| PP |  Comp  |Local| Local|Nlocal|    PP    |
|     |      |     |       |Type|Gaussian|  l  |Radius|Radius|Functional|
-------------------------------------------------------------------------
|    1|     O| 15.0|   6.00|  NC|    0.50|   -1| 10.00|  7.00|       PBE|
|    2|    Si| 28.0|   4.00|  NC|    0.50|   -1| 10.00|  7.00|       PBE|
-------------------------------------------------------------------------

Pseudopotential generation information:
   O pseudopotential file: ./@Internal
      Generation info     : Generated using ONCVPSP code by D. R. Hamann
      Author info         : anonymous
  Si pseudopotential file: ./@Internal
      Generation info     : Generated using ONCVPSP code by D. R. Hamann
      Author info         : anonymous


Memory usage (Mbytes):     Min        Max       Total
    wave functions         11.11      11.11     355.49
    beta-functions          6.75       6.75     216.01



Initial Ionic Positions And Displacements (Bohr)
Species      X           Y           Z           dX          dY          dZ
  Si       0.0000      0.0000      0.0000      0.0000      0.0000      0.0000
  Si       3.3637      3.3637      3.3637      0.0000      0.0000      0.0000
  Si      10.0911      3.3637     10.0911      0.0000      0.0000      0.0000
  Si       3.3637     10.0911     10.0911      0.0000      0.0000      0.0000
  Si      10.0911     10.0911      3.3637      0.0000      0.0000      0.0000
  Si       0.0000      6.7274      6.7274      0.0000      0.0000      0.0000
  Si       6.7274      0.0000      6.7274      0.0000      0.0000      0.0000
  Si       6.7274      6.7274      0.0000      0.0000      0.0000      0.0000
  O        1.6819      1.6819      1.6819      0.0000      0.0000      0.0000
  O       11.7730      1.6819     11.7730      0.0000      0.0000      0.0000
  O        1.6819     11.7730     11.7730      0.0000      0.0000      0.0000
  O       11.7730     11.7730      1.6819      0.0000      0.0000      0.0000
  O        1.6819      8.4093      8.4093      0.0000      0.0000      0.0000
  O        8.4093      1.6819      8.4093      0.0000      0.0000      0.0000
  O        8.4093      8.4093      1.6819      0.0000      0.0000      0.0000
  O       11.7730      8.4093      5.0456      0.0000      0.0000      0.0000
  O        5.0456      1.6819      5.0456      0.0000      0.0000      0.0000
  O        5.0456      8.4093     11.7730      0.0000      0.0000      0.0000
  O        1.6819      5.0456      5.0456      0.0000      0.0000      0.0000
  O        8.4093     11.7730      5.0456      0.0000      0.0000      0.0000
  O        8.4093      5.0456     11.7730      0.0000      0.0000      0.0000
  O       11.7730      5.0456      8.4093      0.0000      0.0000      0.0000
  O        5.0456     11.7730      8.4093      0.0000      0.0000      0.0000
  O        5.0456      5.0456      1.6819      0.0000      0.0000      0.0000


Initial Ionic Positions And Displacements (Angstrom)
Species      X           Y           Z           dX          dY          dZ
  Si       0.0000      0.0000      0.0000      0.0000      0.0000      0.0000
  Si       1.7800      1.7800      1.7800      0.0000      0.0000      0.0000
  Si       5.3400      1.7800      5.3400      0.0000      0.0000      0.0000
  Si       1.7800      5.3400      5.3400      0.0000      0.0000      0.0000
  Si       5.3400      5.3400      1.7800      0.0000      0.0000      0.0000
  Si       0.0000      3.5600      3.5600      0.0000      0.0000      0.0000
  Si       3.5600      0.0000      3.5600      0.0000      0.0000      0.0000
  Si       3.5600      3.5600      0.0000      0.0000      0.0000      0.0000
  O        0.8900      0.8900      0.8900      0.0000      0.0000      0.0000
  O        6.2300      0.8900      6.2300      0.0000      0.0000      0.0000
  O        0.8900      6.2300      6.2300      0.0000      0.0000      0.0000
  O        6.2300      6.2300      0.8900      0.0000      0.0000      0.0000
  O        0.8900      4.4500      4.4500      0.0000      0.0000      0.0000
  O        4.4500      0.8900      4.4500      0.0000      0.0000      0.0000
  O        4.4500      4.4500      0.8900      0.0000      0.0000      0.0000
  O        6.2300      4.4500      2.6700      0.0000      0.0000      0.0000
  O        2.6700      0.8900      2.6700      0.0000      0.0000      0.0000
  O        2.6700      4.4500      6.2300      0.0000      0.0000      0.0000
  O        0.8900      2.6700      2.6700      0.0000      0.0000      0.0000
  O        4.4500      6.2300      2.6700      0.0000      0.0000      0.0000
  O        4.4500      2.6700      6.2300      0.0000      0.0000      0.0000
  O        6.2300      2.6700      4.4500      0.0000      0.0000      0.0000
  O        2.6700      6.2300      4.4500      0.0000      0.0000      0.0000
  O        2.6700      2.6700      0.8900      0.0000      0.0000      0.0000

Diagonalization using scalapack for step=0  count=0



KOHN SHAM EIGENVALUES [eV] AT K-POINT [  0]:       0.000000      0.000000      0.000000

[kpt   0  -1   0]   -22.2078 [2.000]   -21.3862 [2.000]   -21.3862 [2.000]   -21.3862 [2.000]   -21.3862 [2.000]
[kpt   0  -1   1]   -21.3862 [2.000]   -21.3862 [2.000]   -20.2920 [2.000]   -20.2920 [2.000]   -20.2920 [2.000]
[kpt   0  -1   2]   -20.2721 [2.000]   -20.2721 [2.000]   -20.2721 [2.000]   -20.2721 [2.000]   -20.2721 [2.000]
[kpt   0  -1   3]   -20.2721 [2.000]   -11.9732 [2.000]    -9.8959 [2.000]    -9.8959 [2.000]    -9.8959 [2.000]
[kpt   0  -1   4]    -9.8959 [2.000]    -9.8959 [2.000]    -9.8959 [2.000]    -8.2240 [2.000]    -8.2240 [2.000]
[kpt   0  -1   5]    -8.2240 [2.000]    -7.9093 [2.000]    -7.9093 [2.000]    -7.9093 [2.000]    -7.9093 [2.000]
[kpt   0  -1   6]    -7.9093 [2.000]    -7.9093 [2.000]    -5.0340 [2.000]    -5.0340 [2.000]    -5.0340 [2.000]
[kpt   0  -1   7]    -5.0340 [2.000]    -5.0340 [2.000]    -5.0340 [2.000]    -4.9391 [2.000]    -4.9391 [2.000]
[kpt   0  -1   8]    -4.7488 [2.000]    -4.7488 [2.000]    -4.7488 [2.000]    -4.7488 [2.000]    -4.7488 [2.000]
[kpt   0  -1   9]    -4.7488 [2.000]    -4.5180 [2.000]    -4.5180 [2.000]    -4.5180 [2.000]    -3.9880 [2.000]
[kpt   0  -1  10]    -3.9880 [2.000]    -3.9880 [2.000]    -3.9880 [2.000]    -3.9880 [2.000]    -3.9880 [2.000]
[kpt   0  -1  11]    -3.4073 [2.000]    -3.4073 [2.000]    -3.4073 [2.000]    -3.4073 [2.000]    -3.4073 [2.000]
[kpt   0  -1  12]    -3.4073 [2.000]    -2.9348 [2.000]    -2.9348 [2.000]    -2.9348 [2.000]     7.6039 [0.000]
[kpt   0  -1  13]    10.2747 [0.000]    10.2747 [0.000]    10.2747 [0.000]    10.2747 [0.000]    10.2747 [0.000]
[kpt   0  -1  14]    10.2747 [0.000]    12.4073 [0.000]    12.4073 [0.000]    12.4073 [0.000]    13.3734 [0.000]
[kpt   0  -1  15]    13.3734 [0.000]    13.3734 [0.000]    13.3734 [0.000]    13.3734 [0.000]    13.3734 [0.000]
[kpt   0  -1  16]    15.0434 [0.000]    15.0434 [0.000]    15.0434 [0.000]    15.0434 [0.000]    15.0434 [0.000]
[kpt   0  -1  17]    15.0434 [0.000]    15.3636 [0.000]    15.3636 [0.000]    15.3636 [0.000]    15.3636 [0.000]
[kpt   0  -1  18]    15.3636 [0.000]    15.3636 [0.000]    16.6478 [0.000]    16.6478 [0.000]    16.6478 [0.000]
[kpt   0  -1  19]    17.2096 [0.000]


Charge normalization constant -1.0: 1.332268e-15
Charge density mixing: Linear with a constant of 0.50 

Diagonalization using scalapack for step=0  count=1


FERMI ENERGY =     -0.16819767 eV
@@ EIGENVALUE SUM     =      -66.552827 Ry
@@ ION_ION            =     -272.916107 Ry
@@ ELECTROSTATIC      =     -284.881332 Ry
@@ VXC                =     -179.066856 Ry
@@ EXC                =     -137.840066 Ry
@@ TOTAL ENERGY       =     -583.123476 Ry
@@ estimated error    =   ****************
Charge normalization constant -1.0: 0.000000e+00
Charge density mixing: Linear with a constant of 0.50 
WriteRestart: Output file given as /dev/null, no restart data written ...


KOHN SHAM EIGENVALUES [eV] AT K-POINT [  0]:       0.000000      0.000000      0.000000

[kpt   0   0   0]   -19.7542 [2.000]   -18.7946 [2.000]   -18.7907 [2.000]   -18.7870 [2.000]   -18.7811 [2.000]
[kpt   0   0   1]   -18.7802 [2.000]   -18.7727 [2.000]   -17.4963 [2.000]   -17.4878 [2.000]   -17.4860 [2.000]
[kpt   0   0   2]   -17.4811 [2.000]   -17.4795 [2.000]   -17.4773 [2.000]   -17.4747 [2.000]   -17.4727 [2.000]
[kpt   0   0   3]   -17.4710 [2.000]    -9.6819 [2.000]    -7.4582 [2.000]    -7.4571 [2.000]    -7.4551 [2.000]
[kpt   0   0   4]    -7.4507 [2.000]    -7.4455 [2.000]    -7.4422 [2.000]    -5.8809 [2.000]    -5.8767 [2.000]
[kpt   0   0   5]    -5.8761 [2.000]    -5.1992 [2.000]    -5.1983 [2.000]    -5.1972 [2.000]    -5.1959 [2.000]
[kpt   0   0   6]    -5.1949 [2.000]    -5.1934 [2.000]    -2.9679 [2.000]    -2.9657 [2.000]    -2.9649 [2.000]
[kpt   0   0   7]    -2.9636 [2.000]    -2.9601 [2.000]    -2.9584 [2.000]    -2.7648 [2.000]    -2.7610 [2.000]
[kpt   0   0   8]    -2.6375 [2.000]    -2.6357 [2.000]    -2.6342 [2.000]    -2.6326 [2.000]    -2.6322 [2.000]
[kpt   0   0   9]    -2.6056 [2.000]    -2.0516 [2.000]    -2.0503 [2.000]    -2.0499 [2.000]    -1.5718 [2.000]
[kpt   0   0  10]    -1.5690 [2.000]    -1.5667 [2.000]    -1.5646 [2.000]    -1.5613 [2.000]    -1.5574 [2.000]
[kpt   0   0  11]    -0.7732 [2.000]    -0.7705 [2.000]    -0.7701 [2.000]    -0.7700 [2.000]    -0.7676 [2.000]
[kpt   0   0  12]    -0.7653 [2.000]    -0.1744 [2.000]    -0.1724 [2.000]    -0.1682 [2.000]     8.3871 [0.000]
[kpt   0   0  13]    10.9249 [0.000]    10.9271 [0.000]    10.9317 [0.000]    10.9390 [0.000]    10.9404 [0.000]
[kpt   0   0  14]    10.9433 [0.000]    12.1356 [0.000]    12.1415 [0.000]    12.1416 [0.000]    13.9243 [0.000]
[kpt   0   0  15]    13.9274 [0.000]    13.9309 [0.000]    13.9318 [0.000]    13.9320 [0.000]



Total charge in supercell =     128.00000000
 quench: [md:   0/100  scf:   0/30  step time:   0.27  scf time:     0.35 secs  RMS[dV]: 5.24e-02 ]


average potential <V> = 4.75e-16

Diagonalization using scalapack for step=1  count=2


FERMI ENERGY =      1.33082269 eV
@@ EIGENVALUE SUM     =      -55.501937 Ry
@@ ION_ION            =     -272.916107 Ry
@@ ELECTROSTATIC      =     -297.287186 Ry
@@ VXC                =     -182.343074 Ry
@@ EXC                =     -140.385853 Ry
@@ TOTAL ENERGY       =     -583.748009 Ry
@@ estimated error    =        6.73e-01 Ry
Charge normalization constant -1.0: -8.881784e-16
Charge density mixing: Linear with a constant of 0.50 


KOHN SHAM EIGENVALUES [eV] AT K-POINT [  0]:       0.000000      0.000000      0.000000

[kpt   0   1   0]   -18.5618 [2.000]   -17.5269 [2.000]   -17.5232 [2.000]   -17.5220 [2.000]   -17.5210 [2.000]
[kpt   0   1   1]   -17.5182 [2.000]   -17.5110 [2.000]   -16.0488 [2.000]   -16.0446 [2.000]   -16.0423 [2.000]
[kpt   0   1   2]   -16.0379 [2.000]   -16.0357 [2.000]   -16.0336 [2.000]   -16.0215 [2.000]   -16.0203 [2.000]
[kpt   0   1   3]   -16.0127 [2.000]    -9.3259 [2.000]    -6.8127 [2.000]    -6.8081 [2.000]    -6.8061 [2.000]
[kpt   0   1   4]    -6.8034 [2.000]    -6.7993 [2.000]    -6.7953 [2.000]    -5.0085 [2.000]    -5.0055 [2.000]
[kpt   0   1   5]    -5.0018 [2.000]    -4.3579 [2.000]    -4.3533 [2.000]    -4.3489 [2.000]    -4.3445 [2.000]
[kpt   0   1   6]    -4.3436 [2.000]    -4.3383 [2.000]    -1.7648 [2.000]    -1.7633 [2.000]    -1.7602 [2.000]
[kpt   0   1   7]    -1.7567 [2.000]    -1.7510 [2.000]    -1.7446 [2.000]    -1.4937 [2.000]    -1.4912 [2.000]
[kpt   0   1   8]    -1.4223 [2.000]    -1.4150 [2.000]    -1.4125 [2.000]    -1.4094 [2.000]    -1.4042 [2.000]
[kpt   0   1   9]    -1.3930 [2.000]    -0.8735 [2.000]    -0.8666 [2.000]    -0.8663 [2.000]    -0.2494 [2.000]
[kpt   0   1  10]    -0.2450 [2.000]    -0.2399 [2.000]    -0.2388 [2.000]    -0.2363 [2.000]    -0.2264 [2.000]
[kpt   0   1  11]     0.6089 [2.000]     0.6115 [2.000]     0.6160 [2.000]     0.6165 [2.000]     0.6204 [2.000]
[kpt   0   1  12]     0.6244 [2.000]     1.3285 [2.000]     1.3303 [2.000]     1.3308 [2.000]     8.8424 [0.000]
[kpt   0   1  13]    11.3169 [0.000]    11.3222 [0.000]    11.3274 [0.000]    11.3308 [0.000]    11.3328 [0.000]
[kpt   0   1  14]    11.3330 [0.000]    11.7977 [0.000]    11.8030 [0.000]    11.8066 [0.000]    14.1722 [0.000]
[kpt   0   1  15]    14.1736 [0.000]    14.1761 [0.000]    14.1763 [0.000]    47.6934 [0.000]



Total charge in supercell =     128.00000000
 quench: [md:   0/100  scf:   1/30  step time:   0.23  scf time:     0.59 secs  RMS[dV]: 3.05e-02 ]


average potential <V> = -2.59e-17

Diagonalization using scalapack for step=2  count=3


FERMI ENERGY =      1.74736111 eV
@@ EIGENVALUE SUM     =      -53.241074 Ry
@@ ION_ION            =     -272.916107 Ry
@@ ELECTROSTATIC      =     -296.832845 Ry
@@ VXC                =     -181.943290 Ry
@@ EXC                =     -140.072158 Ry
@@ TOTAL ENERGY       =     -581.118894 Ry
@@ estimated error    =        1.80e-01 Ry
Charge normalization constant -1.0: -6.661338e-16
Charge density mixing: Linear with a constant of 0.50 


KOHN SHAM EIGENVALUES [eV] AT K-POINT [  0]:       0.000000      0.000000      0.000000

[kpt   0   2   0]   -18.3621 [2.000]   -17.3339 [2.000]   -17.3212 [2.000]   -17.3154 [2.000]   -17.3114 [2.000]
[kpt   0   2   1]   -17.3085 [2.000]   -17.2957 [2.000]   -15.8367 [2.000]   -15.8312 [2.000]   -15.8278 [2.000]
[kpt   0   2   2]   -15.8234 [2.000]   -15.8200 [2.000]   -15.8090 [2.000]   -15.7879 [2.000]   -15.7830 [2.000]
[kpt   0   2   3]   -15.7706 [2.000]    -9.1880 [2.000]    -6.6463 [2.000]    -6.6413 [2.000]    -6.6385 [2.000]
[kpt   0   2   4]    -6.6353 [2.000]    -6.6332 [2.000]    -6.6280 [2.000]    -4.8222 [2.000]    -4.8192 [2.000]
[kpt   0   2   5]    -4.8151 [2.000]    -4.1753 [2.000]    -4.1722 [2.000]    -4.1696 [2.000]    -4.1657 [2.000]
[kpt   0   2   6]    -4.1604 [2.000]    -4.1566 [2.000]    -1.5502 [2.000]    -1.5463 [2.000]    -1.5412 [2.000]
[kpt   0   2   7]    -1.5311 [2.000]    -1.5304 [2.000]    -1.5281 [2.000]    -1.2660 [2.000]    -1.2641 [2.000]
[kpt   0   2   8]    -1.1579 [2.000]    -1.1455 [2.000]    -1.1451 [2.000]    -1.1424 [2.000]    -1.1413 [2.000]
[kpt   0   2   9]    -1.1365 [2.000]    -0.6388 [2.000]    -0.6334 [2.000]    -0.6321 [2.000]     0.0407 [2.000]
[kpt   0   2  10]     0.0474 [2.000]     0.0520 [2.000]     0.0598 [2.000]     0.0614 [2.000]     0.0734 [2.000]
[kpt   0   2  11]     0.9536 [2.000]     0.9545 [2.000]     0.9603 [2.000]     0.9650 [2.000]     0.9711 [2.000]
[kpt   0   2  12]     0.9747 [2.000]     1.7401 [2.000]     1.7430 [2.000]     1.7474 [2.000]     8.6852 [0.000]
[kpt   0   2  13]    11.2530 [0.000]    11.2588 [0.000]    11.2625 [0.000]    11.2658 [0.000]    11.2662 [0.000]
[kpt   0   2  14]    11.2670 [0.000]    11.4816 [0.000]    11.4855 [0.000]    11.4921 [0.000]    14.0928 [0.000]
[kpt   0   2  15]    14.0951 [0.000]    14.0962 [0.000]    14.0970 [0.000]    46.9518 [0.000]



Total charge in supercell =     128.00000000
 quench: [md:   0/100  scf:   2/30  step time:   0.23  scf time:     0.82 secs  RMS[dV]: 1.46e-02 ]


average potential <V> = -2.26e-16

Diagonalization using scalapack for step=3  count=4


FERMI ENERGY =      1.64185372 eV
@@ EIGENVALUE SUM     =      -54.474563 Ry
@@ ION_ION            =     -272.916107 Ry
@@ ELECTROSTATIC      =     -292.860158 Ry
@@ VXC                =     -180.611049 Ry
@@ EXC                =     -139.033511 Ry
@@ TOTAL ENERGY       =     -578.673289 Ry
@@ estimated error    =        2.92e-01 Ry
Charge normalization constant -1.0: 8.881784e-16
Charge density mixing: Linear with a constant of 0.50 


KOHN SHAM EIGENVALUES [eV] AT K-POINT [  0]:       0.000000      0.000000      0.000000

[kpt   0   3   0]   -18.5035 [2.000]   -17.4958 [2.000]   -17.4816 [2.000]   -17.4770 [2.000]   -17.4728 [2.000]
[kpt   0   3   1]   -17.4670 [2.000]   -17.4497 [2.000]   -16.0405 [2.000]   -16.0338 [2.000]   -16.0258 [2.000]
[kpt   0   3   2]   -16.0203 [2.000]   -16.0172 [2.000]   -15.9996 [2.000]   -15.9936 [2.000]   -15.9761 [2.000]
[kpt   0   3   3]   -15.9610 [2.000]    -9.2250 [2.000]    -6.7219 [2.000]    -6.7172 [2.000]    -6.7134 [2.000]
[kpt   0   3   4]    -6.7099 [2.000]    -6.7061 [2.000]    -6.6978 [2.000]    -4.9058 [2.000]    -4.8987 [2.000]
[kpt   0   3   5]    -4.8918 [2.000]    -4.2682 [2.000]    -4.2601 [2.000]    -4.2587 [2.000]    -4.2538 [2.000]
[kpt   0   3   6]    -4.2531 [2.000]    -4.2422 [2.000]    -1.6948 [2.000]    -1.6863 [2.000]    -1.6851 [2.000]
[kpt   0   3   7]    -1.6827 [2.000]    -1.6805 [2.000]    -1.6702 [2.000]    -1.4215 [2.000]    -1.4204 [2.000]
[kpt   0   3   8]    -1.2706 [2.000]    -1.2667 [2.000]    -1.2607 [2.000]    -1.2570 [2.000]    -1.2557 [2.000]
[kpt   0   3   9]    -1.2537 [2.000]    -0.7840 [2.000]    -0.7804 [2.000]    -0.7792 [2.000]    -0.0976 [2.000]
[kpt   0   3  10]    -0.0899 [2.000]    -0.0865 [2.000]    -0.0853 [2.000]    -0.0784 [2.000]    -0.0761 [2.000]
[kpt   0   3  11]     0.8237 [2.000]     0.8319 [2.000]     0.8326 [2.000]     0.8378 [2.000]     0.8408 [2.000]
[kpt   0   3  12]     0.8505 [2.000]     1.6286 [2.000]     1.6327 [2.000]     1.6419 [2.000]     8.4064 [0.000]
[kpt   0   3  13]    11.0568 [0.000]    11.0629 [0.000]    11.0649 [0.000]    11.0670 [0.000]    11.0677 [0.000]
[kpt   0   3  14]    11.0693 [0.000]    11.2707 [0.000]    11.2731 [0.000]    11.2807 [0.000]    13.8853 [0.000]
[kpt   0   3  15]    13.8882 [0.000]    13.8885 [0.000]    13.8896 [0.000]    46.1879 [0.000]



Total charge in supercell =     128.00000000
 quench: [md:   0/100  scf:   3/30  step time:   0.23  scf time:     1.05 secs  RMS[dV]: 1.42e-02 ]


average potential <V> = -1.78e-16
Davidson converged in 3 steps

FERMI ENERGY =      1.58986307 eV
@@ EIGENVALUE SUM     =      -55.637547 Ry
@@ ION_ION            =     -272.916107 Ry
@@ ELECTROSTATIC      =     -289.313843 Ry
@@ VXC                =     -179.469143 Ry
@@ EXC                =     -138.143350 Ry
@@ TOTAL ENERGY       =     -576.541705 Ry
@@ estimated error    =        1.86e-01 Ry
Charge normalization constant -1.0: 4.440892e-16
Charge density mixing: Broyden


KOHN SHAM EIGENVALUES [eV] AT K-POINT [  0]:       0.000000      0.000000      0.000000

[kpt   0   4   0]   -18.6391 [2.000]   -17.6559 [2.000]   -17.6364 [2.000]   -17.6288 [2.000]   -17.6251 [2.000]
[kpt   0   4   1]   -17.6178 [2.000]   -17.5883 [2.000]   -16.2399 [2.000]   -16.2271 [2.000]   -16.2087 [2.000]
[kpt   0   4   2]   -16.2061 [2.000]   -16.2032 [2.000]   -16.1900 [2.000]   -16.1717 [2.000]   -16.1593 [2.000]
[kpt   0   4   3]   -16.1322 [2.000]    -9.3207 [2.000]    -6.8496 [2.000]    -6.8357 [2.000]    -6.8310 [2.000]
[kpt   0   4   4]    -6.8270 [2.000]    -6.8206 [2.000]    -6.7997 [2.000]    -5.0195 [2.000]    -5.0030 [2.000]
[kpt   0   4   5]    -4.9864 [2.000]    -4.3926 [2.000]    -4.3760 [2.000]    -4.3646 [2.000]    -4.3640 [2.000]
[kpt   0   4   6]    -4.3566 [2.000]    -4.3309 [2.000]    -1.8467 [2.000]    -1.8271 [2.000]    -1.8215 [2.000]
[kpt   0   4   7]    -1.8209 [2.000]    -1.8159 [2.000]    -1.7965 [2.000]    -1.5508 [2.000]    -1.5475 [2.000]
[kpt   0   4   8]    -1.4028 [2.000]    -1.3844 [2.000]    -1.3800 [2.000]    -1.3778 [2.000]    -1.3733 [2.000]
[kpt   0   4   9]    -1.3486 [2.000]    -0.8992 [2.000]    -0.8986 [2.000]    -0.8972 [2.000]    -0.2186 [2.000]
[kpt   0   4  10]    -0.1961 [2.000]    -0.1903 [2.000]    -0.1880 [2.000]    -0.1820 [2.000]    -0.1536 [2.000]
[kpt   0   4  11]     0.7190 [2.000]     0.7454 [2.000]     0.7518 [2.000]     0.7524 [2.000]     0.7580 [2.000]
[kpt   0   4  12]     0.7837 [2.000]     1.5565 [2.000]     1.5749 [2.000]     1.5899 [2.000]     7.3174 [0.000]
[kpt   0   4  13]    10.0587 [0.000]    10.0630 [0.000]    10.0652 [0.000]    10.0666 [0.000]    10.0697 [0.000]
[kpt   0   4  14]    10.0726 [0.000]    10.5816 [0.000]    10.5858 [0.000]    10.5865 [0.000]    13.3164 [0.000]
[kpt   0   4  15]    13.3244 [0.000]    13.3264 [0.000]    13.3267 [0.000]    13.3347 [0.000]



Total charge in supercell =     128.00000000
 quench: [md:   0/100  scf:   4/30  step time:   0.30  scf time:     1.35 secs  RMS[dV]: 1.08e-02 ]


average potential <V> = -4.82e-16
Davidson converged in 2 steps

FERMI ENERGY =      0.90920512 eV
@@ EIGENVALUE SUM     =      -60.244441 Ry
@@ ION_ION            =     -272.916107 Ry
@@ ELECTROSTATIC      =     -284.288448 Ry
@@ VXC                =     -177.947609 Ry
@@ EXC                =     -136.957755 Ry
@@ TOTAL ENERGY       =     -576.459141 Ry
@@ estimated error    =        2.55e-01 Ry
Charge normalization constant -1.0: -1.332268e-15
Charge density mixing: Broyden


KOHN SHAM EIGENVALUES [eV] AT K-POINT [  0]:       0.000000      0.000000      0.000000

[kpt   0   5   0]   -19.0952 [2.000]   -18.1353 [2.000]   -18.1209 [2.000]   -18.1169 [2.000]   -18.1149 [2.000]
[kpt   0   5   1]   -18.1116 [2.000]   -18.1006 [2.000]   -16.7940 [2.000]   -16.7796 [2.000]   -16.7760 [2.000]
[kpt   0   5   2]   -16.7731 [2.000]   -16.7718 [2.000]   -16.7569 [2.000]   -16.7523 [2.000]   -16.7410 [2.000]
[kpt   0   5   3]   -16.7263 [2.000]    -9.5403 [2.000]    -7.1584 [2.000]    -7.1471 [2.000]    -7.1437 [2.000]
[kpt   0   5   4]    -7.1418 [2.000]    -7.1393 [2.000]    -7.1307 [2.000]    -5.3715 [2.000]    -5.3631 [2.000]
[kpt   0   5   5]    -5.3545 [2.000]    -4.7712 [2.000]    -4.7581 [2.000]    -4.7546 [2.000]    -4.7533 [2.000]
[kpt   0   5   6]    -4.7475 [2.000]    -4.7393 [2.000]    -2.2995 [2.000]    -2.2878 [2.000]    -2.2849 [2.000]
[kpt   0   5   7]    -2.2848 [2.000]    -2.2825 [2.000]    -2.2729 [2.000]    -2.0491 [2.000]    -2.0477 [2.000]
[kpt   0   5   8]    -1.8667 [2.000]    -1.8574 [2.000]    -1.8551 [2.000]    -1.8546 [2.000]    -1.8524 [2.000]
[kpt   0   5   9]    -1.8427 [2.000]    -1.4232 [2.000]    -1.4231 [2.000]    -1.4227 [2.000]    -0.7640 [2.000]
[kpt   0   5  10]    -0.7525 [2.000]    -0.7499 [2.000]    -0.7497 [2.000]    -0.7468 [2.000]    -0.7355 [2.000]
[kpt   0   5  11]     0.1246 [2.000]     0.1387 [2.000]     0.1421 [2.000]     0.1423 [2.000]     0.1451 [2.000]
[kpt   0   5  12]     0.1570 [2.000]     0.8922 [2.000]     0.9014 [2.000]     0.9092 [2.000]     6.8712 [0.000]
[kpt   0   5  13]     9.7618 [0.000]     9.7641 [0.000]     9.7650 [0.000]     9.7654 [0.000]     9.7656 [0.000]
[kpt   0   5  14]     9.7683 [0.000]    10.5229 [0.000]    10.5244 [0.000]    10.5389 [0.000]    13.0229 [0.000]
[kpt   0   5  15]    13.0240 [0.000]    13.0249 [0.000]    13.0252 [0.000]    13.0295 [0.000]



Total charge in supercell =     128.00000000
 quench: [md:   0/100  scf:   5/30  step time:   0.27  scf time:     1.63 secs  RMS[dV]: 1.20e-02 ]


average potential <V> = -5.08e-16
Davidson converged in 2 steps

FERMI ENERGY =      1.07632857 eV
@@ EIGENVALUE SUM     =      -58.700167 Ry
@@ ION_ION            =     -272.916107 Ry
@@ ELECTROSTATIC      =     -285.922640 Ry
@@ VXC                =     -178.364323 Ry
@@ EXC                =     -137.280888 Ry
@@ TOTAL ENERGY       =     -576.455479 Ry
@@ estimated error    =        1.55e-02 Ry
Charge normalization constant -1.0: 0.000000e+00
Charge density mixing: Broyden


KOHN SHAM EIGENVALUES [eV] AT K-POINT [  0]:       0.000000      0.000000      0.000000

[kpt   0   6   0]   -18.9300 [2.000]   -17.9490 [2.000]   -17.9468 [2.000]   -17.9462 [2.000]   -17.9458 [2.000]
[kpt   0   6   1]   -17.9450 [2.000]   -17.9423 [2.000]   -16.5963 [2.000]   -16.5944 [2.000]   -16.5930 [2.000]
[kpt   0   6   2]   -16.5929 [2.000]   -16.5921 [2.000]   -16.5892 [2.000]   -16.5642 [2.000]   -16.5612 [2.000]
[kpt   0   6   3]   -16.5581 [2.000]    -9.3847 [2.000]    -6.9771 [2.000]    -6.9755 [2.000]    -6.9749 [2.000]
[kpt   0   6   4]    -6.9748 [2.000]    -6.9742 [2.000]    -6.9721 [2.000]    -5.1998 [2.000]    -5.1984 [2.000]
[kpt   0   6   5]    -5.1968 [2.000]    -4.5751 [2.000]    -4.5735 [2.000]    -4.5723 [2.000]    -4.5722 [2.000]
[kpt   0   6   6]    -4.5716 [2.000]    -4.5691 [2.000]    -2.1489 [2.000]    -2.1469 [2.000]    -2.1463 [2.000]
[kpt   0   6   7]    -2.1462 [2.000]    -2.1459 [2.000]    -2.1443 [2.000]    -1.9038 [2.000]    -1.9033 [2.000]
[kpt   0   6   8]    -1.7150 [2.000]    -1.7133 [2.000]    -1.7129 [2.000]    -1.7126 [2.000]    -1.7120 [2.000]
[kpt   0   6   9]    -1.7095 [2.000]    -1.2579 [2.000]    -1.2578 [2.000]    -1.2574 [2.000]    -0.5973 [2.000]
[kpt   0   6  10]    -0.5953 [2.000]    -0.5947 [2.000]    -0.5946 [2.000]    -0.5937 [2.000]    -0.5909 [2.000]
[kpt   0   6  11]     0.3063 [2.000]     0.3087 [2.000]     0.3095 [2.000]     0.3095 [2.000]     0.3099 [2.000]
[kpt   0   6  12]     0.3119 [2.000]     1.0735 [2.000]     1.0753 [2.000]     1.0763 [2.000]     6.8236 [0.000]
[kpt   0   6  13]     9.7730 [0.000]     9.7733 [0.000]     9.7742 [0.000]     9.7745 [0.000]     9.7747 [0.000]
[kpt   0   6  14]     9.7754 [0.000]    10.5754 [0.000]    10.5758 [0.000]    10.5879 [0.000]    13.0665 [0.000]
[kpt   0   6  15]    13.0675 [0.000]    13.0678 [0.000]    13.0683 [0.000]    13.0713 [0.000]



Total charge in supercell =     128.00000000
 quench: [md:   0/100  scf:   6/30  step time:   0.26  scf time:     1.89 secs  RMS[dV]: 5.05e-03 ]


average potential <V> = -1.24e-15
Davidson converged in 3 steps

FERMI ENERGY =      1.10136568 eV
@@ EIGENVALUE SUM     =      -58.398897 Ry
@@ ION_ION            =     -272.916107 Ry
@@ ELECTROSTATIC      =     -286.240694 Ry
@@ VXC                =     -178.437051 Ry
@@ EXC                =     -137.336805 Ry
@@ TOTAL ENERGY       =     -576.455451 Ry
@@ estimated error    =        6.25e-04 Ry
Charge normalization constant -1.0: -2.220446e-16
Charge density mixing: Broyden


KOHN SHAM EIGENVALUES [eV] AT K-POINT [  0]:       0.000000      0.000000      0.000000

[kpt   0   7   0]   -18.8960 [2.000]   -17.9120 [2.000]   -17.9117 [2.000]   -17.9116 [2.000]   -17.9115 [2.000]
[kpt   0   7   1]   -17.9115 [2.000]   -17.9112 [2.000]   -16.5595 [2.000]   -16.5592 [2.000]   -16.5591 [2.000]
[kpt   0   7   2]   -16.5590 [2.000]   -16.5590 [2.000]   -16.5586 [2.000]   -16.5276 [2.000]   -16.5273 [2.000]
[kpt   0   7   3]   -16.5268 [2.000]    -9.3418 [2.000]    -6.9325 [2.000]    -6.9325 [2.000]    -6.9324 [2.000]
[kpt   0   7   4]    -6.9323 [2.000]    -6.9322 [2.000]    -6.9322 [2.000]    -5.1599 [2.000]    -5.1597 [2.000]
[kpt   0   7   5]    -5.1595 [2.000]    -4.5296 [2.000]    -4.5294 [2.000]    -4.5293 [2.000]    -4.5293 [2.000]
[kpt   0   7   6]    -4.5292 [2.000]    -4.5290 [2.000]    -2.1222 [2.000]    -2.1219 [2.000]    -2.1218 [2.000]
[kpt   0   7   7]    -2.1218 [2.000]    -2.1218 [2.000]    -2.1216 [2.000]    -1.8790 [2.000]    -1.8789 [2.000]
[kpt   0   7   8]    -1.6877 [2.000]    -1.6875 [2.000]    -1.6875 [2.000]    -1.6874 [2.000]    -1.6874 [2.000]
[kpt   0   7   9]    -1.6869 [2.000]    -1.2269 [2.000]    -1.2269 [2.000]    -1.2268 [2.000]    -0.5695 [2.000]
[kpt   0   7  10]    -0.5692 [2.000]    -0.5692 [2.000]    -0.5691 [2.000]    -0.5691 [2.000]    -0.5686 [2.000]
[kpt   0   7  11]     0.3360 [2.000]     0.3364 [2.000]     0.3365 [2.000]     0.3365 [2.000]     0.3366 [2.000]
[kpt   0   7  12]     0.3368 [2.000]     1.1009 [2.000]     1.1012 [2.000]     1.1014 [2.000]     6.7901 [0.000]
[kpt   0   7  13]     9.7623 [0.000]     9.7627 [0.000]     9.7668 [0.000]     9.7670 [0.000]     9.7672 [0.000]
[kpt   0   7  14]     9.7685 [0.000]    10.5853 [0.000]    10.5853 [0.000]    10.5861 [0.000]    13.0526 [0.000]
[kpt   0   7  15]    13.0528 [0.000]    13.0528 [0.000]    13.0530 [0.000]    13.0530 [0.000]



Total charge in supercell =     128.00000000
 quench: [md:   0/100  scf:   7/30  step time:   0.32  scf time:     2.21 secs  RMS[dV]: 1.00e-03 ]


average potential <V> = 9.67e-16
Davidson converged in 3 steps

FERMI ENERGY =      1.10120698 eV
@@ EIGENVALUE SUM     =      -58.376335 Ry
@@ ION_ION            =     -272.916107 Ry
@@ ELECTROSTATIC      =     -286.264404 Ry
@@ VXC                =     -178.441468 Ry
@@ EXC                =     -137.340081 Ry
@@ TOTAL ENERGY       =     -576.455459 Ry
@@ estimated error    =        5.84e-05 Ry
Charge normalization constant -1.0: -6.661338e-16
Charge density mixing: Broyden


KOHN SHAM EIGENVALUES [eV] AT K-POINT [  0]:       0.000000      0.000000      0.000000

[kpt   0   8   0]   -18.8929 [2.000]   -17.9091 [2.000]   -17.9089 [2.000]   -17.9088 [2.000]   -17.9088 [2.000]
[kpt   0   8   1]   -17.9086 [2.000]   -17.9086 [2.000]   -16.5573 [2.000]   -16.5572 [2.000]   -16.5571 [2.000]
[kpt   0   8   2]   -16.5570 [2.000]   -16.5569 [2.000]   -16.5569 [2.000]   -16.5254 [2.000]   -16.5253 [2.000]
[kpt   0   8   3]   -16.5251 [2.000]    -9.3354 [2.000]    -6.9272 [2.000]    -6.9270 [2.000]    -6.9270 [2.000]
[kpt   0   8   4]    -6.9269 [2.000]    -6.9268 [2.000]    -6.9268 [2.000]    -5.1554 [2.000]    -5.1553 [2.000]
[kpt   0   8   5]    -5.1552 [2.000]    -4.5249 [2.000]    -4.5248 [2.000]    -4.5247 [2.000]    -4.5246 [2.000]
[kpt   0   8   6]    -4.5245 [2.000]    -4.5245 [2.000]    -2.1204 [2.000]    -2.1203 [2.000]    -2.1203 [2.000]
[kpt   0   8   7]    -2.1203 [2.000]    -2.1202 [2.000]    -2.1202 [2.000]    -1.8777 [2.000]    -1.8777 [2.000]
[kpt   0   8   8]    -1.6859 [2.000]    -1.6858 [2.000]    -1.6857 [2.000]    -1.6857 [2.000]    -1.6857 [2.000]
[kpt   0   8   9]    -1.6856 [2.000]    -1.2250 [2.000]    -1.2250 [2.000]    -1.2250 [2.000]    -0.5685 [2.000]
[kpt   0   8  10]    -0.5684 [2.000]    -0.5683 [2.000]    -0.5683 [2.000]    -0.5682 [2.000]    -0.5682 [2.000]
[kpt   0   8  11]     0.3370 [2.000]     0.3371 [2.000]     0.3372 [2.000]     0.3372 [2.000]     0.3372 [2.000]
[kpt   0   8  12]     0.3373 [2.000]     1.1010 [2.000]     1.1011 [2.000]     1.1012 [2.000]     6.7882 [0.000]
[kpt   0   8  13]     9.7575 [0.000]     9.7577 [0.000]     9.7579 [0.000]     9.7582 [0.000]     9.7588 [0.000]
[kpt   0   8  14]     9.7589 [0.000]    10.5921 [0.000]    10.5921 [0.000]    10.5924 [0.000]    13.0515 [0.000]
[kpt   0   8  15]    13.0520 [0.000]    13.0521 [0.000]    13.0521 [0.000]    13.0522 [0.000]



Total charge in supercell =     128.00000000
 quench: [md:   0/100  scf:   8/30  step time:   0.29  scf time:     2.50 secs  RMS[dV]: 3.16e-04 ]


average potential <V> = -2.04e-16
Davidson converged in 3 steps

FERMI ENERGY =      1.10301893 eV
@@ EIGENVALUE SUM     =      -58.364640 Ry
@@ ION_ION            =     -272.916107 Ry
@@ ELECTROSTATIC      =     -286.277188 Ry
@@ VXC                =     -178.446446 Ry
@@ EXC                =     -137.343974 Ry
@@ TOTAL ENERGY       =     -576.455462 Ry
@@ estimated error    =        3.53e-06 Ry
Charge normalization constant -1.0: 4.440892e-16
Charge density mixing: Broyden


KOHN SHAM EIGENVALUES [eV] AT K-POINT [  0]:       0.000000      0.000000      0.000000

[kpt   0   9   0]   -18.8917 [2.000]   -17.9078 [2.000]   -17.9077 [2.000]   -17.9076 [2.000]   -17.9076 [2.000]
[kpt   0   9   1]   -17.9075 [2.000]   -17.9074 [2.000]   -16.5560 [2.000]   -16.5558 [2.000]   -16.5557 [2.000]
[kpt   0   9   2]   -16.5557 [2.000]   -16.5555 [2.000]   -16.5555 [2.000]   -16.5241 [2.000]   -16.5239 [2.000]
[kpt   0   9   3]   -16.5237 [2.000]    -9.3349 [2.000]    -6.9266 [2.000]    -6.9265 [2.000]    -6.9264 [2.000]
[kpt   0   9   4]    -6.9264 [2.000]    -6.9263 [2.000]    -6.9262 [2.000]    -5.1547 [2.000]    -5.1546 [2.000]
[kpt   0   9   5]    -5.1545 [2.000]    -4.5243 [2.000]    -4.5242 [2.000]    -4.5241 [2.000]    -4.5240 [2.000]
[kpt   0   9   6]    -4.5239 [2.000]    -4.5239 [2.000]    -2.1190 [2.000]    -2.1190 [2.000]    -2.1189 [2.000]
[kpt   0   9   7]    -2.1188 [2.000]    -2.1188 [2.000]    -2.1187 [2.000]    -1.8762 [2.000]    -1.8762 [2.000]
[kpt   0   9   8]    -1.6844 [2.000]    -1.6843 [2.000]    -1.6843 [2.000]    -1.6842 [2.000]    -1.6842 [2.000]
[kpt   0   9   9]    -1.6841 [2.000]    -1.2237 [2.000]    -1.2237 [2.000]    -1.2237 [2.000]    -0.5669 [2.000]
[kpt   0   9  10]    -0.5668 [2.000]    -0.5667 [2.000]    -0.5667 [2.000]    -0.5666 [2.000]    -0.5666 [2.000]
[kpt   0   9  11]     0.3386 [2.000]     0.3387 [2.000]     0.3388 [2.000]     0.3388 [2.000]     0.3389 [2.000]
[kpt   0   9  12]     0.3390 [2.000]     1.1028 [2.000]     1.1029 [2.000]     1.1030 [2.000]     6.7883 [0.000]
[kpt   0   9  13]     9.7576 [0.000]     9.7576 [0.000]     9.7578 [0.000]     9.7581 [0.000]     9.7581 [0.000]
[kpt   0   9  14]     9.7582 [0.000]    10.5927 [0.000]    10.5927 [0.000]    10.5928 [0.000]    13.0518 [0.000]
[kpt   0   9  15]    13.0527 [0.000]    13.0527 [0.000]    13.0528 [0.000]    13.0528 [0.000]



Total charge in supercell =     128.00000000
 quench: [md:   0/100  scf:   9/30  step time:   0.30  scf time:     2.80 secs  RMS[dV]: 1.01e-04 ]


average potential <V> = 9.70e-18
Davidson converged in 3 steps

FERMI ENERGY =      1.10302017 eV
@@ EIGENVALUE SUM     =      -58.365495 Ry
@@ ION_ION            =     -272.916107 Ry
@@ ELECTROSTATIC      =     -286.276374 Ry
@@ VXC                =     -178.446700 Ry
@@ EXC                =     -137.344188 Ry
@@ TOTAL ENERGY       =     -576.455464 Ry
@@ estimated error    =        1.66e-07 Ry
Charge normalization constant -1.0: -6.661338e-16
Charge density mixing: Broyden


KOHN SHAM EIGENVALUES [eV] AT K-POINT [  0]:       0.000000      0.000000      0.000000

[kpt   0  10   0]   -18.8918 [2.000]   -17.9078 [2.000]   -17.9077 [2.000]   -17.9077 [2.000]   -17.9077 [2.000]
[kpt   0  10   1]   -17.9077 [2.000]   -17.9076 [2.000]   -16.5559 [2.000]   -16.5559 [2.000]   -16.5558 [2.000]
[kpt   0  10   2]   -16.5558 [2.000]   -16.5558 [2.000]   -16.5557 [2.000]   -16.5241 [2.000]   -16.5240 [2.000]
[kpt   0  10   3]   -16.5239 [2.000]    -9.3353 [2.000]    -6.9268 [2.000]    -6.9268 [2.000]    -6.9267 [2.000]
[kpt   0  10   4]    -6.9267 [2.000]    -6.9267 [2.000]    -6.9266 [2.000]    -5.1549 [2.000]    -5.1548 [2.000]
[kpt   0  10   5]    -5.1548 [2.000]    -4.5244 [2.000]    -4.5244 [2.000]    -4.5244 [2.000]    -4.5244 [2.000]
[kpt   0  10   6]    -4.5243 [2.000]    -4.5243 [2.000]    -2.1189 [2.000]    -2.1189 [2.000]    -2.1189 [2.000]
[kpt   0  10   7]    -2.1189 [2.000]    -2.1188 [2.000]    -2.1188 [2.000]    -1.8762 [2.000]    -1.8762 [2.000]
[kpt   0  10   8]    -1.6843 [2.000]    -1.6843 [2.000]    -1.6842 [2.000]    -1.6842 [2.000]    -1.6842 [2.000]
[kpt   0  10   9]    -1.6842 [2.000]    -1.2238 [2.000]    -1.2238 [2.000]    -1.2238 [2.000]    -0.5668 [2.000]
[kpt   0  10  10]    -0.5667 [2.000]    -0.5667 [2.000]    -0.5667 [2.000]    -0.5667 [2.000]    -0.5666 [2.000]
[kpt   0  10  11]     0.3388 [2.000]     0.3388 [2.000]     0.3388 [2.000]     0.3388 [2.000]     0.3389 [2.000]
[kpt   0  10  12]     0.3389 [2.000]     1.1029 [2.000]     1.1030 [2.000]     1.1030 [2.000]     6.7884 [0.000]
[kpt   0  10  13]     9.7575 [0.000]     9.7575 [0.000]     9.7576 [0.000]     9.7578 [0.000]     9.7578 [0.000]
[kpt   0  10  14]     9.7579 [0.000]    10.5925 [0.000]    10.5925 [0.000]    10.5926 [0.000]    13.0516 [0.000]
[kpt   0  10  15]    13.0527 [0.000]    13.0527 [0.000]    13.0527 [0.000]    13.0528 [0.000]



Total charge in supercell =     128.00000000
 quench: [md:   0/100  scf:  10/30  step time:   0.31  scf time:     3.11 secs  RMS[dV]: 2.04e-05 ]


average potential <V> = 7.18e-16
Davidson converged in 3 steps

FERMI ENERGY =      1.10296076 eV
@@ EIGENVALUE SUM     =      -58.365547 Ry
@@ ION_ION            =     -272.916107 Ry
@@ ELECTROSTATIC      =     -286.276322 Ry
@@ VXC                =     -178.446713 Ry
@@ EXC                =     -137.344202 Ry
@@ TOTAL ENERGY       =     -576.455464 Ry
@@ estimated error    =        1.51e-08 Ry
Charge normalization constant -1.0: 0.000000e+00
Charge density mixing: Broyden


KOHN SHAM EIGENVALUES [eV] AT K-POINT [  0]:       0.000000      0.000000      0.000000

[kpt   0  11   0]   -18.8918 [2.000]   -17.9077 [2.000]   -17.9077 [2.000]   -17.9077 [2.000]   -17.9077 [2.000]
[kpt   0  11   1]   -17.9077 [2.000]   -17.9077 [2.000]   -16.5558 [2.000]   -16.5558 [2.000]   -16.5558 [2.000]
[kpt   0  11   2]   -16.5558 [2.000]   -16.5558 [2.000]   -16.5558 [2.000]   -16.5240 [2.000]   -16.5240 [2.000]
[kpt   0  11   3]   -16.5240 [2.000]    -9.3353 [2.000]    -6.9267 [2.000]    -6.9267 [2.000]    -6.9267 [2.000]
[kpt   0  11   4]    -6.9267 [2.000]    -6.9267 [2.000]    -6.9267 [2.000]    -5.1548 [2.000]    -5.1548 [2.000]
[kpt   0  11   5]    -5.1548 [2.000]    -4.5244 [2.000]    -4.5244 [2.000]    -4.5244 [2.000]    -4.5244 [2.000]
[kpt   0  11   6]    -4.5244 [2.000]    -4.5244 [2.000]    -2.1189 [2.000]    -2.1189 [2.000]    -2.1189 [2.000]
[kpt   0  11   7]    -2.1189 [2.000]    -2.1189 [2.000]    -2.1189 [2.000]    -1.8762 [2.000]    -1.8762 [2.000]
[kpt   0  11   8]    -1.6842 [2.000]    -1.6842 [2.000]    -1.6842 [2.000]    -1.6842 [2.000]    -1.6842 [2.000]
[kpt   0  11   9]    -1.6842 [2.000]    -1.2238 [2.000]    -1.2238 [2.000]    -1.2238 [2.000]    -0.5667 [2.000]
[kpt   0  11  10]    -0.5667 [2.000]    -0.5667 [2.000]    -0.5667 [2.000]    -0.5667 [2.000]    -0.5667 [2.000]
[kpt   0  11  11]     0.3388 [2.000]     0.3388 [2.000]     0.3388 [2.000]     0.3388 [2.000]     0.3388 [2.000]
[kpt   0  11  12]     0.3388 [2.000]     1.1030 [2.000]     1.1030 [2.000]     1.1030 [2.000]     6.7884 [0.000]
[kpt   0  11  13]     9.7573 [0.000]     9.7573 [0.000]     9.7575 [0.000]     9.7575 [0.000]     9.7576 [0.000]
[kpt   0  11  14]     9.7576 [0.000]    10.5925 [0.000]    10.5925 [0.000]    10.5926 [0.000]    13.0514 [0.000]
[kpt   0  11  15]    13.0527 [0.000]    13.0527 [0.000]    13.0527 [0.000]    13.0527 [0.000]



Total charge in supercell =     128.00000000
 quench: [md:   0/100  scf:  11/30  step time:   0.30  scf time:     3.41 secs  RMS[dV]: 6.56e-06 ]


average potential <V> = 5.43e-16
Davidson converged in 3 steps

FERMI ENERGY =      1.10293301 eV
@@ EIGENVALUE SUM     =      -58.365790 Ry
@@ ION_ION            =     -272.916107 Ry
@@ ELECTROSTATIC      =     -286.276067 Ry
@@ VXC                =     -178.446679 Ry
@@ EXC                =     -137.344181 Ry
@@ TOTAL ENERGY       =     -576.455464 Ry
@@ estimated error    =        1.48e-09 Ry
Charge normalization constant -1.0: 8.881784e-16
Charge density mixing: Broyden


KOHN SHAM EIGENVALUES [eV] AT K-POINT [  0]:       0.000000      0.000000      0.000000

[kpt   0  12   0]   -18.8919 [2.000]   -17.9077 [2.000]   -17.9077 [2.000]   -17.9077 [2.000]   -17.9077 [2.000]
[kpt   0  12   1]   -17.9077 [2.000]   -17.9077 [2.000]   -16.5558 [2.000]   -16.5558 [2.000]   -16.5558 [2.000]
[kpt   0  12   2]   -16.5558 [2.000]   -16.5558 [2.000]   -16.5558 [2.000]   -16.5240 [2.000]   -16.5240 [2.000]
[kpt   0  12   3]   -16.5240 [2.000]    -9.3353 [2.000]    -6.9267 [2.000]    -6.9267 [2.000]    -6.9267 [2.000]
[kpt   0  12   4]    -6.9267 [2.000]    -6.9267 [2.000]    -6.9267 [2.000]    -5.1548 [2.000]    -5.1548 [2.000]
[kpt   0  12   5]    -5.1548 [2.000]    -4.5244 [2.000]    -4.5244 [2.000]    -4.5244 [2.000]    -4.5244 [2.000]
[kpt   0  12   6]    -4.5244 [2.000]    -4.5244 [2.000]    -2.1189 [2.000]    -2.1189 [2.000]    -2.1189 [2.000]
[kpt   0  12   7]    -2.1189 [2.000]    -2.1189 [2.000]    -2.1189 [2.000]    -1.8762 [2.000]    -1.8762 [2.000]
[kpt   0  12   8]    -1.6843 [2.000]    -1.6843 [2.000]    -1.6843 [2.000]    -1.6843 [2.000]    -1.6843 [2.000]
[kpt   0  12   9]    -1.6843 [2.000]    -1.2238 [2.000]    -1.2238 [2.000]    -1.2238 [2.000]    -0.5667 [2.000]
[kpt   0  12  10]    -0.5667 [2.000]    -0.5667 [2.000]    -0.5667 [2.000]    -0.5667 [2.000]    -0.5667 [2.000]
[kpt   0  12  11]     0.3388 [2.000]     0.3388 [2.000]     0.3388 [2.000]     0.3388 [2.000]     0.3388 [2.000]
[kpt   0  12  12]     0.3388 [2.000]     1.1029 [2.000]     1.1029 [2.000]     1.1029 [2.000]     6.7884 [0.000]
[kpt   0  12  13]     9.7572 [0.000]     9.7572 [0.000]     9.7573 [0.000]     9.7574 [0.000]     9.7574 [0.000]
[kpt   0  12  14]     9.7575 [0.000]    10.5925 [0.000]    10.5925 [0.000]    10.5926 [0.000]    13.0513 [0.000]
[kpt   0  12  15]    13.0527 [0.000]    13.0527 [0.000]    13.0527 [0.000]    13.0527 [0.000]



Total charge in supercell =     128.00000000
 quench: [md:   0/100  scf:  12/30  step time:   0.33  scf time:     3.74 secs  RMS[dV]: 3.51e-06 ]



 Convergence criterion reached: Energy variation (7.98e-11) is lower than threshold (1.00e-10)

potential convergence has been achieved. stopping ...

[   0  13   13        5 ] Quench.cpp: 
@@ TOTAL ENEGY Components 
@@ ION_ION            =     -272.916107 Ry
@@ ELECTROSTATIC      =      286.276067 Ry
@@ EXC                =     -137.344202 Ry
@@ vdw correction     =        0.000000 Ry
@@ LdaU correction    =        0.000000 Ry
@@ total              =        0.000000 Ry
final total energy from eig sum =    -576.45546444 Ry


KOHN SHAM EIGENVALUES [eV] AT K-POINT [  0]:       0.000000      0.000000      0.000000

[kpt   0  13   0]   -18.8919 [2.000]   -17.9077 [2.000]   -17.9077 [2.000]   -17.9077 [2.000]   -17.9077 [2.000]
[kpt   0  13   1]   -17.9077 [2.000]   -17.9077 [2.000]   -16.5558 [2.000]   -16.5558 [2.000]   -16.5558 [2.000]
[kpt   0  13   2]   -16.5558 [2.000]   -16.5558 [2.000]   -16.5558 [2.000]   -16.5240 [2.000]   -16.5240 [2.000]
[kpt   0  13   3]   -16.5240 [2.000]    -9.3353 [2.000]    -6.9267 [2.000]    -6.9267 [2.000]    -6.9267 [2.000]
[kpt   0  13   4]    -6.9267 [2.000]    -6.9267 [2.000]    -6.9267 [2.000]    -5.1548 [2.000]    -5.1548 [2.000]
[kpt   0  13   5]    -5.1548 [2.000]    -4.5244 [2.000]    -4.5244 [2.000]    -4.5244 [2.000]    -4.5244 [2.000]
[kpt   0  13   6]    -4.5244 [2.000]    -4.5244 [2.000]    -2.1189 [2.000]    -2.1189 [2.000]    -2.1189 [2.000]
[kpt   0  13   7]    -2.1189 [2.000]    -2.1189 [2.000]    -2.1189 [2.000]    -1.8762 [2.000]    -1.8762 [2.000]
[kpt   0  13   8]    -1.6843 [2.000]    -1.6843 [2.000]    -1.6843 [2.000]    -1.6843 [2.000]    -1.6843 [2.000]
[kpt   0  13   9]    -1.6843 [2.000]    -1.2238 [2.000]    -1.2238 [2.000]    -1.2238 [2.000]    -0.5667 [2.000]
[kpt   0  13  10]    -0.5667 [2.000]    -0.5667 [2.000]    -0.5667 [2.000]    -0.5667 [2.000]    -0.5667 [2.000]
[kpt   0  13  11]     0.3388 [2.000]     0.3388 [2.000]     0.3388 [2.000]     0.3388 [2.000]     0.3388 [2.000]
[kpt   0  13  12]     0.3388 [2.000]     1.1029 [2.000]     1.1029 [2.000]     1.1029 [2.000]     6.7884 [0.000]
[kpt   0  13  13]     9.7572 [0.000]     9.7572 [0.000]     9.7573 [0.000]     9.7574 [0.000]     9.7574 [0.000]
[kpt   0  13  14]     9.7575 [0.000]    10.5925 [0.000]    10.5925 [0.000]    10.5926 [0.000]    13.0513 [0.000]
[kpt   0  13  15]    13.0527 [0.000]    13.0527 [0.000]    13.0527 [0.000]    13.0527 [0.000]



Total charge in supercell =     128.00000000
 volume and energy per atom =        15.03933867       -326.79481854 eV

 Vdd took 0.000232 seconds
WriteRestart: Output file given as /dev/null, no restart data written ...



  IONIC POSITIONS [a0] AND FORCES [Ry/a0]
  Charge analysis using: Voronoi Deformation Density

@ION  Ion  Species       X           Y           Z       Charge       FX          FY         FZ      Movable
@ION    1    Si      0.0000000   0.0000000   0.0000000    0.437   -0.0000000  -0.0000000  -0.0000003  1 1 1
@ION    2    Si      3.3637125   3.3637125   3.3637125    0.437    0.0000002   0.0000001   0.0000001  1 1 1
@ION    3    Si     10.0911375   3.3637125  10.0911375    0.437    0.0000002  -0.0000000  -0.0000000  1 1 1
@ION    4    Si      3.3637125  10.0911375  10.0911375    0.437    0.0000000   0.0000001   0.0000001  1 1 1
@ION    5    Si     10.0911375  10.0911375   3.3637125    0.437   -0.0000001  -0.0000000   0.0000001  1 1 1
@ION    6    Si      0.0000000   6.7274250   6.7274250    0.437   -0.0000002  -0.0000001  -0.0000000  1 1 1
@ION    7    Si      6.7274250   0.0000000   6.7274250    0.437    0.0000000  -0.0000001  -0.0000001  1 1 1
@ION    8    Si      6.7274250   6.7274250   0.0000000    0.437   -0.0000000   0.0000001   0.0000001  1 1 1
@ION    9     O      1.6818563   1.6818563   1.6818563   -0.212    0.0000002   0.0000001   0.0000002  1 1 1
@ION   10     O     11.7729938   1.6818563  11.7729938   -0.213    0.0000001   0.0000000  -0.0000000  1 1 1
@ION   11     O      1.6818563  11.7729938  11.7729938   -0.217    0.0000001   0.0000001  -0.0000000  1 1 1
@ION   12     O     11.7729938  11.7729938   1.6818563   -0.220   -0.0000002  -0.0000002  -0.0000000  1 1 1
@ION   13     O      1.6818563   8.4092813   8.4092813   -0.214    0.0000000   0.0000001  -0.0000000  1 1 1
@ION   14     O      8.4092813   1.6818563   8.4092813   -0.214    0.0000002   0.0000001   0.0000000  1 1 1
@ION   15     O      8.4092813   8.4092813   1.6818563   -0.215   -0.0000001  -0.0000001   0.0000001  1 1 1
@ION   16     O     11.7729938   8.4092813   5.0455688   -0.217    0.0000000  -0.0000001   0.0000000  1 1 1
@ION   17     O      5.0455688   1.6818563   5.0455688   -0.214   -0.0000000   0.0000001  -0.0000000  1 1 1
@ION   18     O      5.0455688   8.4092813  11.7729938   -0.217    0.0000000  -0.0000000   0.0000001  1 1 1
@ION   19     O      1.6818563   5.0455688   5.0455688   -0.221    0.0000001   0.0000000  -0.0000001  1 1 1
@ION   20     O      8.4092813  11.7729938   5.0455688   -0.224   -0.0000001   0.0000000   0.0000000  1 1 1
@ION   21     O      8.4092813   5.0455688  11.7729938   -0.221    0.0000000   0.0000001   0.0000000  1 1 1
@ION   22     O     11.7729938   5.0455688   8.4092813   -0.226    0.0000001   0.0000001  -0.0000001  1 1 1
@ION   23     O      5.0455688  11.7729938   8.4092813   -0.226   -0.0000001  -0.0000000   0.0000000  1 1 1
@ION   24     O      5.0455688   5.0455688   1.6818563   -0.227    0.0000000   0.0000001   0.0000001  1 1 1

 mean FX      =   0.00000009 Ry/a0
 mean FY      =   0.00000007 Ry/a0
 mean FZ      =   0.00000007 Ry/a0

 max FX       =   0.00000024 Ry/a0   (ion 14)
 max FY       =   0.00000015 Ry/a0   (ion 12)
 max FZ       =   0.00000027 Ry/a0   (ion 1)
 max F[x,y,z] =   0.00000027 Ry/a0
 max |F|      =   0.00000028 Ry/a0   (ion 9)

 sum FX       =   0.00000060 Ry/a0
 sum FY       =   0.00000055 Ry/a0
 sum FZ       =   0.00000025 Ry/a0
 Average      =   0.00000047 Ry/a0
 sqrt < F^2 > =   0.00000009 Ry/a0

WriteRestart: Output file given as /dev/null, no restart data written ...


--------TIMING INFORMATION FOR Processor owned the most atoms----------------
                                        Total time               Per SCF/step

1-TOTAL                                             5.31                0.41
-----------------------------------------------------------------------------
  1-TOTAL: Init                                     1.13                0.09
  1-TOTAL: run                                      4.18                0.32
  ---------------------------------------------------------------------------
    1-TOTAL: run: Force                             0.43                0.03
    1-TOTAL: run: Scf steps                         3.65                0.28

2-Force                                             0.43                0.03
-----------------------------------------------------------------------------
  2-Force: core correction                          0.00                0.00
  2-Force: corrections                              0.10                0.01
  2-Force: ion-ion                                  0.06                0.00
  2-Force: local                                    0.10                0.01
  2-Force: non-local                                0.15                0.01
  2-Force: non-local-betaxpsi                       0.02                0.00
  2-Force: non-local-get gamma                      0.00                0.00
  2-Force: non-local-nlforce_par_Q                  0.01                0.00
  2-Force: non-local-nlforce_par_gamma              0.00                0.00
  2-Force: non-local-nlforce_par_omega              0.00                0.00
  2-Force: non-local-partial gamma                  0.00                0.00
  2-Force: non-local-veff grad                      0.01                0.00

2-Init                                              1.13                0.09
-----------------------------------------------------------------------------
  2-Init: GetNewRho                                 0.03                0.00
  2-Init: KpointClass                               0.45                0.03
  2-Init: LcaoGetPsi                                0.04                0.00
  2-Init: LcaoGetRho                                0.08                0.01
  2-Init: ReinitIonicPotentials                     0.12                0.01
  2-Init: betaxpsi                                  0.01                0.00
  2-Init: exchange/correlation                      0.02                0.00
  2-Init: hartree                                   0.02                0.00
  2-Init: normalization                             0.00                0.00
  2-Init: radial potentials                         0.23                0.02
  2-Init: subdiag                                   0.04                0.00
  2-Init: weights                                   0.00                0.00

2-Scf steps                                         3.65                0.28
-----------------------------------------------------------------------------
  2-Scf steps: Davidson                             1.98                0.15
  2-Scf steps: GetNewRho                            0.34                0.03
  2-Scf steps: Hartree                              0.28                0.02
  2-Scf steps: MgridSubspace                        0.63                0.05
  2-Scf steps: MixRho                               0.02                0.00
  2-Scf steps: exchange/correlation                 0.27                0.02

3-MgridSubspace                                     0.63                0.05
-----------------------------------------------------------------------------
  3-MgridSubspace: AppNls                           0.06                0.00
  3-MgridSubspace: Beta x psi                       0.08                0.01
  3-MgridSubspace: Diagonalization                  0.12                0.01
  3-MgridSubspace: Mg_eig                           0.37                0.03

3-ReinitIonicPotentials                             0.12                0.01
-----------------------------------------------------------------------------
  3-ReinitIonicPotentials: GetNlop                  0.00                0.00
  3-ReinitIonicPotentials: GetWeight                0.07                0.01
  3-ReinitIonicPotentials: get_QI                   0.00                0.00
  3-ReinitIonicPotentials: get_qqq                  0.00                0.00
  3-ReinitIonicPotentials: init_nuc                 0.04                0.00

4-Diagonalization                                   0.16                0.01
-----------------------------------------------------------------------------
  4-Diagonalization: ELPA/PDSYGVX/PZHEGVX           0.02                0.00
  4-Diagonalization: Hpsi                           0.09                0.01
  4-Diagonalization: MPI_Bcast                      0.00                0.00
  4-Diagonalization: Update orbitals                0.03                0.00
  ---------------------------------------------------------------------------
    4-Diagonalization: Update orbitals: gather           0.00                0.00
    4-Diagonalization: Update orbitals: gemm           0.02                0.00
  4-Diagonalization: matrix                         0.02                0.00
  ---------------------------------------------------------------------------
    4-Diagonalization: matrix: Allreduce            0.00                0.00
    4-Diagonalization: matrix: Gemm                 0.02                0.00

5-Functional                                        0.29                0.02
-----------------------------------------------------------------------------
  5-Functional: apply gradient                      0.02                0.00
  5-Functional: apply laplacian                     0.01                0.00
  5-Functional: libxc                               0.12                0.01
  5-Functional: vxc                                 0.28                0.02
  5-Functional: vxc grad                            0.15                0.01
  5-Functional: vxc local                           0.04                0.00
  5-Functional: vxc nonlocal                        0.00                0.00

6-Davidson                                          1.98                0.15
-----------------------------------------------------------------------------
  6-Davidson: Betaxpsi                              0.26                0.02
  6-Davidson: apply hamiltonian                     0.42                0.03
  6-Davidson: diagonalization                       0.23                0.02
  6-Davidson: generate residuals                    0.16                0.01
  6-Davidson: matrix setup/reduce                   0.28                0.02
  6-Davidson: normalization                         0.01                0.00
  6-Davidson: precondition                          0.49                0.04
  6-Davidson: rotate orbitals                       0.08                0.01

AppNls                                              0.30                0.02
-----------------------------------------------------------------------------
  AppNls: data_rearrange                            0.00                0.00
  ---------------------------------------------------------------------------
    AppNls: data_rearrange: alloc and zeros           0.00                0.00
    AppNls: data_rearrange: dnm                     0.00                0.00
    AppNls: data_rearrange: sint                    0.00                0.00
  AppNls: nv                                        0.26                0.02
  AppNls: nv_work                                   0.00                0.00

App_gradient                                        0.02                0.00

CPUFD                                               0.00                0.00

Compute Hpsi                                        0.09                0.01
-----------------------------------------------------------------------------
  Compute Hpsi: AppNls                              0.04                0.00
  Compute Hpsi: Threaded Apply H                    0.05                0.00

GlobalSums                                          0.14                0.01

Init                                                0.67                0.05

Init Voronoi                                        0.09                0.01

Mix rho                                             0.02                0.00
-----------------------------------------------------------------------------
  Mix rho: Broyden                                  0.02                0.00
  Mix rho: Linear                                   0.00                0.00

Orbital                                             0.00                0.00
-----------------------------------------------------------------------------
  Orbital: phase and set                            0.00                0.00
  Orbital: proj cal                                 0.00                0.00
  Trade images: trade_images                        0.00                0.00
  Trade images: trade_imagesx                       0.03                0.00

VhPfft                                              0.15                0.01

Weight                                              0.00                0.00

radial beta                                         0.19                0.01


------------------------- TIMING INFORMATION FOR THREADS  -------------------

                                           Min            Max            Avg
CPUFD                                      0.10           0.10           0.10
-----------------------------------------------------------------------------

GlobalSums                                 0.06           0.06           0.06
-----------------------------------------------------------------------------

Mg_eig                                     0.36           0.36           0.36
-----------------------------------------------------------------------------
  Mg_eig: apply hamiltonian                0.17           0.17           0.17
  Mg_eig: mgrid_solv                       0.10           0.10           0.10
  Trade images: trade_images               0.37           0.37           0.37
  Trade images: trade_imagesx              0.42           0.42           0.42
