RMG initialization ... 1 image(s) total, 1 per node. 32 MPI processes/image. Thread level 2.
FFT-FD  0.000000e+00   7.854595e-01   7.849917e-01   4.677885e-04
FFT-FD  1.000000e+00   7.854595e-01   7.855042e-01   -4.469321e-05
IP=0 M = -5.124817e-04  9.127906e-01  4.677885e-04
FFT-FD  0.000000e+00   2.257183e+00   2.254293e+00   2.889545e-03
FFT-FD  1.000000e+00   2.257183e+00   2.258583e+00   -1.400400e-03
IP=1 M = -4.289945e-03  6.735622e-01  2.889545e-03
FFT-FD  0.000000e+00   2.257183e+00   2.254293e+00   2.889545e-03
FFT-FD  1.000000e+00   2.257183e+00   2.258583e+00   -1.400400e-03
IP=2 M = -4.289945e-03  6.735622e-01  2.889545e-03
FFT-FD  0.000000e+00   2.257183e+00   2.254293e+00   2.889545e-03
FFT-FD  1.000000e+00   2.257183e+00   2.258583e+00   -1.400400e-03
IP=3 M = -4.289945e-03  6.735622e-01  2.889545e-03
FFT-FD  0.000000e+00   2.678435e-01   2.678375e-01   5.985956e-06
FFT-FD  1.000000e+00   2.678435e-01   2.678664e-01   -2.297711e-05
IP=0 M = -2.896307e-05  2.066755e-01  5.985956e-06
FFT-FD  0.000000e+00   3.882435e-01   3.882432e-01   2.430674e-07
FFT-FD  1.000000e+00   3.882435e-01   3.882463e-01   -2.860015e-06
IP=1 M = -3.103082e-06  7.833095e-02  2.430674e-07
FFT-FD  0.000000e+00   3.882435e-01   3.882432e-01   2.430674e-07
FFT-FD  1.000000e+00   3.882435e-01   3.882463e-01   -2.860015e-06
IP=2 M = -3.103082e-06  7.833095e-02  2.430674e-07
FFT-FD  0.000000e+00   3.882435e-01   3.882432e-01   2.430674e-07
FFT-FD  1.000000e+00   3.882435e-01   3.882463e-01   -2.860015e-06
IP=3 M = -3.103082e-06  7.833095e-02  2.430674e-07
NEWCFAC = 0.683327  0.683327


                     * * * * * * * * * *
                     *    R   M   G    *
                     * * * * * * * * * *

     -- A Real Space Multigrid Electronic structure code --
     --      More information at www.rmgdft.org          --

Code Revision:     v5.1.0_53_g887bfc3b
Build Date:        May 15 2023  14:30:00
Start time:        Wed May 17 14:09:08 2023

NOTICE: RMG internal pseudopotentials have switched to
ONCVP from Ultrasoft. You can revert to Ultrasoft by
adding the input tag internal_pseudo_type="ultrasoft" to
your input files.


Files
   Control input file:        input1
   Data output file:          /dev/null

Run Setup
    Calculation type:         Quench electrons - Fixed ions SCF calculation
    Description:              SiO2
    Orbital Initialization:   LCAO (96 LCAO and 0 random orbitals)
    Exchange Correlation:     pbe
    Spin Polarization:        OFF
    System charge:            Neutral

Processor Topology
   Total PEs:                 32
   X direction:               4
   Y direction:               4
   Z direction:               2
   MG Threads/PE:             1
   OMP Threads/PE:            1

Grid Points  (Linear Anisotropy: 1.000)
    X:  Total: 40   Per PE: 10   Spacing:0.336 a0  
    Y:  Total: 40   Per PE: 10   Spacing:0.336 a0  
    Z:  Total: 40   Per PE: 20   Spacing:0.336 a0  

    Equivalent energy cutoffs (psi,rho):    87.229    348.917 Ry

    Charge density grid:         2 times finer

Coordinate planes
  Planar Anisotropy: 1.000
  A0-A1 density:     8.838
  A0-A2 density:     8.838
  A1-A2 density:     8.838


Lattice (Cell) Setup
    Type:                       Orthorhombic_primitive
    Volume (a0^3):               2435.77
    Boundary conditions:        Periodic

    X Basis Vector:      13.455       0.000       0.000 a0
    Y Basis Vector:       0.000      13.455       0.000 a0
    Z Basis Vector:       0.000       0.000      13.455 a0
    X Reci Vector:       0.074      -0.000       0.000 a0
    Y Reci Vector:       0.000       0.074       0.000 a0
    Z Reci Vector:       0.000      -0.000       0.074 a0

K-points
    Gamma Point Only (real orbitals)

Atoms and States
    Number of ions:                          24
    Number of species:                       2
    Number of states:                        79

Run Parameters
    SCF Convergence criterion (potential):   1.00e-10
    SCF Convergence criterion (energy):      1.00e-10
    Max SCF steps:                           30

SCF Cycle Settings
    Charge density mixing:                   Broyden
    Hartree Solver:                          PFFT
    Interpolation type:                      FFT

Finite Difference parameters
    Kohn Sham FD Order:                      8   
    Force Gradient Order:                    FFT
    Adaptive Finite Differencing:            On
    Adaptive CFAC:                           0.683327397

Subspace Diagonalization Options
    Frequency:                               every 1 SCF step(s)
    Driver:                                  ScaLapack
    Initial diagonalization:                 ON
    Folded spectrum:                         OFF

Filtering Cutoff  Parameters
    Wavefunction grid (cparm):               0.800
    Charge density grid (rhocparm):          1.000
    Filter factor:                           1.000

Multigrid (MG) Parameters
    Psi MG levels:                           3
    Psi global step:                         0.660 
    Psi pre:                                 2
    Psi post:                                2

Davidson Parameters
    Davidson multiplier:                     4
    Davidson max step:                       8
    Davidson unocc tol factor:               1000.000

Blas Libraries
    CPU support with openblas-parallel.


Atomic Species Information
(PP = Pseudopotential, US = Ultrasoft, NC = Norm Conserving)
-------------------------------------------------------------------------
|Index|Symbol| Mass|Valence| PP |  Comp  |Local| Local|Nlocal|    PP    |
|     |      |     |       |Type|Gaussian|  l  |Radius|Radius|Functional|
-------------------------------------------------------------------------
|    1|     O| 15.0|   6.00|  NC|    0.50|   -1| 10.00|  7.00|       PBE|
|    2|    Si| 28.0|   4.00|  NC|    0.50|   -1| 10.00|  7.00|       PBE|
-------------------------------------------------------------------------

Pseudopotential generation information:
   O pseudopotential file: ./@Internal
      Generation info     : Generated using ONCVPSP code by D. R. Hamann
      Author info         : anonymous
  Si pseudopotential file: ./@Internal
      Generation info     : Generated using ONCVPSP code by D. R. Hamann
      Author info         : anonymous


Memory usage (Mbytes):     Min        Max       Total
    wave functions          5.06       5.06     161.82
    beta-functions          3.07       3.07      98.34



Initial Ionic Positions And Displacements (Bohr)
Species      X           Y           Z           dX          dY          dZ
  Si       0.0000      0.0000      0.0000      0.0000      0.0000      0.0000
  Si       3.3637      3.3637      3.3637      0.0000      0.0000      0.0000
  Si      10.0911      3.3637     10.0911      0.0000      0.0000      0.0000
  Si       3.3637     10.0911     10.0911      0.0000      0.0000      0.0000
  Si      10.0911     10.0911      3.3637      0.0000      0.0000      0.0000
  Si       0.0000      6.7274      6.7274      0.0000      0.0000      0.0000
  Si       6.7274      0.0000      6.7274      0.0000      0.0000      0.0000
  Si       6.7274      6.7274      0.0000      0.0000      0.0000      0.0000
  O        1.6819      1.6819      1.6819      0.0000      0.0000      0.0000
  O       11.7730      1.6819     11.7730      0.0000      0.0000      0.0000
  O        1.6819     11.7730     11.7730      0.0000      0.0000      0.0000
  O       11.7730     11.7730      1.6819      0.0000      0.0000      0.0000
  O        1.6819      8.4093      8.4093      0.0000      0.0000      0.0000
  O        8.4093      1.6819      8.4093      0.0000      0.0000      0.0000
  O        8.4093      8.4093      1.6819      0.0000      0.0000      0.0000
  O       11.7730      8.4093      5.0456      0.0000      0.0000      0.0000
  O        5.0456      1.6819      5.0456      0.0000      0.0000      0.0000
  O        5.0456      8.4093     11.7730      0.0000      0.0000      0.0000
  O        1.6819      5.0456      5.0456      0.0000      0.0000      0.0000
  O        8.4093     11.7730      5.0456      0.0000      0.0000      0.0000
  O        8.4093      5.0456     11.7730      0.0000      0.0000      0.0000
  O       11.7730      5.0456      8.4093      0.0000      0.0000      0.0000
  O        5.0456     11.7730      8.4093      0.0000      0.0000      0.0000
  O        5.0456      5.0456      1.6819      0.0000      0.0000      0.0000


Initial Ionic Positions And Displacements (Angstrom)
Species      X           Y           Z           dX          dY          dZ
  Si       0.0000      0.0000      0.0000      0.0000      0.0000      0.0000
  Si       1.7800      1.7800      1.7800      0.0000      0.0000      0.0000
  Si       5.3400      1.7800      5.3400      0.0000      0.0000      0.0000
  Si       1.7800      5.3400      5.3400      0.0000      0.0000      0.0000
  Si       5.3400      5.3400      1.7800      0.0000      0.0000      0.0000
  Si       0.0000      3.5600      3.5600      0.0000      0.0000      0.0000
  Si       3.5600      0.0000      3.5600      0.0000      0.0000      0.0000
  Si       3.5600      3.5600      0.0000      0.0000      0.0000      0.0000
  O        0.8900      0.8900      0.8900      0.0000      0.0000      0.0000
  O        6.2300      0.8900      6.2300      0.0000      0.0000      0.0000
  O        0.8900      6.2300      6.2300      0.0000      0.0000      0.0000
  O        6.2300      6.2300      0.8900      0.0000      0.0000      0.0000
  O        0.8900      4.4500      4.4500      0.0000      0.0000      0.0000
  O        4.4500      0.8900      4.4500      0.0000      0.0000      0.0000
  O        4.4500      4.4500      0.8900      0.0000      0.0000      0.0000
  O        6.2300      4.4500      2.6700      0.0000      0.0000      0.0000
  O        2.6700      0.8900      2.6700      0.0000      0.0000      0.0000
  O        2.6700      4.4500      6.2300      0.0000      0.0000      0.0000
  O        0.8900      2.6700      2.6700      0.0000      0.0000      0.0000
  O        4.4500      6.2300      2.6700      0.0000      0.0000      0.0000
  O        4.4500      2.6700      6.2300      0.0000      0.0000      0.0000
  O        6.2300      2.6700      4.4500      0.0000      0.0000      0.0000
  O        2.6700      6.2300      4.4500      0.0000      0.0000      0.0000
  O        2.6700      2.6700      0.8900      0.0000      0.0000      0.0000

Diagonalization using scalapack for step=0  count=0



KOHN SHAM EIGENVALUES [eV] AT K-POINT [  0]:       0.000000      0.000000      0.000000

[kpt   0  -1   0]   -22.2091 [2.000]   -21.3877 [2.000]   -21.3877 [2.000]   -21.3877 [2.000]   -21.3877 [2.000]
[kpt   0  -1   1]   -21.3877 [2.000]   -21.3877 [2.000]   -20.2938 [2.000]   -20.2938 [2.000]   -20.2938 [2.000]
[kpt   0  -1   2]   -20.2740 [2.000]   -20.2740 [2.000]   -20.2740 [2.000]   -20.2740 [2.000]   -20.2740 [2.000]
[kpt   0  -1   3]   -20.2740 [2.000]   -11.9656 [2.000]    -9.8862 [2.000]    -9.8862 [2.000]    -9.8862 [2.000]
[kpt   0  -1   4]    -9.8862 [2.000]    -9.8862 [2.000]    -9.8862 [2.000]    -8.2125 [2.000]    -8.2125 [2.000]
[kpt   0  -1   5]    -8.2125 [2.000]    -7.8964 [2.000]    -7.8964 [2.000]    -7.8964 [2.000]    -7.8964 [2.000]
[kpt   0  -1   6]    -7.8964 [2.000]    -7.8964 [2.000]    -5.0232 [2.000]    -5.0232 [2.000]    -5.0232 [2.000]
[kpt   0  -1   7]    -5.0232 [2.000]    -5.0232 [2.000]    -5.0232 [2.000]    -4.9275 [2.000]    -4.9275 [2.000]
[kpt   0  -1   8]    -4.7382 [2.000]    -4.7382 [2.000]    -4.7382 [2.000]    -4.7382 [2.000]    -4.7382 [2.000]
[kpt   0  -1   9]    -4.7382 [2.000]    -4.5043 [2.000]    -4.5043 [2.000]    -4.5043 [2.000]    -3.9752 [2.000]
[kpt   0  -1  10]    -3.9752 [2.000]    -3.9752 [2.000]    -3.9752 [2.000]    -3.9752 [2.000]    -3.9752 [2.000]
[kpt   0  -1  11]    -3.3933 [2.000]    -3.3933 [2.000]    -3.3933 [2.000]    -3.3933 [2.000]    -3.3933 [2.000]
[kpt   0  -1  12]    -3.3933 [2.000]    -2.9206 [2.000]    -2.9206 [2.000]    -2.9206 [2.000]     7.5998 [0.000]
[kpt   0  -1  13]    10.2743 [0.000]    10.2743 [0.000]    10.2743 [0.000]    10.2743 [0.000]    10.2743 [0.000]
[kpt   0  -1  14]    10.2743 [0.000]    12.4030 [0.000]    12.4030 [0.000]    12.4030 [0.000]    13.3756 [0.000]
[kpt   0  -1  15]    13.3756 [0.000]    13.3756 [0.000]    13.3756 [0.000]    13.3756 [0.000]    13.3756 [0.000]
[kpt   0  -1  16]    15.0559 [0.000]    15.0559 [0.000]    15.0559 [0.000]    15.0559 [0.000]    15.0559 [0.000]
[kpt   0  -1  17]    15.0559 [0.000]    15.3811 [0.000]    15.3811 [0.000]    15.3811 [0.000]    15.3811 [0.000]
[kpt   0  -1  18]    15.3811 [0.000]    15.3811 [0.000]    16.6636 [0.000]    16.6636 [0.000]    16.6636 [0.000]
[kpt   0  -1  19]    17.2331 [0.000]


Charge normalization constant -1.0: -5.329071e-15
Charge density mixing: Linear with a constant of 0.50 

Diagonalization using scalapack for step=0  count=1


FERMI ENERGY =      5.44575962 eV
@@ EIGENVALUE SUM     =      -66.322992 Ry
@@ ION_ION            =     -272.916107 Ry
@@ ELECTROSTATIC      =     -284.744939 Ry
@@ VXC                =     -178.946489 Ry
@@ EXC                =     -137.819952 Ry
@@ TOTAL ENERGY       =     -582.857500 Ry
@@ estimated error    =   ****************
Charge normalization constant -1.0: 0.000000e+00
Charge density mixing: Linear with a constant of 0.50 
WriteRestart: Output file given as /dev/null, no restart data written ...


KOHN SHAM EIGENVALUES [eV] AT K-POINT [  0]:       0.000000      0.000000      0.000000

[kpt   0   0   0]   -19.7182 [2.000]   -18.7717 [2.000]   -18.7678 [2.000]   -18.7588 [2.000]   -18.7509 [2.000]
[kpt   0   0   1]   -18.7480 [2.000]   -18.7438 [2.000]   -17.4765 [2.000]   -17.4664 [2.000]   -17.4647 [2.000]
[kpt   0   0   2]   -17.4633 [2.000]   -17.4619 [2.000]   -17.4560 [2.000]   -17.4534 [2.000]   -17.4515 [2.000]
[kpt   0   0   3]   -17.4513 [2.000]    -9.6900 [2.000]    -7.4420 [2.000]    -7.4399 [2.000]    -7.4376 [2.000]
[kpt   0   0   4]    -7.4113 [2.000]    -7.4100 [2.000]    -7.4056 [2.000]    -5.8240 [2.000]    -5.8235 [2.000]
[kpt   0   0   5]    -5.8220 [2.000]    -5.1234 [2.000]    -5.1231 [2.000]    -5.1218 [2.000]    -5.1210 [2.000]
[kpt   0   0   6]    -5.1200 [2.000]    -5.1195 [2.000]    -2.9613 [2.000]    -2.9612 [2.000]    -2.9603 [2.000]
[kpt   0   0   7]    -2.9526 [2.000]    -2.9518 [2.000]    -2.9512 [2.000]    -2.7555 [2.000]    -2.7552 [2.000]
[kpt   0   0   8]    -2.6207 [2.000]    -2.6201 [2.000]    -2.6197 [2.000]    -2.6195 [2.000]    -2.6181 [2.000]
[kpt   0   0   9]    -2.5968 [2.000]    -2.0313 [2.000]    -2.0309 [2.000]    -2.0296 [2.000]    -1.5624 [2.000]
[kpt   0   0  10]    -1.5617 [2.000]    -1.5613 [2.000]    -1.5539 [2.000]    -1.5526 [2.000]    -1.5520 [2.000]
[kpt   0   0  11]    -0.7531 [2.000]    -0.7529 [2.000]    -0.7524 [2.000]    -0.7515 [2.000]    -0.7509 [2.000]
[kpt   0   0  12]    -0.7507 [2.000]    -0.1522 [2.000]    -0.1518 [2.000]    -0.1512 [2.000]     8.3625 [0.000]
[kpt   0   0  13]    10.8902 [0.000]    10.8908 [0.000]    10.8919 [0.000]    10.9012 [0.000]    10.9016 [0.000]
[kpt   0   0  14]    10.9034 [0.000]    12.0892 [0.000]    12.0910 [0.000]    12.0913 [0.000]    13.8329 [0.000]
[kpt   0   0  15]    13.8331 [0.000]    13.8335 [0.000]    13.8337 [0.000]    13.8337 [0.000]



Total charge in supercell =     128.00000000
 quench: [md:   0/100  scf:   0/30  step time:   0.14  scf time:     0.18 secs  RMS[dV]: 5.23e-02 ]


average potential <V> = 9.95e-17

Diagonalization using scalapack for step=1  count=2


FERMI ENERGY =      5.63390259 eV
@@ EIGENVALUE SUM     =      -55.598650 Ry
@@ ION_ION            =     -272.916107 Ry
@@ ELECTROSTATIC      =     -296.829727 Ry
@@ VXC                =     -182.091155 Ry
@@ EXC                =     -140.273967 Ry
@@ TOTAL ENERGY       =     -583.527295 Ry
@@ estimated error    =        6.27e-01 Ry
Charge normalization constant -1.0: 6.661338e-16
Charge density mixing: Linear with a constant of 0.50 


KOHN SHAM EIGENVALUES [eV] AT K-POINT [  0]:       0.000000      0.000000      0.000000

[kpt   0   1   0]   -18.5683 [2.000]   -17.5477 [2.000]   -17.5462 [2.000]   -17.5444 [2.000]   -17.5343 [2.000]
[kpt   0   1   1]   -17.5303 [2.000]   -17.5280 [2.000]   -16.1007 [2.000]   -16.0978 [2.000]   -16.0907 [2.000]
[kpt   0   1   2]   -16.0797 [2.000]   -16.0789 [2.000]   -16.0716 [2.000]   -16.0681 [2.000]   -16.0596 [2.000]
[kpt   0   1   3]   -16.0504 [2.000]    -9.2643 [2.000]    -6.7793 [2.000]    -6.7742 [2.000]    -6.7701 [2.000]
[kpt   0   1   4]    -6.7689 [2.000]    -6.7671 [2.000]    -6.7630 [2.000]    -4.9853 [2.000]    -4.9838 [2.000]
[kpt   0   1   5]    -4.9800 [2.000]    -4.3258 [2.000]    -4.3246 [2.000]    -4.3184 [2.000]    -4.3153 [2.000]
[kpt   0   1   6]    -4.3108 [2.000]    -4.3100 [2.000]    -1.7890 [2.000]    -1.7872 [2.000]    -1.7817 [2.000]
[kpt   0   1   7]    -1.7806 [2.000]    -1.7751 [2.000]    -1.7738 [2.000]    -1.5223 [2.000]    -1.5217 [2.000]
[kpt   0   1   8]    -1.4334 [2.000]    -1.4289 [2.000]    -1.4271 [2.000]    -1.4238 [2.000]    -1.4193 [2.000]
[kpt   0   1   9]    -1.4161 [2.000]    -0.8948 [2.000]    -0.8871 [2.000]    -0.8866 [2.000]    -0.2752 [2.000]
[kpt   0   1  10]    -0.2708 [2.000]    -0.2692 [2.000]    -0.2621 [2.000]    -0.2609 [2.000]    -0.2568 [2.000]
[kpt   0   1  11]     0.5905 [2.000]     0.5943 [2.000]     0.5965 [2.000]     0.6028 [2.000]     0.6045 [2.000]
[kpt   0   1  12]     0.6074 [2.000]     1.3174 [2.000]     1.3189 [2.000]     1.3199 [2.000]     8.6481 [0.000]
[kpt   0   1  13]    11.2175 [0.000]    11.2183 [0.000]    11.2195 [0.000]    11.2218 [0.000]    11.2247 [0.000]
[kpt   0   1  14]    11.2282 [0.000]    11.7268 [0.000]    11.7285 [0.000]    11.7300 [0.000]    14.0254 [0.000]
[kpt   0   1  15]    14.0263 [0.000]    14.0270 [0.000]    14.0284 [0.000]    45.9709 [0.000]



Total charge in supercell =     128.00000000
 quench: [md:   0/100  scf:   1/30  step time:   0.13  scf time:     0.31 secs  RMS[dV]: 3.03e-02 ]


average potential <V> = 1.07e-17

Diagonalization using scalapack for step=2  count=3


FERMI ENERGY =      5.48604410 eV
@@ EIGENVALUE SUM     =      -53.701174 Ry
@@ ION_ION            =     -272.916107 Ry
@@ ELECTROSTATIC      =     -295.922124 Ry
@@ VXC                =     -181.555680 Ry
@@ EXC                =     -139.856352 Ry
@@ TOTAL ENERGY       =     -580.840075 Ry
@@ estimated error    =        2.04e-01 Ry
Charge normalization constant -1.0: 4.440892e-16
Charge density mixing: Linear with a constant of 0.50 


KOHN SHAM EIGENVALUES [eV] AT K-POINT [  0]:       0.000000      0.000000      0.000000

[kpt   0   2   0]   -18.4114 [2.000]   -17.3856 [2.000]   -17.3828 [2.000]   -17.3772 [2.000]   -17.3727 [2.000]
[kpt   0   2   1]   -17.3668 [2.000]   -17.3645 [2.000]   -15.9235 [2.000]   -15.9151 [2.000]   -15.9079 [2.000]
[kpt   0   2   2]   -15.9060 [2.000]   -15.9035 [2.000]   -15.9001 [2.000]   -15.8688 [2.000]   -15.8577 [2.000]
[kpt   0   2   3]   -15.8537 [2.000]    -9.1812 [2.000]    -6.6526 [2.000]    -6.6514 [2.000]    -6.6503 [2.000]
[kpt   0   2   4]    -6.6499 [2.000]    -6.6484 [2.000]    -6.6409 [2.000]    -4.8381 [2.000]    -4.8364 [2.000]
[kpt   0   2   5]    -4.8324 [2.000]    -4.1896 [2.000]    -4.1891 [2.000]    -4.1879 [2.000]    -4.1837 [2.000]
[kpt   0   2   6]    -4.1822 [2.000]    -4.1807 [2.000]    -1.6029 [2.000]    -1.6004 [2.000]    -1.5963 [2.000]
[kpt   0   2   7]    -1.5894 [2.000]    -1.5853 [2.000]    -1.5838 [2.000]    -1.3235 [2.000]    -1.3227 [2.000]
[kpt   0   2   8]    -1.2040 [2.000]    -1.2023 [2.000]    -1.1907 [2.000]    -1.1866 [2.000]    -1.1855 [2.000]
[kpt   0   2   9]    -1.1841 [2.000]    -0.6955 [2.000]    -0.6896 [2.000]    -0.6886 [2.000]    -0.0178 [2.000]
[kpt   0   2  10]    -0.0120 [2.000]    -0.0108 [2.000]     0.0045 [2.000]     0.0066 [2.000]     0.0123 [2.000]
[kpt   0   2  11]     0.8982 [2.000]     0.9030 [2.000]     0.9055 [2.000]     0.9084 [2.000]     0.9106 [2.000]
[kpt   0   2  12]     0.9158 [2.000]     1.6897 [2.000]     1.6941 [2.000]     1.6947 [2.000]     8.3670 [0.000]
[kpt   0   2  13]    11.0834 [0.000]    11.0850 [0.000]    11.0859 [0.000]    11.0900 [0.000]    11.0944 [0.000]
[kpt   0   2  14]    11.0980 [0.000]    11.3667 [0.000]    11.3701 [0.000]    11.3730 [0.000]    13.9129 [0.000]
[kpt   0   2  15]    13.9140 [0.000]    13.9143 [0.000]    13.9165 [0.000]    45.3152 [0.000]



Total charge in supercell =     128.00000000
 quench: [md:   0/100  scf:   2/30  step time:   0.13  scf time:     0.44 secs  RMS[dV]: 1.49e-02 ]


average potential <V> = 6.43e-16

Diagonalization using scalapack for step=3  count=4


FERMI ENERGY =      5.09163622 eV
@@ EIGENVALUE SUM     =      -55.166119 Ry
@@ ION_ION            =     -272.916107 Ry
@@ ELECTROSTATIC      =     -291.647752 Ry
@@ VXC                =     -180.146043 Ry
@@ EXC                =     -138.755671 Ry
@@ TOTAL ENERGY       =     -578.339607 Ry
@@ estimated error    =        3.09e-01 Ry
Charge normalization constant -1.0: -4.440892e-16
Charge density mixing: Linear with a constant of 0.50 


KOHN SHAM EIGENVALUES [eV] AT K-POINT [  0]:       0.000000      0.000000      0.000000

[kpt   0   3   0]   -18.5833 [2.000]   -17.5742 [2.000]   -17.5672 [2.000]   -17.5643 [2.000]   -17.5623 [2.000]
[kpt   0   3   1]   -17.5574 [2.000]   -17.5466 [2.000]   -16.1396 [2.000]   -16.1383 [2.000]   -16.1299 [2.000]
[kpt   0   3   2]   -16.1250 [2.000]   -16.1229 [2.000]   -16.1120 [2.000]   -16.0929 [2.000]   -16.0817 [2.000]
[kpt   0   3   3]   -16.0723 [2.000]    -9.2600 [2.000]    -6.7648 [2.000]    -6.7599 [2.000]    -6.7597 [2.000]
[kpt   0   3   4]    -6.7588 [2.000]    -6.7558 [2.000]    -6.7493 [2.000]    -4.9505 [2.000]    -4.9470 [2.000]
[kpt   0   3   5]    -4.9422 [2.000]    -4.3137 [2.000]    -4.3101 [2.000]    -4.3086 [2.000]    -4.3066 [2.000]
[kpt   0   3   6]    -4.3062 [2.000]    -4.3012 [2.000]    -1.7636 [2.000]    -1.7582 [2.000]    -1.7562 [2.000]
[kpt   0   3   7]    -1.7543 [2.000]    -1.7529 [2.000]    -1.7479 [2.000]    -1.4946 [2.000]    -1.4942 [2.000]
[kpt   0   3   8]    -1.3433 [2.000]    -1.3347 [2.000]    -1.3283 [2.000]    -1.3240 [2.000]    -1.3233 [2.000]
[kpt   0   3   9]    -1.3221 [2.000]    -0.8596 [2.000]    -0.8560 [2.000]    -0.8558 [2.000]    -0.1686 [2.000]
[kpt   0   3  10]    -0.1665 [2.000]    -0.1654 [2.000]    -0.1596 [2.000]    -0.1585 [2.000]    -0.1551 [2.000]
[kpt   0   3  11]     0.7511 [2.000]     0.7547 [2.000]     0.7563 [2.000]     0.7582 [2.000]     0.7598 [2.000]
[kpt   0   3  12]     0.7673 [2.000]     1.5546 [2.000]     1.5574 [2.000]     1.5616 [2.000]     8.0089 [0.000]
[kpt   0   3  13]    10.8413 [0.000]    10.8441 [0.000]    10.8456 [0.000]    10.8509 [0.000]    10.8560 [0.000]
[kpt   0   3  14]    10.8594 [0.000]    11.1296 [0.000]    11.1332 [0.000]    11.1367 [0.000]    13.7030 [0.000]
[kpt   0   3  15]    13.7045 [0.000]    13.7050 [0.000]    13.7062 [0.000]    44.5499 [0.000]



Total charge in supercell =     128.00000000
 quench: [md:   0/100  scf:   3/30  step time:   0.13  scf time:     0.57 secs  RMS[dV]: 1.43e-02 ]


average potential <V> = 9.09e-16
Davidson converged in 3 steps

FERMI ENERGY =      5.24240980 eV
@@ EIGENVALUE SUM     =      -56.633364 Ry
@@ ION_ION            =     -272.916107 Ry
@@ ELECTROSTATIC      =     -288.137432 Ry
@@ VXC                =     -179.023963 Ry
@@ EXC                =     -137.878561 Ry
@@ TOTAL ENERGY       =     -576.541501 Ry
@@ estimated error    =        1.79e-01 Ry
Charge normalization constant -1.0: 0.000000e+00
Charge density mixing: Broyden


KOHN SHAM EIGENVALUES [eV] AT K-POINT [  0]:       0.000000      0.000000      0.000000

[kpt   0   4   0]   -18.7473 [2.000]   -17.7647 [2.000]   -17.7518 [2.000]   -17.7447 [2.000]   -17.7414 [2.000]
[kpt   0   4   1]   -17.7326 [2.000]   -17.7120 [2.000]   -16.3681 [2.000]   -16.3584 [2.000]   -16.3413 [2.000]
[kpt   0   4   2]   -16.3391 [2.000]   -16.3335 [2.000]   -16.3175 [2.000]   -16.3100 [2.000]   -16.3006 [2.000]
[kpt   0   4   3]   -16.2751 [2.000]    -9.3711 [2.000]    -6.9142 [2.000]    -6.9043 [2.000]    -6.9012 [2.000]
[kpt   0   4   4]    -6.8981 [2.000]    -6.8893 [2.000]    -6.8751 [2.000]    -5.0916 [2.000]    -5.0800 [2.000]
[kpt   0   4   5]    -5.0684 [2.000]    -4.4688 [2.000]    -4.4592 [2.000]    -4.4487 [2.000]    -4.4472 [2.000]
[kpt   0   4   6]    -4.4369 [2.000]    -4.4223 [2.000]    -1.9355 [2.000]    -1.9220 [2.000]    -1.9199 [2.000]
[kpt   0   4   7]    -1.9177 [2.000]    -1.9127 [2.000]    -1.8993 [2.000]    -1.6529 [2.000]    -1.6514 [2.000]
[kpt   0   4   8]    -1.4959 [2.000]    -1.4826 [2.000]    -1.4788 [2.000]    -1.4768 [2.000]    -1.4734 [2.000]
[kpt   0   4   9]    -1.4559 [2.000]    -1.0073 [2.000]    -1.0066 [2.000]    -1.0061 [2.000]    -0.3258 [2.000]
[kpt   0   4  10]    -0.3110 [2.000]    -0.3060 [2.000]    -0.3028 [2.000]    -0.2974 [2.000]    -0.2791 [2.000]
[kpt   0   4  11]     0.6033 [2.000]     0.6216 [2.000]     0.6247 [2.000]     0.6265 [2.000]     0.6306 [2.000]
[kpt   0   4  12]     0.6497 [2.000]     1.4238 [2.000]     1.4359 [2.000]     1.4470 [2.000]     7.0933 [0.000]
[kpt   0   4  13]     9.9891 [0.000]     9.9968 [0.000]     9.9990 [0.000]    10.0006 [0.000]    10.0037 [0.000]
[kpt   0   4  14]    10.0057 [0.000]    10.5058 [0.000]    10.5073 [0.000]    10.5086 [0.000]    13.1941 [0.000]
[kpt   0   4  15]    13.2296 [0.000]    13.2340 [0.000]    13.2368 [0.000]    13.2390 [0.000]



Total charge in supercell =     128.00000000
 quench: [md:   0/100  scf:   4/30  step time:   0.18  scf time:     0.75 secs  RMS[dV]: 1.05e-02 ]


average potential <V> = -2.31e-16
Davidson converged in 2 steps

FERMI ENERGY =      5.00083026 eV
@@ EIGENVALUE SUM     =      -59.920221 Ry
@@ ION_ION            =     -272.916107 Ry
@@ ELECTROSTATIC      =     -284.560681 Ry
@@ VXC                =     -177.924640 Ry
@@ EXC                =     -137.017973 Ry
@@ TOTAL ENERGY       =     -576.490342 Ry
@@ estimated error    =        1.52e-01 Ry
Charge normalization constant -1.0: 4.440892e-16
Charge density mixing: Broyden


KOHN SHAM EIGENVALUES [eV] AT K-POINT [  0]:       0.000000      0.000000      0.000000

[kpt   0   5   0]   -19.0696 [2.000]   -18.1050 [2.000]   -18.0952 [2.000]   -18.0903 [2.000]   -18.0878 [2.000]
[kpt   0   5   1]   -18.0855 [2.000]   -18.0789 [2.000]   -16.7618 [2.000]   -16.7537 [2.000]   -16.7477 [2.000]
[kpt   0   5   2]   -16.7465 [2.000]   -16.7422 [2.000]   -16.7353 [2.000]   -16.7213 [2.000]   -16.7141 [2.000]
[kpt   0   5   3]   -16.7036 [2.000]    -9.5059 [2.000]    -7.1178 [2.000]    -7.1100 [2.000]    -7.1058 [2.000]
[kpt   0   5   4]    -7.1038 [2.000]    -7.1021 [2.000]    -7.0970 [2.000]    -5.3312 [2.000]    -5.3253 [2.000]
[kpt   0   5   5]    -5.3196 [2.000]    -4.7247 [2.000]    -4.7174 [2.000]    -4.7122 [2.000]    -4.7111 [2.000]
[kpt   0   5   6]    -4.7057 [2.000]    -4.7014 [2.000]    -2.2632 [2.000]    -2.2557 [2.000]    -2.2535 [2.000]
[kpt   0   5   7]    -2.2523 [2.000]    -2.2509 [2.000]    -2.2445 [2.000]    -2.0148 [2.000]    -2.0142 [2.000]
[kpt   0   5   8]    -1.8312 [2.000]    -1.8241 [2.000]    -1.8221 [2.000]    -1.8216 [2.000]    -1.8205 [2.000]
[kpt   0   5   9]    -1.8142 [2.000]    -1.3841 [2.000]    -1.3839 [2.000]    -1.3836 [2.000]    -0.7235 [2.000]
[kpt   0   5  10]    -0.7157 [2.000]    -0.7133 [2.000]    -0.7124 [2.000]    -0.7105 [2.000]    -0.7034 [2.000]
[kpt   0   5  11]     0.1692 [2.000]     0.1793 [2.000]     0.1814 [2.000]     0.1822 [2.000]     0.1835 [2.000]
[kpt   0   5  12]     0.1921 [2.000]     0.9367 [2.000]     0.9425 [2.000]     0.9482 [2.000]     6.8126 [0.000]
[kpt   0   5  13]     9.7617 [0.000]     9.7630 [0.000]     9.7637 [0.000]     9.7641 [0.000]     9.7656 [0.000]
[kpt   0   5  14]     9.7666 [0.000]    10.5158 [0.000]    10.5160 [0.000]    10.5162 [0.000]    12.2246 [0.000]
[kpt   0   5  15]    13.0211 [0.000]    13.0216 [0.000]    13.0227 [0.000]    13.0243 [0.000]



Total charge in supercell =     128.00000000
 quench: [md:   0/100  scf:   5/30  step time:   0.17  scf time:     0.91 secs  RMS[dV]: 9.21e-03 ]


average potential <V> = 3.34e-16
Davidson converged in 3 steps

FERMI ENERGY =      5.05852235 eV
@@ EIGENVALUE SUM     =      -58.693168 Ry
@@ ION_ION            =     -272.916107 Ry
@@ ELECTROSTATIC      =     -285.858584 Ry
@@ VXC                =     -178.251956 Ry
@@ EXC                =     -137.271822 Ry
@@ TOTAL ENERGY       =     -576.487724 Ry
@@ estimated error    =        9.78e-03 Ry
Charge normalization constant -1.0: -2.220446e-15
Charge density mixing: Broyden


KOHN SHAM EIGENVALUES [eV] AT K-POINT [  0]:       0.000000      0.000000      0.000000

[kpt   0   6   0]   -18.9377 [2.000]   -17.9563 [2.000]   -17.9553 [2.000]   -17.9548 [2.000]   -17.9545 [2.000]
[kpt   0   6   1]   -17.9535 [2.000]   -17.9517 [2.000]   -16.6058 [2.000]   -16.6049 [2.000]   -16.6038 [2.000]
[kpt   0   6   2]   -16.6035 [2.000]   -16.6026 [2.000]   -16.6010 [2.000]   -16.5737 [2.000]   -16.5719 [2.000]
[kpt   0   6   3]   -16.5701 [2.000]    -9.3771 [2.000]    -6.9696 [2.000]    -6.9687 [2.000]    -6.9684 [2.000]
[kpt   0   6   4]    -6.9682 [2.000]    -6.9675 [2.000]    -6.9662 [2.000]    -5.1927 [2.000]    -5.1918 [2.000]
[kpt   0   6   5]    -5.1908 [2.000]    -4.5663 [2.000]    -4.5656 [2.000]    -4.5647 [2.000]    -4.5644 [2.000]
[kpt   0   6   6]    -4.5636 [2.000]    -4.5624 [2.000]    -2.1454 [2.000]    -2.1443 [2.000]    -2.1441 [2.000]
[kpt   0   6   7]    -2.1440 [2.000]    -2.1436 [2.000]    -2.1426 [2.000]    -1.9011 [2.000]    -1.9009 [2.000]
[kpt   0   6   8]    -1.7121 [2.000]    -1.7111 [2.000]    -1.7106 [2.000]    -1.7105 [2.000]    -1.7102 [2.000]
[kpt   0   6   9]    -1.7085 [2.000]    -1.2532 [2.000]    -1.2531 [2.000]    -1.2530 [2.000]    -0.5935 [2.000]
[kpt   0   6  10]    -0.5924 [2.000]    -0.5921 [2.000]    -0.5917 [2.000]    -0.5910 [2.000]    -0.5895 [2.000]
[kpt   0   6  11]     0.3106 [2.000]     0.3121 [2.000]     0.3123 [2.000]     0.3124 [2.000]     0.3126 [2.000]
[kpt   0   6  12]     0.3140 [2.000]     1.0768 [2.000]     1.0777 [2.000]     1.0785 [2.000]     6.7890 [0.000]
[kpt   0   6  13]     9.7657 [0.000]     9.7662 [0.000]     9.7663 [0.000]     9.7664 [0.000]     9.7669 [0.000]
[kpt   0   6  14]     9.7671 [0.000]    10.5669 [0.000]    10.5672 [0.000]    10.5676 [0.000]    12.1642 [0.000]
[kpt   0   6  15]    13.0560 [0.000]    13.0566 [0.000]    13.0570 [0.000]    13.0573 [0.000]



Total charge in supercell =     128.00000000
 quench: [md:   0/100  scf:   6/30  step time:   0.18  scf time:     1.10 secs  RMS[dV]: 4.10e-03 ]


average potential <V> = -2.84e-17
Davidson converged in 3 steps

FERMI ENERGY =      5.06502873 eV
@@ EIGENVALUE SUM     =      -58.445126 Ry
@@ ION_ION            =     -272.916107 Ry
@@ ELECTROSTATIC      =     -286.120306 Ry
@@ VXC                =     -178.311475 Ry
@@ EXC                =     -137.317423 Ry
@@ TOTAL ENERGY       =     -576.487486 Ry
@@ estimated error    =        5.22e-04 Ry
Charge normalization constant -1.0: 1.332268e-15
Charge density mixing: Broyden


KOHN SHAM EIGENVALUES [eV] AT K-POINT [  0]:       0.000000      0.000000      0.000000

[kpt   0   7   0]   -18.9093 [2.000]   -17.9263 [2.000]   -17.9262 [2.000]   -17.9260 [2.000]   -17.9260 [2.000]
[kpt   0   7   1]   -17.9259 [2.000]   -17.9258 [2.000]   -16.5762 [2.000]   -16.5761 [2.000]   -16.5761 [2.000]
[kpt   0   7   2]   -16.5759 [2.000]   -16.5759 [2.000]   -16.5757 [2.000]   -16.5444 [2.000]   -16.5443 [2.000]
[kpt   0   7   3]   -16.5442 [2.000]    -9.3400 [2.000]    -6.9322 [2.000]    -6.9321 [2.000]    -6.9319 [2.000]
[kpt   0   7   4]    -6.9319 [2.000]    -6.9318 [2.000]    -6.9317 [2.000]    -5.1591 [2.000]    -5.1591 [2.000]
[kpt   0   7   5]    -5.1590 [2.000]    -4.5285 [2.000]    -4.5284 [2.000]    -4.5284 [2.000]    -4.5282 [2.000]
[kpt   0   7   6]    -4.5282 [2.000]    -4.5280 [2.000]    -2.1240 [2.000]    -2.1240 [2.000]    -2.1240 [2.000]
[kpt   0   7   7]    -2.1239 [2.000]    -2.1239 [2.000]    -2.1237 [2.000]    -1.8810 [2.000]    -1.8810 [2.000]
[kpt   0   7   8]    -1.6901 [2.000]    -1.6900 [2.000]    -1.6900 [2.000]    -1.6899 [2.000]    -1.6899 [2.000]
[kpt   0   7   9]    -1.6898 [2.000]    -1.2280 [2.000]    -1.2280 [2.000]    -1.2280 [2.000]    -0.5716 [2.000]
[kpt   0   7  10]    -0.5715 [2.000]    -0.5715 [2.000]    -0.5714 [2.000]    -0.5714 [2.000]    -0.5714 [2.000]
[kpt   0   7  11]     0.3338 [2.000]     0.3338 [2.000]     0.3339 [2.000]     0.3340 [2.000]     0.3340 [2.000]
[kpt   0   7  12]     0.3341 [2.000]     1.0980 [2.000]     1.0980 [2.000]     1.0981 [2.000]     6.7855 [0.000]
[kpt   0   7  13]     9.7601 [0.000]     9.7603 [0.000]     9.7603 [0.000]     9.7604 [0.000]     9.7607 [0.000]
[kpt   0   7  14]     9.7610 [0.000]    10.5885 [0.000]    10.5889 [0.000]    10.5891 [0.000]    12.1927 [0.000]
[kpt   0   7  15]    13.0503 [0.000]    13.0504 [0.000]    13.0505 [0.000]    13.0565 [0.000]



Total charge in supercell =     128.00000000
 quench: [md:   0/100  scf:   7/30  step time:   0.18  scf time:     1.29 secs  RMS[dV]: 8.92e-04 ]


average potential <V> = -2.88e-16
Davidson converged in 3 steps

FERMI ENERGY =      5.06441391 eV
@@ EIGENVALUE SUM     =      -58.389903 Ry
@@ ION_ION            =     -272.916107 Ry
@@ ELECTROSTATIC      =     -286.179378 Ry
@@ VXC                =     -178.328201 Ry
@@ EXC                =     -137.330197 Ry
@@ TOTAL ENERGY       =     -576.487383 Ry
@@ estimated error    =        3.64e-05 Ry
Charge normalization constant -1.0: 1.998401e-15
Charge density mixing: Broyden


KOHN SHAM EIGENVALUES [eV] AT K-POINT [  0]:       0.000000      0.000000      0.000000

[kpt   0   8   0]   -18.9030 [2.000]   -17.9201 [2.000]   -17.9200 [2.000]   -17.9198 [2.000]   -17.9197 [2.000]
[kpt   0   8   1]   -17.9197 [2.000]   -17.9195 [2.000]   -16.5702 [2.000]   -16.5701 [2.000]   -16.5700 [2.000]
[kpt   0   8   2]   -16.5698 [2.000]   -16.5698 [2.000]   -16.5697 [2.000]   -16.5385 [2.000]   -16.5382 [2.000]
[kpt   0   8   3]   -16.5380 [2.000]    -9.3325 [2.000]    -6.9249 [2.000]    -6.9248 [2.000]    -6.9247 [2.000]
[kpt   0   8   4]    -6.9246 [2.000]    -6.9246 [2.000]    -6.9245 [2.000]    -5.1525 [2.000]    -5.1524 [2.000]
[kpt   0   8   5]    -5.1523 [2.000]    -4.5215 [2.000]    -4.5214 [2.000]    -4.5213 [2.000]    -4.5211 [2.000]
[kpt   0   8   6]    -4.5211 [2.000]    -4.5210 [2.000]    -2.1191 [2.000]    -2.1190 [2.000]    -2.1189 [2.000]
[kpt   0   8   7]    -2.1188 [2.000]    -2.1188 [2.000]    -2.1187 [2.000]    -1.8760 [2.000]    -1.8760 [2.000]
[kpt   0   8   8]    -1.6849 [2.000]    -1.6848 [2.000]    -1.6847 [2.000]    -1.6847 [2.000]    -1.6846 [2.000]
[kpt   0   8   9]    -1.6845 [2.000]    -1.2224 [2.000]    -1.2224 [2.000]    -1.2224 [2.000]    -0.5667 [2.000]
[kpt   0   8  10]    -0.5666 [2.000]    -0.5665 [2.000]    -0.5664 [2.000]    -0.5664 [2.000]    -0.5662 [2.000]
[kpt   0   8  11]     0.3389 [2.000]     0.3390 [2.000]     0.3391 [2.000]     0.3392 [2.000]     0.3393 [2.000]
[kpt   0   8  12]     0.3394 [2.000]     1.1028 [2.000]     1.1029 [2.000]     1.1031 [2.000]     6.7855 [0.000]
[kpt   0   8  13]     9.7588 [0.000]     9.7589 [0.000]     9.7590 [0.000]     9.7591 [0.000]     9.7592 [0.000]
[kpt   0   8  14]     9.7593 [0.000]    10.5937 [0.000]    10.5941 [0.000]    10.5943 [0.000]    12.1994 [0.000]
[kpt   0   8  15]    13.0524 [0.000]    13.0525 [0.000]    13.0525 [0.000]    13.0536 [0.000]



Total charge in supercell =     128.00000000
 quench: [md:   0/100  scf:   8/30  step time:   0.20  scf time:     1.48 secs  RMS[dV]: 3.22e-04 ]


average potential <V> = 1.19e-15
Davidson converged in 4 steps

FERMI ENERGY =      5.06344146 eV
@@ EIGENVALUE SUM     =      -58.401662 Ry
@@ ION_ION            =     -272.916107 Ry
@@ ELECTROSTATIC      =     -286.167060 Ry
@@ VXC                =     -178.325802 Ry
@@ EXC                =     -137.328350 Ry
@@ TOTAL ENERGY       =     -576.487376 Ry
@@ estimated error    =        1.58e-06 Ry
Charge normalization constant -1.0: -6.661338e-16
Charge density mixing: Broyden


KOHN SHAM EIGENVALUES [eV] AT K-POINT [  0]:       0.000000      0.000000      0.000000

[kpt   0   9   0]   -18.9043 [2.000]   -17.9213 [2.000]   -17.9213 [2.000]   -17.9212 [2.000]   -17.9211 [2.000]
[kpt   0   9   1]   -17.9210 [2.000]   -17.9210 [2.000]   -16.5715 [2.000]   -16.5714 [2.000]   -16.5714 [2.000]
[kpt   0   9   2]   -16.5713 [2.000]   -16.5712 [2.000]   -16.5712 [2.000]   -16.5398 [2.000]   -16.5397 [2.000]
[kpt   0   9   3]   -16.5394 [2.000]    -9.3339 [2.000]    -6.9264 [2.000]    -6.9264 [2.000]    -6.9263 [2.000]
[kpt   0   9   4]    -6.9262 [2.000]    -6.9262 [2.000]    -6.9261 [2.000]    -5.1540 [2.000]    -5.1539 [2.000]
[kpt   0   9   5]    -5.1538 [2.000]    -4.5231 [2.000]    -4.5231 [2.000]    -4.5230 [2.000]    -4.5230 [2.000]
[kpt   0   9   6]    -4.5229 [2.000]    -4.5228 [2.000]    -2.1199 [2.000]    -2.1199 [2.000]    -2.1198 [2.000]
[kpt   0   9   7]    -2.1197 [2.000]    -2.1197 [2.000]    -2.1197 [2.000]    -1.8770 [2.000]    -1.8769 [2.000]
[kpt   0   9   8]    -1.6857 [2.000]    -1.6857 [2.000]    -1.6856 [2.000]    -1.6856 [2.000]    -1.6855 [2.000]
[kpt   0   9   9]    -1.6855 [2.000]    -1.2236 [2.000]    -1.2236 [2.000]    -1.2236 [2.000]    -0.5676 [2.000]
[kpt   0   9  10]    -0.5676 [2.000]    -0.5675 [2.000]    -0.5674 [2.000]    -0.5674 [2.000]    -0.5673 [2.000]
[kpt   0   9  11]     0.3378 [2.000]     0.3379 [2.000]     0.3379 [2.000]     0.3380 [2.000]     0.3381 [2.000]
[kpt   0   9  12]     0.3382 [2.000]     1.1017 [2.000]     1.1018 [2.000]     1.1019 [2.000]     6.7854 [0.000]
[kpt   0   9  13]     9.7577 [0.000]     9.7579 [0.000]     9.7580 [0.000]     9.7580 [0.000]     9.7581 [0.000]
[kpt   0   9  14]     9.7583 [0.000]    10.5927 [0.000]    10.5929 [0.000]    10.5930 [0.000]    12.1985 [0.000]
[kpt   0   9  15]    13.0522 [0.000]    13.0522 [0.000]    13.0523 [0.000]    13.0527 [0.000]



Total charge in supercell =     128.00000000
 quench: [md:   0/100  scf:   9/30  step time:   0.22  scf time:     1.70 secs  RMS[dV]: 5.22e-05 ]


average potential <V> = 3.34e-16
Davidson converged in 2 steps

FERMI ENERGY =      5.06353369 eV
@@ EIGENVALUE SUM     =      -58.398689 Ry
@@ ION_ION            =     -272.916107 Ry
@@ ELECTROSTATIC      =     -286.170302 Ry
@@ VXC                =     -178.327091 Ry
@@ EXC                =     -137.329371 Ry
@@ TOTAL ENERGY       =     -576.487378 Ry
@@ estimated error    =        3.73e-07 Ry
Charge normalization constant -1.0: -1.332268e-15
Charge density mixing: Broyden


KOHN SHAM EIGENVALUES [eV] AT K-POINT [  0]:       0.000000      0.000000      0.000000

[kpt   0  10   0]   -18.9040 [2.000]   -17.9209 [2.000]   -17.9209 [2.000]   -17.9209 [2.000]   -17.9208 [2.000]
[kpt   0  10   1]   -17.9208 [2.000]   -17.9208 [2.000]   -16.5710 [2.000]   -16.5710 [2.000]   -16.5710 [2.000]
[kpt   0  10   2]   -16.5709 [2.000]   -16.5709 [2.000]   -16.5709 [2.000]   -16.5393 [2.000]   -16.5392 [2.000]
[kpt   0  10   3]   -16.5392 [2.000]    -9.3339 [2.000]    -6.9263 [2.000]    -6.9263 [2.000]    -6.9262 [2.000]
[kpt   0  10   4]    -6.9262 [2.000]    -6.9262 [2.000]    -6.9262 [2.000]    -5.1538 [2.000]    -5.1537 [2.000]
[kpt   0  10   5]    -5.1537 [2.000]    -4.5230 [2.000]    -4.5230 [2.000]    -4.5229 [2.000]    -4.5229 [2.000]
[kpt   0  10   6]    -4.5229 [2.000]    -4.5229 [2.000]    -2.1194 [2.000]    -2.1194 [2.000]    -2.1194 [2.000]
[kpt   0  10   7]    -2.1194 [2.000]    -2.1194 [2.000]    -2.1194 [2.000]    -1.8765 [2.000]    -1.8765 [2.000]
[kpt   0  10   8]    -1.6852 [2.000]    -1.6852 [2.000]    -1.6852 [2.000]    -1.6852 [2.000]    -1.6852 [2.000]
[kpt   0  10   9]    -1.6851 [2.000]    -1.2233 [2.000]    -1.2233 [2.000]    -1.2233 [2.000]    -0.5671 [2.000]
[kpt   0  10  10]    -0.5671 [2.000]    -0.5670 [2.000]    -0.5670 [2.000]    -0.5670 [2.000]    -0.5670 [2.000]
[kpt   0  10  11]     0.3384 [2.000]     0.3384 [2.000]     0.3385 [2.000]     0.3385 [2.000]     0.3385 [2.000]
[kpt   0  10  12]     0.3385 [2.000]     1.1023 [2.000]     1.1024 [2.000]     1.1024 [2.000]     6.7855 [0.000]
[kpt   0  10  13]     9.7573 [0.000]     9.7575 [0.000]     9.7576 [0.000]     9.7576 [0.000]     9.7577 [0.000]
[kpt   0  10  14]     9.7578 [0.000]    10.5923 [0.000]    10.5924 [0.000]    10.5925 [0.000]    12.1984 [0.000]
[kpt   0  10  15]    13.0524 [0.000]    13.0524 [0.000]    13.0524 [0.000]    13.0527 [0.000]



Total charge in supercell =     128.00000000
 quench: [md:   0/100  scf:  10/30  step time:   0.16  scf time:     1.87 secs  RMS[dV]: 2.36e-05 ]


average potential <V> = -6.57e-16
Davidson converged in 3 steps

FERMI ENERGY =      5.06352250 eV
@@ EIGENVALUE SUM     =      -58.397414 Ry
@@ ION_ION            =     -272.916107 Ry
@@ ELECTROSTATIC      =     -286.171673 Ry
@@ VXC                =     -178.327546 Ry
@@ EXC                =     -137.329732 Ry
@@ TOTAL ENERGY       =     -576.487379 Ry
@@ estimated error    =        1.45e-08 Ry
Charge normalization constant -1.0: 2.220446e-16
Charge density mixing: Broyden


KOHN SHAM EIGENVALUES [eV] AT K-POINT [  0]:       0.000000      0.000000      0.000000

[kpt   0  11   0]   -18.9039 [2.000]   -17.9207 [2.000]   -17.9207 [2.000]   -17.9207 [2.000]   -17.9207 [2.000]
[kpt   0  11   1]   -17.9207 [2.000]   -17.9207 [2.000]   -16.5708 [2.000]   -16.5708 [2.000]   -16.5708 [2.000]
[kpt   0  11   2]   -16.5708 [2.000]   -16.5708 [2.000]   -16.5708 [2.000]   -16.5391 [2.000]   -16.5391 [2.000]
[kpt   0  11   3]   -16.5391 [2.000]    -9.3338 [2.000]    -6.9261 [2.000]    -6.9261 [2.000]    -6.9261 [2.000]
[kpt   0  11   4]    -6.9261 [2.000]    -6.9261 [2.000]    -6.9261 [2.000]    -5.1536 [2.000]    -5.1536 [2.000]
[kpt   0  11   5]    -5.1536 [2.000]    -4.5228 [2.000]    -4.5228 [2.000]    -4.5228 [2.000]    -4.5228 [2.000]
[kpt   0  11   6]    -4.5228 [2.000]    -4.5228 [2.000]    -2.1193 [2.000]    -2.1193 [2.000]    -2.1193 [2.000]
[kpt   0  11   7]    -2.1193 [2.000]    -2.1193 [2.000]    -2.1193 [2.000]    -1.8764 [2.000]    -1.8764 [2.000]
[kpt   0  11   8]    -1.6850 [2.000]    -1.6850 [2.000]    -1.6850 [2.000]    -1.6850 [2.000]    -1.6850 [2.000]
[kpt   0  11   9]    -1.6850 [2.000]    -1.2231 [2.000]    -1.2231 [2.000]    -1.2231 [2.000]    -0.5669 [2.000]
[kpt   0  11  10]    -0.5669 [2.000]    -0.5669 [2.000]    -0.5669 [2.000]    -0.5669 [2.000]    -0.5669 [2.000]
[kpt   0  11  11]     0.3386 [2.000]     0.3386 [2.000]     0.3386 [2.000]     0.3386 [2.000]     0.3386 [2.000]
[kpt   0  11  12]     0.3386 [2.000]     1.1025 [2.000]     1.1025 [2.000]     1.1025 [2.000]     6.7856 [0.000]
[kpt   0  11  13]     9.7571 [0.000]     9.7573 [0.000]     9.7573 [0.000]     9.7573 [0.000]     9.7574 [0.000]
[kpt   0  11  14]     9.7574 [0.000]    10.5921 [0.000]    10.5922 [0.000]    10.5923 [0.000]    12.1985 [0.000]
[kpt   0  11  15]    13.0525 [0.000]    13.0525 [0.000]    13.0525 [0.000]    13.0527 [0.000]



Total charge in supercell =     128.00000000
 quench: [md:   0/100  scf:  11/30  step time:   0.22  scf time:     2.08 secs  RMS[dV]: 9.15e-06 ]


average potential <V> = -1.46e-16
Davidson converged in 2 steps

FERMI ENERGY =      5.06342144 eV
@@ EIGENVALUE SUM     =      -58.397923 Ry
@@ ION_ION            =     -272.916107 Ry
@@ ELECTROSTATIC      =     -286.171122 Ry
@@ VXC                =     -178.327353 Ry
@@ EXC                =     -137.329581 Ry
@@ TOTAL ENERGY       =     -576.487379 Ry
@@ estimated error    =        6.50e-09 Ry
Charge normalization constant -1.0: 2.220446e-15
Charge density mixing: Broyden


KOHN SHAM EIGENVALUES [eV] AT K-POINT [  0]:       0.000000      0.000000      0.000000

[kpt   0  12   0]   -18.9040 [2.000]   -17.9208 [2.000]   -17.9208 [2.000]   -17.9208 [2.000]   -17.9208 [2.000]
[kpt   0  12   1]   -17.9207 [2.000]   -17.9207 [2.000]   -16.5709 [2.000]   -16.5709 [2.000]   -16.5709 [2.000]
[kpt   0  12   2]   -16.5709 [2.000]   -16.5709 [2.000]   -16.5709 [2.000]   -16.5392 [2.000]   -16.5392 [2.000]
[kpt   0  12   3]   -16.5392 [2.000]    -9.3338 [2.000]    -6.9261 [2.000]    -6.9261 [2.000]    -6.9261 [2.000]
[kpt   0  12   4]    -6.9261 [2.000]    -6.9261 [2.000]    -6.9261 [2.000]    -5.1537 [2.000]    -5.1537 [2.000]
[kpt   0  12   5]    -5.1537 [2.000]    -4.5228 [2.000]    -4.5228 [2.000]    -4.5228 [2.000]    -4.5228 [2.000]
[kpt   0  12   6]    -4.5228 [2.000]    -4.5228 [2.000]    -2.1193 [2.000]    -2.1193 [2.000]    -2.1193 [2.000]
[kpt   0  12   7]    -2.1193 [2.000]    -2.1193 [2.000]    -2.1193 [2.000]    -1.8765 [2.000]    -1.8765 [2.000]
[kpt   0  12   8]    -1.6851 [2.000]    -1.6851 [2.000]    -1.6851 [2.000]    -1.6851 [2.000]    -1.6851 [2.000]
[kpt   0  12   9]    -1.6851 [2.000]    -1.2232 [2.000]    -1.2232 [2.000]    -1.2232 [2.000]    -0.5670 [2.000]
[kpt   0  12  10]    -0.5669 [2.000]    -0.5669 [2.000]    -0.5669 [2.000]    -0.5669 [2.000]    -0.5669 [2.000]
[kpt   0  12  11]     0.3385 [2.000]     0.3386 [2.000]     0.3386 [2.000]     0.3386 [2.000]     0.3386 [2.000]
[kpt   0  12  12]     0.3386 [2.000]     1.1024 [2.000]     1.1024 [2.000]     1.1025 [2.000]     6.7855 [0.000]
[kpt   0  12  13]     9.7569 [0.000]     9.7570 [0.000]     9.7570 [0.000]     9.7570 [0.000]     9.7570 [0.000]
[kpt   0  12  14]     9.7571 [0.000]    10.5920 [0.000]    10.5920 [0.000]    10.5921 [0.000]    12.1985 [0.000]
[kpt   0  12  15]    13.0524 [0.000]    13.0524 [0.000]    13.0525 [0.000]    13.0525 [0.000]



Total charge in supercell =     128.00000000
 quench: [md:   0/100  scf:  12/30  step time:   0.16  scf time:     2.24 secs  RMS[dV]: 2.49e-06 ]


average potential <V> = 3.20e-16
Davidson converged in 3 steps

FERMI ENERGY =      5.06338853 eV
@@ EIGENVALUE SUM     =      -58.397857 Ry
@@ ION_ION            =     -272.916107 Ry
@@ ELECTROSTATIC      =     -286.171189 Ry
@@ VXC                =     -178.327367 Ry
@@ EXC                =     -137.329593 Ry
@@ TOTAL ENERGY       =     -576.487379 Ry
@@ estimated error    =        4.71e-10 Ry
Charge normalization constant -1.0: 1.110223e-15
Charge density mixing: Broyden


KOHN SHAM EIGENVALUES [eV] AT K-POINT [  0]:       0.000000      0.000000      0.000000

[kpt   0  13   0]   -18.9039 [2.000]   -17.9208 [2.000]   -17.9208 [2.000]   -17.9207 [2.000]   -17.9207 [2.000]
[kpt   0  13   1]   -17.9207 [2.000]   -17.9207 [2.000]   -16.5709 [2.000]   -16.5709 [2.000]   -16.5709 [2.000]
[kpt   0  13   2]   -16.5709 [2.000]   -16.5709 [2.000]   -16.5709 [2.000]   -16.5392 [2.000]   -16.5392 [2.000]
[kpt   0  13   3]   -16.5392 [2.000]    -9.3338 [2.000]    -6.9261 [2.000]    -6.9261 [2.000]    -6.9261 [2.000]
[kpt   0  13   4]    -6.9261 [2.000]    -6.9261 [2.000]    -6.9261 [2.000]    -5.1537 [2.000]    -5.1537 [2.000]
[kpt   0  13   5]    -5.1537 [2.000]    -4.5228 [2.000]    -4.5228 [2.000]    -4.5228 [2.000]    -4.5228 [2.000]
[kpt   0  13   6]    -4.5228 [2.000]    -4.5228 [2.000]    -2.1193 [2.000]    -2.1193 [2.000]    -2.1193 [2.000]
[kpt   0  13   7]    -2.1193 [2.000]    -2.1193 [2.000]    -2.1193 [2.000]    -1.8765 [2.000]    -1.8765 [2.000]
[kpt   0  13   8]    -1.6851 [2.000]    -1.6851 [2.000]    -1.6851 [2.000]    -1.6851 [2.000]    -1.6851 [2.000]
[kpt   0  13   9]    -1.6851 [2.000]    -1.2232 [2.000]    -1.2232 [2.000]    -1.2232 [2.000]    -0.5669 [2.000]
[kpt   0  13  10]    -0.5669 [2.000]    -0.5669 [2.000]    -0.5669 [2.000]    -0.5669 [2.000]    -0.5669 [2.000]
[kpt   0  13  11]     0.3386 [2.000]     0.3386 [2.000]     0.3386 [2.000]     0.3386 [2.000]     0.3386 [2.000]
[kpt   0  13  12]     0.3386 [2.000]     1.1024 [2.000]     1.1024 [2.000]     1.1025 [2.000]     6.7855 [0.000]
[kpt   0  13  13]     9.7568 [0.000]     9.7569 [0.000]     9.7569 [0.000]     9.7569 [0.000]     9.7569 [0.000]
[kpt   0  13  14]     9.7569 [0.000]    10.5920 [0.000]    10.5920 [0.000]    10.5920 [0.000]    12.1985 [0.000]
[kpt   0  13  15]    13.0524 [0.000]    13.0524 [0.000]    13.0525 [0.000]    13.0525 [0.000]



Total charge in supercell =     128.00000000
 quench: [md:   0/100  scf:  13/30  step time:   0.22  scf time:     2.46 secs  RMS[dV]: 1.35e-06 ]



 Convergence criterion reached: Energy variation (6.65e-11) is lower than threshold (1.00e-10)

potential convergence has been achieved. stopping ...

[   0  14   14        3 ] Quench.cpp: 
@@ TOTAL ENEGY Components 
@@ ION_ION            =     -272.916107 Ry
@@ ELECTROSTATIC      =      286.171189 Ry
@@ EXC                =     -137.329613 Ry
@@ vdw correction     =        0.000000 Ry
@@ LdaU correction    =        0.000000 Ry
@@ total              =        0.000000 Ry
final total energy from eig sum =    -576.48737879 Ry


KOHN SHAM EIGENVALUES [eV] AT K-POINT [  0]:       0.000000      0.000000      0.000000

[kpt   0  14   0]   -18.9039 [2.000]   -17.9208 [2.000]   -17.9208 [2.000]   -17.9207 [2.000]   -17.9207 [2.000]
[kpt   0  14   1]   -17.9207 [2.000]   -17.9207 [2.000]   -16.5709 [2.000]   -16.5709 [2.000]   -16.5709 [2.000]
[kpt   0  14   2]   -16.5709 [2.000]   -16.5709 [2.000]   -16.5709 [2.000]   -16.5392 [2.000]   -16.5392 [2.000]
[kpt   0  14   3]   -16.5392 [2.000]    -9.3338 [2.000]    -6.9261 [2.000]    -6.9261 [2.000]    -6.9261 [2.000]
[kpt   0  14   4]    -6.9261 [2.000]    -6.9261 [2.000]    -6.9261 [2.000]    -5.1537 [2.000]    -5.1537 [2.000]
[kpt   0  14   5]    -5.1537 [2.000]    -4.5228 [2.000]    -4.5228 [2.000]    -4.5228 [2.000]    -4.5228 [2.000]
[kpt   0  14   6]    -4.5228 [2.000]    -4.5228 [2.000]    -2.1193 [2.000]    -2.1193 [2.000]    -2.1193 [2.000]
[kpt   0  14   7]    -2.1193 [2.000]    -2.1193 [2.000]    -2.1193 [2.000]    -1.8765 [2.000]    -1.8765 [2.000]
[kpt   0  14   8]    -1.6851 [2.000]    -1.6851 [2.000]    -1.6851 [2.000]    -1.6851 [2.000]    -1.6851 [2.000]
[kpt   0  14   9]    -1.6851 [2.000]    -1.2232 [2.000]    -1.2232 [2.000]    -1.2232 [2.000]    -0.5669 [2.000]
[kpt   0  14  10]    -0.5669 [2.000]    -0.5669 [2.000]    -0.5669 [2.000]    -0.5669 [2.000]    -0.5669 [2.000]
[kpt   0  14  11]     0.3386 [2.000]     0.3386 [2.000]     0.3386 [2.000]     0.3386 [2.000]     0.3386 [2.000]
[kpt   0  14  12]     0.3386 [2.000]     1.1024 [2.000]     1.1024 [2.000]     1.1025 [2.000]     6.7855 [0.000]
[kpt   0  14  13]     9.7568 [0.000]     9.7569 [0.000]     9.7569 [0.000]     9.7569 [0.000]     9.7569 [0.000]
[kpt   0  14  14]     9.7569 [0.000]    10.5920 [0.000]    10.5920 [0.000]    10.5920 [0.000]    12.1985 [0.000]
[kpt   0  14  15]    13.0524 [0.000]    13.0524 [0.000]    13.0525 [0.000]    13.0525 [0.000]



Total charge in supercell =     128.00000000
 volume and energy per atom =        15.03933867       -326.81291091 eV

 Vdd took 0.000216 seconds
WriteRestart: Output file given as /dev/null, no restart data written ...



  IONIC POSITIONS [a0] AND FORCES [Ry/a0]
  Charge analysis using: Voronoi Deformation Density

@ION  Ion  Species       X           Y           Z       Charge       FX          FY         FZ      Movable
@ION    1    Si      0.0000000   0.0000000   0.0000000    0.440    0.0000001  -0.0000001  -0.0000000  1 1 1
@ION    2    Si      3.3637125   3.3637125   3.3637125    0.441   -0.0000001   0.0000001  -0.0000000  1 1 1
@ION    3    Si     10.0911375   3.3637125  10.0911375    0.440   -0.0000001  -0.0000001  -0.0000001  1 1 1
@ION    4    Si      3.3637125  10.0911375  10.0911375    0.440   -0.0000002   0.0000000  -0.0000000  1 1 1
@ION    5    Si     10.0911375  10.0911375   3.3637125    0.440   -0.0000002  -0.0000000  -0.0000001  1 1 1
@ION    6    Si      0.0000000   6.7274250   6.7274250    0.438    0.0000001   0.0000000   0.0000000  1 1 1
@ION    7    Si      6.7274250   0.0000000   6.7274250    0.438    0.0000002   0.0000000   0.0000000  1 1 1
@ION    8    Si      6.7274250   6.7274250   0.0000000    0.436    0.0000001   0.0000001   0.0000002  1 1 1
@ION    9     O      1.6818563   1.6818563   1.6818563   -0.213    0.0000001   0.0000001   0.0000001  1 1 1
@ION   10     O     11.7729938   1.6818563  11.7729938   -0.213    0.0000000   0.0000000  -0.0000001  1 1 1
@ION   11     O      1.6818563  11.7729938  11.7729938   -0.218    0.0000001  -0.0000001  -0.0000001  1 1 1
@ION   12     O     11.7729938  11.7729938   1.6818563   -0.222    0.0000000   0.0000000   0.0000000  1 1 1
@ION   13     O      1.6818563   8.4092813   8.4092813   -0.213    0.0000000   0.0000000   0.0000000  1 1 1
@ION   14     O      8.4092813   1.6818563   8.4092813   -0.214   -0.0000001   0.0000000   0.0000000  1 1 1
@ION   15     O      8.4092813   8.4092813   1.6818563   -0.215   -0.0000000  -0.0000000  -0.0000001  1 1 1
@ION   16     O     11.7729938   8.4092813   5.0455688   -0.217   -0.0000000   0.0000000  -0.0000001  1 1 1
@ION   17     O      5.0455688   1.6818563   5.0455688   -0.214   -0.0000000   0.0000000  -0.0000000  1 1 1
@ION   18     O      5.0455688   8.4092813  11.7729938   -0.217   -0.0000000  -0.0000000  -0.0000000  1 1 1
@ION   19     O      1.6818563   5.0455688   5.0455688   -0.223    0.0000001  -0.0000000   0.0000000  1 1 1
@ION   20     O      8.4092813  11.7729938   5.0455688   -0.225   -0.0000001   0.0000000  -0.0000000  1 1 1
@ION   21     O      8.4092813   5.0455688  11.7729938   -0.222    0.0000000  -0.0000000  -0.0000000  1 1 1
@ION   22     O     11.7729938   5.0455688   8.4092813   -0.228    0.0000000  -0.0000000   0.0000001  1 1 1
@ION   23     O      5.0455688  11.7729938   8.4092813   -0.228   -0.0000001  -0.0000000   0.0000000  1 1 1
@ION   24     O      5.0455688   5.0455688   1.6818563   -0.229    0.0000000   0.0000000   0.0000000  1 1 1

 mean FX      =   0.00000007 Ry/a0
 mean FY      =   0.00000004 Ry/a0
 mean FZ      =   0.00000005 Ry/a0

 max FX       =   0.00000020 Ry/a0   (ion 7)
 max FY       =   0.00000011 Ry/a0   (ion 1)
 max FZ       =   0.00000017 Ry/a0   (ion 8)
 max F[x,y,z] =   0.00000020 Ry/a0
 max |F|      =   0.00000021 Ry/a0   (ion 8)

 sum FX       =   0.00000005 Ry/a0
 sum FY       =   0.00000005 Ry/a0
 sum FZ       =  -0.00000016 Ry/a0
 Average      =   0.00000009 Ry/a0
 sqrt < F^2 > =   0.00000007 Ry/a0

WriteRestart: Output file given as /dev/null, no restart data written ...


--------TIMING INFORMATION FOR Processor owned the most atoms----------------
                                        Total time               Per SCF/step

1-TOTAL                                             3.56                0.25
-----------------------------------------------------------------------------
  1-TOTAL: Init                                     0.89                0.06
  1-TOTAL: run                                      2.67                0.19
  ---------------------------------------------------------------------------
    1-TOTAL: run: Force                             0.20                0.01
    1-TOTAL: run: Scf steps                         2.42                0.17

2-Force                                             0.20                0.01
-----------------------------------------------------------------------------
  2-Force: core correction                          0.00                0.00
  2-Force: corrections                              0.04                0.00
  2-Force: ion-ion                                  0.03                0.00
  2-Force: local                                    0.04                0.00
  2-Force: non-local                                0.07                0.01
  2-Force: non-local-betaxpsi                       0.01                0.00
  2-Force: non-local-get gamma                      0.00                0.00
  2-Force: non-local-nlforce_par_Q                  0.00                0.00
  2-Force: non-local-nlforce_par_gamma              0.00                0.00
  2-Force: non-local-nlforce_par_omega              0.00                0.00
  2-Force: non-local-partial gamma                  0.00                0.00
  2-Force: non-local-veff grad                      0.00                0.00

2-Init                                              0.89                0.06
-----------------------------------------------------------------------------
  2-Init: GetNewRho                                 0.02                0.00
  2-Init: KpointClass                               0.43                0.03
  2-Init: LcaoGetPsi                                0.02                0.00
  2-Init: LcaoGetRho                                0.04                0.00
  2-Init: ReinitIonicPotentials                     0.05                0.00
  2-Init: betaxpsi                                  0.01                0.00
  2-Init: exchange/correlation                      0.01                0.00
  2-Init: hartree                                   0.01                0.00
  2-Init: normalization                             0.00                0.00
  2-Init: radial potentials                         0.22                0.02
  2-Init: subdiag                                   0.02                0.00
  2-Init: weights                                   0.00                0.00

2-Scf steps                                         2.42                0.17
-----------------------------------------------------------------------------
  2-Scf steps: Davidson                             1.52                0.11
  2-Scf steps: GetNewRho                            0.21                0.01
  2-Scf steps: Hartree                              0.13                0.01
  2-Scf steps: MgridSubspace                        0.37                0.03
  2-Scf steps: MixRho                               0.01                0.00
  2-Scf steps: exchange/correlation                 0.12                0.01

3-MgridSubspace                                     0.37                0.03
-----------------------------------------------------------------------------
  3-MgridSubspace: AppNls                           0.03                0.00
  3-MgridSubspace: Beta x psi                       0.04                0.00
  3-MgridSubspace: Diagonalization                  0.06                0.00
  3-MgridSubspace: Mg_eig                           0.24                0.02

3-ReinitIonicPotentials                             0.05                0.00
-----------------------------------------------------------------------------
  3-ReinitIonicPotentials: GetNlop                  0.00                0.00
  3-ReinitIonicPotentials: GetWeight                0.03                0.00
  3-ReinitIonicPotentials: get_QI                   0.00                0.00
  3-ReinitIonicPotentials: get_qqq                  0.00                0.00
  3-ReinitIonicPotentials: init_nuc                 0.02                0.00

4-Diagonalization                                   0.08                0.01
-----------------------------------------------------------------------------
  4-Diagonalization: ELPA/PDSYGVX/PZHEGVX           0.01                0.00
  4-Diagonalization: Hpsi                           0.04                0.00
  4-Diagonalization: MPI_Bcast                      0.00                0.00
  4-Diagonalization: Update orbitals                0.01                0.00
  ---------------------------------------------------------------------------
    4-Diagonalization: Update orbitals: gather           0.00                0.00
    4-Diagonalization: Update orbitals: gemm           0.01                0.00
  4-Diagonalization: matrix                         0.01                0.00
  ---------------------------------------------------------------------------
    4-Diagonalization: matrix: Allreduce            0.00                0.00
    4-Diagonalization: matrix: Gemm                 0.01                0.00

5-Functional                                        0.13                0.01
-----------------------------------------------------------------------------
  5-Functional: apply gradient                      0.01                0.00
  5-Functional: apply laplacian                     0.00                0.00
  5-Functional: libxc                               0.06                0.00
  5-Functional: vxc                                 0.13                0.01
  5-Functional: vxc grad                            0.07                0.01
  5-Functional: vxc local                           0.02                0.00
  5-Functional: vxc nonlocal                        0.00                0.00

6-Davidson                                          1.52                0.11
-----------------------------------------------------------------------------
  6-Davidson: Betaxpsi                              0.14                0.01
  6-Davidson: apply hamiltonian                     0.25                0.02
  6-Davidson: diagonalization                       0.26                0.02
  6-Davidson: generate residuals                    0.08                0.01
  6-Davidson: matrix setup/reduce                   0.17                0.01
  6-Davidson: normalization                         0.00                0.00
  6-Davidson: precondition                          0.53                0.04
  6-Davidson: rotate orbitals                       0.04                0.00

AppNls                                              0.15                0.01
-----------------------------------------------------------------------------
  AppNls: data_rearrange                            0.00                0.00
  ---------------------------------------------------------------------------
    AppNls: data_rearrange: alloc and zeros           0.00                0.00
    AppNls: data_rearrange: dnm                     0.00                0.00
    AppNls: data_rearrange: sint                    0.00                0.00
  AppNls: nv                                        0.13                0.01
  AppNls: nv_work                                   0.00                0.00

App_gradient                                        0.01                0.00

CPUFD                                               0.00                0.00

Compute Hpsi                                        0.04                0.00
-----------------------------------------------------------------------------
  Compute Hpsi: AppNls                              0.02                0.00
  Compute Hpsi: Threaded Apply H                    0.03                0.00

GlobalSums                                          0.14                0.01

Init                                                0.45                0.03

Init Voronoi                                        0.04                0.00

Mix rho                                             0.01                0.00
-----------------------------------------------------------------------------
  Mix rho: Broyden                                  0.01                0.00
  Mix rho: Linear                                   0.00                0.00

Orbital                                             0.00                0.00
-----------------------------------------------------------------------------
  Orbital: phase and set                            0.00                0.00
  Orbital: proj cal                                 0.00                0.00
  Trade images: trade_images                        0.00                0.00
  Trade images: trade_imagesx                       0.01                0.00

VhPfft                                              0.07                0.00

Weight                                              0.00                0.00

radial beta                                         0.19                0.01


------------------------- TIMING INFORMATION FOR THREADS  -------------------

                                           Min            Max            Avg
CPUFD                                      0.05           0.05           0.05
-----------------------------------------------------------------------------

GlobalSums                                 0.05           0.05           0.05
-----------------------------------------------------------------------------

Mg_eig                                     0.23           0.23           0.23
-----------------------------------------------------------------------------
  Mg_eig: apply hamiltonian                0.08           0.08           0.08
  Mg_eig: mgrid_solv                       0.11           0.11           0.11
  Trade images: trade_images               0.48           0.48           0.48
  Trade images: trade_imagesx              0.25           0.25           0.25
