RMG initialization ... 1 image(s) total, 1 per node. 32 MPI processes/image. Thread level 2.
FFT-FD  0.000000e+00   7.854626e-01   7.852068e-01   2.558265e-04
FFT-FD  1.000000e+00   7.854626e-01   7.855604e-01   -9.784907e-05
IP=0 M = -3.536756e-04  7.233366e-01  2.558265e-04
FFT-FD  0.000000e+00   2.257188e+00   2.255645e+00   1.542482e-03
FFT-FD  1.000000e+00   2.257188e+00   2.258484e+00   -1.296481e-03
IP=1 M = -2.838963e-03  5.433260e-01  1.542482e-03
FFT-FD  0.000000e+00   2.257188e+00   2.255645e+00   1.542482e-03
FFT-FD  1.000000e+00   2.257188e+00   2.258484e+00   -1.296481e-03
IP=2 M = -2.838963e-03  5.433260e-01  1.542482e-03
FFT-FD  0.000000e+00   2.257188e+00   2.255645e+00   1.542482e-03
FFT-FD  1.000000e+00   2.257188e+00   2.258484e+00   -1.296481e-03
IP=3 M = -2.838963e-03  5.433260e-01  1.542482e-03
FFT-FD  0.000000e+00   2.678435e-01   2.678405e-01   2.928576e-06
FFT-FD  1.000000e+00   2.678435e-01   2.678579e-01   -1.443718e-05
IP=0 M = -1.736576e-05  1.686408e-01  2.928576e-06
FFT-FD  0.000000e+00   3.882435e-01   3.882433e-01   1.162814e-07
FFT-FD  1.000000e+00   3.882435e-01   3.882451e-01   -1.678212e-06
IP=1 M = -1.794493e-06  6.479904e-02  1.162814e-07
FFT-FD  0.000000e+00   3.882435e-01   3.882433e-01   1.162814e-07
FFT-FD  1.000000e+00   3.882435e-01   3.882451e-01   -1.678212e-06
IP=2 M = -1.794493e-06  6.479904e-02  1.162814e-07
FFT-FD  0.000000e+00   3.882435e-01   3.882433e-01   1.162814e-07
FFT-FD  1.000000e+00   3.882435e-01   3.882451e-01   -1.678212e-06
IP=3 M = -1.794493e-06  6.479904e-02  1.162814e-07
NEWCFAC = 0.551718  0.551718


                     * * * * * * * * * *
                     *    R   M   G    *
                     * * * * * * * * * *

     -- A Real Space Multigrid Electronic structure code --
     --      More information at www.rmgdft.org          --

Code Revision:     v5.1.0_53_g887bfc3b
Build Date:        May 15 2023  14:30:00
Start time:        Wed May 17 14:09:12 2023

NOTICE: RMG internal pseudopotentials have switched to
ONCVP from Ultrasoft. You can revert to Ultrasoft by
adding the input tag internal_pseudo_type="ultrasoft" to
your input files.


Files
   Control input file:        input2
   Data output file:          /dev/null

Run Setup
    Calculation type:         Quench electrons - Fixed ions SCF calculation
    Description:              SiO2
    Orbital Initialization:   LCAO (96 LCAO and 0 random orbitals)
    Exchange Correlation:     pbe
    Spin Polarization:        OFF
    System charge:            Neutral

Processor Topology
   Total PEs:                 32
   X direction:               4
   Y direction:               4
   Z direction:               2
   MG Threads/PE:             1
   OMP Threads/PE:            1

Grid Points  (Linear Anisotropy: 1.000)
    X:  Total: 44   Per PE: 11   Spacing:0.306 a0  
    Y:  Total: 44   Per PE: 11   Spacing:0.306 a0  
    Z:  Total: 44   Per PE: 22   Spacing:0.306 a0  

    Equivalent energy cutoffs (psi,rho):   105.547    422.189 Ry

    Charge density grid:         2 times finer

Coordinate planes
  Planar Anisotropy: 1.000
  A0-A1 density:    10.694
  A0-A2 density:    10.694
  A1-A2 density:    10.694


Lattice (Cell) Setup
    Type:                       Orthorhombic_primitive
    Volume (a0^3):               2435.77
    Boundary conditions:        Periodic

    X Basis Vector:      13.455       0.000       0.000 a0
    Y Basis Vector:       0.000      13.455       0.000 a0
    Z Basis Vector:       0.000       0.000      13.455 a0
    X Reci Vector:       0.074      -0.000       0.000 a0
    Y Reci Vector:       0.000       0.074       0.000 a0
    Z Reci Vector:       0.000      -0.000       0.074 a0

K-points
    Gamma Point Only (real orbitals)

Atoms and States
    Number of ions:                          24
    Number of species:                       2
    Number of states:                        79

Run Parameters
    SCF Convergence criterion (potential):   1.00e-10
    SCF Convergence criterion (energy):      1.00e-10
    Max SCF steps:                           30

SCF Cycle Settings
    Charge density mixing:                   Broyden
    Hartree Solver:                          PFFT
    Interpolation type:                      FFT

Finite Difference parameters
    Kohn Sham FD Order:                      8   
    Force Gradient Order:                    FFT
    Adaptive Finite Differencing:            On
    Adaptive CFAC:                           0.551717911

Subspace Diagonalization Options
    Frequency:                               every 1 SCF step(s)
    Driver:                                  ScaLapack
    Initial diagonalization:                 ON
    Folded spectrum:                         OFF

Filtering Cutoff  Parameters
    Wavefunction grid (cparm):               0.800
    Charge density grid (rhocparm):          1.000
    Filter factor:                           1.000

Multigrid (MG) Parameters
    Psi MG levels:                           3
    Psi global step:                         0.660 
    Psi pre:                                 2
    Psi post:                                2

Davidson Parameters
    Davidson multiplier:                     4
    Davidson max step:                       8
    Davidson unocc tol factor:               1000.000

Blas Libraries
    CPU support with openblas-parallel.


Atomic Species Information
(PP = Pseudopotential, US = Ultrasoft, NC = Norm Conserving)
-------------------------------------------------------------------------
|Index|Symbol| Mass|Valence| PP |  Comp  |Local| Local|Nlocal|    PP    |
|     |      |     |       |Type|Gaussian|  l  |Radius|Radius|Functional|
-------------------------------------------------------------------------
|    1|     O| 15.0|   6.00|  NC|    0.50|   -1| 10.00|  7.00|       PBE|
|    2|    Si| 28.0|   4.00|  NC|    0.50|   -1| 10.00|  7.00|       PBE|
-------------------------------------------------------------------------

Pseudopotential generation information:
   O pseudopotential file: ./@Internal
      Generation info     : Generated using ONCVPSP code by D. R. Hamann
      Author info         : anonymous
  Si pseudopotential file: ./@Internal
      Generation info     : Generated using ONCVPSP code by D. R. Hamann
      Author info         : anonymous


Memory usage (Mbytes):     Min        Max       Total
    wave functions          6.73       6.73     215.38
    beta-functions          4.09       4.09     130.88



Initial Ionic Positions And Displacements (Bohr)
Species      X           Y           Z           dX          dY          dZ
  Si       0.0000      0.0000      0.0000      0.0000      0.0000      0.0000
  Si       3.3637      3.3637      3.3637      0.0000      0.0000      0.0000
  Si      10.0911      3.3637     10.0911      0.0000      0.0000      0.0000
  Si       3.3637     10.0911     10.0911      0.0000      0.0000      0.0000
  Si      10.0911     10.0911      3.3637      0.0000      0.0000      0.0000
  Si       0.0000      6.7274      6.7274      0.0000      0.0000      0.0000
  Si       6.7274      0.0000      6.7274      0.0000      0.0000      0.0000
  Si       6.7274      6.7274      0.0000      0.0000      0.0000      0.0000
  O        1.6819      1.6819      1.6819      0.0000      0.0000      0.0000
  O       11.7730      1.6819     11.7730      0.0000      0.0000      0.0000
  O        1.6819     11.7730     11.7730      0.0000      0.0000      0.0000
  O       11.7730     11.7730      1.6819      0.0000      0.0000      0.0000
  O        1.6819      8.4093      8.4093      0.0000      0.0000      0.0000
  O        8.4093      1.6819      8.4093      0.0000      0.0000      0.0000
  O        8.4093      8.4093      1.6819      0.0000      0.0000      0.0000
  O       11.7730      8.4093      5.0456      0.0000      0.0000      0.0000
  O        5.0456      1.6819      5.0456      0.0000      0.0000      0.0000
  O        5.0456      8.4093     11.7730      0.0000      0.0000      0.0000
  O        1.6819      5.0456      5.0456      0.0000      0.0000      0.0000
  O        8.4093     11.7730      5.0456      0.0000      0.0000      0.0000
  O        8.4093      5.0456     11.7730      0.0000      0.0000      0.0000
  O       11.7730      5.0456      8.4093      0.0000      0.0000      0.0000
  O        5.0456     11.7730      8.4093      0.0000      0.0000      0.0000
  O        5.0456      5.0456      1.6819      0.0000      0.0000      0.0000


Initial Ionic Positions And Displacements (Angstrom)
Species      X           Y           Z           dX          dY          dZ
  Si       0.0000      0.0000      0.0000      0.0000      0.0000      0.0000
  Si       1.7800      1.7800      1.7800      0.0000      0.0000      0.0000
  Si       5.3400      1.7800      5.3400      0.0000      0.0000      0.0000
  Si       1.7800      5.3400      5.3400      0.0000      0.0000      0.0000
  Si       5.3400      5.3400      1.7800      0.0000      0.0000      0.0000
  Si       0.0000      3.5600      3.5600      0.0000      0.0000      0.0000
  Si       3.5600      0.0000      3.5600      0.0000      0.0000      0.0000
  Si       3.5600      3.5600      0.0000      0.0000      0.0000      0.0000
  O        0.8900      0.8900      0.8900      0.0000      0.0000      0.0000
  O        6.2300      0.8900      6.2300      0.0000      0.0000      0.0000
  O        0.8900      6.2300      6.2300      0.0000      0.0000      0.0000
  O        6.2300      6.2300      0.8900      0.0000      0.0000      0.0000
  O        0.8900      4.4500      4.4500      0.0000      0.0000      0.0000
  O        4.4500      0.8900      4.4500      0.0000      0.0000      0.0000
  O        4.4500      4.4500      0.8900      0.0000      0.0000      0.0000
  O        6.2300      4.4500      2.6700      0.0000      0.0000      0.0000
  O        2.6700      0.8900      2.6700      0.0000      0.0000      0.0000
  O        2.6700      4.4500      6.2300      0.0000      0.0000      0.0000
  O        0.8900      2.6700      2.6700      0.0000      0.0000      0.0000
  O        4.4500      6.2300      2.6700      0.0000      0.0000      0.0000
  O        4.4500      2.6700      6.2300      0.0000      0.0000      0.0000
  O        6.2300      2.6700      4.4500      0.0000      0.0000      0.0000
  O        2.6700      6.2300      4.4500      0.0000      0.0000      0.0000
  O        2.6700      2.6700      0.8900      0.0000      0.0000      0.0000

Diagonalization using scalapack for step=0  count=0



KOHN SHAM EIGENVALUES [eV] AT K-POINT [  0]:       0.000000      0.000000      0.000000

[kpt   0  -1   0]   -22.2082 [2.000]   -21.3866 [2.000]   -21.3866 [2.000]   -21.3866 [2.000]   -21.3866 [2.000]
[kpt   0  -1   1]   -21.3866 [2.000]   -21.3866 [2.000]   -20.2926 [2.000]   -20.2926 [2.000]   -20.2926 [2.000]
[kpt   0  -1   2]   -20.2727 [2.000]   -20.2727 [2.000]   -20.2727 [2.000]   -20.2727 [2.000]   -20.2727 [2.000]
[kpt   0  -1   3]   -20.2727 [2.000]   -11.9712 [2.000]    -9.8934 [2.000]    -9.8934 [2.000]    -9.8934 [2.000]
[kpt   0  -1   4]    -9.8934 [2.000]    -9.8934 [2.000]    -9.8934 [2.000]    -8.2210 [2.000]    -8.2210 [2.000]
[kpt   0  -1   5]    -8.2210 [2.000]    -7.9060 [2.000]    -7.9060 [2.000]    -7.9060 [2.000]    -7.9060 [2.000]
[kpt   0  -1   6]    -7.9060 [2.000]    -7.9060 [2.000]    -5.0311 [2.000]    -5.0311 [2.000]    -5.0311 [2.000]
[kpt   0  -1   7]    -5.0311 [2.000]    -5.0311 [2.000]    -5.0311 [2.000]    -4.9359 [2.000]    -4.9359 [2.000]
[kpt   0  -1   8]    -4.7459 [2.000]    -4.7459 [2.000]    -4.7459 [2.000]    -4.7459 [2.000]    -4.7459 [2.000]
[kpt   0  -1   9]    -4.7459 [2.000]    -4.5144 [2.000]    -4.5144 [2.000]    -4.5144 [2.000]    -3.9846 [2.000]
[kpt   0  -1  10]    -3.9846 [2.000]    -3.9846 [2.000]    -3.9846 [2.000]    -3.9846 [2.000]    -3.9846 [2.000]
[kpt   0  -1  11]    -3.4035 [2.000]    -3.4035 [2.000]    -3.4035 [2.000]    -3.4035 [2.000]    -3.4035 [2.000]
[kpt   0  -1  12]    -3.4035 [2.000]    -2.9310 [2.000]    -2.9310 [2.000]    -2.9310 [2.000]     7.6023 [0.000]
[kpt   0  -1  13]    10.2741 [0.000]    10.2741 [0.000]    10.2741 [0.000]    10.2741 [0.000]    10.2741 [0.000]
[kpt   0  -1  14]    10.2741 [0.000]    12.4056 [0.000]    12.4056 [0.000]    12.4056 [0.000]    13.3735 [0.000]
[kpt   0  -1  15]    13.3735 [0.000]    13.3735 [0.000]    13.3735 [0.000]    13.3735 [0.000]    13.3735 [0.000]
[kpt   0  -1  16]    15.0464 [0.000]    15.0464 [0.000]    15.0464 [0.000]    15.0464 [0.000]    15.0464 [0.000]
[kpt   0  -1  17]    15.0464 [0.000]    15.3679 [0.000]    15.3679 [0.000]    15.3679 [0.000]    15.3679 [0.000]
[kpt   0  -1  18]    15.3679 [0.000]    15.3679 [0.000]    16.6517 [0.000]    16.6517 [0.000]    16.6517 [0.000]
[kpt   0  -1  19]    17.2153 [0.000]


Charge normalization constant -1.0: -1.998401e-15
Charge density mixing: Linear with a constant of 0.50 

Diagonalization using scalapack for step=0  count=1


FERMI ENERGY =     -0.22186756 eV
@@ EIGENVALUE SUM     =      -67.023576 Ry
@@ ION_ION            =     -272.916107 Ry
@@ ELECTROSTATIC      =     -284.834048 Ry
@@ VXC                =     -179.019434 Ry
@@ EXC                =     -137.830540 Ry
@@ TOTAL ENERGY       =     -583.584837 Ry
@@ estimated error    =   ****************
Charge normalization constant -1.0: -8.881784e-16
Charge density mixing: Linear with a constant of 0.50 
WriteRestart: Output file given as /dev/null, no restart data written ...


KOHN SHAM EIGENVALUES [eV] AT K-POINT [  0]:       0.000000      0.000000      0.000000

[kpt   0   0   0]   -19.8231 [2.000]   -18.8627 [2.000]   -18.8587 [2.000]   -18.8566 [2.000]   -18.8521 [2.000]
[kpt   0   0   1]   -18.8406 [2.000]   -18.8378 [2.000]   -17.5645 [2.000]   -17.5551 [2.000]   -17.5508 [2.000]
[kpt   0   0   2]   -17.5443 [2.000]   -17.5409 [2.000]   -17.5395 [2.000]   -17.5349 [2.000]   -17.5323 [2.000]
[kpt   0   0   3]   -17.5296 [2.000]    -9.7276 [2.000]    -7.5088 [2.000]    -7.5007 [2.000]    -7.4947 [2.000]
[kpt   0   0   4]    -7.4934 [2.000]    -7.4862 [2.000]    -7.4843 [2.000]    -5.9225 [2.000]    -5.9098 [2.000]
[kpt   0   0   5]    -5.9071 [2.000]    -5.2434 [2.000]    -5.2393 [2.000]    -5.2373 [2.000]    -5.2289 [2.000]
[kpt   0   0   6]    -5.2266 [2.000]    -5.2252 [2.000]    -3.0125 [2.000]    -3.0091 [2.000]    -3.0073 [2.000]
[kpt   0   0   7]    -3.0053 [2.000]    -3.0042 [2.000]    -3.0036 [2.000]    -2.8103 [2.000]    -2.8098 [2.000]
[kpt   0   0   8]    -2.6785 [2.000]    -2.6772 [2.000]    -2.6738 [2.000]    -2.6723 [2.000]    -2.6695 [2.000]
[kpt   0   0   9]    -2.6504 [2.000]    -2.1057 [2.000]    -2.1044 [2.000]    -2.0945 [2.000]    -1.6236 [2.000]
[kpt   0   0  10]    -1.6215 [2.000]    -1.6161 [2.000]    -1.6142 [2.000]    -1.6121 [2.000]    -1.6084 [2.000]
[kpt   0   0  11]    -0.8251 [2.000]    -0.8245 [2.000]    -0.8242 [2.000]    -0.8208 [2.000]    -0.8192 [2.000]
[kpt   0   0  12]    -0.8179 [2.000]    -0.2302 [2.000]    -0.2242 [2.000]    -0.2219 [2.000]     8.3840 [0.000]
[kpt   0   0  13]    10.9181 [0.000]    10.9214 [0.000]    10.9237 [0.000]    10.9370 [0.000]    10.9395 [0.000]
[kpt   0   0  14]    10.9422 [0.000]    12.1451 [0.000]    12.1667 [0.000]    12.1677 [0.000]    13.9113 [0.000]
[kpt   0   0  15]    13.9134 [0.000]    13.9154 [0.000]    13.9213 [0.000]    13.9237 [0.000]



Total charge in supercell =     128.00000000
 quench: [md:   0/100  scf:   0/30  step time:   0.17  scf time:     0.23 secs  RMS[dV]: 5.24e-02 ]


average potential <V> = 1.98e-16

Diagonalization using scalapack for step=1  count=2


FERMI ENERGY =      1.28982823 eV
@@ EIGENVALUE SUM     =      -55.860290 Ry
@@ ION_ION            =     -272.916107 Ry
@@ ELECTROSTATIC      =     -297.355791 Ry
@@ VXC                =     -182.320776 Ry
@@ EXC                =     -140.397772 Ry
@@ TOTAL ENERGY       =     -584.209183 Ry
@@ estimated error    =        6.85e-01 Ry
Charge normalization constant -1.0: -6.661338e-16
Charge density mixing: Linear with a constant of 0.50 


KOHN SHAM EIGENVALUES [eV] AT K-POINT [  0]:       0.000000      0.000000      0.000000

[kpt   0   1   0]   -18.6128 [2.000]   -17.5971 [2.000]   -17.5831 [2.000]   -17.5768 [2.000]   -17.5660 [2.000]
[kpt   0   1   1]   -17.5602 [2.000]   -17.5587 [2.000]   -16.1065 [2.000]   -16.1005 [2.000]   -16.0959 [2.000]
[kpt   0   1   2]   -16.0950 [2.000]   -16.0910 [2.000]   -16.0880 [2.000]   -16.0732 [2.000]   -16.0690 [2.000]
[kpt   0   1   3]   -16.0638 [2.000]    -9.3390 [2.000]    -6.8373 [2.000]    -6.8339 [2.000]    -6.8318 [2.000]
[kpt   0   1   4]    -6.8288 [2.000]    -6.8233 [2.000]    -6.8135 [2.000]    -5.0324 [2.000]    -5.0310 [2.000]
[kpt   0   1   5]    -5.0274 [2.000]    -4.3862 [2.000]    -4.3828 [2.000]    -4.3796 [2.000]    -4.3751 [2.000]
[kpt   0   1   6]    -4.3735 [2.000]    -4.3717 [2.000]    -1.7966 [2.000]    -1.7923 [2.000]    -1.7891 [2.000]
[kpt   0   1   7]    -1.7871 [2.000]    -1.7837 [2.000]    -1.7829 [2.000]    -1.5269 [2.000]    -1.5259 [2.000]
[kpt   0   1   8]    -1.4496 [2.000]    -1.4446 [2.000]    -1.4435 [2.000]    -1.4417 [2.000]    -1.4325 [2.000]
[kpt   0   1   9]    -1.4259 [2.000]    -0.9107 [2.000]    -0.9104 [2.000]    -0.9088 [2.000]    -0.2880 [2.000]
[kpt   0   1  10]    -0.2806 [2.000]    -0.2793 [2.000]    -0.2779 [2.000]    -0.2741 [2.000]    -0.2663 [2.000]
[kpt   0   1  11]     0.5689 [2.000]     0.5723 [2.000]     0.5736 [2.000]     0.5757 [2.000]     0.5777 [2.000]
[kpt   0   1  12]     0.5826 [2.000]     1.2851 [2.000]     1.2886 [2.000]     1.2898 [2.000]     8.7876 [0.000]
[kpt   0   1  13]    11.2783 [0.000]    11.2917 [0.000]    11.2925 [0.000]    11.2963 [0.000]    11.3044 [0.000]
[kpt   0   1  14]    11.3050 [0.000]    11.7791 [0.000]    11.8043 [0.000]    11.8077 [0.000]    14.1311 [0.000]
[kpt   0   1  15]    14.1337 [0.000]    14.1359 [0.000]    14.1424 [0.000]    47.2919 [0.000]



Total charge in supercell =     128.00000000
 quench: [md:   0/100  scf:   1/30  step time:   0.15  scf time:     0.38 secs  RMS[dV]: 3.07e-02 ]


average potential <V> = -4.99e-16

Diagonalization using scalapack for step=2  count=3


FERMI ENERGY =      1.72378537 eV
@@ EIGENVALUE SUM     =      -53.437795 Ry
@@ ION_ION            =     -272.916107 Ry
@@ ELECTROSTATIC      =     -296.928073 Ry
@@ VXC                =     -181.927268 Ry
@@ EXC                =     -140.088898 Ry
@@ TOTAL ENERGY       =     -581.443604 Ry
@@ estimated error    =        1.80e-01 Ry
Charge normalization constant -1.0: 1.110223e-15
Charge density mixing: Linear with a constant of 0.50 


KOHN SHAM EIGENVALUES [eV] AT K-POINT [  0]:       0.000000      0.000000      0.000000

[kpt   0   2   0]   -18.3915 [2.000]   -17.3673 [2.000]   -17.3549 [2.000]   -17.3478 [2.000]   -17.3427 [2.000]
[kpt   0   2   1]   -17.3326 [2.000]   -17.3268 [2.000]   -15.8685 [2.000]   -15.8643 [2.000]   -15.8615 [2.000]
[kpt   0   2   2]   -15.8544 [2.000]   -15.8509 [2.000]   -15.8445 [2.000]   -15.8216 [2.000]   -15.8074 [2.000]
[kpt   0   2   3]   -15.8047 [2.000]    -9.1925 [2.000]    -6.6563 [2.000]    -6.6513 [2.000]    -6.6510 [2.000]
[kpt   0   2   4]    -6.6470 [2.000]    -6.6451 [2.000]    -6.6392 [2.000]    -4.8343 [2.000]    -4.8327 [2.000]
[kpt   0   2   5]    -4.8281 [2.000]    -4.1947 [2.000]    -4.1929 [2.000]    -4.1882 [2.000]    -4.1845 [2.000]
[kpt   0   2   6]    -4.1802 [2.000]    -4.1745 [2.000]    -1.5639 [2.000]    -1.5623 [2.000]    -1.5526 [2.000]
[kpt   0   2   7]    -1.5517 [2.000]    -1.5474 [2.000]    -1.5402 [2.000]    -1.2816 [2.000]    -1.2814 [2.000]
[kpt   0   2   8]    -1.1748 [2.000]    -1.1618 [2.000]    -1.1568 [2.000]    -1.1551 [2.000]    -1.1547 [2.000]
[kpt   0   2   9]    -1.1501 [2.000]    -0.6640 [2.000]    -0.6581 [2.000]    -0.6508 [2.000]     0.0201 [2.000]
[kpt   0   2  10]     0.0254 [2.000]     0.0318 [2.000]     0.0399 [2.000]     0.0422 [2.000]     0.0544 [2.000]
[kpt   0   2  11]     0.9252 [2.000]     0.9324 [2.000]     0.9355 [2.000]     0.9424 [2.000]     0.9470 [2.000]
[kpt   0   2  12]     0.9553 [2.000]     1.7155 [2.000]     1.7213 [2.000]     1.7238 [2.000]     8.6185 [0.000]
[kpt   0   2  13]    11.2139 [0.000]    11.2261 [0.000]    11.2290 [0.000]    11.2308 [0.000]    11.2408 [0.000]
[kpt   0   2  14]    11.2421 [0.000]    11.4622 [0.000]    11.4851 [0.000]    11.4888 [0.000]    14.0572 [0.000]
[kpt   0   2  15]    14.0595 [0.000]    14.0609 [0.000]    14.0667 [0.000]    46.6533 [0.000]



Total charge in supercell =     128.00000000
 quench: [md:   0/100  scf:   2/30  step time:   0.15  scf time:     0.53 secs  RMS[dV]: 1.46e-02 ]


average potential <V> = -1.40e-15

Diagonalization using scalapack for step=3  count=4


FERMI ENERGY =      1.62811281 eV
@@ EIGENVALUE SUM     =      -54.571698 Ry
@@ ION_ION            =     -272.916107 Ry
@@ ELECTROSTATIC      =     -292.887009 Ry
@@ VXC                =     -180.577463 Ry
@@ EXC                =     -139.035873 Ry
@@ TOTAL ENERGY       =     -578.833223 Ry
@@ estimated error    =        2.95e-01 Ry
Charge normalization constant -1.0: 2.220446e-16
Charge density mixing: Linear with a constant of 0.50 


KOHN SHAM EIGENVALUES [eV] AT K-POINT [  0]:       0.000000      0.000000      0.000000

[kpt   0   3   0]   -18.5198 [2.000]   -17.5086 [2.000]   -17.4998 [2.000]   -17.4931 [2.000]   -17.4900 [2.000]
[kpt   0   3   1]   -17.4844 [2.000]   -17.4696 [2.000]   -16.0530 [2.000]   -16.0509 [2.000]   -16.0461 [2.000]
[kpt   0   3   2]   -16.0399 [2.000]   -16.0333 [2.000]   -16.0237 [2.000]   -16.0049 [2.000]   -15.9930 [2.000]
[kpt   0   3   3]   -15.9833 [2.000]    -9.2267 [2.000]    -6.7231 [2.000]    -6.7207 [2.000]    -6.7193 [2.000]
[kpt   0   3   4]    -6.7153 [2.000]    -6.7119 [2.000]    -6.7056 [2.000]    -4.9092 [2.000]    -4.9051 [2.000]
[kpt   0   3   5]    -4.9004 [2.000]    -4.2740 [2.000]    -4.2704 [2.000]    -4.2666 [2.000]    -4.2645 [2.000]
[kpt   0   3   6]    -4.2624 [2.000]    -4.2543 [2.000]    -1.6965 [2.000]    -1.6958 [2.000]    -1.6923 [2.000]
[kpt   0   3   7]    -1.6876 [2.000]    -1.6861 [2.000]    -1.6805 [2.000]    -1.4278 [2.000]    -1.4275 [2.000]
[kpt   0   3   8]    -1.2789 [2.000]    -1.2755 [2.000]    -1.2662 [2.000]    -1.2617 [2.000]    -1.2615 [2.000]
[kpt   0   3   9]    -1.2601 [2.000]    -0.7940 [2.000]    -0.7923 [2.000]    -0.7911 [2.000]    -0.1009 [2.000]
[kpt   0   3  10]    -0.0987 [2.000]    -0.0964 [2.000]    -0.0948 [2.000]    -0.0909 [2.000]    -0.0847 [2.000]
[kpt   0   3  11]     0.8177 [2.000]     0.8193 [2.000]     0.8248 [2.000]     0.8262 [2.000]     0.8298 [2.000]
[kpt   0   3  12]     0.8338 [2.000]     1.6183 [2.000]     1.6238 [2.000]     1.6281 [2.000]     8.3269 [0.000]
[kpt   0   3  13]    11.0144 [0.000]    11.0252 [0.000]    11.0285 [0.000]    11.0304 [0.000]    11.0417 [0.000]
[kpt   0   3  14]    11.0431 [0.000]    11.2474 [0.000]    11.2692 [0.000]    11.2729 [0.000]    13.8568 [0.000]
[kpt   0   3  15]    13.8586 [0.000]    13.8594 [0.000]    13.8639 [0.000]    45.9324 [0.000]



Total charge in supercell =     128.00000000
 quench: [md:   0/100  scf:   3/30  step time:   0.15  scf time:     0.68 secs  RMS[dV]: 1.42e-02 ]


average potential <V> = 5.18e-16
Davidson converged in 3 steps

FERMI ENERGY =      1.58259684 eV
@@ EIGENVALUE SUM     =      -55.661344 Ry
@@ ION_ION            =     -272.916107 Ry
@@ ELECTROSTATIC      =     -289.264292 Ry
@@ VXC                =     -179.415978 Ry
@@ EXC                =     -138.129588 Ry
@@ TOTAL ENERGY       =     -576.555352 Ry
@@ estimated error    =        1.89e-01 Ry
Charge normalization constant -1.0: -6.661338e-16
Charge density mixing: Broyden


KOHN SHAM EIGENVALUES [eV] AT K-POINT [  0]:       0.000000      0.000000      0.000000

[kpt   0   4   0]   -18.6444 [2.000]   -17.6601 [2.000]   -17.6407 [2.000]   -17.6379 [2.000]   -17.6322 [2.000]
[kpt   0   4   1]   -17.6099 [2.000]   -17.6053 [2.000]   -16.2446 [2.000]   -16.2275 [2.000]   -16.2254 [2.000]
[kpt   0   4   2]   -16.2133 [2.000]   -16.2031 [2.000]   -16.1959 [2.000]   -16.1802 [2.000]   -16.1716 [2.000]
[kpt   0   4   3]   -16.1403 [2.000]    -9.3197 [2.000]    -6.8488 [2.000]    -6.8336 [2.000]    -6.8320 [2.000]
[kpt   0   4   4]    -6.8286 [2.000]    -6.8117 [2.000]    -6.8073 [2.000]    -5.0142 [2.000]    -5.0042 [2.000]
[kpt   0   4   5]    -4.9906 [2.000]    -4.3897 [2.000]    -4.3747 [2.000]    -4.3723 [2.000]    -4.3590 [2.000]
[kpt   0   4   6]    -4.3468 [2.000]    -4.3408 [2.000]    -1.8404 [2.000]    -1.8337 [2.000]    -1.8239 [2.000]
[kpt   0   4   7]    -1.8216 [2.000]    -1.8129 [2.000]    -1.8072 [2.000]    -1.5527 [2.000]    -1.5487 [2.000]
[kpt   0   4   8]    -1.3979 [2.000]    -1.3889 [2.000]    -1.3825 [2.000]    -1.3780 [2.000]    -1.3692 [2.000]
[kpt   0   4   9]    -1.3603 [2.000]    -0.9010 [2.000]    -0.8997 [2.000]    -0.8986 [2.000]    -0.2116 [2.000]
[kpt   0   4  10]    -0.2038 [2.000]    -0.1957 [2.000]    -0.1872 [2.000]    -0.1770 [2.000]    -0.1671 [2.000]
[kpt   0   4  11]     0.7273 [2.000]     0.7368 [2.000]     0.7483 [2.000]     0.7516 [2.000]     0.7638 [2.000]
[kpt   0   4  12]     0.7691 [2.000]     1.5584 [2.000]     1.5725 [2.000]     1.5826 [2.000]     7.2764 [0.000]
[kpt   0   4  13]    10.0414 [0.000]    10.0443 [0.000]    10.0502 [0.000]    10.0566 [0.000]    10.0673 [0.000]
[kpt   0   4  14]    10.0715 [0.000]    10.5556 [0.000]    10.5791 [0.000]    10.5802 [0.000]    13.3101 [0.000]
[kpt   0   4  15]    13.3135 [0.000]    13.3176 [0.000]    13.3200 [0.000]    13.3218 [0.000]



Total charge in supercell =     128.00000000
 quench: [md:   0/100  scf:   4/30  step time:   0.21  scf time:     0.90 secs  RMS[dV]: 1.09e-02 ]


average potential <V> = -2.11e-16
Davidson converged in 2 steps

FERMI ENERGY =      0.90796597 eV
@@ EIGENVALUE SUM     =      -60.250401 Ry
@@ ION_ION            =     -272.916107 Ry
@@ ELECTROSTATIC      =     -284.260576 Ry
@@ VXC                =     -177.903041 Ry
@@ EXC                =     -136.948969 Ry
@@ TOTAL ENERGY       =     -576.473011 Ry
@@ estimated error    =        2.52e-01 Ry
Charge normalization constant -1.0: 4.440892e-16
Charge density mixing: Broyden


KOHN SHAM EIGENVALUES [eV] AT K-POINT [  0]:       0.000000      0.000000      0.000000

[kpt   0   5   0]   -19.0991 [2.000]   -18.1338 [2.000]   -18.1313 [2.000]   -18.1202 [2.000]   -18.1191 [2.000]
[kpt   0   5   1]   -18.1154 [2.000]   -18.1050 [2.000]   -16.7944 [2.000]   -16.7918 [2.000]   -16.7833 [2.000]
[kpt   0   5   2]   -16.7759 [2.000]   -16.7723 [2.000]   -16.7630 [2.000]   -16.7538 [2.000]   -16.7452 [2.000]
[kpt   0   5   3]   -16.7347 [2.000]    -9.5397 [2.000]    -7.1540 [2.000]    -7.1509 [2.000]    -7.1436 [2.000]
[kpt   0   5   4]    -7.1411 [2.000]    -7.1388 [2.000]    -7.1301 [2.000]    -5.3686 [2.000]    -5.3620 [2.000]
[kpt   0   5   5]    -5.3566 [2.000]    -4.7646 [2.000]    -4.7627 [2.000]    -4.7563 [2.000]    -4.7494 [2.000]
[kpt   0   5   6]    -4.7473 [2.000]    -4.7393 [2.000]    -2.2941 [2.000]    -2.2906 [2.000]    -2.2860 [2.000]
[kpt   0   5   7]    -2.2832 [2.000]    -2.2798 [2.000]    -2.2758 [2.000]    -2.0484 [2.000]    -2.0467 [2.000]
[kpt   0   5   8]    -1.8622 [2.000]    -1.8597 [2.000]    -1.8553 [2.000]    -1.8532 [2.000]    -1.8503 [2.000]
[kpt   0   5   9]    -1.8447 [2.000]    -1.4227 [2.000]    -1.4220 [2.000]    -1.4218 [2.000]    -0.7578 [2.000]
[kpt   0   5  10]    -0.7558 [2.000]    -0.7508 [2.000]    -0.7478 [2.000]    -0.7437 [2.000]    -0.7384 [2.000]
[kpt   0   5  11]     0.1311 [2.000]     0.1361 [2.000]     0.1419 [2.000]     0.1442 [2.000]     0.1479 [2.000]
[kpt   0   5  12]     0.1534 [2.000]     0.8959 [2.000]     0.9015 [2.000]     0.9080 [2.000]     6.8678 [0.000]
[kpt   0   5  13]     9.7598 [0.000]     9.7625 [0.000]     9.7638 [0.000]     9.7641 [0.000]     9.7693 [0.000]
[kpt   0   5  14]     9.7695 [0.000]    10.5141 [0.000]    10.5219 [0.000]    10.5314 [0.000]    13.0190 [0.000]
[kpt   0   5  15]    13.0211 [0.000]    13.0241 [0.000]    13.0258 [0.000]    13.0318 [0.000]



Total charge in supercell =     128.00000000
 quench: [md:   0/100  scf:   5/30  step time:   0.19  scf time:     1.09 secs  RMS[dV]: 1.19e-02 ]


average potential <V> = -6.06e-16
Davidson converged in 2 steps

FERMI ENERGY =      1.07640793 eV
@@ EIGENVALUE SUM     =      -58.707095 Ry
@@ ION_ION            =     -272.916107 Ry
@@ ELECTROSTATIC      =     -285.893379 Ry
@@ VXC                =     -178.317770 Ry
@@ EXC                =     -137.270393 Ry
@@ TOTAL ENERGY       =     -576.469204 Ry
@@ estimated error    =        1.53e-02 Ry
Charge normalization constant -1.0: -6.661338e-16
Charge density mixing: Broyden


KOHN SHAM EIGENVALUES [eV] AT K-POINT [  0]:       0.000000      0.000000      0.000000

[kpt   0   6   0]   -18.9339 [2.000]   -17.9528 [2.000]   -17.9511 [2.000]   -17.9505 [2.000]   -17.9500 [2.000]
[kpt   0   6   1]   -17.9486 [2.000]   -17.9474 [2.000]   -16.6009 [2.000]   -16.5995 [2.000]   -16.5985 [2.000]
[kpt   0   6   2]   -16.5974 [2.000]   -16.5962 [2.000]   -16.5956 [2.000]   -16.5682 [2.000]   -16.5663 [2.000]
[kpt   0   6   3]   -16.5641 [2.000]    -9.3835 [2.000]    -6.9759 [2.000]    -6.9748 [2.000]    -6.9743 [2.000]
[kpt   0   6   4]    -6.9739 [2.000]    -6.9729 [2.000]    -6.9721 [2.000]    -5.1984 [2.000]    -5.1975 [2.000]
[kpt   0   6   5]    -5.1964 [2.000]    -4.5736 [2.000]    -4.5726 [2.000]    -4.5717 [2.000]    -4.5708 [2.000]
[kpt   0   6   6]    -4.5698 [2.000]    -4.5693 [2.000]    -2.1477 [2.000]    -2.1469 [2.000]    -2.1462 [2.000]
[kpt   0   6   7]    -2.1457 [2.000]    -2.1451 [2.000]    -2.1447 [2.000]    -1.9035 [2.000]    -1.9028 [2.000]
[kpt   0   6   8]    -1.7141 [2.000]    -1.7130 [2.000]    -1.7128 [2.000]    -1.7123 [2.000]    -1.7114 [2.000]
[kpt   0   6   9]    -1.7101 [2.000]    -1.2574 [2.000]    -1.2570 [2.000]    -1.2568 [2.000]    -0.5960 [2.000]
[kpt   0   6  10]    -0.5950 [2.000]    -0.5945 [2.000]    -0.5939 [2.000]    -0.5927 [2.000]    -0.5916 [2.000]
[kpt   0   6  11]     0.3077 [2.000]     0.3088 [2.000]     0.3098 [2.000]     0.3100 [2.000]     0.3108 [2.000]
[kpt   0   6  12]     0.3113 [2.000]     1.0743 [2.000]     1.0755 [2.000]     1.0764 [2.000]     6.8239 [0.000]
[kpt   0   6  13]     9.7701 [0.000]     9.7711 [0.000]     9.7715 [0.000]     9.7726 [0.000]     9.7746 [0.000]
[kpt   0   6  14]     9.7758 [0.000]    10.5698 [0.000]    10.5739 [0.000]    10.5829 [0.000]    13.0667 [0.000]
[kpt   0   6  15]    13.0668 [0.000]    13.0678 [0.000]    13.0687 [0.000]    13.0706 [0.000]



Total charge in supercell =     128.00000000
 quench: [md:   0/100  scf:   6/30  step time:   0.18  scf time:     1.27 secs  RMS[dV]: 5.07e-03 ]


average potential <V> = 5.63e-16
Davidson converged in 3 steps

FERMI ENERGY =      1.10114360 eV
@@ EIGENVALUE SUM     =      -58.412692 Ry
@@ ION_ION            =     -272.916107 Ry
@@ ELECTROSTATIC      =     -286.204247 Ry
@@ VXC                =     -178.388608 Ry
@@ EXC                =     -137.324735 Ry
@@ TOTAL ENERGY       =     -576.469172 Ry
@@ estimated error    =        6.03e-04 Ry
Charge normalization constant -1.0: -1.332268e-15
Charge density mixing: Broyden


KOHN SHAM EIGENVALUES [eV] AT K-POINT [  0]:       0.000000      0.000000      0.000000

[kpt   0   7   0]   -18.9006 [2.000]   -17.9174 [2.000]   -17.9169 [2.000]   -17.9167 [2.000]   -17.9166 [2.000]
[kpt   0   7   1]   -17.9164 [2.000]   -17.9157 [2.000]   -16.5656 [2.000]   -16.5653 [2.000]   -16.5649 [2.000]
[kpt   0   7   2]   -16.5648 [2.000]   -16.5643 [2.000]   -16.5642 [2.000]   -16.5333 [2.000]   -16.5331 [2.000]
[kpt   0   7   3]   -16.5328 [2.000]    -9.3417 [2.000]    -6.9333 [2.000]    -6.9327 [2.000]    -6.9326 [2.000]
[kpt   0   7   4]    -6.9325 [2.000]    -6.9324 [2.000]    -6.9320 [2.000]    -5.1598 [2.000]    -5.1598 [2.000]
[kpt   0   7   5]    -5.1596 [2.000]    -4.5299 [2.000]    -4.5298 [2.000]    -4.5293 [2.000]    -4.5293 [2.000]
[kpt   0   7   6]    -4.5289 [2.000]    -4.5288 [2.000]    -2.1224 [2.000]    -2.1222 [2.000]    -2.1221 [2.000]
[kpt   0   7   7]    -2.1219 [2.000]    -2.1219 [2.000]    -2.1217 [2.000]    -1.8791 [2.000]    -1.8790 [2.000]
[kpt   0   7   8]    -1.6881 [2.000]    -1.6879 [2.000]    -1.6878 [2.000]    -1.6876 [2.000]    -1.6874 [2.000]
[kpt   0   7   9]    -1.6873 [2.000]    -1.2270 [2.000]    -1.2270 [2.000]    -1.2269 [2.000]    -0.5696 [2.000]
[kpt   0   7  10]    -0.5694 [2.000]    -0.5694 [2.000]    -0.5692 [2.000]    -0.5690 [2.000]    -0.5687 [2.000]
[kpt   0   7  11]     0.3359 [2.000]     0.3361 [2.000]     0.3363 [2.000]     0.3364 [2.000]     0.3366 [2.000]
[kpt   0   7  12]     0.3367 [2.000]     1.1008 [2.000]     1.1010 [2.000]     1.1011 [2.000]     6.7892 [0.000]
[kpt   0   7  13]     9.7620 [0.000]     9.7624 [0.000]     9.7651 [0.000]     9.7652 [0.000]     9.7654 [0.000]
[kpt   0   7  14]     9.7662 [0.000]    10.5850 [0.000]    10.5862 [0.000]    10.5871 [0.000]    13.0520 [0.000]
[kpt   0   7  15]    13.0521 [0.000]    13.0522 [0.000]    13.0523 [0.000]    13.0523 [0.000]



Total charge in supercell =     128.00000000
 quench: [md:   0/100  scf:   7/30  step time:   0.22  scf time:     1.49 secs  RMS[dV]: 9.76e-04 ]


average potential <V> = -4.08e-16
Davidson converged in 3 steps

FERMI ENERGY =      1.10155407 eV
@@ EIGENVALUE SUM     =      -58.386274 Ry
@@ ION_ION            =     -272.916107 Ry
@@ ELECTROSTATIC      =     -286.232138 Ry
@@ VXC                =     -178.394313 Ry
@@ EXC                =     -137.328932 Ry
@@ TOTAL ENERGY       =     -576.469138 Ry
@@ estimated error    =        5.87e-05 Ry
Charge normalization constant -1.0: -2.220446e-16
Charge density mixing: Broyden


KOHN SHAM EIGENVALUES [eV] AT K-POINT [  0]:       0.000000      0.000000      0.000000

[kpt   0   8   0]   -18.8972 [2.000]   -17.9138 [2.000]   -17.9136 [2.000]   -17.9135 [2.000]   -17.9134 [2.000]
[kpt   0   8   1]   -17.9132 [2.000]   -17.9131 [2.000]   -16.5628 [2.000]   -16.5625 [2.000]   -16.5625 [2.000]
[kpt   0   8   2]   -16.5624 [2.000]   -16.5622 [2.000]   -16.5621 [2.000]   -16.5308 [2.000]   -16.5306 [2.000]
[kpt   0   8   3]   -16.5305 [2.000]    -9.3350 [2.000]    -6.9272 [2.000]    -6.9270 [2.000]    -6.9270 [2.000]
[kpt   0   8   4]    -6.9269 [2.000]    -6.9267 [2.000]    -6.9267 [2.000]    -5.1551 [2.000]    -5.1550 [2.000]
[kpt   0   8   5]    -5.1550 [2.000]    -4.5247 [2.000]    -4.5245 [2.000]    -4.5244 [2.000]    -4.5243 [2.000]
[kpt   0   8   6]    -4.5242 [2.000]    -4.5241 [2.000]    -2.1202 [2.000]    -2.1201 [2.000]    -2.1201 [2.000]
[kpt   0   8   7]    -2.1200 [2.000]    -2.1200 [2.000]    -2.1199 [2.000]    -1.8773 [2.000]    -1.8773 [2.000]
[kpt   0   8   8]    -1.6858 [2.000]    -1.6857 [2.000]    -1.6856 [2.000]    -1.6855 [2.000]    -1.6855 [2.000]
[kpt   0   8   9]    -1.6854 [2.000]    -1.2247 [2.000]    -1.2247 [2.000]    -1.2247 [2.000]    -0.5682 [2.000]
[kpt   0   8  10]    -0.5680 [2.000]    -0.5679 [2.000]    -0.5679 [2.000]    -0.5679 [2.000]    -0.5678 [2.000]
[kpt   0   8  11]     0.3373 [2.000]     0.3374 [2.000]     0.3375 [2.000]     0.3375 [2.000]     0.3376 [2.000]
[kpt   0   8  12]     0.3377 [2.000]     1.1014 [2.000]     1.1015 [2.000]     1.1016 [2.000]     6.7871 [0.000]
[kpt   0   8  13]     9.7571 [0.000]     9.7572 [0.000]     9.7578 [0.000]     9.7579 [0.000]     9.7580 [0.000]
[kpt   0   8  14]     9.7592 [0.000]    10.5918 [0.000]    10.5924 [0.000]    10.5927 [0.000]    13.0514 [0.000]
[kpt   0   8  15]    13.0514 [0.000]    13.0515 [0.000]    13.0515 [0.000]    13.0516 [0.000]



Total charge in supercell =     128.00000000
 quench: [md:   0/100  scf:   8/30  step time:   0.21  scf time:     1.70 secs  RMS[dV]: 3.14e-04 ]


average potential <V> = 1.12e-16
Davidson converged in 3 steps

FERMI ENERGY =      1.10345982 eV
@@ EIGENVALUE SUM     =      -58.374264 Ry
@@ ION_ION            =     -272.916107 Ry
@@ ELECTROSTATIC      =     -286.245289 Ry
@@ VXC                =     -178.399474 Ry
@@ EXC                =     -137.332951 Ry
@@ TOTAL ENERGY       =     -576.469136 Ry
@@ estimated error    =        4.09e-06 Ry
Charge normalization constant -1.0: -1.554312e-15
Charge density mixing: Broyden


KOHN SHAM EIGENVALUES [eV] AT K-POINT [  0]:       0.000000      0.000000      0.000000

[kpt   0   9   0]   -18.8960 [2.000]   -17.9124 [2.000]   -17.9123 [2.000]   -17.9122 [2.000]   -17.9121 [2.000]
[kpt   0   9   1]   -17.9121 [2.000]   -17.9120 [2.000]   -16.5612 [2.000]   -16.5612 [2.000]   -16.5610 [2.000]
[kpt   0   9   2]   -16.5610 [2.000]   -16.5609 [2.000]   -16.5608 [2.000]   -16.5294 [2.000]   -16.5292 [2.000]
[kpt   0   9   3]   -16.5291 [2.000]    -9.3347 [2.000]    -6.9266 [2.000]    -6.9265 [2.000]    -6.9264 [2.000]
[kpt   0   9   4]    -6.9264 [2.000]    -6.9264 [2.000]    -6.9263 [2.000]    -5.1544 [2.000]    -5.1543 [2.000]
[kpt   0   9   5]    -5.1543 [2.000]    -4.5240 [2.000]    -4.5240 [2.000]    -4.5239 [2.000]    -4.5238 [2.000]
[kpt   0   9   6]    -4.5238 [2.000]    -4.5236 [2.000]    -2.1187 [2.000]    -2.1186 [2.000]    -2.1186 [2.000]
[kpt   0   9   7]    -2.1185 [2.000]    -2.1185 [2.000]    -2.1185 [2.000]    -1.8758 [2.000]    -1.8758 [2.000]
[kpt   0   9   8]    -1.6842 [2.000]    -1.6841 [2.000]    -1.6840 [2.000]    -1.6840 [2.000]    -1.6839 [2.000]
[kpt   0   9   9]    -1.6839 [2.000]    -1.2233 [2.000]    -1.2233 [2.000]    -1.2233 [2.000]    -0.5664 [2.000]
[kpt   0   9  10]    -0.5663 [2.000]    -0.5663 [2.000]    -0.5662 [2.000]    -0.5662 [2.000]    -0.5661 [2.000]
[kpt   0   9  11]     0.3391 [2.000]     0.3392 [2.000]     0.3392 [2.000]     0.3393 [2.000]     0.3393 [2.000]
[kpt   0   9  12]     0.3394 [2.000]     1.1033 [2.000]     1.1034 [2.000]     1.1035 [2.000]     6.7873 [0.000]
[kpt   0   9  13]     9.7573 [0.000]     9.7574 [0.000]     9.7577 [0.000]     9.7577 [0.000]     9.7579 [0.000]
[kpt   0   9  14]     9.7588 [0.000]    10.5923 [0.000]    10.5927 [0.000]    10.5930 [0.000]    13.0520 [0.000]
[kpt   0   9  15]    13.0521 [0.000]    13.0522 [0.000]    13.0522 [0.000]    13.0523 [0.000]



Total charge in supercell =     128.00000000
 quench: [md:   0/100  scf:   9/30  step time:   0.22  scf time:     1.92 secs  RMS[dV]: 1.02e-04 ]


average potential <V> = -4.11e-16
Davidson converged in 3 steps

FERMI ENERGY =      1.10344351 eV
@@ EIGENVALUE SUM     =      -58.375057 Ry
@@ ION_ION            =     -272.916107 Ry
@@ ELECTROSTATIC      =     -286.244533 Ry
@@ VXC                =     -178.399692 Ry
@@ EXC                =     -137.333135 Ry
@@ TOTAL ENERGY       =     -576.469139 Ry
@@ estimated error    =        1.47e-07 Ry
Charge normalization constant -1.0: -4.440892e-16
Charge density mixing: Broyden


KOHN SHAM EIGENVALUES [eV] AT K-POINT [  0]:       0.000000      0.000000      0.000000

[kpt   0  10   0]   -18.8961 [2.000]   -17.9124 [2.000]   -17.9123 [2.000]   -17.9123 [2.000]   -17.9123 [2.000]
[kpt   0  10   1]   -17.9122 [2.000]   -17.9122 [2.000]   -16.5612 [2.000]   -16.5611 [2.000]   -16.5611 [2.000]
[kpt   0  10   2]   -16.5611 [2.000]   -16.5610 [2.000]   -16.5610 [2.000]   -16.5294 [2.000]   -16.5293 [2.000]
[kpt   0  10   3]   -16.5293 [2.000]    -9.3349 [2.000]    -6.9268 [2.000]    -6.9267 [2.000]    -6.9267 [2.000]
[kpt   0  10   4]    -6.9267 [2.000]    -6.9267 [2.000]    -6.9266 [2.000]    -5.1546 [2.000]    -5.1545 [2.000]
[kpt   0  10   5]    -5.1545 [2.000]    -4.5242 [2.000]    -4.5241 [2.000]    -4.5241 [2.000]    -4.5241 [2.000]
[kpt   0  10   6]    -4.5241 [2.000]    -4.5241 [2.000]    -2.1186 [2.000]    -2.1186 [2.000]    -2.1186 [2.000]
[kpt   0  10   7]    -2.1186 [2.000]    -2.1185 [2.000]    -2.1185 [2.000]    -1.8758 [2.000]    -1.8758 [2.000]
[kpt   0  10   8]    -1.6840 [2.000]    -1.6840 [2.000]    -1.6840 [2.000]    -1.6840 [2.000]    -1.6840 [2.000]
[kpt   0  10   9]    -1.6840 [2.000]    -1.2234 [2.000]    -1.2234 [2.000]    -1.2234 [2.000]    -0.5663 [2.000]
[kpt   0  10  10]    -0.5663 [2.000]    -0.5663 [2.000]    -0.5662 [2.000]    -0.5662 [2.000]    -0.5662 [2.000]
[kpt   0  10  11]     0.3392 [2.000]     0.3392 [2.000]     0.3392 [2.000]     0.3393 [2.000]     0.3393 [2.000]
[kpt   0  10  12]     0.3393 [2.000]     1.1034 [2.000]     1.1034 [2.000]     1.1034 [2.000]     6.7874 [0.000]
[kpt   0  10  13]     9.7572 [0.000]     9.7572 [0.000]     9.7574 [0.000]     9.7575 [0.000]     9.7576 [0.000]
[kpt   0  10  14]     9.7582 [0.000]    10.5921 [0.000]    10.5925 [0.000]    10.5927 [0.000]    13.0520 [0.000]
[kpt   0  10  15]    13.0520 [0.000]    13.0523 [0.000]    13.0523 [0.000]    13.0523 [0.000]



Total charge in supercell =     128.00000000
 quench: [md:   0/100  scf:  10/30  step time:   0.23  scf time:     2.15 secs  RMS[dV]: 2.08e-05 ]


average potential <V> = 3.58e-16
Davidson converged in 4 steps

FERMI ENERGY =      1.10340448 eV
@@ EIGENVALUE SUM     =      -58.375144 Ry
@@ ION_ION            =     -272.916107 Ry
@@ ELECTROSTATIC      =     -286.244444 Ry
@@ VXC                =     -178.399698 Ry
@@ EXC                =     -137.333142 Ry
@@ TOTAL ENERGY       =     -576.469139 Ry
@@ estimated error    =        1.46e-08 Ry
Charge normalization constant -1.0: 6.661338e-16
Charge density mixing: Broyden


KOHN SHAM EIGENVALUES [eV] AT K-POINT [  0]:       0.000000      0.000000      0.000000

[kpt   0  11   0]   -18.8961 [2.000]   -17.9123 [2.000]   -17.9123 [2.000]   -17.9123 [2.000]   -17.9123 [2.000]
[kpt   0  11   1]   -17.9123 [2.000]   -17.9123 [2.000]   -16.5611 [2.000]   -16.5611 [2.000]   -16.5611 [2.000]
[kpt   0  11   2]   -16.5611 [2.000]   -16.5611 [2.000]   -16.5611 [2.000]   -16.5294 [2.000]   -16.5293 [2.000]
[kpt   0  11   3]   -16.5293 [2.000]    -9.3349 [2.000]    -6.9267 [2.000]    -6.9267 [2.000]    -6.9267 [2.000]
[kpt   0  11   4]    -6.9267 [2.000]    -6.9267 [2.000]    -6.9267 [2.000]    -5.1545 [2.000]    -5.1545 [2.000]
[kpt   0  11   5]    -5.1545 [2.000]    -4.5241 [2.000]    -4.5241 [2.000]    -4.5241 [2.000]    -4.5241 [2.000]
[kpt   0  11   6]    -4.5241 [2.000]    -4.5241 [2.000]    -2.1186 [2.000]    -2.1186 [2.000]    -2.1186 [2.000]
[kpt   0  11   7]    -2.1186 [2.000]    -2.1186 [2.000]    -2.1186 [2.000]    -1.8758 [2.000]    -1.8758 [2.000]
[kpt   0  11   8]    -1.6840 [2.000]    -1.6840 [2.000]    -1.6840 [2.000]    -1.6840 [2.000]    -1.6840 [2.000]
[kpt   0  11   9]    -1.6840 [2.000]    -1.2234 [2.000]    -1.2234 [2.000]    -1.2234 [2.000]    -0.5663 [2.000]
[kpt   0  11  10]    -0.5663 [2.000]    -0.5663 [2.000]    -0.5663 [2.000]    -0.5663 [2.000]    -0.5663 [2.000]
[kpt   0  11  11]     0.3392 [2.000]     0.3392 [2.000]     0.3392 [2.000]     0.3392 [2.000]     0.3392 [2.000]
[kpt   0  11  12]     0.3392 [2.000]     1.1034 [2.000]     1.1034 [2.000]     1.1034 [2.000]     6.7873 [0.000]
[kpt   0  11  13]     9.7570 [0.000]     9.7570 [0.000]     9.7572 [0.000]     9.7572 [0.000]     9.7574 [0.000]
[kpt   0  11  14]     9.7578 [0.000]    10.5922 [0.000]    10.5924 [0.000]    10.5925 [0.000]    13.0519 [0.000]
[kpt   0  11  15]    13.0520 [0.000]    13.0523 [0.000]    13.0523 [0.000]    13.0523 [0.000]



Total charge in supercell =     128.00000000
 quench: [md:   0/100  scf:  11/30  step time:   0.22  scf time:     2.37 secs  RMS[dV]: 6.55e-06 ]


average potential <V> = 2.00e-16
Davidson converged in 3 steps

FERMI ENERGY =      1.10336760 eV
@@ EIGENVALUE SUM     =      -58.375415 Ry
@@ ION_ION            =     -272.916107 Ry
@@ ELECTROSTATIC      =     -286.244158 Ry
@@ VXC                =     -178.399648 Ry
@@ EXC                =     -137.333108 Ry
@@ TOTAL ENERGY       =     -576.469140 Ry
@@ estimated error    =        1.86e-09 Ry
Charge normalization constant -1.0: 1.776357e-15
Charge density mixing: Broyden


KOHN SHAM EIGENVALUES [eV] AT K-POINT [  0]:       0.000000      0.000000      0.000000

[kpt   0  12   0]   -18.8961 [2.000]   -17.9123 [2.000]   -17.9123 [2.000]   -17.9123 [2.000]   -17.9123 [2.000]
[kpt   0  12   1]   -17.9123 [2.000]   -17.9123 [2.000]   -16.5612 [2.000]   -16.5612 [2.000]   -16.5612 [2.000]
[kpt   0  12   2]   -16.5611 [2.000]   -16.5611 [2.000]   -16.5611 [2.000]   -16.5294 [2.000]   -16.5294 [2.000]
[kpt   0  12   3]   -16.5294 [2.000]    -9.3349 [2.000]    -6.9267 [2.000]    -6.9267 [2.000]    -6.9267 [2.000]
[kpt   0  12   4]    -6.9267 [2.000]    -6.9267 [2.000]    -6.9267 [2.000]    -5.1546 [2.000]    -5.1546 [2.000]
[kpt   0  12   5]    -5.1546 [2.000]    -4.5242 [2.000]    -4.5242 [2.000]    -4.5242 [2.000]    -4.5242 [2.000]
[kpt   0  12   6]    -4.5241 [2.000]    -4.5241 [2.000]    -2.1186 [2.000]    -2.1186 [2.000]    -2.1186 [2.000]
[kpt   0  12   7]    -2.1186 [2.000]    -2.1186 [2.000]    -2.1186 [2.000]    -1.8758 [2.000]    -1.8758 [2.000]
[kpt   0  12   8]    -1.6840 [2.000]    -1.6840 [2.000]    -1.6840 [2.000]    -1.6840 [2.000]    -1.6840 [2.000]
[kpt   0  12   9]    -1.6840 [2.000]    -1.2234 [2.000]    -1.2234 [2.000]    -1.2234 [2.000]    -0.5663 [2.000]
[kpt   0  12  10]    -0.5663 [2.000]    -0.5663 [2.000]    -0.5663 [2.000]    -0.5663 [2.000]    -0.5663 [2.000]
[kpt   0  12  11]     0.3392 [2.000]     0.3392 [2.000]     0.3392 [2.000]     0.3392 [2.000]     0.3392 [2.000]
[kpt   0  12  12]     0.3392 [2.000]     1.1034 [2.000]     1.1034 [2.000]     1.1034 [2.000]     6.7873 [0.000]
[kpt   0  12  13]     9.7569 [0.000]     9.7570 [0.000]     9.7571 [0.000]     9.7571 [0.000]     9.7572 [0.000]
[kpt   0  12  14]     9.7575 [0.000]    10.5922 [0.000]    10.5923 [0.000]    10.5924 [0.000]    13.0519 [0.000]
[kpt   0  12  15]    13.0520 [0.000]    13.0522 [0.000]    13.0522 [0.000]    13.0523 [0.000]



Total charge in supercell =     128.00000000
 quench: [md:   0/100  scf:  12/30  step time:   0.22  scf time:     2.59 secs  RMS[dV]: 3.47e-06 ]


average potential <V> = 8.01e-17
Davidson converged in 3 steps

FERMI ENERGY =      1.10337781 eV
@@ EIGENVALUE SUM     =      -58.375326 Ry
@@ ION_ION            =     -272.916107 Ry
@@ ELECTROSTATIC      =     -286.244253 Ry
@@ VXC                =     -178.399678 Ry
@@ EXC                =     -137.333133 Ry
@@ TOTAL ENERGY       =     -576.469140 Ry
@@ estimated error    =        2.12e-10 Ry
Charge normalization constant -1.0: -2.220446e-16
Charge density mixing: Broyden


KOHN SHAM EIGENVALUES [eV] AT K-POINT [  0]:       0.000000      0.000000      0.000000

[kpt   0  13   0]   -18.8961 [2.000]   -17.9123 [2.000]   -17.9123 [2.000]   -17.9123 [2.000]   -17.9123 [2.000]
[kpt   0  13   1]   -17.9123 [2.000]   -17.9123 [2.000]   -16.5611 [2.000]   -16.5611 [2.000]   -16.5611 [2.000]
[kpt   0  13   2]   -16.5611 [2.000]   -16.5611 [2.000]   -16.5611 [2.000]   -16.5294 [2.000]   -16.5294 [2.000]
[kpt   0  13   3]   -16.5294 [2.000]    -9.3349 [2.000]    -6.9267 [2.000]    -6.9267 [2.000]    -6.9267 [2.000]
[kpt   0  13   4]    -6.9267 [2.000]    -6.9267 [2.000]    -6.9267 [2.000]    -5.1546 [2.000]    -5.1546 [2.000]
[kpt   0  13   5]    -5.1546 [2.000]    -4.5241 [2.000]    -4.5241 [2.000]    -4.5241 [2.000]    -4.5241 [2.000]
[kpt   0  13   6]    -4.5241 [2.000]    -4.5241 [2.000]    -2.1186 [2.000]    -2.1186 [2.000]    -2.1186 [2.000]
[kpt   0  13   7]    -2.1186 [2.000]    -2.1186 [2.000]    -2.1186 [2.000]    -1.8758 [2.000]    -1.8758 [2.000]
[kpt   0  13   8]    -1.6840 [2.000]    -1.6840 [2.000]    -1.6840 [2.000]    -1.6840 [2.000]    -1.6840 [2.000]
[kpt   0  13   9]    -1.6840 [2.000]    -1.2234 [2.000]    -1.2234 [2.000]    -1.2234 [2.000]    -0.5663 [2.000]
[kpt   0  13  10]    -0.5663 [2.000]    -0.5663 [2.000]    -0.5663 [2.000]    -0.5663 [2.000]    -0.5663 [2.000]
[kpt   0  13  11]     0.3392 [2.000]     0.3392 [2.000]     0.3392 [2.000]     0.3392 [2.000]     0.3392 [2.000]
[kpt   0  13  12]     0.3392 [2.000]     1.1034 [2.000]     1.1034 [2.000]     1.1034 [2.000]     6.7873 [0.000]
[kpt   0  13  13]     9.7569 [0.000]     9.7569 [0.000]     9.7570 [0.000]     9.7570 [0.000]     9.7571 [0.000]
[kpt   0  13  14]     9.7573 [0.000]    10.5921 [0.000]    10.5922 [0.000]    10.5923 [0.000]    13.0519 [0.000]
[kpt   0  13  15]    13.0520 [0.000]    13.0522 [0.000]    13.0522 [0.000]    13.0523 [0.000]



Total charge in supercell =     128.00000000
 quench: [md:   0/100  scf:  13/30  step time:   0.22  scf time:     2.81 secs  RMS[dV]: 9.12e-07 ]



 Convergence criterion reached: Energy variation (1.72e-11) is lower than threshold (1.00e-10)

potential convergence has been achieved. stopping ...

[   0  14   14        4 ] Quench.cpp: 
@@ TOTAL ENEGY Components 
@@ ION_ION            =     -272.916107 Ry
@@ ELECTROSTATIC      =      286.244253 Ry
@@ EXC                =     -137.333113 Ry
@@ vdw correction     =        0.000000 Ry
@@ LdaU correction    =        0.000000 Ry
@@ total              =        0.000000 Ry
final total energy from eig sum =    -576.46913974 Ry


KOHN SHAM EIGENVALUES [eV] AT K-POINT [  0]:       0.000000      0.000000      0.000000

[kpt   0  14   0]   -18.8961 [2.000]   -17.9123 [2.000]   -17.9123 [2.000]   -17.9123 [2.000]   -17.9123 [2.000]
[kpt   0  14   1]   -17.9123 [2.000]   -17.9123 [2.000]   -16.5611 [2.000]   -16.5611 [2.000]   -16.5611 [2.000]
[kpt   0  14   2]   -16.5611 [2.000]   -16.5611 [2.000]   -16.5611 [2.000]   -16.5294 [2.000]   -16.5294 [2.000]
[kpt   0  14   3]   -16.5294 [2.000]    -9.3349 [2.000]    -6.9267 [2.000]    -6.9267 [2.000]    -6.9267 [2.000]
[kpt   0  14   4]    -6.9267 [2.000]    -6.9267 [2.000]    -6.9267 [2.000]    -5.1546 [2.000]    -5.1546 [2.000]
[kpt   0  14   5]    -5.1546 [2.000]    -4.5241 [2.000]    -4.5241 [2.000]    -4.5241 [2.000]    -4.5241 [2.000]
[kpt   0  14   6]    -4.5241 [2.000]    -4.5241 [2.000]    -2.1186 [2.000]    -2.1186 [2.000]    -2.1186 [2.000]
[kpt   0  14   7]    -2.1186 [2.000]    -2.1186 [2.000]    -2.1186 [2.000]    -1.8758 [2.000]    -1.8758 [2.000]
[kpt   0  14   8]    -1.6840 [2.000]    -1.6840 [2.000]    -1.6840 [2.000]    -1.6840 [2.000]    -1.6840 [2.000]
[kpt   0  14   9]    -1.6840 [2.000]    -1.2234 [2.000]    -1.2234 [2.000]    -1.2234 [2.000]    -0.5663 [2.000]
[kpt   0  14  10]    -0.5663 [2.000]    -0.5663 [2.000]    -0.5663 [2.000]    -0.5663 [2.000]    -0.5663 [2.000]
[kpt   0  14  11]     0.3392 [2.000]     0.3392 [2.000]     0.3392 [2.000]     0.3392 [2.000]     0.3392 [2.000]
[kpt   0  14  12]     0.3392 [2.000]     1.1034 [2.000]     1.1034 [2.000]     1.1034 [2.000]     6.7873 [0.000]
[kpt   0  14  13]     9.7569 [0.000]     9.7569 [0.000]     9.7570 [0.000]     9.7570 [0.000]     9.7571 [0.000]
[kpt   0  14  14]     9.7573 [0.000]    10.5921 [0.000]    10.5922 [0.000]    10.5923 [0.000]    13.0519 [0.000]
[kpt   0  14  15]    13.0520 [0.000]    13.0522 [0.000]    13.0522 [0.000]    13.0523 [0.000]



Total charge in supercell =     128.00000000
 volume and energy per atom =        15.03933867       -326.80257112 eV

 Vdd took 0.000169 seconds
WriteRestart: Output file given as /dev/null, no restart data written ...



  IONIC POSITIONS [a0] AND FORCES [Ry/a0]
  Charge analysis using: Voronoi Deformation Density

@ION  Ion  Species       X           Y           Z       Charge       FX          FY         FZ      Movable
@ION    1    Si      0.0000000   0.0000000   0.0000000    0.438    0.0000001  -0.0000000   0.0000000  1 1 1
@ION    2    Si      3.3637125   3.3637125   3.3637125    0.438   -0.0000001  -0.0000000  -0.0000001  1 1 1
@ION    3    Si     10.0911375   3.3637125  10.0911375    0.438   -0.0000001   0.0000000  -0.0000001  1 1 1
@ION    4    Si      3.3637125  10.0911375  10.0911375    0.438   -0.0000000   0.0000000  -0.0000000  1 1 1
@ION    5    Si     10.0911375  10.0911375   3.3637125    0.438   -0.0000000  -0.0000001  -0.0000000  1 1 1
@ION    6    Si      0.0000000   6.7274250   6.7274250    0.438    0.0000000   0.0000001   0.0000000  1 1 1
@ION    7    Si      6.7274250   0.0000000   6.7274250    0.438    0.0000000  -0.0000000   0.0000001  1 1 1
@ION    8    Si      6.7274250   6.7274250   0.0000000    0.438    0.0000000   0.0000001   0.0000000  1 1 1
@ION    9     O      1.6818563   1.6818563   1.6818563   -0.209   -0.0000000  -0.0000000   0.0000000  1 1 1
@ION   10     O     11.7729938   1.6818563  11.7729938   -0.212    0.0000000   0.0000000  -0.0000000  1 1 1
@ION   11     O      1.6818563  11.7729938  11.7729938   -0.216    0.0000001  -0.0000000  -0.0000001  1 1 1
@ION   12     O     11.7729938  11.7729938   1.6818563   -0.220   -0.0000001  -0.0000001   0.0000000  1 1 1
@ION   13     O      1.6818563   8.4092813   8.4092813   -0.212   -0.0000000  -0.0000001   0.0000000  1 1 1
@ION   14     O      8.4092813   1.6818563   8.4092813   -0.212   -0.0000000   0.0000001   0.0000000  1 1 1
@ION   15     O      8.4092813   8.4092813   1.6818563   -0.213    0.0000001   0.0000000   0.0000001  1 1 1
@ION   16     O     11.7729938   8.4092813   5.0455688   -0.217   -0.0000001   0.0000000  -0.0000001  1 1 1
@ION   17     O      5.0455688   1.6818563   5.0455688   -0.214   -0.0000001   0.0000001  -0.0000001  1 1 1
@ION   18     O      5.0455688   8.4092813  11.7729938   -0.218   -0.0000000  -0.0000001   0.0000000  1 1 1
@ION   19     O      1.6818563   5.0455688   5.0455688   -0.223    0.0000001   0.0000000  -0.0000000  1 1 1
@ION   20     O      8.4092813  11.7729938   5.0455688   -0.226   -0.0000000  -0.0000000  -0.0000000  1 1 1
@ION   21     O      8.4092813   5.0455688  11.7729938   -0.222    0.0000000  -0.0000001  -0.0000000  1 1 1
@ION   22     O     11.7729938   5.0455688   8.4092813   -0.229   -0.0000001  -0.0000001   0.0000001  1 1 1
@ION   23     O      5.0455688  11.7729938   8.4092813   -0.229   -0.0000001  -0.0000001   0.0000001  1 1 1
@ION   24     O      5.0455688   5.0455688   1.6818563   -0.230   -0.0000001  -0.0000001   0.0000001  1 1 1

 mean FX      =   0.00000005 Ry/a0
 mean FY      =   0.00000005 Ry/a0
 mean FZ      =   0.00000005 Ry/a0

 max FX       =   0.00000012 Ry/a0   (ion 23)
 max FY       =   0.00000013 Ry/a0   (ion 14)
 max FZ       =   0.00000014 Ry/a0   (ion 3)
 max F[x,y,z] =   0.00000014 Ry/a0
 max |F|      =   0.00000017 Ry/a0   (ion 24)

 sum FX       =  -0.00000035 Ry/a0
 sum FY       =  -0.00000026 Ry/a0
 sum FZ       =   0.00000009 Ry/a0
 Average      =   0.00000024 Ry/a0
 sqrt < F^2 > =   0.00000006 Ry/a0

WriteRestart: Output file given as /dev/null, no restart data written ...


--------TIMING INFORMATION FOR Processor owned the most atoms----------------
                                        Total time               Per SCF/step

1-TOTAL                                             4.12                0.29
-----------------------------------------------------------------------------
  1-TOTAL: Init                                     1.05                0.07
  1-TOTAL: run                                      3.08                0.22
  ---------------------------------------------------------------------------
    1-TOTAL: run: Force                             0.26                0.02
    1-TOTAL: run: Scf steps                         2.76                0.20

2-Force                                             0.26                0.02
-----------------------------------------------------------------------------
  2-Force: core correction                          0.00                0.00
  2-Force: corrections                              0.06                0.00
  2-Force: ion-ion                                  0.04                0.00
  2-Force: local                                    0.06                0.00
  2-Force: non-local                                0.10                0.01
  2-Force: non-local-betaxpsi                       0.01                0.00
  2-Force: non-local-get gamma                      0.00                0.00
  2-Force: non-local-nlforce_par_Q                  0.01                0.00
  2-Force: non-local-nlforce_par_gamma              0.00                0.00
  2-Force: non-local-nlforce_par_omega              0.00                0.00
  2-Force: non-local-partial gamma                  0.00                0.00
  2-Force: non-local-veff grad                      0.01                0.00

2-Init                                              1.05                0.07
-----------------------------------------------------------------------------
  2-Init: GetNewRho                                 0.02                0.00
  2-Init: KpointClass                               0.52                0.04
  2-Init: LcaoGetPsi                                0.03                0.00
  2-Init: LcaoGetRho                                0.05                0.00
  2-Init: ReinitIonicPotentials                     0.08                0.01
  2-Init: betaxpsi                                  0.01                0.00
  2-Init: exchange/correlation                      0.02                0.00
  2-Init: hartree                                   0.01                0.00
  2-Init: normalization                             0.00                0.00
  2-Init: radial potentials                         0.22                0.02
  2-Init: subdiag                                   0.02                0.00
  2-Init: weights                                   0.00                0.00

2-Scf steps                                         2.76                0.20
-----------------------------------------------------------------------------
  2-Scf steps: Davidson                             1.63                0.12
  2-Scf steps: GetNewRho                            0.26                0.02
  2-Scf steps: Hartree                              0.18                0.01
  2-Scf steps: MgridSubspace                        0.43                0.03
  2-Scf steps: MixRho                               0.01                0.00
  2-Scf steps: exchange/correlation                 0.17                0.01

3-MgridSubspace                                     0.43                0.03
-----------------------------------------------------------------------------
  3-MgridSubspace: AppNls                           0.04                0.00
  3-MgridSubspace: Beta x psi                       0.05                0.00
  3-MgridSubspace: Diagonalization                  0.08                0.01
  3-MgridSubspace: Mg_eig                           0.26                0.02

3-ReinitIonicPotentials                             0.08                0.01
-----------------------------------------------------------------------------
  3-ReinitIonicPotentials: GetNlop                  0.00                0.00
  3-ReinitIonicPotentials: GetWeight                0.05                0.00
  3-ReinitIonicPotentials: get_QI                   0.00                0.00
  3-ReinitIonicPotentials: get_qqq                  0.00                0.00
  3-ReinitIonicPotentials: init_nuc                 0.03                0.00

4-Diagonalization                                   0.10                0.01
-----------------------------------------------------------------------------
  4-Diagonalization: ELPA/PDSYGVX/PZHEGVX           0.01                0.00
  4-Diagonalization: Hpsi                           0.06                0.00
  4-Diagonalization: MPI_Bcast                      0.00                0.00
  4-Diagonalization: Update orbitals                0.01                0.00
  ---------------------------------------------------------------------------
    4-Diagonalization: Update orbitals: gather           0.00                0.00
    4-Diagonalization: Update orbitals: gemm           0.01                0.00
  4-Diagonalization: matrix                         0.01                0.00
  ---------------------------------------------------------------------------
    4-Diagonalization: matrix: Allreduce            0.00                0.00
    4-Diagonalization: matrix: Gemm                 0.01                0.00

5-Functional                                        0.18                0.01
-----------------------------------------------------------------------------
  5-Functional: apply gradient                      0.02                0.00
  5-Functional: apply laplacian                     0.01                0.00
  5-Functional: libxc                               0.08                0.01
  5-Functional: vxc                                 0.18                0.01
  5-Functional: vxc grad                            0.10                0.01
  5-Functional: vxc local                           0.02                0.00
  5-Functional: vxc nonlocal                        0.00                0.00

6-Davidson                                          1.63                0.12
-----------------------------------------------------------------------------
  6-Davidson: Betaxpsi                              0.18                0.01
  6-Davidson: apply hamiltonian                     0.30                0.02
  6-Davidson: diagonalization                       0.26                0.02
  6-Davidson: generate residuals                    0.11                0.01
  6-Davidson: matrix setup/reduce                   0.21                0.02
  6-Davidson: normalization                         0.01                0.00
  6-Davidson: precondition                          0.45                0.03
  6-Davidson: rotate orbitals                       0.06                0.00

AppNls                                              0.20                0.01
-----------------------------------------------------------------------------
  AppNls: data_rearrange                            0.00                0.00
  ---------------------------------------------------------------------------
    AppNls: data_rearrange: alloc and zeros           0.00                0.00
    AppNls: data_rearrange: dnm                     0.00                0.00
    AppNls: data_rearrange: sint                    0.00                0.00
  AppNls: nv                                        0.17                0.01
  AppNls: nv_work                                   0.00                0.00

App_gradient                                        0.02                0.00

CPUFD                                               0.00                0.00

Compute Hpsi                                        0.06                0.00
-----------------------------------------------------------------------------
  Compute Hpsi: AppNls                              0.03                0.00
  Compute Hpsi: Threaded Apply H                    0.03                0.00

GlobalSums                                          0.14                0.01

Init                                                0.53                0.04

Init Voronoi                                        0.05                0.00

Mix rho                                             0.01                0.00
-----------------------------------------------------------------------------
  Mix rho: Broyden                                  0.01                0.00
  Mix rho: Linear                                   0.00                0.00

Orbital                                             0.00                0.00
-----------------------------------------------------------------------------
  Orbital: phase and set                            0.00                0.00
  Orbital: proj cal                                 0.00                0.00
  Trade images: trade_images                        0.00                0.00
  Trade images: trade_imagesx                       0.02                0.00

VhPfft                                              0.09                0.01

Weight                                              0.00                0.00

radial beta                                         0.19                0.01


------------------------- TIMING INFORMATION FOR THREADS  -------------------

                                           Min            Max            Avg
CPUFD                                      0.07           0.07           0.07
-----------------------------------------------------------------------------

GlobalSums                                 0.06           0.06           0.06
-----------------------------------------------------------------------------

Mg_eig                                     0.25           0.25           0.25
-----------------------------------------------------------------------------
  Mg_eig: apply hamiltonian                0.10           0.10           0.10
  Mg_eig: mgrid_solv                       0.09           0.09           0.09
  Trade images: trade_images               0.36           0.36           0.36
  Trade images: trade_imagesx              0.30           0.30           0.30
