RMG initialization ... 1 image(s) total, 1 per node. 32 MPI processes/image. Thread level 2.
FFT-FD  0.000000e+00   7.854769e-01   7.854452e-01   3.171854e-05
FFT-FD  1.000000e+00   7.854769e-01   7.855328e-01   -5.592858e-05
IP=0 M = -8.764712e-05  3.618891e-01  3.171854e-05
FFT-FD  0.000000e+00   2.257197e+00   2.257021e+00   1.762231e-04
FFT-FD  1.000000e+00   2.257197e+00   2.257659e+00   -4.620022e-04
IP=1 M = -6.382253e-04  2.761143e-01  1.762231e-04
FFT-FD  0.000000e+00   2.257197e+00   2.257021e+00   1.762231e-04
FFT-FD  1.000000e+00   2.257197e+00   2.257659e+00   -4.620022e-04
IP=2 M = -6.382253e-04  2.761143e-01  1.762231e-04
FFT-FD  0.000000e+00   2.257197e+00   2.257021e+00   1.762231e-04
FFT-FD  1.000000e+00   2.257197e+00   2.257659e+00   -4.620022e-04
IP=3 M = -6.382253e-04  2.761143e-01  1.762231e-04
FFT-FD  0.000000e+00   2.678435e-01   2.678432e-01   2.723105e-07
FFT-FD  1.000000e+00   2.678435e-01   2.678463e-01   -2.816512e-06
IP=0 M = -3.088822e-06  8.815998e-02  2.723105e-07
FFT-FD  0.000000e+00   3.882435e-01   3.882435e-01   1.029205e-08
FFT-FD  1.000000e+00   3.882435e-01   3.882437e-01   -2.843350e-07
IP=1 M = -2.946271e-07  3.493246e-02  1.029205e-08
FFT-FD  0.000000e+00   3.882435e-01   3.882435e-01   1.029205e-08
FFT-FD  1.000000e+00   3.882435e-01   3.882437e-01   -2.843350e-07
IP=2 M = -2.946271e-07  3.493246e-02  1.029205e-08
FFT-FD  0.000000e+00   3.882435e-01   3.882435e-01   1.029205e-08
FFT-FD  1.000000e+00   3.882435e-01   3.882437e-01   -2.843350e-07
IP=3 M = -2.946271e-07  3.493246e-02  1.029205e-08
NEWCFAC = 0.281187  0.281187


                     * * * * * * * * * *
                     *    R   M   G    *
                     * * * * * * * * * *

     -- A Real Space Multigrid Electronic structure code --
     --      More information at www.rmgdft.org          --

Code Revision:     v5.1.0_53_g887bfc3b
Build Date:        May 15 2023  14:30:00
Start time:        Wed May 17 14:09:35 2023

NOTICE: RMG internal pseudopotentials have switched to
ONCVP from Ultrasoft. You can revert to Ultrasoft by
adding the input tag internal_pseudo_type="ultrasoft" to
your input files.


Files
   Control input file:        input6
   Data output file:          /dev/null

Run Setup
    Calculation type:         Quench electrons - Fixed ions SCF calculation
    Description:              SiO2
    Orbital Initialization:   LCAO (96 LCAO and 0 random orbitals)
    Exchange Correlation:     pbe
    Spin Polarization:        OFF
    System charge:            Neutral

Processor Topology
   Total PEs:                 32
   X direction:               4
   Y direction:               4
   Z direction:               2
   MG Threads/PE:             1
   OMP Threads/PE:            1

Grid Points  (Linear Anisotropy: 1.000)
    X:  Total: 60   Per PE: 15   Spacing:0.224 a0  
    Y:  Total: 60   Per PE: 15   Spacing:0.224 a0  
    Z:  Total: 60   Per PE: 30   Spacing:0.224 a0  

    Equivalent energy cutoffs (psi,rho):   196.266    785.063 Ry

    Charge density grid:         2 times finer

Coordinate planes
  Planar Anisotropy: 1.000
  A0-A1 density:    19.886
  A0-A2 density:    19.886
  A1-A2 density:    19.886


Lattice (Cell) Setup
    Type:                       Orthorhombic_primitive
    Volume (a0^3):               2435.77
    Boundary conditions:        Periodic

    X Basis Vector:      13.455       0.000       0.000 a0
    Y Basis Vector:       0.000      13.455       0.000 a0
    Z Basis Vector:       0.000       0.000      13.455 a0
    X Reci Vector:       0.074      -0.000       0.000 a0
    Y Reci Vector:       0.000       0.074       0.000 a0
    Z Reci Vector:       0.000      -0.000       0.074 a0

K-points
    Gamma Point Only (real orbitals)

Atoms and States
    Number of ions:                          24
    Number of species:                       2
    Number of states:                        79

Run Parameters
    SCF Convergence criterion (potential):   1.00e-10
    SCF Convergence criterion (energy):      1.00e-10
    Max SCF steps:                           30

SCF Cycle Settings
    Charge density mixing:                   Broyden
    Hartree Solver:                          PFFT
    Interpolation type:                      FFT

Finite Difference parameters
    Kohn Sham FD Order:                      8   
    Force Gradient Order:                    FFT
    Adaptive Finite Differencing:            On
    Adaptive CFAC:                           0.281186885

Subspace Diagonalization Options
    Frequency:                               every 1 SCF step(s)
    Driver:                                  ScaLapack
    Initial diagonalization:                 ON
    Folded spectrum:                         OFF

Filtering Cutoff  Parameters
    Wavefunction grid (cparm):               0.800
    Charge density grid (rhocparm):          1.000
    Filter factor:                           1.000

Multigrid (MG) Parameters
    Psi MG levels:                           3
    Psi global step:                         0.660 
    Psi pre:                                 2
    Psi post:                                2

Davidson Parameters
    Davidson multiplier:                     4
    Davidson max step:                       8
    Davidson unocc tol factor:               1000.000

Blas Libraries
    CPU support with openblas-parallel.


Atomic Species Information
(PP = Pseudopotential, US = Ultrasoft, NC = Norm Conserving)
-------------------------------------------------------------------------
|Index|Symbol| Mass|Valence| PP |  Comp  |Local| Local|Nlocal|    PP    |
|     |      |     |       |Type|Gaussian|  l  |Radius|Radius|Functional|
-------------------------------------------------------------------------
|    1|     O| 15.0|   6.00|  NC|    0.50|   -1| 10.00|  7.00|       PBE|
|    2|    Si| 28.0|   4.00|  NC|    0.50|   -1| 10.00|  7.00|       PBE|
-------------------------------------------------------------------------

Pseudopotential generation information:
   O pseudopotential file: ./@Internal
      Generation info     : Generated using ONCVPSP code by D. R. Hamann
      Author info         : anonymous
  Si pseudopotential file: ./@Internal
      Generation info     : Generated using ONCVPSP code by D. R. Hamann
      Author info         : anonymous


Memory usage (Mbytes):     Min        Max       Total
    wave functions         17.07      17.07     546.08
    beta-functions         10.37      10.37     331.81



Initial Ionic Positions And Displacements (Bohr)
Species      X           Y           Z           dX          dY          dZ
  Si       0.0000      0.0000      0.0000      0.0000      0.0000      0.0000
  Si       3.3637      3.3637      3.3637      0.0000      0.0000      0.0000
  Si      10.0911      3.3637     10.0911      0.0000      0.0000      0.0000
  Si       3.3637     10.0911     10.0911      0.0000      0.0000      0.0000
  Si      10.0911     10.0911      3.3637      0.0000      0.0000      0.0000
  Si       0.0000      6.7274      6.7274      0.0000      0.0000      0.0000
  Si       6.7274      0.0000      6.7274      0.0000      0.0000      0.0000
  Si       6.7274      6.7274      0.0000      0.0000      0.0000      0.0000
  O        1.6819      1.6819      1.6819      0.0000      0.0000      0.0000
  O       11.7730      1.6819     11.7730      0.0000      0.0000      0.0000
  O        1.6819     11.7730     11.7730      0.0000      0.0000      0.0000
  O       11.7730     11.7730      1.6819      0.0000      0.0000      0.0000
  O        1.6819      8.4093      8.4093      0.0000      0.0000      0.0000
  O        8.4093      1.6819      8.4093      0.0000      0.0000      0.0000
  O        8.4093      8.4093      1.6819      0.0000      0.0000      0.0000
  O       11.7730      8.4093      5.0456      0.0000      0.0000      0.0000
  O        5.0456      1.6819      5.0456      0.0000      0.0000      0.0000
  O        5.0456      8.4093     11.7730      0.0000      0.0000      0.0000
  O        1.6819      5.0456      5.0456      0.0000      0.0000      0.0000
  O        8.4093     11.7730      5.0456      0.0000      0.0000      0.0000
  O        8.4093      5.0456     11.7730      0.0000      0.0000      0.0000
  O       11.7730      5.0456      8.4093      0.0000      0.0000      0.0000
  O        5.0456     11.7730      8.4093      0.0000      0.0000      0.0000
  O        5.0456      5.0456      1.6819      0.0000      0.0000      0.0000


Initial Ionic Positions And Displacements (Angstrom)
Species      X           Y           Z           dX          dY          dZ
  Si       0.0000      0.0000      0.0000      0.0000      0.0000      0.0000
  Si       1.7800      1.7800      1.7800      0.0000      0.0000      0.0000
  Si       5.3400      1.7800      5.3400      0.0000      0.0000      0.0000
  Si       1.7800      5.3400      5.3400      0.0000      0.0000      0.0000
  Si       5.3400      5.3400      1.7800      0.0000      0.0000      0.0000
  Si       0.0000      3.5600      3.5600      0.0000      0.0000      0.0000
  Si       3.5600      0.0000      3.5600      0.0000      0.0000      0.0000
  Si       3.5600      3.5600      0.0000      0.0000      0.0000      0.0000
  O        0.8900      0.8900      0.8900      0.0000      0.0000      0.0000
  O        6.2300      0.8900      6.2300      0.0000      0.0000      0.0000
  O        0.8900      6.2300      6.2300      0.0000      0.0000      0.0000
  O        6.2300      6.2300      0.8900      0.0000      0.0000      0.0000
  O        0.8900      4.4500      4.4500      0.0000      0.0000      0.0000
  O        4.4500      0.8900      4.4500      0.0000      0.0000      0.0000
  O        4.4500      4.4500      0.8900      0.0000      0.0000      0.0000
  O        6.2300      4.4500      2.6700      0.0000      0.0000      0.0000
  O        2.6700      0.8900      2.6700      0.0000      0.0000      0.0000
  O        2.6700      4.4500      6.2300      0.0000      0.0000      0.0000
  O        0.8900      2.6700      2.6700      0.0000      0.0000      0.0000
  O        4.4500      6.2300      2.6700      0.0000      0.0000      0.0000
  O        4.4500      2.6700      6.2300      0.0000      0.0000      0.0000
  O        6.2300      2.6700      4.4500      0.0000      0.0000      0.0000
  O        2.6700      6.2300      4.4500      0.0000      0.0000      0.0000
  O        2.6700      2.6700      0.8900      0.0000      0.0000      0.0000

Diagonalization using scalapack for step=0  count=0



KOHN SHAM EIGENVALUES [eV] AT K-POINT [  0]:       0.000000      0.000000      0.000000

[kpt   0  -1   0]   -22.2078 [2.000]   -21.3863 [2.000]   -21.3863 [2.000]   -21.3863 [2.000]   -21.3863 [2.000]
[kpt   0  -1   1]   -21.3863 [2.000]   -21.3863 [2.000]   -20.2921 [2.000]   -20.2921 [2.000]   -20.2921 [2.000]
[kpt   0  -1   2]   -20.2722 [2.000]   -20.2722 [2.000]   -20.2722 [2.000]   -20.2722 [2.000]   -20.2722 [2.000]
[kpt   0  -1   3]   -20.2722 [2.000]   -11.9732 [2.000]    -9.8959 [2.000]    -9.8959 [2.000]    -9.8959 [2.000]
[kpt   0  -1   4]    -9.8959 [2.000]    -9.8959 [2.000]    -9.8959 [2.000]    -8.2241 [2.000]    -8.2241 [2.000]
[kpt   0  -1   5]    -8.2241 [2.000]    -7.9095 [2.000]    -7.9095 [2.000]    -7.9095 [2.000]    -7.9095 [2.000]
[kpt   0  -1   6]    -7.9095 [2.000]    -7.9095 [2.000]    -5.0342 [2.000]    -5.0342 [2.000]    -5.0342 [2.000]
[kpt   0  -1   7]    -5.0342 [2.000]    -5.0342 [2.000]    -5.0342 [2.000]    -4.9394 [2.000]    -4.9394 [2.000]
[kpt   0  -1   8]    -4.7490 [2.000]    -4.7490 [2.000]    -4.7490 [2.000]    -4.7490 [2.000]    -4.7490 [2.000]
[kpt   0  -1   9]    -4.7490 [2.000]    -4.5183 [2.000]    -4.5183 [2.000]    -4.5183 [2.000]    -3.9884 [2.000]
[kpt   0  -1  10]    -3.9884 [2.000]    -3.9884 [2.000]    -3.9884 [2.000]    -3.9884 [2.000]    -3.9884 [2.000]
[kpt   0  -1  11]    -3.4076 [2.000]    -3.4076 [2.000]    -3.4076 [2.000]    -3.4076 [2.000]    -3.4076 [2.000]
[kpt   0  -1  12]    -3.4076 [2.000]    -2.9352 [2.000]    -2.9352 [2.000]    -2.9352 [2.000]     7.6045 [0.000]
[kpt   0  -1  13]    10.2753 [0.000]    10.2753 [0.000]    10.2753 [0.000]    10.2753 [0.000]    10.2753 [0.000]
[kpt   0  -1  14]    10.2753 [0.000]    12.4079 [0.000]    12.4079 [0.000]    12.4079 [0.000]    13.3738 [0.000]
[kpt   0  -1  15]    13.3738 [0.000]    13.3738 [0.000]    13.3738 [0.000]    13.3738 [0.000]    13.3738 [0.000]
[kpt   0  -1  16]    15.0436 [0.000]    15.0436 [0.000]    15.0436 [0.000]    15.0436 [0.000]    15.0436 [0.000]
[kpt   0  -1  17]    15.0436 [0.000]    15.3636 [0.000]    15.3636 [0.000]    15.3636 [0.000]    15.3636 [0.000]
[kpt   0  -1  18]    15.3636 [0.000]    15.3636 [0.000]    16.6479 [0.000]    16.6479 [0.000]    16.6479 [0.000]
[kpt   0  -1  19]    17.2093 [0.000]


Charge normalization constant -1.0: -1.110223e-14
Charge density mixing: Linear with a constant of 0.50 

Diagonalization using scalapack for step=0  count=1


FERMI ENERGY =     -0.17175972 eV
@@ EIGENVALUE SUM     =      -66.559370 Ry
@@ ION_ION            =     -272.916107 Ry
@@ ELECTROSTATIC      =     -284.891617 Ry
@@ VXC                =     -179.077846 Ry
@@ EXC                =     -137.842211 Ry
@@ TOTAL ENERGY       =     -583.131458 Ry
@@ estimated error    =   ****************
Charge normalization constant -1.0: -1.776357e-15
Charge density mixing: Linear with a constant of 0.50 
WriteRestart: Output file given as /dev/null, no restart data written ...


KOHN SHAM EIGENVALUES [eV] AT K-POINT [  0]:       0.000000      0.000000      0.000000

[kpt   0   0   0]   -19.7430 [2.000]   -18.7844 [2.000]   -18.7789 [2.000]   -18.7745 [2.000]   -18.7741 [2.000]
[kpt   0   0   1]   -18.7668 [2.000]   -18.7652 [2.000]   -17.4905 [2.000]   -17.4790 [2.000]   -17.4773 [2.000]
[kpt   0   0   2]   -17.4743 [2.000]   -17.4727 [2.000]   -17.4690 [2.000]   -17.4669 [2.000]   -17.4662 [2.000]
[kpt   0   0   3]   -17.4620 [2.000]    -9.6870 [2.000]    -7.4788 [2.000]    -7.4719 [2.000]    -7.4710 [2.000]
[kpt   0   0   4]    -7.4648 [2.000]    -7.4610 [2.000]    -7.4603 [2.000]    -5.9040 [2.000]    -5.8929 [2.000]
[kpt   0   0   5]    -5.8924 [2.000]    -5.2333 [2.000]    -5.2302 [2.000]    -5.2266 [2.000]    -5.2245 [2.000]
[kpt   0   0   6]    -5.2217 [2.000]    -5.2211 [2.000]    -2.9578 [2.000]    -2.9573 [2.000]    -2.9563 [2.000]
[kpt   0   0   7]    -2.9535 [2.000]    -2.9526 [2.000]    -2.9511 [2.000]    -2.7581 [2.000]    -2.7519 [2.000]
[kpt   0   0   8]    -2.6315 [2.000]    -2.6308 [2.000]    -2.6299 [2.000]    -2.6273 [2.000]    -2.6262 [2.000]
[kpt   0   0   9]    -2.5958 [2.000]    -2.0503 [2.000]    -2.0498 [2.000]    -2.0452 [2.000]    -1.5634 [2.000]
[kpt   0   0  10]    -1.5603 [2.000]    -1.5600 [2.000]    -1.5583 [2.000]    -1.5577 [2.000]    -1.5544 [2.000]
[kpt   0   0  11]    -0.7708 [2.000]    -0.7700 [2.000]    -0.7689 [2.000]    -0.7680 [2.000]    -0.7658 [2.000]
[kpt   0   0  12]    -0.7657 [2.000]    -0.1739 [2.000]    -0.1727 [2.000]    -0.1718 [2.000]     8.3413 [0.000]
[kpt   0   0  13]    10.9127 [0.000]    10.9160 [0.000]    10.9194 [0.000]    10.9226 [0.000]    10.9238 [0.000]
[kpt   0   0  14]    10.9251 [0.000]    12.1415 [0.000]    12.1622 [0.000]    12.1631 [0.000]    13.9378 [0.000]
[kpt   0   0  15]    13.9404 [0.000]    13.9436 [0.000]    13.9461 [0.000]    13.9526 [0.000]



Total charge in supercell =     128.00000000
 quench: [md:   0/100  scf:   0/30  step time:   0.38  scf time:     0.51 secs  RMS[dV]: 5.25e-02 ]


average potential <V> = 1.52e-15

Diagonalization using scalapack for step=1  count=2


FERMI ENERGY =      1.33764089 eV
@@ EIGENVALUE SUM     =      -55.414918 Ry
@@ ION_ION            =     -272.916107 Ry
@@ ELECTROSTATIC      =     -297.410921 Ry
@@ VXC                =     -182.406828 Ry
@@ EXC                =     -140.428889 Ry
@@ TOTAL ENERGY       =     -583.764006 Ry
@@ estimated error    =        6.96e-01 Ry
Charge normalization constant -1.0: 1.110223e-15
Charge density mixing: Linear with a constant of 0.50 


KOHN SHAM EIGENVALUES [eV] AT K-POINT [  0]:       0.000000      0.000000      0.000000

[kpt   0   1   0]   -18.5431 [2.000]   -17.5132 [2.000]   -17.5056 [2.000]   -17.4981 [2.000]   -17.4956 [2.000]
[kpt   0   1   1]   -17.4906 [2.000]   -17.4886 [2.000]   -16.0244 [2.000]   -16.0215 [2.000]   -16.0158 [2.000]
[kpt   0   1   2]   -16.0126 [2.000]   -16.0104 [2.000]   -16.0087 [2.000]   -15.9953 [2.000]   -15.9915 [2.000]
[kpt   0   1   3]   -15.9859 [2.000]    -9.3455 [2.000]    -6.8244 [2.000]    -6.8194 [2.000]    -6.8188 [2.000]
[kpt   0   1   4]    -6.8168 [2.000]    -6.8148 [2.000]    -6.8057 [2.000]    -5.0195 [2.000]    -5.0147 [2.000]
[kpt   0   1   5]    -5.0129 [2.000]    -4.3759 [2.000]    -4.3746 [2.000]    -4.3658 [2.000]    -4.3649 [2.000]
[kpt   0   1   6]    -4.3597 [2.000]    -4.3579 [2.000]    -1.7481 [2.000]    -1.7441 [2.000]    -1.7421 [2.000]
[kpt   0   1   7]    -1.7364 [2.000]    -1.7336 [2.000]    -1.7235 [2.000]    -1.4757 [2.000]    -1.4704 [2.000]
[kpt   0   1   8]    -1.4075 [2.000]    -1.4060 [2.000]    -1.4022 [2.000]    -1.3984 [2.000]    -1.3929 [2.000]
[kpt   0   1   9]    -1.3711 [2.000]    -0.8597 [2.000]    -0.8533 [2.000]    -0.8533 [2.000]    -0.2326 [2.000]
[kpt   0   1  10]    -0.2313 [2.000]    -0.2291 [2.000]    -0.2171 [2.000]    -0.2144 [2.000]    -0.2073 [2.000]
[kpt   0   1  11]     0.6183 [2.000]     0.6211 [2.000]     0.6237 [2.000]     0.6276 [2.000]     0.6299 [2.000]
[kpt   0   1  12]     0.6368 [2.000]     1.3327 [2.000]     1.3352 [2.000]     1.3376 [2.000]     8.8549 [0.000]
[kpt   0   1  13]    11.3343 [0.000]    11.3440 [0.000]    11.3473 [0.000]    11.3511 [0.000]    11.3607 [0.000]
[kpt   0   1  14]    11.3621 [0.000]    11.8379 [0.000]    11.8615 [0.000]    11.8635 [0.000]    14.2239 [0.000]
[kpt   0   1  15]    14.2266 [0.000]    14.2273 [0.000]    14.2354 [0.000]    48.2338 [0.000]



Total charge in supercell =     128.00000000
 quench: [md:   0/100  scf:   1/30  step time:   0.33  scf time:     0.85 secs  RMS[dV]: 3.05e-02 ]


average potential <V> = 1.60e-15

Diagonalization using scalapack for step=2  count=3


FERMI ENERGY =      1.75789820 eV
@@ EIGENVALUE SUM     =      -53.124315 Ry
@@ ION_ION            =     -272.916107 Ry
@@ ELECTROSTATIC      =     -297.151985 Ry
@@ VXC                =     -182.072073 Ry
@@ EXC                =     -140.166260 Ry
@@ TOTAL ENERGY       =     -581.286593 Ry
@@ estimated error    =        1.65e-01 Ry
Charge normalization constant -1.0: 2.664535e-15
Charge density mixing: Linear with a constant of 0.50 


KOHN SHAM EIGENVALUES [eV] AT K-POINT [  0]:       0.000000      0.000000      0.000000

[kpt   0   2   0]   -18.3440 [2.000]   -17.3150 [2.000]   -17.3031 [2.000]   -17.2976 [2.000]   -17.2871 [2.000]
[kpt   0   2   1]   -17.2844 [2.000]   -17.2724 [2.000]   -15.8106 [2.000]   -15.8067 [2.000]   -15.8003 [2.000]
[kpt   0   2   2]   -15.7963 [2.000]   -15.7876 [2.000]   -15.7827 [2.000]   -15.7680 [2.000]   -15.7512 [2.000]
[kpt   0   2   3]   -15.7479 [2.000]    -9.2014 [2.000]    -6.6549 [2.000]    -6.6529 [2.000]    -6.6499 [2.000]
[kpt   0   2   4]    -6.6456 [2.000]    -6.6405 [2.000]    -6.6318 [2.000]    -4.8314 [2.000]    -4.8242 [2.000]
[kpt   0   2   5]    -4.8226 [2.000]    -4.1884 [2.000]    -4.1866 [2.000]    -4.1832 [2.000]    -4.1747 [2.000]
[kpt   0   2   6]    -4.1728 [2.000]    -4.1658 [2.000]    -1.5297 [2.000]    -1.5245 [2.000]    -1.5200 [2.000]
[kpt   0   2   7]    -1.5134 [2.000]    -1.5111 [2.000]    -1.5058 [2.000]    -1.2454 [2.000]    -1.2418 [2.000]
[kpt   0   2   8]    -1.1428 [2.000]    -1.1308 [2.000]    -1.1302 [2.000]    -1.1268 [2.000]    -1.1246 [2.000]
[kpt   0   2   9]    -1.1197 [2.000]    -0.6249 [2.000]    -0.6172 [2.000]    -0.6122 [2.000]     0.0612 [2.000]
[kpt   0   2  10]     0.0682 [2.000]     0.0692 [2.000]     0.0853 [2.000]     0.0857 [2.000]     0.0964 [2.000]
[kpt   0   2  11]     0.9682 [2.000]     0.9712 [2.000]     0.9770 [2.000]     0.9822 [2.000]     0.9829 [2.000]
[kpt   0   2  12]     0.9933 [2.000]     1.7511 [2.000]     1.7563 [2.000]     1.7579 [2.000]     8.7378 [0.000]
[kpt   0   2  13]    11.2892 [0.000]    11.3027 [0.000]    11.3040 [0.000]    11.3061 [0.000]    11.3140 [0.000]
[kpt   0   2  14]    11.3165 [0.000]    11.5276 [0.000]    11.5494 [0.000]    11.5509 [0.000]    14.1545 [0.000]
[kpt   0   2  15]    14.1578 [0.000]    14.1601 [0.000]    14.1655 [0.000]    47.5457 [0.000]



Total charge in supercell =     128.00000000
 quench: [md:   0/100  scf:   2/30  step time:   0.33  scf time:     1.18 secs  RMS[dV]: 1.41e-02 ]


average potential <V> = 6.32e-17

Diagonalization using scalapack for step=3  count=4


FERMI ENERGY =      1.66065425 eV
@@ EIGENVALUE SUM     =      -54.283930 Ry
@@ ION_ION            =     -272.916107 Ry
@@ ELECTROSTATIC      =     -293.335356 Ry
@@ VXC                =     -180.783133 Ry
@@ EXC                =     -139.161650 Ry
@@ TOTAL ENERGY       =     -578.913909 Ry
@@ estimated error    =        2.80e-01 Ry
Charge normalization constant -1.0: -2.220446e-16
Charge density mixing: Linear with a constant of 0.50 


KOHN SHAM EIGENVALUES [eV] AT K-POINT [  0]:       0.000000      0.000000      0.000000

[kpt   0   3   0]   -18.4794 [2.000]   -17.4697 [2.000]   -17.4579 [2.000]   -17.4515 [2.000]   -17.4419 [2.000]
[kpt   0   3   1]   -17.4379 [2.000]   -17.4241 [2.000]   -16.0077 [2.000]   -15.9998 [2.000]   -15.9967 [2.000]
[kpt   0   3   2]   -15.9910 [2.000]   -15.9792 [2.000]   -15.9736 [2.000]   -15.9591 [2.000]   -15.9407 [2.000]
[kpt   0   3   3]   -15.9347 [2.000]    -9.2249 [2.000]    -6.7152 [2.000]    -6.7135 [2.000]    -6.7119 [2.000]
[kpt   0   3   4]    -6.7099 [2.000]    -6.7041 [2.000]    -6.6905 [2.000]    -4.9014 [2.000]    -4.8940 [2.000]
[kpt   0   3   5]    -4.8906 [2.000]    -4.2675 [2.000]    -4.2628 [2.000]    -4.2555 [2.000]    -4.2545 [2.000]
[kpt   0   3   6]    -4.2440 [2.000]    -4.2407 [2.000]    -1.6672 [2.000]    -1.6612 [2.000]    -1.6608 [2.000]
[kpt   0   3   7]    -1.6592 [2.000]    -1.6527 [2.000]    -1.6494 [2.000]    -1.3958 [2.000]    -1.3938 [2.000]
[kpt   0   3   8]    -1.2477 [2.000]    -1.2433 [2.000]    -1.2381 [2.000]    -1.2370 [2.000]    -1.2331 [2.000]
[kpt   0   3   9]    -1.2312 [2.000]    -0.7610 [2.000]    -0.7577 [2.000]    -0.7567 [2.000]    -0.0685 [2.000]
[kpt   0   3  10]    -0.0658 [2.000]    -0.0635 [2.000]    -0.0527 [2.000]    -0.0500 [2.000]    -0.0480 [2.000]
[kpt   0   3  11]     0.8525 [2.000]     0.8546 [2.000]     0.8559 [2.000]     0.8644 [2.000]     0.8660 [2.000]
[kpt   0   3  12]     0.8728 [2.000]     1.6533 [2.000]     1.6547 [2.000]     1.6607 [2.000]     8.4918 [0.000]
[kpt   0   3  13]    11.1076 [0.000]    11.1221 [0.000]    11.1227 [0.000]    11.1244 [0.000]    11.1334 [0.000]
[kpt   0   3  14]    11.1366 [0.000]    11.3189 [0.000]    11.3393 [0.000]    11.3409 [0.000]    13.9521 [0.000]
[kpt   0   3  15]    13.9547 [0.000]    13.9585 [0.000]    13.9619 [0.000]    46.8182 [0.000]



Total charge in supercell =     128.00000000
 quench: [md:   0/100  scf:   3/30  step time:   0.33  scf time:     1.51 secs  RMS[dV]: 1.40e-02 ]


average potential <V> = 1.31e-16
Davidson converged in 3 steps

FERMI ENERGY =      1.64994052 eV
@@ EIGENVALUE SUM     =      -55.204164 Ry
@@ ION_ION            =     -272.916107 Ry
@@ ELECTROSTATIC      =     -289.810754 Ry
@@ VXC                =     -179.641651 Ry
@@ EXC                =     -138.272051 Ry
@@ TOTAL ENERGY       =     -576.561425 Ry
@@ estimated error    =        1.88e-01 Ry
Charge normalization constant -1.0: -4.440892e-16
Charge density mixing: Broyden


KOHN SHAM EIGENVALUES [eV] AT K-POINT [  0]:       0.000000      0.000000      0.000000

[kpt   0   4   0]   -18.5969 [2.000]   -17.6021 [2.000]   -17.5927 [2.000]   -17.5854 [2.000]   -17.5776 [2.000]
[kpt   0   4   1]   -17.5615 [2.000]   -17.5547 [2.000]   -16.1773 [2.000]   -16.1656 [2.000]   -16.1626 [2.000]
[kpt   0   4   2]   -16.1464 [2.000]   -16.1432 [2.000]   -16.1338 [2.000]   -16.1245 [2.000]   -16.1036 [2.000]
[kpt   0   4   3]   -16.0862 [2.000]    -9.3081 [2.000]    -6.8210 [2.000]    -6.8136 [2.000]    -6.8061 [2.000]
[kpt   0   4   4]    -6.8037 [2.000]    -6.7900 [2.000]    -6.7840 [2.000]    -4.9808 [2.000]    -4.9710 [2.000]
[kpt   0   4   5]    -4.9676 [2.000]    -4.3532 [2.000]    -4.3441 [2.000]    -4.3366 [2.000]    -4.3296 [2.000]
[kpt   0   4   6]    -4.3180 [2.000]    -4.3107 [2.000]    -1.7886 [2.000]    -1.7836 [2.000]    -1.7798 [2.000]
[kpt   0   4   7]    -1.7727 [2.000]    -1.7702 [2.000]    -1.7654 [2.000]    -1.5012 [2.000]    -1.4981 [2.000]
[kpt   0   4   8]    -1.3445 [2.000]    -1.3407 [2.000]    -1.3347 [2.000]    -1.3260 [2.000]    -1.3246 [2.000]
[kpt   0   4   9]    -1.3175 [2.000]    -0.8493 [2.000]    -0.8481 [2.000]    -0.8468 [2.000]    -0.1486 [2.000]
[kpt   0   4  10]    -0.1424 [2.000]    -0.1405 [2.000]    -0.1266 [2.000]    -0.1234 [2.000]    -0.1166 [2.000]
[kpt   0   4  11]     0.7977 [2.000]     0.8021 [2.000]     0.8096 [2.000]     0.8178 [2.000]     0.8193 [2.000]
[kpt   0   4  12]     0.8258 [2.000]     1.6353 [2.000]     1.6392 [2.000]     1.6499 [2.000]     7.3356 [0.000]
[kpt   0   4  13]    10.1006 [0.000]    10.1071 [0.000]    10.1092 [0.000]    10.1185 [0.000]    10.1310 [0.000]
[kpt   0   4  14]    10.1340 [0.000]    10.6258 [0.000]    10.6473 [0.000]    10.6479 [0.000]    13.3523 [0.000]
[kpt   0   4  15]    13.3537 [0.000]    13.3558 [0.000]    13.3577 [0.000]    13.3645 [0.000]



Total charge in supercell =     128.00000000
 quench: [md:   0/100  scf:   4/30  step time:   0.43  scf time:     1.94 secs  RMS[dV]: 1.10e-02 ]


average potential <V> = -1.04e-15
Davidson converged in 2 steps

FERMI ENERGY =      0.87734704 eV
@@ EIGENVALUE SUM     =      -60.482042 Ry
@@ ION_ION            =     -272.916107 Ry
@@ ELECTROSTATIC      =     -284.042010 Ry
@@ VXC                =     -177.895361 Ry
@@ EXC                =     -136.911905 Ry
@@ TOTAL ENERGY       =     -576.456702 Ry
@@ estimated error    =        3.26e-01 Ry
Charge normalization constant -1.0: 2.220446e-16
Charge density mixing: Broyden


KOHN SHAM EIGENVALUES [eV] AT K-POINT [  0]:       0.000000      0.000000      0.000000

[kpt   0   5   0]   -19.1203 [2.000]   -18.1541 [2.000]   -18.1506 [2.000]   -18.1433 [2.000]   -18.1402 [2.000]
[kpt   0   5   1]   -18.1383 [2.000]   -18.1293 [2.000]   -16.8157 [2.000]   -16.8091 [2.000]   -16.8045 [2.000]
[kpt   0   5   2]   -16.8015 [2.000]   -16.7963 [2.000]   -16.7883 [2.000]   -16.7733 [2.000]   -16.7710 [2.000]
[kpt   0   5   3]   -16.7594 [2.000]    -9.5644 [2.000]    -7.1785 [2.000]    -7.1752 [2.000]    -7.1706 [2.000]
[kpt   0   5   4]    -7.1687 [2.000]    -7.1656 [2.000]    -7.1582 [2.000]    -5.3920 [2.000]    -5.3894 [2.000]
[kpt   0   5   5]    -5.3837 [2.000]    -4.7922 [2.000]    -4.7880 [2.000]    -4.7843 [2.000]    -4.7802 [2.000]
[kpt   0   5   6]    -4.7773 [2.000]    -4.7694 [2.000]    -2.3139 [2.000]    -2.3108 [2.000]    -2.3088 [2.000]
[kpt   0   5   7]    -2.3057 [2.000]    -2.3025 [2.000]    -2.3000 [2.000]    -2.0712 [2.000]    -2.0699 [2.000]
[kpt   0   5   8]    -1.8829 [2.000]    -1.8797 [2.000]    -1.8790 [2.000]    -1.8765 [2.000]    -1.8723 [2.000]
[kpt   0   5   9]    -1.8703 [2.000]    -1.4489 [2.000]    -1.4484 [2.000]    -1.4481 [2.000]    -0.7811 [2.000]
[kpt   0   5  10]    -0.7775 [2.000]    -0.7766 [2.000]    -0.7727 [2.000]    -0.7694 [2.000]    -0.7662 [2.000]
[kpt   0   5  11]     0.1070 [2.000]     0.1125 [2.000]     0.1132 [2.000]     0.1167 [2.000]     0.1210 [2.000]
[kpt   0   5  12]     0.1236 [2.000]     0.8693 [2.000]     0.8749 [2.000]     0.8773 [2.000]     6.8927 [0.000]
[kpt   0   5  13]     9.7710 [0.000]     9.7735 [0.000]     9.7755 [0.000]     9.7760 [0.000]     9.7812 [0.000]
[kpt   0   5  14]     9.7831 [0.000]    10.5444 [0.000]    10.5531 [0.000]    10.5542 [0.000]    13.0166 [0.000]
[kpt   0   5  15]    13.0179 [0.000]    13.0214 [0.000]    13.0221 [0.000]    13.0293 [0.000]



Total charge in supercell =     128.00000000
 quench: [md:   0/100  scf:   5/30  step time:   0.39  scf time:     2.33 secs  RMS[dV]: 1.38e-02 ]


average potential <V> = 6.06e-16
Davidson converged in 3 steps

FERMI ENERGY =      1.07190540 eV
@@ EIGENVALUE SUM     =      -58.740256 Ry
@@ ION_ION            =     -272.916107 Ry
@@ ELECTROSTATIC      =     -285.884701 Ry
@@ VXC                =     -178.364413 Ry
@@ EXC                =     -137.275660 Ry
@@ TOTAL ENERGY       =     -576.452311 Ry
@@ estimated error    =        1.94e-02 Ry
Charge normalization constant -1.0: -1.110223e-15
Charge density mixing: Broyden


KOHN SHAM EIGENVALUES [eV] AT K-POINT [  0]:       0.000000      0.000000      0.000000

[kpt   0   6   0]   -18.9343 [2.000]   -17.9526 [2.000]   -17.9510 [2.000]   -17.9504 [2.000]   -17.9494 [2.000]
[kpt   0   6   1]   -17.9491 [2.000]   -17.9481 [2.000]   -16.6000 [2.000]   -16.5976 [2.000]   -16.5975 [2.000]
[kpt   0   6   2]   -16.5969 [2.000]   -16.5961 [2.000]   -16.5952 [2.000]   -16.5670 [2.000]   -16.5650 [2.000]
[kpt   0   6   3]   -16.5642 [2.000]    -9.3902 [2.000]    -6.9820 [2.000]    -6.9809 [2.000]    -6.9806 [2.000]
[kpt   0   6   4]    -6.9800 [2.000]    -6.9792 [2.000]    -6.9788 [2.000]    -5.2041 [2.000]    -5.2032 [2.000]
[kpt   0   6   5]    -5.2028 [2.000]    -4.5802 [2.000]    -4.5783 [2.000]    -4.5781 [2.000]    -4.5776 [2.000]
[kpt   0   6   6]    -4.5770 [2.000]    -4.5762 [2.000]    -2.1509 [2.000]    -2.1504 [2.000]    -2.1499 [2.000]
[kpt   0   6   7]    -2.1496 [2.000]    -2.1492 [2.000]    -2.1487 [2.000]    -1.9073 [2.000]    -1.9067 [2.000]
[kpt   0   6   8]    -1.7175 [2.000]    -1.7171 [2.000]    -1.7160 [2.000]    -1.7158 [2.000]    -1.7155 [2.000]
[kpt   0   6   9]    -1.7145 [2.000]    -1.2622 [2.000]    -1.2619 [2.000]    -1.2617 [2.000]    -0.5997 [2.000]
[kpt   0   6  10]    -0.5992 [2.000]    -0.5982 [2.000]    -0.5978 [2.000]    -0.5970 [2.000]    -0.5963 [2.000]
[kpt   0   6  11]     0.3040 [2.000]     0.3046 [2.000]     0.3053 [2.000]     0.3056 [2.000]     0.3060 [2.000]
[kpt   0   6  12]     0.3066 [2.000]     1.0706 [2.000]     1.0709 [2.000]     1.0719 [2.000]     6.8317 [0.000]
[kpt   0   6  13]     9.7810 [0.000]     9.7820 [0.000]     9.7822 [0.000]     9.7839 [0.000]     9.7876 [0.000]
[kpt   0   6  14]     9.7878 [0.000]    10.5962 [0.000]    10.6016 [0.000]    10.6032 [0.000]    13.0716 [0.000]
[kpt   0   6  15]    13.0720 [0.000]    13.0728 [0.000]    13.0739 [0.000]    13.0781 [0.000]



Total charge in supercell =     128.00000000
 quench: [md:   0/100  scf:   6/30  step time:   0.40  scf time:     2.73 secs  RMS[dV]: 5.69e-03 ]


average potential <V> = 2.61e-16
Davidson converged in 3 steps

FERMI ENERGY =      1.10307950 eV
@@ EIGENVALUE SUM     =      -58.385281 Ry
@@ ION_ION            =     -272.916107 Ry
@@ ELECTROSTATIC      =     -286.259374 Ry
@@ VXC                =     -178.449852 Ry
@@ EXC                =     -137.341371 Ry
@@ TOTAL ENERGY       =     -576.452281 Ry
@@ estimated error    =        7.34e-04 Ry
Charge normalization constant -1.0: 2.664535e-15
Charge density mixing: Broyden


KOHN SHAM EIGENVALUES [eV] AT K-POINT [  0]:       0.000000      0.000000      0.000000

[kpt   0   7   0]   -18.8944 [2.000]   -17.9104 [2.000]   -17.9100 [2.000]   -17.9099 [2.000]   -17.9099 [2.000]
[kpt   0   7   1]   -17.9097 [2.000]   -17.9091 [2.000]   -16.5576 [2.000]   -16.5574 [2.000]   -16.5571 [2.000]
[kpt   0   7   2]   -16.5569 [2.000]   -16.5566 [2.000]   -16.5565 [2.000]   -16.5253 [2.000]   -16.5252 [2.000]
[kpt   0   7   3]   -16.5250 [2.000]    -9.3413 [2.000]    -6.9320 [2.000]    -6.9315 [2.000]    -6.9315 [2.000]
[kpt   0   7   4]    -6.9314 [2.000]    -6.9313 [2.000]    -6.9309 [2.000]    -5.1588 [2.000]    -5.1586 [2.000]
[kpt   0   7   5]    -5.1586 [2.000]    -4.5286 [2.000]    -4.5285 [2.000]    -4.5281 [2.000]    -4.5281 [2.000]
[kpt   0   7   6]    -4.5277 [2.000]    -4.5276 [2.000]    -2.1209 [2.000]    -2.1207 [2.000]    -2.1207 [2.000]
[kpt   0   7   7]    -2.1206 [2.000]    -2.1206 [2.000]    -2.1204 [2.000]    -1.8777 [2.000]    -1.8776 [2.000]
[kpt   0   7   8]    -1.6864 [2.000]    -1.6864 [2.000]    -1.6863 [2.000]    -1.6861 [2.000]    -1.6860 [2.000]
[kpt   0   7   9]    -1.6859 [2.000]    -1.2255 [2.000]    -1.2254 [2.000]    -1.2254 [2.000]    -0.5680 [2.000]
[kpt   0   7  10]    -0.5678 [2.000]    -0.5677 [2.000]    -0.5676 [2.000]    -0.5675 [2.000]    -0.5673 [2.000]
[kpt   0   7  11]     0.3379 [2.000]     0.3379 [2.000]     0.3381 [2.000]     0.3381 [2.000]     0.3383 [2.000]
[kpt   0   7  12]     0.3384 [2.000]     1.1029 [2.000]     1.1030 [2.000]     1.1031 [2.000]     6.7913 [0.000]
[kpt   0   7  13]     9.7608 [0.000]     9.7612 [0.000]     9.7615 [0.000]     9.7619 [0.000]     9.7619 [0.000]
[kpt   0   7  14]     9.7621 [0.000]    10.5858 [0.000]    10.5865 [0.000]    10.5866 [0.000]    13.0541 [0.000]
[kpt   0   7  15]    13.0544 [0.000]    13.0545 [0.000]    13.0546 [0.000]    13.0548 [0.000]



Total charge in supercell =     128.00000000
 quench: [md:   0/100  scf:   7/30  step time:   0.48  scf time:     3.21 secs  RMS[dV]: 1.11e-03 ]


average potential <V> = 6.61e-16
Davidson converged in 3 steps

FERMI ENERGY =      1.10105985 eV
@@ EIGENVALUE SUM     =      -58.378591 Ry
@@ ION_ION            =     -272.916107 Ry
@@ ELECTROSTATIC      =     -286.266069 Ry
@@ VXC                =     -178.449055 Ry
@@ EXC                =     -137.340581 Ry
@@ TOTAL ENERGY       =     -576.452292 Ry
@@ estimated error    =        7.42e-05 Ry
Charge normalization constant -1.0: 8.881784e-16
Charge density mixing: Broyden


KOHN SHAM EIGENVALUES [eV] AT K-POINT [  0]:       0.000000      0.000000      0.000000

[kpt   0   8   0]   -18.8929 [2.000]   -17.9090 [2.000]   -17.9089 [2.000]   -17.9089 [2.000]   -17.9087 [2.000]
[kpt   0   8   1]   -17.9087 [2.000]   -17.9086 [2.000]   -16.5572 [2.000]   -16.5570 [2.000]   -16.5570 [2.000]
[kpt   0   8   2]   -16.5569 [2.000]   -16.5568 [2.000]   -16.5567 [2.000]   -16.5253 [2.000]   -16.5251 [2.000]
[kpt   0   8   3]   -16.5250 [2.000]    -9.3361 [2.000]    -6.9277 [2.000]    -6.9276 [2.000]    -6.9275 [2.000]
[kpt   0   8   4]    -6.9275 [2.000]    -6.9274 [2.000]    -6.9273 [2.000]    -5.1559 [2.000]    -5.1558 [2.000]
[kpt   0   8   5]    -5.1557 [2.000]    -4.5253 [2.000]    -4.5252 [2.000]    -4.5252 [2.000]    -4.5251 [2.000]
[kpt   0   8   6]    -4.5250 [2.000]    -4.5250 [2.000]    -2.1207 [2.000]    -2.1207 [2.000]    -2.1206 [2.000]
[kpt   0   8   7]    -2.1206 [2.000]    -2.1205 [2.000]    -2.1205 [2.000]    -1.8780 [2.000]    -1.8780 [2.000]
[kpt   0   8   8]    -1.6862 [2.000]    -1.6862 [2.000]    -1.6861 [2.000]    -1.6860 [2.000]    -1.6860 [2.000]
[kpt   0   8   9]    -1.6859 [2.000]    -1.2253 [2.000]    -1.2253 [2.000]    -1.2253 [2.000]    -0.5687 [2.000]
[kpt   0   8  10]    -0.5687 [2.000]    -0.5686 [2.000]    -0.5685 [2.000]    -0.5685 [2.000]    -0.5684 [2.000]
[kpt   0   8  11]     0.3368 [2.000]     0.3368 [2.000]     0.3369 [2.000]     0.3370 [2.000]     0.3370 [2.000]
[kpt   0   8  12]     0.3371 [2.000]     1.1009 [2.000]     1.1009 [2.000]     1.1011 [2.000]     6.7885 [0.000]
[kpt   0   8  13]     9.7579 [0.000]     9.7580 [0.000]     9.7581 [0.000]     9.7584 [0.000]     9.7585 [0.000]
[kpt   0   8  14]     9.7587 [0.000]    10.5914 [0.000]    10.5915 [0.000]    10.5916 [0.000]    13.0521 [0.000]
[kpt   0   8  15]    13.0522 [0.000]    13.0522 [0.000]    13.0523 [0.000]    13.0525 [0.000]



Total charge in supercell =     128.00000000
 quench: [md:   0/100  scf:   8/30  step time:   0.41  scf time:     3.62 secs  RMS[dV]: 3.19e-04 ]


average potential <V> = 2.32e-16
Davidson converged in 3 steps

FERMI ENERGY =      1.10277932 eV
@@ EIGENVALUE SUM     =      -58.364744 Ry
@@ ION_ION            =     -272.916107 Ry
@@ ELECTROSTATIC      =     -286.281084 Ry
@@ VXC                =     -178.454291 Ry
@@ EXC                =     -137.344654 Ry
@@ TOTAL ENERGY       =     -576.452297 Ry
@@ estimated error    =        4.02e-06 Ry
Charge normalization constant -1.0: 2.220446e-15
Charge density mixing: Broyden


KOHN SHAM EIGENVALUES [eV] AT K-POINT [  0]:       0.000000      0.000000      0.000000

[kpt   0   9   0]   -18.8915 [2.000]   -17.9075 [2.000]   -17.9075 [2.000]   -17.9073 [2.000]   -17.9073 [2.000]
[kpt   0   9   1]   -17.9072 [2.000]   -17.9071 [2.000]   -16.5556 [2.000]   -16.5555 [2.000]   -16.5554 [2.000]
[kpt   0   9   2]   -16.5553 [2.000]   -16.5553 [2.000]   -16.5551 [2.000]   -16.5237 [2.000]   -16.5236 [2.000]
[kpt   0   9   3]   -16.5234 [2.000]    -9.3350 [2.000]    -6.9266 [2.000]    -6.9265 [2.000]    -6.9264 [2.000]
[kpt   0   9   4]    -6.9264 [2.000]    -6.9263 [2.000]    -6.9262 [2.000]    -5.1547 [2.000]    -5.1546 [2.000]
[kpt   0   9   5]    -5.1545 [2.000]    -4.5242 [2.000]    -4.5242 [2.000]    -4.5241 [2.000]    -4.5240 [2.000]
[kpt   0   9   6]    -4.5240 [2.000]    -4.5238 [2.000]    -2.1191 [2.000]    -2.1191 [2.000]    -2.1191 [2.000]
[kpt   0   9   7]    -2.1190 [2.000]    -2.1190 [2.000]    -2.1189 [2.000]    -1.8764 [2.000]    -1.8764 [2.000]
[kpt   0   9   8]    -1.6845 [2.000]    -1.6845 [2.000]    -1.6844 [2.000]    -1.6844 [2.000]    -1.6843 [2.000]
[kpt   0   9   9]    -1.6843 [2.000]    -1.2238 [2.000]    -1.2238 [2.000]    -1.2238 [2.000]    -0.5670 [2.000]
[kpt   0   9  10]    -0.5670 [2.000]    -0.5669 [2.000]    -0.5669 [2.000]    -0.5668 [2.000]    -0.5668 [2.000]
[kpt   0   9  11]     0.3385 [2.000]     0.3386 [2.000]     0.3386 [2.000]     0.3386 [2.000]     0.3387 [2.000]
[kpt   0   9  12]     0.3388 [2.000]     1.1026 [2.000]     1.1027 [2.000]     1.1028 [2.000]     6.7884 [0.000]
[kpt   0   9  13]     9.7577 [0.000]     9.7579 [0.000]     9.7579 [0.000]     9.7581 [0.000]     9.7582 [0.000]
[kpt   0   9  14]     9.7583 [0.000]    10.5927 [0.000]    10.5928 [0.000]    10.5928 [0.000]    13.0526 [0.000]
[kpt   0   9  15]    13.0528 [0.000]    13.0528 [0.000]    13.0529 [0.000]    13.0529 [0.000]



Total charge in supercell =     128.00000000
 quench: [md:   0/100  scf:   9/30  step time:   0.43  scf time:     4.05 secs  RMS[dV]: 1.24e-04 ]


average potential <V> = 6.23e-16
Davidson converged in 3 steps

FERMI ENERGY =      1.10302906 eV
@@ EIGENVALUE SUM     =      -58.364431 Ry
@@ ION_ION            =     -272.916107 Ry
@@ ELECTROSTATIC      =     -286.281545 Ry
@@ VXC                =     -178.455040 Ry
@@ EXC                =     -137.345254 Ry
@@ TOTAL ENERGY       =     -576.452298 Ry
@@ estimated error    =        2.96e-07 Ry
Charge normalization constant -1.0: -8.881784e-16
Charge density mixing: Broyden


KOHN SHAM EIGENVALUES [eV] AT K-POINT [  0]:       0.000000      0.000000      0.000000

[kpt   0  10   0]   -18.8915 [2.000]   -17.9074 [2.000]   -17.9073 [2.000]   -17.9073 [2.000]   -17.9073 [2.000]
[kpt   0  10   1]   -17.9072 [2.000]   -17.9072 [2.000]   -16.5555 [2.000]   -16.5554 [2.000]   -16.5553 [2.000]
[kpt   0  10   2]   -16.5553 [2.000]   -16.5553 [2.000]   -16.5552 [2.000]   -16.5236 [2.000]   -16.5235 [2.000]
[kpt   0  10   3]   -16.5235 [2.000]    -9.3353 [2.000]    -6.9268 [2.000]    -6.9267 [2.000]    -6.9267 [2.000]
[kpt   0  10   4]    -6.9267 [2.000]    -6.9266 [2.000]    -6.9266 [2.000]    -5.1548 [2.000]    -5.1548 [2.000]
[kpt   0  10   5]    -5.1548 [2.000]    -4.5244 [2.000]    -4.5244 [2.000]    -4.5243 [2.000]    -4.5243 [2.000]
[kpt   0  10   6]    -4.5243 [2.000]    -4.5242 [2.000]    -2.1189 [2.000]    -2.1189 [2.000]    -2.1189 [2.000]
[kpt   0  10   7]    -2.1189 [2.000]    -2.1189 [2.000]    -2.1188 [2.000]    -1.8762 [2.000]    -1.8762 [2.000]
[kpt   0  10   8]    -1.6843 [2.000]    -1.6843 [2.000]    -1.6842 [2.000]    -1.6842 [2.000]    -1.6842 [2.000]
[kpt   0  10   9]    -1.6842 [2.000]    -1.2237 [2.000]    -1.2237 [2.000]    -1.2237 [2.000]    -0.5668 [2.000]
[kpt   0  10  10]    -0.5667 [2.000]    -0.5667 [2.000]    -0.5667 [2.000]    -0.5667 [2.000]    -0.5666 [2.000]
[kpt   0  10  11]     0.3388 [2.000]     0.3388 [2.000]     0.3388 [2.000]     0.3389 [2.000]     0.3389 [2.000]
[kpt   0  10  12]     0.3389 [2.000]     1.1030 [2.000]     1.1030 [2.000]     1.1030 [2.000]     6.7885 [0.000]
[kpt   0  10  13]     9.7577 [0.000]     9.7577 [0.000]     9.7578 [0.000]     9.7579 [0.000]     9.7579 [0.000]
[kpt   0  10  14]     9.7581 [0.000]    10.5925 [0.000]    10.5926 [0.000]    10.5926 [0.000]    13.0527 [0.000]
[kpt   0  10  15]    13.0529 [0.000]    13.0529 [0.000]    13.0529 [0.000]    13.0530 [0.000]



Total charge in supercell =     128.00000000
 quench: [md:   0/100  scf:  10/30  step time:   0.43  scf time:     4.47 secs  RMS[dV]: 2.66e-05 ]


average potential <V> = -5.52e-16
Davidson converged in 4 steps

FERMI ENERGY =      1.10299041 eV
@@ EIGENVALUE SUM     =      -58.364367 Ry
@@ ION_ION            =     -272.916107 Ry
@@ ELECTROSTATIC      =     -286.281616 Ry
@@ VXC                =     -178.455082 Ry
@@ EXC                =     -137.345290 Ry
@@ TOTAL ENERGY       =     -576.452298 Ry
@@ estimated error    =        1.27e-08 Ry
Charge normalization constant -1.0: 4.440892e-16
Charge density mixing: Broyden


KOHN SHAM EIGENVALUES [eV] AT K-POINT [  0]:       0.000000      0.000000      0.000000

[kpt   0  11   0]   -18.8915 [2.000]   -17.9073 [2.000]   -17.9073 [2.000]   -17.9073 [2.000]   -17.9073 [2.000]
[kpt   0  11   1]   -17.9073 [2.000]   -17.9073 [2.000]   -16.5553 [2.000]   -16.5553 [2.000]   -16.5553 [2.000]
[kpt   0  11   2]   -16.5553 [2.000]   -16.5553 [2.000]   -16.5553 [2.000]   -16.5235 [2.000]   -16.5235 [2.000]
[kpt   0  11   3]   -16.5235 [2.000]    -9.3353 [2.000]    -6.9267 [2.000]    -6.9267 [2.000]    -6.9267 [2.000]
[kpt   0  11   4]    -6.9267 [2.000]    -6.9267 [2.000]    -6.9267 [2.000]    -5.1548 [2.000]    -5.1548 [2.000]
[kpt   0  11   5]    -5.1548 [2.000]    -4.5243 [2.000]    -4.5243 [2.000]    -4.5243 [2.000]    -4.5243 [2.000]
[kpt   0  11   6]    -4.5243 [2.000]    -4.5243 [2.000]    -2.1189 [2.000]    -2.1189 [2.000]    -2.1189 [2.000]
[kpt   0  11   7]    -2.1189 [2.000]    -2.1189 [2.000]    -2.1189 [2.000]    -1.8762 [2.000]    -1.8762 [2.000]
[kpt   0  11   8]    -1.6842 [2.000]    -1.6842 [2.000]    -1.6842 [2.000]    -1.6842 [2.000]    -1.6842 [2.000]
[kpt   0  11   9]    -1.6842 [2.000]    -1.2237 [2.000]    -1.2237 [2.000]    -1.2237 [2.000]    -0.5667 [2.000]
[kpt   0  11  10]    -0.5667 [2.000]    -0.5667 [2.000]    -0.5667 [2.000]    -0.5667 [2.000]    -0.5667 [2.000]
[kpt   0  11  11]     0.3388 [2.000]     0.3388 [2.000]     0.3388 [2.000]     0.3388 [2.000]     0.3388 [2.000]
[kpt   0  11  12]     0.3388 [2.000]     1.1030 [2.000]     1.1030 [2.000]     1.1030 [2.000]     6.7885 [0.000]
[kpt   0  11  13]     9.7575 [0.000]     9.7575 [0.000]     9.7575 [0.000]     9.7576 [0.000]     9.7576 [0.000]
[kpt   0  11  14]     9.7578 [0.000]    10.5925 [0.000]    10.5926 [0.000]    10.5926 [0.000]    13.0526 [0.000]
[kpt   0  11  15]    13.0528 [0.000]    13.0528 [0.000]    13.0529 [0.000]    13.0529 [0.000]



Total charge in supercell =     128.00000000
 quench: [md:   0/100  scf:  11/30  step time:   0.51  scf time:     4.98 secs  RMS[dV]: 6.24e-06 ]


average potential <V> = 5.05e-16
Davidson converged in 2 steps

FERMI ENERGY =      1.10297270 eV
@@ EIGENVALUE SUM     =      -58.364538 Ry
@@ ION_ION            =     -272.916107 Ry
@@ ELECTROSTATIC      =     -286.281437 Ry
@@ VXC                =     -178.455066 Ry
@@ EXC                =     -137.345282 Ry
@@ TOTAL ENERGY       =     -576.452298 Ry
@@ estimated error    =        1.67e-09 Ry
Charge normalization constant -1.0: 3.996803e-15
Charge density mixing: Broyden


KOHN SHAM EIGENVALUES [eV] AT K-POINT [  0]:       0.000000      0.000000      0.000000

[kpt   0  12   0]   -18.8915 [2.000]   -17.9073 [2.000]   -17.9073 [2.000]   -17.9073 [2.000]   -17.9073 [2.000]
[kpt   0  12   1]   -17.9073 [2.000]   -17.9073 [2.000]   -16.5553 [2.000]   -16.5553 [2.000]   -16.5553 [2.000]
[kpt   0  12   2]   -16.5553 [2.000]   -16.5553 [2.000]   -16.5553 [2.000]   -16.5235 [2.000]   -16.5235 [2.000]
[kpt   0  12   3]   -16.5235 [2.000]    -9.3353 [2.000]    -6.9267 [2.000]    -6.9267 [2.000]    -6.9267 [2.000]
[kpt   0  12   4]    -6.9267 [2.000]    -6.9267 [2.000]    -6.9267 [2.000]    -5.1548 [2.000]    -5.1548 [2.000]
[kpt   0  12   5]    -5.1548 [2.000]    -4.5243 [2.000]    -4.5243 [2.000]    -4.5243 [2.000]    -4.5243 [2.000]
[kpt   0  12   6]    -4.5243 [2.000]    -4.5243 [2.000]    -2.1189 [2.000]    -2.1189 [2.000]    -2.1189 [2.000]
[kpt   0  12   7]    -2.1189 [2.000]    -2.1189 [2.000]    -2.1189 [2.000]    -1.8763 [2.000]    -1.8763 [2.000]
[kpt   0  12   8]    -1.6842 [2.000]    -1.6842 [2.000]    -1.6842 [2.000]    -1.6842 [2.000]    -1.6842 [2.000]
[kpt   0  12   9]    -1.6842 [2.000]    -1.2238 [2.000]    -1.2238 [2.000]    -1.2238 [2.000]    -0.5667 [2.000]
[kpt   0  12  10]    -0.5667 [2.000]    -0.5667 [2.000]    -0.5667 [2.000]    -0.5667 [2.000]    -0.5667 [2.000]
[kpt   0  12  11]     0.3388 [2.000]     0.3388 [2.000]     0.3388 [2.000]     0.3388 [2.000]     0.3388 [2.000]
[kpt   0  12  12]     0.3388 [2.000]     1.1030 [2.000]     1.1030 [2.000]     1.1030 [2.000]     6.7885 [0.000]
[kpt   0  12  13]     9.7574 [0.000]     9.7574 [0.000]     9.7574 [0.000]     9.7575 [0.000]     9.7575 [0.000]
[kpt   0  12  14]     9.7576 [0.000]    10.5925 [0.000]    10.5926 [0.000]    10.5926 [0.000]    13.0526 [0.000]
[kpt   0  12  15]    13.0528 [0.000]    13.0528 [0.000]    13.0529 [0.000]    13.0529 [0.000]



Total charge in supercell =     128.00000000
 quench: [md:   0/100  scf:  12/30  step time:   0.40  scf time:     5.38 secs  RMS[dV]: 3.64e-06 ]



 Convergence criterion reached: Energy variation (8.93e-11) is lower than threshold (1.00e-10)

potential convergence has been achieved. stopping ...

[   0  13   13        7 ] Quench.cpp: 
@@ TOTAL ENEGY Components 
@@ ION_ION            =     -272.916107 Ry
@@ ELECTROSTATIC      =      286.281437 Ry
@@ EXC                =     -137.345284 Ry
@@ vdw correction     =        0.000000 Ry
@@ LdaU correction    =        0.000000 Ry
@@ total              =        0.000000 Ry
final total energy from eig sum =    -576.45229786 Ry


KOHN SHAM EIGENVALUES [eV] AT K-POINT [  0]:       0.000000      0.000000      0.000000

[kpt   0  13   0]   -18.8915 [2.000]   -17.9073 [2.000]   -17.9073 [2.000]   -17.9073 [2.000]   -17.9073 [2.000]
[kpt   0  13   1]   -17.9073 [2.000]   -17.9073 [2.000]   -16.5553 [2.000]   -16.5553 [2.000]   -16.5553 [2.000]
[kpt   0  13   2]   -16.5553 [2.000]   -16.5553 [2.000]   -16.5553 [2.000]   -16.5235 [2.000]   -16.5235 [2.000]
[kpt   0  13   3]   -16.5235 [2.000]    -9.3353 [2.000]    -6.9267 [2.000]    -6.9267 [2.000]    -6.9267 [2.000]
[kpt   0  13   4]    -6.9267 [2.000]    -6.9267 [2.000]    -6.9267 [2.000]    -5.1548 [2.000]    -5.1548 [2.000]
[kpt   0  13   5]    -5.1548 [2.000]    -4.5243 [2.000]    -4.5243 [2.000]    -4.5243 [2.000]    -4.5243 [2.000]
[kpt   0  13   6]    -4.5243 [2.000]    -4.5243 [2.000]    -2.1189 [2.000]    -2.1189 [2.000]    -2.1189 [2.000]
[kpt   0  13   7]    -2.1189 [2.000]    -2.1189 [2.000]    -2.1189 [2.000]    -1.8763 [2.000]    -1.8763 [2.000]
[kpt   0  13   8]    -1.6842 [2.000]    -1.6842 [2.000]    -1.6842 [2.000]    -1.6842 [2.000]    -1.6842 [2.000]
[kpt   0  13   9]    -1.6842 [2.000]    -1.2238 [2.000]    -1.2238 [2.000]    -1.2238 [2.000]    -0.5667 [2.000]
[kpt   0  13  10]    -0.5667 [2.000]    -0.5667 [2.000]    -0.5667 [2.000]    -0.5667 [2.000]    -0.5667 [2.000]
[kpt   0  13  11]     0.3388 [2.000]     0.3388 [2.000]     0.3388 [2.000]     0.3388 [2.000]     0.3388 [2.000]
[kpt   0  13  12]     0.3388 [2.000]     1.1030 [2.000]     1.1030 [2.000]     1.1030 [2.000]     6.7885 [0.000]
[kpt   0  13  13]     9.7574 [0.000]     9.7574 [0.000]     9.7574 [0.000]     9.7575 [0.000]     9.7575 [0.000]
[kpt   0  13  14]     9.7576 [0.000]    10.5925 [0.000]    10.5926 [0.000]    10.5926 [0.000]    13.0526 [0.000]
[kpt   0  13  15]    13.0528 [0.000]    13.0528 [0.000]    13.0529 [0.000]    13.0529 [0.000]



Total charge in supercell =     128.00000000
 volume and energy per atom =        15.03933867       -326.79302339 eV

 Vdd took 0.000257 seconds
WriteRestart: Output file given as /dev/null, no restart data written ...



  IONIC POSITIONS [a0] AND FORCES [Ry/a0]
  Charge analysis using: Voronoi Deformation Density

@ION  Ion  Species       X           Y           Z       Charge       FX          FY         FZ      Movable
@ION    1    Si      0.0000000   0.0000000   0.0000000    0.437    0.0000001  -0.0000000  -0.0000000  1 1 1
@ION    2    Si      3.3637125   3.3637125   3.3637125    0.437   -0.0000001  -0.0000001  -0.0000000  1 1 1
@ION    3    Si     10.0911375   3.3637125  10.0911375    0.437   -0.0000000   0.0000000  -0.0000001  1 1 1
@ION    4    Si      3.3637125  10.0911375  10.0911375    0.437   -0.0000000  -0.0000000   0.0000000  1 1 1
@ION    5    Si     10.0911375  10.0911375   3.3637125    0.437   -0.0000001  -0.0000000   0.0000001  1 1 1
@ION    6    Si      0.0000000   6.7274250   6.7274250    0.437   -0.0000001   0.0000001   0.0000001  1 1 1
@ION    7    Si      6.7274250   0.0000000   6.7274250    0.437    0.0000001  -0.0000001   0.0000001  1 1 1
@ION    8    Si      6.7274250   6.7274250   0.0000000    0.437    0.0000000   0.0000001  -0.0000001  1 1 1
@ION    9     O      1.6818563   1.6818563   1.6818563   -0.212   -0.0000004  -0.0000003  -0.0000003  1 1 1
@ION   10     O     11.7729938   1.6818563  11.7729938   -0.213    0.0000000  -0.0000001   0.0000001  1 1 1
@ION   11     O      1.6818563  11.7729938  11.7729938   -0.217    0.0000000  -0.0000001   0.0000000  1 1 1
@ION   12     O     11.7729938  11.7729938   1.6818563   -0.219    0.0000000  -0.0000000  -0.0000000  1 1 1
@ION   13     O      1.6818563   8.4092813   8.4092813   -0.215   -0.0000002  -0.0000003  -0.0000004  1 1 1
@ION   14     O      8.4092813   1.6818563   8.4092813   -0.215   -0.0000005  -0.0000002  -0.0000002  1 1 1
@ION   15     O      8.4092813   8.4092813   1.6818563   -0.215   -0.0000006  -0.0000003  -0.0000003  1 1 1
@ION   16     O     11.7729938   8.4092813   5.0455688   -0.217    0.0000001  -0.0000003   0.0000001  1 1 1
@ION   17     O      5.0455688   1.6818563   5.0455688   -0.215    0.0000001  -0.0000001  -0.0000000  1 1 1
@ION   18     O      5.0455688   8.4092813  11.7729938   -0.217   -0.0000002  -0.0000002   0.0000000  1 1 1
@ION   19     O      1.6818563   5.0455688   5.0455688   -0.221    0.0000001  -0.0000002  -0.0000001  1 1 1
@ION   20     O      8.4092813  11.7729938   5.0455688   -0.223   -0.0000003   0.0000001   0.0000002  1 1 1
@ION   21     O      8.4092813   5.0455688  11.7729938   -0.221   -0.0000000   0.0000000   0.0000002  1 1 1
@ION   22     O     11.7729938   5.0455688   8.4092813   -0.225   -0.0000003  -0.0000001   0.0000001  1 1 1
@ION   23     O      5.0455688  11.7729938   8.4092813   -0.225   -0.0000002  -0.0000001   0.0000001  1 1 1
@ION   24     O      5.0455688   5.0455688   1.6818563   -0.226   -0.0000002  -0.0000004  -0.0000000  1 1 1

 mean FX      =   0.00000015 Ry/a0
 mean FY      =   0.00000013 Ry/a0
 mean FZ      =   0.00000011 Ry/a0

 max FX       =   0.00000059 Ry/a0   (ion 15)
 max FY       =   0.00000039 Ry/a0   (ion 24)
 max FZ       =   0.00000035 Ry/a0   (ion 13)
 max F[x,y,z] =   0.00000059 Ry/a0
 max |F|      =   0.00000075 Ry/a0   (ion 15)

 sum FX       =  -0.00000242 Ry/a0
 sum FY       =  -0.00000244 Ry/a0
 sum FZ       =  -0.00000052 Ry/a0
 Average      =   0.00000179 Ry/a0
 sqrt < F^2 > =   0.00000018 Ry/a0

WriteRestart: Output file given as /dev/null, no restart data written ...


--------TIMING INFORMATION FOR Processor owned the most atoms----------------
                                        Total time               Per SCF/step

1-TOTAL                                             7.38                0.57
-----------------------------------------------------------------------------
  1-TOTAL: Init                                     1.34                0.10
  1-TOTAL: run                                      6.04                0.46
  ---------------------------------------------------------------------------
    1-TOTAL: run: Force                             0.63                0.05
    1-TOTAL: run: Scf steps                         5.25                0.40

2-Force                                             0.63                0.05
-----------------------------------------------------------------------------
  2-Force: core correction                          0.00                0.00
  2-Force: corrections                              0.15                0.01
  2-Force: ion-ion                                  0.10                0.01
  2-Force: local                                    0.16                0.01
  2-Force: non-local                                0.21                0.02
  2-Force: non-local-betaxpsi                       0.03                0.00
  2-Force: non-local-get gamma                      0.00                0.00
  2-Force: non-local-nlforce_par_Q                  0.02                0.00
  2-Force: non-local-nlforce_par_gamma              0.00                0.00
  2-Force: non-local-nlforce_par_omega              0.00                0.00
  2-Force: non-local-partial gamma                  0.00                0.00
  2-Force: non-local-veff grad                      0.02                0.00

2-Init                                              1.34                0.10
-----------------------------------------------------------------------------
  2-Init: GetNewRho                                 0.04                0.00
  2-Init: KpointClass                               0.48                0.04
  2-Init: LcaoGetPsi                                0.06                0.00
  2-Init: LcaoGetRho                                0.12                0.01
  2-Init: ReinitIonicPotentials                     0.17                0.01
  2-Init: betaxpsi                                  0.02                0.00
  2-Init: exchange/correlation                      0.04                0.00
  2-Init: hartree                                   0.03                0.00
  2-Init: normalization                             0.00                0.00
  2-Init: radial potentials                         0.23                0.02
  2-Init: subdiag                                   0.06                0.00
  2-Init: weights                                   0.01                0.00

2-Scf steps                                         5.25                0.40
-----------------------------------------------------------------------------
  2-Scf steps: Davidson                             2.77                0.21
  2-Scf steps: GetNewRho                            0.49                0.04
  2-Scf steps: Hartree                              0.45                0.03
  2-Scf steps: MgridSubspace                        0.87                0.07
  2-Scf steps: MixRho                               0.04                0.00
  2-Scf steps: exchange/correlation                 0.42                0.03

3-MgridSubspace                                     0.87                0.07
-----------------------------------------------------------------------------
  3-MgridSubspace: AppNls                           0.09                0.01
  3-MgridSubspace: Beta x psi                       0.11                0.01
  3-MgridSubspace: Diagonalization                  0.18                0.01
  3-MgridSubspace: Mg_eig                           0.47                0.04

3-ReinitIonicPotentials                             0.17                0.01
-----------------------------------------------------------------------------
  3-ReinitIonicPotentials: GetNlop                  0.01                0.00
  3-ReinitIonicPotentials: GetWeight                0.10                0.01
  3-ReinitIonicPotentials: get_QI                   0.00                0.00
  3-ReinitIonicPotentials: get_qqq                  0.00                0.00
  3-ReinitIonicPotentials: init_nuc                 0.06                0.00

4-Diagonalization                                   0.24                0.02
-----------------------------------------------------------------------------
  4-Diagonalization: ELPA/PDSYGVX/PZHEGVX           0.02                0.00
  4-Diagonalization: Hpsi                           0.13                0.01
  4-Diagonalization: MPI_Bcast                      0.00                0.00
  4-Diagonalization: Update orbitals                0.06                0.00
  ---------------------------------------------------------------------------
    4-Diagonalization: Update orbitals: gather           0.00                0.00
    4-Diagonalization: Update orbitals: gemm           0.04                0.00
  4-Diagonalization: matrix                         0.04                0.00
  ---------------------------------------------------------------------------
    4-Diagonalization: matrix: Allreduce            0.00                0.00
    4-Diagonalization: matrix: Gemm                 0.03                0.00

5-Functional                                        0.46                0.04
-----------------------------------------------------------------------------
  5-Functional: apply gradient                      0.04                0.00
  5-Functional: apply laplacian                     0.01                0.00
  5-Functional: libxc                               0.18                0.01
  5-Functional: vxc                                 0.45                0.03
  5-Functional: vxc grad                            0.26                0.02
  5-Functional: vxc local                           0.06                0.00
  5-Functional: vxc nonlocal                        0.00                0.00

6-Davidson                                          2.77                0.21
-----------------------------------------------------------------------------
  6-Davidson: Betaxpsi                              0.36                0.03
  6-Davidson: apply hamiltonian                     0.63                0.05
  6-Davidson: diagonalization                       0.25                0.02
  6-Davidson: generate residuals                    0.29                0.02
  6-Davidson: matrix setup/reduce                   0.42                0.03
  6-Davidson: normalization                         0.03                0.00
  6-Davidson: precondition                          0.61                0.05
  6-Davidson: rotate orbitals                       0.14                0.01

AppNls                                              0.48                0.04
-----------------------------------------------------------------------------
  AppNls: data_rearrange                            0.01                0.00
  ---------------------------------------------------------------------------
    AppNls: data_rearrange: alloc and zeros           0.00                0.00
    AppNls: data_rearrange: dnm                     0.00                0.00
    AppNls: data_rearrange: sint                    0.00                0.00
  AppNls: nv                                        0.42                0.03
  AppNls: nv_work                                   0.00                0.00

App_gradient                                        0.04                0.00

CPUFD                                               0.00                0.00

Compute Hpsi                                        0.13                0.01
-----------------------------------------------------------------------------
  Compute Hpsi: AppNls                              0.06                0.00
  Compute Hpsi: Threaded Apply H                    0.06                0.00

GlobalSums                                          0.14                0.01

Init                                                0.86                0.07

Init Voronoi                                        0.13                0.01

Mix rho                                             0.04                0.00
-----------------------------------------------------------------------------
  Mix rho: Broyden                                  0.03                0.00
  Mix rho: Linear                                   0.00                0.00

Orbital                                             0.00                0.00
-----------------------------------------------------------------------------
  Orbital: phase and set                            0.00                0.00
  Orbital: proj cal                                 0.00                0.00
  Trade images: trade_images                        0.00                0.00
  Trade images: trade_imagesx                       0.05                0.00

VhPfft                                              0.24                0.02

Weight                                              0.00                0.00

radial beta                                         0.19                0.01


------------------------- TIMING INFORMATION FOR THREADS  -------------------

                                           Min            Max            Avg
CPUFD                                      0.15           0.15           0.15
-----------------------------------------------------------------------------

GlobalSums                                 0.07           0.07           0.07
-----------------------------------------------------------------------------

Mg_eig                                     0.46           0.46           0.46
-----------------------------------------------------------------------------
  Mg_eig: apply hamiltonian                0.22           0.22           0.22
  Mg_eig: mgrid_solv                       0.11           0.11           0.11
  Trade images: trade_images               0.43           0.43           0.43
  Trade images: trade_imagesx              0.55           0.55           0.55
