RMG initialization ... 1 image(s) total, 1 per node. 32 MPI processes/image. Thread level 2.
FFT-FD  0.000000e+00   7.854722e-01   7.854215e-01   5.074665e-05
FFT-FD  1.000000e+00   7.854722e-01   7.855435e-01   -7.120647e-05
IP=0 M = -1.219531e-04  4.161161e-01  5.074665e-05
FFT-FD  0.000000e+00   2.257197e+00   2.256908e+00   2.897011e-04
FFT-FD  1.000000e+00   2.257197e+00   2.257812e+00   -6.148276e-04
IP=1 M = -9.045287e-04  3.202785e-01  2.897011e-04
FFT-FD  0.000000e+00   2.257197e+00   2.256908e+00   2.897011e-04
FFT-FD  1.000000e+00   2.257197e+00   2.257812e+00   -6.148276e-04
IP=2 M = -9.045287e-04  3.202785e-01  2.897011e-04
FFT-FD  0.000000e+00   2.257197e+00   2.256908e+00   2.897011e-04
FFT-FD  1.000000e+00   2.257197e+00   2.257812e+00   -6.148276e-04
IP=3 M = -9.045287e-04  3.202785e-01  2.897011e-04
FFT-FD  0.000000e+00   2.678435e-01   2.678430e-01   4.643033e-07
FFT-FD  1.000000e+00   2.678435e-01   2.678476e-01   -4.101088e-06
IP=0 M = -4.565391e-06  1.017006e-01  4.643033e-07
FFT-FD  0.000000e+00   3.882435e-01   3.882434e-01   1.769795e-08
FFT-FD  1.000000e+00   3.882435e-01   3.882439e-01   -4.238339e-07
IP=1 M = -4.415318e-07  4.008307e-02  1.769795e-08
FFT-FD  0.000000e+00   3.882435e-01   3.882434e-01   1.769795e-08
FFT-FD  1.000000e+00   3.882435e-01   3.882439e-01   -4.238339e-07
IP=2 M = -4.415318e-07  4.008307e-02  1.769795e-08
FFT-FD  0.000000e+00   3.882435e-01   3.882434e-01   1.769795e-08
FFT-FD  1.000000e+00   3.882435e-01   3.882439e-01   -4.238339e-07
IP=3 M = -4.415318e-07  4.008307e-02  1.769795e-08
NEWCFAC = 0.325726  0.325726


                     * * * * * * * * * *
                     *    R   M   G    *
                     * * * * * * * * * *

     -- A Real Space Multigrid Electronic structure code --
     --      More information at www.rmgdft.org          --

Code Revision:     v5.1.0_53_g887bfc3b
Build Date:        May 15 2023  14:30:00
Start time:        Wed May 17 14:09:28 2023

NOTICE: RMG internal pseudopotentials have switched to
ONCVP from Ultrasoft. You can revert to Ultrasoft by
adding the input tag internal_pseudo_type="ultrasoft" to
your input files.


Files
   Control input file:        input5
   Data output file:          /dev/null

Run Setup
    Calculation type:         Quench electrons - Fixed ions SCF calculation
    Description:              SiO2
    Orbital Initialization:   LCAO (96 LCAO and 0 random orbitals)
    Exchange Correlation:     pbe
    Spin Polarization:        OFF
    System charge:            Neutral

Processor Topology
   Total PEs:                 32
   X direction:               4
   Y direction:               4
   Z direction:               2
   MG Threads/PE:             1
   OMP Threads/PE:            1

Grid Points  (Linear Anisotropy: 1.000)
    X:  Total: 56   Per PE: 14   Spacing:0.240 a0  
    Y:  Total: 56   Per PE: 14   Spacing:0.240 a0  
    Z:  Total: 56   Per PE: 28   Spacing:0.240 a0  

    Equivalent energy cutoffs (psi,rho):   170.969    683.877 Ry

    Charge density grid:         2 times finer

Coordinate planes
  Planar Anisotropy: 1.000
  A0-A1 density:    17.323
  A0-A2 density:    17.323
  A1-A2 density:    17.323


Lattice (Cell) Setup
    Type:                       Orthorhombic_primitive
    Volume (a0^3):               2435.77
    Boundary conditions:        Periodic

    X Basis Vector:      13.455       0.000       0.000 a0
    Y Basis Vector:       0.000      13.455       0.000 a0
    Z Basis Vector:       0.000       0.000      13.455 a0
    X Reci Vector:       0.074      -0.000       0.000 a0
    Y Reci Vector:       0.000       0.074       0.000 a0
    Z Reci Vector:       0.000      -0.000       0.074 a0

K-points
    Gamma Point Only (real orbitals)

Atoms and States
    Number of ions:                          24
    Number of species:                       2
    Number of states:                        79

Run Parameters
    SCF Convergence criterion (potential):   1.00e-10
    SCF Convergence criterion (energy):      1.00e-10
    Max SCF steps:                           30

SCF Cycle Settings
    Charge density mixing:                   Broyden
    Hartree Solver:                          PFFT
    Interpolation type:                      FFT

Finite Difference parameters
    Kohn Sham FD Order:                      8   
    Force Gradient Order:                    FFT
    Adaptive Finite Differencing:            On
    Adaptive CFAC:                           0.325726410

Subspace Diagonalization Options
    Frequency:                               every 1 SCF step(s)
    Driver:                                  ScaLapack
    Initial diagonalization:                 ON
    Folded spectrum:                         OFF

Filtering Cutoff  Parameters
    Wavefunction grid (cparm):               0.800
    Charge density grid (rhocparm):          1.000
    Filter factor:                           1.000

Multigrid (MG) Parameters
    Psi MG levels:                           3
    Psi global step:                         0.660 
    Psi pre:                                 2
    Psi post:                                2

Davidson Parameters
    Davidson multiplier:                     4
    Davidson max step:                       8
    Davidson unocc tol factor:               1000.000

Blas Libraries
    CPU support with openblas-parallel.


Atomic Species Information
(PP = Pseudopotential, US = Ultrasoft, NC = Norm Conserving)
-------------------------------------------------------------------------
|Index|Symbol| Mass|Valence| PP |  Comp  |Local| Local|Nlocal|    PP    |
|     |      |     |       |Type|Gaussian|  l  |Radius|Radius|Functional|
-------------------------------------------------------------------------
|    1|     O| 15.0|   6.00|  NC|    0.50|   -1| 10.00|  7.00|       PBE|
|    2|    Si| 28.0|   4.00|  NC|    0.50|   -1| 10.00|  7.00|       PBE|
-------------------------------------------------------------------------

Pseudopotential generation information:
   O pseudopotential file: ./@Internal
      Generation info     : Generated using ONCVPSP code by D. R. Hamann
      Author info         : anonymous
  Si pseudopotential file: ./@Internal
      Generation info     : Generated using ONCVPSP code by D. R. Hamann
      Author info         : anonymous


Memory usage (Mbytes):     Min        Max       Total
    wave functions         13.87      13.87     443.99
    beta-functions          8.43       8.43     269.78



Initial Ionic Positions And Displacements (Bohr)
Species      X           Y           Z           dX          dY          dZ
  Si       0.0000      0.0000      0.0000      0.0000      0.0000      0.0000
  Si       3.3637      3.3637      3.3637      0.0000      0.0000      0.0000
  Si      10.0911      3.3637     10.0911      0.0000      0.0000      0.0000
  Si       3.3637     10.0911     10.0911      0.0000      0.0000      0.0000
  Si      10.0911     10.0911      3.3637      0.0000      0.0000      0.0000
  Si       0.0000      6.7274      6.7274      0.0000      0.0000      0.0000
  Si       6.7274      0.0000      6.7274      0.0000      0.0000      0.0000
  Si       6.7274      6.7274      0.0000      0.0000      0.0000      0.0000
  O        1.6819      1.6819      1.6819      0.0000      0.0000      0.0000
  O       11.7730      1.6819     11.7730      0.0000      0.0000      0.0000
  O        1.6819     11.7730     11.7730      0.0000      0.0000      0.0000
  O       11.7730     11.7730      1.6819      0.0000      0.0000      0.0000
  O        1.6819      8.4093      8.4093      0.0000      0.0000      0.0000
  O        8.4093      1.6819      8.4093      0.0000      0.0000      0.0000
  O        8.4093      8.4093      1.6819      0.0000      0.0000      0.0000
  O       11.7730      8.4093      5.0456      0.0000      0.0000      0.0000
  O        5.0456      1.6819      5.0456      0.0000      0.0000      0.0000
  O        5.0456      8.4093     11.7730      0.0000      0.0000      0.0000
  O        1.6819      5.0456      5.0456      0.0000      0.0000      0.0000
  O        8.4093     11.7730      5.0456      0.0000      0.0000      0.0000
  O        8.4093      5.0456     11.7730      0.0000      0.0000      0.0000
  O       11.7730      5.0456      8.4093      0.0000      0.0000      0.0000
  O        5.0456     11.7730      8.4093      0.0000      0.0000      0.0000
  O        5.0456      5.0456      1.6819      0.0000      0.0000      0.0000


Initial Ionic Positions And Displacements (Angstrom)
Species      X           Y           Z           dX          dY          dZ
  Si       0.0000      0.0000      0.0000      0.0000      0.0000      0.0000
  Si       1.7800      1.7800      1.7800      0.0000      0.0000      0.0000
  Si       5.3400      1.7800      5.3400      0.0000      0.0000      0.0000
  Si       1.7800      5.3400      5.3400      0.0000      0.0000      0.0000
  Si       5.3400      5.3400      1.7800      0.0000      0.0000      0.0000
  Si       0.0000      3.5600      3.5600      0.0000      0.0000      0.0000
  Si       3.5600      0.0000      3.5600      0.0000      0.0000      0.0000
  Si       3.5600      3.5600      0.0000      0.0000      0.0000      0.0000
  O        0.8900      0.8900      0.8900      0.0000      0.0000      0.0000
  O        6.2300      0.8900      6.2300      0.0000      0.0000      0.0000
  O        0.8900      6.2300      6.2300      0.0000      0.0000      0.0000
  O        6.2300      6.2300      0.8900      0.0000      0.0000      0.0000
  O        0.8900      4.4500      4.4500      0.0000      0.0000      0.0000
  O        4.4500      0.8900      4.4500      0.0000      0.0000      0.0000
  O        4.4500      4.4500      0.8900      0.0000      0.0000      0.0000
  O        6.2300      4.4500      2.6700      0.0000      0.0000      0.0000
  O        2.6700      0.8900      2.6700      0.0000      0.0000      0.0000
  O        2.6700      4.4500      6.2300      0.0000      0.0000      0.0000
  O        0.8900      2.6700      2.6700      0.0000      0.0000      0.0000
  O        4.4500      6.2300      2.6700      0.0000      0.0000      0.0000
  O        4.4500      2.6700      6.2300      0.0000      0.0000      0.0000
  O        6.2300      2.6700      4.4500      0.0000      0.0000      0.0000
  O        2.6700      6.2300      4.4500      0.0000      0.0000      0.0000
  O        2.6700      2.6700      0.8900      0.0000      0.0000      0.0000

Diagonalization using scalapack for step=0  count=0



KOHN SHAM EIGENVALUES [eV] AT K-POINT [  0]:       0.000000      0.000000      0.000000

[kpt   0  -1   0]   -22.2078 [2.000]   -21.3862 [2.000]   -21.3862 [2.000]   -21.3862 [2.000]   -21.3862 [2.000]
[kpt   0  -1   1]   -21.3862 [2.000]   -21.3862 [2.000]   -20.2920 [2.000]   -20.2920 [2.000]   -20.2920 [2.000]
[kpt   0  -1   2]   -20.2722 [2.000]   -20.2722 [2.000]   -20.2722 [2.000]   -20.2722 [2.000]   -20.2722 [2.000]
[kpt   0  -1   3]   -20.2722 [2.000]   -11.9733 [2.000]    -9.8960 [2.000]    -9.8960 [2.000]    -9.8960 [2.000]
[kpt   0  -1   4]    -9.8960 [2.000]    -9.8960 [2.000]    -9.8960 [2.000]    -8.2241 [2.000]    -8.2241 [2.000]
[kpt   0  -1   5]    -8.2241 [2.000]    -7.9094 [2.000]    -7.9094 [2.000]    -7.9094 [2.000]    -7.9094 [2.000]
[kpt   0  -1   6]    -7.9094 [2.000]    -7.9094 [2.000]    -5.0342 [2.000]    -5.0342 [2.000]    -5.0342 [2.000]
[kpt   0  -1   7]    -5.0342 [2.000]    -5.0342 [2.000]    -5.0342 [2.000]    -4.9393 [2.000]    -4.9393 [2.000]
[kpt   0  -1   8]    -4.7490 [2.000]    -4.7490 [2.000]    -4.7490 [2.000]    -4.7490 [2.000]    -4.7490 [2.000]
[kpt   0  -1   9]    -4.7490 [2.000]    -4.5182 [2.000]    -4.5182 [2.000]    -4.5182 [2.000]    -3.9882 [2.000]
[kpt   0  -1  10]    -3.9882 [2.000]    -3.9882 [2.000]    -3.9882 [2.000]    -3.9882 [2.000]    -3.9882 [2.000]
[kpt   0  -1  11]    -3.4075 [2.000]    -3.4075 [2.000]    -3.4075 [2.000]    -3.4075 [2.000]    -3.4075 [2.000]
[kpt   0  -1  12]    -3.4075 [2.000]    -2.9351 [2.000]    -2.9351 [2.000]    -2.9351 [2.000]     7.6040 [0.000]
[kpt   0  -1  13]    10.2747 [0.000]    10.2747 [0.000]    10.2747 [0.000]    10.2747 [0.000]    10.2747 [0.000]
[kpt   0  -1  14]    10.2747 [0.000]    12.4074 [0.000]    12.4074 [0.000]    12.4074 [0.000]    13.3734 [0.000]
[kpt   0  -1  15]    13.3734 [0.000]    13.3734 [0.000]    13.3734 [0.000]    13.3734 [0.000]    13.3734 [0.000]
[kpt   0  -1  16]    15.0433 [0.000]    15.0433 [0.000]    15.0433 [0.000]    15.0433 [0.000]    15.0433 [0.000]
[kpt   0  -1  17]    15.0433 [0.000]    15.3634 [0.000]    15.3634 [0.000]    15.3634 [0.000]    15.3634 [0.000]
[kpt   0  -1  18]    15.3634 [0.000]    15.3634 [0.000]    16.6477 [0.000]    16.6477 [0.000]    16.6477 [0.000]
[kpt   0  -1  19]    17.2093 [0.000]


Charge normalization constant -1.0: -6.661338e-15
Charge density mixing: Linear with a constant of 0.50 

Diagonalization using scalapack for step=0  count=1


FERMI ENERGY =     -0.06441034 eV
@@ EIGENVALUE SUM     =      -65.537478 Ry
@@ ION_ION            =     -272.916107 Ry
@@ ELECTROSTATIC      =     -284.887401 Ry
@@ VXC                =     -179.074207 Ry
@@ EXC                =     -137.841369 Ry
@@ TOTAL ENERGY       =     -582.108148 Ry
@@ estimated error    =   ****************
Charge normalization constant -1.0: 6.661338e-16
Charge density mixing: Linear with a constant of 0.50 
WriteRestart: Output file given as /dev/null, no restart data written ...


KOHN SHAM EIGENVALUES [eV] AT K-POINT [  0]:       0.000000      0.000000      0.000000

[kpt   0   0   0]   -19.6295 [2.000]   -18.6693 [2.000]   -18.6642 [2.000]   -18.6633 [2.000]   -18.6559 [2.000]
[kpt   0   0   1]   -18.6530 [2.000]   -18.6506 [2.000]   -17.3729 [2.000]   -17.3652 [2.000]   -17.3616 [2.000]
[kpt   0   0   2]   -17.3614 [2.000]   -17.3602 [2.000]   -17.3568 [2.000]   -17.3553 [2.000]   -17.3522 [2.000]
[kpt   0   0   3]   -17.3512 [2.000]    -9.5761 [2.000]    -7.3431 [2.000]    -7.3421 [2.000]    -7.3414 [2.000]
[kpt   0   0   4]    -7.3373 [2.000]    -7.3370 [2.000]    -7.3350 [2.000]    -5.7695 [2.000]    -5.7656 [2.000]
[kpt   0   0   5]    -5.7635 [2.000]    -5.0651 [2.000]    -5.0645 [2.000]    -5.0630 [2.000]    -5.0622 [2.000]
[kpt   0   0   6]    -5.0596 [2.000]    -5.0579 [2.000]    -2.8819 [2.000]    -2.8818 [2.000]    -2.8796 [2.000]
[kpt   0   0   7]    -2.8788 [2.000]    -2.8773 [2.000]    -2.8766 [2.000]    -2.6767 [2.000]    -2.6758 [2.000]
[kpt   0   0   8]    -2.5511 [2.000]    -2.5500 [2.000]    -2.5484 [2.000]    -2.5477 [2.000]    -2.5468 [2.000]
[kpt   0   0   9]    -2.5214 [2.000]    -1.9422 [2.000]    -1.9412 [2.000]    -1.9384 [2.000]    -1.4744 [2.000]
[kpt   0   0  10]    -1.4739 [2.000]    -1.4732 [2.000]    -1.4728 [2.000]    -1.4719 [2.000]    -1.4705 [2.000]
[kpt   0   0  11]    -0.6663 [2.000]    -0.6654 [2.000]    -0.6651 [2.000]    -0.6643 [2.000]    -0.6634 [2.000]
[kpt   0   0  12]    -0.6632 [2.000]    -0.0662 [2.000]    -0.0647 [2.000]    -0.0644 [2.000]     8.3858 [0.000]
[kpt   0   0  13]    10.9307 [0.000]    10.9324 [0.000]    10.9336 [0.000]    10.9349 [0.000]    10.9386 [0.000]
[kpt   0   0  14]    10.9395 [0.000]    12.1248 [0.000]    12.1262 [0.000]    12.1266 [0.000]    13.9026 [0.000]
[kpt   0   0  15]    13.9029 [0.000]    13.9052 [0.000]    13.9084 [0.000]    13.9104 [0.000]



Total charge in supercell =     128.00000000
 quench: [md:   0/100  scf:   0/30  step time:   0.33  scf time:     0.44 secs  RMS[dV]: 5.25e-02 ]


average potential <V> = 7.79e-16

Diagonalization using scalapack for step=1  count=2


FERMI ENERGY =      1.41123529 eV
@@ EIGENVALUE SUM     =      -54.933247 Ry
@@ ION_ION            =     -272.916107 Ry
@@ ELECTROSTATIC      =     -296.869319 Ry
@@ VXC                =     -182.215120 Ry
@@ EXC                =     -140.281372 Ry
@@ TOTAL ENERGY       =     -582.784924 Ry
@@ estimated error    =        6.21e-01 Ry
Charge normalization constant -1.0: 4.440892e-16
Charge density mixing: Linear with a constant of 0.50 


KOHN SHAM EIGENVALUES [eV] AT K-POINT [  0]:       0.000000      0.000000      0.000000

[kpt   0   1   0]   -18.4933 [2.000]   -17.4644 [2.000]   -17.4592 [2.000]   -17.4571 [2.000]   -17.4522 [2.000]
[kpt   0   1   1]   -17.4503 [2.000]   -17.4472 [2.000]   -15.9955 [2.000]   -15.9935 [2.000]   -15.9897 [2.000]
[kpt   0   1   2]   -15.9842 [2.000]   -15.9807 [2.000]   -15.9757 [2.000]   -15.9646 [2.000]   -15.9568 [2.000]
[kpt   0   1   3]   -15.9530 [2.000]    -9.2617 [2.000]    -6.7456 [2.000]    -6.7432 [2.000]    -6.7417 [2.000]
[kpt   0   1   4]    -6.7360 [2.000]    -6.7336 [2.000]    -6.7320 [2.000]    -4.9435 [2.000]    -4.9431 [2.000]
[kpt   0   1   5]    -4.9402 [2.000]    -4.2725 [2.000]    -4.2719 [2.000]    -4.2690 [2.000]    -4.2675 [2.000]
[kpt   0   1   6]    -4.2640 [2.000]    -4.2617 [2.000]    -1.7249 [2.000]    -1.7239 [2.000]    -1.7187 [2.000]
[kpt   0   1   7]    -1.7148 [2.000]    -1.7077 [2.000]    -1.7064 [2.000]    -1.4514 [2.000]    -1.4510 [2.000]
[kpt   0   1   8]    -1.3703 [2.000]    -1.3675 [2.000]    -1.3662 [2.000]    -1.3620 [2.000]    -1.3565 [2.000]
[kpt   0   1   9]    -1.3499 [2.000]    -0.8083 [2.000]    -0.8030 [2.000]    -0.8025 [2.000]    -0.1962 [2.000]
[kpt   0   1  10]    -0.1906 [2.000]    -0.1895 [2.000]    -0.1853 [2.000]    -0.1771 [2.000]    -0.1717 [2.000]
[kpt   0   1  11]     0.6772 [2.000]     0.6827 [2.000]     0.6835 [2.000]     0.6869 [2.000]     0.6882 [2.000]
[kpt   0   1  12]     0.6952 [2.000]     1.4053 [2.000]     1.4072 [2.000]     1.4112 [2.000]     8.7533 [0.000]
[kpt   0   1  13]    11.2858 [0.000]    11.2897 [0.000]    11.2930 [0.000]    11.2944 [0.000]    11.3009 [0.000]
[kpt   0   1  14]    11.3015 [0.000]    11.7668 [0.000]    11.7719 [0.000]    11.7729 [0.000]    14.1142 [0.000]
[kpt   0   1  15]    14.1165 [0.000]    14.1187 [0.000]    14.1235 [0.000]    46.7373 [0.000]



Total charge in supercell =     128.00000000
 quench: [md:   0/100  scf:   1/30  step time:   0.28  scf time:     0.72 secs  RMS[dV]: 2.99e-02 ]


average potential <V> = -2.10e-16

Diagonalization using scalapack for step=2  count=3


FERMI ENERGY =      1.75580136 eV
@@ EIGENVALUE SUM     =      -53.280618 Ry
@@ ION_ION            =     -272.916107 Ry
@@ ELECTROSTATIC      =     -295.939150 Ry
@@ VXC                =     -181.680035 Ry
@@ EXC                =     -139.862441 Ry
@@ TOTAL ENERGY       =     -580.318281 Ry
@@ estimated error    =        2.00e-01 Ry
Charge normalization constant -1.0: 4.440892e-16
Charge density mixing: Linear with a constant of 0.50 


KOHN SHAM EIGENVALUES [eV] AT K-POINT [  0]:       0.000000      0.000000      0.000000

[kpt   0   2   0]   -18.3613 [2.000]   -17.3314 [2.000]   -17.3257 [2.000]   -17.3226 [2.000]   -17.3165 [2.000]
[kpt   0   2   1]   -17.3104 [2.000]   -17.3049 [2.000]   -15.8507 [2.000]   -15.8448 [2.000]   -15.8441 [2.000]
[kpt   0   2   2]   -15.8406 [2.000]   -15.8324 [2.000]   -15.8260 [2.000]   -15.8030 [2.000]   -15.7968 [2.000]
[kpt   0   2   3]   -15.7838 [2.000]    -9.1831 [2.000]    -6.6412 [2.000]    -6.6390 [2.000]    -6.6368 [2.000]
[kpt   0   2   4]    -6.6354 [2.000]    -6.6305 [2.000]    -6.6275 [2.000]    -4.8213 [2.000]    -4.8186 [2.000]
[kpt   0   2   5]    -4.8130 [2.000]    -4.1658 [2.000]    -4.1638 [2.000]    -4.1595 [2.000]    -4.1577 [2.000]
[kpt   0   2   6]    -4.1545 [2.000]    -4.1524 [2.000]    -1.5625 [2.000]    -1.5601 [2.000]    -1.5564 [2.000]
[kpt   0   2   7]    -1.5515 [2.000]    -1.5460 [2.000]    -1.5435 [2.000]    -1.2801 [2.000]    -1.2794 [2.000]
[kpt   0   2   8]    -1.1636 [2.000]    -1.1578 [2.000]    -1.1531 [2.000]    -1.1516 [2.000]    -1.1485 [2.000]
[kpt   0   2   9]    -1.1468 [2.000]    -0.6429 [2.000]    -0.6360 [2.000]    -0.6335 [2.000]     0.0378 [2.000]
[kpt   0   2  10]     0.0430 [2.000]     0.0444 [2.000]     0.0505 [2.000]     0.0575 [2.000]     0.0612 [2.000]
[kpt   0   2  11]     0.9579 [2.000]     0.9617 [2.000]     0.9647 [2.000]     0.9660 [2.000]     0.9696 [2.000]
[kpt   0   2  12]     0.9731 [2.000]     1.7509 [2.000]     1.7550 [2.000]     1.7558 [2.000]     8.4872 [0.000]
[kpt   0   2  13]    11.1543 [0.000]    11.1579 [0.000]    11.1608 [0.000]    11.1630 [0.000]    11.1701 [0.000]
[kpt   0   2  14]    11.1702 [0.000]    11.4031 [0.000]    11.4110 [0.000]    11.4123 [0.000]    13.9889 [0.000]
[kpt   0   2  15]    13.9925 [0.000]    13.9949 [0.000]    13.9998 [0.000]    46.0206 [0.000]



Total charge in supercell =     128.00000000
 quench: [md:   0/100  scf:   2/30  step time:   0.29  scf time:     1.01 secs  RMS[dV]: 1.47e-02 ]


average potential <V> = 3.60e-16

Diagonalization using scalapack for step=3  count=4


FERMI ENERGY =      1.59998458 eV
@@ EIGENVALUE SUM     =      -54.902655 Ry
@@ ION_ION            =     -272.916107 Ry
@@ ELECTROSTATIC      =     -291.780685 Ry
@@ VXC                =     -180.299235 Ry
@@ EXC                =     -138.786239 Ry
@@ TOTAL ENERGY       =     -578.086451 Ry
@@ estimated error    =        3.02e-01 Ry
Charge normalization constant -1.0: -1.332268e-15
Charge density mixing: Linear with a constant of 0.50 


KOHN SHAM EIGENVALUES [eV] AT K-POINT [  0]:       0.000000      0.000000      0.000000

[kpt   0   3   0]   -18.5480 [2.000]   -17.5361 [2.000]   -17.5325 [2.000]   -17.5282 [2.000]   -17.5248 [2.000]
[kpt   0   3   1]   -17.5111 [2.000]   -17.5052 [2.000]   -16.0942 [2.000]   -16.0911 [2.000]   -16.0869 [2.000]
[kpt   0   3   2]   -16.0846 [2.000]   -16.0666 [2.000]   -16.0649 [2.000]   -16.0495 [2.000]   -16.0430 [2.000]
[kpt   0   3   3]   -16.0204 [2.000]    -9.2580 [2.000]    -6.7567 [2.000]    -6.7553 [2.000]    -6.7538 [2.000]
[kpt   0   3   4]    -6.7513 [2.000]    -6.7413 [2.000]    -6.7395 [2.000]    -4.9422 [2.000]    -4.9402 [2.000]
[kpt   0   3   5]    -4.9296 [2.000]    -4.3014 [2.000]    -4.2999 [2.000]    -4.2978 [2.000]    -4.2951 [2.000]
[kpt   0   3   6]    -4.2866 [2.000]    -4.2845 [2.000]    -1.7404 [2.000]    -1.7383 [2.000]    -1.7369 [2.000]
[kpt   0   3   7]    -1.7285 [2.000]    -1.7273 [2.000]    -1.7209 [2.000]    -1.4698 [2.000]    -1.4691 [2.000]
[kpt   0   3   8]    -1.3153 [2.000]    -1.3125 [2.000]    -1.3054 [2.000]    -1.3047 [2.000]    -1.2998 [2.000]
[kpt   0   3   9]    -1.2967 [2.000]    -0.8278 [2.000]    -0.8251 [2.000]    -0.8251 [2.000]    -0.1393 [2.000]
[kpt   0   3  10]    -0.1362 [2.000]    -0.1353 [2.000]    -0.1265 [2.000]    -0.1255 [2.000]    -0.1214 [2.000]
[kpt   0   3  11]     0.7855 [2.000]     0.7898 [2.000]     0.7909 [2.000]     0.7958 [2.000]     0.7988 [2.000]
[kpt   0   3  12]     0.8052 [2.000]     1.5894 [2.000]     1.5983 [2.000]     1.6000 [2.000]     8.1439 [0.000]
[kpt   0   3  13]    10.9168 [0.000]    10.9200 [0.000]    10.9231 [0.000]    10.9253 [0.000]    10.9316 [0.000]
[kpt   0   3  14]    10.9323 [0.000]    11.1687 [0.000]    11.1777 [0.000]    11.1792 [0.000]    13.7637 [0.000]
[kpt   0   3  15]    13.7680 [0.000]    13.7693 [0.000]    13.7746 [0.000]    45.2192 [0.000]



Total charge in supercell =     128.00000000
 quench: [md:   0/100  scf:   3/30  step time:   0.29  scf time:     1.30 secs  RMS[dV]: 1.43e-02 ]


average potential <V> = -3.88e-17
Davidson converged in 3 steps

FERMI ENERGY =      1.46694071 eV
@@ EIGENVALUE SUM     =      -56.493021 Ry
@@ ION_ION            =     -272.916107 Ry
@@ ELECTROSTATIC      =     -288.372537 Ry
@@ VXC                =     -179.199584 Ry
@@ EXC                =     -137.929172 Ry
@@ TOTAL ENERGY       =     -576.511252 Ry
@@ estimated error    =        1.76e-01 Ry
Charge normalization constant -1.0: -2.220446e-16
Charge density mixing: Broyden


KOHN SHAM EIGENVALUES [eV] AT K-POINT [  0]:       0.000000      0.000000      0.000000

[kpt   0   4   0]   -18.7256 [2.000]   -17.7405 [2.000]   -17.7296 [2.000]   -17.7249 [2.000]   -17.7236 [2.000]
[kpt   0   4   1]   -17.6950 [2.000]   -17.6901 [2.000]   -16.3352 [2.000]   -16.3268 [2.000]   -16.3245 [2.000]
[kpt   0   4   2]   -16.3166 [2.000]   -16.2971 [2.000]   -16.2871 [2.000]   -16.2824 [2.000]   -16.2752 [2.000]
[kpt   0   4   3]   -16.2335 [2.000]    -9.3740 [2.000]    -6.9123 [2.000]    -6.9053 [2.000]    -6.9013 [2.000]
[kpt   0   4   4]    -6.9006 [2.000]    -6.8783 [2.000]    -6.8742 [2.000]    -5.0869 [2.000]    -5.0819 [2.000]
[kpt   0   4   5]    -5.0599 [2.000]    -4.4653 [2.000]    -4.4563 [2.000]    -4.4530 [2.000]    -4.4469 [2.000]
[kpt   0   4   6]    -4.4224 [2.000]    -4.4182 [2.000]    -1.9211 [2.000]    -1.9158 [2.000]    -1.9137 [2.000]
[kpt   0   4   7]    -1.9001 [2.000]    -1.8951 [2.000]    -1.8846 [2.000]    -1.6388 [2.000]    -1.6383 [2.000]
[kpt   0   4   8]    -1.4816 [2.000]    -1.4751 [2.000]    -1.4723 [2.000]    -1.4587 [2.000]    -1.4530 [2.000]
[kpt   0   4   9]    -1.4415 [2.000]    -0.9951 [2.000]    -0.9936 [2.000]    -0.9934 [2.000]    -0.3096 [2.000]
[kpt   0   4  10]    -0.3018 [2.000]    -0.2986 [2.000]    -0.2825 [2.000]    -0.2759 [2.000]    -0.2587 [2.000]
[kpt   0   4  11]     0.6225 [2.000]     0.6292 [2.000]     0.6319 [2.000]     0.6517 [2.000]     0.6581 [2.000]
[kpt   0   4  12]     0.6686 [2.000]     1.4393 [2.000]     1.4618 [2.000]     1.4669 [2.000]     7.1228 [0.000]
[kpt   0   4  13]     9.9957 [0.000]    10.0045 [0.000]    10.0070 [0.000]    10.0148 [0.000]    10.0339 [0.000]
[kpt   0   4  14]    10.0389 [0.000]    10.5027 [0.000]    10.5175 [0.000]    10.5180 [0.000]    13.1327 [0.000]
[kpt   0   4  15]    13.2398 [0.000]    13.2421 [0.000]    13.2490 [0.000]    13.2505 [0.000]



Total charge in supercell =     128.00000000
 quench: [md:   0/100  scf:   4/30  step time:   0.37  scf time:     1.66 secs  RMS[dV]: 1.05e-02 ]


average potential <V> = 5.80e-16
Davidson converged in 2 steps

FERMI ENERGY =      0.94095659 eV
@@ EIGENVALUE SUM     =      -59.978409 Ry
@@ ION_ION            =     -272.916107 Ry
@@ ELECTROSTATIC      =     -284.572449 Ry
@@ VXC                =     -178.026120 Ry
@@ EXC                =     -137.014764 Ry
@@ TOTAL ENERGY       =     -576.455608 Ry
@@ estimated error    =        1.71e-01 Ry
Charge normalization constant -1.0: 1.332268e-15
Charge density mixing: Broyden


KOHN SHAM EIGENVALUES [eV] AT K-POINT [  0]:       0.000000      0.000000      0.000000

[kpt   0   5   0]   -19.0670 [2.000]   -18.1013 [2.000]   -18.0986 [2.000]   -18.0846 [2.000]   -18.0827 [2.000]
[kpt   0   5   1]   -18.0811 [2.000]   -18.0752 [2.000]   -16.7578 [2.000]   -16.7545 [2.000]   -16.7438 [2.000]
[kpt   0   5   2]   -16.7388 [2.000]   -16.7354 [2.000]   -16.7293 [2.000]   -16.7189 [2.000]   -16.7049 [2.000]
[kpt   0   5   3]   -16.7002 [2.000]    -9.5166 [2.000]    -7.1279 [2.000]    -7.1256 [2.000]    -7.1144 [2.000]
[kpt   0   5   4]    -7.1129 [2.000]    -7.1118 [2.000]    -7.1071 [2.000]    -5.3445 [2.000]    -5.3333 [2.000]
[kpt   0   5   5]    -5.3308 [2.000]    -4.7370 [2.000]    -4.7348 [2.000]    -4.7225 [2.000]    -4.7196 [2.000]
[kpt   0   5   6]    -4.7184 [2.000]    -4.7133 [2.000]    -2.2725 [2.000]    -2.2661 [2.000]    -2.2634 [2.000]
[kpt   0   5   7]    -2.2572 [2.000]    -2.2558 [2.000]    -2.2521 [2.000]    -2.0231 [2.000]    -2.0229 [2.000]
[kpt   0   5   8]    -1.8400 [2.000]    -1.8349 [2.000]    -1.8313 [2.000]    -1.8261 [2.000]    -1.8249 [2.000]
[kpt   0   5   9]    -1.8218 [2.000]    -1.3944 [2.000]    -1.3941 [2.000]    -1.3940 [2.000]    -0.7335 [2.000]
[kpt   0   5  10]    -0.7281 [2.000]    -0.7245 [2.000]    -0.7179 [2.000]    -0.7161 [2.000]    -0.7126 [2.000]
[kpt   0   5  11]     0.1584 [2.000]     0.1654 [2.000]     0.1684 [2.000]     0.1768 [2.000]     0.1785 [2.000]
[kpt   0   5  12]     0.1823 [2.000]     0.9273 [2.000]     0.9297 [2.000]     0.9410 [2.000]     6.8247 [0.000]
[kpt   0   5  13]     9.7619 [0.000]     9.7629 [0.000]     9.7642 [0.000]     9.7660 [0.000]     9.7703 [0.000]
[kpt   0   5  14]     9.7719 [0.000]    10.5120 [0.000]    10.5164 [0.000]    10.5177 [0.000]    12.2720 [0.000]
[kpt   0   5  15]    13.0158 [0.000]    13.0183 [0.000]    13.0208 [0.000]    13.0242 [0.000]



Total charge in supercell =     128.00000000
 quench: [md:   0/100  scf:   5/30  step time:   0.34  scf time:     2.00 secs  RMS[dV]: 9.85e-03 ]


average potential <V> = 1.02e-15
Davidson converged in 2 steps

FERMI ENERGY =      1.07834795 eV
@@ EIGENVALUE SUM     =      -58.671937 Ry
@@ ION_ION            =     -272.916107 Ry
@@ ELECTROSTATIC      =     -285.955057 Ry
@@ VXC                =     -178.375881 Ry
@@ EXC                =     -137.286020 Ry
@@ TOTAL ENERGY       =     -576.453240 Ry
@@ estimated error    =        1.11e-02 Ry
Charge normalization constant -1.0: -1.110223e-15
Charge density mixing: Broyden


KOHN SHAM EIGENVALUES [eV] AT K-POINT [  0]:       0.000000      0.000000      0.000000

[kpt   0   6   0]   -18.9267 [2.000]   -17.9445 [2.000]   -17.9437 [2.000]   -17.9432 [2.000]   -17.9428 [2.000]
[kpt   0   6   1]   -17.9404 [2.000]   -17.9400 [2.000]   -16.5919 [2.000]   -16.5907 [2.000]   -16.5903 [2.000]
[kpt   0   6   2]   -16.5900 [2.000]   -16.5873 [2.000]   -16.5869 [2.000]   -16.5596 [2.000]   -16.5586 [2.000]
[kpt   0   6   3]   -16.5549 [2.000]    -9.3808 [2.000]    -6.9722 [2.000]    -6.9717 [2.000]    -6.9714 [2.000]
[kpt   0   6   4]    -6.9711 [2.000]    -6.9693 [2.000]    -6.9690 [2.000]    -5.1957 [2.000]    -5.1952 [2.000]
[kpt   0   6   5]    -5.1933 [2.000]    -4.5701 [2.000]    -4.5691 [2.000]    -4.5687 [2.000]    -4.5686 [2.000]
[kpt   0   6   6]    -4.5663 [2.000]    -4.5659 [2.000]    -2.1457 [2.000]    -2.1452 [2.000]    -2.1451 [2.000]
[kpt   0   6   7]    -2.1438 [2.000]    -2.1434 [2.000]    -2.1428 [2.000]    -1.9016 [2.000]    -1.9015 [2.000]
[kpt   0   6   8]    -1.7122 [2.000]    -1.7115 [2.000]    -1.7110 [2.000]    -1.7101 [2.000]    -1.7096 [2.000]
[kpt   0   6   9]    -1.7081 [2.000]    -1.2550 [2.000]    -1.2547 [2.000]    -1.2547 [2.000]    -0.5943 [2.000]
[kpt   0   6  10]    -0.5934 [2.000]    -0.5930 [2.000]    -0.5918 [2.000]    -0.5913 [2.000]    -0.5895 [2.000]
[kpt   0   6  11]     0.3099 [2.000]     0.3106 [2.000]     0.3110 [2.000]     0.3125 [2.000]     0.3130 [2.000]
[kpt   0   6  12]     0.3136 [2.000]     1.0762 [2.000]     1.0778 [2.000]     1.0783 [2.000]     6.7927 [0.000]
[kpt   0   6  13]     9.7673 [0.000]     9.7682 [0.000]     9.7685 [0.000]     9.7692 [0.000]     9.7710 [0.000]
[kpt   0   6  14]     9.7714 [0.000]    10.5656 [0.000]    10.5687 [0.000]    10.5702 [0.000]    12.1783 [0.000]
[kpt   0   6  15]    13.0560 [0.000]    13.0567 [0.000]    13.0572 [0.000]    13.0593 [0.000]



Total charge in supercell =     128.00000000
 quench: [md:   0/100  scf:   6/30  step time:   0.33  scf time:     2.33 secs  RMS[dV]: 4.36e-03 ]


average potential <V> = 3.88e-16
Davidson converged in 3 steps

FERMI ENERGY =      1.09875158 eV
@@ EIGENVALUE SUM     =      -58.412432 Ry
@@ ION_ION            =     -272.916107 Ry
@@ ELECTROSTATIC      =     -286.228781 Ry
@@ VXC                =     -178.437458 Ry
@@ EXC                =     -137.333361 Ry
@@ TOTAL ENERGY       =     -576.453222 Ry
@@ estimated error    =        5.62e-04 Ry
Charge normalization constant -1.0: -1.776357e-15
Charge density mixing: Broyden


KOHN SHAM EIGENVALUES [eV] AT K-POINT [  0]:       0.000000      0.000000      0.000000

[kpt   0   7   0]   -18.8970 [2.000]   -17.9132 [2.000]   -17.9129 [2.000]   -17.9128 [2.000]   -17.9127 [2.000]
[kpt   0   7   1]   -17.9127 [2.000]   -17.9124 [2.000]   -16.5610 [2.000]   -16.5609 [2.000]   -16.5606 [2.000]
[kpt   0   7   2]   -16.5605 [2.000]   -16.5603 [2.000]   -16.5602 [2.000]   -16.5289 [2.000]   -16.5288 [2.000]
[kpt   0   7   3]   -16.5287 [2.000]    -9.3419 [2.000]    -6.9332 [2.000]    -6.9329 [2.000]    -6.9328 [2.000]
[kpt   0   7   4]    -6.9327 [2.000]    -6.9327 [2.000]    -6.9325 [2.000]    -5.1605 [2.000]    -5.1605 [2.000]
[kpt   0   7   5]    -5.1604 [2.000]    -4.5304 [2.000]    -4.5303 [2.000]    -4.5301 [2.000]    -4.5300 [2.000]
[kpt   0   7   6]    -4.5298 [2.000]    -4.5298 [2.000]    -2.1236 [2.000]    -2.1235 [2.000]    -2.1235 [2.000]
[kpt   0   7   7]    -2.1234 [2.000]    -2.1234 [2.000]    -2.1233 [2.000]    -1.8807 [2.000]    -1.8807 [2.000]
[kpt   0   7   8]    -1.6892 [2.000]    -1.6892 [2.000]    -1.6890 [2.000]    -1.6890 [2.000]    -1.6889 [2.000]
[kpt   0   7   9]    -1.6889 [2.000]    -1.2286 [2.000]    -1.2286 [2.000]    -1.2285 [2.000]    -0.5714 [2.000]
[kpt   0   7  10]    -0.5713 [2.000]    -0.5712 [2.000]    -0.5711 [2.000]    -0.5710 [2.000]    -0.5709 [2.000]
[kpt   0   7  11]     0.3341 [2.000]     0.3342 [2.000]     0.3343 [2.000]     0.3343 [2.000]     0.3344 [2.000]
[kpt   0   7  12]     0.3345 [2.000]     1.0987 [2.000]     1.0987 [2.000]     1.0988 [2.000]     6.7886 [0.000]
[kpt   0   7  13]     9.7592 [0.000]     9.7617 [0.000]     9.7622 [0.000]     9.7626 [0.000]     9.7630 [0.000]
[kpt   0   7  14]     9.7632 [0.000]    10.5888 [0.000]    10.5903 [0.000]    10.5914 [0.000]    12.2051 [0.000]
[kpt   0   7  15]    13.0508 [0.000]    13.0509 [0.000]    13.0576 [0.000]    13.0581 [0.000]



Total charge in supercell =     128.00000000
 quench: [md:   0/100  scf:   7/30  step time:   0.36  scf time:     2.69 secs  RMS[dV]: 9.45e-04 ]


average potential <V> = -1.42e-16
Davidson converged in 3 steps

FERMI ENERGY =      1.10302800 eV
@@ EIGENVALUE SUM     =      -58.361499 Ry
@@ ION_ION            =     -272.916107 Ry
@@ ELECTROSTATIC      =     -286.283065 Ry
@@ VXC                =     -178.451929 Ry
@@ EXC                =     -137.344512 Ry
@@ TOTAL ENERGY       =     -576.453253 Ry
@@ estimated error    =        3.81e-05 Ry
Charge normalization constant -1.0: 2.220446e-16
Charge density mixing: Broyden


KOHN SHAM EIGENVALUES [eV] AT K-POINT [  0]:       0.000000      0.000000      0.000000

[kpt   0   8   0]   -18.8912 [2.000]   -17.9075 [2.000]   -17.9072 [2.000]   -17.9070 [2.000]   -17.9069 [2.000]
[kpt   0   8   1]   -17.9068 [2.000]   -17.9066 [2.000]   -16.5555 [2.000]   -16.5554 [2.000]   -16.5552 [2.000]
[kpt   0   8   2]   -16.5549 [2.000]   -16.5548 [2.000]   -16.5547 [2.000]   -16.5234 [2.000]   -16.5234 [2.000]
[kpt   0   8   3]   -16.5229 [2.000]    -9.3343 [2.000]    -6.9260 [2.000]    -6.9258 [2.000]    -6.9257 [2.000]
[kpt   0   8   4]    -6.9257 [2.000]    -6.9255 [2.000]    -6.9254 [2.000]    -5.1541 [2.000]    -5.1541 [2.000]
[kpt   0   8   5]    -5.1538 [2.000]    -4.5236 [2.000]    -4.5235 [2.000]    -4.5233 [2.000]    -4.5232 [2.000]
[kpt   0   8   6]    -4.5230 [2.000]    -4.5229 [2.000]    -2.1191 [2.000]    -2.1191 [2.000]    -2.1189 [2.000]
[kpt   0   8   7]    -2.1189 [2.000]    -2.1188 [2.000]    -2.1187 [2.000]    -1.8763 [2.000]    -1.8763 [2.000]
[kpt   0   8   8]    -1.6846 [2.000]    -1.6844 [2.000]    -1.6843 [2.000]    -1.6843 [2.000]    -1.6842 [2.000]
[kpt   0   8   9]    -1.6841 [2.000]    -1.2235 [2.000]    -1.2235 [2.000]    -1.2234 [2.000]    -0.5670 [2.000]
[kpt   0   8  10]    -0.5669 [2.000]    -0.5668 [2.000]    -0.5667 [2.000]    -0.5666 [2.000]    -0.5665 [2.000]
[kpt   0   8  11]     0.3385 [2.000]     0.3387 [2.000]     0.3388 [2.000]     0.3389 [2.000]     0.3390 [2.000]
[kpt   0   8  12]     0.3391 [2.000]     1.1027 [2.000]     1.1030 [2.000]     1.1030 [2.000]     6.7882 [0.000]
[kpt   0   8  13]     9.7583 [0.000]     9.7597 [0.000]     9.7598 [0.000]     9.7601 [0.000]     9.7603 [0.000]
[kpt   0   8  14]     9.7606 [0.000]    10.5927 [0.000]    10.5941 [0.000]    10.5952 [0.000]    12.2105 [0.000]
[kpt   0   8  15]    13.0525 [0.000]    13.0525 [0.000]    13.0526 [0.000]    13.0527 [0.000]



Total charge in supercell =     128.00000000
 quench: [md:   0/100  scf:   8/30  step time:   0.37  scf time:     3.06 secs  RMS[dV]: 3.29e-04 ]


average potential <V> = -2.49e-16
Davidson converged in 4 steps

FERMI ENERGY =      1.10265092 eV
@@ EIGENVALUE SUM     =      -58.367428 Ry
@@ ION_ION            =     -272.916107 Ry
@@ ELECTROSTATIC      =     -286.276984 Ry
@@ VXC                =     -178.451373 Ry
@@ EXC                =     -137.344112 Ry
@@ TOTAL ENERGY       =     -576.453258 Ry
@@ estimated error    =        1.65e-06 Ry
Charge normalization constant -1.0: -8.881784e-16
Charge density mixing: Broyden


KOHN SHAM EIGENVALUES [eV] AT K-POINT [  0]:       0.000000      0.000000      0.000000

[kpt   0   9   0]   -18.8918 [2.000]   -17.9080 [2.000]   -17.9078 [2.000]   -17.9077 [2.000]   -17.9077 [2.000]
[kpt   0   9   1]   -17.9076 [2.000]   -17.9073 [2.000]   -16.5561 [2.000]   -16.5560 [2.000]   -16.5559 [2.000]
[kpt   0   9   2]   -16.5558 [2.000]   -16.5555 [2.000]   -16.5555 [2.000]   -16.5243 [2.000]   -16.5238 [2.000]
[kpt   0   9   3]   -16.5238 [2.000]    -9.3353 [2.000]    -6.9270 [2.000]    -6.9268 [2.000]    -6.9268 [2.000]
[kpt   0   9   4]    -6.9267 [2.000]    -6.9266 [2.000]    -6.9264 [2.000]    -5.1551 [2.000]    -5.1548 [2.000]
[kpt   0   9   5]    -5.1548 [2.000]    -4.5247 [2.000]    -4.5246 [2.000]    -4.5245 [2.000]    -4.5244 [2.000]
[kpt   0   9   6]    -4.5242 [2.000]    -4.5241 [2.000]    -2.1194 [2.000]    -2.1193 [2.000]    -2.1193 [2.000]
[kpt   0   9   7]    -2.1192 [2.000]    -2.1191 [2.000]    -2.1190 [2.000]    -1.8766 [2.000]    -1.8766 [2.000]
[kpt   0   9   8]    -1.6848 [2.000]    -1.6847 [2.000]    -1.6847 [2.000]    -1.6846 [2.000]    -1.6845 [2.000]
[kpt   0   9   9]    -1.6844 [2.000]    -1.2241 [2.000]    -1.2241 [2.000]    -1.2241 [2.000]    -0.5674 [2.000]
[kpt   0   9  10]    -0.5673 [2.000]    -0.5672 [2.000]    -0.5671 [2.000]    -0.5669 [2.000]    -0.5669 [2.000]
[kpt   0   9  11]     0.3382 [2.000]     0.3383 [2.000]     0.3383 [2.000]     0.3385 [2.000]     0.3385 [2.000]
[kpt   0   9  12]     0.3386 [2.000]     1.1024 [2.000]     1.1024 [2.000]     1.1027 [2.000]     6.7883 [0.000]
[kpt   0   9  13]     9.7578 [0.000]     9.7586 [0.000]     9.7587 [0.000]     9.7588 [0.000]     9.7590 [0.000]
[kpt   0   9  14]     9.7593 [0.000]    10.5925 [0.000]    10.5934 [0.000]    10.5939 [0.000]    12.2089 [0.000]
[kpt   0   9  15]    13.0525 [0.000]    13.0525 [0.000]    13.0526 [0.000]    13.0526 [0.000]



Total charge in supercell =     128.00000000
 quench: [md:   0/100  scf:   9/30  step time:   0.43  scf time:     3.50 secs  RMS[dV]: 6.65e-05 ]


average potential <V> = -1.29e-17
Davidson converged in 2 steps

FERMI ENERGY =      1.10284056 eV
@@ EIGENVALUE SUM     =      -58.366165 Ry
@@ ION_ION            =     -272.916107 Ry
@@ ELECTROSTATIC      =     -286.278406 Ry
@@ VXC                =     -178.452155 Ry
@@ EXC                =     -137.344736 Ry
@@ TOTAL ENERGY       =     -576.453259 Ry
@@ estimated error    =        3.98e-07 Ry
Charge normalization constant -1.0: 1.554312e-15
Charge density mixing: Broyden


KOHN SHAM EIGENVALUES [eV] AT K-POINT [  0]:       0.000000      0.000000      0.000000

[kpt   0  10   0]   -18.8917 [2.000]   -17.9076 [2.000]   -17.9076 [2.000]   -17.9076 [2.000]   -17.9076 [2.000]
[kpt   0  10   1]   -17.9076 [2.000]   -17.9075 [2.000]   -16.5557 [2.000]   -16.5557 [2.000]   -16.5556 [2.000]
[kpt   0  10   2]   -16.5556 [2.000]   -16.5556 [2.000]   -16.5556 [2.000]   -16.5238 [2.000]   -16.5238 [2.000]
[kpt   0  10   3]   -16.5238 [2.000]    -9.3354 [2.000]    -6.9269 [2.000]    -6.9268 [2.000]    -6.9268 [2.000]
[kpt   0  10   4]    -6.9268 [2.000]    -6.9268 [2.000]    -6.9268 [2.000]    -5.1550 [2.000]    -5.1550 [2.000]
[kpt   0  10   5]    -5.1549 [2.000]    -4.5245 [2.000]    -4.5245 [2.000]    -4.5245 [2.000]    -4.5245 [2.000]
[kpt   0  10   6]    -4.5245 [2.000]    -4.5245 [2.000]    -2.1190 [2.000]    -2.1190 [2.000]    -2.1190 [2.000]
[kpt   0  10   7]    -2.1190 [2.000]    -2.1190 [2.000]    -2.1190 [2.000]    -1.8764 [2.000]    -1.8764 [2.000]
[kpt   0  10   8]    -1.6844 [2.000]    -1.6844 [2.000]    -1.6844 [2.000]    -1.6844 [2.000]    -1.6844 [2.000]
[kpt   0  10   9]    -1.6844 [2.000]    -1.2239 [2.000]    -1.2239 [2.000]    -1.2239 [2.000]    -0.5669 [2.000]
[kpt   0  10  10]    -0.5669 [2.000]    -0.5668 [2.000]    -0.5668 [2.000]    -0.5668 [2.000]    -0.5668 [2.000]
[kpt   0  10  11]     0.3386 [2.000]     0.3387 [2.000]     0.3387 [2.000]     0.3387 [2.000]     0.3387 [2.000]
[kpt   0  10  12]     0.3387 [2.000]     1.1028 [2.000]     1.1028 [2.000]     1.1028 [2.000]     6.7884 [0.000]
[kpt   0  10  13]     9.7576 [0.000]     9.7579 [0.000]     9.7581 [0.000]     9.7582 [0.000]     9.7583 [0.000]
[kpt   0  10  14]     9.7586 [0.000]    10.5924 [0.000]    10.5928 [0.000]    10.5931 [0.000]    12.2079 [0.000]
[kpt   0  10  15]    13.0526 [0.000]    13.0527 [0.000]    13.0527 [0.000]    13.0527 [0.000]



Total charge in supercell =     128.00000000
 quench: [md:   0/100  scf:  10/30  step time:   0.31  scf time:     3.81 secs  RMS[dV]: 2.43e-05 ]


average potential <V> = -7.77e-18
Davidson converged in 3 steps

FERMI ENERGY =      1.10310346 eV
@@ EIGENVALUE SUM     =      -58.364264 Ry
@@ ION_ION            =     -272.916107 Ry
@@ ELECTROSTATIC      =     -286.280459 Ry
@@ VXC                =     -178.452877 Ry
@@ EXC                =     -137.345307 Ry
@@ TOTAL ENERGY       =     -576.453260 Ry
@@ estimated error    =        2.92e-08 Ry
Charge normalization constant -1.0: 1.554312e-15
Charge density mixing: Broyden


KOHN SHAM EIGENVALUES [eV] AT K-POINT [  0]:       0.000000      0.000000      0.000000

[kpt   0  11   0]   -18.8915 [2.000]   -17.9074 [2.000]   -17.9074 [2.000]   -17.9074 [2.000]   -17.9074 [2.000]
[kpt   0  11   1]   -17.9074 [2.000]   -17.9073 [2.000]   -16.5554 [2.000]   -16.5554 [2.000]   -16.5554 [2.000]
[kpt   0  11   2]   -16.5554 [2.000]   -16.5554 [2.000]   -16.5554 [2.000]   -16.5236 [2.000]   -16.5236 [2.000]
[kpt   0  11   3]   -16.5236 [2.000]    -9.3353 [2.000]    -6.9267 [2.000]    -6.9267 [2.000]    -6.9267 [2.000]
[kpt   0  11   4]    -6.9267 [2.000]    -6.9267 [2.000]    -6.9267 [2.000]    -5.1548 [2.000]    -5.1548 [2.000]
[kpt   0  11   5]    -5.1548 [2.000]    -4.5244 [2.000]    -4.5244 [2.000]    -4.5244 [2.000]    -4.5244 [2.000]
[kpt   0  11   6]    -4.5244 [2.000]    -4.5243 [2.000]    -2.1188 [2.000]    -2.1188 [2.000]    -2.1188 [2.000]
[kpt   0  11   7]    -2.1188 [2.000]    -2.1188 [2.000]    -2.1188 [2.000]    -1.8762 [2.000]    -1.8761 [2.000]
[kpt   0  11   8]    -1.6842 [2.000]    -1.6842 [2.000]    -1.6842 [2.000]    -1.6842 [2.000]    -1.6841 [2.000]
[kpt   0  11   9]    -1.6841 [2.000]    -1.2237 [2.000]    -1.2237 [2.000]    -1.2237 [2.000]    -0.5666 [2.000]
[kpt   0  11  10]    -0.5666 [2.000]    -0.5666 [2.000]    -0.5666 [2.000]    -0.5666 [2.000]    -0.5666 [2.000]
[kpt   0  11  11]     0.3389 [2.000]     0.3389 [2.000]     0.3389 [2.000]     0.3389 [2.000]     0.3389 [2.000]
[kpt   0  11  12]     0.3389 [2.000]     1.1031 [2.000]     1.1031 [2.000]     1.1031 [2.000]     6.7885 [0.000]
[kpt   0  11  13]     9.7575 [0.000]     9.7576 [0.000]     9.7578 [0.000]     9.7579 [0.000]     9.7580 [0.000]
[kpt   0  11  14]     9.7581 [0.000]    10.5925 [0.000]    10.5927 [0.000]    10.5929 [0.000]    12.2075 [0.000]
[kpt   0  11  15]    13.0527 [0.000]    13.0528 [0.000]    13.0528 [0.000]    13.0528 [0.000]



Total charge in supercell =     128.00000000
 quench: [md:   0/100  scf:  11/30  step time:   0.42  scf time:     4.23 secs  RMS[dV]: 1.37e-05 ]


average potential <V> = -3.57e-16
Davidson converged in 2 steps

FERMI ENERGY =      1.10299558 eV
@@ EIGENVALUE SUM     =      -58.364895 Ry
@@ ION_ION            =     -272.916107 Ry
@@ ELECTROSTATIC      =     -286.279773 Ry
@@ VXC                =     -178.452627 Ry
@@ EXC                =     -137.345112 Ry
@@ TOTAL ENERGY       =     -576.453260 Ry
@@ estimated error    =        1.07e-08 Ry
Charge normalization constant -1.0: 2.220446e-16
Charge density mixing: Broyden


KOHN SHAM EIGENVALUES [eV] AT K-POINT [  0]:       0.000000      0.000000      0.000000

[kpt   0  12   0]   -18.8916 [2.000]   -17.9074 [2.000]   -17.9074 [2.000]   -17.9074 [2.000]   -17.9074 [2.000]
[kpt   0  12   1]   -17.9074 [2.000]   -17.9074 [2.000]   -16.5555 [2.000]   -16.5555 [2.000]   -16.5555 [2.000]
[kpt   0  12   2]   -16.5555 [2.000]   -16.5555 [2.000]   -16.5555 [2.000]   -16.5237 [2.000]   -16.5237 [2.000]
[kpt   0  12   3]   -16.5237 [2.000]    -9.3353 [2.000]    -6.9267 [2.000]    -6.9267 [2.000]    -6.9267 [2.000]
[kpt   0  12   4]    -6.9267 [2.000]    -6.9267 [2.000]    -6.9267 [2.000]    -5.1549 [2.000]    -5.1549 [2.000]
[kpt   0  12   5]    -5.1548 [2.000]    -4.5244 [2.000]    -4.5244 [2.000]    -4.5244 [2.000]    -4.5244 [2.000]
[kpt   0  12   6]    -4.5244 [2.000]    -4.5244 [2.000]    -2.1189 [2.000]    -2.1189 [2.000]    -2.1189 [2.000]
[kpt   0  12   7]    -2.1189 [2.000]    -2.1189 [2.000]    -2.1189 [2.000]    -1.8762 [2.000]    -1.8762 [2.000]
[kpt   0  12   8]    -1.6842 [2.000]    -1.6842 [2.000]    -1.6842 [2.000]    -1.6842 [2.000]    -1.6842 [2.000]
[kpt   0  12   9]    -1.6842 [2.000]    -1.2238 [2.000]    -1.2238 [2.000]    -1.2238 [2.000]    -0.5667 [2.000]
[kpt   0  12  10]    -0.5667 [2.000]    -0.5667 [2.000]    -0.5667 [2.000]    -0.5667 [2.000]    -0.5667 [2.000]
[kpt   0  12  11]     0.3388 [2.000]     0.3388 [2.000]     0.3388 [2.000]     0.3388 [2.000]     0.3388 [2.000]
[kpt   0  12  12]     0.3388 [2.000]     1.1030 [2.000]     1.1030 [2.000]     1.1030 [2.000]     6.7884 [0.000]
[kpt   0  12  13]     9.7573 [0.000]     9.7574 [0.000]     9.7575 [0.000]     9.7575 [0.000]     9.7576 [0.000]
[kpt   0  12  14]     9.7577 [0.000]    10.5925 [0.000]    10.5926 [0.000]    10.5927 [0.000]    12.2069 [0.000]
[kpt   0  12  15]    13.0526 [0.000]    13.0527 [0.000]    13.0528 [0.000]    13.0528 [0.000]



Total charge in supercell =     128.00000000
 quench: [md:   0/100  scf:  12/30  step time:   0.34  scf time:     4.56 secs  RMS[dV]: 3.65e-06 ]


average potential <V> = 4.58e-16
Davidson converged in 3 steps

FERMI ENERGY =      1.10299593 eV
@@ EIGENVALUE SUM     =      -58.364826 Ry
@@ ION_ION            =     -272.916107 Ry
@@ ELECTROSTATIC      =     -286.279844 Ry
@@ VXC                =     -178.452644 Ry
@@ EXC                =     -137.345127 Ry
@@ TOTAL ENERGY       =     -576.453260 Ry
@@ estimated error    =        6.18e-10 Ry
Charge normalization constant -1.0: -2.220446e-16
Charge density mixing: Broyden


KOHN SHAM EIGENVALUES [eV] AT K-POINT [  0]:       0.000000      0.000000      0.000000

[kpt   0  13   0]   -18.8916 [2.000]   -17.9074 [2.000]   -17.9074 [2.000]   -17.9074 [2.000]   -17.9074 [2.000]
[kpt   0  13   1]   -17.9074 [2.000]   -17.9074 [2.000]   -16.5555 [2.000]   -16.5555 [2.000]   -16.5555 [2.000]
[kpt   0  13   2]   -16.5555 [2.000]   -16.5555 [2.000]   -16.5555 [2.000]   -16.5237 [2.000]   -16.5237 [2.000]
[kpt   0  13   3]   -16.5237 [2.000]    -9.3353 [2.000]    -6.9267 [2.000]    -6.9267 [2.000]    -6.9267 [2.000]
[kpt   0  13   4]    -6.9267 [2.000]    -6.9267 [2.000]    -6.9267 [2.000]    -5.1548 [2.000]    -5.1548 [2.000]
[kpt   0  13   5]    -5.1548 [2.000]    -4.5244 [2.000]    -4.5244 [2.000]    -4.5244 [2.000]    -4.5244 [2.000]
[kpt   0  13   6]    -4.5244 [2.000]    -4.5244 [2.000]    -2.1189 [2.000]    -2.1189 [2.000]    -2.1189 [2.000]
[kpt   0  13   7]    -2.1189 [2.000]    -2.1189 [2.000]    -2.1189 [2.000]    -1.8762 [2.000]    -1.8762 [2.000]
[kpt   0  13   8]    -1.6842 [2.000]    -1.6842 [2.000]    -1.6842 [2.000]    -1.6842 [2.000]    -1.6842 [2.000]
[kpt   0  13   9]    -1.6842 [2.000]    -1.2238 [2.000]    -1.2238 [2.000]    -1.2238 [2.000]    -0.5667 [2.000]
[kpt   0  13  10]    -0.5667 [2.000]    -0.5667 [2.000]    -0.5667 [2.000]    -0.5667 [2.000]    -0.5667 [2.000]
[kpt   0  13  11]     0.3388 [2.000]     0.3388 [2.000]     0.3388 [2.000]     0.3388 [2.000]     0.3388 [2.000]
[kpt   0  13  12]     0.3388 [2.000]     1.1030 [2.000]     1.1030 [2.000]     1.1030 [2.000]     6.7884 [0.000]
[kpt   0  13  13]     9.7572 [0.000]     9.7572 [0.000]     9.7573 [0.000]     9.7573 [0.000]     9.7573 [0.000]
[kpt   0  13  14]     9.7574 [0.000]    10.5925 [0.000]    10.5926 [0.000]    10.5926 [0.000]    12.2063 [0.000]
[kpt   0  13  15]    13.0526 [0.000]    13.0527 [0.000]    13.0528 [0.000]    13.0528 [0.000]



Total charge in supercell =     128.00000000
 quench: [md:   0/100  scf:  13/30  step time:   0.43  scf time:     5.00 secs  RMS[dV]: 1.73e-06 ]



 Convergence criterion reached: Energy variation (9.42e-11) is lower than threshold (1.00e-10)

potential convergence has been achieved. stopping ...

[   0  14   14        6 ] Quench.cpp: 
@@ TOTAL ENEGY Components 
@@ ION_ION            =     -272.916107 Ry
@@ ELECTROSTATIC      =      286.279844 Ry
@@ EXC                =     -137.345155 Ry
@@ vdw correction     =        0.000000 Ry
@@ LdaU correction    =        0.000000 Ry
@@ total              =        0.000000 Ry
final total energy from eig sum =    -576.45325970 Ry


KOHN SHAM EIGENVALUES [eV] AT K-POINT [  0]:       0.000000      0.000000      0.000000

[kpt   0  14   0]   -18.8916 [2.000]   -17.9074 [2.000]   -17.9074 [2.000]   -17.9074 [2.000]   -17.9074 [2.000]
[kpt   0  14   1]   -17.9074 [2.000]   -17.9074 [2.000]   -16.5555 [2.000]   -16.5555 [2.000]   -16.5555 [2.000]
[kpt   0  14   2]   -16.5555 [2.000]   -16.5555 [2.000]   -16.5555 [2.000]   -16.5237 [2.000]   -16.5237 [2.000]
[kpt   0  14   3]   -16.5237 [2.000]    -9.3353 [2.000]    -6.9267 [2.000]    -6.9267 [2.000]    -6.9267 [2.000]
[kpt   0  14   4]    -6.9267 [2.000]    -6.9267 [2.000]    -6.9267 [2.000]    -5.1548 [2.000]    -5.1548 [2.000]
[kpt   0  14   5]    -5.1548 [2.000]    -4.5244 [2.000]    -4.5244 [2.000]    -4.5244 [2.000]    -4.5244 [2.000]
[kpt   0  14   6]    -4.5244 [2.000]    -4.5244 [2.000]    -2.1189 [2.000]    -2.1189 [2.000]    -2.1189 [2.000]
[kpt   0  14   7]    -2.1189 [2.000]    -2.1189 [2.000]    -2.1189 [2.000]    -1.8762 [2.000]    -1.8762 [2.000]
[kpt   0  14   8]    -1.6842 [2.000]    -1.6842 [2.000]    -1.6842 [2.000]    -1.6842 [2.000]    -1.6842 [2.000]
[kpt   0  14   9]    -1.6842 [2.000]    -1.2238 [2.000]    -1.2238 [2.000]    -1.2238 [2.000]    -0.5667 [2.000]
[kpt   0  14  10]    -0.5667 [2.000]    -0.5667 [2.000]    -0.5667 [2.000]    -0.5667 [2.000]    -0.5667 [2.000]
[kpt   0  14  11]     0.3388 [2.000]     0.3388 [2.000]     0.3388 [2.000]     0.3388 [2.000]     0.3388 [2.000]
[kpt   0  14  12]     0.3388 [2.000]     1.1030 [2.000]     1.1030 [2.000]     1.1030 [2.000]     6.7884 [0.000]
[kpt   0  14  13]     9.7572 [0.000]     9.7572 [0.000]     9.7573 [0.000]     9.7573 [0.000]     9.7573 [0.000]
[kpt   0  14  14]     9.7574 [0.000]    10.5925 [0.000]    10.5926 [0.000]    10.5926 [0.000]    12.2063 [0.000]
[kpt   0  14  15]    13.0526 [0.000]    13.0527 [0.000]    13.0528 [0.000]    13.0528 [0.000]



Total charge in supercell =     128.00000000
 volume and energy per atom =        15.03933867       -326.79356867 eV

 Vdd took 0.000274 seconds
WriteRestart: Output file given as /dev/null, no restart data written ...



  IONIC POSITIONS [a0] AND FORCES [Ry/a0]
  Charge analysis using: Voronoi Deformation Density

@ION  Ion  Species       X           Y           Z       Charge       FX          FY         FZ      Movable
@ION    1    Si      0.0000000   0.0000000   0.0000000    0.442    0.0000001   0.0000001   0.0000001  1 1 1
@ION    2    Si      3.3637125   3.3637125   3.3637125    0.445   -0.0000002  -0.0000001  -0.0000001  1 1 1
@ION    3    Si     10.0911375   3.3637125  10.0911375    0.442   -0.0000001  -0.0000001  -0.0000001  1 1 1
@ION    4    Si      3.3637125  10.0911375  10.0911375    0.442   -0.0000000   0.0000000   0.0000000  1 1 1
@ION    5    Si     10.0911375  10.0911375   3.3637125    0.441   -0.0000001  -0.0000001  -0.0000002  1 1 1
@ION    6    Si      0.0000000   6.7274250   6.7274250    0.444    0.0000001  -0.0000000  -0.0000000  1 1 1
@ION    7    Si      6.7274250   0.0000000   6.7274250    0.444    0.0000001   0.0000001   0.0000002  1 1 1
@ION    8    Si      6.7274250   6.7274250   0.0000000    0.445    0.0000002   0.0000002   0.0000001  1 1 1
@ION    9     O      1.6818563   1.6818563   1.6818563   -0.215   -0.0000000   0.0000000   0.0000001  1 1 1
@ION   10     O     11.7729938   1.6818563  11.7729938   -0.217   -0.0000001   0.0000001  -0.0000002  1 1 1
@ION   11     O      1.6818563  11.7729938  11.7729938   -0.220    0.0000003  -0.0000001  -0.0000002  1 1 1
@ION   12     O     11.7729938  11.7729938   1.6818563   -0.222   -0.0000002  -0.0000002   0.0000002  1 1 1
@ION   13     O      1.6818563   8.4092813   8.4092813   -0.218   -0.0000000  -0.0000000  -0.0000001  1 1 1
@ION   14     O      8.4092813   1.6818563   8.4092813   -0.218   -0.0000000  -0.0000000   0.0000000  1 1 1
@ION   15     O      8.4092813   8.4092813   1.6818563   -0.218    0.0000000   0.0000000   0.0000000  1 1 1
@ION   16     O     11.7729938   8.4092813   5.0455688   -0.219   -0.0000000  -0.0000001  -0.0000001  1 1 1
@ION   17     O      5.0455688   1.6818563   5.0455688   -0.218   -0.0000000  -0.0000001   0.0000001  1 1 1
@ION   18     O      5.0455688   8.4092813  11.7729938   -0.220    0.0000001   0.0000001  -0.0000000  1 1 1
@ION   19     O      1.6818563   5.0455688   5.0455688   -0.225   -0.0000002   0.0000000   0.0000001  1 1 1
@ION   20     O      8.4092813  11.7729938   5.0455688   -0.225    0.0000000  -0.0000000  -0.0000001  1 1 1
@ION   21     O      8.4092813   5.0455688  11.7729938   -0.223    0.0000000   0.0000000   0.0000000  1 1 1
@ION   22     O     11.7729938   5.0455688   8.4092813   -0.228    0.0000001  -0.0000002  -0.0000000  1 1 1
@ION   23     O      5.0455688  11.7729938   8.4092813   -0.228   -0.0000001   0.0000000   0.0000002  1 1 1
@ION   24     O      5.0455688   5.0455688   1.6818563   -0.230   -0.0000000   0.0000000   0.0000000  1 1 1

 mean FX      =   0.00000009 Ry/a0
 mean FY      =   0.00000008 Ry/a0
 mean FZ      =   0.00000011 Ry/a0

 max FX       =   0.00000027 Ry/a0   (ion 11)
 max FY       =   0.00000020 Ry/a0   (ion 8)
 max FZ       =   0.00000024 Ry/a0   (ion 11)
 max F[x,y,z] =   0.00000027 Ry/a0
 max |F|      =   0.00000037 Ry/a0   (ion 11)

 sum FX       =  -0.00000008 Ry/a0
 sum FY       =  -0.00000009 Ry/a0
 sum FZ       =   0.00000012 Ry/a0
 Average      =   0.00000010 Ry/a0
 sqrt < F^2 > =   0.00000011 Ry/a0

WriteRestart: Output file given as /dev/null, no restart data written ...


--------TIMING INFORMATION FOR Processor owned the most atoms----------------
                                        Total time               Per SCF/step

1-TOTAL                                             6.71                0.48
-----------------------------------------------------------------------------
  1-TOTAL: Init                                     1.17                0.08
  1-TOTAL: run                                      5.54                0.40
  ---------------------------------------------------------------------------
    1-TOTAL: run: Force                             0.53                0.04
    1-TOTAL: run: Scf steps                         4.88                0.35

2-Force                                             0.53                0.04
-----------------------------------------------------------------------------
  2-Force: core correction                          0.00                0.00
  2-Force: corrections                              0.12                0.01
  2-Force: ion-ion                                  0.08                0.01
  2-Force: local                                    0.13                0.01
  2-Force: non-local                                0.18                0.01
  2-Force: non-local-betaxpsi                       0.03                0.00
  2-Force: non-local-get gamma                      0.00                0.00
  2-Force: non-local-nlforce_par_Q                  0.01                0.00
  2-Force: non-local-nlforce_par_gamma              0.00                0.00
  2-Force: non-local-nlforce_par_omega              0.00                0.00
  2-Force: non-local-partial gamma                  0.00                0.00
  2-Force: non-local-veff grad                      0.01                0.00

2-Init                                              1.17                0.08
-----------------------------------------------------------------------------
  2-Init: GetNewRho                                 0.03                0.00
  2-Init: KpointClass                               0.41                0.03
  2-Init: LcaoGetPsi                                0.05                0.00
  2-Init: LcaoGetRho                                0.10                0.01
  2-Init: ReinitIonicPotentials                     0.14                0.01
  2-Init: betaxpsi                                  0.02                0.00
  2-Init: exchange/correlation                      0.03                0.00
  2-Init: hartree                                   0.02                0.00
  2-Init: normalization                             0.00                0.00
  2-Init: radial potentials                         0.23                0.02
  2-Init: subdiag                                   0.05                0.00
  2-Init: weights                                   0.01                0.00

2-Scf steps                                         4.88                0.35
-----------------------------------------------------------------------------
  2-Scf steps: Davidson                             2.73                0.20
  2-Scf steps: GetNewRho                            0.44                0.03
  2-Scf steps: Hartree                              0.38                0.03
  2-Scf steps: MgridSubspace                        0.78                0.06
  2-Scf steps: MixRho                               0.03                0.00
  2-Scf steps: exchange/correlation                 0.36                0.03

3-MgridSubspace                                     0.78                0.06
-----------------------------------------------------------------------------
  3-MgridSubspace: AppNls                           0.07                0.01
  3-MgridSubspace: Beta x psi                       0.10                0.01
  3-MgridSubspace: Diagonalization                  0.15                0.01
  3-MgridSubspace: Mg_eig                           0.45                0.03

3-ReinitIonicPotentials                             0.14                0.01
-----------------------------------------------------------------------------
  3-ReinitIonicPotentials: GetNlop                  0.01                0.00
  3-ReinitIonicPotentials: GetWeight                0.08                0.01
  3-ReinitIonicPotentials: get_QI                   0.00                0.00
  3-ReinitIonicPotentials: get_qqq                  0.00                0.00
  3-ReinitIonicPotentials: init_nuc                 0.05                0.00

4-Diagonalization                                   0.20                0.01
-----------------------------------------------------------------------------
  4-Diagonalization: ELPA/PDSYGVX/PZHEGVX           0.02                0.00
  4-Diagonalization: Hpsi                           0.11                0.01
  4-Diagonalization: MPI_Bcast                      0.00                0.00
  4-Diagonalization: Update orbitals                0.04                0.00
  ---------------------------------------------------------------------------
    4-Diagonalization: Update orbitals: gather           0.00                0.00
    4-Diagonalization: Update orbitals: gemm           0.03                0.00
  4-Diagonalization: matrix                         0.03                0.00
  ---------------------------------------------------------------------------
    4-Diagonalization: matrix: Allreduce            0.00                0.00
    4-Diagonalization: matrix: Gemm                 0.03                0.00

5-Functional                                        0.38                0.03
-----------------------------------------------------------------------------
  5-Functional: apply gradient                      0.03                0.00
  5-Functional: apply laplacian                     0.01                0.00
  5-Functional: libxc                               0.16                0.01
  5-Functional: vxc                                 0.38                0.03
  5-Functional: vxc grad                            0.21                0.02
  5-Functional: vxc local                           0.05                0.00
  5-Functional: vxc nonlocal                        0.00                0.00

6-Davidson                                          2.73                0.20
-----------------------------------------------------------------------------
  6-Davidson: Betaxpsi                              0.34                0.02
  6-Davidson: apply hamiltonian                     0.58                0.04
  6-Davidson: diagonalization                       0.25                0.02
  6-Davidson: generate residuals                    0.23                0.02
  6-Davidson: matrix setup/reduce                   0.38                0.03
  6-Davidson: normalization                         0.02                0.00
  6-Davidson: precondition                          0.75                0.05
  6-Davidson: rotate orbitals                       0.12                0.01

AppNls                                              0.40                0.03
-----------------------------------------------------------------------------
  AppNls: data_rearrange                            0.01                0.00
  ---------------------------------------------------------------------------
    AppNls: data_rearrange: alloc and zeros           0.00                0.00
    AppNls: data_rearrange: dnm                     0.00                0.00
    AppNls: data_rearrange: sint                    0.00                0.00
  AppNls: nv                                        0.34                0.02
  AppNls: nv_work                                   0.00                0.00

App_gradient                                        0.03                0.00

CPUFD                                               0.00                0.00

Compute Hpsi                                        0.11                0.01
-----------------------------------------------------------------------------
  Compute Hpsi: AppNls                              0.05                0.00
  Compute Hpsi: Threaded Apply H                    0.06                0.00

GlobalSums                                          0.14                0.01

Init                                                0.76                0.05

Init Voronoi                                        0.11                0.01

Mix rho                                             0.03                0.00
-----------------------------------------------------------------------------
  Mix rho: Broyden                                  0.03                0.00
  Mix rho: Linear                                   0.00                0.00

Orbital                                             0.00                0.00
-----------------------------------------------------------------------------
  Orbital: phase and set                            0.00                0.00
  Orbital: proj cal                                 0.00                0.00
  Trade images: trade_images                        0.00                0.00
  Trade images: trade_imagesx                       0.05                0.00

VhPfft                                              0.20                0.01

Weight                                              0.00                0.00

radial beta                                         0.19                0.01


------------------------- TIMING INFORMATION FOR THREADS  -------------------

                                           Min            Max            Avg
CPUFD                                      0.12           0.12           0.12
-----------------------------------------------------------------------------

GlobalSums                                 0.08           0.08           0.08
-----------------------------------------------------------------------------

Mg_eig                                     0.44           0.44           0.44
-----------------------------------------------------------------------------
  Mg_eig: apply hamiltonian                0.19           0.19           0.19
  Mg_eig: mgrid_solv                       0.15           0.15           0.15
  Trade images: trade_images               0.60           0.60           0.60
  Trade images: trade_imagesx              0.51           0.51           0.51
