RMG initialization ... 1 image(s) total, 1 per node. 32 MPI processes/image. Thread level 2.
FFT-FD  0.000000e+00   7.854678e-01   7.853231e-01   1.446959e-04
FFT-FD  1.000000e+00   7.854678e-01   7.855686e-01   -1.008365e-04
IP=0 M = -2.455325e-04  5.893149e-01  1.446959e-04
FFT-FD  0.000000e+00   2.257193e+00   2.256338e+00   8.544172e-04
FFT-FD  1.000000e+00   2.257193e+00   2.258246e+00   -1.053075e-03
IP=1 M = -1.907493e-03  4.479269e-01  8.544172e-04
FFT-FD  0.000000e+00   2.257193e+00   2.256338e+00   8.544172e-04
FFT-FD  1.000000e+00   2.257193e+00   2.258246e+00   -1.053075e-03
IP=2 M = -1.907493e-03  4.479269e-01  8.544172e-04
FFT-FD  0.000000e+00   2.257193e+00   2.256338e+00   8.544172e-04
FFT-FD  1.000000e+00   2.257193e+00   2.258246e+00   -1.053075e-03
IP=3 M = -1.907493e-03  4.479269e-01  8.544172e-04
FFT-FD  0.000000e+00   2.678435e-01   2.678419e-01   1.514127e-06
FFT-FD  1.000000e+00   2.678435e-01   2.678527e-01   -9.275587e-06
IP=0 M = -1.078971e-05  1.403306e-01  1.514127e-06
FFT-FD  0.000000e+00   3.882435e-01   3.882434e-01   5.910327e-08
FFT-FD  1.000000e+00   3.882435e-01   3.882445e-01   -1.025510e-06
IP=1 M = -1.084613e-06  5.449248e-02  5.910327e-08
FFT-FD  0.000000e+00   3.882435e-01   3.882434e-01   5.910327e-08
FFT-FD  1.000000e+00   3.882435e-01   3.882445e-01   -1.025510e-06
IP=2 M = -1.084613e-06  5.449248e-02  5.910327e-08
FFT-FD  0.000000e+00   3.882435e-01   3.882434e-01   5.910327e-08
FFT-FD  1.000000e+00   3.882435e-01   3.882445e-01   -1.025510e-06
IP=3 M = -1.084613e-06  5.449248e-02  5.910327e-08
NEWCFAC = 0.455140  0.455140


                     * * * * * * * * * *
                     *    R   M   G    *
                     * * * * * * * * * *

     -- A Real Space Multigrid Electronic structure code --
     --      More information at www.rmgdft.org          --

Code Revision:     v5.1.0_53_g887bfc3b
Build Date:        May 15 2023  14:30:00
Start time:        Wed May 17 14:09:17 2023

NOTICE: RMG internal pseudopotentials have switched to
ONCVP from Ultrasoft. You can revert to Ultrasoft by
adding the input tag internal_pseudo_type="ultrasoft" to
your input files.


Files
   Control input file:        input3
   Data output file:          /dev/null

Run Setup
    Calculation type:         Quench electrons - Fixed ions SCF calculation
    Description:              SiO2
    Orbital Initialization:   LCAO (96 LCAO and 0 random orbitals)
    Exchange Correlation:     pbe
    Spin Polarization:        OFF
    System charge:            Neutral

Processor Topology
   Total PEs:                 32
   X direction:               4
   Y direction:               4
   Z direction:               2
   MG Threads/PE:             1
   OMP Threads/PE:            1

Grid Points  (Linear Anisotropy: 1.000)
    X:  Total: 48   Per PE: 12   Spacing:0.280 a0  
    Y:  Total: 48   Per PE: 12   Spacing:0.280 a0  
    Z:  Total: 48   Per PE: 24   Spacing:0.280 a0  

    Equivalent energy cutoffs (psi,rho):   125.610    502.440 Ry

    Charge density grid:         2 times finer

Coordinate planes
  Planar Anisotropy: 1.000
  A0-A1 density:    12.727
  A0-A2 density:    12.727
  A1-A2 density:    12.727


Lattice (Cell) Setup
    Type:                       Orthorhombic_primitive
    Volume (a0^3):               2435.77
    Boundary conditions:        Periodic

    X Basis Vector:      13.455       0.000       0.000 a0
    Y Basis Vector:       0.000      13.455       0.000 a0
    Z Basis Vector:       0.000       0.000      13.455 a0
    X Reci Vector:       0.074      -0.000       0.000 a0
    Y Reci Vector:       0.000       0.074       0.000 a0
    Z Reci Vector:       0.000      -0.000       0.074 a0

K-points
    Gamma Point Only (real orbitals)

Atoms and States
    Number of ions:                          24
    Number of species:                       2
    Number of states:                        79

Run Parameters
    SCF Convergence criterion (potential):   1.00e-10
    SCF Convergence criterion (energy):      1.00e-10
    Max SCF steps:                           30

SCF Cycle Settings
    Charge density mixing:                   Broyden
    Hartree Solver:                          PFFT
    Interpolation type:                      FFT

Finite Difference parameters
    Kohn Sham FD Order:                      8   
    Force Gradient Order:                    FFT
    Adaptive Finite Differencing:            On
    Adaptive CFAC:                           0.455139605

Subspace Diagonalization Options
    Frequency:                               every 1 SCF step(s)
    Driver:                                  ScaLapack
    Initial diagonalization:                 ON
    Folded spectrum:                         OFF

Filtering Cutoff  Parameters
    Wavefunction grid (cparm):               0.800
    Charge density grid (rhocparm):          1.000
    Filter factor:                           1.000

Multigrid (MG) Parameters
    Psi MG levels:                           3
    Psi global step:                         0.660 
    Psi pre:                                 2
    Psi post:                                2

Davidson Parameters
    Davidson multiplier:                     4
    Davidson max step:                       8
    Davidson unocc tol factor:               1000.000

Blas Libraries
    CPU support with openblas-parallel.


Atomic Species Information
(PP = Pseudopotential, US = Ultrasoft, NC = Norm Conserving)
-------------------------------------------------------------------------
|Index|Symbol| Mass|Valence| PP |  Comp  |Local| Local|Nlocal|    PP    |
|     |      |     |       |Type|Gaussian|  l  |Radius|Radius|Functional|
-------------------------------------------------------------------------
|    1|     O| 15.0|   6.00|  NC|    0.50|   -1| 10.00|  7.00|       PBE|
|    2|    Si| 28.0|   4.00|  NC|    0.50|   -1| 10.00|  7.00|       PBE|
-------------------------------------------------------------------------

Pseudopotential generation information:
   O pseudopotential file: ./@Internal
      Generation info     : Generated using ONCVPSP code by D. R. Hamann
      Author info         : anonymous
  Si pseudopotential file: ./@Internal
      Generation info     : Generated using ONCVPSP code by D. R. Hamann
      Author info         : anonymous


Memory usage (Mbytes):     Min        Max       Total
    wave functions          8.74       8.74     279.61
    beta-functions          5.31       5.31     169.90



Initial Ionic Positions And Displacements (Bohr)
Species      X           Y           Z           dX          dY          dZ
  Si       0.0000      0.0000      0.0000      0.0000      0.0000      0.0000
  Si       3.3637      3.3637      3.3637      0.0000      0.0000      0.0000
  Si      10.0911      3.3637     10.0911      0.0000      0.0000      0.0000
  Si       3.3637     10.0911     10.0911      0.0000      0.0000      0.0000
  Si      10.0911     10.0911      3.3637      0.0000      0.0000      0.0000
  Si       0.0000      6.7274      6.7274      0.0000      0.0000      0.0000
  Si       6.7274      0.0000      6.7274      0.0000      0.0000      0.0000
  Si       6.7274      6.7274      0.0000      0.0000      0.0000      0.0000
  O        1.6819      1.6819      1.6819      0.0000      0.0000      0.0000
  O       11.7730      1.6819     11.7730      0.0000      0.0000      0.0000
  O        1.6819     11.7730     11.7730      0.0000      0.0000      0.0000
  O       11.7730     11.7730      1.6819      0.0000      0.0000      0.0000
  O        1.6819      8.4093      8.4093      0.0000      0.0000      0.0000
  O        8.4093      1.6819      8.4093      0.0000      0.0000      0.0000
  O        8.4093      8.4093      1.6819      0.0000      0.0000      0.0000
  O       11.7730      8.4093      5.0456      0.0000      0.0000      0.0000
  O        5.0456      1.6819      5.0456      0.0000      0.0000      0.0000
  O        5.0456      8.4093     11.7730      0.0000      0.0000      0.0000
  O        1.6819      5.0456      5.0456      0.0000      0.0000      0.0000
  O        8.4093     11.7730      5.0456      0.0000      0.0000      0.0000
  O        8.4093      5.0456     11.7730      0.0000      0.0000      0.0000
  O       11.7730      5.0456      8.4093      0.0000      0.0000      0.0000
  O        5.0456     11.7730      8.4093      0.0000      0.0000      0.0000
  O        5.0456      5.0456      1.6819      0.0000      0.0000      0.0000


Initial Ionic Positions And Displacements (Angstrom)
Species      X           Y           Z           dX          dY          dZ
  Si       0.0000      0.0000      0.0000      0.0000      0.0000      0.0000
  Si       1.7800      1.7800      1.7800      0.0000      0.0000      0.0000
  Si       5.3400      1.7800      5.3400      0.0000      0.0000      0.0000
  Si       1.7800      5.3400      5.3400      0.0000      0.0000      0.0000
  Si       5.3400      5.3400      1.7800      0.0000      0.0000      0.0000
  Si       0.0000      3.5600      3.5600      0.0000      0.0000      0.0000
  Si       3.5600      0.0000      3.5600      0.0000      0.0000      0.0000
  Si       3.5600      3.5600      0.0000      0.0000      0.0000      0.0000
  O        0.8900      0.8900      0.8900      0.0000      0.0000      0.0000
  O        6.2300      0.8900      6.2300      0.0000      0.0000      0.0000
  O        0.8900      6.2300      6.2300      0.0000      0.0000      0.0000
  O        6.2300      6.2300      0.8900      0.0000      0.0000      0.0000
  O        0.8900      4.4500      4.4500      0.0000      0.0000      0.0000
  O        4.4500      0.8900      4.4500      0.0000      0.0000      0.0000
  O        4.4500      4.4500      0.8900      0.0000      0.0000      0.0000
  O        6.2300      4.4500      2.6700      0.0000      0.0000      0.0000
  O        2.6700      0.8900      2.6700      0.0000      0.0000      0.0000
  O        2.6700      4.4500      6.2300      0.0000      0.0000      0.0000
  O        0.8900      2.6700      2.6700      0.0000      0.0000      0.0000
  O        4.4500      6.2300      2.6700      0.0000      0.0000      0.0000
  O        4.4500      2.6700      6.2300      0.0000      0.0000      0.0000
  O        6.2300      2.6700      4.4500      0.0000      0.0000      0.0000
  O        2.6700      6.2300      4.4500      0.0000      0.0000      0.0000
  O        2.6700      2.6700      0.8900      0.0000      0.0000      0.0000

Diagonalization using scalapack for step=0  count=0



KOHN SHAM EIGENVALUES [eV] AT K-POINT [  0]:       0.000000      0.000000      0.000000

[kpt   0  -1   0]   -22.2078 [2.000]   -21.3862 [2.000]   -21.3862 [2.000]   -21.3862 [2.000]   -21.3862 [2.000]
[kpt   0  -1   1]   -21.3862 [2.000]   -21.3862 [2.000]   -20.2921 [2.000]   -20.2921 [2.000]   -20.2921 [2.000]
[kpt   0  -1   2]   -20.2722 [2.000]   -20.2722 [2.000]   -20.2722 [2.000]   -20.2722 [2.000]   -20.2722 [2.000]
[kpt   0  -1   3]   -20.2722 [2.000]   -11.9731 [2.000]    -9.8957 [2.000]    -9.8957 [2.000]    -9.8957 [2.000]
[kpt   0  -1   4]    -9.8957 [2.000]    -9.8957 [2.000]    -9.8957 [2.000]    -8.2238 [2.000]    -8.2238 [2.000]
[kpt   0  -1   5]    -8.2238 [2.000]    -7.9091 [2.000]    -7.9091 [2.000]    -7.9091 [2.000]    -7.9091 [2.000]
[kpt   0  -1   6]    -7.9091 [2.000]    -7.9091 [2.000]    -5.0339 [2.000]    -5.0339 [2.000]    -5.0339 [2.000]
[kpt   0  -1   7]    -5.0339 [2.000]    -5.0339 [2.000]    -5.0339 [2.000]    -4.9389 [2.000]    -4.9389 [2.000]
[kpt   0  -1   8]    -4.7486 [2.000]    -4.7486 [2.000]    -4.7486 [2.000]    -4.7486 [2.000]    -4.7486 [2.000]
[kpt   0  -1   9]    -4.7486 [2.000]    -4.5178 [2.000]    -4.5178 [2.000]    -4.5178 [2.000]    -3.9878 [2.000]
[kpt   0  -1  10]    -3.9878 [2.000]    -3.9878 [2.000]    -3.9878 [2.000]    -3.9878 [2.000]    -3.9878 [2.000]
[kpt   0  -1  11]    -3.4070 [2.000]    -3.4070 [2.000]    -3.4070 [2.000]    -3.4070 [2.000]    -3.4070 [2.000]
[kpt   0  -1  12]    -3.4070 [2.000]    -2.9346 [2.000]    -2.9346 [2.000]    -2.9346 [2.000]     7.6036 [0.000]
[kpt   0  -1  13]    10.2745 [0.000]    10.2745 [0.000]    10.2745 [0.000]    10.2745 [0.000]    10.2745 [0.000]
[kpt   0  -1  14]    10.2745 [0.000]    12.4070 [0.000]    12.4070 [0.000]    12.4070 [0.000]    13.3732 [0.000]
[kpt   0  -1  15]    13.3732 [0.000]    13.3732 [0.000]    13.3732 [0.000]    13.3732 [0.000]    13.3732 [0.000]
[kpt   0  -1  16]    15.0436 [0.000]    15.0436 [0.000]    15.0436 [0.000]    15.0436 [0.000]    15.0436 [0.000]
[kpt   0  -1  17]    15.0436 [0.000]    15.3639 [0.000]    15.3639 [0.000]    15.3639 [0.000]    15.3639 [0.000]
[kpt   0  -1  18]    15.3639 [0.000]    15.3639 [0.000]    16.6481 [0.000]    16.6481 [0.000]    16.6481 [0.000]
[kpt   0  -1  19]    17.2101 [0.000]


Charge normalization constant -1.0: -1.287859e-14
Charge density mixing: Linear with a constant of 0.50 

Diagonalization using scalapack for step=0  count=1


FERMI ENERGY =     -0.08646793 eV
@@ EIGENVALUE SUM     =      -65.660192 Ry
@@ ION_ION            =     -272.916107 Ry
@@ ELECTROSTATIC      =     -284.869384 Ry
@@ VXC                =     -179.051519 Ry
@@ EXC                =     -137.839105 Ry
@@ TOTAL ENERGY       =     -582.233270 Ry
@@ estimated error    =   ****************
Charge normalization constant -1.0: 1.110223e-15
Charge density mixing: Linear with a constant of 0.50 
WriteRestart: Output file given as /dev/null, no restart data written ...


KOHN SHAM EIGENVALUES [eV] AT K-POINT [  0]:       0.000000      0.000000      0.000000

[kpt   0   0   0]   -19.6542 [2.000]   -18.6934 [2.000]   -18.6857 [2.000]   -18.6851 [2.000]   -18.6808 [2.000]
[kpt   0   0   1]   -18.6794 [2.000]   -18.6738 [2.000]   -17.3882 [2.000]   -17.3830 [2.000]   -17.3793 [2.000]
[kpt   0   0   2]   -17.3789 [2.000]   -17.3779 [2.000]   -17.3732 [2.000]   -17.3722 [2.000]   -17.3678 [2.000]
[kpt   0   0   3]   -17.3650 [2.000]    -9.6059 [2.000]    -7.3492 [2.000]    -7.3441 [2.000]    -7.3437 [2.000]
[kpt   0   0   4]    -7.3429 [2.000]    -7.3419 [2.000]    -7.3386 [2.000]    -5.7574 [2.000]    -5.7558 [2.000]
[kpt   0   0   5]    -5.7546 [2.000]    -5.0451 [2.000]    -5.0450 [2.000]    -5.0438 [2.000]    -5.0431 [2.000]
[kpt   0   0   6]    -5.0412 [2.000]    -5.0405 [2.000]    -2.9004 [2.000]    -2.8996 [2.000]    -2.8989 [2.000]
[kpt   0   0   7]    -2.8987 [2.000]    -2.8985 [2.000]    -2.8972 [2.000]    -2.7003 [2.000]    -2.6998 [2.000]
[kpt   0   0   8]    -2.5642 [2.000]    -2.5640 [2.000]    -2.5635 [2.000]    -2.5631 [2.000]    -2.5624 [2.000]
[kpt   0   0   9]    -2.5388 [2.000]    -1.9506 [2.000]    -1.9505 [2.000]    -1.9494 [2.000]    -1.4985 [2.000]
[kpt   0   0  10]    -1.4980 [2.000]    -1.4973 [2.000]    -1.4971 [2.000]    -1.4965 [2.000]    -1.4955 [2.000]
[kpt   0   0  11]    -0.6845 [2.000]    -0.6838 [2.000]    -0.6837 [2.000]    -0.6835 [2.000]    -0.6831 [2.000]
[kpt   0   0  12]    -0.6829 [2.000]    -0.0875 [2.000]    -0.0868 [2.000]    -0.0865 [2.000]     8.4560 [0.000]
[kpt   0   0  13]    10.9817 [0.000]    10.9825 [0.000]    10.9826 [0.000]    10.9828 [0.000]    10.9835 [0.000]
[kpt   0   0  14]    10.9844 [0.000]    12.1807 [0.000]    12.1809 [0.000]    12.1812 [0.000]    13.9244 [0.000]
[kpt   0   0  15]    13.9245 [0.000]    13.9246 [0.000]    13.9248 [0.000]    13.9249 [0.000]



Total charge in supercell =     128.00000000
 quench: [md:   0/100  scf:   0/30  step time:   0.23  scf time:     0.30 secs  RMS[dV]: 5.24e-02 ]


average potential <V> = -3.50e-16

Diagonalization using scalapack for step=1  count=2


FERMI ENERGY =      1.39655956 eV
@@ EIGENVALUE SUM     =      -55.015167 Ry
@@ ION_ION            =     -272.916107 Ry
@@ ELECTROSTATIC      =     -296.842960 Ry
@@ VXC                =     -182.177845 Ry
@@ EXC                =     -140.269380 Ry
@@ TOTAL ENERGY       =     -582.865768 Ry
@@ estimated error    =        6.16e-01 Ry
Charge normalization constant -1.0: 0.000000e+00
Charge density mixing: Linear with a constant of 0.50 


KOHN SHAM EIGENVALUES [eV] AT K-POINT [  0]:       0.000000      0.000000      0.000000

[kpt   0   1   0]   -18.4972 [2.000]   -17.4733 [2.000]   -17.4683 [2.000]   -17.4643 [2.000]   -17.4624 [2.000]
[kpt   0   1   1]   -17.4607 [2.000]   -17.4567 [2.000]   -16.0127 [2.000]   -16.0117 [2.000]   -15.9993 [2.000]
[kpt   0   1   2]   -15.9963 [2.000]   -15.9943 [2.000]   -15.9891 [2.000]   -15.9813 [2.000]   -15.9795 [2.000]
[kpt   0   1   3]   -15.9705 [2.000]    -9.2478 [2.000]    -6.7381 [2.000]    -6.7372 [2.000]    -6.7339 [2.000]
[kpt   0   1   4]    -6.7282 [2.000]    -6.7253 [2.000]    -6.7247 [2.000]    -4.9398 [2.000]    -4.9389 [2.000]
[kpt   0   1   5]    -4.9373 [2.000]    -4.2655 [2.000]    -4.2631 [2.000]    -4.2602 [2.000]    -4.2580 [2.000]
[kpt   0   1   6]    -4.2561 [2.000]    -4.2538 [2.000]    -1.7415 [2.000]    -1.7402 [2.000]    -1.7344 [2.000]
[kpt   0   1   7]    -1.7329 [2.000]    -1.7231 [2.000]    -1.7219 [2.000]    -1.4704 [2.000]    -1.4703 [2.000]
[kpt   0   1   8]    -1.3821 [2.000]    -1.3793 [2.000]    -1.3763 [2.000]    -1.3713 [2.000]    -1.3709 [2.000]
[kpt   0   1   9]    -1.3654 [2.000]    -0.8189 [2.000]    -0.8122 [2.000]    -0.8120 [2.000]    -0.2176 [2.000]
[kpt   0   1  10]    -0.2104 [2.000]    -0.2088 [2.000]    -0.2046 [2.000]    -0.1964 [2.000]    -0.1904 [2.000]
[kpt   0   1  11]     0.6629 [2.000]     0.6682 [2.000]     0.6693 [2.000]     0.6757 [2.000]     0.6772 [2.000]
[kpt   0   1  12]     0.6842 [2.000]     1.3911 [2.000]     1.3919 [2.000]     1.3966 [2.000]     8.7225 [0.000]
[kpt   0   1  13]    11.2720 [0.000]    11.2731 [0.000]    11.2734 [0.000]    11.2763 [0.000]    11.2766 [0.000]
[kpt   0   1  14]    11.2771 [0.000]    11.7602 [0.000]    11.7605 [0.000]    11.7637 [0.000]    14.0847 [0.000]
[kpt   0   1  15]    14.0852 [0.000]    14.0852 [0.000]    14.0863 [0.000]    46.2632 [0.000]



Total charge in supercell =     128.00000000
 quench: [md:   0/100  scf:   1/30  step time:   0.20  scf time:     0.50 secs  RMS[dV]: 3.00e-02 ]


average potential <V> = 1.14e-15

Diagonalization using scalapack for step=2  count=3


FERMI ENERGY =      1.74487850 eV
@@ EIGENVALUE SUM     =      -53.363881 Ry
@@ ION_ION            =     -272.916107 Ry
@@ ELECTROSTATIC      =     -295.815131 Ry
@@ VXC                =     -181.611595 Ry
@@ EXC                =     -139.825970 Ry
@@ TOTAL ENERGY       =     -580.309493 Ry
@@ estimated error    =        2.05e-01 Ry
Charge normalization constant -1.0: 8.881784e-16
Charge density mixing: Linear with a constant of 0.50 


KOHN SHAM EIGENVALUES [eV] AT K-POINT [  0]:       0.000000      0.000000      0.000000

[kpt   0   2   0]   -18.3690 [2.000]   -17.3407 [2.000]   -17.3330 [2.000]   -17.3317 [2.000]   -17.3264 [2.000]
[kpt   0   2   1]   -17.3249 [2.000]   -17.3150 [2.000]   -15.8651 [2.000]   -15.8617 [2.000]   -15.8587 [2.000]
[kpt   0   2   2]   -15.8537 [2.000]   -15.8466 [2.000]   -15.8419 [2.000]   -15.8169 [2.000]   -15.8058 [2.000]
[kpt   0   2   3]   -15.8017 [2.000]    -9.1792 [2.000]    -6.6398 [2.000]    -6.6377 [2.000]    -6.6360 [2.000]
[kpt   0   2   4]    -6.6341 [2.000]    -6.6307 [2.000]    -6.6284 [2.000]    -4.8203 [2.000]    -4.8171 [2.000]
[kpt   0   2   5]    -4.8152 [2.000]    -4.1629 [2.000]    -4.1602 [2.000]    -4.1599 [2.000]    -4.1588 [2.000]
[kpt   0   2   6]    -4.1552 [2.000]    -4.1530 [2.000]    -1.5726 [2.000]    -1.5711 [2.000]    -1.5697 [2.000]
[kpt   0   2   7]    -1.5628 [2.000]    -1.5614 [2.000]    -1.5578 [2.000]    -1.2942 [2.000]    -1.2940 [2.000]
[kpt   0   2   8]    -1.1735 [2.000]    -1.1702 [2.000]    -1.1635 [2.000]    -1.1590 [2.000]    -1.1578 [2.000]
[kpt   0   2   9]    -1.1566 [2.000]    -0.6515 [2.000]    -0.6459 [2.000]    -0.6454 [2.000]     0.0228 [2.000]
[kpt   0   2  10]     0.0284 [2.000]     0.0297 [2.000]     0.0358 [2.000]     0.0410 [2.000]     0.0480 [2.000]
[kpt   0   2  11]     0.9478 [2.000]     0.9506 [2.000]     0.9549 [2.000]     0.9566 [2.000]     0.9578 [2.000]
[kpt   0   2  12]     0.9595 [2.000]     1.7405 [2.000]     1.7436 [2.000]     1.7449 [2.000]     8.4326 [0.000]
[kpt   0   2  13]    11.1266 [0.000]    11.1296 [0.000]    11.1302 [0.000]    11.1328 [0.000]    11.1339 [0.000]
[kpt   0   2  14]    11.1346 [0.000]    11.3883 [0.000]    11.3899 [0.000]    11.3938 [0.000]    13.9584 [0.000]
[kpt   0   2  15]    13.9599 [0.000]    13.9609 [0.000]    13.9611 [0.000]    45.5755 [0.000]



Total charge in supercell =     128.00000000
 quench: [md:   0/100  scf:   2/30  step time:   0.20  scf time:     0.70 secs  RMS[dV]: 1.48e-02 ]


average potential <V> = -3.82e-16

Diagonalization using scalapack for step=3  count=4


FERMI ENERGY =      1.58809784 eV
@@ EIGENVALUE SUM     =      -55.011285 Ry
@@ ION_ION            =     -272.916107 Ry
@@ ELECTROSTATIC      =     -291.568705 Ry
@@ VXC                =     -180.207642 Ry
@@ EXC                =     -138.730989 Ry
@@ TOTAL ENERGY       =     -578.019444 Ry
@@ estimated error    =        3.07e-01 Ry
Charge normalization constant -1.0: 1.110223e-15
Charge density mixing: Linear with a constant of 0.50 


KOHN SHAM EIGENVALUES [eV] AT K-POINT [  0]:       0.000000      0.000000      0.000000

[kpt   0   3   0]   -18.5609 [2.000]   -17.5492 [2.000]   -17.5425 [2.000]   -17.5403 [2.000]   -17.5358 [2.000]
[kpt   0   3   1]   -17.5345 [2.000]   -17.5189 [2.000]   -16.1086 [2.000]   -16.1051 [2.000]   -16.1035 [2.000]
[kpt   0   3   2]   -16.0989 [2.000]   -16.0873 [2.000]   -16.0840 [2.000]   -16.0639 [2.000]   -16.0499 [2.000]
[kpt   0   3   3]   -16.0460 [2.000]    -9.2636 [2.000]    -6.7619 [2.000]    -6.7601 [2.000]    -6.7580 [2.000]
[kpt   0   3   4]    -6.7567 [2.000]    -6.7545 [2.000]    -6.7464 [2.000]    -4.9480 [2.000]    -4.9427 [2.000]
[kpt   0   3   5]    -4.9405 [2.000]    -4.3063 [2.000]    -4.3039 [2.000]    -4.3033 [2.000]    -4.3011 [2.000]
[kpt   0   3   6]    -4.2947 [2.000]    -4.2932 [2.000]    -1.7506 [2.000]    -1.7482 [2.000]    -1.7474 [2.000]
[kpt   0   3   7]    -1.7440 [2.000]    -1.7397 [2.000]    -1.7374 [2.000]    -1.4826 [2.000]    -1.4824 [2.000]
[kpt   0   3   8]    -1.3288 [2.000]    -1.3245 [2.000]    -1.3153 [2.000]    -1.3132 [2.000]    -1.3104 [2.000]
[kpt   0   3   9]    -1.3093 [2.000]    -0.8395 [2.000]    -0.8367 [2.000]    -0.8362 [2.000]    -0.1513 [2.000]
[kpt   0   3  10]    -0.1486 [2.000]    -0.1481 [2.000]    -0.1407 [2.000]    -0.1397 [2.000]    -0.1367 [2.000]
[kpt   0   3  11]     0.7746 [2.000]     0.7775 [2.000]     0.7801 [2.000]     0.7828 [2.000]     0.7843 [2.000]
[kpt   0   3  12]     0.7905 [2.000]     1.5815 [2.000]     1.5829 [2.000]     1.5881 [2.000]     8.0699 [0.000]
[kpt   0   3  13]    10.8774 [0.000]    10.8813 [0.000]    10.8814 [0.000]    10.8843 [0.000]    10.8861 [0.000]
[kpt   0   3  14]    10.8867 [0.000]    11.1457 [0.000]    11.1479 [0.000]    11.1516 [0.000]    13.7331 [0.000]
[kpt   0   3  15]    13.7355 [0.000]    13.7361 [0.000]    13.7365 [0.000]    44.8090 [0.000]



Total charge in supercell =     128.00000000
 quench: [md:   0/100  scf:   3/30  step time:   0.20  scf time:     0.90 secs  RMS[dV]: 1.43e-02 ]


average potential <V> = -2.47e-17
Davidson converged in 3 steps

FERMI ENERGY =      1.43908079 eV
@@ EIGENVALUE SUM     =      -56.690300 Ry
@@ ION_ION            =     -272.916107 Ry
@@ ELECTROSTATIC      =     -288.146698 Ry
@@ VXC                =     -179.107337 Ry
@@ EXC                =     -137.872708 Ry
@@ TOTAL ENERGY       =     -576.518474 Ry
@@ estimated error    =        1.75e-01 Ry
Charge normalization constant -1.0: -6.661338e-16
Charge density mixing: Broyden


KOHN SHAM EIGENVALUES [eV] AT K-POINT [  0]:       0.000000      0.000000      0.000000

[kpt   0   4   0]   -18.7458 [2.000]   -17.7557 [2.000]   -17.7498 [2.000]   -17.7435 [2.000]   -17.7397 [2.000]
[kpt   0   4   1]   -17.7365 [2.000]   -17.7088 [2.000]   -16.3568 [2.000]   -16.3512 [2.000]   -16.3461 [2.000]
[kpt   0   4   2]   -16.3393 [2.000]   -16.3218 [2.000]   -16.3160 [2.000]   -16.3071 [2.000]   -16.2908 [2.000]
[kpt   0   4   3]   -16.2782 [2.000]    -9.3834 [2.000]    -6.9207 [2.000]    -6.9176 [2.000]    -6.9120 [2.000]
[kpt   0   4   4]    -6.9090 [2.000]    -6.9070 [2.000]    -6.8856 [2.000]    -5.1029 [2.000]    -5.0887 [2.000]
[kpt   0   4   5]    -5.0822 [2.000]    -4.4751 [2.000]    -4.4711 [2.000]    -4.4667 [2.000]    -4.4627 [2.000]
[kpt   0   4   6]    -4.4454 [2.000]    -4.4381 [2.000]    -1.9378 [2.000]    -1.9330 [2.000]    -1.9292 [2.000]
[kpt   0   4   7]    -1.9246 [2.000]    -1.9148 [2.000]    -1.9092 [2.000]    -1.6599 [2.000]    -1.6594 [2.000]
[kpt   0   4   8]    -1.4980 [2.000]    -1.4928 [2.000]    -1.4883 [2.000]    -1.4822 [2.000]    -1.4785 [2.000]
[kpt   0   4   9]    -1.4638 [2.000]    -1.0168 [2.000]    -1.0161 [2.000]    -1.0155 [2.000]    -0.3280 [2.000]
[kpt   0   4  10]    -0.3218 [2.000]    -0.3162 [2.000]    -0.3138 [2.000]    -0.2986 [2.000]    -0.2915 [2.000]
[kpt   0   4  11]     0.6011 [2.000]     0.6075 [2.000]     0.6122 [2.000]     0.6211 [2.000]     0.6265 [2.000]
[kpt   0   4  12]     0.6387 [2.000]     1.4185 [2.000]     1.4249 [2.000]     1.4391 [2.000]     7.1241 [0.000]
[kpt   0   4  13]     9.9920 [0.000]     9.9959 [0.000]     9.9982 [0.000]     9.9997 [0.000]    10.0027 [0.000]
[kpt   0   4  14]    10.0041 [0.000]    10.5009 [0.000]    10.5019 [0.000]    10.5036 [0.000]    13.2279 [0.000]
[kpt   0   4  15]    13.2293 [0.000]    13.2335 [0.000]    13.2357 [0.000]    13.2368 [0.000]



Total charge in supercell =     128.00000000
 quench: [md:   0/100  scf:   4/30  step time:   0.26  scf time:     1.16 secs  RMS[dV]: 1.05e-02 ]


average potential <V> = -3.17e-16
Davidson converged in 2 steps

FERMI ENERGY =      0.94566506 eV
@@ EIGENVALUE SUM     =      -59.907048 Ry
@@ ION_ION            =     -272.916107 Ry
@@ ELECTROSTATIC      =     -284.641458 Ry
@@ VXC                =     -178.023755 Ry
@@ EXC                =     -137.027308 Ry
@@ TOTAL ENERGY       =     -576.468166 Ry
@@ estimated error    =        1.52e-01 Ry
Charge normalization constant -1.0: -1.998401e-15
Charge density mixing: Broyden


KOHN SHAM EIGENVALUES [eV] AT K-POINT [  0]:       0.000000      0.000000      0.000000

[kpt   0   5   0]   -19.0602 [2.000]   -18.0946 [2.000]   -18.0805 [2.000]   -18.0796 [2.000]   -18.0784 [2.000]
[kpt   0   5   1]   -18.0755 [2.000]   -18.0719 [2.000]   -16.7468 [2.000]   -16.7428 [2.000]   -16.7347 [2.000]
[kpt   0   5   2]   -16.7326 [2.000]   -16.7287 [2.000]   -16.7262 [2.000]   -16.7081 [2.000]   -16.7031 [2.000]
[kpt   0   5   3]   -16.6924 [2.000]    -9.5095 [2.000]    -7.1205 [2.000]    -7.1092 [2.000]    -7.1085 [2.000]
[kpt   0   5   4]    -7.1074 [2.000]    -7.1051 [2.000]    -7.1024 [2.000]    -5.3329 [2.000]    -5.3297 [2.000]
[kpt   0   5   5]    -5.3229 [2.000]    -4.7263 [2.000]    -4.7229 [2.000]    -4.7146 [2.000]    -4.7124 [2.000]
[kpt   0   5   6]    -4.7100 [2.000]    -4.7083 [2.000]    -2.2623 [2.000]    -2.2594 [2.000]    -2.2538 [2.000]
[kpt   0   5   7]    -2.2526 [2.000]    -2.2506 [2.000]    -2.2479 [2.000]    -2.0160 [2.000]    -2.0158 [2.000]
[kpt   0   5   8]    -1.8307 [2.000]    -1.8255 [2.000]    -1.8239 [2.000]    -1.8212 [2.000]    -1.8196 [2.000]
[kpt   0   5   9]    -1.8173 [2.000]    -1.3863 [2.000]    -1.3861 [2.000]    -1.3860 [2.000]    -0.7228 [2.000]
[kpt   0   5  10]    -0.7197 [2.000]    -0.7146 [2.000]    -0.7123 [2.000]    -0.7105 [2.000]    -0.7076 [2.000]
[kpt   0   5  11]     0.1694 [2.000]     0.1765 [2.000]     0.1786 [2.000]     0.1822 [2.000]     0.1846 [2.000]
[kpt   0   5  12]     0.1878 [2.000]     0.9357 [2.000]     0.9425 [2.000]     0.9457 [2.000]     6.8332 [0.000]
[kpt   0   5  13]     9.7638 [0.000]     9.7642 [0.000]     9.7647 [0.000]     9.7655 [0.000]     9.7668 [0.000]
[kpt   0   5  14]     9.7674 [0.000]    10.5141 [0.000]    10.5144 [0.000]    10.5145 [0.000]    13.0173 [0.000]
[kpt   0   5  15]    13.0187 [0.000]    13.0200 [0.000]    13.0206 [0.000]    13.0218 [0.000]



Total charge in supercell =     128.00000000
 quench: [md:   0/100  scf:   5/30  step time:   0.24  scf time:     1.40 secs  RMS[dV]: 9.24e-03 ]


average potential <V> = 1.81e-16
Davidson converged in 3 steps

FERMI ENERGY =      1.07798457 eV
@@ EIGENVALUE SUM     =      -58.674340 Ry
@@ ION_ION            =     -272.916107 Ry
@@ ELECTROSTATIC      =     -285.946131 Ry
@@ VXC                =     -178.354558 Ry
@@ EXC                =     -137.283799 Ry
@@ TOTAL ENERGY       =     -576.465818 Ry
@@ estimated error    =        9.87e-03 Ry
Charge normalization constant -1.0: 0.000000e+00
Charge density mixing: Broyden


KOHN SHAM EIGENVALUES [eV] AT K-POINT [  0]:       0.000000      0.000000      0.000000

[kpt   0   6   0]   -18.9276 [2.000]   -17.9448 [2.000]   -17.9442 [2.000]   -17.9437 [2.000]   -17.9435 [2.000]
[kpt   0   6   1]   -17.9433 [2.000]   -17.9408 [2.000]   -16.5923 [2.000]   -16.5919 [2.000]   -16.5913 [2.000]
[kpt   0   6   2]   -16.5908 [2.000]   -16.5893 [2.000]   -16.5884 [2.000]   -16.5607 [2.000]   -16.5585 [2.000]
[kpt   0   6   3]   -16.5574 [2.000]    -9.3803 [2.000]    -6.9714 [2.000]    -6.9710 [2.000]    -6.9706 [2.000]
[kpt   0   6   4]    -6.9705 [2.000]    -6.9703 [2.000]    -6.9686 [2.000]    -5.1953 [2.000]    -5.1942 [2.000]
[kpt   0   6   5]    -5.1937 [2.000]    -4.5690 [2.000]    -4.5687 [2.000]    -4.5682 [2.000]    -4.5679 [2.000]
[kpt   0   6   6]    -4.5666 [2.000]    -4.5659 [2.000]    -2.1455 [2.000]    -2.1451 [2.000]    -2.1448 [2.000]
[kpt   0   6   7]    -2.1444 [2.000]    -2.1438 [2.000]    -2.1433 [2.000]    -1.9017 [2.000]    -1.9016 [2.000]
[kpt   0   6   8]    -1.7118 [2.000]    -1.7113 [2.000]    -1.7108 [2.000]    -1.7105 [2.000]    -1.7103 [2.000]
[kpt   0   6   9]    -1.7087 [2.000]    -1.2549 [2.000]    -1.2548 [2.000]    -1.2547 [2.000]    -0.5939 [2.000]
[kpt   0   6  10]    -0.5933 [2.000]    -0.5928 [2.000]    -0.5927 [2.000]    -0.5912 [2.000]    -0.5906 [2.000]
[kpt   0   6  11]     0.3102 [2.000]     0.3108 [2.000]     0.3112 [2.000]     0.3118 [2.000]     0.3123 [2.000]
[kpt   0   6  12]     0.3130 [2.000]     1.0765 [2.000]     1.0769 [2.000]     1.0780 [2.000]     6.8071 [0.000]
[kpt   0   6  13]     9.7665 [0.000]     9.7672 [0.000]     9.7673 [0.000]     9.7674 [0.000]     9.7677 [0.000]
[kpt   0   6  14]     9.7677 [0.000]    10.5660 [0.000]    10.5661 [0.000]    10.5663 [0.000]    13.0517 [0.000]
[kpt   0   6  15]    13.0548 [0.000]    13.0550 [0.000]    13.0552 [0.000]    13.0565 [0.000]



Total charge in supercell =     128.00000000
 quench: [md:   0/100  scf:   6/30  step time:   0.26  scf time:     1.66 secs  RMS[dV]: 4.11e-03 ]


average potential <V> = -1.04e-15
Davidson converged in 3 steps

FERMI ENERGY =      1.09878191 eV
@@ EIGENVALUE SUM     =      -58.412156 Ry
@@ ION_ION            =     -272.916107 Ry
@@ ELECTROSTATIC      =     -286.222722 Ry
@@ VXC                =     -178.417341 Ry
@@ EXC                =     -137.332046 Ry
@@ TOTAL ENERGY       =     -576.465688 Ry
@@ estimated error    =        5.62e-04 Ry
Charge normalization constant -1.0: 1.110223e-15
Charge density mixing: Broyden


KOHN SHAM EIGENVALUES [eV] AT K-POINT [  0]:       0.000000      0.000000      0.000000

[kpt   0   7   0]   -18.8976 [2.000]   -17.9138 [2.000]   -17.9136 [2.000]   -17.9136 [2.000]   -17.9133 [2.000]
[kpt   0   7   1]   -17.9132 [2.000]   -17.9131 [2.000]   -16.5618 [2.000]   -16.5618 [2.000]   -16.5616 [2.000]
[kpt   0   7   2]   -16.5613 [2.000]   -16.5612 [2.000]   -16.5612 [2.000]   -16.5300 [2.000]   -16.5299 [2.000]
[kpt   0   7   3]   -16.5292 [2.000]    -9.3408 [2.000]    -6.9324 [2.000]    -6.9321 [2.000]    -6.9321 [2.000]
[kpt   0   7   4]    -6.9319 [2.000]    -6.9318 [2.000]    -6.9318 [2.000]    -5.1600 [2.000]    -5.1599 [2.000]
[kpt   0   7   5]    -5.1596 [2.000]    -4.5297 [2.000]    -4.5297 [2.000]    -4.5294 [2.000]    -4.5293 [2.000]
[kpt   0   7   6]    -4.5292 [2.000]    -4.5291 [2.000]    -2.1236 [2.000]    -2.1235 [2.000]    -2.1234 [2.000]
[kpt   0   7   7]    -2.1231 [2.000]    -2.1230 [2.000]    -2.1230 [2.000]    -1.8806 [2.000]    -1.8805 [2.000]
[kpt   0   7   8]    -1.6891 [2.000]    -1.6891 [2.000]    -1.6890 [2.000]    -1.6887 [2.000]    -1.6887 [2.000]
[kpt   0   7   9]    -1.6886 [2.000]    -1.2284 [2.000]    -1.2284 [2.000]    -1.2283 [2.000]    -0.5714 [2.000]
[kpt   0   7  10]    -0.5713 [2.000]    -0.5713 [2.000]    -0.5709 [2.000]    -0.5708 [2.000]    -0.5708 [2.000]
[kpt   0   7  11]     0.3339 [2.000]     0.3341 [2.000]     0.3341 [2.000]     0.3345 [2.000]     0.3346 [2.000]
[kpt   0   7  12]     0.3347 [2.000]     1.0983 [2.000]     1.0987 [2.000]     1.0988 [2.000]     6.7880 [0.000]
[kpt   0   7  13]     9.7609 [0.000]     9.7610 [0.000]     9.7610 [0.000]     9.7611 [0.000]     9.7612 [0.000]
[kpt   0   7  14]     9.7614 [0.000]    10.5892 [0.000]    10.5892 [0.000]    10.5899 [0.000]    13.0496 [0.000]
[kpt   0   7  15]    13.0563 [0.000]    13.0564 [0.000]    13.0566 [0.000]    13.0574 [0.000]



Total charge in supercell =     128.00000000
 quench: [md:   0/100  scf:   7/30  step time:   0.25  scf time:     1.91 secs  RMS[dV]: 9.24e-04 ]


average potential <V> = 5.35e-17
Davidson incomplete convergence steps = 8

FERMI ENERGY =      1.10315964 eV
@@ EIGENVALUE SUM     =      -58.365168 Ry
@@ ION_ION            =     -272.916107 Ry
@@ ELECTROSTATIC      =     -286.272975 Ry
@@ VXC                =     -178.431730 Ry
@@ EXC                =     -137.343158 Ry
@@ TOTAL ENERGY       =     -576.465677 Ry
@@ estimated error    =        3.28e-05 Ry
Charge normalization constant -1.0: 2.220446e-16
Charge density mixing: Broyden


KOHN SHAM EIGENVALUES [eV] AT K-POINT [  0]:       0.000000      0.000000      0.000000

[kpt   0   8   0]   -18.8922 [2.000]   -17.9087 [2.000]   -17.9084 [2.000]   -17.9083 [2.000]   -17.9079 [2.000]
[kpt   0   8   1]   -17.9078 [2.000]   -17.9076 [2.000]   -16.5570 [2.000]   -16.5567 [2.000]   -16.5565 [2.000]
[kpt   0   8   2]   -16.5562 [2.000]   -16.5560 [2.000]   -16.5558 [2.000]   -16.5253 [2.000]   -16.5244 [2.000]
[kpt   0   8   3]   -16.5240 [2.000]    -9.3343 [2.000]    -6.9263 [2.000]    -6.9261 [2.000]    -6.9260 [2.000]
[kpt   0   8   4]    -6.9257 [2.000]    -6.9256 [2.000]    -6.9254 [2.000]    -5.1545 [2.000]    -5.1540 [2.000]
[kpt   0   8   5]    -5.1538 [2.000]    -4.5240 [2.000]    -4.5237 [2.000]    -4.5236 [2.000]    -4.5233 [2.000]
[kpt   0   8   6]    -4.5231 [2.000]    -4.5229 [2.000]    -2.1194 [2.000]    -2.1192 [2.000]    -2.1191 [2.000]
[kpt   0   8   7]    -2.1188 [2.000]    -2.1187 [2.000]    -2.1185 [2.000]    -1.8763 [2.000]    -1.8763 [2.000]
[kpt   0   8   8]    -1.6848 [2.000]    -1.6847 [2.000]    -1.6846 [2.000]    -1.6842 [2.000]    -1.6841 [2.000]
[kpt   0   8   9]    -1.6840 [2.000]    -1.2236 [2.000]    -1.2236 [2.000]    -1.2236 [2.000]    -0.5674 [2.000]
[kpt   0   8  10]    -0.5671 [2.000]    -0.5670 [2.000]    -0.5666 [2.000]    -0.5665 [2.000]    -0.5663 [2.000]
[kpt   0   8  11]     0.3381 [2.000]     0.3384 [2.000]     0.3385 [2.000]     0.3389 [2.000]     0.3391 [2.000]
[kpt   0   8  12]     0.3393 [2.000]     1.1024 [2.000]     1.1026 [2.000]     1.1032 [2.000]     6.7878 [0.000]
[kpt   0   8  13]     9.7590 [0.000]     9.7591 [0.000]     9.7592 [0.000]     9.7592 [0.000]     9.7593 [0.000]
[kpt   0   8  14]     9.7593 [0.000]    10.5937 [0.000]    10.5937 [0.000]    10.5944 [0.000]    12.2137 [0.000]
[kpt   0   8  15]    13.0523 [0.000]    13.0527 [0.000]    13.0532 [0.000]    13.0533 [0.000]



Total charge in supercell =     128.00000000
 quench: [md:   0/100  scf:   8/30  step time:   0.40  scf time:     2.31 secs  RMS[dV]: 3.09e-04 ]


average potential <V> = -6.00e-16
Davidson converged in 4 steps

FERMI ENERGY =      1.10278287 eV
@@ EIGENVALUE SUM     =      -58.367990 Ry
@@ ION_ION            =     -272.916107 Ry
@@ ELECTROSTATIC      =     -286.270171 Ry
@@ VXC                =     -178.431937 Ry
@@ EXC                =     -137.343346 Ry
@@ TOTAL ENERGY       =     -576.465677 Ry
@@ estimated error    =        1.49e-06 Ry
Charge normalization constant -1.0: -1.110223e-15
Charge density mixing: Broyden


KOHN SHAM EIGENVALUES [eV] AT K-POINT [  0]:       0.000000      0.000000      0.000000

[kpt   0   9   0]   -18.8925 [2.000]   -17.9088 [2.000]   -17.9086 [2.000]   -17.9085 [2.000]   -17.9084 [2.000]
[kpt   0   9   1]   -17.9083 [2.000]   -17.9081 [2.000]   -16.5571 [2.000]   -16.5569 [2.000]   -16.5568 [2.000]
[kpt   0   9   2]   -16.5567 [2.000]   -16.5566 [2.000]   -16.5564 [2.000]   -16.5252 [2.000]   -16.5250 [2.000]
[kpt   0   9   3]   -16.5245 [2.000]    -9.3349 [2.000]    -6.9267 [2.000]    -6.9266 [2.000]    -6.9265 [2.000]
[kpt   0   9   4]    -6.9264 [2.000]    -6.9264 [2.000]    -6.9262 [2.000]    -5.1548 [2.000]    -5.1547 [2.000]
[kpt   0   9   5]    -5.1544 [2.000]    -4.5244 [2.000]    -4.5243 [2.000]    -4.5242 [2.000]    -4.5241 [2.000]
[kpt   0   9   6]    -4.5240 [2.000]    -4.5238 [2.000]    -2.1193 [2.000]    -2.1192 [2.000]    -2.1191 [2.000]
[kpt   0   9   7]    -2.1189 [2.000]    -2.1189 [2.000]    -2.1188 [2.000]    -1.8764 [2.000]    -1.8764 [2.000]
[kpt   0   9   8]    -1.6847 [2.000]    -1.6846 [2.000]    -1.6845 [2.000]    -1.6843 [2.000]    -1.6843 [2.000]
[kpt   0   9   9]    -1.6842 [2.000]    -1.2239 [2.000]    -1.2239 [2.000]    -1.2239 [2.000]    -0.5672 [2.000]
[kpt   0   9  10]    -0.5671 [2.000]    -0.5670 [2.000]    -0.5668 [2.000]    -0.5668 [2.000]    -0.5666 [2.000]
[kpt   0   9  11]     0.3382 [2.000]     0.3384 [2.000]     0.3384 [2.000]     0.3387 [2.000]     0.3387 [2.000]
[kpt   0   9  12]     0.3389 [2.000]     1.1024 [2.000]     1.1027 [2.000]     1.1028 [2.000]     6.7880 [0.000]
[kpt   0   9  13]     9.7580 [0.000]     9.7582 [0.000]     9.7582 [0.000]     9.7582 [0.000]     9.7583 [0.000]
[kpt   0   9  14]     9.7584 [0.000]    10.5933 [0.000]    10.5933 [0.000]    10.5935 [0.000]    12.2059 [0.000]
[kpt   0   9  15]    13.0524 [0.000]    13.0525 [0.000]    13.0527 [0.000]    13.0528 [0.000]



Total charge in supercell =     128.00000000
 quench: [md:   0/100  scf:   9/30  step time:   0.31  scf time:     2.62 secs  RMS[dV]: 6.38e-05 ]


average potential <V> = -4.85e-16
Davidson converged in 2 steps

FERMI ENERGY =      1.10275380 eV
@@ EIGENVALUE SUM     =      -58.368714 Ry
@@ ION_ION            =     -272.916107 Ry
@@ ELECTROSTATIC      =     -286.269474 Ry
@@ VXC                =     -178.432133 Ry
@@ EXC                =     -137.343519 Ry
@@ TOTAL ENERGY       =     -576.465680 Ry
@@ estimated error    =        3.30e-07 Ry
Charge normalization constant -1.0: 2.220446e-16
Charge density mixing: Broyden


KOHN SHAM EIGENVALUES [eV] AT K-POINT [  0]:       0.000000      0.000000      0.000000

[kpt   0  10   0]   -18.8926 [2.000]   -17.9086 [2.000]   -17.9086 [2.000]   -17.9086 [2.000]   -17.9085 [2.000]
[kpt   0  10   1]   -17.9085 [2.000]   -17.9085 [2.000]   -16.5568 [2.000]   -16.5568 [2.000]   -16.5568 [2.000]
[kpt   0  10   2]   -16.5568 [2.000]   -16.5568 [2.000]   -16.5568 [2.000]   -16.5250 [2.000]   -16.5250 [2.000]
[kpt   0  10   3]   -16.5250 [2.000]    -9.3353 [2.000]    -6.9268 [2.000]    -6.9268 [2.000]    -6.9268 [2.000]
[kpt   0  10   4]    -6.9268 [2.000]    -6.9268 [2.000]    -6.9268 [2.000]    -5.1549 [2.000]    -5.1549 [2.000]
[kpt   0  10   5]    -5.1549 [2.000]    -4.5245 [2.000]    -4.5245 [2.000]    -4.5245 [2.000]    -4.5245 [2.000]
[kpt   0  10   6]    -4.5245 [2.000]    -4.5244 [2.000]    -2.1190 [2.000]    -2.1190 [2.000]    -2.1190 [2.000]
[kpt   0  10   7]    -2.1190 [2.000]    -2.1190 [2.000]    -2.1190 [2.000]    -1.8763 [2.000]    -1.8763 [2.000]
[kpt   0  10   8]    -1.6844 [2.000]    -1.6844 [2.000]    -1.6844 [2.000]    -1.6844 [2.000]    -1.6844 [2.000]
[kpt   0  10   9]    -1.6844 [2.000]    -1.2239 [2.000]    -1.2239 [2.000]    -1.2239 [2.000]    -0.5669 [2.000]
[kpt   0  10  10]    -0.5669 [2.000]    -0.5669 [2.000]    -0.5668 [2.000]    -0.5668 [2.000]    -0.5668 [2.000]
[kpt   0  10  11]     0.3386 [2.000]     0.3386 [2.000]     0.3386 [2.000]     0.3386 [2.000]     0.3386 [2.000]
[kpt   0  10  12]     0.3386 [2.000]     1.1027 [2.000]     1.1027 [2.000]     1.1028 [2.000]     6.7881 [0.000]
[kpt   0  10  13]     9.7575 [0.000]     9.7576 [0.000]     9.7576 [0.000]     9.7577 [0.000]     9.7577 [0.000]
[kpt   0  10  14]     9.7578 [0.000]    10.5927 [0.000]    10.5927 [0.000]    10.5929 [0.000]    12.2048 [0.000]
[kpt   0  10  15]    13.0524 [0.000]    13.0525 [0.000]    13.0526 [0.000]    13.0527 [0.000]



Total charge in supercell =     128.00000000
 quench: [md:   0/100  scf:  10/30  step time:   0.23  scf time:     2.85 secs  RMS[dV]: 2.06e-05 ]


average potential <V> = 1.48e-16
Davidson converged in 3 steps

FERMI ENERGY =      1.10295238 eV
@@ EIGENVALUE SUM     =      -58.367443 Ry
@@ ION_ION            =     -272.916107 Ry
@@ ELECTROSTATIC      =     -286.270856 Ry
@@ VXC                =     -178.432684 Ry
@@ EXC                =     -137.343960 Ry
@@ TOTAL ENERGY       =     -576.465682 Ry
@@ estimated error    =        2.52e-08 Ry
Charge normalization constant -1.0: -1.776357e-15
Charge density mixing: Broyden


KOHN SHAM EIGENVALUES [eV] AT K-POINT [  0]:       0.000000      0.000000      0.000000

[kpt   0  11   0]   -18.8925 [2.000]   -17.9085 [2.000]   -17.9084 [2.000]   -17.9084 [2.000]   -17.9084 [2.000]
[kpt   0  11   1]   -17.9084 [2.000]   -17.9084 [2.000]   -16.5567 [2.000]   -16.5567 [2.000]   -16.5567 [2.000]
[kpt   0  11   2]   -16.5566 [2.000]   -16.5566 [2.000]   -16.5566 [2.000]   -16.5249 [2.000]   -16.5248 [2.000]
[kpt   0  11   3]   -16.5248 [2.000]    -9.3352 [2.000]    -6.9268 [2.000]    -6.9268 [2.000]    -6.9267 [2.000]
[kpt   0  11   4]    -6.9267 [2.000]    -6.9267 [2.000]    -6.9267 [2.000]    -5.1548 [2.000]    -5.1548 [2.000]
[kpt   0  11   5]    -5.1548 [2.000]    -4.5245 [2.000]    -4.5244 [2.000]    -4.5244 [2.000]    -4.5244 [2.000]
[kpt   0  11   6]    -4.5244 [2.000]    -4.5244 [2.000]    -2.1189 [2.000]    -2.1189 [2.000]    -2.1189 [2.000]
[kpt   0  11   7]    -2.1188 [2.000]    -2.1188 [2.000]    -2.1188 [2.000]    -1.8762 [2.000]    -1.8762 [2.000]
[kpt   0  11   8]    -1.6842 [2.000]    -1.6842 [2.000]    -1.6842 [2.000]    -1.6842 [2.000]    -1.6842 [2.000]
[kpt   0  11   9]    -1.6842 [2.000]    -1.2238 [2.000]    -1.2238 [2.000]    -1.2238 [2.000]    -0.5667 [2.000]
[kpt   0  11  10]    -0.5667 [2.000]    -0.5667 [2.000]    -0.5667 [2.000]    -0.5667 [2.000]    -0.5667 [2.000]
[kpt   0  11  11]     0.3388 [2.000]     0.3388 [2.000]     0.3388 [2.000]     0.3388 [2.000]     0.3388 [2.000]
[kpt   0  11  12]     0.3388 [2.000]     1.1029 [2.000]     1.1029 [2.000]     1.1030 [2.000]     6.7882 [0.000]
[kpt   0  11  13]     9.7573 [0.000]     9.7574 [0.000]     9.7574 [0.000]     9.7575 [0.000]     9.7575 [0.000]
[kpt   0  11  14]     9.7576 [0.000]    10.5926 [0.000]    10.5926 [0.000]    10.5928 [0.000]    12.2045 [0.000]
[kpt   0  11  15]    13.0525 [0.000]    13.0525 [0.000]    13.0526 [0.000]    13.0527 [0.000]



Total charge in supercell =     128.00000000
 quench: [md:   0/100  scf:  11/30  step time:   0.29  scf time:     3.14 secs  RMS[dV]: 1.27e-05 ]


average potential <V> = 9.21e-16
Davidson converged in 2 steps

FERMI ENERGY =      1.10285664 eV
@@ EIGENVALUE SUM     =      -58.367888 Ry
@@ ION_ION            =     -272.916107 Ry
@@ ELECTROSTATIC      =     -286.270369 Ry
@@ VXC                =     -178.432492 Ry
@@ EXC                =     -137.343809 Ry
@@ TOTAL ENERGY       =     -576.465681 Ry
@@ estimated error    =        8.01e-09 Ry
Charge normalization constant -1.0: 8.881784e-16
Charge density mixing: Broyden


KOHN SHAM EIGENVALUES [eV] AT K-POINT [  0]:       0.000000      0.000000      0.000000

[kpt   0  12   0]   -18.8925 [2.000]   -17.9085 [2.000]   -17.9085 [2.000]   -17.9085 [2.000]   -17.9085 [2.000]
[kpt   0  12   1]   -17.9085 [2.000]   -17.9085 [2.000]   -16.5567 [2.000]   -16.5567 [2.000]   -16.5567 [2.000]
[kpt   0  12   2]   -16.5567 [2.000]   -16.5567 [2.000]   -16.5567 [2.000]   -16.5249 [2.000]   -16.5249 [2.000]
[kpt   0  12   3]   -16.5249 [2.000]    -9.3352 [2.000]    -6.9268 [2.000]    -6.9267 [2.000]    -6.9267 [2.000]
[kpt   0  12   4]    -6.9267 [2.000]    -6.9267 [2.000]    -6.9267 [2.000]    -5.1548 [2.000]    -5.1548 [2.000]
[kpt   0  12   5]    -5.1548 [2.000]    -4.5244 [2.000]    -4.5244 [2.000]    -4.5244 [2.000]    -4.5244 [2.000]
[kpt   0  12   6]    -4.5244 [2.000]    -4.5244 [2.000]    -2.1189 [2.000]    -2.1189 [2.000]    -2.1189 [2.000]
[kpt   0  12   7]    -2.1189 [2.000]    -2.1189 [2.000]    -2.1189 [2.000]    -1.8762 [2.000]    -1.8762 [2.000]
[kpt   0  12   8]    -1.6843 [2.000]    -1.6843 [2.000]    -1.6843 [2.000]    -1.6843 [2.000]    -1.6843 [2.000]
[kpt   0  12   9]    -1.6843 [2.000]    -1.2238 [2.000]    -1.2238 [2.000]    -1.2238 [2.000]    -0.5668 [2.000]
[kpt   0  12  10]    -0.5668 [2.000]    -0.5668 [2.000]    -0.5668 [2.000]    -0.5667 [2.000]    -0.5667 [2.000]
[kpt   0  12  11]     0.3387 [2.000]     0.3387 [2.000]     0.3387 [2.000]     0.3387 [2.000]     0.3387 [2.000]
[kpt   0  12  12]     0.3387 [2.000]     1.1028 [2.000]     1.1028 [2.000]     1.1029 [2.000]     6.7882 [0.000]
[kpt   0  12  13]     9.7571 [0.000]     9.7571 [0.000]     9.7572 [0.000]     9.7572 [0.000]     9.7573 [0.000]
[kpt   0  12  14]     9.7573 [0.000]    10.5925 [0.000]    10.5925 [0.000]    10.5926 [0.000]    12.2042 [0.000]
[kpt   0  12  15]    13.0524 [0.000]    13.0525 [0.000]    13.0525 [0.000]    13.0525 [0.000]



Total charge in supercell =     128.00000000
 quench: [md:   0/100  scf:  12/30  step time:   0.24  scf time:     3.38 secs  RMS[dV]: 3.10e-06 ]


average potential <V> = -1.42e-15
Davidson converged in 3 steps

FERMI ENERGY =      1.10285629 eV
@@ EIGENVALUE SUM     =      -58.367799 Ry
@@ ION_ION            =     -272.916107 Ry
@@ ELECTROSTATIC      =     -286.270461 Ry
@@ VXC                =     -178.432515 Ry
@@ EXC                =     -137.343830 Ry
@@ TOTAL ENERGY       =     -576.465681 Ry
@@ estimated error    =        6.01e-10 Ry
Charge normalization constant -1.0: -1.332268e-15
Charge density mixing: Broyden


KOHN SHAM EIGENVALUES [eV] AT K-POINT [  0]:       0.000000      0.000000      0.000000

[kpt   0  13   0]   -18.8925 [2.000]   -17.9085 [2.000]   -17.9085 [2.000]   -17.9085 [2.000]   -17.9085 [2.000]
[kpt   0  13   1]   -17.9085 [2.000]   -17.9084 [2.000]   -16.5567 [2.000]   -16.5567 [2.000]   -16.5567 [2.000]
[kpt   0  13   2]   -16.5567 [2.000]   -16.5567 [2.000]   -16.5567 [2.000]   -16.5249 [2.000]   -16.5249 [2.000]
[kpt   0  13   3]   -16.5249 [2.000]    -9.3352 [2.000]    -6.9267 [2.000]    -6.9267 [2.000]    -6.9267 [2.000]
[kpt   0  13   4]    -6.9267 [2.000]    -6.9267 [2.000]    -6.9267 [2.000]    -5.1548 [2.000]    -5.1548 [2.000]
[kpt   0  13   5]    -5.1548 [2.000]    -4.5244 [2.000]    -4.5244 [2.000]    -4.5244 [2.000]    -4.5244 [2.000]
[kpt   0  13   6]    -4.5244 [2.000]    -4.5244 [2.000]    -2.1189 [2.000]    -2.1189 [2.000]    -2.1189 [2.000]
[kpt   0  13   7]    -2.1189 [2.000]    -2.1189 [2.000]    -2.1189 [2.000]    -1.8762 [2.000]    -1.8762 [2.000]
[kpt   0  13   8]    -1.6843 [2.000]    -1.6843 [2.000]    -1.6843 [2.000]    -1.6843 [2.000]    -1.6843 [2.000]
[kpt   0  13   9]    -1.6843 [2.000]    -1.2238 [2.000]    -1.2238 [2.000]    -1.2238 [2.000]    -0.5668 [2.000]
[kpt   0  13  10]    -0.5668 [2.000]    -0.5668 [2.000]    -0.5667 [2.000]    -0.5667 [2.000]    -0.5667 [2.000]
[kpt   0  13  11]     0.3387 [2.000]     0.3387 [2.000]     0.3387 [2.000]     0.3387 [2.000]     0.3387 [2.000]
[kpt   0  13  12]     0.3387 [2.000]     1.1028 [2.000]     1.1029 [2.000]     1.1029 [2.000]     6.7882 [0.000]
[kpt   0  13  13]     9.7570 [0.000]     9.7570 [0.000]     9.7570 [0.000]     9.7571 [0.000]     9.7571 [0.000]
[kpt   0  13  14]     9.7571 [0.000]    10.5925 [0.000]    10.5925 [0.000]    10.5925 [0.000]    12.2040 [0.000]
[kpt   0  13  15]    13.0524 [0.000]    13.0525 [0.000]    13.0525 [0.000]    13.0525 [0.000]



Total charge in supercell =     128.00000000
 quench: [md:   0/100  scf:  13/30  step time:   0.31  scf time:     3.69 secs  RMS[dV]: 1.89e-06 ]



 Convergence criterion reached: Energy variation (8.02e-11) is lower than threshold (1.00e-10)

potential convergence has been achieved. stopping ...

[   0  14   14        5 ] Quench.cpp: 
@@ TOTAL ENEGY Components 
@@ ION_ION            =     -272.916107 Ry
@@ ELECTROSTATIC      =      286.270461 Ry
@@ EXC                =     -137.343854 Ry
@@ vdw correction     =        0.000000 Ry
@@ LdaU correction    =        0.000000 Ry
@@ total              =        0.000000 Ry
final total energy from eig sum =    -576.46568144 Ry


KOHN SHAM EIGENVALUES [eV] AT K-POINT [  0]:       0.000000      0.000000      0.000000

[kpt   0  14   0]   -18.8925 [2.000]   -17.9085 [2.000]   -17.9085 [2.000]   -17.9085 [2.000]   -17.9085 [2.000]
[kpt   0  14   1]   -17.9085 [2.000]   -17.9084 [2.000]   -16.5567 [2.000]   -16.5567 [2.000]   -16.5567 [2.000]
[kpt   0  14   2]   -16.5567 [2.000]   -16.5567 [2.000]   -16.5567 [2.000]   -16.5249 [2.000]   -16.5249 [2.000]
[kpt   0  14   3]   -16.5249 [2.000]    -9.3352 [2.000]    -6.9267 [2.000]    -6.9267 [2.000]    -6.9267 [2.000]
[kpt   0  14   4]    -6.9267 [2.000]    -6.9267 [2.000]    -6.9267 [2.000]    -5.1548 [2.000]    -5.1548 [2.000]
[kpt   0  14   5]    -5.1548 [2.000]    -4.5244 [2.000]    -4.5244 [2.000]    -4.5244 [2.000]    -4.5244 [2.000]
[kpt   0  14   6]    -4.5244 [2.000]    -4.5244 [2.000]    -2.1189 [2.000]    -2.1189 [2.000]    -2.1189 [2.000]
[kpt   0  14   7]    -2.1189 [2.000]    -2.1189 [2.000]    -2.1189 [2.000]    -1.8762 [2.000]    -1.8762 [2.000]
[kpt   0  14   8]    -1.6843 [2.000]    -1.6843 [2.000]    -1.6843 [2.000]    -1.6843 [2.000]    -1.6843 [2.000]
[kpt   0  14   9]    -1.6843 [2.000]    -1.2238 [2.000]    -1.2238 [2.000]    -1.2238 [2.000]    -0.5668 [2.000]
[kpt   0  14  10]    -0.5668 [2.000]    -0.5668 [2.000]    -0.5667 [2.000]    -0.5667 [2.000]    -0.5667 [2.000]
[kpt   0  14  11]     0.3387 [2.000]     0.3387 [2.000]     0.3387 [2.000]     0.3387 [2.000]     0.3387 [2.000]
[kpt   0  14  12]     0.3387 [2.000]     1.1028 [2.000]     1.1029 [2.000]     1.1029 [2.000]     6.7882 [0.000]
[kpt   0  14  13]     9.7570 [0.000]     9.7570 [0.000]     9.7570 [0.000]     9.7571 [0.000]     9.7571 [0.000]
[kpt   0  14  14]     9.7571 [0.000]    10.5925 [0.000]    10.5925 [0.000]    10.5925 [0.000]    12.2040 [0.000]
[kpt   0  14  15]    13.0524 [0.000]    13.0525 [0.000]    13.0525 [0.000]    13.0525 [0.000]



Total charge in supercell =     128.00000000
 volume and energy per atom =        15.03933867       -326.80061060 eV

 Vdd took 0.000203 seconds
WriteRestart: Output file given as /dev/null, no restart data written ...



  IONIC POSITIONS [a0] AND FORCES [Ry/a0]
  Charge analysis using: Voronoi Deformation Density

@ION  Ion  Species       X           Y           Z       Charge       FX          FY         FZ      Movable
@ION    1    Si      0.0000000   0.0000000   0.0000000    0.448   -0.0000001  -0.0000002  -0.0000000  1 1 1
@ION    2    Si      3.3637125   3.3637125   3.3637125    0.444    0.0000001   0.0000002   0.0000000  1 1 1
@ION    3    Si     10.0911375   3.3637125  10.0911375    0.445    0.0000001   0.0000000   0.0000000  1 1 1
@ION    4    Si      3.3637125  10.0911375  10.0911375    0.445   -0.0000001   0.0000002   0.0000002  1 1 1
@ION    5    Si     10.0911375  10.0911375   3.3637125    0.447    0.0000001   0.0000002  -0.0000001  1 1 1
@ION    6    Si      0.0000000   6.7274250   6.7274250    0.450    0.0000000  -0.0000002  -0.0000001  1 1 1
@ION    7    Si      6.7274250   0.0000000   6.7274250    0.450   -0.0000000  -0.0000000  -0.0000001  1 1 1
@ION    8    Si      6.7274250   6.7274250   0.0000000    0.448   -0.0000002  -0.0000002   0.0000001  1 1 1
@ION    9     O      1.6818563   1.6818563   1.6818563   -0.217   -0.0000000  -0.0000000   0.0000000  1 1 1
@ION   10     O     11.7729938   1.6818563  11.7729938   -0.219   -0.0000002   0.0000000  -0.0000002  1 1 1
@ION   11     O      1.6818563  11.7729938  11.7729938   -0.223    0.0000001  -0.0000002  -0.0000002  1 1 1
@ION   12     O     11.7729938  11.7729938   1.6818563   -0.227   -0.0000002  -0.0000002   0.0000002  1 1 1
@ION   13     O      1.6818563   8.4092813   8.4092813   -0.218   -0.0000001  -0.0000001  -0.0000000  1 1 1
@ION   14     O      8.4092813   1.6818563   8.4092813   -0.218   -0.0000000  -0.0000000  -0.0000000  1 1 1
@ION   15     O      8.4092813   8.4092813   1.6818563   -0.221   -0.0000000   0.0000000  -0.0000000  1 1 1
@ION   16     O     11.7729938   8.4092813   5.0455688   -0.221    0.0000000  -0.0000000   0.0000000  1 1 1
@ION   17     O      5.0455688   1.6818563   5.0455688   -0.220    0.0000002  -0.0000000   0.0000002  1 1 1
@ION   18     O      5.0455688   8.4092813  11.7729938   -0.221   -0.0000001   0.0000000   0.0000000  1 1 1
@ION   19     O      1.6818563   5.0455688   5.0455688   -0.227   -0.0000001   0.0000001   0.0000001  1 1 1
@ION   20     O      8.4092813  11.7729938   5.0455688   -0.228    0.0000000   0.0000000   0.0000000  1 1 1
@ION   21     O      8.4092813   5.0455688  11.7729938   -0.225   -0.0000000  -0.0000001  -0.0000001  1 1 1
@ION   22     O     11.7729938   5.0455688   8.4092813   -0.230   -0.0000000  -0.0000000  -0.0000000  1 1 1
@ION   23     O      5.0455688  11.7729938   8.4092813   -0.230    0.0000000   0.0000000   0.0000000  1 1 1
@ION   24     O      5.0455688   5.0455688   1.6818563   -0.232    0.0000001   0.0000001  -0.0000001  1 1 1

 mean FX      =   0.00000008 Ry/a0
 mean FY      =   0.00000009 Ry/a0
 mean FZ      =   0.00000007 Ry/a0

 max FX       =   0.00000021 Ry/a0   (ion 10)
 max FY       =   0.00000022 Ry/a0   (ion 12)
 max FZ       =   0.00000019 Ry/a0   (ion 10)
 max F[x,y,z] =   0.00000022 Ry/a0
 max |F|      =   0.00000034 Ry/a0   (ion 12)

 sum FX       =  -0.00000026 Ry/a0
 sum FY       =  -0.00000028 Ry/a0
 sum FZ       =  -0.00000010 Ry/a0
 Average      =   0.00000022 Ry/a0
 sqrt < F^2 > =   0.00000011 Ry/a0

WriteRestart: Output file given as /dev/null, no restart data written ...


--------TIMING INFORMATION FOR Processor owned the most atoms----------------
                                        Total time               Per SCF/step

1-TOTAL                                             5.03                0.36
-----------------------------------------------------------------------------
  1-TOTAL: Init                                     1.00                0.07
  1-TOTAL: run                                      4.03                0.29
  ---------------------------------------------------------------------------
    1-TOTAL: run: Force                             0.33                0.02
    1-TOTAL: run: Scf steps                         3.62                0.26

2-Force                                             0.33                0.02
-----------------------------------------------------------------------------
  2-Force: core correction                          0.00                0.00
  2-Force: corrections                              0.08                0.01
  2-Force: ion-ion                                  0.05                0.00
  2-Force: local                                    0.08                0.01
  2-Force: non-local                                0.12                0.01
  2-Force: non-local-betaxpsi                       0.02                0.00
  2-Force: non-local-get gamma                      0.00                0.00
  2-Force: non-local-nlforce_par_Q                  0.01                0.00
  2-Force: non-local-nlforce_par_gamma              0.00                0.00
  2-Force: non-local-nlforce_par_omega              0.00                0.00
  2-Force: non-local-partial gamma                  0.00                0.00
  2-Force: non-local-veff grad                      0.01                0.00

2-Init                                              1.00                0.07
-----------------------------------------------------------------------------
  2-Init: GetNewRho                                 0.02                0.00
  2-Init: KpointClass                               0.40                0.03
  2-Init: LcaoGetPsi                                0.03                0.00
  2-Init: LcaoGetRho                                0.06                0.00
  2-Init: ReinitIonicPotentials                     0.10                0.01
  2-Init: betaxpsi                                  0.01                0.00
  2-Init: exchange/correlation                      0.02                0.00
  2-Init: hartree                                   0.01                0.00
  2-Init: normalization                             0.00                0.00
  2-Init: radial potentials                         0.22                0.02
  2-Init: subdiag                                   0.03                0.00
  2-Init: weights                                   0.00                0.00

2-Scf steps                                         3.62                0.26
-----------------------------------------------------------------------------
  2-Scf steps: Davidson                             2.16                0.15
  2-Scf steps: GetNewRho                            0.31                0.02
  2-Scf steps: Hartree                              0.24                0.02
  2-Scf steps: MgridSubspace                        0.57                0.04
  2-Scf steps: MixRho                               0.02                0.00
  2-Scf steps: exchange/correlation                 0.22                0.02

3-MgridSubspace                                     0.57                0.04
-----------------------------------------------------------------------------
  3-MgridSubspace: AppNls                           0.05                0.00
  3-MgridSubspace: Beta x psi                       0.07                0.00
  3-MgridSubspace: Diagonalization                  0.10                0.01
  3-MgridSubspace: Mg_eig                           0.36                0.03

3-ReinitIonicPotentials                             0.10                0.01
-----------------------------------------------------------------------------
  3-ReinitIonicPotentials: GetNlop                  0.00                0.00
  3-ReinitIonicPotentials: GetWeight                0.06                0.00
  3-ReinitIonicPotentials: get_QI                   0.00                0.00
  3-ReinitIonicPotentials: get_qqq                  0.00                0.00
  3-ReinitIonicPotentials: init_nuc                 0.04                0.00

4-Diagonalization                                   0.13                0.01
-----------------------------------------------------------------------------
  4-Diagonalization: ELPA/PDSYGVX/PZHEGVX           0.01                0.00
  4-Diagonalization: Hpsi                           0.07                0.01
  4-Diagonalization: MPI_Bcast                      0.00                0.00
  4-Diagonalization: Update orbitals                0.02                0.00
  ---------------------------------------------------------------------------
    4-Diagonalization: Update orbitals: gather           0.00                0.00
    4-Diagonalization: Update orbitals: gemm           0.01                0.00
  4-Diagonalization: matrix                         0.02                0.00
  ---------------------------------------------------------------------------
    4-Diagonalization: matrix: Allreduce            0.00                0.00
    4-Diagonalization: matrix: Gemm                 0.02                0.00

5-Functional                                        0.24                0.02
-----------------------------------------------------------------------------
  5-Functional: apply gradient                      0.02                0.00
  5-Functional: apply laplacian                     0.01                0.00
  5-Functional: libxc                               0.10                0.01
  5-Functional: vxc                                 0.24                0.02
  5-Functional: vxc grad                            0.13                0.01
  5-Functional: vxc local                           0.03                0.00
  5-Functional: vxc nonlocal                        0.00                0.00

6-Davidson                                          2.16                0.15
-----------------------------------------------------------------------------
  6-Davidson: Betaxpsi                              0.24                0.02
  6-Davidson: apply hamiltonian                     0.40                0.03
  6-Davidson: diagonalization                       0.31                0.02
  6-Davidson: generate residuals                    0.16                0.01
  6-Davidson: matrix setup/reduce                   0.28                0.02
  6-Davidson: normalization                         0.01                0.00
  6-Davidson: precondition                          0.63                0.05
  6-Davidson: rotate orbitals                       0.07                0.01

AppNls                                              0.27                0.02
-----------------------------------------------------------------------------
  AppNls: data_rearrange                            0.00                0.00
  ---------------------------------------------------------------------------
    AppNls: data_rearrange: alloc and zeros           0.00                0.00
    AppNls: data_rearrange: dnm                     0.00                0.00
    AppNls: data_rearrange: sint                    0.00                0.00
  AppNls: nv                                        0.23                0.02
  AppNls: nv_work                                   0.00                0.00

App_gradient                                        0.02                0.00

CPUFD                                               0.00                0.00

Compute Hpsi                                        0.07                0.01
-----------------------------------------------------------------------------
  Compute Hpsi: AppNls                              0.03                0.00
  Compute Hpsi: Threaded Apply H                    0.04                0.00

GlobalSums                                          0.14                0.01

Init                                                0.60                0.04

Init Voronoi                                        0.07                0.00

Mix rho                                             0.02                0.00
-----------------------------------------------------------------------------
  Mix rho: Broyden                                  0.02                0.00
  Mix rho: Linear                                   0.00                0.00

Orbital                                             0.00                0.00
-----------------------------------------------------------------------------
  Orbital: phase and set                            0.00                0.00
  Orbital: proj cal                                 0.00                0.00
  Trade images: trade_images                        0.00                0.00
  Trade images: trade_imagesx                       0.03                0.00

VhPfft                                              0.12                0.01

Weight                                              0.00                0.00

radial beta                                         0.18                0.01


------------------------- TIMING INFORMATION FOR THREADS  -------------------

                                           Min            Max            Avg
CPUFD                                      0.08           0.08           0.08
-----------------------------------------------------------------------------

GlobalSums                                 0.07           0.07           0.07
-----------------------------------------------------------------------------

Mg_eig                                     0.35           0.35           0.35
-----------------------------------------------------------------------------
  Mg_eig: apply hamiltonian                0.14           0.14           0.14
  Mg_eig: mgrid_solv                       0.13           0.13           0.13
  Trade images: trade_images               0.55           0.55           0.55
  Trade images: trade_imagesx              0.38           0.38           0.38
