RMG initialization ... 1 image(s) total, 1 per node. 32 MPI processes/image. Thread level 2.
FFT-FD  0.000000e+00   7.854722e-01   7.854652e-01   7.051684e-06
FFT-FD  1.000000e+00   7.854722e-01   7.854652e-01   7.051684e-06
IP=0 M = 0.000000e+00  -inf  7.051684e-06
FFT-FD  0.000000e+00   2.257197e+00   2.257167e+00   3.084431e-05
FFT-FD  1.000000e+00   2.257197e+00   2.257167e+00   3.084431e-05
IP=1 M = 0.000000e+00  -inf  3.084431e-05
FFT-FD  0.000000e+00   2.257197e+00   2.257167e+00   3.084431e-05
FFT-FD  1.000000e+00   2.257197e+00   2.257167e+00   3.084431e-05
IP=2 M = 0.000000e+00  -inf  3.084431e-05
FFT-FD  0.000000e+00   2.257197e+00   2.257167e+00   3.084431e-05
FFT-FD  1.000000e+00   2.257197e+00   2.257167e+00   3.084431e-05
IP=3 M = 0.000000e+00  -inf  3.084431e-05
FFT-FD  0.000000e+00   2.678435e-01   2.678434e-01   6.852128e-09
FFT-FD  1.000000e+00   2.678435e-01   2.678434e-01   6.852128e-09
IP=0 M = 0.000000e+00  -inf  6.852128e-09
FFT-FD  0.000000e+00   3.882435e-01   3.882435e-01   1.019687e-10
FFT-FD  1.000000e+00   3.882435e-01   3.882435e-01   1.019687e-10
IP=1 M = 0.000000e+00  -inf  1.019687e-10
FFT-FD  0.000000e+00   3.882435e-01   3.882435e-01   1.019689e-10
FFT-FD  1.000000e+00   3.882435e-01   3.882435e-01   1.019689e-10
IP=2 M = 0.000000e+00  -inf  1.019689e-10
FFT-FD  0.000000e+00   3.882435e-01   3.882435e-01   1.019683e-10
FFT-FD  1.000000e+00   3.882435e-01   3.882435e-01   1.019683e-10
IP=3 M = 0.000000e+00  -inf  1.019683e-10
NEWCFAC = 0.000000  0.000000


                     * * * * * * * * * *
                     *    R   M   G    *
                     * * * * * * * * * *

     -- A Real Space Multigrid Electronic structure code --
     --      More information at www.rmgdft.org          --

Code Revision:     v5.1.0_53_g887bfc3b
Build Date:        May 15 2023  14:30:00
Start time:        Tue May 16 15:17:19 2023

NOTICE: RMG internal pseudopotentials have switched to
ONCVP from Ultrasoft. You can revert to Ultrasoft by
adding the input tag internal_pseudo_type="ultrasoft" to
your input files.


Files
   Control input file:        input5
   Data output file:          /dev/null

Run Setup
    Calculation type:         Quench electrons - Fixed ions SCF calculation
    Description:              SiO2
    Orbital Initialization:   LCAO (96 LCAO and 0 random orbitals)
    Exchange Correlation:     pbe
    Spin Polarization:        OFF
    System charge:            Neutral

Processor Topology
   Total PEs:                 32
   X direction:               4
   Y direction:               4
   Z direction:               2
   MG Threads/PE:             1
   OMP Threads/PE:            1

Grid Points  (Linear Anisotropy: 1.000)
    X:  Total: 56   Per PE: 14   Spacing:0.240 a0  
    Y:  Total: 56   Per PE: 14   Spacing:0.240 a0  
    Z:  Total: 56   Per PE: 28   Spacing:0.240 a0  

    Equivalent energy cutoffs (psi,rho):   170.969    683.877 Ry

    Charge density grid:         2 times finer

Coordinate planes
  Planar Anisotropy: 1.000
  A0-A1 density:    17.323
  A0-A2 density:    17.323
  A1-A2 density:    17.323


Lattice (Cell) Setup
    Type:                       Orthorhombic_primitive
    Volume (a0^3):               2435.77
    Boundary conditions:        Periodic

    X Basis Vector:      13.455       0.000       0.000 a0
    Y Basis Vector:       0.000      13.455       0.000 a0
    Z Basis Vector:       0.000       0.000      13.455 a0
    X Reci Vector:       0.074      -0.000       0.000 a0
    Y Reci Vector:       0.000       0.074       0.000 a0
    Z Reci Vector:       0.000      -0.000       0.074 a0

K-points
    Gamma Point Only (real orbitals)

Atoms and States
    Number of ions:                          24
    Number of species:                       2
    Number of states:                        79

Run Parameters
    SCF Convergence criterion (potential):   1.00e-10
    SCF Convergence criterion (energy):      1.00e-10
    Max SCF steps:                           30

SCF Cycle Settings
    Charge density mixing:                   Broyden
    Hartree Solver:                          PFFT
    Interpolation type:                      FFT

Finite Difference parameters
    Kohn Sham FD Order:                      12  
    Force Gradient Order:                    FFT
    Adaptive Finite Differencing:            Off

Subspace Diagonalization Options
    Frequency:                               every 1 SCF step(s)
    Driver:                                  ScaLapack
    Initial diagonalization:                 ON
    Folded spectrum:                         OFF

Filtering Cutoff  Parameters
    Wavefunction grid (cparm):               0.800
    Charge density grid (rhocparm):          1.000
    Filter factor:                           1.000

Multigrid (MG) Parameters
    Psi MG levels:                           3
    Psi global step:                         0.660 
    Psi pre:                                 2
    Psi post:                                2

Davidson Parameters
    Davidson multiplier:                     4
    Davidson max step:                       8
    Davidson unocc tol factor:               1000.000

Blas Libraries
    CPU support with openblas-parallel.


Atomic Species Information
(PP = Pseudopotential, US = Ultrasoft, NC = Norm Conserving)
-------------------------------------------------------------------------
|Index|Symbol| Mass|Valence| PP |  Comp  |Local| Local|Nlocal|    PP    |
|     |      |     |       |Type|Gaussian|  l  |Radius|Radius|Functional|
-------------------------------------------------------------------------
|    1|     O| 15.0|   6.00|  NC|    0.50|   -1| 10.00|  7.00|       PBE|
|    2|    Si| 28.0|   4.00|  NC|    0.50|   -1| 10.00|  7.00|       PBE|
-------------------------------------------------------------------------

Pseudopotential generation information:
   O pseudopotential file: ./@Internal
      Generation info     : Generated using ONCVPSP code by D. R. Hamann
      Author info         : anonymous
  Si pseudopotential file: ./@Internal
      Generation info     : Generated using ONCVPSP code by D. R. Hamann
      Author info         : anonymous


Memory usage (Mbytes):     Min        Max       Total
    wave functions         13.87      13.87     443.99
    beta-functions          8.43       8.43     269.78



Initial Ionic Positions And Displacements (Bohr)
Species      X           Y           Z           dX          dY          dZ
  Si       0.0000      0.0000      0.0000      0.0000      0.0000      0.0000
  Si       3.3637      3.3637      3.3637      0.0000      0.0000      0.0000
  Si      10.0911      3.3637     10.0911      0.0000      0.0000      0.0000
  Si       3.3637     10.0911     10.0911      0.0000      0.0000      0.0000
  Si      10.0911     10.0911      3.3637      0.0000      0.0000      0.0000
  Si       0.0000      6.7274      6.7274      0.0000      0.0000      0.0000
  Si       6.7274      0.0000      6.7274      0.0000      0.0000      0.0000
  Si       6.7274      6.7274      0.0000      0.0000      0.0000      0.0000
  O        1.6819      1.6819      1.6819      0.0000      0.0000      0.0000
  O       11.7730      1.6819     11.7730      0.0000      0.0000      0.0000
  O        1.6819     11.7730     11.7730      0.0000      0.0000      0.0000
  O       11.7730     11.7730      1.6819      0.0000      0.0000      0.0000
  O        1.6819      8.4093      8.4093      0.0000      0.0000      0.0000
  O        8.4093      1.6819      8.4093      0.0000      0.0000      0.0000
  O        8.4093      8.4093      1.6819      0.0000      0.0000      0.0000
  O       11.7730      8.4093      5.0456      0.0000      0.0000      0.0000
  O        5.0456      1.6819      5.0456      0.0000      0.0000      0.0000
  O        5.0456      8.4093     11.7730      0.0000      0.0000      0.0000
  O        1.6819      5.0456      5.0456      0.0000      0.0000      0.0000
  O        8.4093     11.7730      5.0456      0.0000      0.0000      0.0000
  O        8.4093      5.0456     11.7730      0.0000      0.0000      0.0000
  O       11.7730      5.0456      8.4093      0.0000      0.0000      0.0000
  O        5.0456     11.7730      8.4093      0.0000      0.0000      0.0000
  O        5.0456      5.0456      1.6819      0.0000      0.0000      0.0000


Initial Ionic Positions And Displacements (Angstrom)
Species      X           Y           Z           dX          dY          dZ
  Si       0.0000      0.0000      0.0000      0.0000      0.0000      0.0000
  Si       1.7800      1.7800      1.7800      0.0000      0.0000      0.0000
  Si       5.3400      1.7800      5.3400      0.0000      0.0000      0.0000
  Si       1.7800      5.3400      5.3400      0.0000      0.0000      0.0000
  Si       5.3400      5.3400      1.7800      0.0000      0.0000      0.0000
  Si       0.0000      3.5600      3.5600      0.0000      0.0000      0.0000
  Si       3.5600      0.0000      3.5600      0.0000      0.0000      0.0000
  Si       3.5600      3.5600      0.0000      0.0000      0.0000      0.0000
  O        0.8900      0.8900      0.8900      0.0000      0.0000      0.0000
  O        6.2300      0.8900      6.2300      0.0000      0.0000      0.0000
  O        0.8900      6.2300      6.2300      0.0000      0.0000      0.0000
  O        6.2300      6.2300      0.8900      0.0000      0.0000      0.0000
  O        0.8900      4.4500      4.4500      0.0000      0.0000      0.0000
  O        4.4500      0.8900      4.4500      0.0000      0.0000      0.0000
  O        4.4500      4.4500      0.8900      0.0000      0.0000      0.0000
  O        6.2300      4.4500      2.6700      0.0000      0.0000      0.0000
  O        2.6700      0.8900      2.6700      0.0000      0.0000      0.0000
  O        2.6700      4.4500      6.2300      0.0000      0.0000      0.0000
  O        0.8900      2.6700      2.6700      0.0000      0.0000      0.0000
  O        4.4500      6.2300      2.6700      0.0000      0.0000      0.0000
  O        4.4500      2.6700      6.2300      0.0000      0.0000      0.0000
  O        6.2300      2.6700      4.4500      0.0000      0.0000      0.0000
  O        2.6700      6.2300      4.4500      0.0000      0.0000      0.0000
  O        2.6700      2.6700      0.8900      0.0000      0.0000      0.0000

Diagonalization using scalapack for step=0  count=0



KOHN SHAM EIGENVALUES [eV] AT K-POINT [  0]:       0.000000      0.000000      0.000000

[kpt   0  -1   0]   -22.2078 [2.000]   -21.3862 [2.000]   -21.3862 [2.000]   -21.3862 [2.000]   -21.3862 [2.000]
[kpt   0  -1   1]   -21.3862 [2.000]   -21.3862 [2.000]   -20.2920 [2.000]   -20.2920 [2.000]   -20.2920 [2.000]
[kpt   0  -1   2]   -20.2721 [2.000]   -20.2721 [2.000]   -20.2721 [2.000]   -20.2721 [2.000]   -20.2721 [2.000]
[kpt   0  -1   3]   -20.2721 [2.000]   -11.9740 [2.000]    -9.8968 [2.000]    -9.8968 [2.000]    -9.8968 [2.000]
[kpt   0  -1   4]    -9.8968 [2.000]    -9.8968 [2.000]    -9.8968 [2.000]    -8.2251 [2.000]    -8.2251 [2.000]
[kpt   0  -1   5]    -8.2251 [2.000]    -7.9105 [2.000]    -7.9105 [2.000]    -7.9105 [2.000]    -7.9105 [2.000]
[kpt   0  -1   6]    -7.9105 [2.000]    -7.9105 [2.000]    -5.0352 [2.000]    -5.0352 [2.000]    -5.0352 [2.000]
[kpt   0  -1   7]    -5.0352 [2.000]    -5.0352 [2.000]    -5.0352 [2.000]    -4.9404 [2.000]    -4.9404 [2.000]
[kpt   0  -1   8]    -4.7500 [2.000]    -4.7500 [2.000]    -4.7500 [2.000]    -4.7500 [2.000]    -4.7500 [2.000]
[kpt   0  -1   9]    -4.7500 [2.000]    -4.5195 [2.000]    -4.5195 [2.000]    -4.5195 [2.000]    -3.9895 [2.000]
[kpt   0  -1  10]    -3.9895 [2.000]    -3.9895 [2.000]    -3.9895 [2.000]    -3.9895 [2.000]    -3.9895 [2.000]
[kpt   0  -1  11]    -3.4088 [2.000]    -3.4088 [2.000]    -3.4088 [2.000]    -3.4088 [2.000]    -3.4088 [2.000]
[kpt   0  -1  12]    -3.4088 [2.000]    -2.9364 [2.000]    -2.9364 [2.000]    -2.9364 [2.000]     7.6040 [0.000]
[kpt   0  -1  13]    10.2745 [0.000]    10.2745 [0.000]    10.2745 [0.000]    10.2745 [0.000]    10.2745 [0.000]
[kpt   0  -1  14]    10.2745 [0.000]    12.4075 [0.000]    12.4075 [0.000]    12.4075 [0.000]    13.3729 [0.000]
[kpt   0  -1  15]    13.3729 [0.000]    13.3729 [0.000]    13.3729 [0.000]    13.3729 [0.000]    13.3729 [0.000]
[kpt   0  -1  16]    15.0422 [0.000]    15.0422 [0.000]    15.0422 [0.000]    15.0422 [0.000]    15.0422 [0.000]
[kpt   0  -1  17]    15.0422 [0.000]    15.3619 [0.000]    15.3619 [0.000]    15.3619 [0.000]    15.3619 [0.000]
[kpt   0  -1  18]    15.3619 [0.000]    15.3619 [0.000]    16.6463 [0.000]    16.6463 [0.000]    16.6463 [0.000]
[kpt   0  -1  19]    17.2073 [0.000]


Charge normalization constant -1.0: -5.995204e-15
Charge density mixing: Linear with a constant of 0.50 

Diagonalization using scalapack for step=0  count=1


FERMI ENERGY =     -0.05638540 eV
@@ EIGENVALUE SUM     =      -65.465446 Ry
@@ ION_ION            =     -272.916107 Ry
@@ ELECTROSTATIC      =     -284.878488 Ry
@@ VXC                =     -179.073873 Ry
@@ EXC                =     -137.840370 Ry
@@ TOTAL ENERGY       =     -582.026537 Ry
@@ estimated error    =   ****************
Charge normalization constant -1.0: 4.440892e-16
Charge density mixing: Linear with a constant of 0.50 
WriteRestart: Output file given as /dev/null, no restart data written ...


KOHN SHAM EIGENVALUES [eV] AT K-POINT [  0]:       0.000000      0.000000      0.000000

[kpt   0   0   0]   -19.6192 [2.000]   -18.6589 [2.000]   -18.6528 [2.000]   -18.6498 [2.000]   -18.6480 [2.000]
[kpt   0   0   1]   -18.6458 [2.000]   -18.6435 [2.000]   -17.3606 [2.000]   -17.3551 [2.000]   -17.3518 [2.000]
[kpt   0   0   2]   -17.3511 [2.000]   -17.3490 [2.000]   -17.3478 [2.000]   -17.3456 [2.000]   -17.3419 [2.000]
[kpt   0   0   3]   -17.3413 [2.000]    -9.5692 [2.000]    -7.3417 [2.000]    -7.3335 [2.000]    -7.3325 [2.000]
[kpt   0   0   4]    -7.3314 [2.000]    -7.3305 [2.000]    -7.3288 [2.000]    -5.7637 [2.000]    -5.7603 [2.000]
[kpt   0   0   5]    -5.7598 [2.000]    -5.0591 [2.000]    -5.0586 [2.000]    -5.0576 [2.000]    -5.0556 [2.000]
[kpt   0   0   6]    -5.0553 [2.000]    -5.0533 [2.000]    -2.8757 [2.000]    -2.8743 [2.000]    -2.8727 [2.000]
[kpt   0   0   7]    -2.8712 [2.000]    -2.8702 [2.000]    -2.8697 [2.000]    -2.6688 [2.000]    -2.6688 [2.000]
[kpt   0   0   8]    -2.5448 [2.000]    -2.5436 [2.000]    -2.5428 [2.000]    -2.5414 [2.000]    -2.5402 [2.000]
[kpt   0   0   9]    -2.5133 [2.000]    -1.9335 [2.000]    -1.9333 [2.000]    -1.9305 [2.000]    -1.4670 [2.000]
[kpt   0   0  10]    -1.4661 [2.000]    -1.4659 [2.000]    -1.4648 [2.000]    -1.4640 [2.000]    -1.4632 [2.000]
[kpt   0   0  11]    -0.6589 [2.000]    -0.6583 [2.000]    -0.6578 [2.000]    -0.6560 [2.000]    -0.6551 [2.000]
[kpt   0   0  12]    -0.6546 [2.000]    -0.0584 [2.000]    -0.0571 [2.000]    -0.0564 [2.000]     8.3833 [0.000]
[kpt   0   0  13]    10.9315 [0.000]    10.9319 [0.000]    10.9334 [0.000]    10.9351 [0.000]    10.9371 [0.000]
[kpt   0   0  14]    10.9390 [0.000]    12.1251 [0.000]    12.1265 [0.000]    12.1268 [0.000]    13.9045 [0.000]
[kpt   0   0  15]    13.9046 [0.000]    13.9065 [0.000]    13.9093 [0.000]    13.9127 [0.000]



Total charge in supercell =     128.00000000
 quench: [md:   0/100  scf:   0/30  step time:   0.36  scf time:     0.46 secs  RMS[dV]: 5.24e-02 ]


average potential <V> = 1.28e-15

Diagonalization using scalapack for step=1  count=2


FERMI ENERGY =      1.41530766 eV
@@ EIGENVALUE SUM     =      -54.889792 Ry
@@ ION_ION            =     -272.916107 Ry
@@ ELECTROSTATIC      =     -296.839510 Ry
@@ VXC                =     -182.210907 Ry
@@ EXC                =     -140.277345 Ry
@@ TOTAL ENERGY       =     -582.711845 Ry
@@ estimated error    =        6.19e-01 Ry
Charge normalization constant -1.0: 2.220446e-15
Charge density mixing: Linear with a constant of 0.50 


KOHN SHAM EIGENVALUES [eV] AT K-POINT [  0]:       0.000000      0.000000      0.000000

[kpt   0   1   0]   -18.4872 [2.000]   -17.4570 [2.000]   -17.4562 [2.000]   -17.4492 [2.000]   -17.4491 [2.000]
[kpt   0   1   1]   -17.4463 [2.000]   -17.4407 [2.000]   -15.9895 [2.000]   -15.9845 [2.000]   -15.9823 [2.000]
[kpt   0   1   2]   -15.9796 [2.000]   -15.9772 [2.000]   -15.9738 [2.000]   -15.9567 [2.000]   -15.9491 [2.000]
[kpt   0   1   3]   -15.9407 [2.000]    -9.2615 [2.000]    -6.7443 [2.000]    -6.7398 [2.000]    -6.7394 [2.000]
[kpt   0   1   4]    -6.7345 [2.000]    -6.7322 [2.000]    -6.7306 [2.000]    -4.9425 [2.000]    -4.9407 [2.000]
[kpt   0   1   5]    -4.9382 [2.000]    -4.2703 [2.000]    -4.2688 [2.000]    -4.2658 [2.000]    -4.2642 [2.000]
[kpt   0   1   6]    -4.2602 [2.000]    -4.2576 [2.000]    -1.7210 [2.000]    -1.7201 [2.000]    -1.7146 [2.000]
[kpt   0   1   7]    -1.7105 [2.000]    -1.7041 [2.000]    -1.7036 [2.000]    -1.4465 [2.000]    -1.4465 [2.000]
[kpt   0   1   8]    -1.3644 [2.000]    -1.3638 [2.000]    -1.3619 [2.000]    -1.3586 [2.000]    -1.3547 [2.000]
[kpt   0   1   9]    -1.3444 [2.000]    -0.7989 [2.000]    -0.7975 [2.000]    -0.7965 [2.000]    -0.1936 [2.000]
[kpt   0   1  10]    -0.1860 [2.000]    -0.1853 [2.000]    -0.1781 [2.000]    -0.1749 [2.000]    -0.1639 [2.000]
[kpt   0   1  11]     0.6854 [2.000]     0.6895 [2.000]     0.6904 [2.000]     0.6928 [2.000]     0.6934 [2.000]
[kpt   0   1  12]     0.6994 [2.000]     1.4114 [2.000]     1.4147 [2.000]     1.4153 [2.000]     8.7551 [0.000]
[kpt   0   1  13]    11.2898 [0.000]    11.2922 [0.000]    11.2949 [0.000]    11.2975 [0.000]    11.3031 [0.000]
[kpt   0   1  14]    11.3041 [0.000]    11.7693 [0.000]    11.7726 [0.000]    11.7769 [0.000]    14.1196 [0.000]
[kpt   0   1  15]    14.1203 [0.000]    14.1228 [0.000]    14.1248 [0.000]    46.7719 [0.000]



Total charge in supercell =     128.00000000
 quench: [md:   0/100  scf:   1/30  step time:   0.31  scf time:     0.77 secs  RMS[dV]: 2.99e-02 ]


average potential <V> = -5.33e-16

Diagonalization using scalapack for step=2  count=3


FERMI ENERGY =      1.76016861 eV
@@ EIGENVALUE SUM     =      -53.261803 Ry
@@ ION_ION            =     -272.916107 Ry
@@ ELECTROSTATIC      =     -295.909729 Ry
@@ VXC                =     -181.676733 Ry
@@ EXC                =     -139.859125 Ry
@@ TOTAL ENERGY       =     -580.270030 Ry
@@ estimated error    =        1.99e-01 Ry
Charge normalization constant -1.0: -2.220446e-15
Charge density mixing: Linear with a constant of 0.50 


KOHN SHAM EIGENVALUES [eV] AT K-POINT [  0]:       0.000000      0.000000      0.000000

[kpt   0   2   0]   -18.3584 [2.000]   -17.3286 [2.000]   -17.3200 [2.000]   -17.3186 [2.000]   -17.3164 [2.000]
[kpt   0   2   1]   -17.3112 [2.000]   -17.2987 [2.000]   -15.8483 [2.000]   -15.8419 [2.000]   -15.8398 [2.000]
[kpt   0   2   2]   -15.8347 [2.000]   -15.8313 [2.000]   -15.8238 [2.000]   -15.8026 [2.000]   -15.7904 [2.000]
[kpt   0   2   3]   -15.7813 [2.000]    -9.1844 [2.000]    -6.6419 [2.000]    -6.6383 [2.000]    -6.6376 [2.000]
[kpt   0   2   4]    -6.6340 [2.000]    -6.6334 [2.000]    -6.6301 [2.000]    -4.8203 [2.000]    -4.8191 [2.000]
[kpt   0   2   5]    -4.8136 [2.000]    -4.1636 [2.000]    -4.1615 [2.000]    -4.1589 [2.000]    -4.1569 [2.000]
[kpt   0   2   6]    -4.1549 [2.000]    -4.1501 [2.000]    -1.5605 [2.000]    -1.5586 [2.000]    -1.5549 [2.000]
[kpt   0   2   7]    -1.5508 [2.000]    -1.5458 [2.000]    -1.5406 [2.000]    -1.2781 [2.000]    -1.2776 [2.000]
[kpt   0   2   8]    -1.1653 [2.000]    -1.1552 [2.000]    -1.1504 [2.000]    -1.1490 [2.000]    -1.1470 [2.000]
[kpt   0   2   9]    -1.1466 [2.000]    -0.6392 [2.000]    -0.6338 [2.000]    -0.6304 [2.000]     0.0371 [2.000]
[kpt   0   2  10]     0.0463 [2.000]     0.0473 [2.000]     0.0580 [2.000]     0.0596 [2.000]     0.0637 [2.000]
[kpt   0   2  11]     0.9597 [2.000]     0.9658 [2.000]     0.9660 [2.000]     0.9700 [2.000]     0.9718 [2.000]
[kpt   0   2  12]     0.9809 [2.000]     1.7541 [2.000]     1.7563 [2.000]     1.7602 [2.000]     8.4888 [0.000]
[kpt   0   2  13]    11.1590 [0.000]    11.1598 [0.000]    11.1618 [0.000]    11.1652 [0.000]    11.1710 [0.000]
[kpt   0   2  14]    11.1717 [0.000]    11.4053 [0.000]    11.4094 [0.000]    11.4156 [0.000]    13.9942 [0.000]
[kpt   0   2  15]    13.9950 [0.000]    13.9980 [0.000]    13.9985 [0.000]    46.0500 [0.000]



Total charge in supercell =     128.00000000
 quench: [md:   0/100  scf:   2/30  step time:   0.31  scf time:     1.09 secs  RMS[dV]: 1.47e-02 ]


average potential <V> = 7.43e-16

Diagonalization using scalapack for step=3  count=4


FERMI ENERGY =      1.60234878 eV
@@ EIGENVALUE SUM     =      -54.900927 Ry
@@ ION_ION            =     -272.916107 Ry
@@ ELECTROSTATIC      =     -291.765295 Ry
@@ VXC                =     -180.299767 Ry
@@ EXC                =     -138.785923 Ry
@@ TOTAL ENERGY       =     -578.068484 Ry
@@ estimated error    =        3.01e-01 Ry
Charge normalization constant -1.0: -8.881784e-16
Charge density mixing: Linear with a constant of 0.50 


KOHN SHAM EIGENVALUES [eV] AT K-POINT [  0]:       0.000000      0.000000      0.000000

[kpt   0   3   0]   -18.5469 [2.000]   -17.5375 [2.000]   -17.5276 [2.000]   -17.5248 [2.000]   -17.5220 [2.000]
[kpt   0   3   1]   -17.5160 [2.000]   -17.5034 [2.000]   -16.0957 [2.000]   -16.0869 [2.000]   -16.0840 [2.000]
[kpt   0   3   2]   -16.0800 [2.000]   -16.0733 [2.000]   -16.0614 [2.000]   -16.0499 [2.000]   -16.0366 [2.000]
[kpt   0   3   3]   -16.0225 [2.000]    -9.2596 [2.000]    -6.7589 [2.000]    -6.7538 [2.000]    -6.7523 [2.000]
[kpt   0   3   4]    -6.7516 [2.000]    -6.7478 [2.000]    -6.7405 [2.000]    -4.9438 [2.000]    -4.9395 [2.000]
[kpt   0   3   5]    -4.9320 [2.000]    -4.3032 [2.000]    -4.2977 [2.000]    -4.2971 [2.000]    -4.2961 [2.000]
[kpt   0   3   6]    -4.2913 [2.000]    -4.2838 [2.000]    -1.7420 [2.000]    -1.7362 [2.000]    -1.7337 [2.000]
[kpt   0   3   7]    -1.7298 [2.000]    -1.7286 [2.000]    -1.7217 [2.000]    -1.4694 [2.000]    -1.4692 [2.000]
[kpt   0   3   8]    -1.3170 [2.000]    -1.3148 [2.000]    -1.3036 [2.000]    -1.3016 [2.000]    -1.2998 [2.000]
[kpt   0   3   9]    -1.2985 [2.000]    -0.8255 [2.000]    -0.8250 [2.000]    -0.8247 [2.000]    -0.1383 [2.000]
[kpt   0   3  10]    -0.1368 [2.000]    -0.1336 [2.000]    -0.1262 [2.000]    -0.1252 [2.000]    -0.1213 [2.000]
[kpt   0   3  11]     0.7877 [2.000]     0.7898 [2.000]     0.7906 [2.000]     0.7958 [2.000]     0.7981 [2.000]
[kpt   0   3  12]     0.8055 [2.000]     1.5917 [2.000]     1.5955 [2.000]     1.6023 [2.000]     8.1456 [0.000]
[kpt   0   3  13]    10.9211 [0.000]    10.9222 [0.000]    10.9233 [0.000]    10.9262 [0.000]    10.9319 [0.000]
[kpt   0   3  14]    10.9328 [0.000]    11.1706 [0.000]    11.1756 [0.000]    11.1819 [0.000]    13.7681 [0.000]
[kpt   0   3  15]    13.7688 [0.000]    13.7712 [0.000]    13.7726 [0.000]    45.2445 [0.000]



Total charge in supercell =     128.00000000
 quench: [md:   0/100  scf:   3/30  step time:   0.31  scf time:     1.40 secs  RMS[dV]: 1.43e-02 ]


average potential <V> = 3.63e-17
Davidson converged in 3 steps

FERMI ENERGY =      1.46683666 eV
@@ EIGENVALUE SUM     =      -56.500598 Ry
@@ ION_ION            =     -272.916107 Ry
@@ ELECTROSTATIC      =     -288.371581 Ry
@@ VXC                =     -179.203698 Ry
@@ EXC                =     -137.931667 Ry
@@ TOTAL ENERGY       =     -576.516254 Ry
@@ estimated error    =        1.75e-01 Ry
Charge normalization constant -1.0: 4.440892e-16
Charge density mixing: Broyden


KOHN SHAM EIGENVALUES [eV] AT K-POINT [  0]:       0.000000      0.000000      0.000000

[kpt   0   4   0]   -18.7257 [2.000]   -17.7421 [2.000]   -17.7263 [2.000]   -17.7211 [2.000]   -17.7163 [2.000]
[kpt   0   4   1]   -17.7071 [2.000]   -17.6917 [2.000]   -16.3357 [2.000]   -16.3220 [2.000]   -16.3185 [2.000]
[kpt   0   4   2]   -16.3093 [2.000]   -16.3028 [2.000]   -16.2883 [2.000]   -16.2820 [2.000]   -16.2758 [2.000]
[kpt   0   4   3]   -16.2455 [2.000]    -9.3757 [2.000]    -6.9149 [2.000]    -6.9043 [2.000]    -6.8999 [2.000]
[kpt   0   4   4]    -6.8961 [2.000]    -6.8889 [2.000]    -6.8776 [2.000]    -5.0900 [2.000]    -5.0788 [2.000]
[kpt   0   4   5]    -5.0640 [2.000]    -4.4681 [2.000]    -4.4541 [2.000]    -4.4497 [2.000]    -4.4450 [2.000]
[kpt   0   4   6]    -4.4335 [2.000]    -4.4225 [2.000]    -1.9245 [2.000]    -1.9131 [2.000]    -1.9071 [2.000]
[kpt   0   4   7]    -1.9031 [2.000]    -1.8973 [2.000]    -1.8877 [2.000]    -1.6405 [2.000]    -1.6378 [2.000]
[kpt   0   4   8]    -1.4829 [2.000]    -1.4728 [2.000]    -1.4674 [2.000]    -1.4628 [2.000]    -1.4568 [2.000]
[kpt   0   4   9]    -1.4432 [2.000]    -0.9961 [2.000]    -0.9955 [2.000]    -0.9940 [2.000]    -0.3103 [2.000]
[kpt   0   4  10]    -0.2987 [2.000]    -0.2929 [2.000]    -0.2867 [2.000]    -0.2792 [2.000]    -0.2632 [2.000]
[kpt   0   4  11]     0.6189 [2.000]     0.6327 [2.000]     0.6402 [2.000]     0.6463 [2.000]     0.6534 [2.000]
[kpt   0   4  12]     0.6652 [2.000]     1.4411 [2.000]     1.4573 [2.000]     1.4668 [2.000]     7.1229 [0.000]
[kpt   0   4  13]     9.9957 [0.000]    10.0037 [0.000]    10.0112 [0.000]    10.0161 [0.000]    10.0373 [0.000]
[kpt   0   4  14]    10.0375 [0.000]    10.5023 [0.000]    10.5163 [0.000]    10.5182 [0.000]    13.1318 [0.000]
[kpt   0   4  15]    13.2419 [0.000]    13.2446 [0.000]    13.2470 [0.000]    13.2488 [0.000]



Total charge in supercell =     128.00000000
 quench: [md:   0/100  scf:   4/30  step time:   0.38  scf time:     1.78 secs  RMS[dV]: 1.05e-02 ]


average potential <V> = -4.38e-16
Davidson converged in 2 steps

FERMI ENERGY =      0.93714251 eV
@@ EIGENVALUE SUM     =      -59.993642 Ry
@@ ION_ION            =     -272.916107 Ry
@@ ELECTROSTATIC      =     -284.563289 Ry
@@ VXC                =     -178.027127 Ry
@@ EXC                =     -137.014869 Ry
@@ TOTAL ENERGY       =     -576.460781 Ry
@@ estimated error    =        1.72e-01 Ry
Charge normalization constant -1.0: 2.220446e-16
Charge density mixing: Broyden


KOHN SHAM EIGENVALUES [eV] AT K-POINT [  0]:       0.000000      0.000000      0.000000

[kpt   0   5   0]   -19.0679 [2.000]   -18.1009 [2.000]   -18.0935 [2.000]   -18.0885 [2.000]   -18.0863 [2.000]
[kpt   0   5   1]   -18.0841 [2.000]   -18.0761 [2.000]   -16.7565 [2.000]   -16.7505 [2.000]   -16.7437 [2.000]
[kpt   0   5   2]   -16.7412 [2.000]   -16.7396 [2.000]   -16.7302 [2.000]   -16.7217 [2.000]   -16.7101 [2.000]
[kpt   0   5   3]   -16.6998 [2.000]    -9.5183 [2.000]    -7.1286 [2.000]    -7.1227 [2.000]    -7.1186 [2.000]
[kpt   0   5   4]    -7.1170 [2.000]    -7.1152 [2.000]    -7.1089 [2.000]    -5.3448 [2.000]    -5.3374 [2.000]
[kpt   0   5   5]    -5.3320 [2.000]    -4.7379 [2.000]    -4.7324 [2.000]    -4.7266 [2.000]    -4.7243 [2.000]
[kpt   0   5   6]    -4.7221 [2.000]    -4.7155 [2.000]    -2.2725 [2.000]    -2.2664 [2.000]    -2.2632 [2.000]
[kpt   0   5   7]    -2.2609 [2.000]    -2.2587 [2.000]    -2.2538 [2.000]    -2.0250 [2.000]    -2.0239 [2.000]
[kpt   0   5   8]    -1.8394 [2.000]    -1.8352 [2.000]    -1.8326 [2.000]    -1.8306 [2.000]    -1.8280 [2.000]
[kpt   0   5   9]    -1.8226 [2.000]    -1.3966 [2.000]    -1.3961 [2.000]    -1.3957 [2.000]    -0.7333 [2.000]
[kpt   0   5  10]    -0.7286 [2.000]    -0.7251 [2.000]    -0.7228 [2.000]    -0.7199 [2.000]    -0.7134 [2.000]
[kpt   0   5  11]     0.1576 [2.000]     0.1651 [2.000]     0.1686 [2.000]     0.1715 [2.000]     0.1748 [2.000]
[kpt   0   5  12]     0.1804 [2.000]     0.9242 [2.000]     0.9303 [2.000]     0.9371 [2.000]     6.8262 [0.000]
[kpt   0   5  13]     9.7614 [0.000]     9.7643 [0.000]     9.7645 [0.000]     9.7661 [0.000]     9.7707 [0.000]
[kpt   0   5  14]     9.7716 [0.000]    10.5127 [0.000]    10.5162 [0.000]    10.5179 [0.000]    12.2770 [0.000]
[kpt   0   5  15]    13.0163 [0.000]    13.0178 [0.000]    13.0190 [0.000]    13.0223 [0.000]



Total charge in supercell =     128.00000000
 quench: [md:   0/100  scf:   5/30  step time:   0.35  scf time:     2.13 secs  RMS[dV]: 9.88e-03 ]


average potential <V> = -4.87e-16
Davidson converged in 2 steps

FERMI ENERGY =      1.07704449 eV
@@ EIGENVALUE SUM     =      -58.676583 Ry
@@ ION_ION            =     -272.916107 Ry
@@ ELECTROSTATIC      =     -285.956945 Ry
@@ VXC                =     -178.378882 Ry
@@ EXC                =     -137.287676 Ry
@@ TOTAL ENERGY       =     -576.458430 Ry
@@ estimated error    =        1.12e-02 Ry
Charge normalization constant -1.0: -1.110223e-15
Charge density mixing: Broyden


KOHN SHAM EIGENVALUES [eV] AT K-POINT [  0]:       0.000000      0.000000      0.000000

[kpt   0   6   0]   -18.9265 [2.000]   -17.9443 [2.000]   -17.9431 [2.000]   -17.9427 [2.000]   -17.9423 [2.000]
[kpt   0   6   1]   -17.9413 [2.000]   -17.9397 [2.000]   -16.5917 [2.000]   -16.5903 [2.000]   -16.5900 [2.000]
[kpt   0   6   2]   -16.5892 [2.000]   -16.5881 [2.000]   -16.5868 [2.000]   -16.5596 [2.000]   -16.5579 [2.000]
[kpt   0   6   3]   -16.5552 [2.000]    -9.3809 [2.000]    -6.9726 [2.000]    -6.9717 [2.000]    -6.9714 [2.000]
[kpt   0   6   4]    -6.9712 [2.000]    -6.9704 [2.000]    -6.9692 [2.000]    -5.1962 [2.000]    -5.1953 [2.000]
[kpt   0   6   5]    -5.1940 [2.000]    -4.5706 [2.000]    -4.5695 [2.000]    -4.5693 [2.000]    -4.5686 [2.000]
[kpt   0   6   6]    -4.5676 [2.000]    -4.5665 [2.000]    -2.1467 [2.000]    -2.1455 [2.000]    -2.1451 [2.000]
[kpt   0   6   7]    -2.1446 [2.000]    -2.1442 [2.000]    -2.1437 [2.000]    -1.9025 [2.000]    -1.9020 [2.000]
[kpt   0   6   8]    -1.7127 [2.000]    -1.7119 [2.000]    -1.7116 [2.000]    -1.7110 [2.000]    -1.7106 [2.000]
[kpt   0   6   9]    -1.7089 [2.000]    -1.2560 [2.000]    -1.2557 [2.000]    -1.2554 [2.000]    -0.5950 [2.000]
[kpt   0   6  10]    -0.5941 [2.000]    -0.5937 [2.000]    -0.5930 [2.000]    -0.5924 [2.000]    -0.5905 [2.000]
[kpt   0   6  11]     0.3085 [2.000]     0.3099 [2.000]     0.3105 [2.000]     0.3112 [2.000]     0.3116 [2.000]
[kpt   0   6  12]     0.3123 [2.000]     1.0750 [2.000]     1.0765 [2.000]     1.0770 [2.000]     6.7927 [0.000]
[kpt   0   6  13]     9.7672 [0.000]     9.7686 [0.000]     9.7691 [0.000]     9.7693 [0.000]     9.7713 [0.000]
[kpt   0   6  14]     9.7716 [0.000]    10.5672 [0.000]    10.5689 [0.000]    10.5716 [0.000]    12.1780 [0.000]
[kpt   0   6  15]    13.0564 [0.000]    13.0567 [0.000]    13.0574 [0.000]    13.0586 [0.000]



Total charge in supercell =     128.00000000
 quench: [md:   0/100  scf:   6/30  step time:   0.34  scf time:     2.47 secs  RMS[dV]: 4.40e-03 ]


average potential <V> = 7.10e-16
Davidson converged in 3 steps

FERMI ENERGY =      1.09718697 eV
@@ EIGENVALUE SUM     =      -58.421051 Ry
@@ ION_ION            =     -272.916107 Ry
@@ ELECTROSTATIC      =     -286.226493 Ry
@@ VXC                =     -178.439608 Ry
@@ EXC                =     -137.334390 Ry
@@ TOTAL ENERGY       =     -576.458434 Ry
@@ estimated error    =        5.54e-04 Ry
Charge normalization constant -1.0: 8.881784e-16
Charge density mixing: Broyden


KOHN SHAM EIGENVALUES [eV] AT K-POINT [  0]:       0.000000      0.000000      0.000000

[kpt   0   7   0]   -18.8972 [2.000]   -17.9136 [2.000]   -17.9132 [2.000]   -17.9131 [2.000]   -17.9128 [2.000]
[kpt   0   7   1]   -17.9128 [2.000]   -17.9127 [2.000]   -16.5614 [2.000]   -16.5611 [2.000]   -16.5609 [2.000]
[kpt   0   7   2]   -16.5607 [2.000]   -16.5606 [2.000]   -16.5605 [2.000]   -16.5293 [2.000]   -16.5290 [2.000]
[kpt   0   7   3]   -16.5289 [2.000]    -9.3425 [2.000]    -6.9341 [2.000]    -6.9337 [2.000]    -6.9336 [2.000]
[kpt   0   7   4]    -6.9335 [2.000]    -6.9334 [2.000]    -6.9333 [2.000]    -5.1615 [2.000]    -5.1614 [2.000]
[kpt   0   7   5]    -5.1613 [2.000]    -4.5316 [2.000]    -4.5314 [2.000]    -4.5312 [2.000]    -4.5310 [2.000]
[kpt   0   7   6]    -4.5309 [2.000]    -4.5308 [2.000]    -2.1247 [2.000]    -2.1245 [2.000]    -2.1245 [2.000]
[kpt   0   7   7]    -2.1244 [2.000]    -2.1244 [2.000]    -2.1242 [2.000]    -1.8818 [2.000]    -1.8817 [2.000]
[kpt   0   7   8]    -1.6903 [2.000]    -1.6902 [2.000]    -1.6901 [2.000]    -1.6900 [2.000]    -1.6899 [2.000]
[kpt   0   7   9]    -1.6898 [2.000]    -1.2299 [2.000]    -1.2299 [2.000]    -1.2298 [2.000]    -0.5727 [2.000]
[kpt   0   7  10]    -0.5725 [2.000]    -0.5724 [2.000]    -0.5724 [2.000]    -0.5722 [2.000]    -0.5721 [2.000]
[kpt   0   7  11]     0.3325 [2.000]     0.3327 [2.000]     0.3328 [2.000]     0.3329 [2.000]     0.3330 [2.000]
[kpt   0   7  12]     0.3331 [2.000]     1.0970 [2.000]     1.0971 [2.000]     1.0972 [2.000]     6.7885 [0.000]
[kpt   0   7  13]     9.7587 [0.000]     9.7590 [0.000]     9.7615 [0.000]     9.7622 [0.000]     9.7624 [0.000]
[kpt   0   7  14]     9.7624 [0.000]    10.5864 [0.000]    10.5899 [0.000]    10.5908 [0.000]    12.2039 [0.000]
[kpt   0   7  15]    13.0500 [0.000]    13.0501 [0.000]    13.0503 [0.000]    13.0577 [0.000]



Total charge in supercell =     128.00000000
 quench: [md:   0/100  scf:   7/30  step time:   0.38  scf time:     2.85 secs  RMS[dV]: 9.37e-04 ]


average potential <V> = 8.99e-16
Davidson converged in 3 steps

FERMI ENERGY =      1.10236569 eV
@@ EIGENVALUE SUM     =      -58.362918 Ry
@@ ION_ION            =     -272.916107 Ry
@@ ELECTROSTATIC      =     -286.288482 Ry
@@ VXC                =     -178.456319 Ry
@@ EXC                =     -137.347286 Ry
@@ TOTAL ENERGY       =     -576.458474 Ry
@@ estimated error    =        3.77e-05 Ry
Charge normalization constant -1.0: 2.220446e-16
Charge density mixing: Broyden


KOHN SHAM EIGENVALUES [eV] AT K-POINT [  0]:       0.000000      0.000000      0.000000

[kpt   0   8   0]   -18.8906 [2.000]   -17.9068 [2.000]   -17.9066 [2.000]   -17.9066 [2.000]   -17.9064 [2.000]
[kpt   0   8   1]   -17.9064 [2.000]   -17.9061 [2.000]   -16.5548 [2.000]   -16.5548 [2.000]   -16.5545 [2.000]
[kpt   0   8   2]   -16.5545 [2.000]   -16.5543 [2.000]   -16.5541 [2.000]   -16.5228 [2.000]   -16.5228 [2.000]
[kpt   0   8   3]   -16.5225 [2.000]    -9.3345 [2.000]    -6.9262 [2.000]    -6.9261 [2.000]    -6.9260 [2.000]
[kpt   0   8   4]    -6.9259 [2.000]    -6.9259 [2.000]    -6.9256 [2.000]    -5.1544 [2.000]    -5.1543 [2.000]
[kpt   0   8   5]    -5.1542 [2.000]    -4.5240 [2.000]    -4.5239 [2.000]    -4.5237 [2.000]    -4.5236 [2.000]
[kpt   0   8   6]    -4.5235 [2.000]    -4.5234 [2.000]    -2.1193 [2.000]    -2.1192 [2.000]    -2.1192 [2.000]
[kpt   0   8   7]    -2.1192 [2.000]    -2.1191 [2.000]    -2.1190 [2.000]    -1.8766 [2.000]    -1.8766 [2.000]
[kpt   0   8   8]    -1.6848 [2.000]    -1.6847 [2.000]    -1.6847 [2.000]    -1.6846 [2.000]    -1.6845 [2.000]
[kpt   0   8   9]    -1.6844 [2.000]    -1.2240 [2.000]    -1.2239 [2.000]    -1.2239 [2.000]    -0.5674 [2.000]
[kpt   0   8  10]    -0.5672 [2.000]    -0.5672 [2.000]    -0.5671 [2.000]    -0.5671 [2.000]    -0.5670 [2.000]
[kpt   0   8  11]     0.3381 [2.000]     0.3382 [2.000]     0.3383 [2.000]     0.3383 [2.000]     0.3384 [2.000]
[kpt   0   8  12]     0.3385 [2.000]     1.1022 [2.000]     1.1023 [2.000]     1.1024 [2.000]     6.7882 [0.000]
[kpt   0   8  13]     9.7582 [0.000]     9.7583 [0.000]     9.7597 [0.000]     9.7601 [0.000]     9.7602 [0.000]
[kpt   0   8  14]     9.7603 [0.000]    10.5930 [0.000]    10.5952 [0.000]    10.5957 [0.000]    12.2096 [0.000]
[kpt   0   8  15]    13.0521 [0.000]    13.0522 [0.000]    13.0523 [0.000]    13.0524 [0.000]



Total charge in supercell =     128.00000000
 quench: [md:   0/100  scf:   8/30  step time:   0.37  scf time:     3.22 secs  RMS[dV]: 3.38e-04 ]


average potential <V> = -1.29e-17
Davidson converged in 4 steps

FERMI ENERGY =      1.10139796 eV
@@ EIGENVALUE SUM     =      -58.372838 Ry
@@ ION_ION            =     -272.916107 Ry
@@ ELECTROSTATIC      =     -286.278125 Ry
@@ VXC                =     -178.454489 Ry
@@ EXC                =     -137.345899 Ry
@@ TOTAL ENERGY       =     -576.458480 Ry
@@ estimated error    =        1.65e-06 Ry
Charge normalization constant -1.0: 2.220446e-16
Charge density mixing: Broyden


KOHN SHAM EIGENVALUES [eV] AT K-POINT [  0]:       0.000000      0.000000      0.000000

[kpt   0   9   0]   -18.8917 [2.000]   -17.9078 [2.000]   -17.9077 [2.000]   -17.9076 [2.000]   -17.9075 [2.000]
[kpt   0   9   1]   -17.9075 [2.000]   -17.9074 [2.000]   -16.5560 [2.000]   -16.5558 [2.000]   -16.5557 [2.000]
[kpt   0   9   2]   -16.5557 [2.000]   -16.5556 [2.000]   -16.5555 [2.000]   -16.5240 [2.000]   -16.5239 [2.000]
[kpt   0   9   3]   -16.5238 [2.000]    -9.3357 [2.000]    -6.9275 [2.000]    -6.9273 [2.000]    -6.9273 [2.000]
[kpt   0   9   4]    -6.9272 [2.000]    -6.9272 [2.000]    -6.9271 [2.000]    -5.1556 [2.000]    -5.1555 [2.000]
[kpt   0   9   5]    -5.1555 [2.000]    -4.5254 [2.000]    -4.5253 [2.000]    -4.5252 [2.000]    -4.5252 [2.000]
[kpt   0   9   6]    -4.5250 [2.000]    -4.5250 [2.000]    -2.1200 [2.000]    -2.1199 [2.000]    -2.1199 [2.000]
[kpt   0   9   7]    -2.1199 [2.000]    -2.1198 [2.000]    -2.1198 [2.000]    -1.8773 [2.000]    -1.8773 [2.000]
[kpt   0   9   8]    -1.6855 [2.000]    -1.6854 [2.000]    -1.6853 [2.000]    -1.6853 [2.000]    -1.6853 [2.000]
[kpt   0   9   9]    -1.6852 [2.000]    -1.2250 [2.000]    -1.2250 [2.000]    -1.2250 [2.000]    -0.5682 [2.000]
[kpt   0   9  10]    -0.5681 [2.000]    -0.5680 [2.000]    -0.5680 [2.000]    -0.5679 [2.000]    -0.5679 [2.000]
[kpt   0   9  11]     0.3372 [2.000]     0.3373 [2.000]     0.3373 [2.000]     0.3374 [2.000]     0.3374 [2.000]
[kpt   0   9  12]     0.3375 [2.000]     1.1013 [2.000]     1.1013 [2.000]     1.1014 [2.000]     6.7882 [0.000]
[kpt   0   9  13]     9.7574 [0.000]     9.7575 [0.000]     9.7583 [0.000]     9.7586 [0.000]     9.7587 [0.000]
[kpt   0   9  14]     9.7587 [0.000]    10.5928 [0.000]    10.5938 [0.000]    10.5942 [0.000]    12.2079 [0.000]
[kpt   0   9  15]    13.0519 [0.000]    13.0520 [0.000]    13.0520 [0.000]    13.0521 [0.000]



Total charge in supercell =     128.00000000
 quench: [md:   0/100  scf:   9/30  step time:   0.47  scf time:     3.69 secs  RMS[dV]: 6.36e-05 ]


average potential <V> = -7.04e-16
Davidson converged in 2 steps

FERMI ENERGY =      1.10187668 eV
@@ EIGENVALUE SUM     =      -58.370090 Ry
@@ ION_ION            =     -272.916107 Ry
@@ ELECTROSTATIC      =     -286.281141 Ry
@@ VXC                =     -178.455770 Ry
@@ EXC                =     -137.346914 Ry
@@ TOTAL ENERGY       =     -576.458481 Ry
@@ estimated error    =        5.28e-07 Ry
Charge normalization constant -1.0: 4.440892e-16
Charge density mixing: Broyden


KOHN SHAM EIGENVALUES [eV] AT K-POINT [  0]:       0.000000      0.000000      0.000000

[kpt   0  10   0]   -18.8915 [2.000]   -17.9074 [2.000]   -17.9073 [2.000]   -17.9073 [2.000]   -17.9073 [2.000]
[kpt   0  10   1]   -17.9073 [2.000]   -17.9073 [2.000]   -16.5554 [2.000]   -16.5554 [2.000]   -16.5554 [2.000]
[kpt   0  10   2]   -16.5554 [2.000]   -16.5553 [2.000]   -16.5553 [2.000]   -16.5236 [2.000]   -16.5236 [2.000]
[kpt   0  10   3]   -16.5235 [2.000]    -9.3358 [2.000]    -6.9273 [2.000]    -6.9273 [2.000]    -6.9273 [2.000]
[kpt   0  10   4]    -6.9273 [2.000]    -6.9273 [2.000]    -6.9273 [2.000]    -5.1555 [2.000]    -5.1555 [2.000]
[kpt   0  10   5]    -5.1555 [2.000]    -4.5252 [2.000]    -4.5252 [2.000]    -4.5252 [2.000]    -4.5251 [2.000]
[kpt   0  10   6]    -4.5251 [2.000]    -4.5251 [2.000]    -2.1196 [2.000]    -2.1196 [2.000]    -2.1195 [2.000]
[kpt   0  10   7]    -2.1195 [2.000]    -2.1195 [2.000]    -2.1195 [2.000]    -1.8769 [2.000]    -1.8769 [2.000]
[kpt   0  10   8]    -1.6850 [2.000]    -1.6849 [2.000]    -1.6849 [2.000]    -1.6849 [2.000]    -1.6849 [2.000]
[kpt   0  10   9]    -1.6849 [2.000]    -1.2247 [2.000]    -1.2247 [2.000]    -1.2247 [2.000]    -0.5676 [2.000]
[kpt   0  10  10]    -0.5676 [2.000]    -0.5676 [2.000]    -0.5676 [2.000]    -0.5676 [2.000]    -0.5675 [2.000]
[kpt   0  10  11]     0.3378 [2.000]     0.3378 [2.000]     0.3378 [2.000]     0.3378 [2.000]     0.3378 [2.000]
[kpt   0  10  12]     0.3378 [2.000]     1.1019 [2.000]     1.1019 [2.000]     1.1019 [2.000]     6.7883 [0.000]
[kpt   0  10  13]     9.7572 [0.000]     9.7572 [0.000]     9.7576 [0.000]     9.7578 [0.000]     9.7578 [0.000]
[kpt   0  10  14]     9.7579 [0.000]    10.5926 [0.000]    10.5931 [0.000]    10.5933 [0.000]    12.2071 [0.000]
[kpt   0  10  15]    13.0521 [0.000]    13.0522 [0.000]    13.0522 [0.000]    13.0522 [0.000]



Total charge in supercell =     128.00000000
 quench: [md:   0/100  scf:  10/30  step time:   0.33  scf time:     4.03 secs  RMS[dV]: 2.75e-05 ]


average potential <V> = -4.66e-17
Davidson converged in 3 steps

FERMI ENERGY =      1.10215339 eV
@@ EIGENVALUE SUM     =      -58.368053 Ry
@@ ION_ION            =     -272.916107 Ry
@@ ELECTROSTATIC      =     -286.283338 Ry
@@ VXC                =     -178.456535 Ry
@@ EXC                =     -137.347519 Ry
@@ TOTAL ENERGY       =     -576.458482 Ry
@@ estimated error    =        2.68e-08 Ry
Charge normalization constant -1.0: 4.440892e-16
Charge density mixing: Broyden


KOHN SHAM EIGENVALUES [eV] AT K-POINT [  0]:       0.000000      0.000000      0.000000

[kpt   0  11   0]   -18.8912 [2.000]   -17.9071 [2.000]   -17.9071 [2.000]   -17.9071 [2.000]   -17.9071 [2.000]
[kpt   0  11   1]   -17.9071 [2.000]   -17.9071 [2.000]   -16.5551 [2.000]   -16.5551 [2.000]   -16.5551 [2.000]
[kpt   0  11   2]   -16.5551 [2.000]   -16.5551 [2.000]   -16.5551 [2.000]   -16.5233 [2.000]   -16.5233 [2.000]
[kpt   0  11   3]   -16.5233 [2.000]    -9.3356 [2.000]    -6.9271 [2.000]    -6.9271 [2.000]    -6.9271 [2.000]
[kpt   0  11   4]    -6.9271 [2.000]    -6.9271 [2.000]    -6.9271 [2.000]    -5.1553 [2.000]    -5.1553 [2.000]
[kpt   0  11   5]    -5.1553 [2.000]    -4.5250 [2.000]    -4.5250 [2.000]    -4.5250 [2.000]    -4.5250 [2.000]
[kpt   0  11   6]    -4.5250 [2.000]    -4.5250 [2.000]    -2.1193 [2.000]    -2.1193 [2.000]    -2.1193 [2.000]
[kpt   0  11   7]    -2.1193 [2.000]    -2.1193 [2.000]    -2.1193 [2.000]    -1.8767 [2.000]    -1.8767 [2.000]
[kpt   0  11   8]    -1.6847 [2.000]    -1.6847 [2.000]    -1.6847 [2.000]    -1.6847 [2.000]    -1.6847 [2.000]
[kpt   0  11   9]    -1.6847 [2.000]    -1.2245 [2.000]    -1.2245 [2.000]    -1.2244 [2.000]    -0.5673 [2.000]
[kpt   0  11  10]    -0.5673 [2.000]    -0.5673 [2.000]    -0.5673 [2.000]    -0.5673 [2.000]    -0.5673 [2.000]
[kpt   0  11  11]     0.3381 [2.000]     0.3381 [2.000]     0.3381 [2.000]     0.3381 [2.000]     0.3381 [2.000]
[kpt   0  11  12]     0.3381 [2.000]     1.1022 [2.000]     1.1022 [2.000]     1.1022 [2.000]     6.7884 [0.000]
[kpt   0  11  13]     9.7571 [0.000]     9.7571 [0.000]     9.7574 [0.000]     9.7574 [0.000]     9.7575 [0.000]
[kpt   0  11  14]     9.7575 [0.000]    10.5927 [0.000]    10.5929 [0.000]    10.5931 [0.000]    12.2067 [0.000]
[kpt   0  11  15]    13.0522 [0.000]    13.0523 [0.000]    13.0523 [0.000]    13.0523 [0.000]



Total charge in supercell =     128.00000000
 quench: [md:   0/100  scf:  11/30  step time:   0.44  scf time:     4.46 secs  RMS[dV]: 1.38e-05 ]


average potential <V> = -4.82e-16
Davidson converged in 2 steps

FERMI ENERGY =      1.10202665 eV
@@ EIGENVALUE SUM     =      -58.368817 Ry
@@ ION_ION            =     -272.916107 Ry
@@ ELECTROSTATIC      =     -286.282508 Ry
@@ VXC                =     -178.456232 Ry
@@ EXC                =     -137.347282 Ry
@@ TOTAL ENERGY       =     -576.458482 Ry
@@ estimated error    =        1.71e-08 Ry
Charge normalization constant -1.0: -2.220446e-16
Charge density mixing: Broyden


KOHN SHAM EIGENVALUES [eV] AT K-POINT [  0]:       0.000000      0.000000      0.000000

[kpt   0  12   0]   -18.8913 [2.000]   -17.9072 [2.000]   -17.9072 [2.000]   -17.9072 [2.000]   -17.9072 [2.000]
[kpt   0  12   1]   -17.9072 [2.000]   -17.9072 [2.000]   -16.5552 [2.000]   -16.5552 [2.000]   -16.5552 [2.000]
[kpt   0  12   2]   -16.5552 [2.000]   -16.5552 [2.000]   -16.5552 [2.000]   -16.5234 [2.000]   -16.5234 [2.000]
[kpt   0  12   3]   -16.5234 [2.000]    -9.3356 [2.000]    -6.9272 [2.000]    -6.9272 [2.000]    -6.9272 [2.000]
[kpt   0  12   4]    -6.9272 [2.000]    -6.9272 [2.000]    -6.9272 [2.000]    -5.1554 [2.000]    -5.1554 [2.000]
[kpt   0  12   5]    -5.1554 [2.000]    -4.5251 [2.000]    -4.5251 [2.000]    -4.5250 [2.000]    -4.5250 [2.000]
[kpt   0  12   6]    -4.5250 [2.000]    -4.5250 [2.000]    -2.1194 [2.000]    -2.1194 [2.000]    -2.1194 [2.000]
[kpt   0  12   7]    -2.1194 [2.000]    -2.1194 [2.000]    -2.1194 [2.000]    -1.8768 [2.000]    -1.8768 [2.000]
[kpt   0  12   8]    -1.6848 [2.000]    -1.6848 [2.000]    -1.6848 [2.000]    -1.6848 [2.000]    -1.6848 [2.000]
[kpt   0  12   9]    -1.6848 [2.000]    -1.2245 [2.000]    -1.2245 [2.000]    -1.2245 [2.000]    -0.5674 [2.000]
[kpt   0  12  10]    -0.5674 [2.000]    -0.5674 [2.000]    -0.5674 [2.000]    -0.5674 [2.000]    -0.5674 [2.000]
[kpt   0  12  11]     0.3380 [2.000]     0.3380 [2.000]     0.3380 [2.000]     0.3380 [2.000]     0.3380 [2.000]
[kpt   0  12  12]     0.3380 [2.000]     1.1020 [2.000]     1.1020 [2.000]     1.1020 [2.000]     6.7883 [0.000]
[kpt   0  12  13]     9.7569 [0.000]     9.7569 [0.000]     9.7571 [0.000]     9.7571 [0.000]     9.7571 [0.000]
[kpt   0  12  14]     9.7572 [0.000]    10.5926 [0.000]    10.5927 [0.000]    10.5928 [0.000]    12.2062 [0.000]
[kpt   0  12  15]    13.0522 [0.000]    13.0522 [0.000]    13.0522 [0.000]    13.0522 [0.000]



Total charge in supercell =     128.00000000
 quench: [md:   0/100  scf:  12/30  step time:   0.35  scf time:     4.81 secs  RMS[dV]: 4.45e-06 ]


average potential <V> = -9.56e-16
Davidson converged in 3 steps

FERMI ENERGY =      1.10201788 eV
@@ EIGENVALUE SUM     =      -58.368788 Ry
@@ ION_ION            =     -272.916107 Ry
@@ ELECTROSTATIC      =     -286.282535 Ry
@@ VXC                =     -178.456229 Ry
@@ EXC                =     -137.347281 Ry
@@ TOTAL ENERGY       =     -576.458482 Ry
@@ estimated error    =        6.89e-10 Ry
Charge normalization constant -1.0: -1.332268e-15
Charge density mixing: Broyden


KOHN SHAM EIGENVALUES [eV] AT K-POINT [  0]:       0.000000      0.000000      0.000000

[kpt   0  13   0]   -18.8913 [2.000]   -17.9072 [2.000]   -17.9072 [2.000]   -17.9072 [2.000]   -17.9072 [2.000]
[kpt   0  13   1]   -17.9072 [2.000]   -17.9072 [2.000]   -16.5552 [2.000]   -16.5552 [2.000]   -16.5552 [2.000]
[kpt   0  13   2]   -16.5552 [2.000]   -16.5552 [2.000]   -16.5552 [2.000]   -16.5234 [2.000]   -16.5234 [2.000]
[kpt   0  13   3]   -16.5234 [2.000]    -9.3356 [2.000]    -6.9272 [2.000]    -6.9272 [2.000]    -6.9272 [2.000]
[kpt   0  13   4]    -6.9272 [2.000]    -6.9272 [2.000]    -6.9271 [2.000]    -5.1554 [2.000]    -5.1554 [2.000]
[kpt   0  13   5]    -5.1554 [2.000]    -4.5250 [2.000]    -4.5250 [2.000]    -4.5250 [2.000]    -4.5250 [2.000]
[kpt   0  13   6]    -4.5250 [2.000]    -4.5250 [2.000]    -2.1194 [2.000]    -2.1194 [2.000]    -2.1194 [2.000]
[kpt   0  13   7]    -2.1194 [2.000]    -2.1194 [2.000]    -2.1194 [2.000]    -1.8768 [2.000]    -1.8768 [2.000]
[kpt   0  13   8]    -1.6848 [2.000]    -1.6848 [2.000]    -1.6848 [2.000]    -1.6848 [2.000]    -1.6848 [2.000]
[kpt   0  13   9]    -1.6848 [2.000]    -1.2245 [2.000]    -1.2245 [2.000]    -1.2245 [2.000]    -0.5674 [2.000]
[kpt   0  13  10]    -0.5674 [2.000]    -0.5674 [2.000]    -0.5674 [2.000]    -0.5674 [2.000]    -0.5674 [2.000]
[kpt   0  13  11]     0.3380 [2.000]     0.3380 [2.000]     0.3380 [2.000]     0.3380 [2.000]     0.3380 [2.000]
[kpt   0  13  12]     0.3380 [2.000]     1.1020 [2.000]     1.1020 [2.000]     1.1020 [2.000]     6.7883 [0.000]
[kpt   0  13  13]     9.7568 [0.000]     9.7568 [0.000]     9.7569 [0.000]     9.7569 [0.000]     9.7569 [0.000]
[kpt   0  13  14]     9.7569 [0.000]    10.5926 [0.000]    10.5927 [0.000]    10.5927 [0.000]    12.2057 [0.000]
[kpt   0  13  15]    13.0522 [0.000]    13.0522 [0.000]    13.0522 [0.000]    13.0522 [0.000]



Total charge in supercell =     128.00000000
 quench: [md:   0/100  scf:  13/30  step time:   0.44  scf time:     5.25 secs  RMS[dV]: 1.52e-06 ]


average potential <V> = 7.74e-16
Davidson converged in 2 steps

FERMI ENERGY =      1.10202627 eV
@@ EIGENVALUE SUM     =      -58.368768 Ry
@@ ION_ION            =     -272.916107 Ry
@@ ELECTROSTATIC      =     -286.282559 Ry
@@ VXC                =     -178.456248 Ry
@@ EXC                =     -137.347296 Ry
@@ TOTAL ENERGY       =     -576.458482 Ry
@@ estimated error    =        2.61e-10 Ry
Charge normalization constant -1.0: -2.220446e-16
Charge density mixing: Broyden


KOHN SHAM EIGENVALUES [eV] AT K-POINT [  0]:       0.000000      0.000000      0.000000

[kpt   0  14   0]   -18.8913 [2.000]   -17.9072 [2.000]   -17.9072 [2.000]   -17.9072 [2.000]   -17.9072 [2.000]
[kpt   0  14   1]   -17.9072 [2.000]   -17.9072 [2.000]   -16.5552 [2.000]   -16.5552 [2.000]   -16.5552 [2.000]
[kpt   0  14   2]   -16.5552 [2.000]   -16.5552 [2.000]   -16.5552 [2.000]   -16.5234 [2.000]   -16.5234 [2.000]
[kpt   0  14   3]   -16.5234 [2.000]    -9.3356 [2.000]    -6.9272 [2.000]    -6.9272 [2.000]    -6.9272 [2.000]
[kpt   0  14   4]    -6.9272 [2.000]    -6.9272 [2.000]    -6.9272 [2.000]    -5.1554 [2.000]    -5.1554 [2.000]
[kpt   0  14   5]    -5.1554 [2.000]    -4.5250 [2.000]    -4.5250 [2.000]    -4.5250 [2.000]    -4.5250 [2.000]
[kpt   0  14   6]    -4.5250 [2.000]    -4.5250 [2.000]    -2.1194 [2.000]    -2.1194 [2.000]    -2.1194 [2.000]
[kpt   0  14   7]    -2.1194 [2.000]    -2.1194 [2.000]    -2.1194 [2.000]    -1.8768 [2.000]    -1.8768 [2.000]
[kpt   0  14   8]    -1.6848 [2.000]    -1.6848 [2.000]    -1.6848 [2.000]    -1.6848 [2.000]    -1.6848 [2.000]
[kpt   0  14   9]    -1.6848 [2.000]    -1.2245 [2.000]    -1.2245 [2.000]    -1.2245 [2.000]    -0.5674 [2.000]
[kpt   0  14  10]    -0.5674 [2.000]    -0.5674 [2.000]    -0.5674 [2.000]    -0.5674 [2.000]    -0.5674 [2.000]
[kpt   0  14  11]     0.3380 [2.000]     0.3380 [2.000]     0.3380 [2.000]     0.3380 [2.000]     0.3380 [2.000]
[kpt   0  14  12]     0.3380 [2.000]     1.1020 [2.000]     1.1020 [2.000]     1.1020 [2.000]     6.7883 [0.000]
[kpt   0  14  13]     9.7568 [0.000]     9.7568 [0.000]     9.7568 [0.000]     9.7568 [0.000]     9.7568 [0.000]
[kpt   0  14  14]     9.7569 [0.000]    10.5926 [0.000]    10.5926 [0.000]    10.5927 [0.000]    12.2053 [0.000]
[kpt   0  14  15]    13.0522 [0.000]    13.0522 [0.000]    13.0522 [0.000]    13.0522 [0.000]



Total charge in supercell =     128.00000000
 quench: [md:   0/100  scf:  14/30  step time:   0.38  scf time:     5.63 secs  RMS[dV]: 4.52e-07 ]



 Convergence criterion reached: Energy variation (8.57e-12) is lower than threshold (1.00e-10)

potential convergence has been achieved. stopping ...

[   0  15   15        7 ] Quench.cpp: 
@@ TOTAL ENEGY Components 
@@ ION_ION            =     -272.916107 Ry
@@ ELECTROSTATIC      =      286.282559 Ry
@@ EXC                =     -137.347283 Ry
@@ vdw correction     =        0.000000 Ry
@@ LdaU correction    =        0.000000 Ry
@@ total              =        0.000000 Ry
final total energy from eig sum =    -576.45848172 Ry


KOHN SHAM EIGENVALUES [eV] AT K-POINT [  0]:       0.000000      0.000000      0.000000

[kpt   0  15   0]   -18.8913 [2.000]   -17.9072 [2.000]   -17.9072 [2.000]   -17.9072 [2.000]   -17.9072 [2.000]
[kpt   0  15   1]   -17.9072 [2.000]   -17.9072 [2.000]   -16.5552 [2.000]   -16.5552 [2.000]   -16.5552 [2.000]
[kpt   0  15   2]   -16.5552 [2.000]   -16.5552 [2.000]   -16.5552 [2.000]   -16.5234 [2.000]   -16.5234 [2.000]
[kpt   0  15   3]   -16.5234 [2.000]    -9.3356 [2.000]    -6.9272 [2.000]    -6.9272 [2.000]    -6.9272 [2.000]
[kpt   0  15   4]    -6.9272 [2.000]    -6.9272 [2.000]    -6.9272 [2.000]    -5.1554 [2.000]    -5.1554 [2.000]
[kpt   0  15   5]    -5.1554 [2.000]    -4.5250 [2.000]    -4.5250 [2.000]    -4.5250 [2.000]    -4.5250 [2.000]
[kpt   0  15   6]    -4.5250 [2.000]    -4.5250 [2.000]    -2.1194 [2.000]    -2.1194 [2.000]    -2.1194 [2.000]
[kpt   0  15   7]    -2.1194 [2.000]    -2.1194 [2.000]    -2.1194 [2.000]    -1.8768 [2.000]    -1.8768 [2.000]
[kpt   0  15   8]    -1.6848 [2.000]    -1.6848 [2.000]    -1.6848 [2.000]    -1.6848 [2.000]    -1.6848 [2.000]
[kpt   0  15   9]    -1.6848 [2.000]    -1.2245 [2.000]    -1.2245 [2.000]    -1.2245 [2.000]    -0.5674 [2.000]
[kpt   0  15  10]    -0.5674 [2.000]    -0.5674 [2.000]    -0.5674 [2.000]    -0.5674 [2.000]    -0.5674 [2.000]
[kpt   0  15  11]     0.3380 [2.000]     0.3380 [2.000]     0.3380 [2.000]     0.3380 [2.000]     0.3380 [2.000]
[kpt   0  15  12]     0.3380 [2.000]     1.1020 [2.000]     1.1020 [2.000]     1.1020 [2.000]     6.7883 [0.000]
[kpt   0  15  13]     9.7568 [0.000]     9.7568 [0.000]     9.7568 [0.000]     9.7568 [0.000]     9.7568 [0.000]
[kpt   0  15  14]     9.7569 [0.000]    10.5926 [0.000]    10.5926 [0.000]    10.5927 [0.000]    12.2053 [0.000]
[kpt   0  15  15]    13.0522 [0.000]    13.0522 [0.000]    13.0522 [0.000]    13.0522 [0.000]



Total charge in supercell =     128.00000000
 volume and energy per atom =        15.03933867       -326.79652905 eV

 Vdd took 0.000235 seconds
WriteRestart: Output file given as /dev/null, no restart data written ...



  IONIC POSITIONS [a0] AND FORCES [Ry/a0]
  Charge analysis using: Voronoi Deformation Density

@ION  Ion  Species       X           Y           Z       Charge       FX          FY         FZ      Movable
@ION    1    Si      0.0000000   0.0000000   0.0000000    0.442   -0.0000000  -0.0000000  -0.0000000  1 1 1
@ION    2    Si      3.3637125   3.3637125   3.3637125    0.446    0.0000001   0.0000000   0.0000000  1 1 1
@ION    3    Si     10.0911375   3.3637125  10.0911375    0.442    0.0000000   0.0000000   0.0000000  1 1 1
@ION    4    Si      3.3637125  10.0911375  10.0911375    0.442    0.0000000  -0.0000000  -0.0000000  1 1 1
@ION    5    Si     10.0911375  10.0911375   3.3637125    0.442   -0.0000000  -0.0000000   0.0000001  1 1 1
@ION    6    Si      0.0000000   6.7274250   6.7274250    0.444   -0.0000001   0.0000000  -0.0000000  1 1 1
@ION    7    Si      6.7274250   0.0000000   6.7274250    0.444   -0.0000000  -0.0000001  -0.0000000  1 1 1
@ION    8    Si      6.7274250   6.7274250   0.0000000    0.445   -0.0000000  -0.0000000  -0.0000000  1 1 1
@ION    9     O      1.6818563   1.6818563   1.6818563   -0.215   -0.0000001  -0.0000001  -0.0000001  1 1 1
@ION   10     O     11.7729938   1.6818563  11.7729938   -0.217    0.0000000  -0.0000000   0.0000000  1 1 1
@ION   11     O      1.6818563  11.7729938  11.7729938   -0.220   -0.0000001   0.0000001   0.0000001  1 1 1
@ION   12     O     11.7729938  11.7729938   1.6818563   -0.223    0.0000001   0.0000001  -0.0000001  1 1 1
@ION   13     O      1.6818563   8.4092813   8.4092813   -0.218   -0.0000000  -0.0000000  -0.0000000  1 1 1
@ION   14     O      8.4092813   1.6818563   8.4092813   -0.218   -0.0000000  -0.0000001  -0.0000000  1 1 1
@ION   15     O      8.4092813   8.4092813   1.6818563   -0.218   -0.0000000  -0.0000000  -0.0000001  1 1 1
@ION   16     O     11.7729938   8.4092813   5.0455688   -0.219    0.0000000  -0.0000000   0.0000000  1 1 1
@ION   17     O      5.0455688   1.6818563   5.0455688   -0.219   -0.0000000  -0.0000000   0.0000000  1 1 1
@ION   18     O      5.0455688   8.4092813  11.7729938   -0.220   -0.0000001   0.0000000   0.0000000  1 1 1
@ION   19     O      1.6818563   5.0455688   5.0455688   -0.225    0.0000000  -0.0000000   0.0000000  1 1 1
@ION   20     O      8.4092813  11.7729938   5.0455688   -0.225    0.0000000   0.0000000   0.0000000  1 1 1
@ION   21     O      8.4092813   5.0455688  11.7729938   -0.223    0.0000000  -0.0000001   0.0000000  1 1 1
@ION   22     O     11.7729938   5.0455688   8.4092813   -0.228    0.0000000  -0.0000001   0.0000000  1 1 1
@ION   23     O      5.0455688  11.7729938   8.4092813   -0.228   -0.0000000   0.0000001  -0.0000000  1 1 1
@ION   24     O      5.0455688   5.0455688   1.6818563   -0.230   -0.0000001  -0.0000001   0.0000000  1 1 1

 mean FX      =   0.00000004 Ry/a0
 mean FY      =   0.00000004 Ry/a0
 mean FZ      =   0.00000003 Ry/a0

 max FX       =   0.00000008 Ry/a0   (ion 9)
 max FY       =   0.00000009 Ry/a0   (ion 12)
 max FZ       =   0.00000014 Ry/a0   (ion 12)
 max F[x,y,z] =   0.00000014 Ry/a0
 max |F|      =   0.00000018 Ry/a0   (ion 12)

 sum FX       =  -0.00000027 Ry/a0
 sum FY       =  -0.00000022 Ry/a0
 sum FZ       =  -0.00000007 Ry/a0
 Average      =   0.00000019 Ry/a0
 sqrt < F^2 > =   0.00000005 Ry/a0

WriteRestart: Output file given as /dev/null, no restart data written ...


--------TIMING INFORMATION FOR Processor owned the most atoms----------------
                                        Total time               Per SCF/step

1-TOTAL                                             7.30                0.49
-----------------------------------------------------------------------------
  1-TOTAL: Init                                     1.14                0.08
  1-TOTAL: run                                      6.16                0.41
  ---------------------------------------------------------------------------
    1-TOTAL: run: Force                             0.51                0.03
    1-TOTAL: run: Scf steps                         5.52                0.37

2-Force                                             0.51                0.03
-----------------------------------------------------------------------------
  2-Force: core correction                          0.00                0.00
  2-Force: corrections                              0.12                0.01
  2-Force: ion-ion                                  0.08                0.01
  2-Force: local                                    0.13                0.01
  2-Force: non-local                                0.18                0.01
  2-Force: non-local-betaxpsi                       0.03                0.00
  2-Force: non-local-get gamma                      0.00                0.00
  2-Force: non-local-nlforce_par_Q                  0.02                0.00
  2-Force: non-local-nlforce_par_gamma              0.00                0.00
  2-Force: non-local-nlforce_par_omega              0.00                0.00
  2-Force: non-local-partial gamma                  0.00                0.00
  2-Force: non-local-veff grad                      0.01                0.00

2-Init                                              1.14                0.08
-----------------------------------------------------------------------------
  2-Init: GetNewRho                                 0.04                0.00
  2-Init: KpointClass                               0.37                0.02
  2-Init: LcaoGetPsi                                0.05                0.00
  2-Init: LcaoGetRho                                0.10                0.01
  2-Init: ReinitIonicPotentials                     0.14                0.01
  2-Init: betaxpsi                                  0.02                0.00
  2-Init: exchange/correlation                      0.03                0.00
  2-Init: hartree                                   0.02                0.00
  2-Init: normalization                             0.00                0.00
  2-Init: radial potentials                         0.23                0.02
  2-Init: subdiag                                   0.05                0.00
  2-Init: weights                                   0.01                0.00

2-Scf steps                                         5.52                0.37
-----------------------------------------------------------------------------
  2-Scf steps: Davidson                             3.11                0.21
  2-Scf steps: GetNewRho                            0.52                0.03
  2-Scf steps: Hartree                              0.41                0.03
  2-Scf steps: MgridSubspace                        0.86                0.06
  2-Scf steps: MixRho                               0.04                0.00
  2-Scf steps: exchange/correlation                 0.40                0.03

3-MgridSubspace                                     0.86                0.06
-----------------------------------------------------------------------------
  3-MgridSubspace: AppNls                           0.07                0.00
  3-MgridSubspace: Beta x psi                       0.10                0.01
  3-MgridSubspace: Diagonalization                  0.16                0.01
  3-MgridSubspace: Mg_eig                           0.53                0.04

3-ReinitIonicPotentials                             0.14                0.01
-----------------------------------------------------------------------------
  3-ReinitIonicPotentials: GetNlop                  0.01                0.00
  3-ReinitIonicPotentials: GetWeight                0.08                0.01
  3-ReinitIonicPotentials: get_QI                   0.00                0.00
  3-ReinitIonicPotentials: get_qqq                  0.00                0.00
  3-ReinitIonicPotentials: init_nuc                 0.05                0.00

4-Diagonalization                                   0.21                0.01
-----------------------------------------------------------------------------
  4-Diagonalization: ELPA/PDSYGVX/PZHEGVX           0.02                0.00
  4-Diagonalization: Hpsi                           0.12                0.01
  4-Diagonalization: MPI_Bcast                      0.00                0.00
  4-Diagonalization: Update orbitals                0.04                0.00
  ---------------------------------------------------------------------------
    4-Diagonalization: Update orbitals: gather           0.00                0.00
    4-Diagonalization: Update orbitals: gemm           0.03                0.00
  4-Diagonalization: matrix                         0.03                0.00
  ---------------------------------------------------------------------------
    4-Diagonalization: matrix: Allreduce            0.00                0.00
    4-Diagonalization: matrix: Gemm                 0.03                0.00

5-Functional                                        0.43                0.03
-----------------------------------------------------------------------------
  5-Functional: apply gradient                      0.05                0.00
  5-Functional: apply laplacian                     0.02                0.00
  5-Functional: libxc                               0.16                0.01
  5-Functional: vxc                                 0.43                0.03
  5-Functional: vxc grad                            0.25                0.02
  5-Functional: vxc local                           0.05                0.00
  5-Functional: vxc nonlocal                        0.00                0.00

6-Davidson                                          3.11                0.21
-----------------------------------------------------------------------------
  6-Davidson: Betaxpsi                              0.37                0.02
  6-Davidson: apply hamiltonian                     0.73                0.05
  6-Davidson: diagonalization                       0.27                0.02
  6-Davidson: generate residuals                    0.25                0.02
  6-Davidson: matrix setup/reduce                   0.42                0.03
  6-Davidson: normalization                         0.02                0.00
  6-Davidson: precondition                          0.85                0.06
  6-Davidson: rotate orbitals                       0.13                0.01

AppNls                                              0.41                0.03
-----------------------------------------------------------------------------
  AppNls: data_rearrange                            0.01                0.00
  ---------------------------------------------------------------------------
    AppNls: data_rearrange: alloc and zeros           0.00                0.00
    AppNls: data_rearrange: dnm                     0.00                0.00
    AppNls: data_rearrange: sint                    0.00                0.00
  AppNls: nv                                        0.35                0.02
  AppNls: nv_work                                   0.00                0.00

App_gradient                                        0.05                0.00

CPUFD                                               0.00                0.00

Compute Hpsi                                        0.12                0.01
-----------------------------------------------------------------------------
  Compute Hpsi: AppNls                              0.05                0.00
  Compute Hpsi: Threaded Apply H                    0.07                0.00

GlobalSums                                          0.14                0.01

Init                                                0.77                0.05

Init Voronoi                                        0.11                0.01

Mix rho                                             0.04                0.00
-----------------------------------------------------------------------------
  Mix rho: Broyden                                  0.03                0.00
  Mix rho: Linear                                   0.00                0.00

Orbital                                             0.00                0.00
-----------------------------------------------------------------------------
  Orbital: phase and set                            0.00                0.00
  Orbital: proj cal                                 0.00                0.00
  Trade images: trade_images                        0.00                0.00
  Trade images: trade_imagesx                       0.07                0.00

VhPfft                                              0.22                0.01

Weight                                              0.00                0.00

radial beta                                         0.18                0.01


------------------------- TIMING INFORMATION FOR THREADS  -------------------

                                           Min            Max            Avg
CPUFD                                      0.18           0.18           0.18
-----------------------------------------------------------------------------

GlobalSums                                 0.10           0.10           0.10
-----------------------------------------------------------------------------

Mg_eig                                     0.52           0.52           0.52
-----------------------------------------------------------------------------
  Mg_eig: apply hamiltonian                0.25           0.25           0.25
  Mg_eig: mgrid_solv                       0.15           0.15           0.15
  Trade images: trade_images               0.67           0.67           0.67
  Trade images: trade_imagesx              0.60           0.60           0.60
