RMG initialization ... 1 image(s) total, 1 per node. 32 MPI processes/image. Thread level 2.
FFT-FD  0.000000e+00   7.854626e-01   7.853958e-01   6.676882e-05
FFT-FD  1.000000e+00   7.854626e-01   7.853958e-01   6.676882e-05
IP=0 M = 0.000000e+00  -inf  6.676882e-05
FFT-FD  0.000000e+00   2.257188e+00   2.256865e+00   3.222449e-04
FFT-FD  1.000000e+00   2.257188e+00   2.256865e+00   3.222449e-04
IP=1 M = 0.000000e+00  -inf  3.222449e-04
FFT-FD  0.000000e+00   2.257188e+00   2.256865e+00   3.222449e-04
FFT-FD  1.000000e+00   2.257188e+00   2.256865e+00   3.222449e-04
IP=2 M = 0.000000e+00  -inf  3.222449e-04
FFT-FD  0.000000e+00   2.257188e+00   2.256865e+00   3.222449e-04
FFT-FD  1.000000e+00   2.257188e+00   2.256865e+00   3.222449e-04
IP=3 M = 0.000000e+00  -inf  3.222449e-04
FFT-FD  0.000000e+00   2.678435e-01   2.678433e-01   1.033592e-07
FFT-FD  1.000000e+00   2.678435e-01   2.678433e-01   1.033592e-07
IP=0 M = 0.000000e+00  -inf  1.033592e-07
FFT-FD  0.000000e+00   3.882435e-01   3.882435e-01   1.583544e-09
FFT-FD  1.000000e+00   3.882435e-01   3.882435e-01   1.583544e-09
IP=1 M = 0.000000e+00  -inf  1.583544e-09
FFT-FD  0.000000e+00   3.882435e-01   3.882435e-01   1.583544e-09
FFT-FD  1.000000e+00   3.882435e-01   3.882435e-01   1.583544e-09
IP=2 M = 0.000000e+00  -inf  1.583544e-09
FFT-FD  0.000000e+00   3.882435e-01   3.882435e-01   1.583543e-09
FFT-FD  1.000000e+00   3.882435e-01   3.882435e-01   1.583543e-09
IP=3 M = 0.000000e+00  -inf  1.583543e-09
NEWCFAC = 0.000000  0.000000


                     * * * * * * * * * *
                     *    R   M   G    *
                     * * * * * * * * * *

     -- A Real Space Multigrid Electronic structure code --
     --      More information at www.rmgdft.org          --

Code Revision:     v5.1.0_53_g887bfc3b
Build Date:        May 15 2023  14:30:00
Start time:        Wed May 17 14:06:15 2023

NOTICE: RMG internal pseudopotentials have switched to
ONCVP from Ultrasoft. You can revert to Ultrasoft by
adding the input tag internal_pseudo_type="ultrasoft" to
your input files.


Files
   Control input file:        input2
   Data output file:          /dev/null

Run Setup
    Calculation type:         Quench electrons - Fixed ions SCF calculation
    Description:              SiO2
    Orbital Initialization:   LCAO (96 LCAO and 0 random orbitals)
    Exchange Correlation:     pbe
    Spin Polarization:        OFF
    System charge:            Neutral

Processor Topology
   Total PEs:                 32
   X direction:               4
   Y direction:               4
   Z direction:               2
   MG Threads/PE:             1
   OMP Threads/PE:            1

Grid Points  (Linear Anisotropy: 1.000)
    X:  Total: 44   Per PE: 11   Spacing:0.306 a0  
    Y:  Total: 44   Per PE: 11   Spacing:0.306 a0  
    Z:  Total: 44   Per PE: 22   Spacing:0.306 a0  

    Equivalent energy cutoffs (psi,rho):   105.547    422.189 Ry

    Charge density grid:         2 times finer

Coordinate planes
  Planar Anisotropy: 1.000
  A0-A1 density:    10.694
  A0-A2 density:    10.694
  A1-A2 density:    10.694


Lattice (Cell) Setup
    Type:                       Orthorhombic_primitive
    Volume (a0^3):               2435.77
    Boundary conditions:        Periodic

    X Basis Vector:      13.455       0.000       0.000 a0
    Y Basis Vector:       0.000      13.455       0.000 a0
    Z Basis Vector:       0.000       0.000      13.455 a0
    X Reci Vector:       0.074      -0.000       0.000 a0
    Y Reci Vector:       0.000       0.074       0.000 a0
    Z Reci Vector:       0.000      -0.000       0.074 a0

K-points
    Gamma Point Only (real orbitals)

Atoms and States
    Number of ions:                          24
    Number of species:                       2
    Number of states:                        79

Run Parameters
    SCF Convergence criterion (potential):   1.00e-10
    SCF Convergence criterion (energy):      1.00e-10
    Max SCF steps:                           30

SCF Cycle Settings
    Charge density mixing:                   Broyden
    Hartree Solver:                          PFFT
    Interpolation type:                      FFT

Finite Difference parameters
    Kohn Sham FD Order:                      12  
    Force Gradient Order:                    FFT
    Adaptive Finite Differencing:            Off

Subspace Diagonalization Options
    Frequency:                               every 1 SCF step(s)
    Driver:                                  ScaLapack
    Initial diagonalization:                 ON
    Folded spectrum:                         OFF

Filtering Cutoff  Parameters
    Wavefunction grid (cparm):               0.800
    Charge density grid (rhocparm):          1.000
    Filter factor:                           1.000

Multigrid (MG) Parameters
    Psi MG levels:                           3
    Psi global step:                         0.660 
    Psi pre:                                 2
    Psi post:                                2

Davidson Parameters
    Davidson multiplier:                     4
    Davidson max step:                       8
    Davidson unocc tol factor:               1000.000

Blas Libraries
    CPU support with openblas-parallel.


Atomic Species Information
(PP = Pseudopotential, US = Ultrasoft, NC = Norm Conserving)
-------------------------------------------------------------------------
|Index|Symbol| Mass|Valence| PP |  Comp  |Local| Local|Nlocal|    PP    |
|     |      |     |       |Type|Gaussian|  l  |Radius|Radius|Functional|
-------------------------------------------------------------------------
|    1|     O| 15.0|   6.00|  NC|    0.50|   -1| 10.00|  7.00|       PBE|
|    2|    Si| 28.0|   4.00|  NC|    0.50|   -1| 10.00|  7.00|       PBE|
-------------------------------------------------------------------------

Pseudopotential generation information:
   O pseudopotential file: ./@Internal
      Generation info     : Generated using ONCVPSP code by D. R. Hamann
      Author info         : anonymous
  Si pseudopotential file: ./@Internal
      Generation info     : Generated using ONCVPSP code by D. R. Hamann
      Author info         : anonymous


Memory usage (Mbytes):     Min        Max       Total
    wave functions          6.73       6.73     215.38
    beta-functions          4.09       4.09     130.88



Initial Ionic Positions And Displacements (Bohr)
Species      X           Y           Z           dX          dY          dZ
  Si       0.0000      0.0000      0.0000      0.0000      0.0000      0.0000
  Si       3.3637      3.3637      3.3637      0.0000      0.0000      0.0000
  Si      10.0911      3.3637     10.0911      0.0000      0.0000      0.0000
  Si       3.3637     10.0911     10.0911      0.0000      0.0000      0.0000
  Si      10.0911     10.0911      3.3637      0.0000      0.0000      0.0000
  Si       0.0000      6.7274      6.7274      0.0000      0.0000      0.0000
  Si       6.7274      0.0000      6.7274      0.0000      0.0000      0.0000
  Si       6.7274      6.7274      0.0000      0.0000      0.0000      0.0000
  O        1.6819      1.6819      1.6819      0.0000      0.0000      0.0000
  O       11.7730      1.6819     11.7730      0.0000      0.0000      0.0000
  O        1.6819     11.7730     11.7730      0.0000      0.0000      0.0000
  O       11.7730     11.7730      1.6819      0.0000      0.0000      0.0000
  O        1.6819      8.4093      8.4093      0.0000      0.0000      0.0000
  O        8.4093      1.6819      8.4093      0.0000      0.0000      0.0000
  O        8.4093      8.4093      1.6819      0.0000      0.0000      0.0000
  O       11.7730      8.4093      5.0456      0.0000      0.0000      0.0000
  O        5.0456      1.6819      5.0456      0.0000      0.0000      0.0000
  O        5.0456      8.4093     11.7730      0.0000      0.0000      0.0000
  O        1.6819      5.0456      5.0456      0.0000      0.0000      0.0000
  O        8.4093     11.7730      5.0456      0.0000      0.0000      0.0000
  O        8.4093      5.0456     11.7730      0.0000      0.0000      0.0000
  O       11.7730      5.0456      8.4093      0.0000      0.0000      0.0000
  O        5.0456     11.7730      8.4093      0.0000      0.0000      0.0000
  O        5.0456      5.0456      1.6819      0.0000      0.0000      0.0000


Initial Ionic Positions And Displacements (Angstrom)
Species      X           Y           Z           dX          dY          dZ
  Si       0.0000      0.0000      0.0000      0.0000      0.0000      0.0000
  Si       1.7800      1.7800      1.7800      0.0000      0.0000      0.0000
  Si       5.3400      1.7800      5.3400      0.0000      0.0000      0.0000
  Si       1.7800      5.3400      5.3400      0.0000      0.0000      0.0000
  Si       5.3400      5.3400      1.7800      0.0000      0.0000      0.0000
  Si       0.0000      3.5600      3.5600      0.0000      0.0000      0.0000
  Si       3.5600      0.0000      3.5600      0.0000      0.0000      0.0000
  Si       3.5600      3.5600      0.0000      0.0000      0.0000      0.0000
  O        0.8900      0.8900      0.8900      0.0000      0.0000      0.0000
  O        6.2300      0.8900      6.2300      0.0000      0.0000      0.0000
  O        0.8900      6.2300      6.2300      0.0000      0.0000      0.0000
  O        6.2300      6.2300      0.8900      0.0000      0.0000      0.0000
  O        0.8900      4.4500      4.4500      0.0000      0.0000      0.0000
  O        4.4500      0.8900      4.4500      0.0000      0.0000      0.0000
  O        4.4500      4.4500      0.8900      0.0000      0.0000      0.0000
  O        6.2300      4.4500      2.6700      0.0000      0.0000      0.0000
  O        2.6700      0.8900      2.6700      0.0000      0.0000      0.0000
  O        2.6700      4.4500      6.2300      0.0000      0.0000      0.0000
  O        0.8900      2.6700      2.6700      0.0000      0.0000      0.0000
  O        4.4500      6.2300      2.6700      0.0000      0.0000      0.0000
  O        4.4500      2.6700      6.2300      0.0000      0.0000      0.0000
  O        6.2300      2.6700      4.4500      0.0000      0.0000      0.0000
  O        2.6700      6.2300      4.4500      0.0000      0.0000      0.0000
  O        2.6700      2.6700      0.8900      0.0000      0.0000      0.0000

Diagonalization using scalapack for step=0  count=0



KOHN SHAM EIGENVALUES [eV] AT K-POINT [  0]:       0.000000      0.000000      0.000000

[kpt   0  -1   0]   -22.2087 [2.000]   -21.3872 [2.000]   -21.3872 [2.000]   -21.3872 [2.000]   -21.3872 [2.000]
[kpt   0  -1   1]   -21.3872 [2.000]   -21.3872 [2.000]   -20.2931 [2.000]   -20.2931 [2.000]   -20.2931 [2.000]
[kpt   0  -1   2]   -20.2733 [2.000]   -20.2733 [2.000]   -20.2733 [2.000]   -20.2733 [2.000]   -20.2733 [2.000]
[kpt   0  -1   3]   -20.2733 [2.000]   -11.9766 [2.000]    -9.9004 [2.000]    -9.9004 [2.000]    -9.9004 [2.000]
[kpt   0  -1   4]    -9.9004 [2.000]    -9.9004 [2.000]    -9.9004 [2.000]    -8.2293 [2.000]    -8.2293 [2.000]
[kpt   0  -1   5]    -8.2293 [2.000]    -7.9152 [2.000]    -7.9152 [2.000]    -7.9152 [2.000]    -7.9152 [2.000]
[kpt   0  -1   6]    -7.9152 [2.000]    -7.9152 [2.000]    -5.0402 [2.000]    -5.0402 [2.000]    -5.0402 [2.000]
[kpt   0  -1   7]    -5.0402 [2.000]    -5.0402 [2.000]    -5.0402 [2.000]    -4.9457 [2.000]    -4.9457 [2.000]
[kpt   0  -1   8]    -4.7550 [2.000]    -4.7550 [2.000]    -4.7550 [2.000]    -4.7550 [2.000]    -4.7550 [2.000]
[kpt   0  -1   9]    -4.7550 [2.000]    -4.5254 [2.000]    -4.5254 [2.000]    -4.5254 [2.000]    -3.9954 [2.000]
[kpt   0  -1  10]    -3.9954 [2.000]    -3.9954 [2.000]    -3.9954 [2.000]    -3.9954 [2.000]    -3.9954 [2.000]
[kpt   0  -1  11]    -3.4151 [2.000]    -3.4151 [2.000]    -3.4151 [2.000]    -3.4151 [2.000]    -3.4151 [2.000]
[kpt   0  -1  12]    -3.4151 [2.000]    -2.9430 [2.000]    -2.9430 [2.000]    -2.9430 [2.000]     7.6015 [0.000]
[kpt   0  -1  13]    10.2709 [0.000]    10.2709 [0.000]    10.2709 [0.000]    10.2709 [0.000]    10.2709 [0.000]
[kpt   0  -1  14]    10.2709 [0.000]    12.4051 [0.000]    12.4051 [0.000]    12.4051 [0.000]    13.3683 [0.000]
[kpt   0  -1  15]    13.3683 [0.000]    13.3683 [0.000]    13.3683 [0.000]    13.3683 [0.000]    13.3683 [0.000]
[kpt   0  -1  16]    15.0366 [0.000]    15.0366 [0.000]    15.0366 [0.000]    15.0366 [0.000]    15.0366 [0.000]
[kpt   0  -1  17]    15.0366 [0.000]    15.3543 [0.000]    15.3543 [0.000]    15.3543 [0.000]    15.3543 [0.000]
[kpt   0  -1  18]    15.3543 [0.000]    15.3543 [0.000]    16.6389 [0.000]    16.6389 [0.000]    16.6389 [0.000]
[kpt   0  -1  19]    17.1976 [0.000]


Charge normalization constant -1.0: -8.437695e-15
Charge density mixing: Linear with a constant of 0.50 

Diagonalization using scalapack for step=0  count=1


FERMI ENERGY =     -0.21700741 eV
@@ EIGENVALUE SUM     =      -66.953163 Ry
@@ ION_ION            =     -272.916107 Ry
@@ ELECTROSTATIC      =     -284.872492 Ry
@@ VXC                =     -179.035917 Ry
@@ EXC                =     -137.839725 Ry
@@ TOTAL ENERGY       =     -583.545570 Ry
@@ estimated error    =   ****************
Charge normalization constant -1.0: 2.220446e-16
Charge density mixing: Linear with a constant of 0.50 
WriteRestart: Output file given as /dev/null, no restart data written ...


KOHN SHAM EIGENVALUES [eV] AT K-POINT [  0]:       0.000000      0.000000      0.000000

[kpt   0   0   0]   -19.8076 [2.000]   -18.8440 [2.000]   -18.8436 [2.000]   -18.8395 [2.000]   -18.8342 [2.000]
[kpt   0   0   1]   -18.8303 [2.000]   -18.8223 [2.000]   -17.5516 [2.000]   -17.5420 [2.000]   -17.5351 [2.000]
[kpt   0   0   2]   -17.5276 [2.000]   -17.5251 [2.000]   -17.5214 [2.000]   -17.5199 [2.000]   -17.5187 [2.000]
[kpt   0   0   3]   -17.5141 [2.000]    -9.7223 [2.000]    -7.5036 [2.000]    -7.4962 [2.000]    -7.4930 [2.000]
[kpt   0   0   4]    -7.4875 [2.000]    -7.4818 [2.000]    -7.4778 [2.000]    -5.9169 [2.000]    -5.9077 [2.000]
[kpt   0   0   5]    -5.9039 [2.000]    -5.2395 [2.000]    -5.2362 [2.000]    -5.2348 [2.000]    -5.2277 [2.000]
[kpt   0   0   6]    -5.2223 [2.000]    -5.2206 [2.000]    -3.0066 [2.000]    -3.0032 [2.000]    -3.0020 [2.000]
[kpt   0   0   7]    -3.0005 [2.000]    -2.9987 [2.000]    -2.9985 [2.000]    -2.8046 [2.000]    -2.8044 [2.000]
[kpt   0   0   8]    -2.6738 [2.000]    -2.6730 [2.000]    -2.6686 [2.000]    -2.6681 [2.000]    -2.6634 [2.000]
[kpt   0   0   9]    -2.6462 [2.000]    -2.0995 [2.000]    -2.0990 [2.000]    -2.0889 [2.000]    -1.6175 [2.000]
[kpt   0   0  10]    -1.6170 [2.000]    -1.6108 [2.000]    -1.6083 [2.000]    -1.6069 [2.000]    -1.6026 [2.000]
[kpt   0   0  11]    -0.8194 [2.000]    -0.8192 [2.000]    -0.8189 [2.000]    -0.8150 [2.000]    -0.8144 [2.000]
[kpt   0   0  12]    -0.8130 [2.000]    -0.2244 [2.000]    -0.2198 [2.000]    -0.2170 [2.000]     8.3841 [0.000]
[kpt   0   0  13]    10.9171 [0.000]    10.9192 [0.000]    10.9259 [0.000]    10.9377 [0.000]    10.9394 [0.000]
[kpt   0   0  14]    10.9446 [0.000]    12.1461 [0.000]    12.1683 [0.000]    12.1689 [0.000]    13.9120 [0.000]
[kpt   0   0  15]    13.9121 [0.000]    13.9164 [0.000]    13.9212 [0.000]    13.9253 [0.000]



Total charge in supercell =     128.00000000
 quench: [md:   0/100  scf:   0/30  step time:   0.19  scf time:     0.25 secs  RMS[dV]: 5.24e-02 ]


average potential <V> = 5.74e-16

Diagonalization using scalapack for step=1  count=2


FERMI ENERGY =      1.29413584 eV
@@ EIGENVALUE SUM     =      -55.803860 Ry
@@ ION_ION            =     -272.916107 Ry
@@ ELECTROSTATIC      =     -297.392449 Ry
@@ VXC                =     -182.339237 Ry
@@ EXC                =     -140.408405 Ry
@@ TOTAL ENERGY       =     -584.181584 Ry
@@ estimated error    =        6.85e-01 Ry
Charge normalization constant -1.0: 1.110223e-15
Charge density mixing: Linear with a constant of 0.50 


KOHN SHAM EIGENVALUES [eV] AT K-POINT [  0]:       0.000000      0.000000      0.000000

[kpt   0   1   0]   -18.6000 [2.000]   -17.5804 [2.000]   -17.5773 [2.000]   -17.5627 [2.000]   -17.5548 [2.000]
[kpt   0   1   1]   -17.5493 [2.000]   -17.5391 [2.000]   -16.0954 [2.000]   -16.0902 [2.000]   -16.0821 [2.000]
[kpt   0   1   2]   -16.0778 [2.000]   -16.0745 [2.000]   -16.0690 [2.000]   -16.0609 [2.000]   -16.0546 [2.000]
[kpt   0   1   3]   -16.0497 [2.000]    -9.3388 [2.000]    -6.8352 [2.000]    -6.8338 [2.000]    -6.8297 [2.000]
[kpt   0   1   4]    -6.8284 [2.000]    -6.8220 [2.000]    -6.8088 [2.000]    -5.0328 [2.000]    -5.0271 [2.000]
[kpt   0   1   5]    -5.0259 [2.000]    -4.3829 [2.000]    -4.3819 [2.000]    -4.3792 [2.000]    -4.3758 [2.000]
[kpt   0   1   6]    -4.3695 [2.000]    -4.3684 [2.000]    -1.7918 [2.000]    -1.7886 [2.000]    -1.7866 [2.000]
[kpt   0   1   7]    -1.7851 [2.000]    -1.7798 [2.000]    -1.7759 [2.000]    -1.5229 [2.000]    -1.5216 [2.000]
[kpt   0   1   8]    -1.4462 [2.000]    -1.4412 [2.000]    -1.4393 [2.000]    -1.4388 [2.000]    -1.4298 [2.000]
[kpt   0   1   9]    -1.4228 [2.000]    -0.9067 [2.000]    -0.9047 [2.000]    -0.9042 [2.000]    -0.2836 [2.000]
[kpt   0   1  10]    -0.2763 [2.000]    -0.2744 [2.000]    -0.2722 [2.000]    -0.2696 [2.000]    -0.2627 [2.000]
[kpt   0   1  11]     0.5732 [2.000]     0.5763 [2.000]     0.5799 [2.000]     0.5815 [2.000]     0.5823 [2.000]
[kpt   0   1  12]     0.5869 [2.000]     1.2909 [2.000]     1.2928 [2.000]     1.2941 [2.000]     8.7927 [0.000]
[kpt   0   1  13]    11.2837 [0.000]    11.2959 [0.000]    11.2976 [0.000]    11.2994 [0.000]    11.3080 [0.000]
[kpt   0   1  14]    11.3091 [0.000]    11.7839 [0.000]    11.8100 [0.000]    11.8109 [0.000]    14.1349 [0.000]
[kpt   0   1  15]    14.1359 [0.000]    14.1391 [0.000]    14.1443 [0.000]    47.3025 [0.000]



Total charge in supercell =     128.00000000
 quench: [md:   0/100  scf:   1/30  step time:   0.17  scf time:     0.42 secs  RMS[dV]: 3.07e-02 ]


average potential <V> = -5.50e-16

Diagonalization using scalapack for step=2  count=3


FERMI ENERGY =      1.72412784 eV
@@ EIGENVALUE SUM     =      -53.406338 Ry
@@ ION_ION            =     -272.916107 Ry
@@ ELECTROSTATIC      =     -296.969420 Ry
@@ VXC                =     -181.948217 Ry
@@ EXC                =     -140.101521 Ry
@@ TOTAL ENERGY       =     -581.445168 Ry
@@ estimated error    =        1.79e-01 Ry
Charge normalization constant -1.0: 6.661338e-16
Charge density mixing: Linear with a constant of 0.50 


KOHN SHAM EIGENVALUES [eV] AT K-POINT [  0]:       0.000000      0.000000      0.000000

[kpt   0   2   0]   -18.3819 [2.000]   -17.3585 [2.000]   -17.3471 [2.000]   -17.3403 [2.000]   -17.3302 [2.000]
[kpt   0   2   1]   -17.3273 [2.000]   -17.3098 [2.000]   -15.8616 [2.000]   -15.8548 [2.000]   -15.8514 [2.000]
[kpt   0   2   2]   -15.8438 [2.000]   -15.8388 [2.000]   -15.8322 [2.000]   -15.8106 [2.000]   -15.7958 [2.000]
[kpt   0   2   3]   -15.7914 [2.000]    -9.1937 [2.000]    -6.6568 [2.000]    -6.6516 [2.000]    -6.6496 [2.000]
[kpt   0   2   4]    -6.6480 [2.000]    -6.6472 [2.000]    -6.6364 [2.000]    -4.8365 [2.000]    -4.8305 [2.000]
[kpt   0   2   5]    -4.8298 [2.000]    -4.1946 [2.000]    -4.1928 [2.000]    -4.1872 [2.000]    -4.1849 [2.000]
[kpt   0   2   6]    -4.1805 [2.000]    -4.1758 [2.000]    -1.5626 [2.000]    -1.5584 [2.000]    -1.5536 [2.000]
[kpt   0   2   7]    -1.5495 [2.000]    -1.5471 [2.000]    -1.5399 [2.000]    -1.2801 [2.000]    -1.2796 [2.000]
[kpt   0   2   8]    -1.1721 [2.000]    -1.1593 [2.000]    -1.1577 [2.000]    -1.1558 [2.000]    -1.1536 [2.000]
[kpt   0   2   9]    -1.1496 [2.000]    -0.6607 [2.000]    -0.6559 [2.000]    -0.6508 [2.000]     0.0215 [2.000]
[kpt   0   2  10]     0.0272 [2.000]     0.0357 [2.000]     0.0409 [2.000]     0.0440 [2.000]     0.0567 [2.000]
[kpt   0   2  11]     0.9302 [2.000]     0.9343 [2.000]     0.9394 [2.000]     0.9431 [2.000]     0.9470 [2.000]
[kpt   0   2  12]     0.9561 [2.000]     1.7194 [2.000]     1.7234 [2.000]     1.7241 [2.000]     8.6226 [0.000]
[kpt   0   2  13]    11.2177 [0.000]    11.2292 [0.000]    11.2336 [0.000]    11.2351 [0.000]    11.2407 [0.000]
[kpt   0   2  14]    11.2444 [0.000]    11.4659 [0.000]    11.4893 [0.000]    11.4897 [0.000]    14.0596 [0.000]
[kpt   0   2  15]    14.0599 [0.000]    14.0635 [0.000]    14.0646 [0.000]    46.6577 [0.000]



Total charge in supercell =     128.00000000
 quench: [md:   0/100  scf:   2/30  step time:   0.17  scf time:     0.59 secs  RMS[dV]: 1.45e-02 ]


average potential <V> = 9.08e-17

Diagonalization using scalapack for step=3  count=4


FERMI ENERGY =      1.62690314 eV
@@ EIGENVALUE SUM     =      -54.556024 Ry
@@ ION_ION            =     -272.916107 Ry
@@ ELECTROSTATIC      =     -292.940030 Ry
@@ VXC                =     -180.601675 Ry
@@ EXC                =     -139.051146 Ry
@@ TOTAL ENERGY       =     -578.861632 Ry
@@ estimated error    =        2.94e-01 Ry
Charge normalization constant -1.0: -4.440892e-16
Charge density mixing: Linear with a constant of 0.50 


KOHN SHAM EIGENVALUES [eV] AT K-POINT [  0]:       0.000000      0.000000      0.000000

[kpt   0   3   0]   -18.5125 [2.000]   -17.5022 [2.000]   -17.4949 [2.000]   -17.4890 [2.000]   -17.4781 [2.000]
[kpt   0   3   1]   -17.4772 [2.000]   -17.4585 [2.000]   -16.0473 [2.000]   -16.0409 [2.000]   -16.0386 [2.000]
[kpt   0   3   2]   -16.0351 [2.000]   -16.0212 [2.000]   -16.0137 [2.000]   -15.9988 [2.000]   -15.9808 [2.000]
[kpt   0   3   3]   -15.9744 [2.000]    -9.2283 [2.000]    -6.7241 [2.000]    -6.7222 [2.000]    -6.7200 [2.000]
[kpt   0   3   4]    -6.7183 [2.000]    -6.7163 [2.000]    -6.7026 [2.000]    -4.9120 [2.000]    -4.9048 [2.000]
[kpt   0   3   5]    -4.9021 [2.000]    -4.2748 [2.000]    -4.2742 [2.000]    -4.2714 [2.000]    -4.2686 [2.000]
[kpt   0   3   6]    -4.2570 [2.000]    -4.2554 [2.000]    -1.6971 [2.000]    -1.6941 [2.000]    -1.6927 [2.000]
[kpt   0   3   7]    -1.6888 [2.000]    -1.6840 [2.000]    -1.6811 [2.000]    -1.4278 [2.000]    -1.4275 [2.000]
[kpt   0   3   8]    -1.2751 [2.000]    -1.2744 [2.000]    -1.2674 [2.000]    -1.2651 [2.000]    -1.2618 [2.000]
[kpt   0   3   9]    -1.2605 [2.000]    -0.7948 [2.000]    -0.7920 [2.000]    -0.7910 [2.000]    -0.1019 [2.000]
[kpt   0   3  10]    -0.0982 [2.000]    -0.0973 [2.000]    -0.0966 [2.000]    -0.0887 [2.000]    -0.0848 [2.000]
[kpt   0   3  11]     0.8175 [2.000]     0.8209 [2.000]     0.8220 [2.000]     0.8261 [2.000]     0.8313 [2.000]
[kpt   0   3  12]     0.8341 [2.000]     1.6210 [2.000]     1.6220 [2.000]     1.6269 [2.000]     8.3308 [0.000]
[kpt   0   3  13]    11.0178 [0.000]    11.0274 [0.000]    11.0331 [0.000]    11.0344 [0.000]    11.0403 [0.000]
[kpt   0   3  14]    11.0442 [0.000]    11.2501 [0.000]    11.2725 [0.000]    11.2732 [0.000]    13.8574 [0.000]
[kpt   0   3  15]    13.8580 [0.000]    13.8608 [0.000]    13.8618 [0.000]    45.9399 [0.000]



Total charge in supercell =     128.00000000
 quench: [md:   0/100  scf:   3/30  step time:   0.17  scf time:     0.76 secs  RMS[dV]: 1.42e-02 ]


average potential <V> = 1.60e-17
Davidson converged in 3 steps

FERMI ENERGY =      1.58088086 eV
@@ EIGENVALUE SUM     =      -55.656288 Ry
@@ ION_ION            =     -272.916107 Ry
@@ ELECTROSTATIC      =     -289.328101 Ry
@@ VXC                =     -179.442657 Ry
@@ EXC                =     -138.146899 Ry
@@ TOTAL ENERGY       =     -576.604738 Ry
@@ estimated error    =        1.88e-01 Ry
Charge normalization constant -1.0: 8.881784e-16
Charge density mixing: Broyden


KOHN SHAM EIGENVALUES [eV] AT K-POINT [  0]:       0.000000      0.000000      0.000000

[kpt   0   4   0]   -18.6391 [2.000]   -17.6495 [2.000]   -17.6364 [2.000]   -17.6314 [2.000]   -17.6245 [2.000]
[kpt   0   4   1]   -17.6151 [2.000]   -17.5946 [2.000]   -16.2340 [2.000]   -16.2200 [2.000]   -16.2109 [2.000]
[kpt   0   4   2]   -16.2087 [2.000]   -16.1976 [2.000]   -16.1878 [2.000]   -16.1859 [2.000]   -16.1645 [2.000]
[kpt   0   4   3]   -16.1325 [2.000]    -9.3215 [2.000]    -6.8464 [2.000]    -6.8366 [2.000]    -6.8330 [2.000]
[kpt   0   4   4]    -6.8289 [2.000]    -6.8208 [2.000]    -6.8043 [2.000]    -5.0157 [2.000]    -5.0024 [2.000]
[kpt   0   4   5]    -4.9958 [2.000]    -4.3869 [2.000]    -4.3781 [2.000]    -4.3688 [2.000]    -4.3660 [2.000]
[kpt   0   4   6]    -4.3579 [2.000]    -4.3375 [2.000]    -1.8379 [2.000]    -1.8335 [2.000]    -1.8275 [2.000]
[kpt   0   4   7]    -1.8206 [2.000]    -1.8168 [2.000]    -1.8084 [2.000]    -1.5521 [2.000]    -1.5507 [2.000]
[kpt   0   4   8]    -1.3958 [2.000]    -1.3918 [2.000]    -1.3830 [2.000]    -1.3760 [2.000]    -1.3726 [2.000]
[kpt   0   4   9]    -1.3620 [2.000]    -0.9024 [2.000]    -0.9014 [2.000]    -0.9003 [2.000]    -0.2097 [2.000]
[kpt   0   4  10]    -0.2047 [2.000]    -0.1977 [2.000]    -0.1856 [2.000]    -0.1821 [2.000]    -0.1705 [2.000]
[kpt   0   4  11]     0.7300 [2.000]     0.7353 [2.000]     0.7446 [2.000]     0.7514 [2.000]     0.7579 [2.000]
[kpt   0   4  12]     0.7677 [2.000]     1.5598 [2.000]     1.5675 [2.000]     1.5809 [2.000]     7.2773 [0.000]
[kpt   0   4  13]    10.0438 [0.000]    10.0450 [0.000]    10.0492 [0.000]    10.0546 [0.000]    10.0704 [0.000]
[kpt   0   4  14]    10.0707 [0.000]    10.5559 [0.000]    10.5785 [0.000]    10.5801 [0.000]    13.3088 [0.000]
[kpt   0   4  15]    13.3123 [0.000]    13.3141 [0.000]    13.3159 [0.000]    13.3210 [0.000]



Total charge in supercell =     128.00000000
 quench: [md:   0/100  scf:   4/30  step time:   0.22  scf time:     0.98 secs  RMS[dV]: 1.09e-02 ]


average potential <V> = -5.04e-16
Davidson converged in 2 steps

FERMI ENERGY =      0.90329923 eV
@@ EIGENVALUE SUM     =      -60.253934 Ry
@@ ION_ION            =     -272.916107 Ry
@@ ELECTROSTATIC      =     -284.314410 Ry
@@ VXC                =     -177.925763 Ry
@@ EXC                =     -136.963352 Ry
@@ TOTAL ENERGY       =     -576.522038 Ry
@@ estimated error    =        2.53e-01 Ry
Charge normalization constant -1.0: -2.220446e-16
Charge density mixing: Broyden


KOHN SHAM EIGENVALUES [eV] AT K-POINT [  0]:       0.000000      0.000000      0.000000

[kpt   0   5   0]   -19.0943 [2.000]   -18.1310 [2.000]   -18.1202 [2.000]   -18.1150 [2.000]   -18.1147 [2.000]
[kpt   0   5   1]   -18.1112 [2.000]   -18.1024 [2.000]   -16.7921 [2.000]   -16.7767 [2.000]   -16.7757 [2.000]
[kpt   0   5   2]   -16.7713 [2.000]   -16.7676 [2.000]   -16.7606 [2.000]   -16.7468 [2.000]   -16.7429 [2.000]
[kpt   0   5   3]   -16.7285 [2.000]    -9.5414 [2.000]    -7.1567 [2.000]    -7.1477 [2.000]    -7.1456 [2.000]
[kpt   0   5   4]    -7.1439 [2.000]    -7.1410 [2.000]    -7.1334 [2.000]    -5.3695 [2.000]    -5.3652 [2.000]
[kpt   0   5   5]    -5.3587 [2.000]    -4.7696 [2.000]    -4.7587 [2.000]    -4.7574 [2.000]    -4.7547 [2.000]
[kpt   0   5   6]    -4.7510 [2.000]    -4.7433 [2.000]    -2.2954 [2.000]    -2.2906 [2.000]    -2.2885 [2.000]
[kpt   0   5   7]    -2.2855 [2.000]    -2.2812 [2.000]    -2.2793 [2.000]    -2.0499 [2.000]    -2.0493 [2.000]
[kpt   0   5   8]    -1.8639 [2.000]    -1.8597 [2.000]    -1.8574 [2.000]    -1.8557 [2.000]    -1.8510 [2.000]
[kpt   0   5   9]    -1.8490 [2.000]    -1.4253 [2.000]    -1.4248 [2.000]    -1.4246 [2.000]    -0.7608 [2.000]
[kpt   0   5  10]    -0.7561 [2.000]    -0.7534 [2.000]    -0.7503 [2.000]    -0.7457 [2.000]    -0.7433 [2.000]
[kpt   0   5  11]     0.1290 [2.000]     0.1354 [2.000]     0.1373 [2.000]     0.1401 [2.000]     0.1460 [2.000]
[kpt   0   5  12]     0.1484 [2.000]     0.8927 [2.000]     0.8992 [2.000]     0.9033 [2.000]     6.8707 [0.000]
[kpt   0   5  13]     9.7608 [0.000]     9.7623 [0.000]     9.7629 [0.000]     9.7635 [0.000]     9.7675 [0.000]
[kpt   0   5  14]     9.7699 [0.000]    10.5157 [0.000]    10.5220 [0.000]    10.5322 [0.000]    13.0181 [0.000]
[kpt   0   5  15]    13.0194 [0.000]    13.0219 [0.000]    13.0238 [0.000]    13.0292 [0.000]



Total charge in supercell =     128.00000000
 quench: [md:   0/100  scf:   5/30  step time:   0.20  scf time:     1.18 secs  RMS[dV]: 1.20e-02 ]


average potential <V> = -4.24e-16
Davidson converged in 2 steps

FERMI ENERGY =      1.07382449 eV
@@ EIGENVALUE SUM     =      -58.700990 Ry
@@ ION_ION            =     -272.916107 Ry
@@ ELECTROSTATIC      =     -285.957293 Ry
@@ VXC                =     -178.342230 Ry
@@ EXC                =     -137.286124 Ry
@@ TOTAL ENERGY       =     -576.518284 Ry
@@ estimated error    =        1.55e-02 Ry
Charge normalization constant -1.0: 1.110223e-15
Charge density mixing: Broyden


KOHN SHAM EIGENVALUES [eV] AT K-POINT [  0]:       0.000000      0.000000      0.000000

[kpt   0   6   0]   -18.9281 [2.000]   -17.9464 [2.000]   -17.9447 [2.000]   -17.9440 [2.000]   -17.9438 [2.000]
[kpt   0   6   1]   -17.9433 [2.000]   -17.9416 [2.000]   -16.5938 [2.000]   -16.5919 [2.000]   -16.5913 [2.000]
[kpt   0   6   2]   -16.5908 [2.000]   -16.5905 [2.000]   -16.5886 [2.000]   -16.5613 [2.000]   -16.5591 [2.000]
[kpt   0   6   3]   -16.5576 [2.000]    -9.3837 [2.000]    -6.9757 [2.000]    -6.9749 [2.000]    -6.9744 [2.000]
[kpt   0   6   4]    -6.9741 [2.000]    -6.9737 [2.000]    -6.9723 [2.000]    -5.1992 [2.000]    -5.1981 [2.000]
[kpt   0   6   5]    -5.1974 [2.000]    -4.5744 [2.000]    -4.5730 [2.000]    -4.5726 [2.000]    -4.5722 [2.000]
[kpt   0   6   6]    -4.5719 [2.000]    -4.5702 [2.000]    -2.1484 [2.000]    -2.1480 [2.000]    -2.1473 [2.000]
[kpt   0   6   7]    -2.1470 [2.000]    -2.1464 [2.000]    -2.1458 [2.000]    -1.9046 [2.000]    -1.9043 [2.000]
[kpt   0   6   8]    -1.7149 [2.000]    -1.7146 [2.000]    -1.7131 [2.000]    -1.7130 [2.000]    -1.7129 [2.000]
[kpt   0   6   9]    -1.7116 [2.000]    -1.2591 [2.000]    -1.2588 [2.000]    -1.2587 [2.000]    -0.5975 [2.000]
[kpt   0   6  10]    -0.5971 [2.000]    -0.5958 [2.000]    -0.5955 [2.000]    -0.5948 [2.000]    -0.5937 [2.000]
[kpt   0   6  11]     0.3060 [2.000]     0.3065 [2.000]     0.3075 [2.000]     0.3076 [2.000]     0.3085 [2.000]
[kpt   0   6  12]     0.3091 [2.000]     1.0721 [2.000]     1.0727 [2.000]     1.0738 [2.000]     6.8260 [0.000]
[kpt   0   6  13]     9.7696 [0.000]     9.7706 [0.000]     9.7708 [0.000]     9.7714 [0.000]     9.7742 [0.000]
[kpt   0   6  14]     9.7756 [0.000]    10.5713 [0.000]    10.5752 [0.000]    10.5846 [0.000]    13.0652 [0.000]
[kpt   0   6  15]    13.0659 [0.000]    13.0662 [0.000]    13.0676 [0.000]    13.0699 [0.000]



Total charge in supercell =     128.00000000
 quench: [md:   0/100  scf:   6/30  step time:   0.19  scf time:     1.37 secs  RMS[dV]: 5.12e-03 ]


average potential <V> = 3.20e-17
Davidson converged in 3 steps

FERMI ENERGY =      1.09821029 eV
@@ EIGENVALUE SUM     =      -58.409530 Ry
@@ ION_ION            =     -272.916107 Ry
@@ ELECTROSTATIC      =     -286.265004 Ry
@@ VXC                =     -178.412263 Ry
@@ EXC                =     -137.339884 Ry
@@ TOTAL ENERGY       =     -576.518262 Ry
@@ estimated error    =        5.98e-04 Ry
Charge normalization constant -1.0: -4.440892e-16
Charge density mixing: Broyden


KOHN SHAM EIGENVALUES [eV] AT K-POINT [  0]:       0.000000      0.000000      0.000000

[kpt   0   7   0]   -18.8952 [2.000]   -17.9115 [2.000]   -17.9111 [2.000]   -17.9109 [2.000]   -17.9108 [2.000]
[kpt   0   7   1]   -17.9107 [2.000]   -17.9100 [2.000]   -16.5590 [2.000]   -16.5589 [2.000]   -16.5583 [2.000]
[kpt   0   7   2]   -16.5583 [2.000]   -16.5579 [2.000]   -16.5578 [2.000]   -16.5266 [2.000]   -16.5265 [2.000]
[kpt   0   7   3]   -16.5265 [2.000]    -9.3422 [2.000]    -6.9338 [2.000]    -6.9332 [2.000]    -6.9332 [2.000]
[kpt   0   7   4]    -6.9330 [2.000]    -6.9330 [2.000]    -6.9326 [2.000]    -5.1609 [2.000]    -5.1609 [2.000]
[kpt   0   7   5]    -5.1608 [2.000]    -4.5313 [2.000]    -4.5312 [2.000]    -4.5307 [2.000]    -4.5307 [2.000]
[kpt   0   7   6]    -4.5303 [2.000]    -4.5303 [2.000]    -2.1237 [2.000]    -2.1234 [2.000]    -2.1234 [2.000]
[kpt   0   7   7]    -2.1234 [2.000]    -2.1233 [2.000]    -2.1231 [2.000]    -1.8807 [2.000]    -1.8806 [2.000]
[kpt   0   7   8]    -1.6893 [2.000]    -1.6892 [2.000]    -1.6891 [2.000]    -1.6890 [2.000]    -1.6888 [2.000]
[kpt   0   7   9]    -1.6887 [2.000]    -1.2291 [2.000]    -1.2290 [2.000]    -1.2290 [2.000]    -0.5716 [2.000]
[kpt   0   7  10]    -0.5714 [2.000]    -0.5714 [2.000]    -0.5713 [2.000]    -0.5711 [2.000]    -0.5708 [2.000]
[kpt   0   7  11]     0.3336 [2.000]     0.3337 [2.000]     0.3338 [2.000]     0.3339 [2.000]     0.3340 [2.000]
[kpt   0   7  12]     0.3341 [2.000]     1.0981 [2.000]     1.0982 [2.000]     1.0982 [2.000]     6.7899 [0.000]
[kpt   0   7  13]     9.7611 [0.000]     9.7616 [0.000]     9.7635 [0.000]     9.7644 [0.000]     9.7646 [0.000]
[kpt   0   7  14]     9.7653 [0.000]    10.5846 [0.000]    10.5850 [0.000]    10.5856 [0.000]    13.0499 [0.000]
[kpt   0   7  15]    13.0500 [0.000]    13.0502 [0.000]    13.0503 [0.000]    13.0505 [0.000]



Total charge in supercell =     128.00000000
 quench: [md:   0/100  scf:   7/30  step time:   0.24  scf time:     1.61 secs  RMS[dV]: 9.72e-04 ]


average potential <V> = -3.50e-16
Davidson converged in 3 steps

FERMI ENERGY =      1.09955039 eV
@@ EIGENVALUE SUM     =      -58.377018 Ry
@@ ION_ION            =     -272.916107 Ry
@@ ELECTROSTATIC      =     -286.299404 Ry
@@ VXC                =     -178.419912 Ry
@@ EXC                =     -137.345619 Ry
@@ TOTAL ENERGY       =     -576.518236 Ry
@@ estimated error    =        5.46e-05 Ry
Charge normalization constant -1.0: 1.110223e-15
Charge density mixing: Broyden


KOHN SHAM EIGENVALUES [eV] AT K-POINT [  0]:       0.000000      0.000000      0.000000

[kpt   0   8   0]   -18.8911 [2.000]   -17.9073 [2.000]   -17.9071 [2.000]   -17.9071 [2.000]   -17.9070 [2.000]
[kpt   0   8   1]   -17.9068 [2.000]   -17.9068 [2.000]   -16.5554 [2.000]   -16.5554 [2.000]   -16.5552 [2.000]
[kpt   0   8   2]   -16.5551 [2.000]   -16.5550 [2.000]   -16.5549 [2.000]   -16.5234 [2.000]   -16.5233 [2.000]
[kpt   0   8   3]   -16.5233 [2.000]    -9.3352 [2.000]    -6.9272 [2.000]    -6.9272 [2.000]    -6.9271 [2.000]
[kpt   0   8   4]    -6.9270 [2.000]    -6.9269 [2.000]    -6.9268 [2.000]    -5.1557 [2.000]    -5.1556 [2.000]
[kpt   0   8   5]    -5.1556 [2.000]    -4.5255 [2.000]    -4.5255 [2.000]    -4.5253 [2.000]    -4.5252 [2.000]
[kpt   0   8   6]    -4.5252 [2.000]    -4.5251 [2.000]    -2.1209 [2.000]    -2.1208 [2.000]    -2.1208 [2.000]
[kpt   0   8   7]    -2.1208 [2.000]    -2.1207 [2.000]    -2.1207 [2.000]    -1.8783 [2.000]    -1.8783 [2.000]
[kpt   0   8   8]    -1.6864 [2.000]    -1.6864 [2.000]    -1.6863 [2.000]    -1.6863 [2.000]    -1.6862 [2.000]
[kpt   0   8   9]    -1.6862 [2.000]    -1.2261 [2.000]    -1.2261 [2.000]    -1.2261 [2.000]    -0.5694 [2.000]
[kpt   0   8  10]    -0.5693 [2.000]    -0.5693 [2.000]    -0.5692 [2.000]    -0.5692 [2.000]    -0.5692 [2.000]
[kpt   0   8  11]     0.3357 [2.000]     0.3358 [2.000]     0.3358 [2.000]     0.3358 [2.000]     0.3359 [2.000]
[kpt   0   8  12]     0.3359 [2.000]     1.0995 [2.000]     1.0995 [2.000]     1.0996 [2.000]     6.7878 [0.000]
[kpt   0   8  13]     9.7561 [0.000]     9.7562 [0.000]     9.7570 [0.000]     9.7570 [0.000]     9.7571 [0.000]
[kpt   0   8  14]     9.7571 [0.000]    10.5918 [0.000]    10.5920 [0.000]    10.5922 [0.000]    13.0497 [0.000]
[kpt   0   8  15]    13.0498 [0.000]    13.0498 [0.000]    13.0499 [0.000]    13.0499 [0.000]



Total charge in supercell =     128.00000000
 quench: [md:   0/100  scf:   8/30  step time:   0.21  scf time:     1.82 secs  RMS[dV]: 3.17e-04 ]


average potential <V> = 2.83e-16
Davidson converged in 3 steps

FERMI ENERGY =      1.10107464 eV
@@ EIGENVALUE SUM     =      -58.367594 Ry
@@ ION_ION            =     -272.916107 Ry
@@ ELECTROSTATIC      =     -286.309783 Ry
@@ VXC                =     -178.424241 Ry
@@ EXC                =     -137.348993 Ry
@@ TOTAL ENERGY       =     -576.518236 Ry
@@ estimated error    =        3.45e-06 Ry
Charge normalization constant -1.0: 4.440892e-16
Charge density mixing: Broyden


KOHN SHAM EIGENVALUES [eV] AT K-POINT [  0]:       0.000000      0.000000      0.000000

[kpt   0   9   0]   -18.8902 [2.000]   -17.9062 [2.000]   -17.9061 [2.000]   -17.9061 [2.000]   -17.9060 [2.000]
[kpt   0   9   1]   -17.9059 [2.000]   -17.9059 [2.000]   -16.5542 [2.000]   -16.5542 [2.000]   -16.5542 [2.000]
[kpt   0   9   2]   -16.5540 [2.000]   -16.5540 [2.000]   -16.5539 [2.000]   -16.5223 [2.000]   -16.5223 [2.000]
[kpt   0   9   3]   -16.5222 [2.000]    -9.3350 [2.000]    -6.9268 [2.000]    -6.9268 [2.000]    -6.9267 [2.000]
[kpt   0   9   4]    -6.9267 [2.000]    -6.9266 [2.000]    -6.9266 [2.000]    -5.1552 [2.000]    -5.1552 [2.000]
[kpt   0   9   5]    -5.1551 [2.000]    -4.5251 [2.000]    -4.5250 [2.000]    -4.5250 [2.000]    -4.5249 [2.000]
[kpt   0   9   6]    -4.5248 [2.000]    -4.5248 [2.000]    -2.1196 [2.000]    -2.1196 [2.000]    -2.1196 [2.000]
[kpt   0   9   7]    -2.1196 [2.000]    -2.1195 [2.000]    -2.1195 [2.000]    -1.8770 [2.000]    -1.8770 [2.000]
[kpt   0   9   8]    -1.6851 [2.000]    -1.6851 [2.000]    -1.6850 [2.000]    -1.6850 [2.000]    -1.6850 [2.000]
[kpt   0   9   9]    -1.6849 [2.000]    -1.2250 [2.000]    -1.2250 [2.000]    -1.2250 [2.000]    -0.5680 [2.000]
[kpt   0   9  10]    -0.5680 [2.000]    -0.5679 [2.000]    -0.5679 [2.000]    -0.5679 [2.000]    -0.5678 [2.000]
[kpt   0   9  11]     0.3371 [2.000]     0.3371 [2.000]     0.3372 [2.000]     0.3372 [2.000]     0.3373 [2.000]
[kpt   0   9  12]     0.3373 [2.000]     1.1010 [2.000]     1.1010 [2.000]     1.1011 [2.000]     6.7879 [0.000]
[kpt   0   9  13]     9.7562 [0.000]     9.7562 [0.000]     9.7566 [0.000]     9.7567 [0.000]     9.7568 [0.000]
[kpt   0   9  14]     9.7569 [0.000]    10.5925 [0.000]    10.5926 [0.000]    10.5927 [0.000]    13.0502 [0.000]
[kpt   0   9  15]    13.0503 [0.000]    13.0503 [0.000]    13.0504 [0.000]    13.0505 [0.000]



Total charge in supercell =     128.00000000
 quench: [md:   0/100  scf:   9/30  step time:   0.22  scf time:     2.04 secs  RMS[dV]: 1.00e-04 ]


average potential <V> = -4.86e-16
Davidson converged in 4 steps

FERMI ENERGY =      1.10117863 eV
@@ EIGENVALUE SUM     =      -58.367562 Ry
@@ ION_ION            =     -272.916107 Ry
@@ ELECTROSTATIC      =     -286.309896 Ry
@@ VXC                =     -178.424662 Ry
@@ EXC                =     -137.349336 Ry
@@ TOTAL ENERGY       =     -576.518239 Ry
@@ estimated error    =        1.32e-07 Ry
Charge normalization constant -1.0: -6.661338e-16
Charge density mixing: Broyden


KOHN SHAM EIGENVALUES [eV] AT K-POINT [  0]:       0.000000      0.000000      0.000000

[kpt   0  10   0]   -18.8902 [2.000]   -17.9061 [2.000]   -17.9061 [2.000]   -17.9061 [2.000]   -17.9060 [2.000]
[kpt   0  10   1]   -17.9060 [2.000]   -17.9060 [2.000]   -16.5541 [2.000]   -16.5541 [2.000]   -16.5541 [2.000]
[kpt   0  10   2]   -16.5541 [2.000]   -16.5541 [2.000]   -16.5540 [2.000]   -16.5223 [2.000]   -16.5223 [2.000]
[kpt   0  10   3]   -16.5222 [2.000]    -9.3352 [2.000]    -6.9269 [2.000]    -6.9269 [2.000]    -6.9269 [2.000]
[kpt   0  10   4]    -6.9269 [2.000]    -6.9269 [2.000]    -6.9269 [2.000]    -5.1553 [2.000]    -5.1553 [2.000]
[kpt   0  10   5]    -5.1553 [2.000]    -4.5252 [2.000]    -4.5252 [2.000]    -4.5251 [2.000]    -4.5251 [2.000]
[kpt   0  10   6]    -4.5251 [2.000]    -4.5251 [2.000]    -2.1195 [2.000]    -2.1195 [2.000]    -2.1195 [2.000]
[kpt   0  10   7]    -2.1195 [2.000]    -2.1195 [2.000]    -2.1195 [2.000]    -1.8769 [2.000]    -1.8769 [2.000]
[kpt   0  10   8]    -1.6849 [2.000]    -1.6849 [2.000]    -1.6849 [2.000]    -1.6849 [2.000]    -1.6849 [2.000]
[kpt   0  10   9]    -1.6849 [2.000]    -1.2250 [2.000]    -1.2250 [2.000]    -1.2250 [2.000]    -0.5678 [2.000]
[kpt   0  10  10]    -0.5678 [2.000]    -0.5678 [2.000]    -0.5678 [2.000]    -0.5678 [2.000]    -0.5678 [2.000]
[kpt   0  10  11]     0.3373 [2.000]     0.3373 [2.000]     0.3373 [2.000]     0.3373 [2.000]     0.3373 [2.000]
[kpt   0  10  12]     0.3373 [2.000]     1.1011 [2.000]     1.1012 [2.000]     1.1012 [2.000]     6.7879 [0.000]
[kpt   0  10  13]     9.7561 [0.000]     9.7561 [0.000]     9.7564 [0.000]     9.7565 [0.000]     9.7566 [0.000]
[kpt   0  10  14]     9.7567 [0.000]    10.5924 [0.000]    10.5925 [0.000]    10.5926 [0.000]    13.0502 [0.000]
[kpt   0  10  15]    13.0503 [0.000]    13.0504 [0.000]    13.0504 [0.000]    13.0504 [0.000]



Total charge in supercell =     128.00000000
 quench: [md:   0/100  scf:  10/30  step time:   0.27  scf time:     2.31 secs  RMS[dV]: 2.06e-05 ]


average potential <V> = 1.60e-16
Davidson converged in 3 steps

FERMI ENERGY =      1.10114762 eV
@@ EIGENVALUE SUM     =      -58.367708 Ry
@@ ION_ION            =     -272.916107 Ry
@@ ELECTROSTATIC      =     -286.309746 Ry
@@ VXC                =     -178.424664 Ry
@@ EXC                =     -137.349342 Ry
@@ TOTAL ENERGY       =     -576.518239 Ry
@@ estimated error    =        9.34e-09 Ry
Charge normalization constant -1.0: -1.110223e-15
Charge density mixing: Broyden


KOHN SHAM EIGENVALUES [eV] AT K-POINT [  0]:       0.000000      0.000000      0.000000

[kpt   0  11   0]   -18.8902 [2.000]   -17.9061 [2.000]   -17.9061 [2.000]   -17.9061 [2.000]   -17.9061 [2.000]
[kpt   0  11   1]   -17.9061 [2.000]   -17.9061 [2.000]   -16.5541 [2.000]   -16.5541 [2.000]   -16.5541 [2.000]
[kpt   0  11   2]   -16.5541 [2.000]   -16.5541 [2.000]   -16.5541 [2.000]   -16.5223 [2.000]   -16.5223 [2.000]
[kpt   0  11   3]   -16.5223 [2.000]    -9.3352 [2.000]    -6.9269 [2.000]    -6.9269 [2.000]    -6.9269 [2.000]
[kpt   0  11   4]    -6.9269 [2.000]    -6.9269 [2.000]    -6.9269 [2.000]    -5.1553 [2.000]    -5.1553 [2.000]
[kpt   0  11   5]    -5.1553 [2.000]    -4.5252 [2.000]    -4.5252 [2.000]    -4.5252 [2.000]    -4.5252 [2.000]
[kpt   0  11   6]    -4.5251 [2.000]    -4.5251 [2.000]    -2.1195 [2.000]    -2.1195 [2.000]    -2.1195 [2.000]
[kpt   0  11   7]    -2.1195 [2.000]    -2.1195 [2.000]    -2.1195 [2.000]    -1.8769 [2.000]    -1.8769 [2.000]
[kpt   0  11   8]    -1.6849 [2.000]    -1.6849 [2.000]    -1.6849 [2.000]    -1.6849 [2.000]    -1.6849 [2.000]
[kpt   0  11   9]    -1.6849 [2.000]    -1.2250 [2.000]    -1.2250 [2.000]    -1.2250 [2.000]    -0.5678 [2.000]
[kpt   0  11  10]    -0.5678 [2.000]    -0.5678 [2.000]    -0.5678 [2.000]    -0.5678 [2.000]    -0.5678 [2.000]
[kpt   0  11  11]     0.3373 [2.000]     0.3373 [2.000]     0.3373 [2.000]     0.3373 [2.000]     0.3373 [2.000]
[kpt   0  11  12]     0.3373 [2.000]     1.1011 [2.000]     1.1011 [2.000]     1.1011 [2.000]     6.7879 [0.000]
[kpt   0  11  13]     9.7559 [0.000]     9.7560 [0.000]     9.7561 [0.000]     9.7562 [0.000]     9.7563 [0.000]
[kpt   0  11  14]     9.7564 [0.000]    10.5924 [0.000]    10.5925 [0.000]    10.5925 [0.000]    13.0502 [0.000]
[kpt   0  11  15]    13.0503 [0.000]    13.0503 [0.000]    13.0504 [0.000]    13.0504 [0.000]



Total charge in supercell =     128.00000000
 quench: [md:   0/100  scf:  11/30  step time:   0.22  scf time:     2.53 secs  RMS[dV]: 5.86e-06 ]


average potential <V> = 5.45e-16
Davidson converged in 3 steps

FERMI ENERGY =      1.10113806 eV
@@ EIGENVALUE SUM     =      -58.367812 Ry
@@ ION_ION            =     -272.916107 Ry
@@ ELECTROSTATIC      =     -286.309639 Ry
@@ VXC                =     -178.424667 Ry
@@ EXC                =     -137.349350 Ry
@@ TOTAL ENERGY       =     -576.518240 Ry
@@ estimated error    =        1.71e-09 Ry
Charge normalization constant -1.0: -2.220446e-16
Charge density mixing: Broyden


KOHN SHAM EIGENVALUES [eV] AT K-POINT [  0]:       0.000000      0.000000      0.000000

[kpt   0  12   0]   -18.8902 [2.000]   -17.9061 [2.000]   -17.9061 [2.000]   -17.9061 [2.000]   -17.9061 [2.000]
[kpt   0  12   1]   -17.9061 [2.000]   -17.9061 [2.000]   -16.5541 [2.000]   -16.5541 [2.000]   -16.5541 [2.000]
[kpt   0  12   2]   -16.5541 [2.000]   -16.5541 [2.000]   -16.5541 [2.000]   -16.5223 [2.000]   -16.5223 [2.000]
[kpt   0  12   3]   -16.5223 [2.000]    -9.3352 [2.000]    -6.9269 [2.000]    -6.9269 [2.000]    -6.9269 [2.000]
[kpt   0  12   4]    -6.9269 [2.000]    -6.9269 [2.000]    -6.9269 [2.000]    -5.1553 [2.000]    -5.1553 [2.000]
[kpt   0  12   5]    -5.1553 [2.000]    -4.5252 [2.000]    -4.5252 [2.000]    -4.5252 [2.000]    -4.5252 [2.000]
[kpt   0  12   6]    -4.5252 [2.000]    -4.5252 [2.000]    -2.1195 [2.000]    -2.1195 [2.000]    -2.1195 [2.000]
[kpt   0  12   7]    -2.1195 [2.000]    -2.1195 [2.000]    -2.1195 [2.000]    -1.8770 [2.000]    -1.8770 [2.000]
[kpt   0  12   8]    -1.6849 [2.000]    -1.6849 [2.000]    -1.6849 [2.000]    -1.6849 [2.000]    -1.6849 [2.000]
[kpt   0  12   9]    -1.6849 [2.000]    -1.2250 [2.000]    -1.2250 [2.000]    -1.2250 [2.000]    -0.5678 [2.000]
[kpt   0  12  10]    -0.5678 [2.000]    -0.5678 [2.000]    -0.5678 [2.000]    -0.5678 [2.000]    -0.5678 [2.000]
[kpt   0  12  11]     0.3373 [2.000]     0.3373 [2.000]     0.3373 [2.000]     0.3373 [2.000]     0.3373 [2.000]
[kpt   0  12  12]     0.3373 [2.000]     1.1011 [2.000]     1.1011 [2.000]     1.1011 [2.000]     6.7879 [0.000]
[kpt   0  12  13]     9.7559 [0.000]     9.7559 [0.000]     9.7560 [0.000]     9.7560 [0.000]     9.7562 [0.000]
[kpt   0  12  14]     9.7562 [0.000]    10.5924 [0.000]    10.5925 [0.000]    10.5925 [0.000]    13.0501 [0.000]
[kpt   0  12  15]    13.0503 [0.000]    13.0503 [0.000]    13.0504 [0.000]    13.0504 [0.000]



Total charge in supercell =     128.00000000
 quench: [md:   0/100  scf:  12/30  step time:   0.23  scf time:     2.76 secs  RMS[dV]: 3.34e-06 ]



 Convergence criterion reached: Energy variation (7.30e-11) is lower than threshold (1.00e-10)

potential convergence has been achieved. stopping ...

[   0  13   13        4 ] Quench.cpp: 
@@ TOTAL ENEGY Components 
@@ ION_ION            =     -272.916107 Ry
@@ ELECTROSTATIC      =      286.309639 Ry
@@ EXC                =     -137.349359 Ry
@@ vdw correction     =        0.000000 Ry
@@ LdaU correction    =        0.000000 Ry
@@ total              =        0.000000 Ry
final total energy from eig sum =    -576.51824000 Ry


KOHN SHAM EIGENVALUES [eV] AT K-POINT [  0]:       0.000000      0.000000      0.000000

[kpt   0  13   0]   -18.8902 [2.000]   -17.9061 [2.000]   -17.9061 [2.000]   -17.9061 [2.000]   -17.9061 [2.000]
[kpt   0  13   1]   -17.9061 [2.000]   -17.9061 [2.000]   -16.5541 [2.000]   -16.5541 [2.000]   -16.5541 [2.000]
[kpt   0  13   2]   -16.5541 [2.000]   -16.5541 [2.000]   -16.5541 [2.000]   -16.5223 [2.000]   -16.5223 [2.000]
[kpt   0  13   3]   -16.5223 [2.000]    -9.3352 [2.000]    -6.9269 [2.000]    -6.9269 [2.000]    -6.9269 [2.000]
[kpt   0  13   4]    -6.9269 [2.000]    -6.9269 [2.000]    -6.9269 [2.000]    -5.1553 [2.000]    -5.1553 [2.000]
[kpt   0  13   5]    -5.1553 [2.000]    -4.5252 [2.000]    -4.5252 [2.000]    -4.5252 [2.000]    -4.5252 [2.000]
[kpt   0  13   6]    -4.5252 [2.000]    -4.5252 [2.000]    -2.1195 [2.000]    -2.1195 [2.000]    -2.1195 [2.000]
[kpt   0  13   7]    -2.1195 [2.000]    -2.1195 [2.000]    -2.1195 [2.000]    -1.8770 [2.000]    -1.8770 [2.000]
[kpt   0  13   8]    -1.6849 [2.000]    -1.6849 [2.000]    -1.6849 [2.000]    -1.6849 [2.000]    -1.6849 [2.000]
[kpt   0  13   9]    -1.6849 [2.000]    -1.2250 [2.000]    -1.2250 [2.000]    -1.2250 [2.000]    -0.5678 [2.000]
[kpt   0  13  10]    -0.5678 [2.000]    -0.5678 [2.000]    -0.5678 [2.000]    -0.5678 [2.000]    -0.5678 [2.000]
[kpt   0  13  11]     0.3373 [2.000]     0.3373 [2.000]     0.3373 [2.000]     0.3373 [2.000]     0.3373 [2.000]
[kpt   0  13  12]     0.3373 [2.000]     1.1011 [2.000]     1.1011 [2.000]     1.1011 [2.000]     6.7879 [0.000]
[kpt   0  13  13]     9.7559 [0.000]     9.7559 [0.000]     9.7560 [0.000]     9.7560 [0.000]     9.7562 [0.000]
[kpt   0  13  14]     9.7562 [0.000]    10.5924 [0.000]    10.5925 [0.000]    10.5925 [0.000]    13.0501 [0.000]
[kpt   0  13  15]    13.0503 [0.000]    13.0503 [0.000]    13.0504 [0.000]    13.0504 [0.000]



Total charge in supercell =     128.00000000
 volume and energy per atom =        15.03933867       -326.83040625 eV

 Vdd took 0.000147 seconds
WriteRestart: Output file given as /dev/null, no restart data written ...



  IONIC POSITIONS [a0] AND FORCES [Ry/a0]
  Charge analysis using: Voronoi Deformation Density

@ION  Ion  Species       X           Y           Z       Charge       FX          FY         FZ      Movable
@ION    1    Si      0.0000000   0.0000000   0.0000000    0.438   -0.0000000  -0.0000000   0.0000001  1 1 1
@ION    2    Si      3.3637125   3.3637125   3.3637125    0.438    0.0000000  -0.0000000  -0.0000000  1 1 1
@ION    3    Si     10.0911375   3.3637125  10.0911375    0.438   -0.0000001   0.0000001  -0.0000001  1 1 1
@ION    4    Si      3.3637125  10.0911375  10.0911375    0.438    0.0000002  -0.0000001  -0.0000001  1 1 1
@ION    5    Si     10.0911375  10.0911375   3.3637125    0.438    0.0000000  -0.0000000  -0.0000001  1 1 1
@ION    6    Si      0.0000000   6.7274250   6.7274250    0.438   -0.0000000   0.0000000  -0.0000000  1 1 1
@ION    7    Si      6.7274250   0.0000000   6.7274250    0.438    0.0000000   0.0000000   0.0000000  1 1 1
@ION    8    Si      6.7274250   6.7274250   0.0000000    0.438    0.0000001   0.0000002  -0.0000001  1 1 1
@ION    9     O      1.6818563   1.6818563   1.6818563   -0.209   -0.0000002  -0.0000001  -0.0000003  1 1 1
@ION   10     O     11.7729938   1.6818563  11.7729938   -0.212    0.0000003  -0.0000002   0.0000003  1 1 1
@ION   11     O      1.6818563  11.7729938  11.7729938   -0.216   -0.0000002   0.0000003   0.0000002  1 1 1
@ION   12     O     11.7729938  11.7729938   1.6818563   -0.220    0.0000001   0.0000002  -0.0000002  1 1 1
@ION   13     O      1.6818563   8.4092813   8.4092813   -0.212   -0.0000003  -0.0000005  -0.0000004  1 1 1
@ION   14     O      8.4092813   1.6818563   8.4092813   -0.213   -0.0000005  -0.0000003  -0.0000002  1 1 1
@ION   15     O      8.4092813   8.4092813   1.6818563   -0.213   -0.0000005  -0.0000005  -0.0000005  1 1 1
@ION   16     O     11.7729938   8.4092813   5.0455688   -0.217    0.0000002  -0.0000004   0.0000001  1 1 1
@ION   17     O      5.0455688   1.6818563   5.0455688   -0.215    0.0000001  -0.0000001   0.0000000  1 1 1
@ION   18     O      5.0455688   8.4092813  11.7729938   -0.218    0.0000003  -0.0000004   0.0000003  1 1 1
@ION   19     O      1.6818563   5.0455688   5.0455688   -0.223   -0.0000002  -0.0000001  -0.0000001  1 1 1
@ION   20     O      8.4092813  11.7729938   5.0455688   -0.226   -0.0000003   0.0000001   0.0000001  1 1 1
@ION   21     O      8.4092813   5.0455688  11.7729938   -0.223   -0.0000003   0.0000001   0.0000003  1 1 1
@ION   22     O     11.7729938   5.0455688   8.4092813   -0.229    0.0000002   0.0000000  -0.0000001  1 1 1
@ION   23     O      5.0455688  11.7729938   8.4092813   -0.229    0.0000001   0.0000002  -0.0000000  1 1 1
@ION   24     O      5.0455688   5.0455688   1.6818563   -0.230   -0.0000003  -0.0000004   0.0000001  1 1 1

 mean FX      =   0.00000019 Ry/a0
 mean FY      =   0.00000019 Ry/a0
 mean FZ      =   0.00000016 Ry/a0

 max FX       =   0.00000049 Ry/a0   (ion 15)
 max FY       =   0.00000051 Ry/a0   (ion 15)
 max FZ       =   0.00000053 Ry/a0   (ion 15)
 max F[x,y,z] =   0.00000053 Ry/a0
 max |F|      =   0.00000088 Ry/a0   (ion 15)

 sum FX       =  -0.00000134 Ry/a0
 sum FY       =  -0.00000198 Ry/a0
 sum FZ       =  -0.00000092 Ry/a0
 Average      =   0.00000141 Ry/a0
 sqrt < F^2 > =   0.00000023 Ry/a0

WriteRestart: Output file given as /dev/null, no restart data written ...


--------TIMING INFORMATION FOR Processor owned the most atoms----------------
                                        Total time               Per SCF/step

1-TOTAL                                             4.04                0.31
-----------------------------------------------------------------------------
  1-TOTAL: Init                                     1.00                0.08
  1-TOTAL: run                                      3.04                0.23
  ---------------------------------------------------------------------------
    1-TOTAL: run: Force                             0.27                0.02
    1-TOTAL: run: Scf steps                         2.70                0.21

2-Force                                             0.27                0.02
-----------------------------------------------------------------------------
  2-Force: core correction                          0.00                0.00
  2-Force: corrections                              0.06                0.00
  2-Force: ion-ion                                  0.04                0.00
  2-Force: local                                    0.06                0.00
  2-Force: non-local                                0.10                0.01
  2-Force: non-local-betaxpsi                       0.01                0.00
  2-Force: non-local-get gamma                      0.00                0.00
  2-Force: non-local-nlforce_par_Q                  0.01                0.00
  2-Force: non-local-nlforce_par_gamma              0.00                0.00
  2-Force: non-local-nlforce_par_omega              0.00                0.00
  2-Force: non-local-partial gamma                  0.00                0.00
  2-Force: non-local-veff grad                      0.01                0.00

2-Init                                              1.00                0.08
-----------------------------------------------------------------------------
  2-Init: GetNewRho                                 0.02                0.00
  2-Init: KpointClass                               0.48                0.04
  2-Init: LcaoGetPsi                                0.03                0.00
  2-Init: LcaoGetRho                                0.05                0.00
  2-Init: ReinitIonicPotentials                     0.08                0.01
  2-Init: betaxpsi                                  0.01                0.00
  2-Init: exchange/correlation                      0.02                0.00
  2-Init: hartree                                   0.01                0.00
  2-Init: normalization                             0.00                0.00
  2-Init: radial potentials                         0.22                0.02
  2-Init: subdiag                                   0.03                0.00
  2-Init: weights                                   0.00                0.00

2-Scf steps                                         2.70                0.21
-----------------------------------------------------------------------------
  2-Scf steps: Davidson                             1.54                0.12
  2-Scf steps: GetNewRho                            0.24                0.02
  2-Scf steps: Hartree                              0.16                0.01
  2-Scf steps: MgridSubspace                        0.50                0.04
  2-Scf steps: MixRho                               0.01                0.00
  2-Scf steps: exchange/correlation                 0.17                0.01

3-MgridSubspace                                     0.50                0.04
-----------------------------------------------------------------------------
  3-MgridSubspace: AppNls                           0.04                0.00
  3-MgridSubspace: Beta x psi                       0.05                0.00
  3-MgridSubspace: Diagonalization                  0.08                0.01
  3-MgridSubspace: Mg_eig                           0.33                0.03

3-ReinitIonicPotentials                             0.08                0.01
-----------------------------------------------------------------------------
  3-ReinitIonicPotentials: GetNlop                  0.00                0.00
  3-ReinitIonicPotentials: GetWeight                0.05                0.00
  3-ReinitIonicPotentials: get_QI                   0.00                0.00
  3-ReinitIonicPotentials: get_qqq                  0.00                0.00
  3-ReinitIonicPotentials: init_nuc                 0.02                0.00

4-Diagonalization                                   0.11                0.01
-----------------------------------------------------------------------------
  4-Diagonalization: ELPA/PDSYGVX/PZHEGVX           0.01                0.00
  4-Diagonalization: Hpsi                           0.07                0.01
  4-Diagonalization: MPI_Bcast                      0.00                0.00
  4-Diagonalization: Update orbitals                0.01                0.00
  ---------------------------------------------------------------------------
    4-Diagonalization: Update orbitals: gather           0.00                0.00
    4-Diagonalization: Update orbitals: gemm           0.01                0.00
  4-Diagonalization: matrix                         0.01                0.00
  ---------------------------------------------------------------------------
    4-Diagonalization: matrix: Allreduce            0.00                0.00
    4-Diagonalization: matrix: Gemm                 0.01                0.00

5-Functional                                        0.18                0.01
-----------------------------------------------------------------------------
  5-Functional: apply gradient                      0.02                0.00
  5-Functional: apply laplacian                     0.01                0.00
  5-Functional: libxc                               0.07                0.01
  5-Functional: vxc                                 0.18                0.01
  5-Functional: vxc grad                            0.10                0.01
  5-Functional: vxc local                           0.02                0.00
  5-Functional: vxc nonlocal                        0.00                0.00

6-Davidson                                          1.54                0.12
-----------------------------------------------------------------------------
  6-Davidson: Betaxpsi                              0.17                0.01
  6-Davidson: apply hamiltonian                     0.32                0.02
  6-Davidson: diagonalization                       0.24                0.02
  6-Davidson: generate residuals                    0.10                0.01
  6-Davidson: matrix setup/reduce                   0.19                0.01
  6-Davidson: normalization                         0.01                0.00
  6-Davidson: precondition                          0.41                0.03
  6-Davidson: rotate orbitals                       0.05                0.00

AppNls                                              0.18                0.01
-----------------------------------------------------------------------------
  AppNls: data_rearrange                            0.00                0.00
  ---------------------------------------------------------------------------
    AppNls: data_rearrange: alloc and zeros           0.00                0.00
    AppNls: data_rearrange: dnm                     0.00                0.00
    AppNls: data_rearrange: sint                    0.00                0.00
  AppNls: nv                                        0.16                0.01
  AppNls: nv_work                                   0.00                0.00

App_gradient                                        0.02                0.00

CPUFD                                               0.00                0.00

Compute Hpsi                                        0.07                0.01
-----------------------------------------------------------------------------
  Compute Hpsi: AppNls                              0.02                0.00
  Compute Hpsi: Threaded Apply H                    0.04                0.00

GlobalSums                                          0.14                0.01

Init                                                0.52                0.04

Init Voronoi                                        0.05                0.00

Mix rho                                             0.01                0.00
-----------------------------------------------------------------------------
  Mix rho: Broyden                                  0.01                0.00
  Mix rho: Linear                                   0.00                0.00

Orbital                                             0.00                0.00
-----------------------------------------------------------------------------
  Orbital: phase and set                            0.00                0.00
  Orbital: proj cal                                 0.00                0.00
  Trade images: trade_images                        0.00                0.00
  Trade images: trade_imagesx                       0.03                0.00

VhPfft                                              0.09                0.01

Weight                                              0.00                0.00

radial beta                                         0.18                0.01


------------------------- TIMING INFORMATION FOR THREADS  -------------------

                                           Min            Max            Avg
CPUFD                                      0.09           0.09           0.09
-----------------------------------------------------------------------------

GlobalSums                                 0.06           0.06           0.06
-----------------------------------------------------------------------------

Mg_eig                                     0.32           0.32           0.32
-----------------------------------------------------------------------------
  Mg_eig: apply hamiltonian                0.16           0.16           0.16
  Mg_eig: mgrid_solv                       0.09           0.09           0.09
  Trade images: trade_images               0.35           0.35           0.35
  Trade images: trade_imagesx              0.37           0.37           0.37
