RMG initialization ... 1 image(s) total, 1 per node. 32 MPI processes/image. Thread level 2.
FFT-FD  0.000000e+00   7.854595e-01   7.853056e-01   1.539354e-04
FFT-FD  1.000000e+00   7.854595e-01   7.853056e-01   1.539354e-04
IP=0 M = 0.000000e+00  -inf  1.539354e-04
FFT-FD  0.000000e+00   2.257183e+00   2.256418e+00   7.645117e-04
FFT-FD  1.000000e+00   2.257183e+00   2.256418e+00   7.645117e-04
IP=1 M = 0.000000e+00  -inf  7.645117e-04
FFT-FD  0.000000e+00   2.257183e+00   2.256418e+00   7.645117e-04
FFT-FD  1.000000e+00   2.257183e+00   2.256418e+00   7.645117e-04
IP=2 M = 0.000000e+00  -inf  7.645117e-04
FFT-FD  0.000000e+00   2.257183e+00   2.256418e+00   7.645117e-04
FFT-FD  1.000000e+00   2.257183e+00   2.256418e+00   7.645117e-04
IP=3 M = 0.000000e+00  -inf  7.645117e-04
FFT-FD  0.000000e+00   2.678435e-01   2.678432e-01   2.941925e-07
FFT-FD  1.000000e+00   2.678435e-01   2.678432e-01   2.941925e-07
IP=0 M = 0.000000e+00  -inf  2.941925e-07
FFT-FD  0.000000e+00   3.882435e-01   3.882435e-01   4.569766e-09
FFT-FD  1.000000e+00   3.882435e-01   3.882435e-01   4.569766e-09
IP=1 M = 0.000000e+00  -inf  4.569766e-09
FFT-FD  0.000000e+00   3.882435e-01   3.882435e-01   4.569766e-09
FFT-FD  1.000000e+00   3.882435e-01   3.882435e-01   4.569766e-09
IP=2 M = 0.000000e+00  -inf  4.569766e-09
FFT-FD  0.000000e+00   3.882435e-01   3.882435e-01   4.569766e-09
FFT-FD  1.000000e+00   3.882435e-01   3.882435e-01   4.569766e-09
IP=3 M = 0.000000e+00  -inf  4.569766e-09
NEWCFAC = 0.000000  0.000000


                     * * * * * * * * * *
                     *    R   M   G    *
                     * * * * * * * * * *

     -- A Real Space Multigrid Electronic structure code --
     --      More information at www.rmgdft.org          --

Code Revision:     v5.1.0_53_g887bfc3b
Build Date:        May 15 2023  14:30:00
Start time:        Wed May 17 14:06:11 2023

NOTICE: RMG internal pseudopotentials have switched to
ONCVP from Ultrasoft. You can revert to Ultrasoft by
adding the input tag internal_pseudo_type="ultrasoft" to
your input files.


Files
   Control input file:        input1
   Data output file:          /dev/null

Run Setup
    Calculation type:         Quench electrons - Fixed ions SCF calculation
    Description:              SiO2
    Orbital Initialization:   LCAO (96 LCAO and 0 random orbitals)
    Exchange Correlation:     pbe
    Spin Polarization:        OFF
    System charge:            Neutral

Processor Topology
   Total PEs:                 32
   X direction:               4
   Y direction:               4
   Z direction:               2
   MG Threads/PE:             1
   OMP Threads/PE:            1

Grid Points  (Linear Anisotropy: 1.000)
    X:  Total: 40   Per PE: 10   Spacing:0.336 a0  
    Y:  Total: 40   Per PE: 10   Spacing:0.336 a0  
    Z:  Total: 40   Per PE: 20   Spacing:0.336 a0  

    Equivalent energy cutoffs (psi,rho):    87.229    348.917 Ry

    Charge density grid:         2 times finer

Coordinate planes
  Planar Anisotropy: 1.000
  A0-A1 density:     8.838
  A0-A2 density:     8.838
  A1-A2 density:     8.838


Lattice (Cell) Setup
    Type:                       Orthorhombic_primitive
    Volume (a0^3):               2435.77
    Boundary conditions:        Periodic

    X Basis Vector:      13.455       0.000       0.000 a0
    Y Basis Vector:       0.000      13.455       0.000 a0
    Z Basis Vector:       0.000       0.000      13.455 a0
    X Reci Vector:       0.074      -0.000       0.000 a0
    Y Reci Vector:       0.000       0.074       0.000 a0
    Z Reci Vector:       0.000      -0.000       0.074 a0

K-points
    Gamma Point Only (real orbitals)

Atoms and States
    Number of ions:                          24
    Number of species:                       2
    Number of states:                        79

Run Parameters
    SCF Convergence criterion (potential):   1.00e-10
    SCF Convergence criterion (energy):      1.00e-10
    Max SCF steps:                           30

SCF Cycle Settings
    Charge density mixing:                   Broyden
    Hartree Solver:                          PFFT
    Interpolation type:                      FFT

Finite Difference parameters
    Kohn Sham FD Order:                      12  
    Force Gradient Order:                    FFT
    Adaptive Finite Differencing:            Off

Subspace Diagonalization Options
    Frequency:                               every 1 SCF step(s)
    Driver:                                  ScaLapack
    Initial diagonalization:                 ON
    Folded spectrum:                         OFF

Filtering Cutoff  Parameters
    Wavefunction grid (cparm):               0.800
    Charge density grid (rhocparm):          1.000
    Filter factor:                           1.000

Multigrid (MG) Parameters
    Psi MG levels:                           3
    Psi global step:                         0.660 
    Psi pre:                                 2
    Psi post:                                2

Davidson Parameters
    Davidson multiplier:                     4
    Davidson max step:                       8
    Davidson unocc tol factor:               1000.000

Blas Libraries
    CPU support with openblas-parallel.


Atomic Species Information
(PP = Pseudopotential, US = Ultrasoft, NC = Norm Conserving)
-------------------------------------------------------------------------
|Index|Symbol| Mass|Valence| PP |  Comp  |Local| Local|Nlocal|    PP    |
|     |      |     |       |Type|Gaussian|  l  |Radius|Radius|Functional|
-------------------------------------------------------------------------
|    1|     O| 15.0|   6.00|  NC|    0.50|   -1| 10.00|  7.00|       PBE|
|    2|    Si| 28.0|   4.00|  NC|    0.50|   -1| 10.00|  7.00|       PBE|
-------------------------------------------------------------------------

Pseudopotential generation information:
   O pseudopotential file: ./@Internal
      Generation info     : Generated using ONCVPSP code by D. R. Hamann
      Author info         : anonymous
  Si pseudopotential file: ./@Internal
      Generation info     : Generated using ONCVPSP code by D. R. Hamann
      Author info         : anonymous


Memory usage (Mbytes):     Min        Max       Total
    wave functions          5.06       5.06     161.82
    beta-functions          3.07       3.07      98.34



Initial Ionic Positions And Displacements (Bohr)
Species      X           Y           Z           dX          dY          dZ
  Si       0.0000      0.0000      0.0000      0.0000      0.0000      0.0000
  Si       3.3637      3.3637      3.3637      0.0000      0.0000      0.0000
  Si      10.0911      3.3637     10.0911      0.0000      0.0000      0.0000
  Si       3.3637     10.0911     10.0911      0.0000      0.0000      0.0000
  Si      10.0911     10.0911      3.3637      0.0000      0.0000      0.0000
  Si       0.0000      6.7274      6.7274      0.0000      0.0000      0.0000
  Si       6.7274      0.0000      6.7274      0.0000      0.0000      0.0000
  Si       6.7274      6.7274      0.0000      0.0000      0.0000      0.0000
  O        1.6819      1.6819      1.6819      0.0000      0.0000      0.0000
  O       11.7730      1.6819     11.7730      0.0000      0.0000      0.0000
  O        1.6819     11.7730     11.7730      0.0000      0.0000      0.0000
  O       11.7730     11.7730      1.6819      0.0000      0.0000      0.0000
  O        1.6819      8.4093      8.4093      0.0000      0.0000      0.0000
  O        8.4093      1.6819      8.4093      0.0000      0.0000      0.0000
  O        8.4093      8.4093      1.6819      0.0000      0.0000      0.0000
  O       11.7730      8.4093      5.0456      0.0000      0.0000      0.0000
  O        5.0456      1.6819      5.0456      0.0000      0.0000      0.0000
  O        5.0456      8.4093     11.7730      0.0000      0.0000      0.0000
  O        1.6819      5.0456      5.0456      0.0000      0.0000      0.0000
  O        8.4093     11.7730      5.0456      0.0000      0.0000      0.0000
  O        8.4093      5.0456     11.7730      0.0000      0.0000      0.0000
  O       11.7730      5.0456      8.4093      0.0000      0.0000      0.0000
  O        5.0456     11.7730      8.4093      0.0000      0.0000      0.0000
  O        5.0456      5.0456      1.6819      0.0000      0.0000      0.0000


Initial Ionic Positions And Displacements (Angstrom)
Species      X           Y           Z           dX          dY          dZ
  Si       0.0000      0.0000      0.0000      0.0000      0.0000      0.0000
  Si       1.7800      1.7800      1.7800      0.0000      0.0000      0.0000
  Si       5.3400      1.7800      5.3400      0.0000      0.0000      0.0000
  Si       1.7800      5.3400      5.3400      0.0000      0.0000      0.0000
  Si       5.3400      5.3400      1.7800      0.0000      0.0000      0.0000
  Si       0.0000      3.5600      3.5600      0.0000      0.0000      0.0000
  Si       3.5600      0.0000      3.5600      0.0000      0.0000      0.0000
  Si       3.5600      3.5600      0.0000      0.0000      0.0000      0.0000
  O        0.8900      0.8900      0.8900      0.0000      0.0000      0.0000
  O        6.2300      0.8900      6.2300      0.0000      0.0000      0.0000
  O        0.8900      6.2300      6.2300      0.0000      0.0000      0.0000
  O        6.2300      6.2300      0.8900      0.0000      0.0000      0.0000
  O        0.8900      4.4500      4.4500      0.0000      0.0000      0.0000
  O        4.4500      0.8900      4.4500      0.0000      0.0000      0.0000
  O        4.4500      4.4500      0.8900      0.0000      0.0000      0.0000
  O        6.2300      4.4500      2.6700      0.0000      0.0000      0.0000
  O        2.6700      0.8900      2.6700      0.0000      0.0000      0.0000
  O        2.6700      4.4500      6.2300      0.0000      0.0000      0.0000
  O        0.8900      2.6700      2.6700      0.0000      0.0000      0.0000
  O        4.4500      6.2300      2.6700      0.0000      0.0000      0.0000
  O        4.4500      2.6700      6.2300      0.0000      0.0000      0.0000
  O        6.2300      2.6700      4.4500      0.0000      0.0000      0.0000
  O        2.6700      6.2300      4.4500      0.0000      0.0000      0.0000
  O        2.6700      2.6700      0.8900      0.0000      0.0000      0.0000

Diagonalization using scalapack for step=0  count=0



KOHN SHAM EIGENVALUES [eV] AT K-POINT [  0]:       0.000000      0.000000      0.000000

[kpt   0  -1   0]   -22.2104 [2.000]   -21.3891 [2.000]   -21.3891 [2.000]   -21.3891 [2.000]   -21.3891 [2.000]
[kpt   0  -1   1]   -21.3891 [2.000]   -21.3891 [2.000]   -20.2954 [2.000]   -20.2954 [2.000]   -20.2954 [2.000]
[kpt   0  -1   2]   -20.2756 [2.000]   -20.2756 [2.000]   -20.2756 [2.000]   -20.2756 [2.000]   -20.2756 [2.000]
[kpt   0  -1   3]   -20.2756 [2.000]   -11.9777 [2.000]    -9.9021 [2.000]    -9.9021 [2.000]    -9.9021 [2.000]
[kpt   0  -1   4]    -9.9021 [2.000]    -9.9021 [2.000]    -9.9021 [2.000]    -8.2314 [2.000]    -8.2314 [2.000]
[kpt   0  -1   5]    -8.2314 [2.000]    -7.9173 [2.000]    -7.9173 [2.000]    -7.9173 [2.000]    -7.9173 [2.000]
[kpt   0  -1   6]    -7.9173 [2.000]    -7.9173 [2.000]    -5.0439 [2.000]    -5.0439 [2.000]    -5.0439 [2.000]
[kpt   0  -1   7]    -5.0439 [2.000]    -5.0439 [2.000]    -5.0439 [2.000]    -4.9496 [2.000]    -4.9496 [2.000]
[kpt   0  -1   8]    -4.7587 [2.000]    -4.7587 [2.000]    -4.7587 [2.000]    -4.7587 [2.000]    -4.7587 [2.000]
[kpt   0  -1   9]    -4.7587 [2.000]    -4.5293 [2.000]    -4.5293 [2.000]    -4.5293 [2.000]    -3.9997 [2.000]
[kpt   0  -1  10]    -3.9997 [2.000]    -3.9997 [2.000]    -3.9997 [2.000]    -3.9997 [2.000]    -3.9997 [2.000]
[kpt   0  -1  11]    -3.4196 [2.000]    -3.4196 [2.000]    -3.4196 [2.000]    -3.4196 [2.000]    -3.4196 [2.000]
[kpt   0  -1  12]    -3.4196 [2.000]    -2.9479 [2.000]    -2.9479 [2.000]    -2.9479 [2.000]     7.5972 [0.000]
[kpt   0  -1  13]    10.2664 [0.000]    10.2664 [0.000]    10.2664 [0.000]    10.2664 [0.000]    10.2664 [0.000]
[kpt   0  -1  14]    10.2664 [0.000]    12.4012 [0.000]    12.4012 [0.000]    12.4012 [0.000]    13.3633 [0.000]
[kpt   0  -1  15]    13.3633 [0.000]    13.3633 [0.000]    13.3633 [0.000]    13.3633 [0.000]    13.3633 [0.000]
[kpt   0  -1  16]    15.0336 [0.000]    15.0336 [0.000]    15.0336 [0.000]    15.0336 [0.000]    15.0336 [0.000]
[kpt   0  -1  17]    15.0336 [0.000]    15.3504 [0.000]    15.3504 [0.000]    15.3504 [0.000]    15.3504 [0.000]
[kpt   0  -1  18]    15.3504 [0.000]    15.3504 [0.000]    16.6344 [0.000]    16.6344 [0.000]    16.6344 [0.000]
[kpt   0  -1  19]    17.1929 [0.000]


Charge normalization constant -1.0: 1.088019e-14
Charge density mixing: Linear with a constant of 0.50 

Diagonalization using scalapack for step=0  count=1


FERMI ENERGY =      5.44823415 eV
@@ EIGENVALUE SUM     =      -66.304990 Ry
@@ ION_ION            =     -272.916107 Ry
@@ ELECTROSTATIC      =     -284.832631 Ry
@@ VXC                =     -178.979894 Ry
@@ EXC                =     -137.840406 Ry
@@ TOTAL ENERGY       =     -582.914239 Ry
@@ estimated error    =   ****************
Charge normalization constant -1.0: 1.110223e-15
Charge density mixing: Linear with a constant of 0.50 
WriteRestart: Output file given as /dev/null, no restart data written ...


KOHN SHAM EIGENVALUES [eV] AT K-POINT [  0]:       0.000000      0.000000      0.000000

[kpt   0   0   0]   -19.7016 [2.000]   -18.7543 [2.000]   -18.7424 [2.000]   -18.7420 [2.000]   -18.7348 [2.000]
[kpt   0   0   1]   -18.7315 [2.000]   -18.7299 [2.000]   -17.4573 [2.000]   -17.4458 [2.000]   -17.4450 [2.000]
[kpt   0   0   2]   -17.4443 [2.000]   -17.4419 [2.000]   -17.4404 [2.000]   -17.4393 [2.000]   -17.4354 [2.000]
[kpt   0   0   3]   -17.4342 [2.000]    -9.6888 [2.000]    -7.4429 [2.000]    -7.4396 [2.000]    -7.4363 [2.000]
[kpt   0   0   4]    -7.4140 [2.000]    -7.4123 [2.000]    -7.4107 [2.000]    -5.8291 [2.000]    -5.8268 [2.000]
[kpt   0   0   5]    -5.8264 [2.000]    -5.1287 [2.000]    -5.1283 [2.000]    -5.1275 [2.000]    -5.1263 [2.000]
[kpt   0   0   6]    -5.1257 [2.000]    -5.1250 [2.000]    -2.9637 [2.000]    -2.9632 [2.000]    -2.9631 [2.000]
[kpt   0   0   7]    -2.9539 [2.000]    -2.9534 [2.000]    -2.9528 [2.000]    -2.7582 [2.000]    -2.7575 [2.000]
[kpt   0   0   8]    -2.6238 [2.000]    -2.6223 [2.000]    -2.6218 [2.000]    -2.6216 [2.000]    -2.6207 [2.000]
[kpt   0   0   9]    -2.5992 [2.000]    -2.0357 [2.000]    -2.0347 [2.000]    -2.0340 [2.000]    -1.5667 [2.000]
[kpt   0   0  10]    -1.5662 [2.000]    -1.5650 [2.000]    -1.5567 [2.000]    -1.5558 [2.000]    -1.5547 [2.000]
[kpt   0   0  11]    -0.7577 [2.000]    -0.7575 [2.000]    -0.7566 [2.000]    -0.7560 [2.000]    -0.7557 [2.000]
[kpt   0   0  12]    -0.7552 [2.000]    -0.1573 [2.000]    -0.1567 [2.000]    -0.1565 [2.000]     8.3654 [0.000]
[kpt   0   0  13]    10.8888 [0.000]    10.8904 [0.000]    10.8915 [0.000]    10.9013 [0.000]    10.9032 [0.000]
[kpt   0   0  14]    10.9036 [0.000]    12.0926 [0.000]    12.0944 [0.000]    12.0945 [0.000]    13.8307 [0.000]
[kpt   0   0  15]    13.8310 [0.000]    13.8311 [0.000]    13.8313 [0.000]    13.8315 [0.000]



Total charge in supercell =     128.00000000
 quench: [md:   0/100  scf:   0/30  step time:   0.16  scf time:     0.20 secs  RMS[dV]: 5.24e-02 ]


average potential <V> = -4.16e-16

Diagonalization using scalapack for step=1  count=2


FERMI ENERGY =      5.64941150 eV
@@ EIGENVALUE SUM     =      -55.553800 Ry
@@ ION_ION            =     -272.916107 Ry
@@ ELECTROSTATIC      =     -296.950873 Ry
@@ VXC                =     -182.136617 Ry
@@ EXC                =     -140.303440 Ry
@@ TOTAL ENERGY       =     -583.587603 Ry
@@ estimated error    =        6.30e-01 Ry
Charge normalization constant -1.0: 0.000000e+00
Charge density mixing: Linear with a constant of 0.50 


KOHN SHAM EIGENVALUES [eV] AT K-POINT [  0]:       0.000000      0.000000      0.000000

[kpt   0   1   0]   -18.5508 [2.000]   -17.5284 [2.000]   -17.5276 [2.000]   -17.5260 [2.000]   -17.5187 [2.000]
[kpt   0   1   1]   -17.5170 [2.000]   -17.5079 [2.000]   -16.0816 [2.000]   -16.0790 [2.000]   -16.0692 [2.000]
[kpt   0   1   2]   -16.0686 [2.000]   -16.0545 [2.000]   -16.0535 [2.000]   -16.0430 [2.000]   -16.0376 [2.000]
[kpt   0   1   3]   -16.0297 [2.000]    -9.2657 [2.000]    -6.7770 [2.000]    -6.7756 [2.000]    -6.7733 [2.000]
[kpt   0   1   4]    -6.7689 [2.000]    -6.7659 [2.000]    -6.7621 [2.000]    -4.9857 [2.000]    -4.9847 [2.000]
[kpt   0   1   5]    -4.9831 [2.000]    -4.3270 [2.000]    -4.3266 [2.000]    -4.3213 [2.000]    -4.3182 [2.000]
[kpt   0   1   6]    -4.3127 [2.000]    -4.3107 [2.000]    -1.7873 [2.000]    -1.7861 [2.000]    -1.7821 [2.000]
[kpt   0   1   7]    -1.7801 [2.000]    -1.7739 [2.000]    -1.7726 [2.000]    -1.5216 [2.000]    -1.5211 [2.000]
[kpt   0   1   8]    -1.4323 [2.000]    -1.4261 [2.000]    -1.4241 [2.000]    -1.4236 [2.000]    -1.4180 [2.000]
[kpt   0   1   9]    -1.4158 [2.000]    -0.8949 [2.000]    -0.8870 [2.000]    -0.8869 [2.000]    -0.2759 [2.000]
[kpt   0   1  10]    -0.2693 [2.000]    -0.2680 [2.000]    -0.2610 [2.000]    -0.2602 [2.000]    -0.2564 [2.000]
[kpt   0   1  11]     0.5904 [2.000]     0.5951 [2.000]     0.5958 [2.000]     0.6024 [2.000]     0.6038 [2.000]
[kpt   0   1  12]     0.6090 [2.000]     1.3173 [2.000]     1.3177 [2.000]     1.3207 [2.000]     8.6558 [0.000]
[kpt   0   1  13]    11.2210 [0.000]    11.2225 [0.000]    11.2234 [0.000]    11.2260 [0.000]    11.2280 [0.000]
[kpt   0   1  14]    11.2316 [0.000]    11.7327 [0.000]    11.7336 [0.000]    11.7339 [0.000]    14.0253 [0.000]
[kpt   0   1  15]    14.0261 [0.000]    14.0264 [0.000]    14.0275 [0.000]    45.9831 [0.000]



Total charge in supercell =     128.00000000
 quench: [md:   0/100  scf:   1/30  step time:   0.15  scf time:     0.35 secs  RMS[dV]: 3.03e-02 ]


average potential <V> = -6.43e-16

Diagonalization using scalapack for step=2  count=3


FERMI ENERGY =      5.50006337 eV
@@ EIGENVALUE SUM     =      -53.660993 Ry
@@ ION_ION            =     -272.916107 Ry
@@ ELECTROSTATIC      =     -296.060588 Ry
@@ VXC                =     -181.606946 Ry
@@ EXC                =     -139.890354 Ry
@@ TOTAL ENERGY       =     -580.921096 Ry
@@ estimated error    =        2.02e-01 Ry
Charge normalization constant -1.0: 8.881784e-16
Charge density mixing: Linear with a constant of 0.50 


KOHN SHAM EIGENVALUES [eV] AT K-POINT [  0]:       0.000000      0.000000      0.000000

[kpt   0   2   0]   -18.3953 [2.000]   -17.3676 [2.000]   -17.3625 [2.000]   -17.3616 [2.000]   -17.3544 [2.000]
[kpt   0   2   1]   -17.3544 [2.000]   -17.3477 [2.000]   -15.9025 [2.000]   -15.8960 [2.000]   -15.8923 [2.000]
[kpt   0   2   2]   -15.8870 [2.000]   -15.8846 [2.000]   -15.8800 [2.000]   -15.8431 [2.000]   -15.8379 [2.000]
[kpt   0   2   3]   -15.8365 [2.000]    -9.1822 [2.000]    -6.6533 [2.000]    -6.6517 [2.000]    -6.6509 [2.000]
[kpt   0   2   4]    -6.6492 [2.000]    -6.6462 [2.000]    -6.6453 [2.000]    -4.8381 [2.000]    -4.8369 [2.000]
[kpt   0   2   5]    -4.8357 [2.000]    -4.1912 [2.000]    -4.1892 [2.000]    -4.1884 [2.000]    -4.1866 [2.000]
[kpt   0   2   6]    -4.1851 [2.000]    -4.1835 [2.000]    -1.6009 [2.000]    -1.6001 [2.000]    -1.5961 [2.000]
[kpt   0   2   7]    -1.5896 [2.000]    -1.5850 [2.000]    -1.5841 [2.000]    -1.3234 [2.000]    -1.3227 [2.000]
[kpt   0   2   8]    -1.2032 [2.000]    -1.2022 [2.000]    -1.1885 [2.000]    -1.1864 [2.000]    -1.1846 [2.000]
[kpt   0   2   9]    -1.1830 [2.000]    -0.6954 [2.000]    -0.6899 [2.000]    -0.6895 [2.000]    -0.0185 [2.000]
[kpt   0   2  10]    -0.0123 [2.000]    -0.0100 [2.000]     0.0049 [2.000]     0.0064 [2.000]     0.0116 [2.000]
[kpt   0   2  11]     0.8953 [2.000]     0.9024 [2.000]     0.9047 [2.000]     0.9085 [2.000]     0.9099 [2.000]
[kpt   0   2  12]     0.9150 [2.000]     1.6906 [2.000]     1.6911 [2.000]     1.6939 [2.000]     8.3730 [0.000]
[kpt   0   2  13]    11.0860 [0.000]    11.0882 [0.000]    11.0892 [0.000]    11.0941 [0.000]    11.0968 [0.000]
[kpt   0   2  14]    11.0997 [0.000]    11.3718 [0.000]    11.3739 [0.000]    11.3743 [0.000]    13.9112 [0.000]
[kpt   0   2  15]    13.9129 [0.000]    13.9133 [0.000]    13.9140 [0.000]    45.3256 [0.000]



Total charge in supercell =     128.00000000
 quench: [md:   0/100  scf:   2/30  step time:   0.15  scf time:     0.49 secs  RMS[dV]: 1.48e-02 ]


average potential <V> = -2.63e-16

Diagonalization using scalapack for step=3  count=4


FERMI ENERGY =      5.10641706 eV
@@ EIGENVALUE SUM     =      -55.137096 Ry
@@ ION_ION            =     -272.916107 Ry
@@ ELECTROSTATIC      =     -291.796049 Ry
@@ VXC                =     -180.199917 Ry
@@ EXC                =     -138.791868 Ry
@@ TOTAL ENERGY       =     -578.441201 Ry
@@ estimated error    =        3.08e-01 Ry
Charge normalization constant -1.0: -1.110223e-15
Charge density mixing: Linear with a constant of 0.50 


KOHN SHAM EIGENVALUES [eV] AT K-POINT [  0]:       0.000000      0.000000      0.000000

[kpt   0   3   0]   -18.5687 [2.000]   -17.5564 [2.000]   -17.5540 [2.000]   -17.5489 [2.000]   -17.5431 [2.000]
[kpt   0   3   1]   -17.5405 [2.000]   -17.5354 [2.000]   -16.1221 [2.000]   -16.1165 [2.000]   -16.1130 [2.000]
[kpt   0   3   2]   -16.1074 [2.000]   -16.1026 [2.000]   -16.1019 [2.000]   -16.0689 [2.000]   -16.0659 [2.000]
[kpt   0   3   3]   -16.0610 [2.000]    -9.2609 [2.000]    -6.7624 [2.000]    -6.7616 [2.000]    -6.7602 [2.000]
[kpt   0   3   4]    -6.7579 [2.000]    -6.7553 [2.000]    -6.7542 [2.000]    -4.9489 [2.000]    -4.9488 [2.000]
[kpt   0   3   5]    -4.9460 [2.000]    -4.3155 [2.000]    -4.3124 [2.000]    -4.3094 [2.000]    -4.3084 [2.000]
[kpt   0   3   6]    -4.3079 [2.000]    -4.3058 [2.000]    -1.7598 [2.000]    -1.7591 [2.000]    -1.7564 [2.000]
[kpt   0   3   7]    -1.7551 [2.000]    -1.7542 [2.000]    -1.7521 [2.000]    -1.4959 [2.000]    -1.4952 [2.000]
[kpt   0   3   8]    -1.3449 [2.000]    -1.3352 [2.000]    -1.3266 [2.000]    -1.3249 [2.000]    -1.3241 [2.000]
[kpt   0   3   9]    -1.3234 [2.000]    -0.8619 [2.000]    -0.8580 [2.000]    -0.8579 [2.000]    -0.1705 [2.000]
[kpt   0   3  10]    -0.1669 [2.000]    -0.1660 [2.000]    -0.1611 [2.000]    -0.1601 [2.000]    -0.1582 [2.000]
[kpt   0   3  11]     0.7499 [2.000]     0.7531 [2.000]     0.7550 [2.000]     0.7563 [2.000]     0.7581 [2.000]
[kpt   0   3  12]     0.7619 [2.000]     1.5538 [2.000]     1.5552 [2.000]     1.5565 [2.000]     8.0141 [0.000]
[kpt   0   3  13]    10.8438 [0.000]    10.8463 [0.000]    10.8469 [0.000]    10.8547 [0.000]    10.8576 [0.000]
[kpt   0   3  14]    10.8600 [0.000]    11.1343 [0.000]    11.1365 [0.000]    11.1371 [0.000]    13.7003 [0.000]
[kpt   0   3  15]    13.7017 [0.000]    13.7020 [0.000]    13.7029 [0.000]    44.5650 [0.000]



Total charge in supercell =     128.00000000
 quench: [md:   0/100  scf:   3/30  step time:   0.15  scf time:     0.64 secs  RMS[dV]: 1.43e-02 ]


average potential <V> = 4.65e-16
Davidson converged in 3 steps

FERMI ENERGY =      5.24238402 eV
@@ EIGENVALUE SUM     =      -56.610890 Ry
@@ ION_ION            =     -272.916107 Ry
@@ ELECTROSTATIC      =     -288.292802 Ry
@@ VXC                =     -179.079180 Ry
@@ EXC                =     -137.915975 Ry
@@ TOTAL ENERGY       =     -576.656594 Ry
@@ estimated error    =        1.78e-01 Ry
Charge normalization constant -1.0: -4.440892e-16
Charge density mixing: Broyden


KOHN SHAM EIGENVALUES [eV] AT K-POINT [  0]:       0.000000      0.000000      0.000000

[kpt   0   4   0]   -18.7339 [2.000]   -17.7460 [2.000]   -17.7395 [2.000]   -17.7335 [2.000]   -17.7236 [2.000]
[kpt   0   4   1]   -17.7127 [2.000]   -17.7072 [2.000]   -16.3488 [2.000]   -16.3343 [2.000]   -16.3302 [2.000]
[kpt   0   4   2]   -16.3246 [2.000]   -16.3121 [2.000]   -16.3025 [2.000]   -16.2938 [2.000]   -16.2829 [2.000]
[kpt   0   4   3]   -16.2698 [2.000]    -9.3720 [2.000]    -6.9109 [2.000]    -6.9067 [2.000]    -6.9016 [2.000]
[kpt   0   4   4]    -6.8959 [2.000]    -6.8867 [2.000]    -6.8835 [2.000]    -5.0853 [2.000]    -5.0833 [2.000]
[kpt   0   4   5]    -5.0756 [2.000]    -4.4698 [2.000]    -4.4555 [2.000]    -4.4524 [2.000]    -4.4490 [2.000]
[kpt   0   4   6]    -4.4397 [2.000]    -4.4297 [2.000]    -1.9269 [2.000]    -1.9249 [2.000]    -1.9209 [2.000]
[kpt   0   4   7]    -1.9185 [2.000]    -1.9135 [2.000]    -1.9086 [2.000]    -1.6550 [2.000]    -1.6534 [2.000]
[kpt   0   4   8]    -1.4882 [2.000]    -1.4847 [2.000]    -1.4791 [2.000]    -1.4779 [2.000]    -1.4728 [2.000]
[kpt   0   4   9]    -1.4648 [2.000]    -1.0101 [2.000]    -1.0097 [2.000]    -1.0093 [2.000]    -0.3179 [2.000]
[kpt   0   4  10]    -0.3153 [2.000]    -0.3085 [2.000]    -0.3057 [2.000]    -0.2983 [2.000]    -0.2907 [2.000]
[kpt   0   4  11]     0.6133 [2.000]     0.6156 [2.000]     0.6207 [2.000]     0.6237 [2.000]     0.6292 [2.000]
[kpt   0   4  12]     0.6352 [2.000]     1.4259 [2.000]     1.4333 [2.000]     1.4359 [2.000]     7.0954 [0.000]
[kpt   0   4  13]     9.9904 [0.000]     9.9924 [0.000]     9.9954 [0.000]     9.9979 [0.000]    10.0031 [0.000]
[kpt   0   4  14]    10.0035 [0.000]    10.5069 [0.000]    10.5076 [0.000]    10.5080 [0.000]    13.1958 [0.000]
[kpt   0   4  15]    13.2297 [0.000]    13.2305 [0.000]    13.2318 [0.000]    13.2345 [0.000]



Total charge in supercell =     128.00000000
 quench: [md:   0/100  scf:   4/30  step time:   0.18  scf time:     0.82 secs  RMS[dV]: 1.05e-02 ]


average potential <V> = -3.59e-16
Davidson converged in 2 steps

FERMI ENERGY =      4.99981147 eV
@@ EIGENVALUE SUM     =      -59.911835 Ry
@@ ION_ION            =     -272.916107 Ry
@@ ELECTROSTATIC      =     -284.700357 Ry
@@ VXC                =     -177.974263 Ry
@@ EXC                =     -137.051240 Ry
@@ TOTAL ENERGY       =     -576.605275 Ry
@@ estimated error    =        1.53e-01 Ry
Charge normalization constant -1.0: 8.881784e-16
Charge density mixing: Broyden


KOHN SHAM EIGENVALUES [eV] AT K-POINT [  0]:       0.000000      0.000000      0.000000

[kpt   0   5   0]   -19.0573 [2.000]   -18.0880 [2.000]   -18.0851 [2.000]   -18.0788 [2.000]   -18.0745 [2.000]
[kpt   0   5   1]   -18.0710 [2.000]   -18.0673 [2.000]   -16.7454 [2.000]   -16.7383 [2.000]   -16.7332 [2.000]
[kpt   0   5   2]   -16.7329 [2.000]   -16.7290 [2.000]   -16.7195 [2.000]   -16.7031 [2.000]   -16.6962 [2.000]
[kpt   0   5   3]   -16.6960 [2.000]    -9.5073 [2.000]    -7.1158 [2.000]    -7.1136 [2.000]    -7.1084 [2.000]
[kpt   0   5   4]    -7.1051 [2.000]    -7.1024 [2.000]    -7.0995 [2.000]    -5.3308 [2.000]    -5.3270 [2.000]
[kpt   0   5   5]    -5.3258 [2.000]    -4.7259 [2.000]    -4.7204 [2.000]    -4.7153 [2.000]    -4.7138 [2.000]
[kpt   0   5   6]    -4.7122 [2.000]    -4.7045 [2.000]    -2.2625 [2.000]    -2.2595 [2.000]    -2.2563 [2.000]
[kpt   0   5   7]    -2.2552 [2.000]    -2.2523 [2.000]    -2.2510 [2.000]    -2.0183 [2.000]    -2.0176 [2.000]
[kpt   0   5   8]    -1.8307 [2.000]    -1.8271 [2.000]    -1.8250 [2.000]    -1.8242 [2.000]    -1.8221 [2.000]
[kpt   0   5   9]    -1.8206 [2.000]    -1.3885 [2.000]    -1.3884 [2.000]    -1.3882 [2.000]    -0.7239 [2.000]
[kpt   0   5  10]    -0.7209 [2.000]    -0.7176 [2.000]    -0.7165 [2.000]    -0.7137 [2.000]    -0.7124 [2.000]
[kpt   0   5  11]     0.1685 [2.000]     0.1732 [2.000]     0.1758 [2.000]     0.1768 [2.000]     0.1801 [2.000]
[kpt   0   5  12]     0.1817 [2.000]     0.9345 [2.000]     0.9354 [2.000]     0.9394 [2.000]     6.8150 [0.000]
[kpt   0   5  13]     9.7594 [0.000]     9.7604 [0.000]     9.7617 [0.000]     9.7625 [0.000]     9.7636 [0.000]
[kpt   0   5  14]     9.7645 [0.000]    10.5168 [0.000]    10.5168 [0.000]    10.5170 [0.000]    12.2342 [0.000]
[kpt   0   5  15]    13.0158 [0.000]    13.0175 [0.000]    13.0181 [0.000]    13.0189 [0.000]



Total charge in supercell =     128.00000000
 quench: [md:   0/100  scf:   5/30  step time:   0.17  scf time:     1.00 secs  RMS[dV]: 9.25e-03 ]


average potential <V> = 4.37e-16
Davidson converged in 3 steps

FERMI ENERGY =      5.05891474 eV
@@ EIGENVALUE SUM     =      -58.672644 Ry
@@ ION_ION            =     -272.916107 Ry
@@ ELECTROSTATIC      =     -286.011003 Ry
@@ VXC                =     -178.304419 Ry
@@ EXC                =     -137.307299 Ry
@@ TOTAL ENERGY       =     -576.602634 Ry
@@ estimated error    =        9.93e-03 Ry
Charge normalization constant -1.0: -2.220446e-16
Charge density mixing: Broyden


KOHN SHAM EIGENVALUES [eV] AT K-POINT [  0]:       0.000000      0.000000      0.000000

[kpt   0   6   0]   -18.9242 [2.000]   -17.9419 [2.000]   -17.9413 [2.000]   -17.9406 [2.000]   -17.9399 [2.000]
[kpt   0   6   1]   -17.9387 [2.000]   -17.9382 [2.000]   -16.5900 [2.000]   -16.5882 [2.000]   -16.5878 [2.000]
[kpt   0   6   2]   -16.5876 [2.000]   -16.5864 [2.000]   -16.5853 [2.000]   -16.5564 [2.000]   -16.5560 [2.000]
[kpt   0   6   3]   -16.5548 [2.000]    -9.3772 [2.000]    -6.9693 [2.000]    -6.9689 [2.000]    -6.9683 [2.000]
[kpt   0   6   4]    -6.9679 [2.000]    -6.9670 [2.000]    -6.9667 [2.000]    -5.1933 [2.000]    -5.1931 [2.000]
[kpt   0   6   5]    -5.1924 [2.000]    -4.5682 [2.000]    -4.5668 [2.000]    -4.5665 [2.000]    -4.5662 [2.000]
[kpt   0   6   6]    -4.5653 [2.000]    -4.5645 [2.000]    -2.1463 [2.000]    -2.1461 [2.000]    -2.1459 [2.000]
[kpt   0   6   7]    -2.1456 [2.000]    -2.1453 [2.000]    -2.1449 [2.000]    -1.9033 [2.000]    -1.9031 [2.000]
[kpt   0   6   8]    -1.7132 [2.000]    -1.7128 [2.000]    -1.7123 [2.000]    -1.7122 [2.000]    -1.7117 [2.000]
[kpt   0   6   9]    -1.7107 [2.000]    -1.2563 [2.000]    -1.2563 [2.000]    -1.2562 [2.000]    -0.5960 [2.000]
[kpt   0   6  10]    -0.5957 [2.000]    -0.5950 [2.000]    -0.5948 [2.000]    -0.5940 [2.000]    -0.5932 [2.000]
[kpt   0   6  11]     0.3076 [2.000]     0.3079 [2.000]     0.3081 [2.000]     0.3084 [2.000]     0.3088 [2.000]
[kpt   0   6  12]     0.3093 [2.000]     1.0725 [2.000]     1.0730 [2.000]     1.0733 [2.000]     6.7904 [0.000]
[kpt   0   6  13]     9.7635 [0.000]     9.7638 [0.000]     9.7640 [0.000]     9.7645 [0.000]     9.7648 [0.000]
[kpt   0   6  14]     9.7650 [0.000]    10.5684 [0.000]    10.5686 [0.000]    10.5687 [0.000]    12.1681 [0.000]
[kpt   0   6  15]    13.0521 [0.000]    13.0525 [0.000]    13.0530 [0.000]    13.0533 [0.000]



Total charge in supercell =     128.00000000
 quench: [md:   0/100  scf:   6/30  step time:   0.19  scf time:     1.18 secs  RMS[dV]: 4.14e-03 ]


average potential <V> = -4.26e-17
Davidson converged in 3 steps

FERMI ENERGY =      5.06048264 eV
@@ EIGENVALUE SUM     =      -58.426258 Ry
@@ ION_ION            =     -272.916107 Ry
@@ ELECTROSTATIC      =     -286.270959 Ry
@@ VXC                =     -178.363471 Ry
@@ EXC                =     -137.352565 Ry
@@ TOTAL ENERGY       =     -576.602418 Ry
@@ estimated error    =        5.14e-04 Ry
Charge normalization constant -1.0: -4.440892e-16
Charge density mixing: Broyden


KOHN SHAM EIGENVALUES [eV] AT K-POINT [  0]:       0.000000      0.000000      0.000000

[kpt   0   7   0]   -18.8960 [2.000]   -17.9122 [2.000]   -17.9121 [2.000]   -17.9120 [2.000]   -17.9120 [2.000]
[kpt   0   7   1]   -17.9118 [2.000]   -17.9117 [2.000]   -16.5604 [2.000]   -16.5603 [2.000]   -16.5601 [2.000]
[kpt   0   7   2]   -16.5601 [2.000]   -16.5599 [2.000]   -16.5599 [2.000]   -16.5285 [2.000]   -16.5284 [2.000]
[kpt   0   7   3]   -16.5281 [2.000]    -9.3403 [2.000]    -6.9323 [2.000]    -6.9322 [2.000]    -6.9321 [2.000]
[kpt   0   7   4]    -6.9321 [2.000]    -6.9320 [2.000]    -6.9319 [2.000]    -5.1605 [2.000]    -5.1605 [2.000]
[kpt   0   7   5]    -5.1604 [2.000]    -4.5304 [2.000]    -4.5304 [2.000]    -4.5302 [2.000]    -4.5302 [2.000]
[kpt   0   7   6]    -4.5301 [2.000]    -4.5300 [2.000]    -2.1259 [2.000]    -2.1259 [2.000]    -2.1258 [2.000]
[kpt   0   7   7]    -2.1257 [2.000]    -2.1257 [2.000]    -2.1256 [2.000]    -1.8834 [2.000]    -1.8833 [2.000]
[kpt   0   7   8]    -1.6920 [2.000]    -1.6919 [2.000]    -1.6918 [2.000]    -1.6917 [2.000]    -1.6917 [2.000]
[kpt   0   7   9]    -1.6916 [2.000]    -1.2314 [2.000]    -1.2313 [2.000]    -1.2313 [2.000]    -0.5750 [2.000]
[kpt   0   7  10]    -0.5748 [2.000]    -0.5747 [2.000]    -0.5746 [2.000]    -0.5746 [2.000]    -0.5745 [2.000]
[kpt   0   7  11]     0.3296 [2.000]     0.3297 [2.000]     0.3297 [2.000]     0.3299 [2.000]     0.3299 [2.000]
[kpt   0   7  12]     0.3300 [2.000]     1.0930 [2.000]     1.0932 [2.000]     1.0933 [2.000]     6.7867 [0.000]
[kpt   0   7  13]     9.7576 [0.000]     9.7578 [0.000]     9.7580 [0.000]     9.7581 [0.000]     9.7583 [0.000]
[kpt   0   7  14]     9.7585 [0.000]    10.5895 [0.000]    10.5896 [0.000]    10.5900 [0.000]    12.1961 [0.000]
[kpt   0   7  15]    13.0458 [0.000]    13.0459 [0.000]    13.0459 [0.000]    13.0460 [0.000]



Total charge in supercell =     128.00000000
 quench: [md:   0/100  scf:   7/30  step time:   0.19  scf time:     1.37 secs  RMS[dV]: 8.86e-04 ]


average potential <V> = -4.80e-16
Davidson converged in 3 steps

FERMI ENERGY =      5.06364686 eV
@@ EIGENVALUE SUM     =      -58.369915 Ry
@@ ION_ION            =     -272.916107 Ry
@@ ELECTROSTATIC      =     -286.331216 Ry
@@ VXC                =     -178.380482 Ry
@@ EXC                =     -137.365566 Ry
@@ TOTAL ENERGY       =     -576.602322 Ry
@@ estimated error    =        3.66e-05 Ry
Charge normalization constant -1.0: 8.881784e-16
Charge density mixing: Broyden


KOHN SHAM EIGENVALUES [eV] AT K-POINT [  0]:       0.000000      0.000000      0.000000

[kpt   0   8   0]   -18.8896 [2.000]   -17.9060 [2.000]   -17.9058 [2.000]   -17.9057 [2.000]   -17.9056 [2.000]
[kpt   0   8   1]   -17.9055 [2.000]   -17.9052 [2.000]   -16.5543 [2.000]   -16.5541 [2.000]   -16.5540 [2.000]
[kpt   0   8   2]   -16.5539 [2.000]   -16.5537 [2.000]   -16.5535 [2.000]   -16.5225 [2.000]   -16.5220 [2.000]
[kpt   0   8   3]   -16.5218 [2.000]    -9.3327 [2.000]    -6.9250 [2.000]    -6.9249 [2.000]    -6.9248 [2.000]
[kpt   0   8   4]    -6.9248 [2.000]    -6.9247 [2.000]    -6.9245 [2.000]    -5.1539 [2.000]    -5.1536 [2.000]
[kpt   0   8   5]    -5.1535 [2.000]    -4.5234 [2.000]    -4.5233 [2.000]    -4.5232 [2.000]    -4.5231 [2.000]
[kpt   0   8   6]    -4.5229 [2.000]    -4.5228 [2.000]    -2.1208 [2.000]    -2.1208 [2.000]    -2.1207 [2.000]
[kpt   0   8   7]    -2.1206 [2.000]    -2.1205 [2.000]    -2.1204 [2.000]    -1.8783 [2.000]    -1.8783 [2.000]
[kpt   0   8   8]    -1.6866 [2.000]    -1.6866 [2.000]    -1.6865 [2.000]    -1.6864 [2.000]    -1.6863 [2.000]
[kpt   0   8   9]    -1.6861 [2.000]    -1.2256 [2.000]    -1.2256 [2.000]    -1.2256 [2.000]    -0.5698 [2.000]
[kpt   0   8  10]    -0.5698 [2.000]    -0.5697 [2.000]    -0.5695 [2.000]    -0.5694 [2.000]    -0.5693 [2.000]
[kpt   0   8  11]     0.3348 [2.000]     0.3349 [2.000]     0.3350 [2.000]     0.3352 [2.000]     0.3353 [2.000]
[kpt   0   8  12]     0.3354 [2.000]     1.0981 [2.000]     1.0982 [2.000]     1.0985 [2.000]     6.7867 [0.000]
[kpt   0   8  13]     9.7563 [0.000]     9.7564 [0.000]     9.7565 [0.000]     9.7566 [0.000]     9.7568 [0.000]
[kpt   0   8  14]     9.7569 [0.000]    10.5946 [0.000]    10.5947 [0.000]    10.5952 [0.000]    12.2028 [0.000]
[kpt   0   8  15]    13.0479 [0.000]    13.0480 [0.000]    13.0481 [0.000]    13.0481 [0.000]



Total charge in supercell =     128.00000000
 quench: [md:   0/100  scf:   8/30  step time:   0.19  scf time:     1.56 secs  RMS[dV]: 3.26e-04 ]


average potential <V> = 7.64e-16
Davidson converged in 4 steps

FERMI ENERGY =      5.06301741 eV
@@ EIGENVALUE SUM     =      -58.382703 Ry
@@ ION_ION            =     -272.916107 Ry
@@ ELECTROSTATIC      =     -286.317783 Ry
@@ VXC                =     -178.377707 Ry
@@ EXC                =     -137.363428 Ry
@@ TOTAL ENERGY       =     -576.602314 Ry
@@ estimated error    =        1.72e-06 Ry
Charge normalization constant -1.0: -1.998401e-15
Charge density mixing: Broyden


KOHN SHAM EIGENVALUES [eV] AT K-POINT [  0]:       0.000000      0.000000      0.000000

[kpt   0   9   0]   -18.8910 [2.000]   -17.9073 [2.000]   -17.9071 [2.000]   -17.9071 [2.000]   -17.9070 [2.000]
[kpt   0   9   1]   -17.9069 [2.000]   -17.9069 [2.000]   -16.5557 [2.000]   -16.5556 [2.000]   -16.5554 [2.000]
[kpt   0   9   2]   -16.5554 [2.000]   -16.5553 [2.000]   -16.5552 [2.000]   -16.5238 [2.000]   -16.5237 [2.000]
[kpt   0   9   3]   -16.5234 [2.000]    -9.3341 [2.000]    -6.9266 [2.000]    -6.9265 [2.000]    -6.9264 [2.000]
[kpt   0   9   4]    -6.9264 [2.000]    -6.9263 [2.000]    -6.9262 [2.000]    -5.1553 [2.000]    -5.1552 [2.000]
[kpt   0   9   5]    -5.1551 [2.000]    -4.5251 [2.000]    -4.5250 [2.000]    -4.5249 [2.000]    -4.5249 [2.000]
[kpt   0   9   6]    -4.5248 [2.000]    -4.5247 [2.000]    -2.1218 [2.000]    -2.1217 [2.000]    -2.1217 [2.000]
[kpt   0   9   7]    -2.1216 [2.000]    -2.1215 [2.000]    -2.1215 [2.000]    -1.8793 [2.000]    -1.8793 [2.000]
[kpt   0   9   8]    -1.6876 [2.000]    -1.6875 [2.000]    -1.6874 [2.000]    -1.6874 [2.000]    -1.6873 [2.000]
[kpt   0   9   9]    -1.6873 [2.000]    -1.2269 [2.000]    -1.2269 [2.000]    -1.2269 [2.000]    -0.5709 [2.000]
[kpt   0   9  10]    -0.5709 [2.000]    -0.5708 [2.000]    -0.5707 [2.000]    -0.5706 [2.000]    -0.5706 [2.000]
[kpt   0   9  11]     0.3337 [2.000]     0.3337 [2.000]     0.3338 [2.000]     0.3339 [2.000]     0.3340 [2.000]
[kpt   0   9  12]     0.3340 [2.000]     1.0968 [2.000]     1.0970 [2.000]     1.0971 [2.000]     6.7866 [0.000]
[kpt   0   9  13]     9.7550 [0.000]     9.7551 [0.000]     9.7552 [0.000]     9.7554 [0.000]     9.7556 [0.000]
[kpt   0   9  14]     9.7556 [0.000]    10.5935 [0.000]    10.5935 [0.000]    10.5936 [0.000]    12.2019 [0.000]
[kpt   0   9  15]    13.0476 [0.000]    13.0476 [0.000]    13.0477 [0.000]    13.0477 [0.000]



Total charge in supercell =     128.00000000
 quench: [md:   0/100  scf:   9/30  step time:   0.24  scf time:     1.80 secs  RMS[dV]: 5.17e-05 ]


average potential <V> = 4.76e-16
Davidson converged in 2 steps

FERMI ENERGY =      5.06323355 eV
@@ EIGENVALUE SUM     =      -58.379338 Ry
@@ ION_ION            =     -272.916107 Ry
@@ ELECTROSTATIC      =     -286.321439 Ry
@@ VXC                =     -178.379088 Ry
@@ EXC                =     -137.364521 Ry
@@ TOTAL ENERGY       =     -576.602316 Ry
@@ estimated error    =        4.93e-07 Ry
Charge normalization constant -1.0: 8.881784e-16
Charge density mixing: Broyden


KOHN SHAM EIGENVALUES [eV] AT K-POINT [  0]:       0.000000      0.000000      0.000000

[kpt   0  10   0]   -18.8907 [2.000]   -17.9067 [2.000]   -17.9067 [2.000]   -17.9067 [2.000]   -17.9067 [2.000]
[kpt   0  10   1]   -17.9067 [2.000]   -17.9067 [2.000]   -16.5551 [2.000]   -16.5550 [2.000]   -16.5550 [2.000]
[kpt   0  10   2]   -16.5550 [2.000]   -16.5550 [2.000]   -16.5550 [2.000]   -16.5233 [2.000]   -16.5232 [2.000]
[kpt   0  10   3]   -16.5232 [2.000]    -9.3341 [2.000]    -6.9263 [2.000]    -6.9263 [2.000]    -6.9263 [2.000]
[kpt   0  10   4]    -6.9263 [2.000]    -6.9263 [2.000]    -6.9263 [2.000]    -5.1551 [2.000]    -5.1551 [2.000]
[kpt   0  10   5]    -5.1550 [2.000]    -4.5248 [2.000]    -4.5248 [2.000]    -4.5248 [2.000]    -4.5248 [2.000]
[kpt   0  10   6]    -4.5248 [2.000]    -4.5248 [2.000]    -2.1212 [2.000]    -2.1212 [2.000]    -2.1212 [2.000]
[kpt   0  10   7]    -2.1212 [2.000]    -2.1212 [2.000]    -2.1212 [2.000]    -1.8789 [2.000]    -1.8789 [2.000]
[kpt   0  10   8]    -1.6870 [2.000]    -1.6870 [2.000]    -1.6870 [2.000]    -1.6870 [2.000]    -1.6869 [2.000]
[kpt   0  10   9]    -1.6869 [2.000]    -1.2265 [2.000]    -1.2265 [2.000]    -1.2265 [2.000]    -0.5703 [2.000]
[kpt   0  10  10]    -0.5703 [2.000]    -0.5703 [2.000]    -0.5702 [2.000]    -0.5702 [2.000]    -0.5702 [2.000]
[kpt   0  10  11]     0.3343 [2.000]     0.3344 [2.000]     0.3344 [2.000]     0.3344 [2.000]     0.3344 [2.000]
[kpt   0  10  12]     0.3344 [2.000]     1.0975 [2.000]     1.0975 [2.000]     1.0976 [2.000]     6.7867 [0.000]
[kpt   0  10  13]     9.7546 [0.000]     9.7548 [0.000]     9.7548 [0.000]     9.7549 [0.000]     9.7551 [0.000]
[kpt   0  10  14]     9.7551 [0.000]    10.5930 [0.000]    10.5930 [0.000]    10.5931 [0.000]    12.2019 [0.000]
[kpt   0  10  15]    13.0478 [0.000]    13.0478 [0.000]    13.0479 [0.000]    13.0479 [0.000]



Total charge in supercell =     128.00000000
 quench: [md:   0/100  scf:  10/30  step time:   0.16  scf time:     1.96 secs  RMS[dV]: 2.63e-05 ]


average potential <V> = -1.03e-16
Davidson converged in 3 steps

FERMI ENERGY =      5.06336066 eV
@@ EIGENVALUE SUM     =      -58.377465 Ry
@@ ION_ION            =     -272.916107 Ry
@@ ELECTROSTATIC      =     -286.323459 Ry
@@ VXC                =     -178.379793 Ry
@@ EXC                =     -137.365079 Ry
@@ TOTAL ENERGY       =     -576.602317 Ry
@@ estimated error    =        2.81e-08 Ry
Charge normalization constant -1.0: -4.440892e-16
Charge density mixing: Broyden


KOHN SHAM EIGENVALUES [eV] AT K-POINT [  0]:       0.000000      0.000000      0.000000

[kpt   0  11   0]   -18.8905 [2.000]   -17.9065 [2.000]   -17.9065 [2.000]   -17.9065 [2.000]   -17.9065 [2.000]
[kpt   0  11   1]   -17.9065 [2.000]   -17.9065 [2.000]   -16.5548 [2.000]   -16.5548 [2.000]   -16.5548 [2.000]
[kpt   0  11   2]   -16.5548 [2.000]   -16.5548 [2.000]   -16.5548 [2.000]   -16.5230 [2.000]   -16.5230 [2.000]
[kpt   0  11   3]   -16.5230 [2.000]    -9.3340 [2.000]    -6.9262 [2.000]    -6.9262 [2.000]    -6.9262 [2.000]
[kpt   0  11   4]    -6.9262 [2.000]    -6.9262 [2.000]    -6.9262 [2.000]    -5.1549 [2.000]    -5.1549 [2.000]
[kpt   0  11   5]    -5.1549 [2.000]    -4.5247 [2.000]    -4.5247 [2.000]    -4.5247 [2.000]    -4.5247 [2.000]
[kpt   0  11   6]    -4.5247 [2.000]    -4.5247 [2.000]    -2.1210 [2.000]    -2.1210 [2.000]    -2.1210 [2.000]
[kpt   0  11   7]    -2.1210 [2.000]    -2.1210 [2.000]    -2.1210 [2.000]    -1.8787 [2.000]    -1.8787 [2.000]
[kpt   0  11   8]    -1.6867 [2.000]    -1.6867 [2.000]    -1.6867 [2.000]    -1.6867 [2.000]    -1.6867 [2.000]
[kpt   0  11   9]    -1.6867 [2.000]    -1.2263 [2.000]    -1.2263 [2.000]    -1.2263 [2.000]    -0.5700 [2.000]
[kpt   0  11  10]    -0.5700 [2.000]    -0.5700 [2.000]    -0.5700 [2.000]    -0.5700 [2.000]    -0.5700 [2.000]
[kpt   0  11  11]     0.3346 [2.000]     0.3346 [2.000]     0.3346 [2.000]     0.3346 [2.000]     0.3346 [2.000]
[kpt   0  11  12]     0.3346 [2.000]     1.0978 [2.000]     1.0978 [2.000]     1.0978 [2.000]     6.7868 [0.000]
[kpt   0  11  13]     9.7544 [0.000]     9.7546 [0.000]     9.7546 [0.000]     9.7547 [0.000]     9.7548 [0.000]
[kpt   0  11  14]     9.7548 [0.000]    10.5928 [0.000]    10.5928 [0.000]    10.5929 [0.000]    12.2021 [0.000]
[kpt   0  11  15]    13.0480 [0.000]    13.0480 [0.000]    13.0480 [0.000]    13.0480 [0.000]



Total charge in supercell =     128.00000000
 quench: [md:   0/100  scf:  11/30  step time:   0.22  scf time:     2.18 secs  RMS[dV]: 1.18e-05 ]


average potential <V> = 2.49e-16
Davidson converged in 2 steps

FERMI ENERGY =      5.06330960 eV
@@ EIGENVALUE SUM     =      -58.378070 Ry
@@ ION_ION            =     -272.916107 Ry
@@ ELECTROSTATIC      =     -286.322803 Ry
@@ VXC                =     -178.379557 Ry
@@ EXC                =     -137.364894 Ry
@@ TOTAL ENERGY       =     -576.602317 Ry
@@ estimated error    =        1.23e-08 Ry
Charge normalization constant -1.0: -2.220446e-16
Charge density mixing: Broyden


KOHN SHAM EIGENVALUES [eV] AT K-POINT [  0]:       0.000000      0.000000      0.000000

[kpt   0  12   0]   -18.8905 [2.000]   -17.9066 [2.000]   -17.9066 [2.000]   -17.9066 [2.000]   -17.9066 [2.000]
[kpt   0  12   1]   -17.9066 [2.000]   -17.9066 [2.000]   -16.5549 [2.000]   -16.5549 [2.000]   -16.5549 [2.000]
[kpt   0  12   2]   -16.5549 [2.000]   -16.5549 [2.000]   -16.5549 [2.000]   -16.5231 [2.000]   -16.5231 [2.000]
[kpt   0  12   3]   -16.5231 [2.000]    -9.3340 [2.000]    -6.9262 [2.000]    -6.9262 [2.000]    -6.9262 [2.000]
[kpt   0  12   4]    -6.9262 [2.000]    -6.9262 [2.000]    -6.9262 [2.000]    -5.1550 [2.000]    -5.1549 [2.000]
[kpt   0  12   5]    -5.1549 [2.000]    -4.5247 [2.000]    -4.5247 [2.000]    -4.5247 [2.000]    -4.5247 [2.000]
[kpt   0  12   6]    -4.5247 [2.000]    -4.5247 [2.000]    -2.1211 [2.000]    -2.1211 [2.000]    -2.1211 [2.000]
[kpt   0  12   7]    -2.1211 [2.000]    -2.1211 [2.000]    -2.1211 [2.000]    -1.8787 [2.000]    -1.8787 [2.000]
[kpt   0  12   8]    -1.6868 [2.000]    -1.6868 [2.000]    -1.6868 [2.000]    -1.6868 [2.000]    -1.6868 [2.000]
[kpt   0  12   9]    -1.6868 [2.000]    -1.2264 [2.000]    -1.2264 [2.000]    -1.2264 [2.000]    -0.5701 [2.000]
[kpt   0  12  10]    -0.5701 [2.000]    -0.5701 [2.000]    -0.5701 [2.000]    -0.5701 [2.000]    -0.5701 [2.000]
[kpt   0  12  11]     0.3345 [2.000]     0.3345 [2.000]     0.3345 [2.000]     0.3345 [2.000]     0.3345 [2.000]
[kpt   0  12  12]     0.3345 [2.000]     1.0977 [2.000]     1.0977 [2.000]     1.0977 [2.000]     6.7868 [0.000]
[kpt   0  12  13]     9.7543 [0.000]     9.7543 [0.000]     9.7544 [0.000]     9.7544 [0.000]     9.7544 [0.000]
[kpt   0  12  14]     9.7545 [0.000]    10.5927 [0.000]    10.5927 [0.000]    10.5927 [0.000]    12.2021 [0.000]
[kpt   0  12  15]    13.0479 [0.000]    13.0479 [0.000]    13.0479 [0.000]    13.0479 [0.000]



Total charge in supercell =     128.00000000
 quench: [md:   0/100  scf:  12/30  step time:   0.17  scf time:     2.35 secs  RMS[dV]: 3.42e-06 ]


average potential <V> = 5.12e-16
Davidson converged in 3 steps

FERMI ENERGY =      5.06330647 eV
@@ EIGENVALUE SUM     =      -58.378014 Ry
@@ ION_ION            =     -272.916107 Ry
@@ ELECTROSTATIC      =     -286.322858 Ry
@@ VXC                =     -178.379557 Ry
@@ EXC                =     -137.364896 Ry
@@ TOTAL ENERGY       =     -576.602317 Ry
@@ estimated error    =        7.39e-10 Ry
Charge normalization constant -1.0: 4.440892e-16
Charge density mixing: Broyden


KOHN SHAM EIGENVALUES [eV] AT K-POINT [  0]:       0.000000      0.000000      0.000000

[kpt   0  13   0]   -18.8905 [2.000]   -17.9066 [2.000]   -17.9066 [2.000]   -17.9066 [2.000]   -17.9066 [2.000]
[kpt   0  13   1]   -17.9066 [2.000]   -17.9066 [2.000]   -16.5549 [2.000]   -16.5549 [2.000]   -16.5549 [2.000]
[kpt   0  13   2]   -16.5549 [2.000]   -16.5549 [2.000]   -16.5549 [2.000]   -16.5231 [2.000]   -16.5231 [2.000]
[kpt   0  13   3]   -16.5231 [2.000]    -9.3340 [2.000]    -6.9262 [2.000]    -6.9262 [2.000]    -6.9262 [2.000]
[kpt   0  13   4]    -6.9262 [2.000]    -6.9262 [2.000]    -6.9262 [2.000]    -5.1549 [2.000]    -5.1549 [2.000]
[kpt   0  13   5]    -5.1549 [2.000]    -4.5247 [2.000]    -4.5247 [2.000]    -4.5247 [2.000]    -4.5247 [2.000]
[kpt   0  13   6]    -4.5247 [2.000]    -4.5247 [2.000]    -2.1211 [2.000]    -2.1211 [2.000]    -2.1211 [2.000]
[kpt   0  13   7]    -2.1211 [2.000]    -2.1211 [2.000]    -2.1211 [2.000]    -1.8787 [2.000]    -1.8787 [2.000]
[kpt   0  13   8]    -1.6868 [2.000]    -1.6868 [2.000]    -1.6868 [2.000]    -1.6868 [2.000]    -1.6868 [2.000]
[kpt   0  13   9]    -1.6868 [2.000]    -1.2264 [2.000]    -1.2264 [2.000]    -1.2264 [2.000]    -0.5701 [2.000]
[kpt   0  13  10]    -0.5701 [2.000]    -0.5701 [2.000]    -0.5701 [2.000]    -0.5701 [2.000]    -0.5701 [2.000]
[kpt   0  13  11]     0.3345 [2.000]     0.3345 [2.000]     0.3345 [2.000]     0.3345 [2.000]     0.3345 [2.000]
[kpt   0  13  12]     0.3345 [2.000]     1.0977 [2.000]     1.0977 [2.000]     1.0977 [2.000]     6.7868 [0.000]
[kpt   0  13  13]     9.7542 [0.000]     9.7542 [0.000]     9.7542 [0.000]     9.7542 [0.000]     9.7542 [0.000]
[kpt   0  13  14]     9.7542 [0.000]    10.5926 [0.000]    10.5927 [0.000]    10.5927 [0.000]    12.2021 [0.000]
[kpt   0  13  15]    13.0479 [0.000]    13.0479 [0.000]    13.0479 [0.000]    13.0479 [0.000]



Total charge in supercell =     128.00000000
 quench: [md:   0/100  scf:  13/30  step time:   0.23  scf time:     2.58 secs  RMS[dV]: 1.56e-06 ]


average potential <V> = -5.36e-16
Davidson converged in 2 steps

FERMI ENERGY =      5.06330866 eV
@@ EIGENVALUE SUM     =      -58.377992 Ry
@@ ION_ION            =     -272.916107 Ry
@@ ELECTROSTATIC      =     -286.322884 Ry
@@ VXC                =     -178.379577 Ry
@@ EXC                =     -137.364912 Ry
@@ TOTAL ENERGY       =     -576.602317 Ry
@@ estimated error    =        3.64e-10 Ry
Charge normalization constant -1.0: 6.661338e-16
Charge density mixing: Broyden


KOHN SHAM EIGENVALUES [eV] AT K-POINT [  0]:       0.000000      0.000000      0.000000

[kpt   0  14   0]   -18.8905 [2.000]   -17.9066 [2.000]   -17.9066 [2.000]   -17.9066 [2.000]   -17.9066 [2.000]
[kpt   0  14   1]   -17.9066 [2.000]   -17.9066 [2.000]   -16.5549 [2.000]   -16.5549 [2.000]   -16.5549 [2.000]
[kpt   0  14   2]   -16.5549 [2.000]   -16.5549 [2.000]   -16.5549 [2.000]   -16.5231 [2.000]   -16.5231 [2.000]
[kpt   0  14   3]   -16.5231 [2.000]    -9.3340 [2.000]    -6.9262 [2.000]    -6.9262 [2.000]    -6.9262 [2.000]
[kpt   0  14   4]    -6.9262 [2.000]    -6.9262 [2.000]    -6.9262 [2.000]    -5.1549 [2.000]    -5.1549 [2.000]
[kpt   0  14   5]    -5.1549 [2.000]    -4.5247 [2.000]    -4.5247 [2.000]    -4.5247 [2.000]    -4.5247 [2.000]
[kpt   0  14   6]    -4.5247 [2.000]    -4.5247 [2.000]    -2.1211 [2.000]    -2.1211 [2.000]    -2.1211 [2.000]
[kpt   0  14   7]    -2.1211 [2.000]    -2.1211 [2.000]    -2.1211 [2.000]    -1.8787 [2.000]    -1.8787 [2.000]
[kpt   0  14   8]    -1.6868 [2.000]    -1.6868 [2.000]    -1.6868 [2.000]    -1.6868 [2.000]    -1.6868 [2.000]
[kpt   0  14   9]    -1.6868 [2.000]    -1.2264 [2.000]    -1.2264 [2.000]    -1.2264 [2.000]    -0.5701 [2.000]
[kpt   0  14  10]    -0.5701 [2.000]    -0.5701 [2.000]    -0.5701 [2.000]    -0.5701 [2.000]    -0.5701 [2.000]
[kpt   0  14  11]     0.3345 [2.000]     0.3345 [2.000]     0.3345 [2.000]     0.3345 [2.000]     0.3345 [2.000]
[kpt   0  14  12]     0.3345 [2.000]     1.0977 [2.000]     1.0977 [2.000]     1.0977 [2.000]     6.7868 [0.000]
[kpt   0  14  13]     9.7542 [0.000]     9.7542 [0.000]     9.7542 [0.000]     9.7542 [0.000]     9.7542 [0.000]
[kpt   0  14  14]     9.7542 [0.000]    10.5926 [0.000]    10.5926 [0.000]    10.5926 [0.000]    12.2021 [0.000]
[kpt   0  14  15]    13.0479 [0.000]    13.0479 [0.000]    13.0479 [0.000]    13.0479 [0.000]



Total charge in supercell =     128.00000000
 quench: [md:   0/100  scf:  14/30  step time:   0.18  scf time:     2.76 secs  RMS[dV]: 4.39e-07 ]



 Convergence criterion reached: Energy variation (7.30e-12) is lower than threshold (1.00e-10)

potential convergence has been achieved. stopping ...

[   0  15   15        4 ] Quench.cpp: 
@@ TOTAL ENEGY Components 
@@ ION_ION            =     -272.916107 Ry
@@ ELECTROSTATIC      =      286.322884 Ry
@@ EXC                =     -137.364903 Ry
@@ vdw correction     =        0.000000 Ry
@@ LdaU correction    =        0.000000 Ry
@@ total              =        0.000000 Ry
final total energy from eig sum =    -576.60231711 Ry


KOHN SHAM EIGENVALUES [eV] AT K-POINT [  0]:       0.000000      0.000000      0.000000

[kpt   0  15   0]   -18.8905 [2.000]   -17.9066 [2.000]   -17.9066 [2.000]   -17.9066 [2.000]   -17.9066 [2.000]
[kpt   0  15   1]   -17.9066 [2.000]   -17.9066 [2.000]   -16.5549 [2.000]   -16.5549 [2.000]   -16.5549 [2.000]
[kpt   0  15   2]   -16.5549 [2.000]   -16.5549 [2.000]   -16.5549 [2.000]   -16.5231 [2.000]   -16.5231 [2.000]
[kpt   0  15   3]   -16.5231 [2.000]    -9.3340 [2.000]    -6.9262 [2.000]    -6.9262 [2.000]    -6.9262 [2.000]
[kpt   0  15   4]    -6.9262 [2.000]    -6.9262 [2.000]    -6.9262 [2.000]    -5.1549 [2.000]    -5.1549 [2.000]
[kpt   0  15   5]    -5.1549 [2.000]    -4.5247 [2.000]    -4.5247 [2.000]    -4.5247 [2.000]    -4.5247 [2.000]
[kpt   0  15   6]    -4.5247 [2.000]    -4.5247 [2.000]    -2.1211 [2.000]    -2.1211 [2.000]    -2.1211 [2.000]
[kpt   0  15   7]    -2.1211 [2.000]    -2.1211 [2.000]    -2.1211 [2.000]    -1.8787 [2.000]    -1.8787 [2.000]
[kpt   0  15   8]    -1.6868 [2.000]    -1.6868 [2.000]    -1.6868 [2.000]    -1.6868 [2.000]    -1.6868 [2.000]
[kpt   0  15   9]    -1.6868 [2.000]    -1.2264 [2.000]    -1.2264 [2.000]    -1.2264 [2.000]    -0.5701 [2.000]
[kpt   0  15  10]    -0.5701 [2.000]    -0.5701 [2.000]    -0.5701 [2.000]    -0.5701 [2.000]    -0.5701 [2.000]
[kpt   0  15  11]     0.3345 [2.000]     0.3345 [2.000]     0.3345 [2.000]     0.3345 [2.000]     0.3345 [2.000]
[kpt   0  15  12]     0.3345 [2.000]     1.0977 [2.000]     1.0977 [2.000]     1.0977 [2.000]     6.7868 [0.000]
[kpt   0  15  13]     9.7542 [0.000]     9.7542 [0.000]     9.7542 [0.000]     9.7542 [0.000]     9.7542 [0.000]
[kpt   0  15  14]     9.7542 [0.000]    10.5926 [0.000]    10.5926 [0.000]    10.5926 [0.000]    12.2021 [0.000]
[kpt   0  15  15]    13.0479 [0.000]    13.0479 [0.000]    13.0479 [0.000]    13.0479 [0.000]



Total charge in supercell =     128.00000000
 volume and energy per atom =        15.03933867       -326.87806989 eV

 Vdd took 0.000083 seconds
WriteRestart: Output file given as /dev/null, no restart data written ...



  IONIC POSITIONS [a0] AND FORCES [Ry/a0]
  Charge analysis using: Voronoi Deformation Density

@ION  Ion  Species       X           Y           Z       Charge       FX          FY         FZ      Movable
@ION    1    Si      0.0000000   0.0000000   0.0000000    0.440   -0.0000000  -0.0000001   0.0000000  1 1 1
@ION    2    Si      3.3637125   3.3637125   3.3637125    0.442    0.0000000   0.0000000  -0.0000001  1 1 1
@ION    3    Si     10.0911375   3.3637125  10.0911375    0.440    0.0000000  -0.0000000  -0.0000001  1 1 1
@ION    4    Si      3.3637125  10.0911375  10.0911375    0.440    0.0000000   0.0000001  -0.0000000  1 1 1
@ION    5    Si     10.0911375  10.0911375   3.3637125    0.441    0.0000001   0.0000000  -0.0000000  1 1 1
@ION    6    Si      0.0000000   6.7274250   6.7274250    0.438   -0.0000000  -0.0000000   0.0000000  1 1 1
@ION    7    Si      6.7274250   0.0000000   6.7274250    0.438   -0.0000000  -0.0000000   0.0000001  1 1 1
@ION    8    Si      6.7274250   6.7274250   0.0000000    0.437   -0.0000000  -0.0000000   0.0000000  1 1 1
@ION    9     O      1.6818563   1.6818563   1.6818563   -0.213    0.0000001   0.0000001   0.0000000  1 1 1
@ION   10     O     11.7729938   1.6818563  11.7729938   -0.213   -0.0000000   0.0000000  -0.0000000  1 1 1
@ION   11     O      1.6818563  11.7729938  11.7729938   -0.218    0.0000000   0.0000000   0.0000000  1 1 1
@ION   12     O     11.7729938  11.7729938   1.6818563   -0.222    0.0000000   0.0000000  -0.0000000  1 1 1
@ION   13     O      1.6818563   8.4092813   8.4092813   -0.214    0.0000000  -0.0000000   0.0000000  1 1 1
@ION   14     O      8.4092813   1.6818563   8.4092813   -0.214   -0.0000000   0.0000000  -0.0000000  1 1 1
@ION   15     O      8.4092813   8.4092813   1.6818563   -0.215   -0.0000000  -0.0000000  -0.0000000  1 1 1
@ION   16     O     11.7729938   8.4092813   5.0455688   -0.217   -0.0000000  -0.0000000  -0.0000000  1 1 1
@ION   17     O      5.0455688   1.6818563   5.0455688   -0.214   -0.0000000   0.0000001  -0.0000000  1 1 1
@ION   18     O      5.0455688   8.4092813  11.7729938   -0.217    0.0000000  -0.0000000   0.0000000  1 1 1
@ION   19     O      1.6818563   5.0455688   5.0455688   -0.223    0.0000001  -0.0000000  -0.0000001  1 1 1
@ION   20     O      8.4092813  11.7729938   5.0455688   -0.226   -0.0000000  -0.0000000  -0.0000000  1 1 1
@ION   21     O      8.4092813   5.0455688  11.7729938   -0.222   -0.0000000   0.0000000   0.0000000  1 1 1
@ION   22     O     11.7729938   5.0455688   8.4092813   -0.229   -0.0000000  -0.0000000   0.0000000  1 1 1
@ION   23     O      5.0455688  11.7729938   8.4092813   -0.229   -0.0000000   0.0000000  -0.0000000  1 1 1
@ION   24     O      5.0455688   5.0455688   1.6818563   -0.230   -0.0000001  -0.0000000   0.0000001  1 1 1

 mean FX      =   0.00000003 Ry/a0
 mean FY      =   0.00000003 Ry/a0
 mean FZ      =   0.00000003 Ry/a0

 max FX       =   0.00000006 Ry/a0   (ion 5)
 max FY       =   0.00000010 Ry/a0   (ion 17)
 max FZ       =   0.00000007 Ry/a0   (ion 24)
 max F[x,y,z] =   0.00000010 Ry/a0
 max |F|      =   0.00000011 Ry/a0   (ion 17)

 sum FX       =  -0.00000004 Ry/a0
 sum FY       =   0.00000006 Ry/a0
 sum FZ       =  -0.00000001 Ry/a0
 Average      =   0.00000004 Ry/a0
 sqrt < F^2 > =   0.00000004 Ry/a0

WriteRestart: Output file given as /dev/null, no restart data written ...


--------TIMING INFORMATION FOR Processor owned the most atoms----------------
                                        Total time               Per SCF/step

1-TOTAL                                             3.89                0.26
-----------------------------------------------------------------------------
  1-TOTAL: Init                                     0.93                0.06
  1-TOTAL: run                                      2.96                0.20
  ---------------------------------------------------------------------------
    1-TOTAL: run: Force                             0.20                0.01
    1-TOTAL: run: Scf steps                         2.71                0.18

2-Force                                             0.20                0.01
-----------------------------------------------------------------------------
  2-Force: core correction                          0.00                0.00
  2-Force: corrections                              0.04                0.00
  2-Force: ion-ion                                  0.03                0.00
  2-Force: local                                    0.04                0.00
  2-Force: non-local                                0.07                0.00
  2-Force: non-local-betaxpsi                       0.01                0.00
  2-Force: non-local-get gamma                      0.00                0.00
  2-Force: non-local-nlforce_par_Q                  0.00                0.00
  2-Force: non-local-nlforce_par_gamma              0.00                0.00
  2-Force: non-local-nlforce_par_omega              0.00                0.00
  2-Force: non-local-partial gamma                  0.00                0.00
  2-Force: non-local-veff grad                      0.00                0.00

2-Init                                              0.93                0.06
-----------------------------------------------------------------------------
  2-Init: GetNewRho                                 0.02                0.00
  2-Init: KpointClass                               0.47                0.03
  2-Init: LcaoGetPsi                                0.02                0.00
  2-Init: LcaoGetRho                                0.04                0.00
  2-Init: ReinitIonicPotentials                     0.05                0.00
  2-Init: betaxpsi                                  0.01                0.00
  2-Init: exchange/correlation                      0.01                0.00
  2-Init: hartree                                   0.01                0.00
  2-Init: normalization                             0.00                0.00
  2-Init: radial potentials                         0.22                0.01
  2-Init: subdiag                                   0.02                0.00
  2-Init: weights                                   0.00                0.00

2-Scf steps                                         2.71                0.18
-----------------------------------------------------------------------------
  2-Scf steps: Davidson                             1.70                0.11
  2-Scf steps: GetNewRho                            0.22                0.01
  2-Scf steps: Hartree                              0.13                0.01
  2-Scf steps: MgridSubspace                        0.44                0.03
  2-Scf steps: MixRho                               0.01                0.00
  2-Scf steps: exchange/correlation                 0.14                0.01

3-MgridSubspace                                     0.44                0.03
-----------------------------------------------------------------------------
  3-MgridSubspace: AppNls                           0.03                0.00
  3-MgridSubspace: Beta x psi                       0.04                0.00
  3-MgridSubspace: Diagonalization                  0.07                0.00
  3-MgridSubspace: Mg_eig                           0.30                0.02

3-ReinitIonicPotentials                             0.05                0.00
-----------------------------------------------------------------------------
  3-ReinitIonicPotentials: GetNlop                  0.00                0.00
  3-ReinitIonicPotentials: GetWeight                0.03                0.00
  3-ReinitIonicPotentials: get_QI                   0.00                0.00
  3-ReinitIonicPotentials: get_qqq                  0.00                0.00
  3-ReinitIonicPotentials: init_nuc                 0.02                0.00

4-Diagonalization                                   0.09                0.01
-----------------------------------------------------------------------------
  4-Diagonalization: ELPA/PDSYGVX/PZHEGVX           0.01                0.00
  4-Diagonalization: Hpsi                           0.05                0.00
  4-Diagonalization: MPI_Bcast                      0.00                0.00
  4-Diagonalization: Update orbitals                0.01                0.00
  ---------------------------------------------------------------------------
    4-Diagonalization: Update orbitals: gather           0.00                0.00
    4-Diagonalization: Update orbitals: gemm           0.01                0.00
  4-Diagonalization: matrix                         0.01                0.00
  ---------------------------------------------------------------------------
    4-Diagonalization: matrix: Allreduce            0.00                0.00
    4-Diagonalization: matrix: Gemm                 0.01                0.00

5-Functional                                        0.15                0.01
-----------------------------------------------------------------------------
  5-Functional: apply gradient                      0.02                0.00
  5-Functional: apply laplacian                     0.01                0.00
  5-Functional: libxc                               0.06                0.00
  5-Functional: vxc                                 0.15                0.01
  5-Functional: vxc grad                            0.09                0.01
  5-Functional: vxc local                           0.02                0.00
  5-Functional: vxc nonlocal                        0.00                0.00

6-Davidson                                          1.70                0.11
-----------------------------------------------------------------------------
  6-Davidson: Betaxpsi                              0.15                0.01
  6-Davidson: apply hamiltonian                     0.31                0.02
  6-Davidson: diagonalization                       0.28                0.02
  6-Davidson: generate residuals                    0.09                0.01
  6-Davidson: matrix setup/reduce                   0.18                0.01
  6-Davidson: normalization                         0.01                0.00
  6-Davidson: precondition                          0.59                0.04
  6-Davidson: rotate orbitals                       0.04                0.00

AppNls                                              0.16                0.01
-----------------------------------------------------------------------------
  AppNls: data_rearrange                            0.00                0.00
  ---------------------------------------------------------------------------
    AppNls: data_rearrange: alloc and zeros           0.00                0.00
    AppNls: data_rearrange: dnm                     0.00                0.00
    AppNls: data_rearrange: sint                    0.00                0.00
  AppNls: nv                                        0.14                0.01
  AppNls: nv_work                                   0.00                0.00

App_gradient                                        0.02                0.00

CPUFD                                               0.00                0.00

Compute Hpsi                                        0.05                0.00
-----------------------------------------------------------------------------
  Compute Hpsi: AppNls                              0.02                0.00
  Compute Hpsi: Threaded Apply H                    0.03                0.00

GlobalSums                                          0.14                0.01

Init                                                0.46                0.03

Init Voronoi                                        0.04                0.00

Mix rho                                             0.01                0.00
-----------------------------------------------------------------------------
  Mix rho: Broyden                                  0.01                0.00
  Mix rho: Linear                                   0.00                0.00

Orbital                                             0.00                0.00
-----------------------------------------------------------------------------
  Orbital: phase and set                            0.00                0.00
  Orbital: proj cal                                 0.00                0.00
  Trade images: trade_images                        0.00                0.00
  Trade images: trade_imagesx                       0.02                0.00

VhPfft                                              0.07                0.00

Weight                                              0.00                0.00

radial beta                                         0.18                0.01


------------------------- TIMING INFORMATION FOR THREADS  -------------------

                                           Min            Max            Avg
CPUFD                                      0.07           0.07           0.07
-----------------------------------------------------------------------------

GlobalSums                                 0.06           0.06           0.06
-----------------------------------------------------------------------------

Mg_eig                                     0.30           0.30           0.30
-----------------------------------------------------------------------------
  Mg_eig: apply hamiltonian                0.14           0.14           0.14
  Mg_eig: mgrid_solv                       0.11           0.11           0.11
  Trade images: trade_images               0.52           0.52           0.52
  Trade images: trade_imagesx              0.35           0.35           0.35
