RMG initialization ... 1 image(s) total, 1 per node. 32 MPI processes/image. Thread level 2.
FFT-FD  0.000000e+00   7.854786e-01   7.854764e-01   2.189163e-06
FFT-FD  1.000000e+00   7.854786e-01   7.854764e-01   2.189163e-06
IP=0 M = 0.000000e+00  -inf  2.189163e-06
FFT-FD  0.000000e+00   2.257197e+00   2.257190e+00   7.720281e-06
FFT-FD  1.000000e+00   2.257197e+00   2.257190e+00   7.720281e-06
IP=1 M = 0.000000e+00  -inf  7.720281e-06
FFT-FD  0.000000e+00   2.257197e+00   2.257190e+00   7.720281e-06
FFT-FD  1.000000e+00   2.257197e+00   2.257190e+00   7.720281e-06
IP=2 M = 0.000000e+00  -inf  7.720281e-06
FFT-FD  0.000000e+00   2.257197e+00   2.257190e+00   7.720281e-06
FFT-FD  1.000000e+00   2.257197e+00   2.257190e+00   7.720281e-06
IP=3 M = 0.000000e+00  -inf  7.720281e-06
FFT-FD  0.000000e+00   2.678435e-01   2.678435e-01   1.478308e-09
FFT-FD  1.000000e+00   2.678435e-01   2.678435e-01   1.478308e-09
IP=0 M = 0.000000e+00  -inf  1.478308e-09
FFT-FD  0.000000e+00   3.882435e-01   3.882435e-01   2.127398e-11
FFT-FD  1.000000e+00   3.882435e-01   3.882435e-01   2.127398e-11
IP=1 M = 0.000000e+00  -inf  2.127398e-11
FFT-FD  0.000000e+00   3.882435e-01   3.882435e-01   2.127509e-11
FFT-FD  1.000000e+00   3.882435e-01   3.882435e-01   2.127509e-11
IP=2 M = 0.000000e+00  -inf  2.127509e-11
FFT-FD  0.000000e+00   3.882435e-01   3.882435e-01   2.127437e-11
FFT-FD  1.000000e+00   3.882435e-01   3.882435e-01   2.127437e-11
IP=3 M = 0.000000e+00  -inf  2.127437e-11
NEWCFAC = 0.000000  0.000000


                     * * * * * * * * * *
                     *    R   M   G    *
                     * * * * * * * * * *

     -- A Real Space Multigrid Electronic structure code --
     --      More information at www.rmgdft.org          --

Code Revision:     v5.1.0_53_g887bfc3b
Build Date:        May 15 2023  14:30:00
Start time:        Wed May 17 14:06:48 2023

NOTICE: RMG internal pseudopotentials have switched to
ONCVP from Ultrasoft. You can revert to Ultrasoft by
adding the input tag internal_pseudo_type="ultrasoft" to
your input files.


Files
   Control input file:        input7
   Data output file:          /dev/null

Run Setup
    Calculation type:         Quench electrons - Fixed ions SCF calculation
    Description:              SiO2
    Orbital Initialization:   LCAO (96 LCAO and 0 random orbitals)
    Exchange Correlation:     pbe
    Spin Polarization:        OFF
    System charge:            Neutral

Processor Topology
   Total PEs:                 32
   X direction:               4
   Y direction:               4
   Z direction:               2
   MG Threads/PE:             1
   OMP Threads/PE:            1

Grid Points  (Linear Anisotropy: 1.000)
    X:  Total: 64   Per PE: 16   Spacing:0.210 a0  
    Y:  Total: 64   Per PE: 16   Spacing:0.210 a0  
    Z:  Total: 64   Per PE: 32   Spacing:0.210 a0  

    Equivalent energy cutoffs (psi,rho):   223.307    893.227 Ry

    Charge density grid:         2 times finer

Coordinate planes
  Planar Anisotropy: 1.000
  A0-A1 density:    22.626
  A0-A2 density:    22.626
  A1-A2 density:    22.626


Lattice (Cell) Setup
    Type:                       Orthorhombic_primitive
    Volume (a0^3):               2435.77
    Boundary conditions:        Periodic

    X Basis Vector:      13.455       0.000       0.000 a0
    Y Basis Vector:       0.000      13.455       0.000 a0
    Z Basis Vector:       0.000       0.000      13.455 a0
    X Reci Vector:       0.074      -0.000       0.000 a0
    Y Reci Vector:       0.000       0.074       0.000 a0
    Z Reci Vector:       0.000      -0.000       0.074 a0

K-points
    Gamma Point Only (real orbitals)

Atoms and States
    Number of ions:                          24
    Number of species:                       2
    Number of states:                        79

Run Parameters
    SCF Convergence criterion (potential):   1.00e-10
    SCF Convergence criterion (energy):      1.00e-10
    Max SCF steps:                           30

SCF Cycle Settings
    Charge density mixing:                   Broyden
    Hartree Solver:                          PFFT
    Interpolation type:                      FFT

Finite Difference parameters
    Kohn Sham FD Order:                      12  
    Force Gradient Order:                    FFT
    Adaptive Finite Differencing:            Off

Subspace Diagonalization Options
    Frequency:                               every 1 SCF step(s)
    Driver:                                  ScaLapack
    Initial diagonalization:                 ON
    Folded spectrum:                         OFF

Filtering Cutoff  Parameters
    Wavefunction grid (cparm):               0.800
    Charge density grid (rhocparm):          1.000
    Filter factor:                           1.000

Multigrid (MG) Parameters
    Psi MG levels:                           3
    Psi global step:                         0.660 
    Psi pre:                                 2
    Psi post:                                2

Davidson Parameters
    Davidson multiplier:                     4
    Davidson max step:                       8
    Davidson unocc tol factor:               1000.000

Blas Libraries
    CPU support with openblas-parallel.


Atomic Species Information
(PP = Pseudopotential, US = Ultrasoft, NC = Norm Conserving)
-------------------------------------------------------------------------
|Index|Symbol| Mass|Valence| PP |  Comp  |Local| Local|Nlocal|    PP    |
|     |      |     |       |Type|Gaussian|  l  |Radius|Radius|Functional|
-------------------------------------------------------------------------
|    1|     O| 15.0|   6.00|  NC|    0.50|   -1| 10.00|  7.00|       PBE|
|    2|    Si| 28.0|   4.00|  NC|    0.50|   -1| 10.00|  7.00|       PBE|
-------------------------------------------------------------------------

Pseudopotential generation information:
   O pseudopotential file: ./@Internal
      Generation info     : Generated using ONCVPSP code by D. R. Hamann
      Author info         : anonymous
  Si pseudopotential file: ./@Internal
      Generation info     : Generated using ONCVPSP code by D. R. Hamann
      Author info         : anonymous


Memory usage (Mbytes):     Min        Max       Total
    wave functions         20.71      20.71     662.73
    beta-functions         12.58      12.58     402.69



Initial Ionic Positions And Displacements (Bohr)
Species      X           Y           Z           dX          dY          dZ
  Si       0.0000      0.0000      0.0000      0.0000      0.0000      0.0000
  Si       3.3637      3.3637      3.3637      0.0000      0.0000      0.0000
  Si      10.0911      3.3637     10.0911      0.0000      0.0000      0.0000
  Si       3.3637     10.0911     10.0911      0.0000      0.0000      0.0000
  Si      10.0911     10.0911      3.3637      0.0000      0.0000      0.0000
  Si       0.0000      6.7274      6.7274      0.0000      0.0000      0.0000
  Si       6.7274      0.0000      6.7274      0.0000      0.0000      0.0000
  Si       6.7274      6.7274      0.0000      0.0000      0.0000      0.0000
  O        1.6819      1.6819      1.6819      0.0000      0.0000      0.0000
  O       11.7730      1.6819     11.7730      0.0000      0.0000      0.0000
  O        1.6819     11.7730     11.7730      0.0000      0.0000      0.0000
  O       11.7730     11.7730      1.6819      0.0000      0.0000      0.0000
  O        1.6819      8.4093      8.4093      0.0000      0.0000      0.0000
  O        8.4093      1.6819      8.4093      0.0000      0.0000      0.0000
  O        8.4093      8.4093      1.6819      0.0000      0.0000      0.0000
  O       11.7730      8.4093      5.0456      0.0000      0.0000      0.0000
  O        5.0456      1.6819      5.0456      0.0000      0.0000      0.0000
  O        5.0456      8.4093     11.7730      0.0000      0.0000      0.0000
  O        1.6819      5.0456      5.0456      0.0000      0.0000      0.0000
  O        8.4093     11.7730      5.0456      0.0000      0.0000      0.0000
  O        8.4093      5.0456     11.7730      0.0000      0.0000      0.0000
  O       11.7730      5.0456      8.4093      0.0000      0.0000      0.0000
  O        5.0456     11.7730      8.4093      0.0000      0.0000      0.0000
  O        5.0456      5.0456      1.6819      0.0000      0.0000      0.0000


Initial Ionic Positions And Displacements (Angstrom)
Species      X           Y           Z           dX          dY          dZ
  Si       0.0000      0.0000      0.0000      0.0000      0.0000      0.0000
  Si       1.7800      1.7800      1.7800      0.0000      0.0000      0.0000
  Si       5.3400      1.7800      5.3400      0.0000      0.0000      0.0000
  Si       1.7800      5.3400      5.3400      0.0000      0.0000      0.0000
  Si       5.3400      5.3400      1.7800      0.0000      0.0000      0.0000
  Si       0.0000      3.5600      3.5600      0.0000      0.0000      0.0000
  Si       3.5600      0.0000      3.5600      0.0000      0.0000      0.0000
  Si       3.5600      3.5600      0.0000      0.0000      0.0000      0.0000
  O        0.8900      0.8900      0.8900      0.0000      0.0000      0.0000
  O        6.2300      0.8900      6.2300      0.0000      0.0000      0.0000
  O        0.8900      6.2300      6.2300      0.0000      0.0000      0.0000
  O        6.2300      6.2300      0.8900      0.0000      0.0000      0.0000
  O        0.8900      4.4500      4.4500      0.0000      0.0000      0.0000
  O        4.4500      0.8900      4.4500      0.0000      0.0000      0.0000
  O        4.4500      4.4500      0.8900      0.0000      0.0000      0.0000
  O        6.2300      4.4500      2.6700      0.0000      0.0000      0.0000
  O        2.6700      0.8900      2.6700      0.0000      0.0000      0.0000
  O        2.6700      4.4500      6.2300      0.0000      0.0000      0.0000
  O        0.8900      2.6700      2.6700      0.0000      0.0000      0.0000
  O        4.4500      6.2300      2.6700      0.0000      0.0000      0.0000
  O        4.4500      2.6700      6.2300      0.0000      0.0000      0.0000
  O        6.2300      2.6700      4.4500      0.0000      0.0000      0.0000
  O        2.6700      6.2300      4.4500      0.0000      0.0000      0.0000
  O        2.6700      2.6700      0.8900      0.0000      0.0000      0.0000

Diagonalization using scalapack for step=0  count=0



KOHN SHAM EIGENVALUES [eV] AT K-POINT [  0]:       0.000000      0.000000      0.000000

[kpt   0  -1   0]   -22.2079 [2.000]   -21.3863 [2.000]   -21.3863 [2.000]   -21.3863 [2.000]   -21.3863 [2.000]
[kpt   0  -1   1]   -21.3863 [2.000]   -21.3863 [2.000]   -20.2922 [2.000]   -20.2922 [2.000]   -20.2922 [2.000]
[kpt   0  -1   2]   -20.2723 [2.000]   -20.2723 [2.000]   -20.2723 [2.000]   -20.2723 [2.000]   -20.2723 [2.000]
[kpt   0  -1   3]   -20.2723 [2.000]   -11.9735 [2.000]    -9.8963 [2.000]    -9.8963 [2.000]    -9.8963 [2.000]
[kpt   0  -1   4]    -9.8963 [2.000]    -9.8963 [2.000]    -9.8963 [2.000]    -8.2246 [2.000]    -8.2246 [2.000]
[kpt   0  -1   5]    -8.2246 [2.000]    -7.9100 [2.000]    -7.9100 [2.000]    -7.9100 [2.000]    -7.9100 [2.000]
[kpt   0  -1   6]    -7.9100 [2.000]    -7.9100 [2.000]    -5.0347 [2.000]    -5.0347 [2.000]    -5.0347 [2.000]
[kpt   0  -1   7]    -5.0347 [2.000]    -5.0347 [2.000]    -5.0347 [2.000]    -4.9398 [2.000]    -4.9398 [2.000]
[kpt   0  -1   8]    -4.7494 [2.000]    -4.7494 [2.000]    -4.7494 [2.000]    -4.7494 [2.000]    -4.7494 [2.000]
[kpt   0  -1   9]    -4.7494 [2.000]    -4.5188 [2.000]    -4.5188 [2.000]    -4.5188 [2.000]    -3.9889 [2.000]
[kpt   0  -1  10]    -3.9889 [2.000]    -3.9889 [2.000]    -3.9889 [2.000]    -3.9889 [2.000]    -3.9889 [2.000]
[kpt   0  -1  11]    -3.4082 [2.000]    -3.4082 [2.000]    -3.4082 [2.000]    -3.4082 [2.000]    -3.4082 [2.000]
[kpt   0  -1  12]    -3.4082 [2.000]    -2.9358 [2.000]    -2.9358 [2.000]    -2.9358 [2.000]     7.6045 [0.000]
[kpt   0  -1  13]    10.2752 [0.000]    10.2752 [0.000]    10.2752 [0.000]    10.2752 [0.000]    10.2752 [0.000]
[kpt   0  -1  14]    10.2752 [0.000]    12.4079 [0.000]    12.4079 [0.000]    12.4079 [0.000]    13.3736 [0.000]
[kpt   0  -1  15]    13.3736 [0.000]    13.3736 [0.000]    13.3736 [0.000]    13.3736 [0.000]    13.3736 [0.000]
[kpt   0  -1  16]    15.0431 [0.000]    15.0431 [0.000]    15.0431 [0.000]    15.0431 [0.000]    15.0431 [0.000]
[kpt   0  -1  17]    15.0431 [0.000]    15.3630 [0.000]    15.3630 [0.000]    15.3630 [0.000]    15.3630 [0.000]
[kpt   0  -1  18]    15.3630 [0.000]    15.3630 [0.000]    16.6473 [0.000]    16.6473 [0.000]    16.6473 [0.000]
[kpt   0  -1  19]    17.2085 [0.000]


Charge normalization constant -1.0: -1.687539e-14
Charge density mixing: Linear with a constant of 0.50 

Diagonalization using scalapack for step=0  count=1


FERMI ENERGY =     -0.00698840 eV
@@ EIGENVALUE SUM     =      -65.072013 Ry
@@ ION_ION            =     -272.916107 Ry
@@ ELECTROSTATIC      =     -284.894253 Ry
@@ VXC                =     -179.080440 Ry
@@ EXC                =     -137.842963 Ry
@@ TOTAL ENERGY       =     -581.644895 Ry
@@ estimated error    =   ****************
Charge normalization constant -1.0: 8.881784e-16
Charge density mixing: Linear with a constant of 0.50 
WriteRestart: Output file given as /dev/null, no restart data written ...


KOHN SHAM EIGENVALUES [eV] AT K-POINT [  0]:       0.000000      0.000000      0.000000

[kpt   0   0   0]   -19.5798 [2.000]   -18.6169 [2.000]   -18.6099 [2.000]   -18.6092 [2.000]   -18.6057 [2.000]
[kpt   0   0   1]   -18.6039 [2.000]   -18.5999 [2.000]   -17.3136 [2.000]   -17.3087 [2.000]   -17.3079 [2.000]
[kpt   0   0   2]   -17.3071 [2.000]   -17.3054 [2.000]   -17.3033 [2.000]   -17.3028 [2.000]   -17.2981 [2.000]
[kpt   0   0   3]   -17.2976 [2.000]    -9.5305 [2.000]    -7.3016 [2.000]    -7.2988 [2.000]    -7.2980 [2.000]
[kpt   0   0   4]    -7.2959 [2.000]    -7.2935 [2.000]    -7.2929 [2.000]    -5.7318 [2.000]    -5.7297 [2.000]
[kpt   0   0   5]    -5.7287 [2.000]    -5.0267 [2.000]    -5.0263 [2.000]    -5.0251 [2.000]    -5.0241 [2.000]
[kpt   0   0   6]    -5.0223 [2.000]    -5.0212 [2.000]    -2.8319 [2.000]    -2.8319 [2.000]    -2.8311 [2.000]
[kpt   0   0   7]    -2.8304 [2.000]    -2.8301 [2.000]    -2.8296 [2.000]    -2.6273 [2.000]    -2.6270 [2.000]
[kpt   0   0   8]    -2.5025 [2.000]    -2.5022 [2.000]    -2.5017 [2.000]    -2.5013 [2.000]    -2.5010 [2.000]
[kpt   0   0   9]    -2.4717 [2.000]    -1.8845 [2.000]    -1.8842 [2.000]    -1.8837 [2.000]    -1.4208 [2.000]
[kpt   0   0  10]    -1.4200 [2.000]    -1.4199 [2.000]    -1.4197 [2.000]    -1.4193 [2.000]    -1.4187 [2.000]
[kpt   0   0  11]    -0.6084 [2.000]    -0.6079 [2.000]    -0.6076 [2.000]    -0.6073 [2.000]    -0.6072 [2.000]
[kpt   0   0  12]    -0.6069 [2.000]    -0.0080 [2.000]    -0.0074 [2.000]    -0.0070 [2.000]     8.4067 [0.000]
[kpt   0   0  13]    10.9532 [0.000]    10.9534 [0.000]    10.9538 [0.000]    10.9540 [0.000]    10.9545 [0.000]
[kpt   0   0  14]    10.9546 [0.000]    12.1357 [0.000]    12.1358 [0.000]    12.1358 [0.000]    13.9336 [0.000]
[kpt   0   0  15]    13.9340 [0.000]    13.9341 [0.000]    13.9343 [0.000]    13.9345 [0.000]



Total charge in supercell =     128.00000000
 quench: [md:   0/100  scf:   0/30  step time:   0.51  scf time:     0.67 secs  RMS[dV]: 5.25e-02 ]


average potential <V> = 5.20e-17

Diagonalization using scalapack for step=1  count=2


FERMI ENERGY =      1.46119817 eV
@@ EIGENVALUE SUM     =      -54.620146 Ry
@@ ION_ION            =     -272.916107 Ry
@@ ELECTROSTATIC      =     -296.774034 Ry
@@ VXC                =     -182.196673 Ry
@@ EXC                =     -140.263448 Ry
@@ TOTAL ENERGY       =     -582.377060 Ry
@@ estimated error    =        6.12e-01 Ry
Charge normalization constant -1.0: -2.220446e-16
Charge density mixing: Linear with a constant of 0.50 


KOHN SHAM EIGENVALUES [eV] AT K-POINT [  0]:       0.000000      0.000000      0.000000

[kpt   0   1   0]   -18.4631 [2.000]   -17.4297 [2.000]   -17.4250 [2.000]   -17.4237 [2.000]   -17.4225 [2.000]
[kpt   0   1   1]   -17.4187 [2.000]   -17.4177 [2.000]   -15.9602 [2.000]   -15.9538 [2.000]   -15.9499 [2.000]
[kpt   0   1   2]   -15.9462 [2.000]   -15.9434 [2.000]   -15.9405 [2.000]   -15.9236 [2.000]   -15.9231 [2.000]
[kpt   0   1   3]   -15.9117 [2.000]    -9.2541 [2.000]    -6.7292 [2.000]    -6.7235 [2.000]    -6.7211 [2.000]
[kpt   0   1   4]    -6.7203 [2.000]    -6.7186 [2.000]    -6.7161 [2.000]    -4.9260 [2.000]    -4.9227 [2.000]
[kpt   0   1   5]    -4.9210 [2.000]    -4.2489 [2.000]    -4.2462 [2.000]    -4.2442 [2.000]    -4.2403 [2.000]
[kpt   0   1   6]    -4.2373 [2.000]    -4.2362 [2.000]    -1.6946 [2.000]    -1.6936 [2.000]    -1.6894 [2.000]
[kpt   0   1   7]    -1.6859 [2.000]    -1.6795 [2.000]    -1.6741 [2.000]    -1.4189 [2.000]    -1.4188 [2.000]
[kpt   0   1   8]    -1.3418 [2.000]    -1.3361 [2.000]    -1.3338 [2.000]    -1.3289 [2.000]    -1.3223 [2.000]
[kpt   0   1   9]    -1.3133 [2.000]    -0.7637 [2.000]    -0.7581 [2.000]    -0.7578 [2.000]    -0.1593 [2.000]
[kpt   0   1  10]    -0.1506 [2.000]    -0.1495 [2.000]    -0.1409 [2.000]    -0.1379 [2.000]    -0.1335 [2.000]
[kpt   0   1  11]     0.7240 [2.000]     0.7284 [2.000]     0.7306 [2.000]     0.7352 [2.000]     0.7365 [2.000]
[kpt   0   1  12]     0.7441 [2.000]     1.4536 [2.000]     1.4546 [2.000]     1.4612 [2.000]     8.7971 [0.000]
[kpt   0   1  13]    11.3185 [0.000]    11.3206 [0.000]    11.3210 [0.000]    11.3214 [0.000]    11.3220 [0.000]
[kpt   0   1  14]    11.3234 [0.000]    11.7801 [0.000]    11.7818 [0.000]    11.7849 [0.000]    14.1522 [0.000]
[kpt   0   1  15]    14.1537 [0.000]    14.1548 [0.000]    14.1550 [0.000]    46.9844 [0.000]



Total charge in supercell =     128.00000000
 quench: [md:   0/100  scf:   1/30  step time:   0.44  scf time:     1.11 secs  RMS[dV]: 2.97e-02 ]


average potential <V> = -3.19e-16

Diagonalization using scalapack for step=2  count=3


FERMI ENERGY =      1.78780893 eV
@@ EIGENVALUE SUM     =      -53.121693 Ry
@@ ION_ION            =     -272.916107 Ry
@@ ELECTROSTATIC      =     -295.819760 Ry
@@ VXC                =     -181.654776 Ry
@@ EXC                =     -139.839247 Ry
@@ TOTAL ENERGY       =     -580.042031 Ry
@@ estimated error    =        1.99e-01 Ry
Charge normalization constant -1.0: -2.886580e-15
Charge density mixing: Linear with a constant of 0.50 


KOHN SHAM EIGENVALUES [eV] AT K-POINT [  0]:       0.000000      0.000000      0.000000

[kpt   0   2   0]   -18.3467 [2.000]   -17.3187 [2.000]   -17.3085 [2.000]   -17.3050 [2.000]   -17.3011 [2.000]
[kpt   0   2   1]   -17.2986 [2.000]   -17.2824 [2.000]   -15.8329 [2.000]   -15.8271 [2.000]   -15.8243 [2.000]
[kpt   0   2   2]   -15.8215 [2.000]   -15.8162 [2.000]   -15.8012 [2.000]   -15.7898 [2.000]   -15.7762 [2.000]
[kpt   0   2   3]   -15.7620 [2.000]    -9.1833 [2.000]    -6.6387 [2.000]    -6.6317 [2.000]    -6.6307 [2.000]
[kpt   0   2   4]    -6.6299 [2.000]    -6.6280 [2.000]    -6.6190 [2.000]    -4.8150 [2.000]    -4.8099 [2.000]
[kpt   0   2   5]    -4.8047 [2.000]    -4.1554 [2.000]    -4.1493 [2.000]    -4.1488 [2.000]    -4.1458 [2.000]
[kpt   0   2   6]    -4.1456 [2.000]    -4.1372 [2.000]    -1.5507 [2.000]    -1.5430 [2.000]    -1.5373 [2.000]
[kpt   0   2   7]    -1.5369 [2.000]    -1.5352 [2.000]    -1.5276 [2.000]    -1.2640 [2.000]    -1.2637 [2.000]
[kpt   0   2   8]    -1.1465 [2.000]    -1.1427 [2.000]    -1.1369 [2.000]    -1.1344 [2.000]    -1.1331 [2.000]
[kpt   0   2   9]    -1.1320 [2.000]    -0.6158 [2.000]    -0.6114 [2.000]    -0.6105 [2.000]     0.0583 [2.000]
[kpt   0   2  10]     0.0661 [2.000]     0.0674 [2.000]     0.0753 [2.000]     0.0769 [2.000]     0.0820 [2.000]
[kpt   0   2  11]     0.9840 [2.000]     0.9872 [2.000]     0.9906 [2.000]     0.9932 [2.000]     0.9975 [2.000]
[kpt   0   2  12]     1.0033 [2.000]     1.7780 [2.000]     1.7804 [2.000]     1.7878 [2.000]     8.5322 [0.000]
[kpt   0   2  13]    11.1811 [0.000]    11.1852 [0.000]    11.1859 [0.000]    11.1866 [0.000]    11.1869 [0.000]
[kpt   0   2  14]    11.1899 [0.000]    11.4125 [0.000]    11.4165 [0.000]    11.4222 [0.000]    14.0192 [0.000]
[kpt   0   2  15]    14.0226 [0.000]    14.0229 [0.000]    14.0232 [0.000]    46.1994 [0.000]



Total charge in supercell =     128.00000000
 quench: [md:   0/100  scf:   2/30  step time:   0.45  scf time:     1.56 secs  RMS[dV]: 1.47e-02 ]


average potential <V> = -9.44e-16

Diagonalization using scalapack for step=3  count=4


FERMI ENERGY =      1.61961886 eV
@@ EIGENVALUE SUM     =      -54.842136 Ry
@@ ION_ION            =     -272.916107 Ry
@@ ELECTROSTATIC      =     -291.708935 Ry
@@ VXC                =     -180.285717 Ry
@@ EXC                =     -138.772289 Ry
@@ TOTAL ENERGY       =     -577.953751 Ry
@@ estimated error    =        2.99e-01 Ry
Charge normalization constant -1.0: 4.440892e-16
Charge density mixing: Linear with a constant of 0.50 


KOHN SHAM EIGENVALUES [eV] AT K-POINT [  0]:       0.000000      0.000000      0.000000

[kpt   0   3   0]   -18.5426 [2.000]   -17.5412 [2.000]   -17.5207 [2.000]   -17.5186 [2.000]   -17.5168 [2.000]
[kpt   0   3   1]   -17.5133 [2.000]   -17.4909 [2.000]   -16.0981 [2.000]   -16.0781 [2.000]   -16.0776 [2.000]
[kpt   0   3   2]   -16.0731 [2.000]   -16.0685 [2.000]   -16.0526 [2.000]   -16.0471 [2.000]   -16.0296 [2.000]
[kpt   0   3   3]   -16.0092 [2.000]    -9.2608 [2.000]    -6.7652 [2.000]    -6.7520 [2.000]    -6.7514 [2.000]
[kpt   0   3   4]    -6.7502 [2.000]    -6.7483 [2.000]    -6.7328 [2.000]    -4.9466 [2.000]    -4.9365 [2.000]
[kpt   0   3   5]    -4.9267 [2.000]    -4.3066 [2.000]    -4.2935 [2.000]    -4.2933 [2.000]    -4.2902 [2.000]
[kpt   0   3   6]    -4.2874 [2.000]    -4.2741 [2.000]    -1.7431 [2.000]    -1.7306 [2.000]    -1.7270 [2.000]
[kpt   0   3   7]    -1.7262 [2.000]    -1.7214 [2.000]    -1.7099 [2.000]    -1.4638 [2.000]    -1.4631 [2.000]
[kpt   0   3   8]    -1.3079 [2.000]    -1.3061 [2.000]    -1.3010 [2.000]    -1.2951 [2.000]    -1.2935 [2.000]
[kpt   0   3   9]    -1.2918 [2.000]    -0.8170 [2.000]    -0.8142 [2.000]    -0.8139 [2.000]    -0.1342 [2.000]
[kpt   0   3  10]    -0.1276 [2.000]    -0.1229 [2.000]    -0.1192 [2.000]    -0.1178 [2.000]    -0.1093 [2.000]
[kpt   0   3  11]     0.7933 [2.000]     0.8041 [2.000]     0.8042 [2.000]     0.8075 [2.000]     0.8082 [2.000]
[kpt   0   3  12]     0.8224 [2.000]     1.6007 [2.000]     1.6079 [2.000]     1.6196 [2.000]     8.1896 [0.000]
[kpt   0   3  13]    10.9405 [0.000]    10.9450 [0.000]    10.9458 [0.000]    10.9467 [0.000]    10.9470 [0.000]
[kpt   0   3  14]    10.9499 [0.000]    11.1775 [0.000]    11.1818 [0.000]    11.1878 [0.000]    13.7852 [0.000]
[kpt   0   3  15]    13.7898 [0.000]    13.7898 [0.000]    13.7904 [0.000]    45.3586 [0.000]



Total charge in supercell =     128.00000000
 quench: [md:   0/100  scf:   3/30  step time:   0.45  scf time:     2.00 secs  RMS[dV]: 1.42e-02 ]


average potential <V> = -1.06e-15
Davidson converged in 3 steps

FERMI ENERGY =      1.47380817 eV
@@ EIGENVALUE SUM     =      -56.509918 Ry
@@ ION_ION            =     -272.916107 Ry
@@ ELECTROSTATIC      =     -288.360813 Ry
@@ VXC                =     -179.201362 Ry
@@ EXC                =     -137.927272 Ry
@@ TOTAL ENERGY       =     -576.512748 Ry
@@ estimated error    =        1.74e-01 Ry
Charge normalization constant -1.0: 4.440892e-16
Charge density mixing: Broyden


KOHN SHAM EIGENVALUES [eV] AT K-POINT [  0]:       0.000000      0.000000      0.000000

[kpt   0   4   0]   -18.7277 [2.000]   -17.7512 [2.000]   -17.7248 [2.000]   -17.7229 [2.000]   -17.7206 [2.000]
[kpt   0   4   1]   -17.7143 [2.000]   -17.6818 [2.000]   -16.3475 [2.000]   -16.3194 [2.000]   -16.3176 [2.000]
[kpt   0   4   2]   -16.3141 [2.000]   -16.3083 [2.000]   -16.3022 [2.000]   -16.2744 [2.000]   -16.2684 [2.000]
[kpt   0   4   3]   -16.2363 [2.000]    -9.3794 [2.000]    -6.9241 [2.000]    -6.9043 [2.000]    -6.9025 [2.000]
[kpt   0   4   4]    -6.9012 [2.000]    -6.8961 [2.000]    -6.8719 [2.000]    -5.0982 [2.000]    -5.0798 [2.000]
[kpt   0   4   5]    -5.0616 [2.000]    -4.4785 [2.000]    -4.4540 [2.000]    -4.4507 [2.000]    -4.4480 [2.000]
[kpt   0   4   6]    -4.4422 [2.000]    -4.4141 [2.000]    -1.9340 [2.000]    -1.9080 [2.000]    -1.9068 [2.000]
[kpt   0   4   7]    -1.9063 [2.000]    -1.9022 [2.000]    -1.8786 [2.000]    -1.6409 [2.000]    -1.6379 [2.000]
[kpt   0   4   8]    -1.4922 [2.000]    -1.4685 [2.000]    -1.4669 [2.000]    -1.4653 [2.000]    -1.4625 [2.000]
[kpt   0   4   9]    -1.4335 [2.000]    -0.9966 [2.000]    -0.9954 [2.000]    -0.9941 [2.000]    -0.3217 [2.000]
[kpt   0   4  10]    -0.2918 [2.000]    -0.2906 [2.000]    -0.2889 [2.000]    -0.2838 [2.000]    -0.2518 [2.000]
[kpt   0   4  11]     0.6074 [2.000]     0.6409 [2.000]     0.6423 [2.000]     0.6438 [2.000]     0.6473 [2.000]
[kpt   0   4  12]     0.6780 [2.000]     1.4373 [2.000]     1.4572 [2.000]     1.4738 [2.000]     7.1866 [0.000]
[kpt   0   4  13]    10.0096 [0.000]    10.0112 [0.000]    10.0134 [0.000]    10.0142 [0.000]    10.0161 [0.000]
[kpt   0   4  14]    10.0188 [0.000]    10.4970 [0.000]    10.4987 [0.000]    10.5016 [0.000]    13.2364 [0.000]
[kpt   0   4  15]    13.2478 [0.000]    13.2488 [0.000]    13.2493 [0.000]    13.2559 [0.000]



Total charge in supercell =     128.00000000
 quench: [md:   0/100  scf:   4/30  step time:   0.55  scf time:     2.56 secs  RMS[dV]: 1.05e-02 ]


average potential <V> = 8.67e-16
Davidson converged in 2 steps

FERMI ENERGY =      0.94174816 eV
@@ EIGENVALUE SUM     =      -59.980562 Ry
@@ ION_ION            =     -272.916107 Ry
@@ ELECTROSTATIC      =     -284.574063 Ry
@@ VXC                =     -178.029468 Ry
@@ EXC                =     -137.014468 Ry
@@ TOTAL ENERGY       =     -576.455732 Ry
@@ estimated error    =        1.74e-01 Ry
Charge normalization constant -1.0: 2.220446e-16
Charge density mixing: Broyden


KOHN SHAM EIGENVALUES [eV] AT K-POINT [  0]:       0.000000      0.000000      0.000000

[kpt   0   5   0]   -19.0672 [2.000]   -18.1054 [2.000]   -18.0900 [2.000]   -18.0867 [2.000]   -18.0853 [2.000]
[kpt   0   5   1]   -18.0843 [2.000]   -18.0717 [2.000]   -16.7615 [2.000]   -16.7452 [2.000]   -16.7436 [2.000]
[kpt   0   5   2]   -16.7419 [2.000]   -16.7379 [2.000]   -16.7248 [2.000]   -16.7232 [2.000]   -16.7095 [2.000]
[kpt   0   5   3]   -16.6931 [2.000]    -9.5178 [2.000]    -7.1322 [2.000]    -7.1198 [2.000]    -7.1171 [2.000]
[kpt   0   5   4]    -7.1160 [2.000]    -7.1153 [2.000]    -7.1053 [2.000]    -5.3461 [2.000]    -5.3370 [2.000]
[kpt   0   5   5]    -5.3278 [2.000]    -4.7421 [2.000]    -4.7281 [2.000]    -4.7250 [2.000]    -4.7236 [2.000]
[kpt   0   5   6]    -4.7218 [2.000]    -4.7103 [2.000]    -2.2759 [2.000]    -2.2628 [2.000]    -2.2609 [2.000]
[kpt   0   5   7]    -2.2601 [2.000]    -2.2599 [2.000]    -2.2481 [2.000]    -2.0237 [2.000]    -2.0225 [2.000]
[kpt   0   5   8]    -1.8426 [2.000]    -1.8318 [2.000]    -1.8301 [2.000]    -1.8297 [2.000]    -1.8294 [2.000]
[kpt   0   5   9]    -1.8172 [2.000]    -1.3946 [2.000]    -1.3945 [2.000]    -1.3940 [2.000]    -0.7372 [2.000]
[kpt   0   5  10]    -0.7241 [2.000]    -0.7218 [2.000]    -0.7214 [2.000]    -0.7211 [2.000]    -0.7070 [2.000]
[kpt   0   5  11]     0.1536 [2.000]     0.1702 [2.000]     0.1718 [2.000]     0.1728 [2.000]     0.1733 [2.000]
[kpt   0   5  12]     0.1882 [2.000]     0.9233 [2.000]     0.9333 [2.000]     0.9417 [2.000]     6.8468 [0.000]
[kpt   0   5  13]     9.7624 [0.000]     9.7648 [0.000]     9.7654 [0.000]     9.7655 [0.000]     9.7660 [0.000]
[kpt   0   5  14]     9.7686 [0.000]    10.5112 [0.000]    10.5113 [0.000]    10.5118 [0.000]    13.0160 [0.000]
[kpt   0   5  15]    13.0167 [0.000]    13.0171 [0.000]    13.0190 [0.000]    13.0204 [0.000]



Total charge in supercell =     128.00000000
 quench: [md:   0/100  scf:   5/30  step time:   0.50  scf time:     3.06 secs  RMS[dV]: 9.95e-03 ]


average potential <V> = -7.77e-16
Davidson converged in 3 steps

FERMI ENERGY =      1.07791000 eV
@@ EIGENVALUE SUM     =      -58.676650 Ry
@@ ION_ION            =     -272.916107 Ry
@@ ELECTROSTATIC      =     -285.954044 Ry
@@ VXC                =     -178.378783 Ry
@@ EXC                =     -137.285563 Ry
@@ TOTAL ENERGY       =     -576.453581 Ry
@@ estimated error    =        1.11e-02 Ry
Charge normalization constant -1.0: 2.220446e-15
Charge density mixing: Broyden


KOHN SHAM EIGENVALUES [eV] AT K-POINT [  0]:       0.000000      0.000000      0.000000

[kpt   0   6   0]   -18.9269 [2.000]   -17.9455 [2.000]   -17.9432 [2.000]   -17.9430 [2.000]   -17.9426 [2.000]
[kpt   0   6   1]   -17.9421 [2.000]   -17.9391 [2.000]   -16.5929 [2.000]   -16.5904 [2.000]   -16.5900 [2.000]
[kpt   0   6   2]   -16.5895 [2.000]   -16.5890 [2.000]   -16.5859 [2.000]   -16.5610 [2.000]   -16.5578 [2.000]
[kpt   0   6   3]   -16.5546 [2.000]    -9.3812 [2.000]    -6.9734 [2.000]    -6.9716 [2.000]    -6.9715 [2.000]
[kpt   0   6   4]    -6.9712 [2.000]    -6.9708 [2.000]    -6.9687 [2.000]    -5.1968 [2.000]    -5.1952 [2.000]
[kpt   0   6   5]    -5.1936 [2.000]    -4.5714 [2.000]    -4.5692 [2.000]    -4.5688 [2.000]    -4.5685 [2.000]
[kpt   0   6   6]    -4.5681 [2.000]    -4.5655 [2.000]    -2.1475 [2.000]    -2.1450 [2.000]    -2.1450 [2.000]
[kpt   0   6   7]    -2.1449 [2.000]    -2.1446 [2.000]    -2.1428 [2.000]    -1.9024 [2.000]    -1.9020 [2.000]
[kpt   0   6   8]    -1.7136 [2.000]    -1.7115 [2.000]    -1.7114 [2.000]    -1.7111 [2.000]    -1.7109 [2.000]
[kpt   0   6   9]    -1.7080 [2.000]    -1.2556 [2.000]    -1.2556 [2.000]    -1.2552 [2.000]    -0.5959 [2.000]
[kpt   0   6  10]    -0.5934 [2.000]    -0.5934 [2.000]    -0.5931 [2.000]    -0.5926 [2.000]    -0.5894 [2.000]
[kpt   0   6  11]     0.3079 [2.000]     0.3109 [2.000]     0.3109 [2.000]     0.3110 [2.000]     0.3114 [2.000]
[kpt   0   6  12]     0.3137 [2.000]     1.0750 [2.000]     1.0768 [2.000]     1.0779 [2.000]     6.8128 [0.000]
[kpt   0   6  13]     9.7679 [0.000]     9.7687 [0.000]     9.7688 [0.000]     9.7692 [0.000]     9.7693 [0.000]
[kpt   0   6  14]     9.7694 [0.000]    10.5657 [0.000]    10.5661 [0.000]    10.5667 [0.000]    13.0542 [0.000]
[kpt   0   6  15]    13.0550 [0.000]    13.0555 [0.000]    13.0555 [0.000]    13.0572 [0.000]



Total charge in supercell =     128.00000000
 quench: [md:   0/100  scf:   6/30  step time:   0.53  scf time:     3.59 secs  RMS[dV]: 4.36e-03 ]


average potential <V> = 3.71e-16
Davidson converged in 3 steps

FERMI ENERGY =      1.09720726 eV
@@ EIGENVALUE SUM     =      -58.422666 Ry
@@ ION_ION            =     -272.916107 Ry
@@ ELECTROSTATIC      =     -286.221895 Ry
@@ VXC                =     -178.439213 Ry
@@ EXC                =     -137.332090 Ry
@@ TOTAL ENERGY       =     -576.453545 Ry
@@ estimated error    =        5.72e-04 Ry
Charge normalization constant -1.0: -1.332268e-15
Charge density mixing: Broyden


KOHN SHAM EIGENVALUES [eV] AT K-POINT [  0]:       0.000000      0.000000      0.000000

[kpt   0   7   0]   -18.8977 [2.000]   -17.9137 [2.000]   -17.9136 [2.000]   -17.9135 [2.000]   -17.9135 [2.000]
[kpt   0   7   1]   -17.9134 [2.000]   -17.9133 [2.000]   -16.5616 [2.000]   -16.5615 [2.000]   -16.5614 [2.000]
[kpt   0   7   2]   -16.5614 [2.000]   -16.5612 [2.000]   -16.5612 [2.000]   -16.5298 [2.000]   -16.5295 [2.000]
[kpt   0   7   3]   -16.5294 [2.000]    -9.3426 [2.000]    -6.9340 [2.000]    -6.9337 [2.000]    -6.9337 [2.000]
[kpt   0   7   4]    -6.9336 [2.000]    -6.9336 [2.000]    -6.9335 [2.000]    -5.1615 [2.000]    -5.1614 [2.000]
[kpt   0   7   5]    -5.1613 [2.000]    -4.5314 [2.000]    -4.5312 [2.000]    -4.5312 [2.000]    -4.5311 [2.000]
[kpt   0   7   6]    -4.5310 [2.000]    -4.5309 [2.000]    -2.1248 [2.000]    -2.1246 [2.000]    -2.1246 [2.000]
[kpt   0   7   7]    -2.1246 [2.000]    -2.1245 [2.000]    -2.1244 [2.000]    -1.8820 [2.000]    -1.8819 [2.000]
[kpt   0   7   8]    -1.6903 [2.000]    -1.6903 [2.000]    -1.6902 [2.000]    -1.6902 [2.000]    -1.6902 [2.000]
[kpt   0   7   9]    -1.6900 [2.000]    -1.2299 [2.000]    -1.2299 [2.000]    -1.2298 [2.000]    -0.5726 [2.000]
[kpt   0   7  10]    -0.5726 [2.000]    -0.5725 [2.000]    -0.5725 [2.000]    -0.5725 [2.000]    -0.5723 [2.000]
[kpt   0   7  11]     0.3325 [2.000]     0.3328 [2.000]     0.3328 [2.000]     0.3328 [2.000]     0.3329 [2.000]
[kpt   0   7  12]     0.3330 [2.000]     1.0969 [2.000]     1.0971 [2.000]     1.0972 [2.000]     6.7886 [0.000]
[kpt   0   7  13]     9.7622 [0.000]     9.7625 [0.000]     9.7626 [0.000]     9.7627 [0.000]     9.7627 [0.000]
[kpt   0   7  14]     9.7630 [0.000]    10.5888 [0.000]    10.5896 [0.000]    10.5897 [0.000]    13.0557 [0.000]
[kpt   0   7  15]    13.0566 [0.000]    13.0570 [0.000]    13.0572 [0.000]    13.0579 [0.000]



Total charge in supercell =     128.00000000
 quench: [md:   0/100  scf:   7/30  step time:   0.53  scf time:     4.12 secs  RMS[dV]: 9.47e-04 ]


average potential <V> = -1.13e-15
Davidson converged in 3 steps

FERMI ENERGY =      1.10366478 eV
@@ EIGENVALUE SUM     =      -58.356581 Ry
@@ ION_ION            =     -272.916107 Ry
@@ ELECTROSTATIC      =     -286.292382 Ry
@@ VXC                =     -178.458579 Ry
@@ EXC                =     -137.347071 Ry
@@ TOTAL ENERGY       =     -576.453561 Ry
@@ estimated error    =        3.73e-05 Ry
Charge normalization constant -1.0: 1.110223e-15
Charge density mixing: Broyden


KOHN SHAM EIGENVALUES [eV] AT K-POINT [  0]:       0.000000      0.000000      0.000000

[kpt   0   8   0]   -18.8903 [2.000]   -17.9065 [2.000]   -17.9062 [2.000]   -17.9061 [2.000]   -17.9060 [2.000]
[kpt   0   8   1]   -17.9060 [2.000]   -17.9056 [2.000]   -16.5545 [2.000]   -16.5542 [2.000]   -16.5541 [2.000]
[kpt   0   8   2]   -16.5539 [2.000]   -16.5539 [2.000]   -16.5535 [2.000]   -16.5227 [2.000]   -16.5222 [2.000]
[kpt   0   8   3]   -16.5217 [2.000]    -9.3341 [2.000]    -6.9257 [2.000]    -6.9255 [2.000]    -6.9255 [2.000]
[kpt   0   8   4]    -6.9254 [2.000]    -6.9253 [2.000]    -6.9251 [2.000]    -5.1539 [2.000]    -5.1537 [2.000]
[kpt   0   8   5]    -5.1535 [2.000]    -4.5233 [2.000]    -4.5230 [2.000]    -4.5230 [2.000]    -4.5229 [2.000]
[kpt   0   8   6]    -4.5228 [2.000]    -4.5225 [2.000]    -2.1189 [2.000]    -2.1186 [2.000]    -2.1186 [2.000]
[kpt   0   8   7]    -2.1185 [2.000]    -2.1185 [2.000]    -2.1182 [2.000]    -1.8759 [2.000]    -1.8759 [2.000]
[kpt   0   8   8]    -1.6843 [2.000]    -1.6840 [2.000]    -1.6840 [2.000]    -1.6839 [2.000]    -1.6839 [2.000]
[kpt   0   8   9]    -1.6836 [2.000]    -1.2231 [2.000]    -1.2231 [2.000]    -1.2231 [2.000]    -0.5668 [2.000]
[kpt   0   8  10]    -0.5664 [2.000]    -0.5664 [2.000]    -0.5663 [2.000]    -0.5663 [2.000]    -0.5659 [2.000]
[kpt   0   8  11]     0.3388 [2.000]     0.3392 [2.000]     0.3393 [2.000]     0.3393 [2.000]     0.3394 [2.000]
[kpt   0   8  12]     0.3398 [2.000]     1.1032 [2.000]     1.1034 [2.000]     1.1037 [2.000]     6.7883 [0.000]
[kpt   0   8  13]     9.7606 [0.000]     9.7607 [0.000]     9.7607 [0.000]     9.7608 [0.000]     9.7608 [0.000]
[kpt   0   8  14]     9.7609 [0.000]    10.5942 [0.000]    10.5948 [0.000]    10.5949 [0.000]    13.0474 [0.000]
[kpt   0   8  15]    13.0528 [0.000]    13.0529 [0.000]    13.0530 [0.000]    13.0530 [0.000]



Total charge in supercell =     128.00000000
 quench: [md:   0/100  scf:   8/30  step time:   0.54  scf time:     4.66 secs  RMS[dV]: 3.38e-04 ]


average potential <V> = 1.42e-16
Davidson converged in 3 steps

FERMI ENERGY =      1.10252840 eV
@@ EIGENVALUE SUM     =      -58.366334 Ry
@@ ION_ION            =     -272.916107 Ry
@@ ELECTROSTATIC      =     -286.282212 Ry
@@ VXC                =     -178.456801 Ry
@@ EXC                =     -137.345711 Ry
@@ TOTAL ENERGY       =     -576.453563 Ry
@@ estimated error    =        1.88e-06 Ry
Charge normalization constant -1.0: 0.000000e+00
Charge density mixing: Broyden


KOHN SHAM EIGENVALUES [eV] AT K-POINT [  0]:       0.000000      0.000000      0.000000

[kpt   0   9   0]   -18.8913 [2.000]   -17.9073 [2.000]   -17.9072 [2.000]   -17.9072 [2.000]   -17.9071 [2.000]
[kpt   0   9   1]   -17.9071 [2.000]   -17.9070 [2.000]   -16.5554 [2.000]   -16.5553 [2.000]   -16.5553 [2.000]
[kpt   0   9   2]   -16.5552 [2.000]   -16.5551 [2.000]   -16.5550 [2.000]   -16.5236 [2.000]   -16.5234 [2.000]
[kpt   0   9   3]   -16.5232 [2.000]    -9.3353 [2.000]    -6.9268 [2.000]    -6.9268 [2.000]    -6.9267 [2.000]
[kpt   0   9   4]    -6.9267 [2.000]    -6.9267 [2.000]    -6.9266 [2.000]    -5.1550 [2.000]    -5.1549 [2.000]
[kpt   0   9   5]    -5.1548 [2.000]    -4.5246 [2.000]    -4.5245 [2.000]    -4.5245 [2.000]    -4.5244 [2.000]
[kpt   0   9   6]    -4.5244 [2.000]    -4.5243 [2.000]    -2.1194 [2.000]    -2.1193 [2.000]    -2.1193 [2.000]
[kpt   0   9   7]    -2.1192 [2.000]    -2.1192 [2.000]    -2.1191 [2.000]    -1.8766 [2.000]    -1.8766 [2.000]
[kpt   0   9   8]    -1.6848 [2.000]    -1.6846 [2.000]    -1.6846 [2.000]    -1.6846 [2.000]    -1.6846 [2.000]
[kpt   0   9   9]    -1.6845 [2.000]    -1.2241 [2.000]    -1.2241 [2.000]    -1.2241 [2.000]    -0.5673 [2.000]
[kpt   0   9  10]    -0.5672 [2.000]    -0.5672 [2.000]    -0.5671 [2.000]    -0.5671 [2.000]    -0.5670 [2.000]
[kpt   0   9  11]     0.3382 [2.000]     0.3383 [2.000]     0.3383 [2.000]     0.3384 [2.000]     0.3384 [2.000]
[kpt   0   9  12]     0.3385 [2.000]     1.1023 [2.000]     1.1024 [2.000]     1.1025 [2.000]     6.7884 [0.000]
[kpt   0   9  13]     9.7589 [0.000]     9.7591 [0.000]     9.7592 [0.000]     9.7592 [0.000]     9.7593 [0.000]
[kpt   0   9  14]     9.7597 [0.000]    10.5935 [0.000]    10.5938 [0.000]    10.5938 [0.000]    13.0465 [0.000]
[kpt   0   9  15]    13.0526 [0.000]    13.0527 [0.000]    13.0527 [0.000]    13.0527 [0.000]



Total charge in supercell =     128.00000000
 quench: [md:   0/100  scf:   9/30  step time:   0.60  scf time:     5.26 secs  RMS[dV]: 7.05e-05 ]


average potential <V> = 9.68e-16
Davidson converged in 3 steps

FERMI ENERGY =      1.10281580 eV
@@ EIGENVALUE SUM     =      -58.365071 Ry
@@ ION_ION            =     -272.916107 Ry
@@ ELECTROSTATIC      =     -286.283637 Ry
@@ VXC                =     -178.457601 Ry
@@ EXC                =     -137.346348 Ry
@@ TOTAL ENERGY       =     -576.453563 Ry
@@ estimated error    =        3.04e-07 Ry
Charge normalization constant -1.0: 1.332268e-15
Charge density mixing: Broyden


KOHN SHAM EIGENVALUES [eV] AT K-POINT [  0]:       0.000000      0.000000      0.000000

[kpt   0  10   0]   -18.8913 [2.000]   -17.9071 [2.000]   -17.9071 [2.000]   -17.9071 [2.000]   -17.9070 [2.000]
[kpt   0  10   1]   -17.9070 [2.000]   -17.9070 [2.000]   -16.5551 [2.000]   -16.5551 [2.000]   -16.5550 [2.000]
[kpt   0  10   2]   -16.5550 [2.000]   -16.5550 [2.000]   -16.5550 [2.000]   -16.5233 [2.000]   -16.5232 [2.000]
[kpt   0  10   3]   -16.5232 [2.000]    -9.3355 [2.000]    -6.9269 [2.000]    -6.9269 [2.000]    -6.9269 [2.000]
[kpt   0  10   4]    -6.9268 [2.000]    -6.9268 [2.000]    -6.9268 [2.000]    -5.1550 [2.000]    -5.1550 [2.000]
[kpt   0  10   5]    -5.1550 [2.000]    -4.5246 [2.000]    -4.5246 [2.000]    -4.5246 [2.000]    -4.5245 [2.000]
[kpt   0  10   6]    -4.5245 [2.000]    -4.5245 [2.000]    -2.1191 [2.000]    -2.1190 [2.000]    -2.1190 [2.000]
[kpt   0  10   7]    -2.1190 [2.000]    -2.1190 [2.000]    -2.1190 [2.000]    -1.8764 [2.000]    -1.8764 [2.000]
[kpt   0  10   8]    -1.6844 [2.000]    -1.6844 [2.000]    -1.6844 [2.000]    -1.6844 [2.000]    -1.6844 [2.000]
[kpt   0  10   9]    -1.6844 [2.000]    -1.2239 [2.000]    -1.2239 [2.000]    -1.2239 [2.000]    -0.5669 [2.000]
[kpt   0  10  10]    -0.5669 [2.000]    -0.5669 [2.000]    -0.5669 [2.000]    -0.5669 [2.000]    -0.5668 [2.000]
[kpt   0  10  11]     0.3386 [2.000]     0.3386 [2.000]     0.3386 [2.000]     0.3386 [2.000]     0.3387 [2.000]
[kpt   0  10  12]     0.3387 [2.000]     1.1028 [2.000]     1.1028 [2.000]     1.1028 [2.000]     6.7885 [0.000]
[kpt   0  10  13]     9.7580 [0.000]     9.7581 [0.000]     9.7582 [0.000]     9.7583 [0.000]     9.7584 [0.000]
[kpt   0  10  14]     9.7586 [0.000]    10.5930 [0.000]    10.5931 [0.000]    10.5931 [0.000]    13.0453 [0.000]
[kpt   0  10  15]    13.0528 [0.000]    13.0528 [0.000]    13.0528 [0.000]    13.0528 [0.000]



Total charge in supercell =     128.00000000
 quench: [md:   0/100  scf:  10/30  step time:   0.54  scf time:     5.80 secs  RMS[dV]: 2.21e-05 ]


average potential <V> = -7.29e-16
Davidson converged in 4 steps

FERMI ENERGY =      1.10297479 eV
@@ EIGENVALUE SUM     =      -58.363672 Ry
@@ ION_ION            =     -272.916107 Ry
@@ ELECTROSTATIC      =     -286.285140 Ry
@@ VXC                =     -178.458091 Ry
@@ EXC                =     -137.346736 Ry
@@ TOTAL ENERGY       =     -576.453563 Ry
@@ estimated error    =        1.33e-08 Ry
Charge normalization constant -1.0: -4.440892e-16
Charge density mixing: Broyden


KOHN SHAM EIGENVALUES [eV] AT K-POINT [  0]:       0.000000      0.000000      0.000000

[kpt   0  11   0]   -18.8911 [2.000]   -17.9069 [2.000]   -17.9069 [2.000]   -17.9069 [2.000]   -17.9069 [2.000]
[kpt   0  11   1]   -17.9069 [2.000]   -17.9069 [2.000]   -16.5549 [2.000]   -16.5549 [2.000]   -16.5549 [2.000]
[kpt   0  11   2]   -16.5549 [2.000]   -16.5549 [2.000]   -16.5549 [2.000]   -16.5231 [2.000]   -16.5231 [2.000]
[kpt   0  11   3]   -16.5230 [2.000]    -9.3354 [2.000]    -6.9267 [2.000]    -6.9267 [2.000]    -6.9267 [2.000]
[kpt   0  11   4]    -6.9267 [2.000]    -6.9267 [2.000]    -6.9267 [2.000]    -5.1549 [2.000]    -5.1549 [2.000]
[kpt   0  11   5]    -5.1549 [2.000]    -4.5244 [2.000]    -4.5244 [2.000]    -4.5244 [2.000]    -4.5244 [2.000]
[kpt   0  11   6]    -4.5244 [2.000]    -4.5244 [2.000]    -2.1189 [2.000]    -2.1189 [2.000]    -2.1189 [2.000]
[kpt   0  11   7]    -2.1189 [2.000]    -2.1189 [2.000]    -2.1189 [2.000]    -1.8763 [2.000]    -1.8763 [2.000]
[kpt   0  11   8]    -1.6842 [2.000]    -1.6842 [2.000]    -1.6842 [2.000]    -1.6842 [2.000]    -1.6842 [2.000]
[kpt   0  11   9]    -1.6842 [2.000]    -1.2238 [2.000]    -1.2238 [2.000]    -1.2238 [2.000]    -0.5667 [2.000]
[kpt   0  11  10]    -0.5667 [2.000]    -0.5667 [2.000]    -0.5667 [2.000]    -0.5667 [2.000]    -0.5667 [2.000]
[kpt   0  11  11]     0.3388 [2.000]     0.3388 [2.000]     0.3388 [2.000]     0.3388 [2.000]     0.3388 [2.000]
[kpt   0  11  12]     0.3388 [2.000]     1.1030 [2.000]     1.1030 [2.000]     1.1030 [2.000]     6.7886 [0.000]
[kpt   0  11  13]     9.7576 [0.000]     9.7577 [0.000]     9.7577 [0.000]     9.7578 [0.000]     9.7579 [0.000]
[kpt   0  11  14]     9.7581 [0.000]    10.5929 [0.000]    10.5929 [0.000]    10.5930 [0.000]    13.0440 [0.000]
[kpt   0  11  15]    13.0528 [0.000]    13.0529 [0.000]    13.0529 [0.000]    13.0529 [0.000]



Total charge in supercell =     128.00000000
 quench: [md:   0/100  scf:  11/30  step time:   0.65  scf time:     6.45 secs  RMS[dV]: 1.12e-05 ]


average potential <V> = 3.96e-16
Davidson converged in 2 steps

FERMI ENERGY =      1.10288229 eV
@@ EIGENVALUE SUM     =      -58.364263 Ry
@@ ION_ION            =     -272.916107 Ry
@@ ELECTROSTATIC      =     -286.284500 Ry
@@ VXC                =     -178.457870 Ry
@@ EXC                =     -137.346564 Ry
@@ TOTAL ENERGY       =     -576.453563 Ry
@@ estimated error    =        6.99e-09 Ry
Charge normalization constant -1.0: -2.220446e-16
Charge density mixing: Broyden


KOHN SHAM EIGENVALUES [eV] AT K-POINT [  0]:       0.000000      0.000000      0.000000

[kpt   0  12   0]   -18.8912 [2.000]   -17.9070 [2.000]   -17.9070 [2.000]   -17.9070 [2.000]   -17.9070 [2.000]
[kpt   0  12   1]   -17.9070 [2.000]   -17.9070 [2.000]   -16.5550 [2.000]   -16.5550 [2.000]   -16.5550 [2.000]
[kpt   0  12   2]   -16.5549 [2.000]   -16.5549 [2.000]   -16.5549 [2.000]   -16.5231 [2.000]   -16.5231 [2.000]
[kpt   0  12   3]   -16.5231 [2.000]    -9.3354 [2.000]    -6.9268 [2.000]    -6.9268 [2.000]    -6.9268 [2.000]
[kpt   0  12   4]    -6.9268 [2.000]    -6.9268 [2.000]    -6.9268 [2.000]    -5.1549 [2.000]    -5.1549 [2.000]
[kpt   0  12   5]    -5.1549 [2.000]    -4.5245 [2.000]    -4.5245 [2.000]    -4.5245 [2.000]    -4.5245 [2.000]
[kpt   0  12   6]    -4.5245 [2.000]    -4.5245 [2.000]    -2.1190 [2.000]    -2.1189 [2.000]    -2.1189 [2.000]
[kpt   0  12   7]    -2.1189 [2.000]    -2.1189 [2.000]    -2.1189 [2.000]    -1.8763 [2.000]    -1.8763 [2.000]
[kpt   0  12   8]    -1.6843 [2.000]    -1.6843 [2.000]    -1.6843 [2.000]    -1.6843 [2.000]    -1.6843 [2.000]
[kpt   0  12   9]    -1.6843 [2.000]    -1.2239 [2.000]    -1.2239 [2.000]    -1.2239 [2.000]    -0.5668 [2.000]
[kpt   0  12  10]    -0.5668 [2.000]    -0.5668 [2.000]    -0.5668 [2.000]    -0.5668 [2.000]    -0.5668 [2.000]
[kpt   0  12  11]     0.3387 [2.000]     0.3387 [2.000]     0.3387 [2.000]     0.3387 [2.000]     0.3387 [2.000]
[kpt   0  12  12]     0.3387 [2.000]     1.1029 [2.000]     1.1029 [2.000]     1.1029 [2.000]     6.7885 [0.000]
[kpt   0  12  13]     9.7574 [0.000]     9.7575 [0.000]     9.7575 [0.000]     9.7575 [0.000]     9.7576 [0.000]
[kpt   0  12  14]     9.7576 [0.000]    10.5927 [0.000]    10.5927 [0.000]    10.5927 [0.000]    13.0427 [0.000]
[kpt   0  12  15]    13.0528 [0.000]    13.0528 [0.000]    13.0528 [0.000]    13.0528 [0.000]



Total charge in supercell =     128.00000000
 quench: [md:   0/100  scf:  12/30  step time:   0.49  scf time:     6.94 secs  RMS[dV]: 3.18e-06 ]


average potential <V> = -6.94e-17
Davidson converged in 3 steps

FERMI ENERGY =      1.10287674 eV
@@ EIGENVALUE SUM     =      -58.364203 Ry
@@ ION_ION            =     -272.916107 Ry
@@ ELECTROSTATIC      =     -286.284561 Ry
@@ VXC                =     -178.457884 Ry
@@ EXC                =     -137.346576 Ry
@@ TOTAL ENERGY       =     -576.453563 Ry
@@ estimated error    =        4.57e-10 Ry
Charge normalization constant -1.0: -6.661338e-16
Charge density mixing: Broyden


KOHN SHAM EIGENVALUES [eV] AT K-POINT [  0]:       0.000000      0.000000      0.000000

[kpt   0  13   0]   -18.8912 [2.000]   -17.9070 [2.000]   -17.9070 [2.000]   -17.9070 [2.000]   -17.9070 [2.000]
[kpt   0  13   1]   -17.9070 [2.000]   -17.9070 [2.000]   -16.5549 [2.000]   -16.5549 [2.000]   -16.5549 [2.000]
[kpt   0  13   2]   -16.5549 [2.000]   -16.5549 [2.000]   -16.5549 [2.000]   -16.5231 [2.000]   -16.5231 [2.000]
[kpt   0  13   3]   -16.5231 [2.000]    -9.3354 [2.000]    -6.9268 [2.000]    -6.9267 [2.000]    -6.9267 [2.000]
[kpt   0  13   4]    -6.9267 [2.000]    -6.9267 [2.000]    -6.9267 [2.000]    -5.1549 [2.000]    -5.1549 [2.000]
[kpt   0  13   5]    -5.1549 [2.000]    -4.5245 [2.000]    -4.5245 [2.000]    -4.5245 [2.000]    -4.5245 [2.000]
[kpt   0  13   6]    -4.5245 [2.000]    -4.5244 [2.000]    -2.1189 [2.000]    -2.1189 [2.000]    -2.1189 [2.000]
[kpt   0  13   7]    -2.1189 [2.000]    -2.1189 [2.000]    -2.1189 [2.000]    -1.8763 [2.000]    -1.8763 [2.000]
[kpt   0  13   8]    -1.6843 [2.000]    -1.6843 [2.000]    -1.6843 [2.000]    -1.6843 [2.000]    -1.6843 [2.000]
[kpt   0  13   9]    -1.6843 [2.000]    -1.2239 [2.000]    -1.2239 [2.000]    -1.2239 [2.000]    -0.5668 [2.000]
[kpt   0  13  10]    -0.5668 [2.000]    -0.5668 [2.000]    -0.5668 [2.000]    -0.5668 [2.000]    -0.5668 [2.000]
[kpt   0  13  11]     0.3387 [2.000]     0.3387 [2.000]     0.3387 [2.000]     0.3387 [2.000]     0.3387 [2.000]
[kpt   0  13  12]     0.3387 [2.000]     1.1029 [2.000]     1.1029 [2.000]     1.1029 [2.000]     6.7885 [0.000]
[kpt   0  13  13]     9.7572 [0.000]     9.7572 [0.000]     9.7573 [0.000]     9.7573 [0.000]     9.7573 [0.000]
[kpt   0  13  14]     9.7573 [0.000]    10.5926 [0.000]    10.5926 [0.000]    10.5926 [0.000]    13.0409 [0.000]
[kpt   0  13  15]    13.0528 [0.000]    13.0528 [0.000]    13.0528 [0.000]    13.0528 [0.000]



Total charge in supercell =     128.00000000
 quench: [md:   0/100  scf:  13/30  step time:   0.65  scf time:     7.59 secs  RMS[dV]: 1.58e-06 ]



 Convergence criterion reached: Energy variation (5.05e-11) is lower than threshold (1.00e-10)

potential convergence has been achieved. stopping ...

[   0  14   14        9 ] Quench.cpp: 
@@ TOTAL ENEGY Components 
@@ ION_ION            =     -272.916107 Ry
@@ ELECTROSTATIC      =      286.284561 Ry
@@ EXC                =     -137.346592 Ry
@@ vdw correction     =        0.000000 Ry
@@ LdaU correction    =        0.000000 Ry
@@ total              =        0.000000 Ry
final total energy from eig sum =    -576.45356288 Ry


KOHN SHAM EIGENVALUES [eV] AT K-POINT [  0]:       0.000000      0.000000      0.000000

[kpt   0  14   0]   -18.8912 [2.000]   -17.9070 [2.000]   -17.9070 [2.000]   -17.9070 [2.000]   -17.9070 [2.000]
[kpt   0  14   1]   -17.9070 [2.000]   -17.9070 [2.000]   -16.5549 [2.000]   -16.5549 [2.000]   -16.5549 [2.000]
[kpt   0  14   2]   -16.5549 [2.000]   -16.5549 [2.000]   -16.5549 [2.000]   -16.5231 [2.000]   -16.5231 [2.000]
[kpt   0  14   3]   -16.5231 [2.000]    -9.3354 [2.000]    -6.9268 [2.000]    -6.9267 [2.000]    -6.9267 [2.000]
[kpt   0  14   4]    -6.9267 [2.000]    -6.9267 [2.000]    -6.9267 [2.000]    -5.1549 [2.000]    -5.1549 [2.000]
[kpt   0  14   5]    -5.1549 [2.000]    -4.5245 [2.000]    -4.5245 [2.000]    -4.5245 [2.000]    -4.5245 [2.000]
[kpt   0  14   6]    -4.5245 [2.000]    -4.5244 [2.000]    -2.1189 [2.000]    -2.1189 [2.000]    -2.1189 [2.000]
[kpt   0  14   7]    -2.1189 [2.000]    -2.1189 [2.000]    -2.1189 [2.000]    -1.8763 [2.000]    -1.8763 [2.000]
[kpt   0  14   8]    -1.6843 [2.000]    -1.6843 [2.000]    -1.6843 [2.000]    -1.6843 [2.000]    -1.6843 [2.000]
[kpt   0  14   9]    -1.6843 [2.000]    -1.2239 [2.000]    -1.2239 [2.000]    -1.2239 [2.000]    -0.5668 [2.000]
[kpt   0  14  10]    -0.5668 [2.000]    -0.5668 [2.000]    -0.5668 [2.000]    -0.5668 [2.000]    -0.5668 [2.000]
[kpt   0  14  11]     0.3387 [2.000]     0.3387 [2.000]     0.3387 [2.000]     0.3387 [2.000]     0.3387 [2.000]
[kpt   0  14  12]     0.3387 [2.000]     1.1029 [2.000]     1.1029 [2.000]     1.1029 [2.000]     6.7885 [0.000]
[kpt   0  14  13]     9.7572 [0.000]     9.7572 [0.000]     9.7573 [0.000]     9.7573 [0.000]     9.7573 [0.000]
[kpt   0  14  14]     9.7573 [0.000]    10.5926 [0.000]    10.5926 [0.000]    10.5926 [0.000]    13.0409 [0.000]
[kpt   0  14  15]    13.0528 [0.000]    13.0528 [0.000]    13.0528 [0.000]    13.0528 [0.000]



Total charge in supercell =     128.00000000
 volume and energy per atom =        15.03933867       -326.79374054 eV

 Vdd took 0.000319 seconds
WriteRestart: Output file given as /dev/null, no restart data written ...



  IONIC POSITIONS [a0] AND FORCES [Ry/a0]
  Charge analysis using: Voronoi Deformation Density

@ION  Ion  Species       X           Y           Z       Charge       FX          FY         FZ      Movable
@ION    1    Si      0.0000000   0.0000000   0.0000000    0.441    0.0000001   0.0000001  -0.0000000  1 1 1
@ION    2    Si      3.3637125   3.3637125   3.3637125    0.441    0.0000000  -0.0000002   0.0000000  1 1 1
@ION    3    Si     10.0911375   3.3637125  10.0911375    0.441   -0.0000000  -0.0000001  -0.0000001  1 1 1
@ION    4    Si      3.3637125  10.0911375  10.0911375    0.441   -0.0000000  -0.0000001  -0.0000000  1 1 1
@ION    5    Si     10.0911375  10.0911375   3.3637125    0.441   -0.0000001  -0.0000001   0.0000001  1 1 1
@ION    6    Si      0.0000000   6.7274250   6.7274250    0.441    0.0000000   0.0000002   0.0000001  1 1 1
@ION    7    Si      6.7274250   0.0000000   6.7274250    0.441    0.0000000   0.0000001  -0.0000000  1 1 1
@ION    8    Si      6.7274250   6.7274250   0.0000000    0.441   -0.0000000   0.0000001  -0.0000000  1 1 1
@ION    9     O      1.6818563   1.6818563   1.6818563   -0.212   -0.0000000  -0.0000000  -0.0000000  1 1 1
@ION   10     O     11.7729938   1.6818563  11.7729938   -0.215    0.0000000  -0.0000001   0.0000000  1 1 1
@ION   11     O      1.6818563  11.7729938  11.7729938   -0.218   -0.0000001   0.0000001   0.0000001  1 1 1
@ION   12     O     11.7729938  11.7729938   1.6818563   -0.220    0.0000000  -0.0000000   0.0000000  1 1 1
@ION   13     O      1.6818563   8.4092813   8.4092813   -0.215   -0.0000000  -0.0000000  -0.0000000  1 1 1
@ION   14     O      8.4092813   1.6818563   8.4092813   -0.215    0.0000001   0.0000001   0.0000000  1 1 1
@ION   15     O      8.4092813   8.4092813   1.6818563   -0.215    0.0000000   0.0000000  -0.0000000  1 1 1
@ION   16     O     11.7729938   8.4092813   5.0455688   -0.220   -0.0000000   0.0000000  -0.0000001  1 1 1
@ION   17     O      5.0455688   1.6818563   5.0455688   -0.217   -0.0000001   0.0000000  -0.0000001  1 1 1
@ION   18     O      5.0455688   8.4092813  11.7729938   -0.220    0.0000000  -0.0000001   0.0000001  1 1 1
@ION   19     O      1.6818563   5.0455688   5.0455688   -0.224    0.0000000   0.0000000   0.0000000  1 1 1
@ION   20     O      8.4092813  11.7729938   5.0455688   -0.226    0.0000001  -0.0000001  -0.0000001  1 1 1
@ION   21     O      8.4092813   5.0455688  11.7729938   -0.224   -0.0000000   0.0000000   0.0000000  1 1 1
@ION   22     O     11.7729938   5.0455688   8.4092813   -0.229   -0.0000000   0.0000000   0.0000000  1 1 1
@ION   23     O      5.0455688  11.7729938   8.4092813   -0.229   -0.0000000  -0.0000000   0.0000000  1 1 1
@ION   24     O      5.0455688   5.0455688   1.6818563   -0.229    0.0000000   0.0000000  -0.0000000  1 1 1

 mean FX      =   0.00000004 Ry/a0
 mean FY      =   0.00000007 Ry/a0
 mean FZ      =   0.00000004 Ry/a0

 max FX       =   0.00000009 Ry/a0   (ion 11)
 max FY       =   0.00000016 Ry/a0   (ion 6)
 max FZ       =   0.00000009 Ry/a0   (ion 20)
 max F[x,y,z] =   0.00000016 Ry/a0
 max |F|      =   0.00000017 Ry/a0   (ion 6)

 sum FX       =   0.00000003 Ry/a0
 sum FY       =   0.00000001 Ry/a0
 sum FZ       =  -0.00000001 Ry/a0
 Average      =   0.00000001 Ry/a0
 sqrt < F^2 > =   0.00000006 Ry/a0

WriteRestart: Output file given as /dev/null, no restart data written ...


--------TIMING INFORMATION FOR Processor owned the most atoms----------------
                                        Total time               Per SCF/step

1-TOTAL                                             9.83                0.70
-----------------------------------------------------------------------------
  1-TOTAL: Init                                     1.41                0.10
  1-TOTAL: run                                      8.41                0.60
  ---------------------------------------------------------------------------
    1-TOTAL: run: Force                             0.80                0.06
    1-TOTAL: run: Scf steps                         7.42                0.53

2-Force                                             0.80                0.06
-----------------------------------------------------------------------------
  2-Force: core correction                          0.00                0.00
  2-Force: corrections                              0.19                0.01
  2-Force: ion-ion                                  0.12                0.01
  2-Force: local                                    0.22                0.02
  2-Force: non-local                                0.26                0.02
  2-Force: non-local-betaxpsi                       0.04                0.00
  2-Force: non-local-get gamma                      0.00                0.00
  2-Force: non-local-nlforce_par_Q                  0.03                0.00
  2-Force: non-local-nlforce_par_gamma              0.00                0.00
  2-Force: non-local-nlforce_par_omega              0.00                0.00
  2-Force: non-local-partial gamma                  0.00                0.00
  2-Force: non-local-veff grad                      0.03                0.00

2-Init                                              1.41                0.10
-----------------------------------------------------------------------------
  2-Init: GetNewRho                                 0.05                0.00
  2-Init: KpointClass                               0.40                0.03
  2-Init: LcaoGetPsi                                0.07                0.01
  2-Init: LcaoGetRho                                0.15                0.01
  2-Init: ReinitIonicPotentials                     0.21                0.02
  2-Init: betaxpsi                                  0.02                0.00
  2-Init: exchange/correlation                      0.05                0.00
  2-Init: hartree                                   0.04                0.00
  2-Init: normalization                             0.00                0.00
  2-Init: radial potentials                         0.23                0.02
  2-Init: subdiag                                   0.07                0.01
  2-Init: weights                                   0.01                0.00

2-Scf steps                                         7.42                0.53
-----------------------------------------------------------------------------
  2-Scf steps: Davidson                             3.93                0.28
  2-Scf steps: GetNewRho                            0.64                0.05
  2-Scf steps: Hartree                              0.69                0.05
  2-Scf steps: MgridSubspace                        1.17                0.08
  2-Scf steps: MixRho                               0.06                0.00
  2-Scf steps: exchange/correlation                 0.62                0.04

3-MgridSubspace                                     1.17                0.08
-----------------------------------------------------------------------------
  3-MgridSubspace: AppNls                           0.12                0.01
  3-MgridSubspace: Beta x psi                       0.14                0.01
  3-MgridSubspace: Diagonalization                  0.24                0.02
  3-MgridSubspace: Mg_eig                           0.67                0.05

3-ReinitIonicPotentials                             0.21                0.02
-----------------------------------------------------------------------------
  3-ReinitIonicPotentials: GetNlop                  0.01                0.00
  3-ReinitIonicPotentials: GetWeight                0.12                0.01
  3-ReinitIonicPotentials: get_QI                   0.00                0.00
  3-ReinitIonicPotentials: get_qqq                  0.00                0.00
  3-ReinitIonicPotentials: init_nuc                 0.08                0.01

4-Diagonalization                                   0.31                0.02
-----------------------------------------------------------------------------
  4-Diagonalization: ELPA/PDSYGVX/PZHEGVX           0.02                0.00
  4-Diagonalization: Hpsi                           0.18                0.01
  4-Diagonalization: MPI_Bcast                      0.00                0.00
  4-Diagonalization: Update orbitals                0.07                0.01
  ---------------------------------------------------------------------------
    4-Diagonalization: Update orbitals: gather           0.00                0.00
    4-Diagonalization: Update orbitals: gemm           0.05                0.00
  4-Diagonalization: matrix                         0.05                0.00
  ---------------------------------------------------------------------------
    4-Diagonalization: matrix: Allreduce            0.00                0.00
    4-Diagonalization: matrix: Gemm                 0.04                0.00

5-Functional                                        0.66                0.05
-----------------------------------------------------------------------------
  5-Functional: apply gradient                      0.08                0.01
  5-Functional: apply laplacian                     0.02                0.00
  5-Functional: libxc                               0.23                0.02
  5-Functional: vxc                                 0.66                0.05
  5-Functional: vxc grad                            0.37                0.03
  5-Functional: vxc local                           0.07                0.01
  5-Functional: vxc nonlocal                        0.00                0.00

6-Davidson                                          3.93                0.28
-----------------------------------------------------------------------------
  6-Davidson: Betaxpsi                              0.49                0.03
  6-Davidson: apply hamiltonian                     0.99                0.07
  6-Davidson: diagonalization                       0.27                0.02
  6-Davidson: generate residuals                    0.40                0.03
  6-Davidson: matrix setup/reduce                   0.56                0.04
  6-Davidson: normalization                         0.05                0.00
  6-Davidson: precondition                          0.92                0.07
  6-Davidson: rotate orbitals                       0.19                0.01

AppNls                                              0.66                0.05
-----------------------------------------------------------------------------
  AppNls: data_rearrange                            0.01                0.00
  ---------------------------------------------------------------------------
    AppNls: data_rearrange: alloc and zeros           0.00                0.00
    AppNls: data_rearrange: dnm                     0.00                0.00
    AppNls: data_rearrange: sint                    0.00                0.00
  AppNls: nv                                        0.58                0.04
  AppNls: nv_work                                   0.00                0.00

App_gradient                                        0.07                0.01

CPUFD                                               0.00                0.00

Compute Hpsi                                        0.18                0.01
-----------------------------------------------------------------------------
  Compute Hpsi: AppNls                              0.08                0.01
  Compute Hpsi: Threaded Apply H                    0.10                0.01

GlobalSums                                          0.16                0.01

Init                                                1.02                0.07

Init Voronoi                                        0.16                0.01

Mix rho                                             0.06                0.00
-----------------------------------------------------------------------------
  Mix rho: Broyden                                  0.05                0.00
  Mix rho: Linear                                   0.00                0.00

Orbital                                             0.00                0.00
-----------------------------------------------------------------------------
  Orbital: phase and set                            0.00                0.00
  Orbital: proj cal                                 0.00                0.00
  Trade images: trade_images                        0.00                0.00
  Trade images: trade_imagesx                       0.08                0.01

VhPfft                                              0.36                0.03

Weight                                              0.01                0.00

radial beta                                         0.18                0.01


------------------------- TIMING INFORMATION FOR THREADS  -------------------

                                           Min            Max            Avg
CPUFD                                      0.25           0.25           0.25
-----------------------------------------------------------------------------

GlobalSums                                 0.10           0.10           0.10
-----------------------------------------------------------------------------

Mg_eig                                     0.66           0.66           0.66
-----------------------------------------------------------------------------
  Mg_eig: apply hamiltonian                0.34           0.34           0.34
  Mg_eig: mgrid_solv                       0.15           0.15           0.15
  Trade images: trade_images               0.68           0.68           0.68
  Trade images: trade_imagesx              0.84           0.84           0.84
