RMG initialization ... 1 image(s) total, 1 per node. 32 MPI processes/image. Thread level 2.
FFT-FD  0.000000e+00   7.854769e-01   7.854730e-01   3.888697e-06
FFT-FD  1.000000e+00   7.854769e-01   7.854730e-01   3.888697e-06
IP=0 M = 0.000000e+00  -inf  3.888697e-06
FFT-FD  0.000000e+00   2.257197e+00   2.257182e+00   1.517367e-05
FFT-FD  1.000000e+00   2.257197e+00   2.257182e+00   1.517367e-05
IP=1 M = 0.000000e+00  -inf  1.517367e-05
FFT-FD  0.000000e+00   2.257197e+00   2.257182e+00   1.517367e-05
FFT-FD  1.000000e+00   2.257197e+00   2.257182e+00   1.517367e-05
IP=2 M = 0.000000e+00  -inf  1.517367e-05
FFT-FD  0.000000e+00   2.257197e+00   2.257182e+00   1.517367e-05
FFT-FD  1.000000e+00   2.257197e+00   2.257182e+00   1.517367e-05
IP=3 M = 0.000000e+00  -inf  1.517367e-05
FFT-FD  0.000000e+00   2.678435e-01   2.678434e-01   3.109434e-09
FFT-FD  1.000000e+00   2.678435e-01   2.678434e-01   3.109434e-09
IP=0 M = 0.000000e+00  -inf  3.109434e-09
FFT-FD  0.000000e+00   3.882435e-01   3.882435e-01   4.569128e-11
FFT-FD  1.000000e+00   3.882435e-01   3.882435e-01   4.569128e-11
IP=1 M = 0.000000e+00  -inf  4.569128e-11
FFT-FD  0.000000e+00   3.882435e-01   3.882435e-01   4.569201e-11
FFT-FD  1.000000e+00   3.882435e-01   3.882435e-01   4.569201e-11
IP=2 M = 0.000000e+00  -inf  4.569201e-11
FFT-FD  0.000000e+00   3.882435e-01   3.882435e-01   4.568945e-11
FFT-FD  1.000000e+00   3.882435e-01   3.882435e-01   4.568945e-11
IP=3 M = 0.000000e+00  -inf  4.568945e-11
NEWCFAC = 0.000000  0.000000


                     * * * * * * * * * *
                     *    R   M   G    *
                     * * * * * * * * * *

     -- A Real Space Multigrid Electronic structure code --
     --      More information at www.rmgdft.org          --

Code Revision:     v5.1.0_53_g887bfc3b
Build Date:        May 15 2023  14:30:00
Start time:        Wed May 17 14:06:39 2023

NOTICE: RMG internal pseudopotentials have switched to
ONCVP from Ultrasoft. You can revert to Ultrasoft by
adding the input tag internal_pseudo_type="ultrasoft" to
your input files.


Files
   Control input file:        input6
   Data output file:          /dev/null

Run Setup
    Calculation type:         Quench electrons - Fixed ions SCF calculation
    Description:              SiO2
    Orbital Initialization:   LCAO (96 LCAO and 0 random orbitals)
    Exchange Correlation:     pbe
    Spin Polarization:        OFF
    System charge:            Neutral

Processor Topology
   Total PEs:                 32
   X direction:               4
   Y direction:               4
   Z direction:               2
   MG Threads/PE:             1
   OMP Threads/PE:            1

Grid Points  (Linear Anisotropy: 1.000)
    X:  Total: 60   Per PE: 15   Spacing:0.224 a0  
    Y:  Total: 60   Per PE: 15   Spacing:0.224 a0  
    Z:  Total: 60   Per PE: 30   Spacing:0.224 a0  

    Equivalent energy cutoffs (psi,rho):   196.266    785.063 Ry

    Charge density grid:         2 times finer

Coordinate planes
  Planar Anisotropy: 1.000
  A0-A1 density:    19.886
  A0-A2 density:    19.886
  A1-A2 density:    19.886


Lattice (Cell) Setup
    Type:                       Orthorhombic_primitive
    Volume (a0^3):               2435.77
    Boundary conditions:        Periodic

    X Basis Vector:      13.455       0.000       0.000 a0
    Y Basis Vector:       0.000      13.455       0.000 a0
    Z Basis Vector:       0.000       0.000      13.455 a0
    X Reci Vector:       0.074      -0.000       0.000 a0
    Y Reci Vector:       0.000       0.074       0.000 a0
    Z Reci Vector:       0.000      -0.000       0.074 a0

K-points
    Gamma Point Only (real orbitals)

Atoms and States
    Number of ions:                          24
    Number of species:                       2
    Number of states:                        79

Run Parameters
    SCF Convergence criterion (potential):   1.00e-10
    SCF Convergence criterion (energy):      1.00e-10
    Max SCF steps:                           30

SCF Cycle Settings
    Charge density mixing:                   Broyden
    Hartree Solver:                          PFFT
    Interpolation type:                      FFT

Finite Difference parameters
    Kohn Sham FD Order:                      12  
    Force Gradient Order:                    FFT
    Adaptive Finite Differencing:            Off

Subspace Diagonalization Options
    Frequency:                               every 1 SCF step(s)
    Driver:                                  ScaLapack
    Initial diagonalization:                 ON
    Folded spectrum:                         OFF

Filtering Cutoff  Parameters
    Wavefunction grid (cparm):               0.800
    Charge density grid (rhocparm):          1.000
    Filter factor:                           1.000

Multigrid (MG) Parameters
    Psi MG levels:                           3
    Psi global step:                         0.660 
    Psi pre:                                 2
    Psi post:                                2

Davidson Parameters
    Davidson multiplier:                     4
    Davidson max step:                       8
    Davidson unocc tol factor:               1000.000

Blas Libraries
    CPU support with openblas-parallel.


Atomic Species Information
(PP = Pseudopotential, US = Ultrasoft, NC = Norm Conserving)
-------------------------------------------------------------------------
|Index|Symbol| Mass|Valence| PP |  Comp  |Local| Local|Nlocal|    PP    |
|     |      |     |       |Type|Gaussian|  l  |Radius|Radius|Functional|
-------------------------------------------------------------------------
|    1|     O| 15.0|   6.00|  NC|    0.50|   -1| 10.00|  7.00|       PBE|
|    2|    Si| 28.0|   4.00|  NC|    0.50|   -1| 10.00|  7.00|       PBE|
-------------------------------------------------------------------------

Pseudopotential generation information:
   O pseudopotential file: ./@Internal
      Generation info     : Generated using ONCVPSP code by D. R. Hamann
      Author info         : anonymous
  Si pseudopotential file: ./@Internal
      Generation info     : Generated using ONCVPSP code by D. R. Hamann
      Author info         : anonymous


Memory usage (Mbytes):     Min        Max       Total
    wave functions         17.07      17.07     546.08
    beta-functions         10.37      10.37     331.81



Initial Ionic Positions And Displacements (Bohr)
Species      X           Y           Z           dX          dY          dZ
  Si       0.0000      0.0000      0.0000      0.0000      0.0000      0.0000
  Si       3.3637      3.3637      3.3637      0.0000      0.0000      0.0000
  Si      10.0911      3.3637     10.0911      0.0000      0.0000      0.0000
  Si       3.3637     10.0911     10.0911      0.0000      0.0000      0.0000
  Si      10.0911     10.0911      3.3637      0.0000      0.0000      0.0000
  Si       0.0000      6.7274      6.7274      0.0000      0.0000      0.0000
  Si       6.7274      0.0000      6.7274      0.0000      0.0000      0.0000
  Si       6.7274      6.7274      0.0000      0.0000      0.0000      0.0000
  O        1.6819      1.6819      1.6819      0.0000      0.0000      0.0000
  O       11.7730      1.6819     11.7730      0.0000      0.0000      0.0000
  O        1.6819     11.7730     11.7730      0.0000      0.0000      0.0000
  O       11.7730     11.7730      1.6819      0.0000      0.0000      0.0000
  O        1.6819      8.4093      8.4093      0.0000      0.0000      0.0000
  O        8.4093      1.6819      8.4093      0.0000      0.0000      0.0000
  O        8.4093      8.4093      1.6819      0.0000      0.0000      0.0000
  O       11.7730      8.4093      5.0456      0.0000      0.0000      0.0000
  O        5.0456      1.6819      5.0456      0.0000      0.0000      0.0000
  O        5.0456      8.4093     11.7730      0.0000      0.0000      0.0000
  O        1.6819      5.0456      5.0456      0.0000      0.0000      0.0000
  O        8.4093     11.7730      5.0456      0.0000      0.0000      0.0000
  O        8.4093      5.0456     11.7730      0.0000      0.0000      0.0000
  O       11.7730      5.0456      8.4093      0.0000      0.0000      0.0000
  O        5.0456     11.7730      8.4093      0.0000      0.0000      0.0000
  O        5.0456      5.0456      1.6819      0.0000      0.0000      0.0000


Initial Ionic Positions And Displacements (Angstrom)
Species      X           Y           Z           dX          dY          dZ
  Si       0.0000      0.0000      0.0000      0.0000      0.0000      0.0000
  Si       1.7800      1.7800      1.7800      0.0000      0.0000      0.0000
  Si       5.3400      1.7800      5.3400      0.0000      0.0000      0.0000
  Si       1.7800      5.3400      5.3400      0.0000      0.0000      0.0000
  Si       5.3400      5.3400      1.7800      0.0000      0.0000      0.0000
  Si       0.0000      3.5600      3.5600      0.0000      0.0000      0.0000
  Si       3.5600      0.0000      3.5600      0.0000      0.0000      0.0000
  Si       3.5600      3.5600      0.0000      0.0000      0.0000      0.0000
  O        0.8900      0.8900      0.8900      0.0000      0.0000      0.0000
  O        6.2300      0.8900      6.2300      0.0000      0.0000      0.0000
  O        0.8900      6.2300      6.2300      0.0000      0.0000      0.0000
  O        6.2300      6.2300      0.8900      0.0000      0.0000      0.0000
  O        0.8900      4.4500      4.4500      0.0000      0.0000      0.0000
  O        4.4500      0.8900      4.4500      0.0000      0.0000      0.0000
  O        4.4500      4.4500      0.8900      0.0000      0.0000      0.0000
  O        6.2300      4.4500      2.6700      0.0000      0.0000      0.0000
  O        2.6700      0.8900      2.6700      0.0000      0.0000      0.0000
  O        2.6700      4.4500      6.2300      0.0000      0.0000      0.0000
  O        0.8900      2.6700      2.6700      0.0000      0.0000      0.0000
  O        4.4500      6.2300      2.6700      0.0000      0.0000      0.0000
  O        4.4500      2.6700      6.2300      0.0000      0.0000      0.0000
  O        6.2300      2.6700      4.4500      0.0000      0.0000      0.0000
  O        2.6700      6.2300      4.4500      0.0000      0.0000      0.0000
  O        2.6700      2.6700      0.8900      0.0000      0.0000      0.0000

Diagonalization using scalapack for step=0  count=0



KOHN SHAM EIGENVALUES [eV] AT K-POINT [  0]:       0.000000      0.000000      0.000000

[kpt   0  -1   0]   -22.2078 [2.000]   -21.3862 [2.000]   -21.3862 [2.000]   -21.3862 [2.000]   -21.3862 [2.000]
[kpt   0  -1   1]   -21.3862 [2.000]   -21.3862 [2.000]   -20.2921 [2.000]   -20.2921 [2.000]   -20.2921 [2.000]
[kpt   0  -1   2]   -20.2722 [2.000]   -20.2722 [2.000]   -20.2722 [2.000]   -20.2722 [2.000]   -20.2722 [2.000]
[kpt   0  -1   3]   -20.2722 [2.000]   -11.9736 [2.000]    -9.8964 [2.000]    -9.8964 [2.000]    -9.8964 [2.000]
[kpt   0  -1   4]    -9.8964 [2.000]    -9.8964 [2.000]    -9.8964 [2.000]    -8.2246 [2.000]    -8.2246 [2.000]
[kpt   0  -1   5]    -8.2246 [2.000]    -7.9101 [2.000]    -7.9101 [2.000]    -7.9101 [2.000]    -7.9101 [2.000]
[kpt   0  -1   6]    -7.9101 [2.000]    -7.9101 [2.000]    -5.0348 [2.000]    -5.0348 [2.000]    -5.0348 [2.000]
[kpt   0  -1   7]    -5.0348 [2.000]    -5.0348 [2.000]    -5.0348 [2.000]    -4.9399 [2.000]    -4.9399 [2.000]
[kpt   0  -1   8]    -4.7495 [2.000]    -4.7495 [2.000]    -4.7495 [2.000]    -4.7495 [2.000]    -4.7495 [2.000]
[kpt   0  -1   9]    -4.7495 [2.000]    -4.5190 [2.000]    -4.5190 [2.000]    -4.5190 [2.000]    -3.9890 [2.000]
[kpt   0  -1  10]    -3.9890 [2.000]    -3.9890 [2.000]    -3.9890 [2.000]    -3.9890 [2.000]    -3.9890 [2.000]
[kpt   0  -1  11]    -3.4083 [2.000]    -3.4083 [2.000]    -3.4083 [2.000]    -3.4083 [2.000]    -3.4083 [2.000]
[kpt   0  -1  12]    -3.4083 [2.000]    -2.9360 [2.000]    -2.9360 [2.000]    -2.9360 [2.000]     7.6046 [0.000]
[kpt   0  -1  13]    10.2752 [0.000]    10.2752 [0.000]    10.2752 [0.000]    10.2752 [0.000]    10.2752 [0.000]
[kpt   0  -1  14]    10.2752 [0.000]    12.4080 [0.000]    12.4080 [0.000]    12.4080 [0.000]    13.3736 [0.000]
[kpt   0  -1  15]    13.3736 [0.000]    13.3736 [0.000]    13.3736 [0.000]    13.3736 [0.000]    13.3736 [0.000]
[kpt   0  -1  16]    15.0430 [0.000]    15.0430 [0.000]    15.0430 [0.000]    15.0430 [0.000]    15.0430 [0.000]
[kpt   0  -1  17]    15.0430 [0.000]    15.3628 [0.000]    15.3628 [0.000]    15.3628 [0.000]    15.3628 [0.000]
[kpt   0  -1  18]    15.3628 [0.000]    15.3628 [0.000]    16.6472 [0.000]    16.6472 [0.000]    16.6472 [0.000]
[kpt   0  -1  19]    17.2082 [0.000]


Charge normalization constant -1.0: -3.330669e-15
Charge density mixing: Linear with a constant of 0.50 

Diagonalization using scalapack for step=0  count=1


FERMI ENERGY =     -0.16256500 eV
@@ EIGENVALUE SUM     =      -66.480875 Ry
@@ ION_ION            =     -272.916107 Ry
@@ ELECTROSTATIC      =     -284.893916 Ry
@@ VXC                =     -179.079328 Ry
@@ EXC                =     -137.842835 Ry
@@ TOTAL ENERGY       =     -583.054405 Ry
@@ estimated error    =   ****************
Charge normalization constant -1.0: 2.220446e-16
Charge density mixing: Linear with a constant of 0.50 
WriteRestart: Output file given as /dev/null, no restart data written ...


KOHN SHAM EIGENVALUES [eV] AT K-POINT [  0]:       0.000000      0.000000      0.000000

[kpt   0   0   0]   -19.7326 [2.000]   -18.7708 [2.000]   -18.7676 [2.000]   -18.7641 [2.000]   -18.7618 [2.000]
[kpt   0   0   1]   -18.7590 [2.000]   -18.7569 [2.000]   -17.4783 [2.000]   -17.4682 [2.000]   -17.4667 [2.000]
[kpt   0   0   2]   -17.4640 [2.000]   -17.4620 [2.000]   -17.4603 [2.000]   -17.4574 [2.000]   -17.4540 [2.000]
[kpt   0   0   3]   -17.4530 [2.000]    -9.6818 [2.000]    -7.4719 [2.000]    -7.4676 [2.000]    -7.4638 [2.000]
[kpt   0   0   4]    -7.4589 [2.000]    -7.4569 [2.000]    -7.4531 [2.000]    -5.9004 [2.000]    -5.8861 [2.000]
[kpt   0   0   5]    -5.8840 [2.000]    -5.2273 [2.000]    -5.2257 [2.000]    -5.2192 [2.000]    -5.2169 [2.000]
[kpt   0   0   6]    -5.2154 [2.000]    -5.2143 [2.000]    -2.9493 [2.000]    -2.9491 [2.000]    -2.9480 [2.000]
[kpt   0   0   7]    -2.9466 [2.000]    -2.9451 [2.000]    -2.9433 [2.000]    -2.7497 [2.000]    -2.7438 [2.000]
[kpt   0   0   8]    -2.6242 [2.000]    -2.6234 [2.000]    -2.6227 [2.000]    -2.6197 [2.000]    -2.6190 [2.000]
[kpt   0   0   9]    -2.5877 [2.000]    -2.0409 [2.000]    -2.0404 [2.000]    -2.0366 [2.000]    -1.5551 [2.000]
[kpt   0   0  10]    -1.5514 [2.000]    -1.5511 [2.000]    -1.5507 [2.000]    -1.5494 [2.000]    -1.5442 [2.000]
[kpt   0   0  11]    -0.7621 [2.000]    -0.7607 [2.000]    -0.7599 [2.000]    -0.7589 [2.000]    -0.7575 [2.000]
[kpt   0   0  12]    -0.7565 [2.000]    -0.1657 [2.000]    -0.1636 [2.000]    -0.1626 [2.000]     8.3404 [0.000]
[kpt   0   0  13]    10.9142 [0.000]    10.9158 [0.000]    10.9206 [0.000]    10.9229 [0.000]    10.9257 [0.000]
[kpt   0   0  14]    10.9269 [0.000]    12.1424 [0.000]    12.1630 [0.000]    12.1638 [0.000]    13.9414 [0.000]
[kpt   0   0  15]    13.9443 [0.000]    13.9460 [0.000]    13.9539 [0.000]    13.9556 [0.000]



Total charge in supercell =     128.00000000
 quench: [md:   0/100  scf:   0/30  step time:   0.41  scf time:     0.54 secs  RMS[dV]: 5.25e-02 ]


average potential <V> = 5.56e-16

Diagonalization using scalapack for step=1  count=2


FERMI ENERGY =      1.34690574 eV
@@ EIGENVALUE SUM     =      -55.353637 Ry
@@ ION_ION            =     -272.916107 Ry
@@ ELECTROSTATIC      =     -297.399828 Ry
@@ VXC                =     -182.406059 Ry
@@ EXC                =     -140.427688 Ry
@@ TOTAL ENERGY       =     -583.691201 Ry
@@ estimated error    =        6.95e-01 Ry
Charge normalization constant -1.0: 2.220446e-16
Charge density mixing: Linear with a constant of 0.50 


KOHN SHAM EIGENVALUES [eV] AT K-POINT [  0]:       0.000000      0.000000      0.000000

[kpt   0   1   0]   -18.5358 [2.000]   -17.5055 [2.000]   -17.4968 [2.000]   -17.4913 [2.000]   -17.4893 [2.000]
[kpt   0   1   1]   -17.4861 [2.000]   -17.4841 [2.000]   -16.0159 [2.000]   -16.0106 [2.000]   -16.0099 [2.000]
[kpt   0   1   2]   -16.0064 [2.000]   -16.0034 [2.000]   -16.0016 [2.000]   -15.9902 [2.000]   -15.9821 [2.000]
[kpt   0   1   3]   -15.9764 [2.000]    -9.3434 [2.000]    -6.8211 [2.000]    -6.8164 [2.000]    -6.8133 [2.000]
[kpt   0   1   4]    -6.8106 [2.000]    -6.8071 [2.000]    -6.8033 [2.000]    -5.0127 [2.000]    -5.0116 [2.000]
[kpt   0   1   5]    -5.0104 [2.000]    -4.3714 [2.000]    -4.3694 [2.000]    -4.3626 [2.000]    -4.3605 [2.000]
[kpt   0   1   6]    -4.3541 [2.000]    -4.3514 [2.000]    -1.7438 [2.000]    -1.7409 [2.000]    -1.7338 [2.000]
[kpt   0   1   7]    -1.7303 [2.000]    -1.7232 [2.000]    -1.7229 [2.000]    -1.4692 [2.000]    -1.4636 [2.000]
[kpt   0   1   8]    -1.4051 [2.000]    -1.3991 [2.000]    -1.3955 [2.000]    -1.3933 [2.000]    -1.3824 [2.000]
[kpt   0   1   9]    -1.3644 [2.000]    -0.8518 [2.000]    -0.8456 [2.000]    -0.8452 [2.000]    -0.2240 [2.000]
[kpt   0   1  10]    -0.2233 [2.000]    -0.2203 [2.000]    -0.2122 [2.000]    -0.2059 [2.000]    -0.1992 [2.000]
[kpt   0   1  11]     0.6258 [2.000]     0.6311 [2.000]     0.6335 [2.000]     0.6345 [2.000]     0.6406 [2.000]
[kpt   0   1  12]     0.6429 [2.000]     1.3408 [2.000]     1.3419 [2.000]     1.3469 [2.000]     8.8573 [0.000]
[kpt   0   1  13]    11.3362 [0.000]    11.3467 [0.000]    11.3524 [0.000]    11.3553 [0.000]    11.3640 [0.000]
[kpt   0   1  14]    11.3663 [0.000]    11.8415 [0.000]    11.8657 [0.000]    11.8660 [0.000]    14.2301 [0.000]
[kpt   0   1  15]    14.2318 [0.000]    14.2341 [0.000]    14.2456 [0.000]    48.2623 [0.000]



Total charge in supercell =     128.00000000
 quench: [md:   0/100  scf:   1/30  step time:   0.36  scf time:     0.90 secs  RMS[dV]: 3.04e-02 ]


average potential <V> = 4.88e-16

Diagonalization using scalapack for step=2  count=3


FERMI ENERGY =      1.76408446 eV
@@ EIGENVALUE SUM     =      -53.087285 Ry
@@ ION_ION            =     -272.916107 Ry
@@ ELECTROSTATIC      =     -297.145627 Ry
@@ VXC                =     -182.073416 Ry
@@ EXC                =     -140.166688 Ry
@@ TOTAL ENERGY       =     -581.242290 Ry
@@ estimated error    =        1.64e-01 Ry
Charge normalization constant -1.0: 6.661338e-16
Charge density mixing: Linear with a constant of 0.50 


KOHN SHAM EIGENVALUES [eV] AT K-POINT [  0]:       0.000000      0.000000      0.000000

[kpt   0   2   0]   -18.3395 [2.000]   -17.3081 [2.000]   -17.2977 [2.000]   -17.2933 [2.000]   -17.2829 [2.000]
[kpt   0   2   1]   -17.2790 [2.000]   -17.2703 [2.000]   -15.8035 [2.000]   -15.8009 [2.000]   -15.7942 [2.000]
[kpt   0   2   2]   -15.7916 [2.000]   -15.7865 [2.000]   -15.7771 [2.000]   -15.7630 [2.000]   -15.7488 [2.000]
[kpt   0   2   3]   -15.7399 [2.000]    -9.2010 [2.000]    -6.6531 [2.000]    -6.6489 [2.000]    -6.6478 [2.000]
[kpt   0   2   4]    -6.6408 [2.000]    -6.6384 [2.000]    -6.6359 [2.000]    -4.8279 [2.000]    -4.8225 [2.000]
[kpt   0   2   5]    -4.8207 [2.000]    -4.1848 [2.000]    -4.1822 [2.000]    -4.1774 [2.000]    -4.1741 [2.000]
[kpt   0   2   6]    -4.1680 [2.000]    -4.1656 [2.000]    -1.5219 [2.000]    -1.5172 [2.000]    -1.5159 [2.000]
[kpt   0   2   7]    -1.5131 [2.000]    -1.5107 [2.000]    -1.5093 [2.000]    -1.2411 [2.000]    -1.2377 [2.000]
[kpt   0   2   8]    -1.1364 [2.000]    -1.1305 [2.000]    -1.1244 [2.000]    -1.1242 [2.000]    -1.1224 [2.000]
[kpt   0   2   9]    -1.1147 [2.000]    -0.6207 [2.000]    -0.6118 [2.000]    -0.6070 [2.000]     0.0665 [2.000]
[kpt   0   2  10]     0.0738 [2.000]     0.0754 [2.000]     0.0863 [2.000]     0.0895 [2.000]     0.0998 [2.000]
[kpt   0   2  11]     0.9712 [2.000]     0.9789 [2.000]     0.9820 [2.000]     0.9878 [2.000]     0.9921 [2.000]
[kpt   0   2  12]     0.9949 [2.000]     1.7579 [2.000]     1.7592 [2.000]     1.7641 [2.000]     8.7405 [0.000]
[kpt   0   2  13]    11.2904 [0.000]    11.3037 [0.000]    11.3073 [0.000]    11.3097 [0.000]    11.3199 [0.000]
[kpt   0   2  14]    11.3211 [0.000]    11.5306 [0.000]    11.5515 [0.000]    11.5541 [0.000]    14.1609 [0.000]
[kpt   0   2  15]    14.1628 [0.000]    14.1640 [0.000]    14.1744 [0.000]    47.5777 [0.000]



Total charge in supercell =     128.00000000
 quench: [md:   0/100  scf:   2/30  step time:   0.36  scf time:     1.26 secs  RMS[dV]: 1.41e-02 ]


average potential <V> = -1.35e-15

Diagonalization using scalapack for step=3  count=4


FERMI ENERGY =      1.66709000 eV
@@ EIGENVALUE SUM     =      -54.262688 Ry
@@ ION_ION            =     -272.916107 Ry
@@ ELECTROSTATIC      =     -293.339191 Ry
@@ VXC                =     -180.787407 Ry
@@ EXC                =     -139.164368 Ry
@@ TOTAL ENERGY       =     -578.894946 Ry
@@ estimated error    =        2.80e-01 Ry
Charge normalization constant -1.0: 2.664535e-15
Charge density mixing: Linear with a constant of 0.50 


KOHN SHAM EIGENVALUES [eV] AT K-POINT [  0]:       0.000000      0.000000      0.000000

[kpt   0   3   0]   -18.4767 [2.000]   -17.4679 [2.000]   -17.4522 [2.000]   -17.4518 [2.000]   -17.4414 [2.000]
[kpt   0   3   1]   -17.4325 [2.000]   -17.4197 [2.000]   -16.0064 [2.000]   -16.0003 [2.000]   -15.9900 [2.000]
[kpt   0   3   2]   -15.9842 [2.000]   -15.9803 [2.000]   -15.9634 [2.000]   -15.9614 [2.000]   -15.9411 [2.000]
[kpt   0   3   3]   -15.9251 [2.000]    -9.2252 [2.000]    -6.7181 [2.000]    -6.7145 [2.000]    -6.7094 [2.000]
[kpt   0   3   4]    -6.7026 [2.000]    -6.7021 [2.000]    -6.6945 [2.000]    -4.9013 [2.000]    -4.8946 [2.000]
[kpt   0   3   5]    -4.8876 [2.000]    -4.2657 [2.000]    -4.2594 [2.000]    -4.2562 [2.000]    -4.2498 [2.000]
[kpt   0   3   6]    -4.2491 [2.000]    -4.2380 [2.000]    -1.6678 [2.000]    -1.6617 [2.000]    -1.6594 [2.000]
[kpt   0   3   7]    -1.6559 [2.000]    -1.6495 [2.000]    -1.6434 [2.000]    -1.3933 [2.000]    -1.3917 [2.000]
[kpt   0   3   8]    -1.2443 [2.000]    -1.2414 [2.000]    -1.2376 [2.000]    -1.2343 [2.000]    -1.2317 [2.000]
[kpt   0   3   9]    -1.2282 [2.000]    -0.7578 [2.000]    -0.7547 [2.000]    -0.7542 [2.000]    -0.0665 [2.000]
[kpt   0   3  10]    -0.0648 [2.000]    -0.0606 [2.000]    -0.0508 [2.000]    -0.0468 [2.000]    -0.0444 [2.000]
[kpt   0   3  11]     0.8515 [2.000]     0.8576 [2.000]     0.8594 [2.000]     0.8673 [2.000]     0.8706 [2.000]
[kpt   0   3  12]     0.8783 [2.000]     1.6528 [2.000]     1.6584 [2.000]     1.6671 [2.000]     8.4946 [0.000]
[kpt   0   3  13]    11.1084 [0.000]    11.1215 [0.000]    11.1252 [0.000]    11.1271 [0.000]    11.1394 [0.000]
[kpt   0   3  14]    11.1407 [0.000]    11.3213 [0.000]    11.3405 [0.000]    11.3436 [0.000]    13.9571 [0.000]
[kpt   0   3  15]    13.9589 [0.000]    13.9606 [0.000]    13.9678 [0.000]    46.8429 [0.000]



Total charge in supercell =     128.00000000
 quench: [md:   0/100  scf:   3/30  step time:   0.36  scf time:     1.62 secs  RMS[dV]: 1.40e-02 ]


average potential <V> = -8.25e-16
Davidson converged in 3 steps

FERMI ENERGY =      1.66172079 eV
@@ EIGENVALUE SUM     =      -55.197447 Ry
@@ ION_ION            =     -272.916107 Ry
@@ ELECTROSTATIC      =     -289.823196 Ry
@@ VXC                =     -179.648057 Ry
@@ EXC                =     -138.276451 Ry
@@ TOTAL ENERGY       =     -576.565143 Ry
@@ estimated error    =        1.87e-01 Ry
Charge normalization constant -1.0: 1.554312e-15
Charge density mixing: Broyden


KOHN SHAM EIGENVALUES [eV] AT K-POINT [  0]:       0.000000      0.000000      0.000000

[kpt   0   4   0]   -18.5965 [2.000]   -17.6139 [2.000]   -17.5940 [2.000]   -17.5869 [2.000]   -17.5736 [2.000]
[kpt   0   4   1]   -17.5608 [2.000]   -17.5415 [2.000]   -16.1857 [2.000]   -16.1742 [2.000]   -16.1649 [2.000]
[kpt   0   4   2]   -16.1514 [2.000]   -16.1355 [2.000]   -16.1287 [2.000]   -16.1227 [2.000]   -16.1024 [2.000]
[kpt   0   4   3]   -16.0616 [2.000]    -9.3093 [2.000]    -6.8310 [2.000]    -6.8147 [2.000]    -6.8124 [2.000]
[kpt   0   4   4]    -6.7972 [2.000]    -6.7919 [2.000]    -6.7757 [2.000]    -4.9919 [2.000]    -4.9711 [2.000]
[kpt   0   4   5]    -4.9575 [2.000]    -4.3631 [2.000]    -4.3475 [2.000]    -4.3440 [2.000]    -4.3241 [2.000]
[kpt   0   4   6]    -4.3150 [2.000]    -4.3000 [2.000]    -1.8004 [2.000]    -1.7861 [2.000]    -1.7822 [2.000]
[kpt   0   4   7]    -1.7704 [2.000]    -1.7665 [2.000]    -1.7517 [2.000]    -1.4996 [2.000]    -1.4983 [2.000]
[kpt   0   4   8]    -1.3575 [2.000]    -1.3399 [2.000]    -1.3381 [2.000]    -1.3265 [2.000]    -1.3188 [2.000]
[kpt   0   4   9]    -1.3041 [2.000]    -0.8484 [2.000]    -0.8467 [2.000]    -0.8462 [2.000]    -0.1630 [2.000]
[kpt   0   4  10]    -0.1443 [2.000]    -0.1392 [2.000]    -0.1261 [2.000]    -0.1176 [2.000]    -0.0987 [2.000]
[kpt   0   4  11]     0.7818 [2.000]     0.8008 [2.000]     0.8066 [2.000]     0.8208 [2.000]     0.8262 [2.000]
[kpt   0   4  12]     0.8447 [2.000]     1.6268 [2.000]     1.6419 [2.000]     1.6617 [2.000]     7.3344 [0.000]
[kpt   0   4  13]    10.1032 [0.000]    10.1089 [0.000]    10.1150 [0.000]    10.1192 [0.000]    10.1366 [0.000]
[kpt   0   4  14]    10.1396 [0.000]    10.6263 [0.000]    10.6478 [0.000]    10.6487 [0.000]    13.3451 [0.000]
[kpt   0   4  15]    13.3520 [0.000]    13.3559 [0.000]    13.3621 [0.000]    13.3677 [0.000]



Total charge in supercell =     128.00000000
 quench: [md:   0/100  scf:   4/30  step time:   0.44  scf time:     2.06 secs  RMS[dV]: 1.10e-02 ]


average potential <V> = 8.84e-17
Davidson converged in 2 steps

FERMI ENERGY =      0.88053727 eV
@@ EIGENVALUE SUM     =      -60.495324 Ry
@@ ION_ION            =     -272.916107 Ry
@@ ELECTROSTATIC      =     -284.031498 Ry
@@ VXC                =     -177.894408 Ry
@@ EXC                =     -136.910624 Ry
@@ TOTAL ENERGY       =     -576.459145 Ry
@@ estimated error    =        3.30e-01 Ry
Charge normalization constant -1.0: 2.220446e-15
Charge density mixing: Broyden


KOHN SHAM EIGENVALUES [eV] AT K-POINT [  0]:       0.000000      0.000000      0.000000

[kpt   0   5   0]   -19.1216 [2.000]   -18.1610 [2.000]   -18.1524 [2.000]   -18.1495 [2.000]   -18.1391 [2.000]
[kpt   0   5   1]   -18.1347 [2.000]   -18.1263 [2.000]   -16.8255 [2.000]   -16.8135 [2.000]   -16.8092 [2.000]
[kpt   0   5   2]   -16.7982 [2.000]   -16.7941 [2.000]   -16.7863 [2.000]   -16.7762 [2.000]   -16.7709 [2.000]
[kpt   0   5   3]   -16.7545 [2.000]    -9.5661 [2.000]    -7.1846 [2.000]    -7.1790 [2.000]    -7.1763 [2.000]
[kpt   0   5   4]    -7.1661 [2.000]    -7.1643 [2.000]    -7.1573 [2.000]    -5.3985 [2.000]    -5.3906 [2.000]
[kpt   0   5   5]    -5.3813 [2.000]    -4.7997 [2.000]    -4.7925 [2.000]    -4.7887 [2.000]    -4.7779 [2.000]
[kpt   0   5   6]    -4.7742 [2.000]    -4.7695 [2.000]    -2.3216 [2.000]    -2.3134 [2.000]    -2.3107 [2.000]
[kpt   0   5   7]    -2.3051 [2.000]    -2.3034 [2.000]    -2.2957 [2.000]    -2.0722 [2.000]    -2.0715 [2.000]
[kpt   0   5   8]    -1.8898 [2.000]    -1.8833 [2.000]    -1.8807 [2.000]    -1.8755 [2.000]    -1.8728 [2.000]
[kpt   0   5   9]    -1.8665 [2.000]    -1.4502 [2.000]    -1.4498 [2.000]    -1.4497 [2.000]    -0.7893 [2.000]
[kpt   0   5  10]    -0.7811 [2.000]    -0.7782 [2.000]    -0.7719 [2.000]    -0.7692 [2.000]    -0.7617 [2.000]
[kpt   0   5  11]     0.0982 [2.000]     0.1079 [2.000]     0.1119 [2.000]     0.1176 [2.000]     0.1199 [2.000]
[kpt   0   5  12]     0.1297 [2.000]     0.8634 [2.000]     0.8731 [2.000]     0.8805 [2.000]     6.8987 [0.000]
[kpt   0   5  13]     9.7718 [0.000]     9.7748 [0.000]     9.7755 [0.000]     9.7775 [0.000]     9.7852 [0.000]
[kpt   0   5  14]     9.7866 [0.000]    10.5467 [0.000]    10.5555 [0.000]    10.5563 [0.000]    13.0165 [0.000]
[kpt   0   5  15]    13.0181 [0.000]    13.0229 [0.000]    13.0250 [0.000]    13.0291 [0.000]



Total charge in supercell =     128.00000000
 quench: [md:   0/100  scf:   5/30  step time:   0.40  scf time:     2.46 secs  RMS[dV]: 1.38e-02 ]


average potential <V> = -1.11e-15
Davidson converged in 2 steps

FERMI ENERGY =      1.07122813 eV
@@ EIGENVALUE SUM     =      -58.746315 Ry
@@ ION_ION            =     -272.916107 Ry
@@ ELECTROSTATIC      =     -285.881775 Ry
@@ VXC                =     -178.364341 Ry
@@ EXC                =     -137.275061 Ry
@@ TOTAL ENERGY       =     -576.454917 Ry
@@ estimated error    =        1.96e-02 Ry
Charge normalization constant -1.0: -4.440892e-16
Charge density mixing: Broyden


KOHN SHAM EIGENVALUES [eV] AT K-POINT [  0]:       0.000000      0.000000      0.000000

[kpt   0   6   0]   -18.9345 [2.000]   -17.9532 [2.000]   -17.9522 [2.000]   -17.9516 [2.000]   -17.9497 [2.000]
[kpt   0   6   1]   -17.9482 [2.000]   -17.9471 [2.000]   -16.6004 [2.000]   -16.5998 [2.000]   -16.5982 [2.000]
[kpt   0   6   2]   -16.5968 [2.000]   -16.5956 [2.000]   -16.5944 [2.000]   -16.5686 [2.000]   -16.5655 [2.000]
[kpt   0   6   3]   -16.5630 [2.000]    -9.3904 [2.000]    -6.9830 [2.000]    -6.9823 [2.000]    -6.9810 [2.000]
[kpt   0   6   4]    -6.9799 [2.000]    -6.9793 [2.000]    -6.9783 [2.000]    -5.2054 [2.000]    -5.2037 [2.000]
[kpt   0   6   5]    -5.2025 [2.000]    -4.5810 [2.000]    -4.5805 [2.000]    -4.5791 [2.000]    -4.5778 [2.000]
[kpt   0   6   6]    -4.5768 [2.000]    -4.5757 [2.000]    -2.1525 [2.000]    -2.1517 [2.000]    -2.1508 [2.000]
[kpt   0   6   7]    -2.1501 [2.000]    -2.1497 [2.000]    -2.1485 [2.000]    -1.9080 [2.000]    -1.9077 [2.000]
[kpt   0   6   8]    -1.7191 [2.000]    -1.7181 [2.000]    -1.7172 [2.000]    -1.7164 [2.000]    -1.7159 [2.000]
[kpt   0   6   9]    -1.7142 [2.000]    -1.2630 [2.000]    -1.2628 [2.000]    -1.2626 [2.000]    -0.6016 [2.000]
[kpt   0   6  10]    -0.6002 [2.000]    -0.5997 [2.000]    -0.5986 [2.000]    -0.5977 [2.000]    -0.5960 [2.000]
[kpt   0   6  11]     0.3019 [2.000]     0.3032 [2.000]     0.3041 [2.000]     0.3048 [2.000]     0.3052 [2.000]
[kpt   0   6  12]     0.3066 [2.000]     1.0688 [2.000]     1.0698 [2.000]     1.0712 [2.000]     6.8348 [0.000]
[kpt   0   6  13]     9.7821 [0.000]     9.7824 [0.000]     9.7838 [0.000]     9.7851 [0.000]     9.7894 [0.000]
[kpt   0   6  14]     9.7904 [0.000]    10.6000 [0.000]    10.6052 [0.000]    10.6064 [0.000]    13.0722 [0.000]
[kpt   0   6  15]    13.0727 [0.000]    13.0737 [0.000]    13.0752 [0.000]    13.0795 [0.000]



Total charge in supercell =     128.00000000
 quench: [md:   0/100  scf:   6/30  step time:   0.38  scf time:     2.84 secs  RMS[dV]: 5.75e-03 ]


average potential <V> = 1.06e-15
Davidson converged in 3 steps

FERMI ENERGY =      1.10243882 eV
@@ EIGENVALUE SUM     =      -58.390654 Ry
@@ ION_ION            =     -272.916107 Ry
@@ ELECTROSTATIC      =     -286.257233 Ry
@@ VXC                =     -178.450244 Ry
@@ EXC                =     -137.341155 Ry
@@ TOTAL ENERGY       =     -576.454905 Ry
@@ estimated error    =        7.39e-04 Ry
Charge normalization constant -1.0: 2.220446e-16
Charge density mixing: Broyden


KOHN SHAM EIGENVALUES [eV] AT K-POINT [  0]:       0.000000      0.000000      0.000000

[kpt   0   7   0]   -18.8945 [2.000]   -17.9110 [2.000]   -17.9103 [2.000]   -17.9102 [2.000]   -17.9099 [2.000]
[kpt   0   7   1]   -17.9096 [2.000]   -17.9090 [2.000]   -16.5582 [2.000]   -16.5579 [2.000]   -16.5574 [2.000]
[kpt   0   7   2]   -16.5570 [2.000]   -16.5566 [2.000]   -16.5563 [2.000]   -16.5262 [2.000]   -16.5253 [2.000]
[kpt   0   7   3]   -16.5246 [2.000]    -9.3417 [2.000]    -6.9327 [2.000]    -6.9321 [2.000]    -6.9320 [2.000]
[kpt   0   7   4]    -6.9318 [2.000]    -6.9316 [2.000]    -6.9312 [2.000]    -5.1596 [2.000]    -5.1592 [2.000]
[kpt   0   7   5]    -5.1588 [2.000]    -4.5295 [2.000]    -4.5293 [2.000]    -4.5288 [2.000]    -4.5285 [2.000]
[kpt   0   7   6]    -4.5281 [2.000]    -4.5279 [2.000]    -2.1220 [2.000]    -2.1216 [2.000]    -2.1213 [2.000]
[kpt   0   7   7]    -2.1213 [2.000]    -2.1210 [2.000]    -2.1207 [2.000]    -1.8784 [2.000]    -1.8784 [2.000]
[kpt   0   7   8]    -1.6876 [2.000]    -1.6872 [2.000]    -1.6870 [2.000]    -1.6868 [2.000]    -1.6865 [2.000]
[kpt   0   7   9]    -1.6861 [2.000]    -1.2263 [2.000]    -1.2262 [2.000]    -1.2261 [2.000]    -0.5693 [2.000]
[kpt   0   7  10]    -0.5688 [2.000]    -0.5686 [2.000]    -0.5683 [2.000]    -0.5681 [2.000]    -0.5676 [2.000]
[kpt   0   7  11]     0.3364 [2.000]     0.3369 [2.000]     0.3372 [2.000]     0.3373 [2.000]     0.3376 [2.000]
[kpt   0   7  12]     0.3380 [2.000]     1.1016 [2.000]     1.1020 [2.000]     1.1024 [2.000]     6.7920 [0.000]
[kpt   0   7  13]     9.7611 [0.000]     9.7616 [0.000]     9.7622 [0.000]     9.7623 [0.000]     9.7629 [0.000]
[kpt   0   7  14]     9.7633 [0.000]    10.5868 [0.000]    10.5871 [0.000]    10.5872 [0.000]    13.0537 [0.000]
[kpt   0   7  15]    13.0545 [0.000]    13.0546 [0.000]    13.0546 [0.000]    13.0547 [0.000]



Total charge in supercell =     128.00000000
 quench: [md:   0/100  scf:   7/30  step time:   0.49  scf time:     3.33 secs  RMS[dV]: 1.11e-03 ]


average potential <V> = -3.16e-16
Davidson converged in 3 steps

FERMI ENERGY =      1.10074800 eV
@@ EIGENVALUE SUM     =      -58.379099 Ry
@@ ION_ION            =     -272.916107 Ry
@@ ELECTROSTATIC      =     -286.269134 Ry
@@ VXC                =     -178.450954 Ry
@@ EXC                =     -137.341538 Ry
@@ TOTAL ENERGY       =     -576.454923 Ry
@@ estimated error    =        7.02e-05 Ry
Charge normalization constant -1.0: 2.442491e-15
Charge density mixing: Broyden


KOHN SHAM EIGENVALUES [eV] AT K-POINT [  0]:       0.000000      0.000000      0.000000

[kpt   0   8   0]   -18.8926 [2.000]   -17.9086 [2.000]   -17.9086 [2.000]   -17.9085 [2.000]   -17.9084 [2.000]
[kpt   0   8   1]   -17.9084 [2.000]   -17.9083 [2.000]   -16.5567 [2.000]   -16.5566 [2.000]   -16.5566 [2.000]
[kpt   0   8   2]   -16.5565 [2.000]   -16.5564 [2.000]   -16.5564 [2.000]   -16.5249 [2.000]   -16.5247 [2.000]
[kpt   0   8   3]   -16.5246 [2.000]    -9.3362 [2.000]    -6.9278 [2.000]    -6.9277 [2.000]    -6.9277 [2.000]
[kpt   0   8   4]    -6.9276 [2.000]    -6.9275 [2.000]    -6.9274 [2.000]    -5.1560 [2.000]    -5.1559 [2.000]
[kpt   0   8   5]    -5.1559 [2.000]    -4.5255 [2.000]    -4.5254 [2.000]    -4.5253 [2.000]    -4.5253 [2.000]
[kpt   0   8   6]    -4.5252 [2.000]    -4.5251 [2.000]    -2.1209 [2.000]    -2.1208 [2.000]    -2.1208 [2.000]
[kpt   0   8   7]    -2.1208 [2.000]    -2.1207 [2.000]    -2.1207 [2.000]    -1.8782 [2.000]    -1.8782 [2.000]
[kpt   0   8   8]    -1.6863 [2.000]    -1.6863 [2.000]    -1.6863 [2.000]    -1.6862 [2.000]    -1.6862 [2.000]
[kpt   0   8   9]    -1.6861 [2.000]    -1.2256 [2.000]    -1.2256 [2.000]    -1.2255 [2.000]    -0.5689 [2.000]
[kpt   0   8  10]    -0.5689 [2.000]    -0.5688 [2.000]    -0.5688 [2.000]    -0.5687 [2.000]    -0.5687 [2.000]
[kpt   0   8  11]     0.3365 [2.000]     0.3366 [2.000]     0.3366 [2.000]     0.3367 [2.000]     0.3367 [2.000]
[kpt   0   8  12]     0.3368 [2.000]     1.1006 [2.000]     1.1007 [2.000]     1.1007 [2.000]     6.7887 [0.000]
[kpt   0   8  13]     9.7582 [0.000]     9.7584 [0.000]     9.7584 [0.000]     9.7586 [0.000]     9.7588 [0.000]
[kpt   0   8  14]     9.7592 [0.000]    10.5917 [0.000]    10.5918 [0.000]    10.5919 [0.000]    13.0518 [0.000]
[kpt   0   8  15]    13.0523 [0.000]    13.0523 [0.000]    13.0524 [0.000]    13.0524 [0.000]



Total charge in supercell =     128.00000000
 quench: [md:   0/100  scf:   8/30  step time:   0.42  scf time:     3.75 secs  RMS[dV]: 3.19e-04 ]


average potential <V> = 1.01e-15
Davidson converged in 3 steps

FERMI ENERGY =      1.10288867 eV
@@ EIGENVALUE SUM     =      -58.362952 Ry
@@ ION_ION            =     -272.916107 Ry
@@ ELECTROSTATIC      =     -286.286646 Ry
@@ VXC                =     -178.457078 Ry
@@ EXC                =     -137.346302 Ry
@@ TOTAL ENERGY       =     -576.454929 Ry
@@ estimated error    =        4.63e-06 Ry
Charge normalization constant -1.0: -1.110223e-15
Charge density mixing: Broyden


KOHN SHAM EIGENVALUES [eV] AT K-POINT [  0]:       0.000000      0.000000      0.000000

[kpt   0   9   0]   -18.8909 [2.000]   -17.9069 [2.000]   -17.9069 [2.000]   -17.9068 [2.000]   -17.9067 [2.000]
[kpt   0   9   1]   -17.9066 [2.000]   -17.9065 [2.000]   -16.5549 [2.000]   -16.5548 [2.000]   -16.5548 [2.000]
[kpt   0   9   2]   -16.5546 [2.000]   -16.5546 [2.000]   -16.5545 [2.000]   -16.5230 [2.000]   -16.5229 [2.000]
[kpt   0   9   3]   -16.5227 [2.000]    -9.3351 [2.000]    -6.9266 [2.000]    -6.9266 [2.000]    -6.9265 [2.000]
[kpt   0   9   4]    -6.9264 [2.000]    -6.9263 [2.000]    -6.9263 [2.000]    -5.1547 [2.000]    -5.1546 [2.000]
[kpt   0   9   5]    -5.1545 [2.000]    -4.5243 [2.000]    -4.5242 [2.000]    -4.5242 [2.000]    -4.5241 [2.000]
[kpt   0   9   6]    -4.5240 [2.000]    -4.5239 [2.000]    -2.1190 [2.000]    -2.1190 [2.000]    -2.1190 [2.000]
[kpt   0   9   7]    -2.1189 [2.000]    -2.1189 [2.000]    -2.1188 [2.000]    -1.8763 [2.000]    -1.8763 [2.000]
[kpt   0   9   8]    -1.6844 [2.000]    -1.6844 [2.000]    -1.6844 [2.000]    -1.6843 [2.000]    -1.6842 [2.000]
[kpt   0   9   9]    -1.6842 [2.000]    -1.2238 [2.000]    -1.2238 [2.000]    -1.2238 [2.000]    -0.5669 [2.000]
[kpt   0   9  10]    -0.5669 [2.000]    -0.5669 [2.000]    -0.5668 [2.000]    -0.5667 [2.000]    -0.5667 [2.000]
[kpt   0   9  11]     0.3386 [2.000]     0.3386 [2.000]     0.3387 [2.000]     0.3387 [2.000]     0.3388 [2.000]
[kpt   0   9  12]     0.3388 [2.000]     1.1027 [2.000]     1.1028 [2.000]     1.1029 [2.000]     6.7886 [0.000]
[kpt   0   9  13]     9.7580 [0.000]     9.7581 [0.000]     9.7582 [0.000]     9.7584 [0.000]     9.7585 [0.000]
[kpt   0   9  14]     9.7588 [0.000]    10.5928 [0.000]    10.5929 [0.000]    10.5929 [0.000]    13.0521 [0.000]
[kpt   0   9  15]    13.0529 [0.000]    13.0529 [0.000]    13.0530 [0.000]    13.0530 [0.000]



Total charge in supercell =     128.00000000
 quench: [md:   0/100  scf:   9/30  step time:   0.43  scf time:     4.18 secs  RMS[dV]: 1.31e-04 ]


average potential <V> = -3.58e-16
Davidson converged in 4 steps

FERMI ENERGY =      1.10285985 eV
@@ EIGENVALUE SUM     =      -58.364100 Ry
@@ ION_ION            =     -272.916107 Ry
@@ ELECTROSTATIC      =     -286.285525 Ry
@@ VXC                =     -178.457263 Ry
@@ EXC                =     -137.346462 Ry
@@ TOTAL ENERGY       =     -576.454930 Ry
@@ estimated error    =        1.85e-07 Ry
Charge normalization constant -1.0: -2.220446e-16
Charge density mixing: Broyden


KOHN SHAM EIGENVALUES [eV] AT K-POINT [  0]:       0.000000      0.000000      0.000000

[kpt   0  10   0]   -18.8911 [2.000]   -17.9070 [2.000]   -17.9069 [2.000]   -17.9069 [2.000]   -17.9068 [2.000]
[kpt   0  10   1]   -17.9068 [2.000]   -17.9068 [2.000]   -16.5549 [2.000]   -16.5549 [2.000]   -16.5549 [2.000]
[kpt   0  10   2]   -16.5548 [2.000]   -16.5548 [2.000]   -16.5547 [2.000]   -16.5231 [2.000]   -16.5230 [2.000]
[kpt   0  10   3]   -16.5229 [2.000]    -9.3354 [2.000]    -6.9268 [2.000]    -6.9268 [2.000]    -6.9268 [2.000]
[kpt   0  10   4]    -6.9267 [2.000]    -6.9267 [2.000]    -6.9267 [2.000]    -5.1549 [2.000]    -5.1549 [2.000]
[kpt   0  10   5]    -5.1548 [2.000]    -4.5245 [2.000]    -4.5245 [2.000]    -4.5245 [2.000]    -4.5244 [2.000]
[kpt   0  10   6]    -4.5244 [2.000]    -4.5244 [2.000]    -2.1190 [2.000]    -2.1190 [2.000]    -2.1190 [2.000]
[kpt   0  10   7]    -2.1189 [2.000]    -2.1189 [2.000]    -2.1189 [2.000]    -1.8763 [2.000]    -1.8763 [2.000]
[kpt   0  10   8]    -1.6844 [2.000]    -1.6844 [2.000]    -1.6843 [2.000]    -1.6843 [2.000]    -1.6843 [2.000]
[kpt   0  10   9]    -1.6843 [2.000]    -1.2239 [2.000]    -1.2239 [2.000]    -1.2239 [2.000]    -0.5669 [2.000]
[kpt   0  10  10]    -0.5669 [2.000]    -0.5669 [2.000]    -0.5668 [2.000]    -0.5668 [2.000]    -0.5668 [2.000]
[kpt   0  10  11]     0.3386 [2.000]     0.3386 [2.000]     0.3387 [2.000]     0.3387 [2.000]     0.3387 [2.000]
[kpt   0  10  12]     0.3388 [2.000]     1.1028 [2.000]     1.1028 [2.000]     1.1029 [2.000]     6.7886 [0.000]
[kpt   0  10  13]     9.7578 [0.000]     9.7578 [0.000]     9.7579 [0.000]     9.7581 [0.000]     9.7581 [0.000]
[kpt   0  10  14]     9.7583 [0.000]    10.5927 [0.000]    10.5927 [0.000]    10.5928 [0.000]    13.0518 [0.000]
[kpt   0  10  15]    13.0528 [0.000]    13.0528 [0.000]    13.0529 [0.000]    13.0529 [0.000]



Total charge in supercell =     128.00000000
 quench: [md:   0/100  scf:  10/30  step time:   0.52  scf time:     4.71 secs  RMS[dV]: 2.74e-05 ]


average potential <V> = 8.00e-17
Davidson converged in 3 steps

FERMI ENERGY =      1.10281154 eV
@@ EIGENVALUE SUM     =      -58.364103 Ry
@@ ION_ION            =     -272.916107 Ry
@@ ELECTROSTATIC      =     -286.285525 Ry
@@ VXC                =     -178.457297 Ry
@@ EXC                =     -137.346493 Ry
@@ TOTAL ENERGY       =     -576.454930 Ry
@@ estimated error    =        1.23e-08 Ry
Charge normalization constant -1.0: -1.998401e-15
Charge density mixing: Broyden


KOHN SHAM EIGENVALUES [eV] AT K-POINT [  0]:       0.000000      0.000000      0.000000

[kpt   0  11   0]   -18.8911 [2.000]   -17.9069 [2.000]   -17.9069 [2.000]   -17.9069 [2.000]   -17.9069 [2.000]
[kpt   0  11   1]   -17.9069 [2.000]   -17.9069 [2.000]   -16.5549 [2.000]   -16.5548 [2.000]   -16.5548 [2.000]
[kpt   0  11   2]   -16.5548 [2.000]   -16.5548 [2.000]   -16.5548 [2.000]   -16.5230 [2.000]   -16.5230 [2.000]
[kpt   0  11   3]   -16.5230 [2.000]    -9.3353 [2.000]    -6.9267 [2.000]    -6.9267 [2.000]    -6.9267 [2.000]
[kpt   0  11   4]    -6.9267 [2.000]    -6.9267 [2.000]    -6.9267 [2.000]    -5.1549 [2.000]    -5.1549 [2.000]
[kpt   0  11   5]    -5.1549 [2.000]    -4.5244 [2.000]    -4.5244 [2.000]    -4.5244 [2.000]    -4.5244 [2.000]
[kpt   0  11   6]    -4.5244 [2.000]    -4.5244 [2.000]    -2.1190 [2.000]    -2.1190 [2.000]    -2.1190 [2.000]
[kpt   0  11   7]    -2.1190 [2.000]    -2.1190 [2.000]    -2.1190 [2.000]    -1.8763 [2.000]    -1.8763 [2.000]
[kpt   0  11   8]    -1.6843 [2.000]    -1.6843 [2.000]    -1.6843 [2.000]    -1.6843 [2.000]    -1.6843 [2.000]
[kpt   0  11   9]    -1.6843 [2.000]    -1.2239 [2.000]    -1.2239 [2.000]    -1.2239 [2.000]    -0.5669 [2.000]
[kpt   0  11  10]    -0.5668 [2.000]    -0.5668 [2.000]    -0.5668 [2.000]    -0.5668 [2.000]    -0.5668 [2.000]
[kpt   0  11  11]     0.3387 [2.000]     0.3387 [2.000]     0.3387 [2.000]     0.3387 [2.000]     0.3387 [2.000]
[kpt   0  11  12]     0.3387 [2.000]     1.1028 [2.000]     1.1028 [2.000]     1.1028 [2.000]     6.7885 [0.000]
[kpt   0  11  13]     9.7575 [0.000]     9.7576 [0.000]     9.7576 [0.000]     9.7577 [0.000]     9.7578 [0.000]
[kpt   0  11  14]     9.7579 [0.000]    10.5926 [0.000]    10.5927 [0.000]    10.5927 [0.000]    13.0516 [0.000]
[kpt   0  11  15]    13.0527 [0.000]    13.0528 [0.000]    13.0528 [0.000]    13.0528 [0.000]



Total charge in supercell =     128.00000000
 quench: [md:   0/100  scf:  11/30  step time:   0.44  scf time:     5.14 secs  RMS[dV]: 5.56e-06 ]


average potential <V> = 8.63e-16
Davidson converged in 3 steps

FERMI ENERGY =      1.10278538 eV
@@ EIGENVALUE SUM     =      -58.364335 Ry
@@ ION_ION            =     -272.916107 Ry
@@ ELECTROSTATIC      =     -286.285282 Ry
@@ VXC                =     -178.457271 Ry
@@ EXC                =     -137.346478 Ry
@@ TOTAL ENERGY       =     -576.454930 Ry
@@ estimated error    =        2.06e-09 Ry
Charge normalization constant -1.0: 1.332268e-15
Charge density mixing: Broyden


KOHN SHAM EIGENVALUES [eV] AT K-POINT [  0]:       0.000000      0.000000      0.000000

[kpt   0  12   0]   -18.8911 [2.000]   -17.9069 [2.000]   -17.9069 [2.000]   -17.9069 [2.000]   -17.9069 [2.000]
[kpt   0  12   1]   -17.9069 [2.000]   -17.9069 [2.000]   -16.5549 [2.000]   -16.5549 [2.000]   -16.5549 [2.000]
[kpt   0  12   2]   -16.5549 [2.000]   -16.5549 [2.000]   -16.5549 [2.000]   -16.5231 [2.000]   -16.5230 [2.000]
[kpt   0  12   3]   -16.5230 [2.000]    -9.3354 [2.000]    -6.9268 [2.000]    -6.9268 [2.000]    -6.9268 [2.000]
[kpt   0  12   4]    -6.9268 [2.000]    -6.9268 [2.000]    -6.9268 [2.000]    -5.1549 [2.000]    -5.1549 [2.000]
[kpt   0  12   5]    -5.1549 [2.000]    -4.5245 [2.000]    -4.5245 [2.000]    -4.5245 [2.000]    -4.5245 [2.000]
[kpt   0  12   6]    -4.5245 [2.000]    -4.5245 [2.000]    -2.1190 [2.000]    -2.1190 [2.000]    -2.1190 [2.000]
[kpt   0  12   7]    -2.1190 [2.000]    -2.1190 [2.000]    -2.1190 [2.000]    -1.8764 [2.000]    -1.8764 [2.000]
[kpt   0  12   8]    -1.6843 [2.000]    -1.6843 [2.000]    -1.6843 [2.000]    -1.6843 [2.000]    -1.6843 [2.000]
[kpt   0  12   9]    -1.6843 [2.000]    -1.2239 [2.000]    -1.2239 [2.000]    -1.2239 [2.000]    -0.5669 [2.000]
[kpt   0  12  10]    -0.5669 [2.000]    -0.5669 [2.000]    -0.5669 [2.000]    -0.5669 [2.000]    -0.5669 [2.000]
[kpt   0  12  11]     0.3387 [2.000]     0.3387 [2.000]     0.3387 [2.000]     0.3387 [2.000]     0.3387 [2.000]
[kpt   0  12  12]     0.3387 [2.000]     1.1028 [2.000]     1.1028 [2.000]     1.1028 [2.000]     6.7885 [0.000]
[kpt   0  12  13]     9.7574 [0.000]     9.7574 [0.000]     9.7575 [0.000]     9.7575 [0.000]     9.7576 [0.000]
[kpt   0  12  14]     9.7577 [0.000]    10.5926 [0.000]    10.5926 [0.000]    10.5927 [0.000]    13.0514 [0.000]
[kpt   0  12  15]    13.0527 [0.000]    13.0528 [0.000]    13.0528 [0.000]    13.0528 [0.000]



Total charge in supercell =     128.00000000
 quench: [md:   0/100  scf:  12/30  step time:   0.41  scf time:     5.56 secs  RMS[dV]: 3.85e-06 ]


average potential <V> = -1.04e-15
Davidson converged in 3 steps

FERMI ENERGY =      1.10277877 eV
@@ EIGENVALUE SUM     =      -58.364354 Ry
@@ ION_ION            =     -272.916107 Ry
@@ ELECTROSTATIC      =     -286.285261 Ry
@@ VXC                =     -178.457271 Ry
@@ EXC                =     -137.346480 Ry
@@ TOTAL ENERGY       =     -576.454930 Ry
@@ estimated error    =        2.42e-10 Ry
Charge normalization constant -1.0: 1.110223e-15
Charge density mixing: Broyden


KOHN SHAM EIGENVALUES [eV] AT K-POINT [  0]:       0.000000      0.000000      0.000000

[kpt   0  13   0]   -18.8911 [2.000]   -17.9069 [2.000]   -17.9069 [2.000]   -17.9069 [2.000]   -17.9069 [2.000]
[kpt   0  13   1]   -17.9069 [2.000]   -17.9069 [2.000]   -16.5549 [2.000]   -16.5549 [2.000]   -16.5549 [2.000]
[kpt   0  13   2]   -16.5549 [2.000]   -16.5549 [2.000]   -16.5549 [2.000]   -16.5231 [2.000]   -16.5231 [2.000]
[kpt   0  13   3]   -16.5231 [2.000]    -9.3354 [2.000]    -6.9268 [2.000]    -6.9268 [2.000]    -6.9268 [2.000]
[kpt   0  13   4]    -6.9268 [2.000]    -6.9268 [2.000]    -6.9267 [2.000]    -5.1549 [2.000]    -5.1549 [2.000]
[kpt   0  13   5]    -5.1549 [2.000]    -4.5245 [2.000]    -4.5245 [2.000]    -4.5245 [2.000]    -4.5245 [2.000]
[kpt   0  13   6]    -4.5245 [2.000]    -4.5245 [2.000]    -2.1190 [2.000]    -2.1190 [2.000]    -2.1190 [2.000]
[kpt   0  13   7]    -2.1190 [2.000]    -2.1190 [2.000]    -2.1190 [2.000]    -1.8764 [2.000]    -1.8764 [2.000]
[kpt   0  13   8]    -1.6843 [2.000]    -1.6843 [2.000]    -1.6843 [2.000]    -1.6843 [2.000]    -1.6843 [2.000]
[kpt   0  13   9]    -1.6843 [2.000]    -1.2239 [2.000]    -1.2239 [2.000]    -1.2239 [2.000]    -0.5669 [2.000]
[kpt   0  13  10]    -0.5669 [2.000]    -0.5669 [2.000]    -0.5669 [2.000]    -0.5669 [2.000]    -0.5669 [2.000]
[kpt   0  13  11]     0.3386 [2.000]     0.3386 [2.000]     0.3386 [2.000]     0.3387 [2.000]     0.3387 [2.000]
[kpt   0  13  12]     0.3387 [2.000]     1.1028 [2.000]     1.1028 [2.000]     1.1028 [2.000]     6.7885 [0.000]
[kpt   0  13  13]     9.7573 [0.000]     9.7573 [0.000]     9.7574 [0.000]     9.7574 [0.000]     9.7574 [0.000]
[kpt   0  13  14]     9.7575 [0.000]    10.5926 [0.000]    10.5926 [0.000]    10.5926 [0.000]    13.0513 [0.000]
[kpt   0  13  15]    13.0527 [0.000]    13.0527 [0.000]    13.0528 [0.000]    13.0528 [0.000]



Total charge in supercell =     128.00000000
 quench: [md:   0/100  scf:  13/30  step time:   0.52  scf time:     6.07 secs  RMS[dV]: 1.48e-06 ]



 Convergence criterion reached: Energy variation (3.49e-12) is lower than threshold (1.00e-10)

potential convergence has been achieved. stopping ...

[   0  14   14        7 ] Quench.cpp: 
@@ TOTAL ENEGY Components 
@@ ION_ION            =     -272.916107 Ry
@@ ELECTROSTATIC      =      286.285261 Ry
@@ EXC                =     -137.346486 Ry
@@ vdw correction     =        0.000000 Ry
@@ LdaU correction    =        0.000000 Ry
@@ total              =        0.000000 Ry
final total energy from eig sum =    -576.45493027 Ry


KOHN SHAM EIGENVALUES [eV] AT K-POINT [  0]:       0.000000      0.000000      0.000000

[kpt   0  14   0]   -18.8911 [2.000]   -17.9069 [2.000]   -17.9069 [2.000]   -17.9069 [2.000]   -17.9069 [2.000]
[kpt   0  14   1]   -17.9069 [2.000]   -17.9069 [2.000]   -16.5549 [2.000]   -16.5549 [2.000]   -16.5549 [2.000]
[kpt   0  14   2]   -16.5549 [2.000]   -16.5549 [2.000]   -16.5549 [2.000]   -16.5231 [2.000]   -16.5231 [2.000]
[kpt   0  14   3]   -16.5231 [2.000]    -9.3354 [2.000]    -6.9268 [2.000]    -6.9268 [2.000]    -6.9268 [2.000]
[kpt   0  14   4]    -6.9268 [2.000]    -6.9268 [2.000]    -6.9267 [2.000]    -5.1549 [2.000]    -5.1549 [2.000]
[kpt   0  14   5]    -5.1549 [2.000]    -4.5245 [2.000]    -4.5245 [2.000]    -4.5245 [2.000]    -4.5245 [2.000]
[kpt   0  14   6]    -4.5245 [2.000]    -4.5245 [2.000]    -2.1190 [2.000]    -2.1190 [2.000]    -2.1190 [2.000]
[kpt   0  14   7]    -2.1190 [2.000]    -2.1190 [2.000]    -2.1190 [2.000]    -1.8764 [2.000]    -1.8764 [2.000]
[kpt   0  14   8]    -1.6843 [2.000]    -1.6843 [2.000]    -1.6843 [2.000]    -1.6843 [2.000]    -1.6843 [2.000]
[kpt   0  14   9]    -1.6843 [2.000]    -1.2239 [2.000]    -1.2239 [2.000]    -1.2239 [2.000]    -0.5669 [2.000]
[kpt   0  14  10]    -0.5669 [2.000]    -0.5669 [2.000]    -0.5669 [2.000]    -0.5669 [2.000]    -0.5669 [2.000]
[kpt   0  14  11]     0.3386 [2.000]     0.3386 [2.000]     0.3386 [2.000]     0.3387 [2.000]     0.3387 [2.000]
[kpt   0  14  12]     0.3387 [2.000]     1.1028 [2.000]     1.1028 [2.000]     1.1028 [2.000]     6.7885 [0.000]
[kpt   0  14  13]     9.7573 [0.000]     9.7573 [0.000]     9.7574 [0.000]     9.7574 [0.000]     9.7574 [0.000]
[kpt   0  14  14]     9.7575 [0.000]    10.5926 [0.000]    10.5926 [0.000]    10.5926 [0.000]    13.0513 [0.000]
[kpt   0  14  15]    13.0527 [0.000]    13.0527 [0.000]    13.0528 [0.000]    13.0528 [0.000]



Total charge in supercell =     128.00000000
 volume and energy per atom =        15.03933867       -326.79451572 eV

 Vdd took 0.000286 seconds
WriteRestart: Output file given as /dev/null, no restart data written ...



  IONIC POSITIONS [a0] AND FORCES [Ry/a0]
  Charge analysis using: Voronoi Deformation Density

@ION  Ion  Species       X           Y           Z       Charge       FX          FY         FZ      Movable
@ION    1    Si      0.0000000   0.0000000   0.0000000    0.437   -0.0000000  -0.0000000   0.0000000  1 1 1
@ION    2    Si      3.3637125   3.3637125   3.3637125    0.437    0.0000001   0.0000001  -0.0000000  1 1 1
@ION    3    Si     10.0911375   3.3637125  10.0911375    0.437   -0.0000000   0.0000001  -0.0000000  1 1 1
@ION    4    Si      3.3637125  10.0911375  10.0911375    0.437    0.0000001  -0.0000000  -0.0000000  1 1 1
@ION    5    Si     10.0911375  10.0911375   3.3637125    0.437   -0.0000000  -0.0000000   0.0000000  1 1 1
@ION    6    Si      0.0000000   6.7274250   6.7274250    0.437   -0.0000000  -0.0000000   0.0000000  1 1 1
@ION    7    Si      6.7274250   0.0000000   6.7274250    0.437   -0.0000000  -0.0000000   0.0000000  1 1 1
@ION    8    Si      6.7274250   6.7274250   0.0000000    0.437   -0.0000000  -0.0000000   0.0000000  1 1 1
@ION    9     O      1.6818563   1.6818563   1.6818563   -0.212   -0.0000001  -0.0000001  -0.0000000  1 1 1
@ION   10     O     11.7729938   1.6818563  11.7729938   -0.213   -0.0000000   0.0000000  -0.0000001  1 1 1
@ION   11     O      1.6818563  11.7729938  11.7729938   -0.217   -0.0000001   0.0000000   0.0000000  1 1 1
@ION   12     O     11.7729938  11.7729938   1.6818563   -0.219   -0.0000000  -0.0000001   0.0000001  1 1 1
@ION   13     O      1.6818563   8.4092813   8.4092813   -0.215   -0.0000001  -0.0000000  -0.0000001  1 1 1
@ION   14     O      8.4092813   1.6818563   8.4092813   -0.215   -0.0000001  -0.0000001  -0.0000001  1 1 1
@ION   15     O      8.4092813   8.4092813   1.6818563   -0.215   -0.0000001  -0.0000001  -0.0000001  1 1 1
@ION   16     O     11.7729938   8.4092813   5.0455688   -0.217   -0.0000000  -0.0000000  -0.0000000  1 1 1
@ION   17     O      5.0455688   1.6818563   5.0455688   -0.215    0.0000000  -0.0000001   0.0000000  1 1 1
@ION   18     O      5.0455688   8.4092813  11.7729938   -0.217    0.0000000  -0.0000000   0.0000000  1 1 1
@ION   19     O      1.6818563   5.0455688   5.0455688   -0.221   -0.0000000  -0.0000000   0.0000000  1 1 1
@ION   20     O      8.4092813  11.7729938   5.0455688   -0.223   -0.0000001   0.0000000   0.0000000  1 1 1
@ION   21     O      8.4092813   5.0455688  11.7729938   -0.221   -0.0000000   0.0000000  -0.0000000  1 1 1
@ION   22     O     11.7729938   5.0455688   8.4092813   -0.225   -0.0000000  -0.0000000   0.0000001  1 1 1
@ION   23     O      5.0455688  11.7729938   8.4092813   -0.225    0.0000000   0.0000000  -0.0000000  1 1 1
@ION   24     O      5.0455688   5.0455688   1.6818563   -0.226   -0.0000000  -0.0000000   0.0000000  1 1 1

 mean FX      =   0.00000004 Ry/a0
 mean FY      =   0.00000004 Ry/a0
 mean FZ      =   0.00000003 Ry/a0

 max FX       =   0.00000013 Ry/a0   (ion 9)
 max FY       =   0.00000012 Ry/a0   (ion 14)
 max FZ       =   0.00000009 Ry/a0   (ion 14)
 max F[x,y,z] =   0.00000013 Ry/a0
 max |F|      =   0.00000017 Ry/a0   (ion 14)

 sum FX       =  -0.00000059 Ry/a0
 sum FY       =  -0.00000050 Ry/a0
 sum FZ       =   0.00000002 Ry/a0
 Average      =   0.00000037 Ry/a0
 sqrt < F^2 > =   0.00000005 Ry/a0

WriteRestart: Output file given as /dev/null, no restart data written ...


--------TIMING INFORMATION FOR Processor owned the most atoms----------------
                                        Total time               Per SCF/step

1-TOTAL                                             8.13                0.58
-----------------------------------------------------------------------------
  1-TOTAL: Init                                     1.39                0.10
  1-TOTAL: run                                      6.73                0.48
  ---------------------------------------------------------------------------
    1-TOTAL: run: Force                             0.64                0.05
    1-TOTAL: run: Scf steps                         5.94                0.42

2-Force                                             0.64                0.05
-----------------------------------------------------------------------------
  2-Force: core correction                          0.00                0.00
  2-Force: corrections                              0.15                0.01
  2-Force: ion-ion                                  0.10                0.01
  2-Force: local                                    0.16                0.01
  2-Force: non-local                                0.21                0.02
  2-Force: non-local-betaxpsi                       0.03                0.00
  2-Force: non-local-get gamma                      0.00                0.00
  2-Force: non-local-nlforce_par_Q                  0.02                0.00
  2-Force: non-local-nlforce_par_gamma              0.00                0.00
  2-Force: non-local-nlforce_par_omega              0.00                0.00
  2-Force: non-local-partial gamma                  0.00                0.00
  2-Force: non-local-veff grad                      0.02                0.00

2-Init                                              1.39                0.10
-----------------------------------------------------------------------------
  2-Init: GetNewRho                                 0.04                0.00
  2-Init: KpointClass                               0.52                0.04
  2-Init: LcaoGetPsi                                0.06                0.00
  2-Init: LcaoGetRho                                0.12                0.01
  2-Init: ReinitIonicPotentials                     0.17                0.01
  2-Init: betaxpsi                                  0.02                0.00
  2-Init: exchange/correlation                      0.04                0.00
  2-Init: hartree                                   0.02                0.00
  2-Init: normalization                             0.00                0.00
  2-Init: radial potentials                         0.23                0.02
  2-Init: subdiag                                   0.06                0.00
  2-Init: weights                                   0.01                0.00

2-Scf steps                                         5.94                0.42
-----------------------------------------------------------------------------
  2-Scf steps: Davidson                             3.23                0.23
  2-Scf steps: GetNewRho                            0.53                0.04
  2-Scf steps: Hartree                              0.48                0.03
  2-Scf steps: MgridSubspace                        0.97                0.07
  2-Scf steps: MixRho                               0.04                0.00
  2-Scf steps: exchange/correlation                 0.47                0.03

3-MgridSubspace                                     0.97                0.07
-----------------------------------------------------------------------------
  3-MgridSubspace: AppNls                           0.09                0.01
  3-MgridSubspace: Beta x psi                       0.11                0.01
  3-MgridSubspace: Diagonalization                  0.20                0.01
  3-MgridSubspace: Mg_eig                           0.56                0.04

3-ReinitIonicPotentials                             0.17                0.01
-----------------------------------------------------------------------------
  3-ReinitIonicPotentials: GetNlop                  0.01                0.00
  3-ReinitIonicPotentials: GetWeight                0.10                0.01
  3-ReinitIonicPotentials: get_QI                   0.00                0.00
  3-ReinitIonicPotentials: get_qqq                  0.00                0.00
  3-ReinitIonicPotentials: init_nuc                 0.06                0.00

4-Diagonalization                                   0.26                0.02
-----------------------------------------------------------------------------
  4-Diagonalization: ELPA/PDSYGVX/PZHEGVX           0.02                0.00
  4-Diagonalization: Hpsi                           0.14                0.01
  4-Diagonalization: MPI_Bcast                      0.00                0.00
  4-Diagonalization: Update orbitals                0.06                0.00
  ---------------------------------------------------------------------------
    4-Diagonalization: Update orbitals: gather           0.00                0.00
    4-Diagonalization: Update orbitals: gemm           0.04                0.00
  4-Diagonalization: matrix                         0.04                0.00
  ---------------------------------------------------------------------------
    4-Diagonalization: matrix: Allreduce            0.00                0.00
    4-Diagonalization: matrix: Gemm                 0.03                0.00

5-Functional                                        0.50                0.04
-----------------------------------------------------------------------------
  5-Functional: apply gradient                      0.06                0.00
  5-Functional: apply laplacian                     0.02                0.00
  5-Functional: libxc                               0.19                0.01
  5-Functional: vxc                                 0.50                0.04
  5-Functional: vxc grad                            0.29                0.02
  5-Functional: vxc local                           0.06                0.00
  5-Functional: vxc nonlocal                        0.00                0.00

6-Davidson                                          3.23                0.23
-----------------------------------------------------------------------------
  6-Davidson: Betaxpsi                              0.41                0.03
  6-Davidson: apply hamiltonian                     0.81                0.06
  6-Davidson: diagonalization                       0.28                0.02
  6-Davidson: generate residuals                    0.32                0.02
  6-Davidson: matrix setup/reduce                   0.47                0.03
  6-Davidson: normalization                         0.03                0.00
  6-Davidson: precondition                          0.71                0.05
  6-Davidson: rotate orbitals                       0.15                0.01

AppNls                                              0.52                0.04
-----------------------------------------------------------------------------
  AppNls: data_rearrange                            0.01                0.00
  ---------------------------------------------------------------------------
    AppNls: data_rearrange: alloc and zeros           0.00                0.00
    AppNls: data_rearrange: dnm                     0.00                0.00
    AppNls: data_rearrange: sint                    0.00                0.00
  AppNls: nv                                        0.45                0.03
  AppNls: nv_work                                   0.00                0.00

App_gradient                                        0.06                0.00

CPUFD                                               0.00                0.00

Compute Hpsi                                        0.14                0.01
-----------------------------------------------------------------------------
  Compute Hpsi: AppNls                              0.06                0.00
  Compute Hpsi: Threaded Apply H                    0.08                0.01

GlobalSums                                          0.14                0.01

Init                                                0.87                0.06

Init Voronoi                                        0.13                0.01

Mix rho                                             0.04                0.00
-----------------------------------------------------------------------------
  Mix rho: Broyden                                  0.04                0.00
  Mix rho: Linear                                   0.00                0.00

Orbital                                             0.00                0.00
-----------------------------------------------------------------------------
  Orbital: phase and set                            0.00                0.00
  Orbital: proj cal                                 0.00                0.00
  Trade images: trade_images                        0.00                0.00
  Trade images: trade_imagesx                       0.06                0.00

VhPfft                                              0.25                0.02

Weight                                              0.00                0.00

radial beta                                         0.19                0.01


------------------------- TIMING INFORMATION FOR THREADS  -------------------

                                           Min            Max            Avg
CPUFD                                      0.22           0.22           0.22
-----------------------------------------------------------------------------

GlobalSums                                 0.09           0.09           0.09
-----------------------------------------------------------------------------

Mg_eig                                     0.55           0.55           0.55
-----------------------------------------------------------------------------
  Mg_eig: apply hamiltonian                0.31           0.31           0.31
  Mg_eig: mgrid_solv                       0.11           0.11           0.11
  Trade images: trade_images               0.47           0.47           0.47
  Trade images: trade_imagesx              0.70           0.70           0.70
