RMG initialization ... 1 image(s) total, 1 per node. 32 MPI processes/image. Thread level 2.
FFT-FD  0.000000e+00   7.854595e-01   7.853056e-01   1.539354e-04
FFT-FD  1.000000e+00   7.854595e-01   7.853056e-01   1.539354e-04
IP=0 M = 0.000000e+00  -inf  1.539354e-04
FFT-FD  0.000000e+00   2.257183e+00   2.256418e+00   7.645117e-04
FFT-FD  1.000000e+00   2.257183e+00   2.256418e+00   7.645117e-04
IP=1 M = 0.000000e+00  -inf  7.645117e-04
FFT-FD  0.000000e+00   2.257183e+00   2.256418e+00   7.645117e-04
FFT-FD  1.000000e+00   2.257183e+00   2.256418e+00   7.645117e-04
IP=2 M = 0.000000e+00  -inf  7.645117e-04
FFT-FD  0.000000e+00   2.257183e+00   2.256418e+00   7.645117e-04
FFT-FD  1.000000e+00   2.257183e+00   2.256418e+00   7.645117e-04
IP=3 M = 0.000000e+00  -inf  7.645117e-04
FFT-FD  0.000000e+00   2.678435e-01   2.678432e-01   2.941925e-07
FFT-FD  1.000000e+00   2.678435e-01   2.678432e-01   2.941925e-07
IP=0 M = 0.000000e+00  -inf  2.941925e-07
FFT-FD  0.000000e+00   3.882435e-01   3.882435e-01   4.569766e-09
FFT-FD  1.000000e+00   3.882435e-01   3.882435e-01   4.569766e-09
IP=1 M = 0.000000e+00  -inf  4.569766e-09
FFT-FD  0.000000e+00   3.882435e-01   3.882435e-01   4.569766e-09
FFT-FD  1.000000e+00   3.882435e-01   3.882435e-01   4.569766e-09
IP=2 M = 0.000000e+00  -inf  4.569766e-09
FFT-FD  0.000000e+00   3.882435e-01   3.882435e-01   4.569766e-09
FFT-FD  1.000000e+00   3.882435e-01   3.882435e-01   4.569766e-09
IP=3 M = 0.000000e+00  -inf  4.569766e-09
NEWCFAC = 0.000000  0.000000


                     * * * * * * * * * *
                     *    R   M   G    *
                     * * * * * * * * * *

     -- A Real Space Multigrid Electronic structure code --
     --      More information at www.rmgdft.org          --

Code Revision:     v5.1.0_53_g887bfc3b
Build Date:        May 15 2023  14:30:00
Start time:        Tue May 16 15:16:58 2023

NOTICE: RMG internal pseudopotentials have switched to
ONCVP from Ultrasoft. You can revert to Ultrasoft by
adding the input tag internal_pseudo_type="ultrasoft" to
your input files.


Files
   Control input file:        input1
   Data output file:          /dev/null

Run Setup
    Calculation type:         Quench electrons - Fixed ions SCF calculation
    Description:              SiO2
    Orbital Initialization:   LCAO (96 LCAO and 0 random orbitals)
    Exchange Correlation:     pbe
    Spin Polarization:        OFF
    System charge:            Neutral

Processor Topology
   Total PEs:                 32
   X direction:               4
   Y direction:               4
   Z direction:               2
   MG Threads/PE:             1
   OMP Threads/PE:            1

Grid Points  (Linear Anisotropy: 1.000)
    X:  Total: 40   Per PE: 10   Spacing:0.336 a0  
    Y:  Total: 40   Per PE: 10   Spacing:0.336 a0  
    Z:  Total: 40   Per PE: 20   Spacing:0.336 a0  

    Equivalent energy cutoffs (psi,rho):    87.229    348.917 Ry

    Charge density grid:         2 times finer

Coordinate planes
  Planar Anisotropy: 1.000
  A0-A1 density:     8.838
  A0-A2 density:     8.838
  A1-A2 density:     8.838


Lattice (Cell) Setup
    Type:                       Orthorhombic_primitive
    Volume (a0^3):               2435.77
    Boundary conditions:        Periodic

    X Basis Vector:      13.455       0.000       0.000 a0
    Y Basis Vector:       0.000      13.455       0.000 a0
    Z Basis Vector:       0.000       0.000      13.455 a0
    X Reci Vector:       0.074      -0.000       0.000 a0
    Y Reci Vector:       0.000       0.074       0.000 a0
    Z Reci Vector:       0.000      -0.000       0.074 a0

K-points
    Gamma Point Only (real orbitals)

Atoms and States
    Number of ions:                          24
    Number of species:                       2
    Number of states:                        79

Run Parameters
    SCF Convergence criterion (potential):   1.00e-10
    SCF Convergence criterion (energy):      1.00e-10
    Max SCF steps:                           30

SCF Cycle Settings
    Charge density mixing:                   Broyden
    Hartree Solver:                          PFFT
    Interpolation type:                      FFT

Finite Difference parameters
    Kohn Sham FD Order:                      12  
    Force Gradient Order:                    FFT
    Adaptive Finite Differencing:            Off

Subspace Diagonalization Options
    Frequency:                               every 1 SCF step(s)
    Driver:                                  ScaLapack
    Initial diagonalization:                 ON
    Folded spectrum:                         OFF

Filtering Cutoff  Parameters
    Wavefunction grid (cparm):               0.800
    Charge density grid (rhocparm):          1.000
    Filter factor:                           1.000

Multigrid (MG) Parameters
    Psi MG levels:                           3
    Psi global step:                         0.660 
    Psi pre:                                 2
    Psi post:                                2

Davidson Parameters
    Davidson multiplier:                     4
    Davidson max step:                       8
    Davidson unocc tol factor:               1000.000

Blas Libraries
    CPU support with openblas-parallel.


Atomic Species Information
(PP = Pseudopotential, US = Ultrasoft, NC = Norm Conserving)
-------------------------------------------------------------------------
|Index|Symbol| Mass|Valence| PP |  Comp  |Local| Local|Nlocal|    PP    |
|     |      |     |       |Type|Gaussian|  l  |Radius|Radius|Functional|
-------------------------------------------------------------------------
|    1|     O| 15.0|   6.00|  NC|    0.50|   -1| 10.00|  7.00|       PBE|
|    2|    Si| 28.0|   4.00|  NC|    0.50|   -1| 10.00|  7.00|       PBE|
-------------------------------------------------------------------------

Pseudopotential generation information:
   O pseudopotential file: ./@Internal
      Generation info     : Generated using ONCVPSP code by D. R. Hamann
      Author info         : anonymous
  Si pseudopotential file: ./@Internal
      Generation info     : Generated using ONCVPSP code by D. R. Hamann
      Author info         : anonymous


Memory usage (Mbytes):     Min        Max       Total
    wave functions          5.06       5.06     161.82
    beta-functions          3.07       3.07      98.34



Initial Ionic Positions And Displacements (Bohr)
Species      X           Y           Z           dX          dY          dZ
  Si       0.0000      0.0000      0.0000      0.0000      0.0000      0.0000
  Si       3.3637      3.3637      3.3637      0.0000      0.0000      0.0000
  Si      10.0911      3.3637     10.0911      0.0000      0.0000      0.0000
  Si       3.3637     10.0911     10.0911      0.0000      0.0000      0.0000
  Si      10.0911     10.0911      3.3637      0.0000      0.0000      0.0000
  Si       0.0000      6.7274      6.7274      0.0000      0.0000      0.0000
  Si       6.7274      0.0000      6.7274      0.0000      0.0000      0.0000
  Si       6.7274      6.7274      0.0000      0.0000      0.0000      0.0000
  O        1.6819      1.6819      1.6819      0.0000      0.0000      0.0000
  O       11.7730      1.6819     11.7730      0.0000      0.0000      0.0000
  O        1.6819     11.7730     11.7730      0.0000      0.0000      0.0000
  O       11.7730     11.7730      1.6819      0.0000      0.0000      0.0000
  O        1.6819      8.4093      8.4093      0.0000      0.0000      0.0000
  O        8.4093      1.6819      8.4093      0.0000      0.0000      0.0000
  O        8.4093      8.4093      1.6819      0.0000      0.0000      0.0000
  O       11.7730      8.4093      5.0456      0.0000      0.0000      0.0000
  O        5.0456      1.6819      5.0456      0.0000      0.0000      0.0000
  O        5.0456      8.4093     11.7730      0.0000      0.0000      0.0000
  O        1.6819      5.0456      5.0456      0.0000      0.0000      0.0000
  O        8.4093     11.7730      5.0456      0.0000      0.0000      0.0000
  O        8.4093      5.0456     11.7730      0.0000      0.0000      0.0000
  O       11.7730      5.0456      8.4093      0.0000      0.0000      0.0000
  O        5.0456     11.7730      8.4093      0.0000      0.0000      0.0000
  O        5.0456      5.0456      1.6819      0.0000      0.0000      0.0000


Initial Ionic Positions And Displacements (Angstrom)
Species      X           Y           Z           dX          dY          dZ
  Si       0.0000      0.0000      0.0000      0.0000      0.0000      0.0000
  Si       1.7800      1.7800      1.7800      0.0000      0.0000      0.0000
  Si       5.3400      1.7800      5.3400      0.0000      0.0000      0.0000
  Si       1.7800      5.3400      5.3400      0.0000      0.0000      0.0000
  Si       5.3400      5.3400      1.7800      0.0000      0.0000      0.0000
  Si       0.0000      3.5600      3.5600      0.0000      0.0000      0.0000
  Si       3.5600      0.0000      3.5600      0.0000      0.0000      0.0000
  Si       3.5600      3.5600      0.0000      0.0000      0.0000      0.0000
  O        0.8900      0.8900      0.8900      0.0000      0.0000      0.0000
  O        6.2300      0.8900      6.2300      0.0000      0.0000      0.0000
  O        0.8900      6.2300      6.2300      0.0000      0.0000      0.0000
  O        6.2300      6.2300      0.8900      0.0000      0.0000      0.0000
  O        0.8900      4.4500      4.4500      0.0000      0.0000      0.0000
  O        4.4500      0.8900      4.4500      0.0000      0.0000      0.0000
  O        4.4500      4.4500      0.8900      0.0000      0.0000      0.0000
  O        6.2300      4.4500      2.6700      0.0000      0.0000      0.0000
  O        2.6700      0.8900      2.6700      0.0000      0.0000      0.0000
  O        2.6700      4.4500      6.2300      0.0000      0.0000      0.0000
  O        0.8900      2.6700      2.6700      0.0000      0.0000      0.0000
  O        4.4500      6.2300      2.6700      0.0000      0.0000      0.0000
  O        4.4500      2.6700      6.2300      0.0000      0.0000      0.0000
  O        6.2300      2.6700      4.4500      0.0000      0.0000      0.0000
  O        2.6700      6.2300      4.4500      0.0000      0.0000      0.0000
  O        2.6700      2.6700      0.8900      0.0000      0.0000      0.0000

Diagonalization using scalapack for step=0  count=0



KOHN SHAM EIGENVALUES [eV] AT K-POINT [  0]:       0.000000      0.000000      0.000000

[kpt   0  -1   0]   -22.2104 [2.000]   -21.3891 [2.000]   -21.3891 [2.000]   -21.3891 [2.000]   -21.3891 [2.000]
[kpt   0  -1   1]   -21.3891 [2.000]   -21.3891 [2.000]   -20.2954 [2.000]   -20.2954 [2.000]   -20.2954 [2.000]
[kpt   0  -1   2]   -20.2756 [2.000]   -20.2756 [2.000]   -20.2756 [2.000]   -20.2756 [2.000]   -20.2756 [2.000]
[kpt   0  -1   3]   -20.2756 [2.000]   -11.9777 [2.000]    -9.9021 [2.000]    -9.9021 [2.000]    -9.9021 [2.000]
[kpt   0  -1   4]    -9.9021 [2.000]    -9.9021 [2.000]    -9.9021 [2.000]    -8.2314 [2.000]    -8.2314 [2.000]
[kpt   0  -1   5]    -8.2314 [2.000]    -7.9173 [2.000]    -7.9173 [2.000]    -7.9173 [2.000]    -7.9173 [2.000]
[kpt   0  -1   6]    -7.9173 [2.000]    -7.9173 [2.000]    -5.0439 [2.000]    -5.0439 [2.000]    -5.0439 [2.000]
[kpt   0  -1   7]    -5.0439 [2.000]    -5.0439 [2.000]    -5.0439 [2.000]    -4.9496 [2.000]    -4.9496 [2.000]
[kpt   0  -1   8]    -4.7587 [2.000]    -4.7587 [2.000]    -4.7587 [2.000]    -4.7587 [2.000]    -4.7587 [2.000]
[kpt   0  -1   9]    -4.7587 [2.000]    -4.5293 [2.000]    -4.5293 [2.000]    -4.5293 [2.000]    -3.9997 [2.000]
[kpt   0  -1  10]    -3.9997 [2.000]    -3.9997 [2.000]    -3.9997 [2.000]    -3.9997 [2.000]    -3.9997 [2.000]
[kpt   0  -1  11]    -3.4196 [2.000]    -3.4196 [2.000]    -3.4196 [2.000]    -3.4196 [2.000]    -3.4196 [2.000]
[kpt   0  -1  12]    -3.4196 [2.000]    -2.9479 [2.000]    -2.9479 [2.000]    -2.9479 [2.000]     7.5972 [0.000]
[kpt   0  -1  13]    10.2664 [0.000]    10.2664 [0.000]    10.2664 [0.000]    10.2664 [0.000]    10.2664 [0.000]
[kpt   0  -1  14]    10.2664 [0.000]    12.4012 [0.000]    12.4012 [0.000]    12.4012 [0.000]    13.3633 [0.000]
[kpt   0  -1  15]    13.3633 [0.000]    13.3633 [0.000]    13.3633 [0.000]    13.3633 [0.000]    13.3633 [0.000]
[kpt   0  -1  16]    15.0336 [0.000]    15.0336 [0.000]    15.0336 [0.000]    15.0336 [0.000]    15.0336 [0.000]
[kpt   0  -1  17]    15.0336 [0.000]    15.3504 [0.000]    15.3504 [0.000]    15.3504 [0.000]    15.3504 [0.000]
[kpt   0  -1  18]    15.3504 [0.000]    15.3504 [0.000]    16.6344 [0.000]    16.6344 [0.000]    16.6344 [0.000]
[kpt   0  -1  19]    17.1929 [0.000]


Charge normalization constant -1.0: 1.776357e-15
Charge density mixing: Linear with a constant of 0.50 

Diagonalization using scalapack for step=0  count=1


FERMI ENERGY =     -0.16427596 eV
@@ EIGENVALUE SUM     =      -66.371131 Ry
@@ ION_ION            =     -272.916107 Ry
@@ ELECTROSTATIC      =     -284.735669 Ry
@@ VXC                =     -178.955237 Ry
@@ EXC                =     -137.823775 Ry
@@ TOTAL ENERGY       =     -582.891445 Ry
@@ estimated error    =   ****************
Charge normalization constant -1.0: 4.440892e-16
Charge density mixing: Linear with a constant of 0.50 
WriteRestart: Output file given as /dev/null, no restart data written ...


KOHN SHAM EIGENVALUES [eV] AT K-POINT [  0]:       0.000000      0.000000      0.000000

[kpt   0   0   0]   -19.7085 [2.000]   -18.7621 [2.000]   -18.7571 [2.000]   -18.7489 [2.000]   -18.7407 [2.000]
[kpt   0   0   1]   -18.7391 [2.000]   -18.7346 [2.000]   -17.4644 [2.000]   -17.4558 [2.000]   -17.4534 [2.000]
[kpt   0   0   2]   -17.4512 [2.000]   -17.4503 [2.000]   -17.4477 [2.000]   -17.4468 [2.000]   -17.4426 [2.000]
[kpt   0   0   3]   -17.4410 [2.000]    -9.6940 [2.000]    -7.4491 [2.000]    -7.4456 [2.000]    -7.4434 [2.000]
[kpt   0   0   4]    -7.4187 [2.000]    -7.4178 [2.000]    -7.4164 [2.000]    -5.8346 [2.000]    -5.8330 [2.000]
[kpt   0   0   5]    -5.8323 [2.000]    -5.1358 [2.000]    -5.1353 [2.000]    -5.1348 [2.000]    -5.1330 [2.000]
[kpt   0   0   6]    -5.1318 [2.000]    -5.1306 [2.000]    -2.9705 [2.000]    -2.9702 [2.000]    -2.9686 [2.000]
[kpt   0   0   7]    -2.9604 [2.000]    -2.9595 [2.000]    -2.9591 [2.000]    -2.7650 [2.000]    -2.7642 [2.000]
[kpt   0   0   8]    -2.6299 [2.000]    -2.6289 [2.000]    -2.6282 [2.000]    -2.6281 [2.000]    -2.6270 [2.000]
[kpt   0   0   9]    -2.6059 [2.000]    -2.0432 [2.000]    -2.0420 [2.000]    -2.0414 [2.000]    -1.5741 [2.000]
[kpt   0   0  10]    -1.5736 [2.000]    -1.5726 [2.000]    -1.5640 [2.000]    -1.5631 [2.000]    -1.5617 [2.000]
[kpt   0   0  11]    -0.7659 [2.000]    -0.7651 [2.000]    -0.7645 [2.000]    -0.7635 [2.000]    -0.7634 [2.000]
[kpt   0   0  12]    -0.7633 [2.000]    -0.1656 [2.000]    -0.1652 [2.000]    -0.1643 [2.000]     8.3614 [0.000]
[kpt   0   0  13]    10.8854 [0.000]    10.8865 [0.000]    10.8879 [0.000]    10.8970 [0.000]    10.8985 [0.000]
[kpt   0   0  14]    10.8990 [0.000]    12.0894 [0.000]    12.0914 [0.000]    12.0915 [0.000]    13.8263 [0.000]
[kpt   0   0  15]    13.8268 [0.000]    13.8270 [0.000]    13.8271 [0.000]    13.8272 [0.000]



Total charge in supercell =     128.00000000
 quench: [md:   0/100  scf:   0/30  step time:   0.16  scf time:     0.20 secs  RMS[dV]: 5.23e-02 ]


average potential <V> = -5.22e-16

Diagonalization using scalapack for step=1  count=2


FERMI ENERGY =      1.31230006 eV
@@ EIGENVALUE SUM     =      -55.631584 Ry
@@ ION_ION            =     -272.916107 Ry
@@ ELECTROSTATIC      =     -296.840503 Ry
@@ VXC                =     -182.109622 Ry
@@ EXC                =     -140.286458 Ry
@@ TOTAL ENERGY       =     -583.565029 Ry
@@ estimated error    =        6.29e-01 Ry
Charge normalization constant -1.0: 8.881784e-16
Charge density mixing: Linear with a constant of 0.50 


KOHN SHAM EIGENVALUES [eV] AT K-POINT [  0]:       0.000000      0.000000      0.000000

[kpt   0   1   0]   -18.5587 [2.000]   -17.5376 [2.000]   -17.5355 [2.000]   -17.5341 [2.000]   -17.5256 [2.000]
[kpt   0   1   1]   -17.5209 [2.000]   -17.5184 [2.000]   -16.0922 [2.000]   -16.0876 [2.000]   -16.0856 [2.000]
[kpt   0   1   2]   -16.0703 [2.000]   -16.0649 [2.000]   -16.0635 [2.000]   -16.0496 [2.000]   -16.0472 [2.000]
[kpt   0   1   3]   -16.0388 [2.000]    -9.2710 [2.000]    -6.7856 [2.000]    -6.7833 [2.000]    -6.7821 [2.000]
[kpt   0   1   4]    -6.7771 [2.000]    -6.7753 [2.000]    -6.7716 [2.000]    -4.9928 [2.000]    -4.9919 [2.000]
[kpt   0   1   5]    -4.9898 [2.000]    -4.3344 [2.000]    -4.3323 [2.000]    -4.3294 [2.000]    -4.3269 [2.000]
[kpt   0   1   6]    -4.3203 [2.000]    -4.3194 [2.000]    -1.7948 [2.000]    -1.7936 [2.000]    -1.7886 [2.000]
[kpt   0   1   7]    -1.7878 [2.000]    -1.7814 [2.000]    -1.7795 [2.000]    -1.5293 [2.000]    -1.5289 [2.000]
[kpt   0   1   8]    -1.4376 [2.000]    -1.4364 [2.000]    -1.4334 [2.000]    -1.4298 [2.000]    -1.4258 [2.000]
[kpt   0   1   9]    -1.4246 [2.000]    -0.9040 [2.000]    -0.8958 [2.000]    -0.8957 [2.000]    -0.2832 [2.000]
[kpt   0   1  10]    -0.2772 [2.000]    -0.2750 [2.000]    -0.2706 [2.000]    -0.2690 [2.000]    -0.2630 [2.000]
[kpt   0   1  11]     0.5796 [2.000]     0.5852 [2.000]     0.5874 [2.000]     0.5931 [2.000]     0.5945 [2.000]
[kpt   0   1  12]     0.5989 [2.000]     1.3069 [2.000]     1.3075 [2.000]     1.3123 [2.000]     8.6515 [0.000]
[kpt   0   1  13]    11.2162 [0.000]    11.2182 [0.000]    11.2194 [0.000]    11.2216 [0.000]    11.2238 [0.000]
[kpt   0   1  14]    11.2271 [0.000]    11.7288 [0.000]    11.7318 [0.000]    11.7329 [0.000]    14.0206 [0.000]
[kpt   0   1  15]    14.0211 [0.000]    14.0219 [0.000]    14.0227 [0.000]    45.9701 [0.000]



Total charge in supercell =     128.00000000
 quench: [md:   0/100  scf:   1/30  step time:   0.15  scf time:     0.35 secs  RMS[dV]: 3.03e-02 ]


average potential <V> = -7.25e-16

Diagonalization using scalapack for step=2  count=3


FERMI ENERGY =      1.68541361 eV
@@ EIGENVALUE SUM     =      -53.723114 Ry
@@ ION_ION            =     -272.916107 Ry
@@ ELECTROSTATIC      =     -295.974381 Ry
@@ VXC                =     -181.586937 Ry
@@ EXC                =     -139.879386 Ry
@@ TOTAL ENERGY       =     -580.906050 Ry
@@ estimated error    =        2.02e-01 Ry
Charge normalization constant -1.0: 0.000000e+00
Charge density mixing: Linear with a constant of 0.50 


KOHN SHAM EIGENVALUES [eV] AT K-POINT [  0]:       0.000000      0.000000      0.000000

[kpt   0   2   0]   -18.4015 [2.000]   -17.3764 [2.000]   -17.3707 [2.000]   -17.3668 [2.000]   -17.3627 [2.000]
[kpt   0   2   1]   -17.3594 [2.000]   -17.3514 [2.000]   -15.9091 [2.000]   -15.9052 [2.000]   -15.8985 [2.000]
[kpt   0   2   2]   -15.8958 [2.000]   -15.8941 [2.000]   -15.8879 [2.000]   -15.8559 [2.000]   -15.8448 [2.000]
[kpt   0   2   3]   -15.8418 [2.000]    -9.1861 [2.000]    -6.6589 [2.000]    -6.6577 [2.000]    -6.6559 [2.000]
[kpt   0   2   4]    -6.6535 [2.000]    -6.6509 [2.000]    -6.6489 [2.000]    -4.8441 [2.000]    -4.8422 [2.000]
[kpt   0   2   5]    -4.8393 [2.000]    -4.1984 [2.000]    -4.1954 [2.000]    -4.1936 [2.000]    -4.1928 [2.000]
[kpt   0   2   6]    -4.1922 [2.000]    -4.1867 [2.000]    -1.6083 [2.000]    -1.6059 [2.000]    -1.6012 [2.000]
[kpt   0   2   7]    -1.5962 [2.000]    -1.5908 [2.000]    -1.5882 [2.000]    -1.3294 [2.000]    -1.3287 [2.000]
[kpt   0   2   8]    -1.2076 [2.000]    -1.2068 [2.000]    -1.1958 [2.000]    -1.1936 [2.000]    -1.1914 [2.000]
[kpt   0   2   9]    -1.1900 [2.000]    -0.7042 [2.000]    -0.6972 [2.000]    -0.6962 [2.000]    -0.0236 [2.000]
[kpt   0   2  10]    -0.0196 [2.000]    -0.0181 [2.000]    -0.0015 [2.000]    -0.0010 [2.000]     0.0052 [2.000]
[kpt   0   2  11]     0.8925 [2.000]     0.8932 [2.000]     0.8971 [2.000]     0.8988 [2.000]     0.9003 [2.000]
[kpt   0   2  12]     0.9069 [2.000]     1.6816 [2.000]     1.6824 [2.000]     1.6854 [2.000]     8.3701 [0.000]
[kpt   0   2  13]    11.0825 [0.000]    11.0842 [0.000]    11.0859 [0.000]    11.0905 [0.000]    11.0936 [0.000]
[kpt   0   2  14]    11.0966 [0.000]    11.3694 [0.000]    11.3723 [0.000]    11.3758 [0.000]    13.9072 [0.000]
[kpt   0   2  15]    13.9078 [0.000]    13.9096 [0.000]    13.9105 [0.000]    45.2968 [0.000]



Total charge in supercell =     128.00000000
 quench: [md:   0/100  scf:   2/30  step time:   0.15  scf time:     0.50 secs  RMS[dV]: 1.48e-02 ]


average potential <V> = -1.14e-16

Diagonalization using scalapack for step=3  count=4


FERMI ENERGY =      1.55242681 eV
@@ EIGENVALUE SUM     =      -55.183871 Ry
@@ ION_ION            =     -272.916107 Ry
@@ ELECTROSTATIC      =     -291.737606 Ry
@@ VXC                =     -180.187573 Ry
@@ EXC                =     -138.787021 Ry
@@ TOTAL ENERGY       =     -578.437032 Ry
@@ estimated error    =        3.06e-01 Ry
Charge normalization constant -1.0: 1.554312e-15
Charge density mixing: Linear with a constant of 0.50 


KOHN SHAM EIGENVALUES [eV] AT K-POINT [  0]:       0.000000      0.000000      0.000000

[kpt   0   3   0]   -18.5732 [2.000]   -17.5638 [2.000]   -17.5587 [2.000]   -17.5559 [2.000]   -17.5506 [2.000]
[kpt   0   3   1]   -17.5448 [2.000]   -17.5353 [2.000]   -16.1281 [2.000]   -16.1245 [2.000]   -16.1232 [2.000]
[kpt   0   3   2]   -16.1144 [2.000]   -16.1081 [2.000]   -16.1010 [2.000]   -16.0824 [2.000]   -16.0706 [2.000]
[kpt   0   3   3]   -16.0610 [2.000]    -9.2634 [2.000]    -6.7670 [2.000]    -6.7666 [2.000]    -6.7648 [2.000]
[kpt   0   3   4]    -6.7621 [2.000]    -6.7584 [2.000]    -6.7542 [2.000]    -4.9560 [2.000]    -4.9520 [2.000]
[kpt   0   3   5]    -4.9483 [2.000]    -4.3212 [2.000]    -4.3179 [2.000]    -4.3168 [2.000]    -4.3138 [2.000]
[kpt   0   3   6]    -4.3110 [2.000]    -4.3068 [2.000]    -1.7662 [2.000]    -1.7656 [2.000]    -1.7615 [2.000]
[kpt   0   3   7]    -1.7605 [2.000]    -1.7571 [2.000]    -1.7515 [2.000]    -1.5001 [2.000]    -1.4996 [2.000]
[kpt   0   3   8]    -1.3479 [2.000]    -1.3393 [2.000]    -1.3322 [2.000]    -1.3315 [2.000]    -1.3287 [2.000]
[kpt   0   3   9]    -1.3260 [2.000]    -0.8670 [2.000]    -0.8636 [2.000]    -0.8630 [2.000]    -0.1761 [2.000]
[kpt   0   3  10]    -0.1722 [2.000]    -0.1712 [2.000]    -0.1663 [2.000]    -0.1649 [2.000]    -0.1616 [2.000]
[kpt   0   3  11]     0.7420 [2.000]     0.7453 [2.000]     0.7473 [2.000]     0.7494 [2.000]     0.7528 [2.000]
[kpt   0   3  12]     0.7601 [2.000]     1.5452 [2.000]     1.5478 [2.000]     1.5524 [2.000]     8.0121 [0.000]
[kpt   0   3  13]    10.8410 [0.000]    10.8432 [0.000]    10.8453 [0.000]    10.8515 [0.000]    10.8552 [0.000]
[kpt   0   3  14]    10.8581 [0.000]    11.1325 [0.000]    11.1362 [0.000]    11.1397 [0.000]    13.6968 [0.000]
[kpt   0   3  15]    13.6977 [0.000]    13.6997 [0.000]    13.7000 [0.000]    44.5410 [0.000]



Total charge in supercell =     128.00000000
 quench: [md:   0/100  scf:   3/30  step time:   0.15  scf time:     0.65 secs  RMS[dV]: 1.43e-02 ]


average potential <V> = -1.95e-16
Davidson converged in 3 steps

FERMI ENERGY =      1.43954406 eV
@@ EIGENVALUE SUM     =      -56.646079 Ry
@@ ION_ION            =     -272.916107 Ry
@@ ELECTROSTATIC      =     -288.249728 Ry
@@ VXC                =     -179.071100 Ry
@@ EXC                =     -137.914453 Ry
@@ TOTAL ENERGY       =     -576.655265 Ry
@@ estimated error    =        1.78e-01 Ry
Charge normalization constant -1.0: 4.440892e-16
Charge density mixing: Broyden


KOHN SHAM EIGENVALUES [eV] AT K-POINT [  0]:       0.000000      0.000000      0.000000

[kpt   0   4   0]   -18.7375 [2.000]   -17.7500 [2.000]   -17.7464 [2.000]   -17.7382 [2.000]   -17.7328 [2.000]
[kpt   0   4   1]   -17.7185 [2.000]   -17.7003 [2.000]   -16.3499 [2.000]   -16.3467 [2.000]   -16.3412 [2.000]
[kpt   0   4   2]   -16.3284 [2.000]   -16.3186 [2.000]   -16.3099 [2.000]   -16.2947 [2.000]   -16.2925 [2.000]
[kpt   0   4   3]   -16.2580 [2.000]    -9.3737 [2.000]    -6.9138 [2.000]    -6.9122 [2.000]    -6.9066 [2.000]
[kpt   0   4   4]    -6.9016 [2.000]    -6.8907 [2.000]    -6.8769 [2.000]    -5.0973 [2.000]    -5.0849 [2.000]
[kpt   0   4   5]    -5.0708 [2.000]    -4.4709 [2.000]    -4.4668 [2.000]    -4.4606 [2.000]    -4.4536 [2.000]
[kpt   0   4   6]    -4.4402 [2.000]    -4.4249 [2.000]    -1.9367 [2.000]    -1.9350 [2.000]    -1.9230 [2.000]
[kpt   0   4   7]    -1.9224 [2.000]    -1.9126 [2.000]    -1.9023 [2.000]    -1.6574 [2.000]    -1.6566 [2.000]
[kpt   0   4   8]    -1.4975 [2.000]    -1.4951 [2.000]    -1.4833 [2.000]    -1.4818 [2.000]    -1.4727 [2.000]
[kpt   0   4   9]    -1.4591 [2.000]    -1.0140 [2.000]    -1.0135 [2.000]    -1.0129 [2.000]    -0.3289 [2.000]
[kpt   0   4  10]    -0.3257 [2.000]    -0.3126 [2.000]    -0.3098 [2.000]    -0.2993 [2.000]    -0.2830 [2.000]
[kpt   0   4  11]     0.5991 [2.000]     0.6012 [2.000]     0.6167 [2.000]     0.6188 [2.000]     0.6310 [2.000]
[kpt   0   4  12]     0.6427 [2.000]     1.4128 [2.000]     1.4275 [2.000]     1.4395 [2.000]     7.0943 [0.000]
[kpt   0   4  13]     9.9859 [0.000]     9.9915 [0.000]     9.9930 [0.000]     9.9965 [0.000]     9.9996 [0.000]
[kpt   0   4  14]    10.0051 [0.000]    10.5067 [0.000]    10.5082 [0.000]    10.5097 [0.000]    13.1942 [0.000]
[kpt   0   4  15]    13.2229 [0.000]    13.2258 [0.000]    13.2312 [0.000]    13.2331 [0.000]



Total charge in supercell =     128.00000000
 quench: [md:   0/100  scf:   4/30  step time:   0.18  scf time:     0.83 secs  RMS[dV]: 1.05e-02 ]


average potential <V> = 1.60e-16
Davidson converged in 2 steps

FERMI ENERGY =      0.93841794 eV
@@ EIGENVALUE SUM     =      -59.943207 Ry
@@ ION_ION            =     -272.916107 Ry
@@ ELECTROSTATIC      =     -284.663955 Ry
@@ VXC                =     -177.967965 Ry
@@ EXC                =     -137.050996 Ry
@@ TOTAL ENERGY       =     -576.606300 Ry
@@ estimated error    =        1.53e-01 Ry
Charge normalization constant -1.0: -8.881784e-16
Charge density mixing: Broyden


KOHN SHAM EIGENVALUES [eV] AT K-POINT [  0]:       0.000000      0.000000      0.000000

[kpt   0   5   0]   -19.0604 [2.000]   -18.0962 [2.000]   -18.0873 [2.000]   -18.0798 [2.000]   -18.0767 [2.000]
[kpt   0   5   1]   -18.0737 [2.000]   -18.0715 [2.000]   -16.7526 [2.000]   -16.7436 [2.000]   -16.7371 [2.000]
[kpt   0   5   2]   -16.7345 [2.000]   -16.7300 [2.000]   -16.7260 [2.000]   -16.7107 [2.000]   -16.7037 [2.000]
[kpt   0   5   3]   -16.6926 [2.000]    -9.5088 [2.000]    -7.1222 [2.000]    -7.1150 [2.000]    -7.1090 [2.000]
[kpt   0   5   4]    -7.1064 [2.000]    -7.1042 [2.000]    -7.1026 [2.000]    -5.3372 [2.000]    -5.3302 [2.000]
[kpt   0   5   5]    -5.3240 [2.000]    -4.7323 [2.000]    -4.7248 [2.000]    -4.7182 [2.000]    -4.7143 [2.000]
[kpt   0   5   6]    -4.7118 [2.000]    -4.7096 [2.000]    -2.2694 [2.000]    -2.2631 [2.000]    -2.2587 [2.000]
[kpt   0   5   7]    -2.2579 [2.000]    -2.2530 [2.000]    -2.2509 [2.000]    -2.0209 [2.000]    -2.0206 [2.000]
[kpt   0   5   8]    -1.8375 [2.000]    -1.8318 [2.000]    -1.8277 [2.000]    -1.8274 [2.000]    -1.8223 [2.000]
[kpt   0   5   9]    -1.8211 [2.000]    -1.3922 [2.000]    -1.3920 [2.000]    -1.3918 [2.000]    -0.7318 [2.000]
[kpt   0   5  10]    -0.7261 [2.000]    -0.7208 [2.000]    -0.7202 [2.000]    -0.7143 [2.000]    -0.7125 [2.000]
[kpt   0   5  11]     0.1593 [2.000]     0.1664 [2.000]     0.1720 [2.000]     0.1726 [2.000]     0.1795 [2.000]
[kpt   0   5  12]     0.1813 [2.000]     0.9253 [2.000]     0.9316 [2.000]     0.9384 [2.000]     6.8139 [0.000]
[kpt   0   5  13]     9.7584 [0.000]     9.7595 [0.000]     9.7596 [0.000]     9.7606 [0.000]     9.7620 [0.000]
[kpt   0   5  14]     9.7633 [0.000]    10.5172 [0.000]    10.5175 [0.000]    10.5177 [0.000]    12.2334 [0.000]
[kpt   0   5  15]    13.0129 [0.000]    13.0154 [0.000]    13.0168 [0.000]    13.0169 [0.000]



Total charge in supercell =     128.00000000
 quench: [md:   0/100  scf:   5/30  step time:   0.17  scf time:     1.01 secs  RMS[dV]: 9.26e-03 ]


average potential <V> = 1.03e-15
Davidson converged in 3 steps

FERMI ENERGY =      1.06878504 eV
@@ EIGENVALUE SUM     =      -58.707620 Ry
@@ ION_ION            =     -272.916107 Ry
@@ ELECTROSTATIC      =     -285.970453 Ry
@@ VXC                =     -178.297139 Ry
@@ EXC                =     -137.306321 Ry
@@ TOTAL ENERGY       =     -576.603361 Ry
@@ estimated error    =        9.91e-03 Ry
Charge normalization constant -1.0: 0.000000e+00
Charge density mixing: Broyden


KOHN SHAM EIGENVALUES [eV] AT K-POINT [  0]:       0.000000      0.000000      0.000000

[kpt   0   6   0]   -18.9276 [2.000]   -17.9455 [2.000]   -17.9452 [2.000]   -17.9447 [2.000]   -17.9441 [2.000]
[kpt   0   6   1]   -17.9427 [2.000]   -17.9412 [2.000]   -16.5940 [2.000]   -16.5935 [2.000]   -16.5930 [2.000]
[kpt   0   6   2]   -16.5921 [2.000]   -16.5907 [2.000]   -16.5893 [2.000]   -16.5625 [2.000]   -16.5605 [2.000]
[kpt   0   6   3]   -16.5581 [2.000]    -9.3790 [2.000]    -6.9720 [2.000]    -6.9718 [2.000]    -6.9713 [2.000]
[kpt   0   6   4]    -6.9709 [2.000]    -6.9700 [2.000]    -6.9689 [2.000]    -5.1969 [2.000]    -5.1959 [2.000]
[kpt   0   6   5]    -5.1947 [2.000]    -4.5714 [2.000]    -4.5709 [2.000]    -4.5704 [2.000]    -4.5698 [2.000]
[kpt   0   6   6]    -4.5687 [2.000]    -4.5674 [2.000]    -2.1499 [2.000]    -2.1498 [2.000]    -2.1488 [2.000]
[kpt   0   6   7]    -2.1487 [2.000]    -2.1479 [2.000]    -2.1473 [2.000]    -1.9064 [2.000]    -1.9064 [2.000]
[kpt   0   6   8]    -1.7167 [2.000]    -1.7165 [2.000]    -1.7156 [2.000]    -1.7154 [2.000]    -1.7148 [2.000]
[kpt   0   6   9]    -1.7132 [2.000]    -1.2604 [2.000]    -1.2603 [2.000]    -1.2602 [2.000]    -0.6003 [2.000]
[kpt   0   6  10]    -0.5999 [2.000]    -0.5989 [2.000]    -0.5988 [2.000]    -0.5978 [2.000]    -0.5962 [2.000]
[kpt   0   6  11]     0.3022 [2.000]     0.3025 [2.000]     0.3037 [2.000]     0.3038 [2.000]     0.3049 [2.000]
[kpt   0   6  12]     0.3054 [2.000]     1.0668 [2.000]     1.0679 [2.000]     1.0688 [2.000]     6.7894 [0.000]
[kpt   0   6  13]     9.7621 [0.000]     9.7625 [0.000]     9.7626 [0.000]     9.7627 [0.000]     9.7633 [0.000]
[kpt   0   6  14]     9.7634 [0.000]    10.5688 [0.000]    10.5690 [0.000]    10.5692 [0.000]    12.1674 [0.000]
[kpt   0   6  15]    13.0493 [0.000]    13.0501 [0.000]    13.0507 [0.000]    13.0508 [0.000]



Total charge in supercell =     128.00000000
 quench: [md:   0/100  scf:   6/30  step time:   0.19  scf time:     1.20 secs  RMS[dV]: 4.13e-03 ]


average potential <V> = -2.56e-16
Davidson converged in 3 steps

FERMI ENERGY =      1.08841206 eV
@@ EIGENVALUE SUM     =      -58.461480 Ry
@@ ION_ION            =     -272.916107 Ry
@@ ELECTROSTATIC      =     -286.230200 Ry
@@ VXC                =     -178.356306 Ry
@@ EXC                =     -137.351700 Ry
@@ TOTAL ENERGY       =     -576.603181 Ry
@@ estimated error    =        5.12e-04 Ry
Charge normalization constant -1.0: 1.554312e-15
Charge density mixing: Broyden


KOHN SHAM EIGENVALUES [eV] AT K-POINT [  0]:       0.000000      0.000000      0.000000

[kpt   0   7   0]   -18.8994 [2.000]   -17.9161 [2.000]   -17.9160 [2.000]   -17.9159 [2.000]   -17.9156 [2.000]
[kpt   0   7   1]   -17.9156 [2.000]   -17.9155 [2.000]   -16.5650 [2.000]   -16.5649 [2.000]   -16.5648 [2.000]
[kpt   0   7   2]   -16.5645 [2.000]   -16.5644 [2.000]   -16.5643 [2.000]   -16.5334 [2.000]   -16.5327 [2.000]
[kpt   0   7   3]   -16.5327 [2.000]    -9.3423 [2.000]    -6.9353 [2.000]    -6.9351 [2.000]    -6.9350 [2.000]
[kpt   0   7   4]    -6.9349 [2.000]    -6.9348 [2.000]    -6.9348 [2.000]    -5.1637 [2.000]    -5.1634 [2.000]
[kpt   0   7   5]    -5.1634 [2.000]    -4.5342 [2.000]    -4.5341 [2.000]    -4.5340 [2.000]    -4.5337 [2.000]
[kpt   0   7   6]    -4.5337 [2.000]    -4.5336 [2.000]    -2.1291 [2.000]    -2.1290 [2.000]    -2.1290 [2.000]
[kpt   0   7   7]    -2.1287 [2.000]    -2.1286 [2.000]    -2.1286 [2.000]    -1.8866 [2.000]    -1.8866 [2.000]
[kpt   0   7   8]    -1.6952 [2.000]    -1.6952 [2.000]    -1.6951 [2.000]    -1.6948 [2.000]    -1.6948 [2.000]
[kpt   0   7   9]    -1.6948 [2.000]    -1.2354 [2.000]    -1.2354 [2.000]    -1.2354 [2.000]    -0.5789 [2.000]
[kpt   0   7  10]    -0.5788 [2.000]    -0.5787 [2.000]    -0.5784 [2.000]    -0.5784 [2.000]    -0.5783 [2.000]
[kpt   0   7  11]     0.3249 [2.000]     0.3250 [2.000]     0.3250 [2.000]     0.3254 [2.000]     0.3255 [2.000]
[kpt   0   7  12]     0.3255 [2.000]     1.0880 [2.000]     1.0880 [2.000]     1.0884 [2.000]     6.7858 [0.000]
[kpt   0   7  13]     9.7563 [0.000]     9.7564 [0.000]     9.7564 [0.000]     9.7566 [0.000]     9.7568 [0.000]
[kpt   0   7  14]     9.7571 [0.000]    10.5897 [0.000]    10.5905 [0.000]    10.5907 [0.000]    12.1951 [0.000]
[kpt   0   7  15]    13.0433 [0.000]    13.0436 [0.000]    13.0436 [0.000]    13.0437 [0.000]



Total charge in supercell =     128.00000000
 quench: [md:   0/100  scf:   7/30  step time:   0.19  scf time:     1.39 secs  RMS[dV]: 8.85e-04 ]


average potential <V> = 1.21e-16
Davidson converged in 3 steps

FERMI ENERGY =      1.09302844 eV
@@ EIGENVALUE SUM     =      -58.408403 Ry
@@ ION_ION            =     -272.916107 Ry
@@ ELECTROSTATIC      =     -286.286938 Ry
@@ VXC                =     -178.372128 Ry
@@ EXC                =     -137.363797 Ry
@@ TOTAL ENERGY       =     -576.603116 Ry
@@ estimated error    =        3.72e-05 Ry
Charge normalization constant -1.0: 8.881784e-16
Charge density mixing: Broyden


KOHN SHAM EIGENVALUES [eV] AT K-POINT [  0]:       0.000000      0.000000      0.000000

[kpt   0   8   0]   -18.8934 [2.000]   -17.9103 [2.000]   -17.9102 [2.000]   -17.9101 [2.000]   -17.9095 [2.000]
[kpt   0   8   1]   -17.9094 [2.000]   -17.9093 [2.000]   -16.5594 [2.000]   -16.5593 [2.000]   -16.5592 [2.000]
[kpt   0   8   2]   -16.5586 [2.000]   -16.5584 [2.000]   -16.5583 [2.000]   -16.5276 [2.000]   -16.5275 [2.000]
[kpt   0   8   3]   -16.5263 [2.000]    -9.3348 [2.000]    -6.9282 [2.000]    -6.9282 [2.000]    -6.9281 [2.000]
[kpt   0   8   4]    -6.9277 [2.000]    -6.9275 [2.000]    -6.9275 [2.000]    -5.1572 [2.000]    -5.1571 [2.000]
[kpt   0   8   5]    -5.1565 [2.000]    -4.5274 [2.000]    -4.5274 [2.000]    -4.5273 [2.000]    -4.5268 [2.000]
[kpt   0   8   6]    -4.5266 [2.000]    -4.5266 [2.000]    -2.1244 [2.000]    -2.1244 [2.000]    -2.1243 [2.000]
[kpt   0   8   7]    -2.1238 [2.000]    -2.1237 [2.000]    -2.1236 [2.000]    -1.8818 [2.000]    -1.8818 [2.000]
[kpt   0   8   8]    -1.6904 [2.000]    -1.6903 [2.000]    -1.6903 [2.000]    -1.6897 [2.000]    -1.6897 [2.000]
[kpt   0   8   9]    -1.6896 [2.000]    -1.2300 [2.000]    -1.2300 [2.000]    -1.2300 [2.000]    -0.5743 [2.000]
[kpt   0   8  10]    -0.5743 [2.000]    -0.5742 [2.000]    -0.5736 [2.000]    -0.5735 [2.000]    -0.5734 [2.000]
[kpt   0   8  11]     0.3296 [2.000]     0.3297 [2.000]     0.3298 [2.000]     0.3305 [2.000]     0.3306 [2.000]
[kpt   0   8  12]     0.3306 [2.000]     1.0923 [2.000]     1.0930 [2.000]     1.0930 [2.000]     6.7856 [0.000]
[kpt   0   8  13]     9.7548 [0.000]     9.7549 [0.000]     9.7550 [0.000]     9.7551 [0.000]     9.7553 [0.000]
[kpt   0   8  14]     9.7553 [0.000]    10.5947 [0.000]    10.5955 [0.000]    10.5955 [0.000]    12.2016 [0.000]
[kpt   0   8  15]    13.0453 [0.000]    13.0454 [0.000]    13.0455 [0.000]    13.0456 [0.000]



Total charge in supercell =     128.00000000
 quench: [md:   0/100  scf:   8/30  step time:   0.19  scf time:     1.58 secs  RMS[dV]: 3.17e-04 ]


average potential <V> = 9.31e-16
Davidson converged in 4 steps

FERMI ENERGY =      1.09233650 eV
@@ EIGENVALUE SUM     =      -58.415369 Ry
@@ ION_ION            =     -272.916107 Ry
@@ ELECTROSTATIC      =     -286.279739 Ry
@@ VXC                =     -178.371148 Ry
@@ EXC                =     -137.363044 Ry
@@ TOTAL ENERGY       =     -576.603110 Ry
@@ estimated error    =        1.91e-06 Ry
Charge normalization constant -1.0: 4.440892e-16
Charge density mixing: Broyden


KOHN SHAM EIGENVALUES [eV] AT K-POINT [  0]:       0.000000      0.000000      0.000000

[kpt   0   9   0]   -18.8941 [2.000]   -17.9108 [2.000]   -17.9108 [2.000]   -17.9107 [2.000]   -17.9104 [2.000]
[kpt   0   9   1]   -17.9104 [2.000]   -17.9103 [2.000]   -16.5600 [2.000]   -16.5600 [2.000]   -16.5599 [2.000]
[kpt   0   9   2]   -16.5596 [2.000]   -16.5595 [2.000]   -16.5594 [2.000]   -16.5284 [2.000]   -16.5278 [2.000]
[kpt   0   9   3]   -16.5277 [2.000]    -9.3357 [2.000]    -6.9291 [2.000]    -6.9291 [2.000]    -6.9290 [2.000]
[kpt   0   9   4]    -6.9288 [2.000]    -6.9287 [2.000]    -6.9287 [2.000]    -5.1581 [2.000]    -5.1578 [2.000]
[kpt   0   9   5]    -5.1577 [2.000]    -4.5284 [2.000]    -4.5284 [2.000]    -4.5283 [2.000]    -4.5280 [2.000]
[kpt   0   9   6]    -4.5280 [2.000]    -4.5279 [2.000]    -2.1247 [2.000]    -2.1247 [2.000]    -2.1246 [2.000]
[kpt   0   9   7]    -2.1243 [2.000]    -2.1243 [2.000]    -2.1243 [2.000]    -1.8823 [2.000]    -1.8823 [2.000]
[kpt   0   9   8]    -1.6906 [2.000]    -1.6906 [2.000]    -1.6905 [2.000]    -1.6903 [2.000]    -1.6902 [2.000]
[kpt   0   9   9]    -1.6902 [2.000]    -1.2308 [2.000]    -1.2308 [2.000]    -1.2308 [2.000]    -0.5746 [2.000]
[kpt   0   9  10]    -0.5746 [2.000]    -0.5746 [2.000]    -0.5743 [2.000]    -0.5742 [2.000]    -0.5742 [2.000]
[kpt   0   9  11]     0.3293 [2.000]     0.3293 [2.000]     0.3293 [2.000]     0.3297 [2.000]     0.3297 [2.000]
[kpt   0   9  12]     0.3297 [2.000]     1.0920 [2.000]     1.0920 [2.000]     1.0923 [2.000]     6.7856 [0.000]
[kpt   0   9  13]     9.7536 [0.000]     9.7536 [0.000]     9.7538 [0.000]     9.7539 [0.000]     9.7542 [0.000]
[kpt   0   9  14]     9.7542 [0.000]    10.5941 [0.000]    10.5944 [0.000]    10.5945 [0.000]    12.2011 [0.000]
[kpt   0   9  15]    13.0453 [0.000]    13.0454 [0.000]    13.0454 [0.000]    13.0454 [0.000]



Total charge in supercell =     128.00000000
 quench: [md:   0/100  scf:   9/30  step time:   0.23  scf time:     1.81 secs  RMS[dV]: 6.42e-05 ]


average potential <V> = -1.49e-16
Davidson converged in 2 steps

FERMI ENERGY =      1.09246609 eV
@@ EIGENVALUE SUM     =      -58.414449 Ry
@@ ION_ION            =     -272.916107 Ry
@@ ELECTROSTATIC      =     -286.280803 Ry
@@ VXC                =     -178.371888 Ry
@@ EXC                =     -137.363642 Ry
@@ TOTAL ENERGY       =     -576.603112 Ry
@@ estimated error    =        4.66e-07 Ry
Charge normalization constant -1.0: 4.440892e-16
Charge density mixing: Broyden


KOHN SHAM EIGENVALUES [eV] AT K-POINT [  0]:       0.000000      0.000000      0.000000

[kpt   0  10   0]   -18.8941 [2.000]   -17.9105 [2.000]   -17.9105 [2.000]   -17.9105 [2.000]   -17.9105 [2.000]
[kpt   0  10   1]   -17.9105 [2.000]   -17.9105 [2.000]   -16.5596 [2.000]   -16.5596 [2.000]   -16.5596 [2.000]
[kpt   0  10   2]   -16.5596 [2.000]   -16.5596 [2.000]   -16.5596 [2.000]   -16.5278 [2.000]   -16.5278 [2.000]
[kpt   0  10   3]   -16.5278 [2.000]    -9.3360 [2.000]    -6.9291 [2.000]    -6.9291 [2.000]    -6.9291 [2.000]
[kpt   0  10   4]    -6.9291 [2.000]    -6.9291 [2.000]    -6.9291 [2.000]    -5.1580 [2.000]    -5.1580 [2.000]
[kpt   0  10   5]    -5.1580 [2.000]    -4.5284 [2.000]    -4.5284 [2.000]    -4.5284 [2.000]    -4.5284 [2.000]
[kpt   0  10   6]    -4.5283 [2.000]    -4.5283 [2.000]    -2.1243 [2.000]    -2.1243 [2.000]    -2.1243 [2.000]
[kpt   0  10   7]    -2.1243 [2.000]    -2.1243 [2.000]    -2.1243 [2.000]    -1.8821 [2.000]    -1.8821 [2.000]
[kpt   0  10   8]    -1.6902 [2.000]    -1.6902 [2.000]    -1.6902 [2.000]    -1.6902 [2.000]    -1.6902 [2.000]
[kpt   0  10   9]    -1.6902 [2.000]    -1.2306 [2.000]    -1.2306 [2.000]    -1.2306 [2.000]    -0.5742 [2.000]
[kpt   0  10  10]    -0.5742 [2.000]    -0.5742 [2.000]    -0.5741 [2.000]    -0.5741 [2.000]    -0.5741 [2.000]
[kpt   0  10  11]     0.3298 [2.000]     0.3298 [2.000]     0.3298 [2.000]     0.3298 [2.000]     0.3298 [2.000]
[kpt   0  10  12]     0.3298 [2.000]     1.0924 [2.000]     1.0925 [2.000]     1.0925 [2.000]     6.7857 [0.000]
[kpt   0  10  13]     9.7532 [0.000]     9.7532 [0.000]     9.7533 [0.000]     9.7534 [0.000]     9.7536 [0.000]
[kpt   0  10  14]     9.7536 [0.000]    10.5934 [0.000]    10.5936 [0.000]    10.5937 [0.000]    12.2008 [0.000]
[kpt   0  10  15]    13.0455 [0.000]    13.0455 [0.000]    13.0455 [0.000]    13.0455 [0.000]



Total charge in supercell =     128.00000000
 quench: [md:   0/100  scf:  10/30  step time:   0.16  scf time:     1.98 secs  RMS[dV]: 2.38e-05 ]


average potential <V> = 2.49e-16
Davidson converged in 3 steps

FERMI ENERGY =      1.09273145 eV
@@ EIGENVALUE SUM     =      -58.412551 Ry
@@ ION_ION            =     -272.916107 Ry
@@ ELECTROSTATIC      =     -286.282848 Ry
@@ VXC                =     -178.372591 Ry
@@ EXC                =     -137.364198 Ry
@@ TOTAL ENERGY       =     -576.603113 Ry
@@ estimated error    =        2.84e-08 Ry
Charge normalization constant -1.0: -8.881784e-16
Charge density mixing: Broyden


KOHN SHAM EIGENVALUES [eV] AT K-POINT [  0]:       0.000000      0.000000      0.000000

[kpt   0  11   0]   -18.8939 [2.000]   -17.9103 [2.000]   -17.9103 [2.000]   -17.9103 [2.000]   -17.9103 [2.000]
[kpt   0  11   1]   -17.9103 [2.000]   -17.9103 [2.000]   -16.5594 [2.000]   -16.5594 [2.000]   -16.5594 [2.000]
[kpt   0  11   2]   -16.5594 [2.000]   -16.5594 [2.000]   -16.5593 [2.000]   -16.5276 [2.000]   -16.5276 [2.000]
[kpt   0  11   3]   -16.5276 [2.000]    -9.3358 [2.000]    -6.9290 [2.000]    -6.9290 [2.000]    -6.9290 [2.000]
[kpt   0  11   4]    -6.9290 [2.000]    -6.9289 [2.000]    -6.9289 [2.000]    -5.1579 [2.000]    -5.1579 [2.000]
[kpt   0  11   5]    -5.1578 [2.000]    -4.5282 [2.000]    -4.5282 [2.000]    -4.5282 [2.000]    -4.5282 [2.000]
[kpt   0  11   6]    -4.5282 [2.000]    -4.5282 [2.000]    -2.1241 [2.000]    -2.1241 [2.000]    -2.1241 [2.000]
[kpt   0  11   7]    -2.1241 [2.000]    -2.1241 [2.000]    -2.1241 [2.000]    -1.8819 [2.000]    -1.8819 [2.000]
[kpt   0  11   8]    -1.6900 [2.000]    -1.6900 [2.000]    -1.6900 [2.000]    -1.6900 [2.000]    -1.6900 [2.000]
[kpt   0  11   9]    -1.6900 [2.000]    -1.2304 [2.000]    -1.2304 [2.000]    -1.2304 [2.000]    -0.5739 [2.000]
[kpt   0  11  10]    -0.5739 [2.000]    -0.5739 [2.000]    -0.5739 [2.000]    -0.5739 [2.000]    -0.5739 [2.000]
[kpt   0  11  11]     0.3300 [2.000]     0.3300 [2.000]     0.3300 [2.000]     0.3300 [2.000]     0.3300 [2.000]
[kpt   0  11  12]     0.3300 [2.000]     1.0927 [2.000]     1.0927 [2.000]     1.0927 [2.000]     6.7858 [0.000]
[kpt   0  11  13]     9.7530 [0.000]     9.7530 [0.000]     9.7531 [0.000]     9.7532 [0.000]     9.7532 [0.000]
[kpt   0  11  14]     9.7533 [0.000]    10.5933 [0.000]    10.5934 [0.000]    10.5934 [0.000]    12.2009 [0.000]
[kpt   0  11  15]    13.0456 [0.000]    13.0456 [0.000]    13.0456 [0.000]    13.0456 [0.000]



Total charge in supercell =     128.00000000
 quench: [md:   0/100  scf:  11/30  step time:   0.23  scf time:     2.20 secs  RMS[dV]: 1.21e-05 ]


average potential <V> = 6.93e-16
Davidson converged in 2 steps

FERMI ENERGY =      1.09262441 eV
@@ EIGENVALUE SUM     =      -58.413148 Ry
@@ ION_ION            =     -272.916107 Ry
@@ ELECTROSTATIC      =     -286.282201 Ry
@@ VXC                =     -178.372356 Ry
@@ EXC                =     -137.364014 Ry
@@ TOTAL ENERGY       =     -576.603113 Ry
@@ estimated error    =        1.05e-08 Ry
Charge normalization constant -1.0: -2.220446e-16
Charge density mixing: Broyden


KOHN SHAM EIGENVALUES [eV] AT K-POINT [  0]:       0.000000      0.000000      0.000000

[kpt   0  12   0]   -18.8939 [2.000]   -17.9104 [2.000]   -17.9104 [2.000]   -17.9104 [2.000]   -17.9104 [2.000]
[kpt   0  12   1]   -17.9104 [2.000]   -17.9104 [2.000]   -16.5595 [2.000]   -16.5595 [2.000]   -16.5594 [2.000]
[kpt   0  12   2]   -16.5594 [2.000]   -16.5594 [2.000]   -16.5594 [2.000]   -16.5277 [2.000]   -16.5277 [2.000]
[kpt   0  12   3]   -16.5277 [2.000]    -9.3358 [2.000]    -6.9290 [2.000]    -6.9290 [2.000]    -6.9290 [2.000]
[kpt   0  12   4]    -6.9290 [2.000]    -6.9290 [2.000]    -6.9290 [2.000]    -5.1579 [2.000]    -5.1579 [2.000]
[kpt   0  12   5]    -5.1579 [2.000]    -4.5283 [2.000]    -4.5282 [2.000]    -4.5282 [2.000]    -4.5282 [2.000]
[kpt   0  12   6]    -4.5282 [2.000]    -4.5282 [2.000]    -2.1242 [2.000]    -2.1241 [2.000]    -2.1241 [2.000]
[kpt   0  12   7]    -2.1241 [2.000]    -2.1241 [2.000]    -2.1241 [2.000]    -1.8819 [2.000]    -1.8819 [2.000]
[kpt   0  12   8]    -1.6901 [2.000]    -1.6900 [2.000]    -1.6900 [2.000]    -1.6900 [2.000]    -1.6900 [2.000]
[kpt   0  12   9]    -1.6900 [2.000]    -1.2305 [2.000]    -1.2305 [2.000]    -1.2305 [2.000]    -0.5740 [2.000]
[kpt   0  12  10]    -0.5740 [2.000]    -0.5740 [2.000]    -0.5740 [2.000]    -0.5740 [2.000]    -0.5740 [2.000]
[kpt   0  12  11]     0.3299 [2.000]     0.3299 [2.000]     0.3299 [2.000]     0.3299 [2.000]     0.3299 [2.000]
[kpt   0  12  12]     0.3299 [2.000]     1.0926 [2.000]     1.0926 [2.000]     1.0926 [2.000]     6.7857 [0.000]
[kpt   0  12  13]     9.7528 [0.000]     9.7528 [0.000]     9.7528 [0.000]     9.7529 [0.000]     9.7529 [0.000]
[kpt   0  12  14]     9.7530 [0.000]    10.5931 [0.000]    10.5932 [0.000]    10.5932 [0.000]    12.2008 [0.000]
[kpt   0  12  15]    13.0455 [0.000]    13.0456 [0.000]    13.0456 [0.000]    13.0456 [0.000]



Total charge in supercell =     128.00000000
 quench: [md:   0/100  scf:  12/30  step time:   0.17  scf time:     2.37 secs  RMS[dV]: 3.27e-06 ]


average potential <V> = -4.97e-16
Davidson converged in 3 steps

FERMI ENERGY =      1.09262299 eV
@@ EIGENVALUE SUM     =      -58.413082 Ry
@@ ION_ION            =     -272.916107 Ry
@@ ELECTROSTATIC      =     -286.282268 Ry
@@ VXC                =     -178.372371 Ry
@@ EXC                =     -137.364027 Ry
@@ TOTAL ENERGY       =     -576.603113 Ry
@@ estimated error    =        6.00e-10 Ry
Charge normalization constant -1.0: 1.110223e-15
Charge density mixing: Broyden


KOHN SHAM EIGENVALUES [eV] AT K-POINT [  0]:       0.000000      0.000000      0.000000

[kpt   0  13   0]   -18.8939 [2.000]   -17.9104 [2.000]   -17.9104 [2.000]   -17.9104 [2.000]   -17.9104 [2.000]
[kpt   0  13   1]   -17.9104 [2.000]   -17.9104 [2.000]   -16.5594 [2.000]   -16.5594 [2.000]   -16.5594 [2.000]
[kpt   0  13   2]   -16.5594 [2.000]   -16.5594 [2.000]   -16.5594 [2.000]   -16.5277 [2.000]   -16.5277 [2.000]
[kpt   0  13   3]   -16.5277 [2.000]    -9.3358 [2.000]    -6.9290 [2.000]    -6.9290 [2.000]    -6.9290 [2.000]
[kpt   0  13   4]    -6.9290 [2.000]    -6.9290 [2.000]    -6.9290 [2.000]    -5.1579 [2.000]    -5.1579 [2.000]
[kpt   0  13   5]    -5.1579 [2.000]    -4.5282 [2.000]    -4.5282 [2.000]    -4.5282 [2.000]    -4.5282 [2.000]
[kpt   0  13   6]    -4.5282 [2.000]    -4.5282 [2.000]    -2.1241 [2.000]    -2.1241 [2.000]    -2.1241 [2.000]
[kpt   0  13   7]    -2.1241 [2.000]    -2.1241 [2.000]    -2.1241 [2.000]    -1.8819 [2.000]    -1.8819 [2.000]
[kpt   0  13   8]    -1.6900 [2.000]    -1.6900 [2.000]    -1.6900 [2.000]    -1.6900 [2.000]    -1.6900 [2.000]
[kpt   0  13   9]    -1.6900 [2.000]    -1.2305 [2.000]    -1.2305 [2.000]    -1.2305 [2.000]    -0.5740 [2.000]
[kpt   0  13  10]    -0.5740 [2.000]    -0.5740 [2.000]    -0.5740 [2.000]    -0.5740 [2.000]    -0.5740 [2.000]
[kpt   0  13  11]     0.3299 [2.000]     0.3299 [2.000]     0.3299 [2.000]     0.3299 [2.000]     0.3299 [2.000]
[kpt   0  13  12]     0.3299 [2.000]     1.0926 [2.000]     1.0926 [2.000]     1.0926 [2.000]     6.7857 [0.000]
[kpt   0  13  13]     9.7527 [0.000]     9.7527 [0.000]     9.7527 [0.000]     9.7527 [0.000]     9.7528 [0.000]
[kpt   0  13  14]     9.7528 [0.000]    10.5931 [0.000]    10.5931 [0.000]    10.5931 [0.000]    12.2008 [0.000]
[kpt   0  13  15]    13.0455 [0.000]    13.0456 [0.000]    13.0456 [0.000]    13.0456 [0.000]



Total charge in supercell =     128.00000000
 quench: [md:   0/100  scf:  13/30  step time:   0.23  scf time:     2.60 secs  RMS[dV]: 1.52e-06 ]



 Convergence criterion reached: Energy variation (8.30e-11) is lower than threshold (1.00e-10)

potential convergence has been achieved. stopping ...

[   0  14   14        4 ] Quench.cpp: 
@@ TOTAL ENEGY Components 
@@ ION_ION            =     -272.916107 Ry
@@ ELECTROSTATIC      =      286.282268 Ry
@@ EXC                =     -137.364050 Ry
@@ vdw correction     =        0.000000 Ry
@@ LdaU correction    =        0.000000 Ry
@@ total              =        0.000000 Ry
final total energy from eig sum =    -576.60311317 Ry


KOHN SHAM EIGENVALUES [eV] AT K-POINT [  0]:       0.000000      0.000000      0.000000

[kpt   0  14   0]   -18.8939 [2.000]   -17.9104 [2.000]   -17.9104 [2.000]   -17.9104 [2.000]   -17.9104 [2.000]
[kpt   0  14   1]   -17.9104 [2.000]   -17.9104 [2.000]   -16.5594 [2.000]   -16.5594 [2.000]   -16.5594 [2.000]
[kpt   0  14   2]   -16.5594 [2.000]   -16.5594 [2.000]   -16.5594 [2.000]   -16.5277 [2.000]   -16.5277 [2.000]
[kpt   0  14   3]   -16.5277 [2.000]    -9.3358 [2.000]    -6.9290 [2.000]    -6.9290 [2.000]    -6.9290 [2.000]
[kpt   0  14   4]    -6.9290 [2.000]    -6.9290 [2.000]    -6.9290 [2.000]    -5.1579 [2.000]    -5.1579 [2.000]
[kpt   0  14   5]    -5.1579 [2.000]    -4.5282 [2.000]    -4.5282 [2.000]    -4.5282 [2.000]    -4.5282 [2.000]
[kpt   0  14   6]    -4.5282 [2.000]    -4.5282 [2.000]    -2.1241 [2.000]    -2.1241 [2.000]    -2.1241 [2.000]
[kpt   0  14   7]    -2.1241 [2.000]    -2.1241 [2.000]    -2.1241 [2.000]    -1.8819 [2.000]    -1.8819 [2.000]
[kpt   0  14   8]    -1.6900 [2.000]    -1.6900 [2.000]    -1.6900 [2.000]    -1.6900 [2.000]    -1.6900 [2.000]
[kpt   0  14   9]    -1.6900 [2.000]    -1.2305 [2.000]    -1.2305 [2.000]    -1.2305 [2.000]    -0.5740 [2.000]
[kpt   0  14  10]    -0.5740 [2.000]    -0.5740 [2.000]    -0.5740 [2.000]    -0.5740 [2.000]    -0.5740 [2.000]
[kpt   0  14  11]     0.3299 [2.000]     0.3299 [2.000]     0.3299 [2.000]     0.3299 [2.000]     0.3299 [2.000]
[kpt   0  14  12]     0.3299 [2.000]     1.0926 [2.000]     1.0926 [2.000]     1.0926 [2.000]     6.7857 [0.000]
[kpt   0  14  13]     9.7527 [0.000]     9.7527 [0.000]     9.7527 [0.000]     9.7527 [0.000]     9.7528 [0.000]
[kpt   0  14  14]     9.7528 [0.000]    10.5931 [0.000]    10.5931 [0.000]    10.5931 [0.000]    12.2008 [0.000]
[kpt   0  14  15]    13.0455 [0.000]    13.0456 [0.000]    13.0456 [0.000]    13.0456 [0.000]



Total charge in supercell =     128.00000000
 volume and energy per atom =        15.03933867       -326.87852117 eV

 Vdd took 0.000137 seconds
WriteRestart: Output file given as /dev/null, no restart data written ...



  IONIC POSITIONS [a0] AND FORCES [Ry/a0]
  Charge analysis using: Voronoi Deformation Density

@ION  Ion  Species       X           Y           Z       Charge       FX          FY         FZ      Movable
@ION    1    Si      0.0000000   0.0000000   0.0000000    0.441    0.0000000  -0.0000000  -0.0000001  1 1 1
@ION    2    Si      3.3637125   3.3637125   3.3637125    0.443    0.0000000   0.0000000  -0.0000001  1 1 1
@ION    3    Si     10.0911375   3.3637125  10.0911375    0.441   -0.0000001  -0.0000003  -0.0000001  1 1 1
@ION    4    Si      3.3637125  10.0911375  10.0911375    0.441   -0.0000002  -0.0000000   0.0000001  1 1 1
@ION    5    Si     10.0911375  10.0911375   3.3637125    0.442   -0.0000001  -0.0000000   0.0000000  1 1 1
@ION    6    Si      0.0000000   6.7274250   6.7274250    0.439    0.0000000   0.0000002  -0.0000000  1 1 1
@ION    7    Si      6.7274250   0.0000000   6.7274250    0.439    0.0000003   0.0000001   0.0000000  1 1 1
@ION    8    Si      6.7274250   6.7274250   0.0000000    0.438   -0.0000000   0.0000001   0.0000002  1 1 1
@ION    9     O      1.6818563   1.6818563   1.6818563   -0.214    0.0000001   0.0000001  -0.0000000  1 1 1
@ION   10     O     11.7729938   1.6818563  11.7729938   -0.214   -0.0000000   0.0000000  -0.0000001  1 1 1
@ION   11     O      1.6818563  11.7729938  11.7729938   -0.219    0.0000000  -0.0000001  -0.0000001  1 1 1
@ION   12     O     11.7729938  11.7729938   1.6818563   -0.223    0.0000000  -0.0000001   0.0000000  1 1 1
@ION   13     O      1.6818563   8.4092813   8.4092813   -0.214   -0.0000001   0.0000001   0.0000000  1 1 1
@ION   14     O      8.4092813   1.6818563   8.4092813   -0.214    0.0000001  -0.0000001   0.0000000  1 1 1
@ION   15     O      8.4092813   8.4092813   1.6818563   -0.215   -0.0000001  -0.0000001   0.0000000  1 1 1
@ION   16     O     11.7729938   8.4092813   5.0455688   -0.217    0.0000001  -0.0000001   0.0000002  1 1 1
@ION   17     O      5.0455688   1.6818563   5.0455688   -0.215    0.0000000   0.0000001   0.0000000  1 1 1
@ION   18     O      5.0455688   8.4092813  11.7729938   -0.217   -0.0000001   0.0000000  -0.0000000  1 1 1
@ION   19     O      1.6818563   5.0455688   5.0455688   -0.224   -0.0000000   0.0000001   0.0000000  1 1 1
@ION   20     O      8.4092813  11.7729938   5.0455688   -0.226   -0.0000000   0.0000001   0.0000001  1 1 1
@ION   21     O      8.4092813   5.0455688  11.7729938   -0.222    0.0000000  -0.0000000  -0.0000001  1 1 1
@ION   22     O     11.7729938   5.0455688   8.4092813   -0.229    0.0000000  -0.0000000  -0.0000000  1 1 1
@ION   23     O      5.0455688  11.7729938   8.4092813   -0.229    0.0000000   0.0000000   0.0000000  1 1 1
@ION   24     O      5.0455688   5.0455688   1.6818563   -0.230   -0.0000000   0.0000001  -0.0000000  1 1 1

 mean FX      =   0.00000007 Ry/a0
 mean FY      =   0.00000007 Ry/a0
 mean FZ      =   0.00000006 Ry/a0

 max FX       =   0.00000028 Ry/a0   (ion 7)
 max FY       =   0.00000026 Ry/a0   (ion 3)
 max FZ       =   0.00000018 Ry/a0   (ion 8)
 max F[x,y,z] =   0.00000028 Ry/a0
 max |F|      =   0.00000029 Ry/a0   (ion 7)

 sum FX       =  -0.00000003 Ry/a0
 sum FY       =   0.00000005 Ry/a0
 sum FZ       =   0.00000004 Ry/a0
 Average      =   0.00000004 Ry/a0
 sqrt < F^2 > =   0.00000009 Ry/a0

WriteRestart: Output file given as /dev/null, no restart data written ...


--------TIMING INFORMATION FOR Processor owned the most atoms----------------
                                        Total time               Per SCF/step

1-TOTAL                                             3.83                0.27
-----------------------------------------------------------------------------
  1-TOTAL: Init                                     1.02                0.07
  1-TOTAL: run                                      2.81                0.20
  ---------------------------------------------------------------------------
    1-TOTAL: run: Force                             0.20                0.01
    1-TOTAL: run: Scf steps                         2.56                0.18

2-Force                                             0.20                0.01
-----------------------------------------------------------------------------
  2-Force: core correction                          0.00                0.00
  2-Force: corrections                              0.04                0.00
  2-Force: ion-ion                                  0.03                0.00
  2-Force: local                                    0.04                0.00
  2-Force: non-local                                0.07                0.01
  2-Force: non-local-betaxpsi                       0.01                0.00
  2-Force: non-local-get gamma                      0.00                0.00
  2-Force: non-local-nlforce_par_Q                  0.00                0.00
  2-Force: non-local-nlforce_par_gamma              0.00                0.00
  2-Force: non-local-nlforce_par_omega              0.00                0.00
  2-Force: non-local-partial gamma                  0.00                0.00
  2-Force: non-local-veff grad                      0.00                0.00

2-Init                                              1.02                0.07
-----------------------------------------------------------------------------
  2-Init: GetNewRho                                 0.02                0.00
  2-Init: KpointClass                               0.56                0.04
  2-Init: LcaoGetPsi                                0.02                0.00
  2-Init: LcaoGetRho                                0.04                0.00
  2-Init: ReinitIonicPotentials                     0.06                0.00
  2-Init: betaxpsi                                  0.01                0.00
  2-Init: exchange/correlation                      0.01                0.00
  2-Init: hartree                                   0.01                0.00
  2-Init: normalization                             0.00                0.00
  2-Init: radial potentials                         0.22                0.02
  2-Init: subdiag                                   0.02                0.00
  2-Init: weights                                   0.00                0.00

2-Scf steps                                         2.56                0.18
-----------------------------------------------------------------------------
  2-Scf steps: Davidson                             1.56                0.11
  2-Scf steps: GetNewRho                            0.22                0.02
  2-Scf steps: Hartree                              0.13                0.01
  2-Scf steps: MgridSubspace                        0.45                0.03
  2-Scf steps: MixRho                               0.01                0.00
  2-Scf steps: exchange/correlation                 0.13                0.01

3-MgridSubspace                                     0.45                0.03
-----------------------------------------------------------------------------
  3-MgridSubspace: AppNls                           0.03                0.00
  3-MgridSubspace: Beta x psi                       0.04                0.00
  3-MgridSubspace: Diagonalization                  0.07                0.00
  3-MgridSubspace: Mg_eig                           0.31                0.02

3-ReinitIonicPotentials                             0.06                0.00
-----------------------------------------------------------------------------
  3-ReinitIonicPotentials: GetNlop                  0.00                0.00
  3-ReinitIonicPotentials: GetWeight                0.03                0.00
  3-ReinitIonicPotentials: get_QI                   0.00                0.00
  3-ReinitIonicPotentials: get_qqq                  0.00                0.00
  3-ReinitIonicPotentials: init_nuc                 0.02                0.00

4-Diagonalization                                   0.09                0.01
-----------------------------------------------------------------------------
  4-Diagonalization: ELPA/PDSYGVX/PZHEGVX           0.01                0.00
  4-Diagonalization: Hpsi                           0.05                0.00
  4-Diagonalization: MPI_Bcast                      0.00                0.00
  4-Diagonalization: Update orbitals                0.01                0.00
  ---------------------------------------------------------------------------
    4-Diagonalization: Update orbitals: gather           0.00                0.00
    4-Diagonalization: Update orbitals: gemm           0.01                0.00
  4-Diagonalization: matrix                         0.01                0.00
  ---------------------------------------------------------------------------
    4-Diagonalization: matrix: Allreduce            0.00                0.00
    4-Diagonalization: matrix: Gemm                 0.01                0.00

5-Functional                                        0.14                0.01
-----------------------------------------------------------------------------
  5-Functional: apply gradient                      0.02                0.00
  5-Functional: apply laplacian                     0.01                0.00
  5-Functional: libxc                               0.06                0.00
  5-Functional: vxc                                 0.14                0.01
  5-Functional: vxc grad                            0.08                0.01
  5-Functional: vxc local                           0.02                0.00
  5-Functional: vxc nonlocal                        0.00                0.00

6-Davidson                                          1.56                0.11
-----------------------------------------------------------------------------
  6-Davidson: Betaxpsi                              0.14                0.01
  6-Davidson: apply hamiltonian                     0.29                0.02
  6-Davidson: diagonalization                       0.26                0.02
  6-Davidson: generate residuals                    0.08                0.01
  6-Davidson: matrix setup/reduce                   0.17                0.01
  6-Davidson: normalization                         0.00                0.00
  6-Davidson: precondition                          0.53                0.04
  6-Davidson: rotate orbitals                       0.04                0.00

AppNls                                              0.15                0.01
-----------------------------------------------------------------------------
  AppNls: data_rearrange                            0.00                0.00
  ---------------------------------------------------------------------------
    AppNls: data_rearrange: alloc and zeros           0.00                0.00
    AppNls: data_rearrange: dnm                     0.00                0.00
    AppNls: data_rearrange: sint                    0.00                0.00
  AppNls: nv                                        0.13                0.01
  AppNls: nv_work                                   0.00                0.00

App_gradient                                        0.02                0.00

CPUFD                                               0.00                0.00

Compute Hpsi                                        0.05                0.00
-----------------------------------------------------------------------------
  Compute Hpsi: AppNls                              0.02                0.00
  Compute Hpsi: Threaded Apply H                    0.03                0.00

GlobalSums                                          0.14                0.01

Init                                                0.46                0.03

Init Voronoi                                        0.04                0.00

Mix rho                                             0.01                0.00
-----------------------------------------------------------------------------
  Mix rho: Broyden                                  0.01                0.00
  Mix rho: Linear                                   0.00                0.00

Orbital                                             0.00                0.00
-----------------------------------------------------------------------------
  Orbital: phase and set                            0.00                0.00
  Orbital: proj cal                                 0.00                0.00
  Trade images: trade_images                        0.00                0.00
  Trade images: trade_imagesx                       0.02                0.00

VhPfft                                              0.07                0.00

Weight                                              0.00                0.00

radial beta                                         0.19                0.01


------------------------- TIMING INFORMATION FOR THREADS  -------------------

                                           Min            Max            Avg
CPUFD                                      0.06           0.06           0.06
-----------------------------------------------------------------------------

GlobalSums                                 0.05           0.05           0.05
-----------------------------------------------------------------------------

Mg_eig                                     0.30           0.30           0.30
-----------------------------------------------------------------------------
  Mg_eig: apply hamiltonian                0.14           0.14           0.14
  Mg_eig: mgrid_solv                       0.11           0.11           0.11
  Trade images: trade_images               0.48           0.48           0.48
  Trade images: trade_imagesx              0.32           0.32           0.32
