RMG initialization ... 1 image(s) total, 1 per node. 32 MPI processes/image. Thread level 2.
FFT-FD  0.000000e+00   7.854626e-01   7.853958e-01   6.676882e-05
FFT-FD  1.000000e+00   7.854626e-01   7.853958e-01   6.676882e-05
IP=0 M = 0.000000e+00  -inf  6.676882e-05
FFT-FD  0.000000e+00   2.257188e+00   2.256865e+00   3.222449e-04
FFT-FD  1.000000e+00   2.257188e+00   2.256865e+00   3.222449e-04
IP=1 M = 0.000000e+00  -inf  3.222449e-04
FFT-FD  0.000000e+00   2.257188e+00   2.256865e+00   3.222449e-04
FFT-FD  1.000000e+00   2.257188e+00   2.256865e+00   3.222449e-04
IP=2 M = 0.000000e+00  -inf  3.222449e-04
FFT-FD  0.000000e+00   2.257188e+00   2.256865e+00   3.222449e-04
FFT-FD  1.000000e+00   2.257188e+00   2.256865e+00   3.222449e-04
IP=3 M = 0.000000e+00  -inf  3.222449e-04
FFT-FD  0.000000e+00   2.678435e-01   2.678433e-01   1.033592e-07
FFT-FD  1.000000e+00   2.678435e-01   2.678433e-01   1.033592e-07
IP=0 M = 0.000000e+00  -inf  1.033592e-07
FFT-FD  0.000000e+00   3.882435e-01   3.882435e-01   1.583544e-09
FFT-FD  1.000000e+00   3.882435e-01   3.882435e-01   1.583544e-09
IP=1 M = 0.000000e+00  -inf  1.583544e-09
FFT-FD  0.000000e+00   3.882435e-01   3.882435e-01   1.583544e-09
FFT-FD  1.000000e+00   3.882435e-01   3.882435e-01   1.583544e-09
IP=2 M = 0.000000e+00  -inf  1.583544e-09
FFT-FD  0.000000e+00   3.882435e-01   3.882435e-01   1.583543e-09
FFT-FD  1.000000e+00   3.882435e-01   3.882435e-01   1.583543e-09
IP=3 M = 0.000000e+00  -inf  1.583543e-09
NEWCFAC = 0.000000  0.000000


                     * * * * * * * * * *
                     *    R   M   G    *
                     * * * * * * * * * *

     -- A Real Space Multigrid Electronic structure code --
     --      More information at www.rmgdft.org          --

Code Revision:     v5.1.0_53_g887bfc3b
Build Date:        May 15 2023  14:30:00
Start time:        Tue May 16 15:17:02 2023

NOTICE: RMG internal pseudopotentials have switched to
ONCVP from Ultrasoft. You can revert to Ultrasoft by
adding the input tag internal_pseudo_type="ultrasoft" to
your input files.


Files
   Control input file:        input2
   Data output file:          /dev/null

Run Setup
    Calculation type:         Quench electrons - Fixed ions SCF calculation
    Description:              SiO2
    Orbital Initialization:   LCAO (96 LCAO and 0 random orbitals)
    Exchange Correlation:     pbe
    Spin Polarization:        OFF
    System charge:            Neutral

Processor Topology
   Total PEs:                 32
   X direction:               4
   Y direction:               4
   Z direction:               2
   MG Threads/PE:             1
   OMP Threads/PE:            1

Grid Points  (Linear Anisotropy: 1.000)
    X:  Total: 44   Per PE: 11   Spacing:0.306 a0  
    Y:  Total: 44   Per PE: 11   Spacing:0.306 a0  
    Z:  Total: 44   Per PE: 22   Spacing:0.306 a0  

    Equivalent energy cutoffs (psi,rho):   105.547    422.189 Ry

    Charge density grid:         2 times finer

Coordinate planes
  Planar Anisotropy: 1.000
  A0-A1 density:    10.694
  A0-A2 density:    10.694
  A1-A2 density:    10.694


Lattice (Cell) Setup
    Type:                       Orthorhombic_primitive
    Volume (a0^3):               2435.77
    Boundary conditions:        Periodic

    X Basis Vector:      13.455       0.000       0.000 a0
    Y Basis Vector:       0.000      13.455       0.000 a0
    Z Basis Vector:       0.000       0.000      13.455 a0
    X Reci Vector:       0.074      -0.000       0.000 a0
    Y Reci Vector:       0.000       0.074       0.000 a0
    Z Reci Vector:       0.000      -0.000       0.074 a0

K-points
    Gamma Point Only (real orbitals)

Atoms and States
    Number of ions:                          24
    Number of species:                       2
    Number of states:                        79

Run Parameters
    SCF Convergence criterion (potential):   1.00e-10
    SCF Convergence criterion (energy):      1.00e-10
    Max SCF steps:                           30

SCF Cycle Settings
    Charge density mixing:                   Broyden
    Hartree Solver:                          PFFT
    Interpolation type:                      FFT

Finite Difference parameters
    Kohn Sham FD Order:                      12  
    Force Gradient Order:                    FFT
    Adaptive Finite Differencing:            Off

Subspace Diagonalization Options
    Frequency:                               every 1 SCF step(s)
    Driver:                                  ScaLapack
    Initial diagonalization:                 ON
    Folded spectrum:                         OFF

Filtering Cutoff  Parameters
    Wavefunction grid (cparm):               0.800
    Charge density grid (rhocparm):          1.000
    Filter factor:                           1.000

Multigrid (MG) Parameters
    Psi MG levels:                           3
    Psi global step:                         0.660 
    Psi pre:                                 2
    Psi post:                                2

Davidson Parameters
    Davidson multiplier:                     4
    Davidson max step:                       8
    Davidson unocc tol factor:               1000.000

Blas Libraries
    CPU support with openblas-parallel.


Atomic Species Information
(PP = Pseudopotential, US = Ultrasoft, NC = Norm Conserving)
-------------------------------------------------------------------------
|Index|Symbol| Mass|Valence| PP |  Comp  |Local| Local|Nlocal|    PP    |
|     |      |     |       |Type|Gaussian|  l  |Radius|Radius|Functional|
-------------------------------------------------------------------------
|    1|     O| 15.0|   6.00|  NC|    0.50|   -1| 10.00|  7.00|       PBE|
|    2|    Si| 28.0|   4.00|  NC|    0.50|   -1| 10.00|  7.00|       PBE|
-------------------------------------------------------------------------

Pseudopotential generation information:
   O pseudopotential file: ./@Internal
      Generation info     : Generated using ONCVPSP code by D. R. Hamann
      Author info         : anonymous
  Si pseudopotential file: ./@Internal
      Generation info     : Generated using ONCVPSP code by D. R. Hamann
      Author info         : anonymous


Memory usage (Mbytes):     Min        Max       Total
    wave functions          6.73       6.73     215.38
    beta-functions          4.09       4.09     130.88



Initial Ionic Positions And Displacements (Bohr)
Species      X           Y           Z           dX          dY          dZ
  Si       0.0000      0.0000      0.0000      0.0000      0.0000      0.0000
  Si       3.3637      3.3637      3.3637      0.0000      0.0000      0.0000
  Si      10.0911      3.3637     10.0911      0.0000      0.0000      0.0000
  Si       3.3637     10.0911     10.0911      0.0000      0.0000      0.0000
  Si      10.0911     10.0911      3.3637      0.0000      0.0000      0.0000
  Si       0.0000      6.7274      6.7274      0.0000      0.0000      0.0000
  Si       6.7274      0.0000      6.7274      0.0000      0.0000      0.0000
  Si       6.7274      6.7274      0.0000      0.0000      0.0000      0.0000
  O        1.6819      1.6819      1.6819      0.0000      0.0000      0.0000
  O       11.7730      1.6819     11.7730      0.0000      0.0000      0.0000
  O        1.6819     11.7730     11.7730      0.0000      0.0000      0.0000
  O       11.7730     11.7730      1.6819      0.0000      0.0000      0.0000
  O        1.6819      8.4093      8.4093      0.0000      0.0000      0.0000
  O        8.4093      1.6819      8.4093      0.0000      0.0000      0.0000
  O        8.4093      8.4093      1.6819      0.0000      0.0000      0.0000
  O       11.7730      8.4093      5.0456      0.0000      0.0000      0.0000
  O        5.0456      1.6819      5.0456      0.0000      0.0000      0.0000
  O        5.0456      8.4093     11.7730      0.0000      0.0000      0.0000
  O        1.6819      5.0456      5.0456      0.0000      0.0000      0.0000
  O        8.4093     11.7730      5.0456      0.0000      0.0000      0.0000
  O        8.4093      5.0456     11.7730      0.0000      0.0000      0.0000
  O       11.7730      5.0456      8.4093      0.0000      0.0000      0.0000
  O        5.0456     11.7730      8.4093      0.0000      0.0000      0.0000
  O        5.0456      5.0456      1.6819      0.0000      0.0000      0.0000


Initial Ionic Positions And Displacements (Angstrom)
Species      X           Y           Z           dX          dY          dZ
  Si       0.0000      0.0000      0.0000      0.0000      0.0000      0.0000
  Si       1.7800      1.7800      1.7800      0.0000      0.0000      0.0000
  Si       5.3400      1.7800      5.3400      0.0000      0.0000      0.0000
  Si       1.7800      5.3400      5.3400      0.0000      0.0000      0.0000
  Si       5.3400      5.3400      1.7800      0.0000      0.0000      0.0000
  Si       0.0000      3.5600      3.5600      0.0000      0.0000      0.0000
  Si       3.5600      0.0000      3.5600      0.0000      0.0000      0.0000
  Si       3.5600      3.5600      0.0000      0.0000      0.0000      0.0000
  O        0.8900      0.8900      0.8900      0.0000      0.0000      0.0000
  O        6.2300      0.8900      6.2300      0.0000      0.0000      0.0000
  O        0.8900      6.2300      6.2300      0.0000      0.0000      0.0000
  O        6.2300      6.2300      0.8900      0.0000      0.0000      0.0000
  O        0.8900      4.4500      4.4500      0.0000      0.0000      0.0000
  O        4.4500      0.8900      4.4500      0.0000      0.0000      0.0000
  O        4.4500      4.4500      0.8900      0.0000      0.0000      0.0000
  O        6.2300      4.4500      2.6700      0.0000      0.0000      0.0000
  O        2.6700      0.8900      2.6700      0.0000      0.0000      0.0000
  O        2.6700      4.4500      6.2300      0.0000      0.0000      0.0000
  O        0.8900      2.6700      2.6700      0.0000      0.0000      0.0000
  O        4.4500      6.2300      2.6700      0.0000      0.0000      0.0000
  O        4.4500      2.6700      6.2300      0.0000      0.0000      0.0000
  O        6.2300      2.6700      4.4500      0.0000      0.0000      0.0000
  O        2.6700      6.2300      4.4500      0.0000      0.0000      0.0000
  O        2.6700      2.6700      0.8900      0.0000      0.0000      0.0000

Diagonalization using scalapack for step=0  count=0



KOHN SHAM EIGENVALUES [eV] AT K-POINT [  0]:       0.000000      0.000000      0.000000

[kpt   0  -1   0]   -22.2087 [2.000]   -21.3872 [2.000]   -21.3872 [2.000]   -21.3872 [2.000]   -21.3872 [2.000]
[kpt   0  -1   1]   -21.3872 [2.000]   -21.3872 [2.000]   -20.2931 [2.000]   -20.2931 [2.000]   -20.2931 [2.000]
[kpt   0  -1   2]   -20.2733 [2.000]   -20.2733 [2.000]   -20.2733 [2.000]   -20.2733 [2.000]   -20.2733 [2.000]
[kpt   0  -1   3]   -20.2733 [2.000]   -11.9766 [2.000]    -9.9004 [2.000]    -9.9004 [2.000]    -9.9004 [2.000]
[kpt   0  -1   4]    -9.9004 [2.000]    -9.9004 [2.000]    -9.9004 [2.000]    -8.2293 [2.000]    -8.2293 [2.000]
[kpt   0  -1   5]    -8.2293 [2.000]    -7.9152 [2.000]    -7.9152 [2.000]    -7.9152 [2.000]    -7.9152 [2.000]
[kpt   0  -1   6]    -7.9152 [2.000]    -7.9152 [2.000]    -5.0402 [2.000]    -5.0402 [2.000]    -5.0402 [2.000]
[kpt   0  -1   7]    -5.0402 [2.000]    -5.0402 [2.000]    -5.0402 [2.000]    -4.9457 [2.000]    -4.9457 [2.000]
[kpt   0  -1   8]    -4.7550 [2.000]    -4.7550 [2.000]    -4.7550 [2.000]    -4.7550 [2.000]    -4.7550 [2.000]
[kpt   0  -1   9]    -4.7550 [2.000]    -4.5254 [2.000]    -4.5254 [2.000]    -4.5254 [2.000]    -3.9954 [2.000]
[kpt   0  -1  10]    -3.9954 [2.000]    -3.9954 [2.000]    -3.9954 [2.000]    -3.9954 [2.000]    -3.9954 [2.000]
[kpt   0  -1  11]    -3.4151 [2.000]    -3.4151 [2.000]    -3.4151 [2.000]    -3.4151 [2.000]    -3.4151 [2.000]
[kpt   0  -1  12]    -3.4151 [2.000]    -2.9430 [2.000]    -2.9430 [2.000]    -2.9430 [2.000]     7.6015 [0.000]
[kpt   0  -1  13]    10.2709 [0.000]    10.2709 [0.000]    10.2709 [0.000]    10.2709 [0.000]    10.2709 [0.000]
[kpt   0  -1  14]    10.2709 [0.000]    12.4051 [0.000]    12.4051 [0.000]    12.4051 [0.000]    13.3683 [0.000]
[kpt   0  -1  15]    13.3683 [0.000]    13.3683 [0.000]    13.3683 [0.000]    13.3683 [0.000]    13.3683 [0.000]
[kpt   0  -1  16]    15.0366 [0.000]    15.0366 [0.000]    15.0366 [0.000]    15.0366 [0.000]    15.0366 [0.000]
[kpt   0  -1  17]    15.0366 [0.000]    15.3543 [0.000]    15.3543 [0.000]    15.3543 [0.000]    15.3543 [0.000]
[kpt   0  -1  18]    15.3543 [0.000]    15.3543 [0.000]    16.6389 [0.000]    16.6389 [0.000]    16.6389 [0.000]
[kpt   0  -1  19]    17.1976 [0.000]


Charge normalization constant -1.0: 2.220446e-15
Charge density mixing: Linear with a constant of 0.50 

Diagonalization using scalapack for step=0  count=1


FERMI ENERGY =     -0.22142106 eV
@@ EIGENVALUE SUM     =      -66.990723 Ry
@@ ION_ION            =     -272.916107 Ry
@@ ELECTROSTATIC      =     -284.814860 Ry
@@ VXC                =     -179.022483 Ry
@@ EXC                =     -137.828300 Ry
@@ TOTAL ENERGY       =     -583.527507 Ry
@@ estimated error    =   ****************
Charge normalization constant -1.0: 4.440892e-16
Charge density mixing: Linear with a constant of 0.50 
WriteRestart: Output file given as /dev/null, no restart data written ...


KOHN SHAM EIGENVALUES [eV] AT K-POINT [  0]:       0.000000      0.000000      0.000000

[kpt   0   0   0]   -19.8115 [2.000]   -18.8515 [2.000]   -18.8468 [2.000]   -18.8418 [2.000]   -18.8344 [2.000]
[kpt   0   0   1]   -18.8318 [2.000]   -18.8307 [2.000]   -17.5537 [2.000]   -17.5479 [2.000]   -17.5401 [2.000]
[kpt   0   0   2]   -17.5349 [2.000]   -17.5295 [2.000]   -17.5252 [2.000]   -17.5250 [2.000]   -17.5227 [2.000]
[kpt   0   0   3]   -17.5188 [2.000]    -9.7251 [2.000]    -7.5064 [2.000]    -7.5020 [2.000]    -7.4953 [2.000]
[kpt   0   0   4]    -7.4915 [2.000]    -7.4841 [2.000]    -7.4815 [2.000]    -5.9202 [2.000]    -5.9107 [2.000]
[kpt   0   0   5]    -5.9078 [2.000]    -5.2434 [2.000]    -5.2412 [2.000]    -5.2377 [2.000]    -5.2307 [2.000]
[kpt   0   0   6]    -5.2258 [2.000]    -5.2246 [2.000]    -3.0105 [2.000]    -3.0070 [2.000]    -3.0052 [2.000]
[kpt   0   0   7]    -3.0038 [2.000]    -3.0027 [2.000]    -3.0022 [2.000]    -2.8085 [2.000]    -2.8082 [2.000]
[kpt   0   0   8]    -2.6773 [2.000]    -2.6762 [2.000]    -2.6725 [2.000]    -2.6715 [2.000]    -2.6675 [2.000]
[kpt   0   0   9]    -2.6497 [2.000]    -2.1037 [2.000]    -2.1031 [2.000]    -2.0934 [2.000]    -1.6220 [2.000]
[kpt   0   0  10]    -1.6212 [2.000]    -1.6147 [2.000]    -1.6123 [2.000]    -1.6109 [2.000]    -1.6070 [2.000]
[kpt   0   0  11]    -0.8240 [2.000]    -0.8236 [2.000]    -0.8235 [2.000]    -0.8200 [2.000]    -0.8185 [2.000]
[kpt   0   0  12]    -0.8174 [2.000]    -0.2296 [2.000]    -0.2242 [2.000]    -0.2214 [2.000]     8.3816 [0.000]
[kpt   0   0  13]    10.9158 [0.000]    10.9180 [0.000]    10.9216 [0.000]    10.9364 [0.000]    10.9380 [0.000]
[kpt   0   0  14]    10.9402 [0.000]    12.1446 [0.000]    12.1664 [0.000]    12.1673 [0.000]    13.9095 [0.000]
[kpt   0   0  15]    13.9098 [0.000]    13.9136 [0.000]    13.9188 [0.000]    13.9227 [0.000]



Total charge in supercell =     128.00000000
 quench: [md:   0/100  scf:   0/30  step time:   0.19  scf time:     0.25 secs  RMS[dV]: 5.24e-02 ]


average potential <V> = -5.90e-16

Diagonalization using scalapack for step=1  count=2


FERMI ENERGY =      1.28827117 eV
@@ EIGENVALUE SUM     =      -55.849784 Ry
@@ ION_ION            =     -272.916107 Ry
@@ ELECTROSTATIC      =     -297.325281 Ry
@@ VXC                =     -182.324350 Ry
@@ EXC                =     -140.395556 Ry
@@ TOTAL ENERGY       =     -584.162378 Ry
@@ estimated error    =        6.84e-01 Ry
Charge normalization constant -1.0: -6.661338e-16
Charge density mixing: Linear with a constant of 0.50 


KOHN SHAM EIGENVALUES [eV] AT K-POINT [  0]:       0.000000      0.000000      0.000000

[kpt   0   1   0]   -18.6051 [2.000]   -17.5906 [2.000]   -17.5765 [2.000]   -17.5668 [2.000]   -17.5586 [2.000]
[kpt   0   1   1]   -17.5573 [2.000]   -17.5456 [2.000]   -16.1070 [2.000]   -16.0998 [2.000]   -16.0857 [2.000]
[kpt   0   1   2]   -16.0828 [2.000]   -16.0805 [2.000]   -16.0774 [2.000]   -16.0676 [2.000]   -16.0607 [2.000]
[kpt   0   1   3]   -16.0588 [2.000]    -9.3418 [2.000]    -6.8414 [2.000]    -6.8357 [2.000]    -6.8318 [2.000]
[kpt   0   1   4]    -6.8282 [2.000]    -6.8244 [2.000]    -6.8106 [2.000]    -5.0369 [2.000]    -5.0311 [2.000]
[kpt   0   1   5]    -5.0295 [2.000]    -4.3889 [2.000]    -4.3863 [2.000]    -4.3835 [2.000]    -4.3795 [2.000]
[kpt   0   1   6]    -4.3731 [2.000]    -4.3721 [2.000]    -1.7966 [2.000]    -1.7930 [2.000]    -1.7909 [2.000]
[kpt   0   1   7]    -1.7894 [2.000]    -1.7841 [2.000]    -1.7802 [2.000]    -1.5274 [2.000]    -1.5261 [2.000]
[kpt   0   1   8]    -1.4511 [2.000]    -1.4457 [2.000]    -1.4437 [2.000]    -1.4424 [2.000]    -1.4339 [2.000]
[kpt   0   1   9]    -1.4269 [2.000]    -0.9109 [2.000]    -0.9097 [2.000]    -0.9088 [2.000]    -0.2883 [2.000]
[kpt   0   1  10]    -0.2816 [2.000]    -0.2795 [2.000]    -0.2774 [2.000]    -0.2747 [2.000]    -0.2673 [2.000]
[kpt   0   1  11]     0.5678 [2.000]     0.5715 [2.000]     0.5730 [2.000]     0.5755 [2.000]     0.5761 [2.000]
[kpt   0   1  12]     0.5832 [2.000]     1.2853 [2.000]     1.2869 [2.000]     1.2883 [2.000]     8.7898 [0.000]
[kpt   0   1  13]    11.2802 [0.000]    11.2935 [0.000]    11.2953 [0.000]    11.2963 [0.000]    11.3050 [0.000]
[kpt   0   1  14]    11.3062 [0.000]    11.7825 [0.000]    11.8084 [0.000]    11.8093 [0.000]    14.1316 [0.000]
[kpt   0   1  15]    14.1328 [0.000]    14.1360 [0.000]    14.1412 [0.000]    47.2996 [0.000]



Total charge in supercell =     128.00000000
 quench: [md:   0/100  scf:   1/30  step time:   0.17  scf time:     0.42 secs  RMS[dV]: 3.07e-02 ]


average potential <V> = -9.13e-16

Diagonalization using scalapack for step=2  count=3


FERMI ENERGY =      1.71915817 eV
@@ EIGENVALUE SUM     =      -53.445013 Ry
@@ ION_ION            =     -272.916107 Ry
@@ ELECTROSTATIC      =     -296.917963 Ry
@@ VXC                =     -181.937810 Ry
@@ EXC                =     -140.092118 Ry
@@ TOTAL ENERGY       =     -581.433391 Ry
@@ estimated error    =        1.79e-01 Ry
Charge normalization constant -1.0: -2.220446e-16
Charge density mixing: Linear with a constant of 0.50 


KOHN SHAM EIGENVALUES [eV] AT K-POINT [  0]:       0.000000      0.000000      0.000000

[kpt   0   2   0]   -18.3859 [2.000]   -17.3635 [2.000]   -17.3509 [2.000]   -17.3450 [2.000]   -17.3339 [2.000]
[kpt   0   2   1]   -17.3308 [2.000]   -17.3141 [2.000]   -15.8676 [2.000]   -15.8630 [2.000]   -15.8546 [2.000]
[kpt   0   2   2]   -15.8507 [2.000]   -15.8410 [2.000]   -15.8370 [2.000]   -15.8162 [2.000]   -15.8010 [2.000]
[kpt   0   2   3]   -15.7947 [2.000]    -9.1960 [2.000]    -6.6595 [2.000]    -6.6559 [2.000]    -6.6534 [2.000]
[kpt   0   2   4]    -6.6517 [2.000]    -6.6498 [2.000]    -6.6394 [2.000]    -4.8400 [2.000]    -4.8343 [2.000]
[kpt   0   2   5]    -4.8322 [2.000]    -4.1997 [2.000]    -4.1971 [2.000]    -4.1917 [2.000]    -4.1867 [2.000]
[kpt   0   2   6]    -4.1845 [2.000]    -4.1785 [2.000]    -1.5664 [2.000]    -1.5623 [2.000]    -1.5557 [2.000]
[kpt   0   2   7]    -1.5538 [2.000]    -1.5512 [2.000]    -1.5429 [2.000]    -1.2837 [2.000]    -1.2833 [2.000]
[kpt   0   2   8]    -1.1752 [2.000]    -1.1630 [2.000]    -1.1612 [2.000]    -1.1594 [2.000]    -1.1574 [2.000]
[kpt   0   2   9]    -1.1532 [2.000]    -0.6636 [2.000]    -0.6605 [2.000]    -0.6563 [2.000]     0.0159 [2.000]
[kpt   0   2  10]     0.0248 [2.000]     0.0305 [2.000]     0.0352 [2.000]     0.0404 [2.000]     0.0525 [2.000]
[kpt   0   2  11]     0.9279 [2.000]     0.9294 [2.000]     0.9343 [2.000]     0.9390 [2.000]     0.9406 [2.000]
[kpt   0   2  12]     0.9494 [2.000]     1.7142 [2.000]     1.7182 [2.000]     1.7192 [2.000]     8.6203 [0.000]
[kpt   0   2  13]    11.2156 [0.000]    11.2267 [0.000]    11.2319 [0.000]    11.2331 [0.000]    11.2386 [0.000]
[kpt   0   2  14]    11.2410 [0.000]    11.4652 [0.000]    11.4886 [0.000]    11.4893 [0.000]    14.0568 [0.000]
[kpt   0   2  15]    14.0569 [0.000]    14.0611 [0.000]    14.0620 [0.000]    46.6539 [0.000]



Total charge in supercell =     128.00000000
 quench: [md:   0/100  scf:   2/30  step time:   0.17  scf time:     0.59 secs  RMS[dV]: 1.45e-02 ]


average potential <V> = 6.86e-16

Diagonalization using scalapack for step=3  count=4


FERMI ENERGY =      1.62287743 eV
@@ EIGENVALUE SUM     =      -54.584772 Ry
@@ ION_ION            =     -272.916107 Ry
@@ ELECTROSTATIC      =     -292.904932 Ry
@@ VXC                =     -180.595661 Ry
@@ EXC                =     -139.045192 Ry
@@ TOTAL ENERGY       =     -578.855342 Ry
@@ estimated error    =        2.93e-01 Ry
Charge normalization constant -1.0: 2.220446e-16
Charge density mixing: Linear with a constant of 0.50 


KOHN SHAM EIGENVALUES [eV] AT K-POINT [  0]:       0.000000      0.000000      0.000000

[kpt   0   3   0]   -18.5155 [2.000]   -17.5057 [2.000]   -17.4979 [2.000]   -17.4925 [2.000]   -17.4810 [2.000]
[kpt   0   3   1]   -17.4801 [2.000]   -17.4620 [2.000]   -16.0503 [2.000]   -16.0470 [2.000]   -16.0427 [2.000]
[kpt   0   3   2]   -16.0383 [2.000]   -16.0239 [2.000]   -16.0183 [2.000]   -16.0030 [2.000]   -15.9854 [2.000]
[kpt   0   3   3]   -15.9778 [2.000]    -9.2298 [2.000]    -6.7270 [2.000]    -6.7247 [2.000]    -6.7219 [2.000]
[kpt   0   3   4]    -6.7206 [2.000]    -6.7182 [2.000]    -6.7050 [2.000]    -4.9146 [2.000]    -4.9075 [2.000]
[kpt   0   3   5]    -4.9039 [2.000]    -4.2781 [2.000]    -4.2776 [2.000]    -4.2743 [2.000]    -4.2708 [2.000]
[kpt   0   3   6]    -4.2597 [2.000]    -4.2579 [2.000]    -1.6995 [2.000]    -1.6965 [2.000]    -1.6954 [2.000]
[kpt   0   3   7]    -1.6918 [2.000]    -1.6862 [2.000]    -1.6834 [2.000]    -1.4305 [2.000]    -1.4301 [2.000]
[kpt   0   3   8]    -1.2774 [2.000]    -1.2762 [2.000]    -1.2698 [2.000]    -1.2682 [2.000]    -1.2647 [2.000]
[kpt   0   3   9]    -1.2630 [2.000]    -0.7981 [2.000]    -0.7954 [2.000]    -0.7936 [2.000]    -0.1044 [2.000]
[kpt   0   3  10]    -0.1024 [2.000]    -0.1009 [2.000]    -0.0982 [2.000]    -0.0921 [2.000]    -0.0886 [2.000]
[kpt   0   3  11]     0.8134 [2.000]     0.8169 [2.000]     0.8197 [2.000]     0.8213 [2.000]     0.8279 [2.000]
[kpt   0   3  12]     0.8303 [2.000]     1.6169 [2.000]     1.6181 [2.000]     1.6229 [2.000]     8.3291 [0.000]
[kpt   0   3  13]    11.0162 [0.000]    11.0256 [0.000]    11.0315 [0.000]    11.0326 [0.000]    11.0384 [0.000]
[kpt   0   3  14]    11.0422 [0.000]    11.2499 [0.000]    11.2724 [0.000]    11.2732 [0.000]    13.8551 [0.000]
[kpt   0   3  15]    13.8557 [0.000]    13.8586 [0.000]    13.8596 [0.000]    45.9361 [0.000]



Total charge in supercell =     128.00000000
 quench: [md:   0/100  scf:   3/30  step time:   0.17  scf time:     0.77 secs  RMS[dV]: 1.42e-02 ]


average potential <V> = 8.59e-16
Davidson converged in 3 steps

FERMI ENERGY =      1.57767112 eV
@@ EIGENVALUE SUM     =      -55.677631 Ry
@@ ION_ION            =     -272.916107 Ry
@@ ELECTROSTATIC      =     -289.303673 Ry
@@ VXC                =     -179.439482 Ry
@@ EXC                =     -138.143191 Ry
@@ TOTAL ENERGY       =     -576.601120 Ry
@@ estimated error    =        1.88e-01 Ry
Charge normalization constant -1.0: -6.661338e-16
Charge density mixing: Broyden


KOHN SHAM EIGENVALUES [eV] AT K-POINT [  0]:       0.000000      0.000000      0.000000

[kpt   0   4   0]   -18.6413 [2.000]   -17.6519 [2.000]   -17.6388 [2.000]   -17.6342 [2.000]   -17.6269 [2.000]
[kpt   0   4   1]   -17.6173 [2.000]   -17.5972 [2.000]   -16.2368 [2.000]   -16.2233 [2.000]   -16.2144 [2.000]
[kpt   0   4   2]   -16.2113 [2.000]   -16.2002 [2.000]   -16.1915 [2.000]   -16.1889 [2.000]   -16.1672 [2.000]
[kpt   0   4   3]   -16.1355 [2.000]    -9.3224 [2.000]    -6.8480 [2.000]    -6.8381 [2.000]    -6.8348 [2.000]
[kpt   0   4   4]    -6.8304 [2.000]    -6.8221 [2.000]    -6.8059 [2.000]    -5.0172 [2.000]    -5.0039 [2.000]
[kpt   0   4   5]    -4.9976 [2.000]    -4.3888 [2.000]    -4.3803 [2.000]    -4.3712 [2.000]    -4.3678 [2.000]
[kpt   0   4   6]    -4.3594 [2.000]    -4.3398 [2.000]    -1.8395 [2.000]    -1.8354 [2.000]    -1.8294 [2.000]
[kpt   0   4   7]    -1.8223 [2.000]    -1.8184 [2.000]    -1.8105 [2.000]    -1.5540 [2.000]    -1.5526 [2.000]
[kpt   0   4   8]    -1.3975 [2.000]    -1.3937 [2.000]    -1.3851 [2.000]    -1.3779 [2.000]    -1.3743 [2.000]
[kpt   0   4   9]    -1.3644 [2.000]    -0.9049 [2.000]    -0.9038 [2.000]    -0.9027 [2.000]    -0.2118 [2.000]
[kpt   0   4  10]    -0.2071 [2.000]    -0.2003 [2.000]    -0.1878 [2.000]    -0.1842 [2.000]    -0.1731 [2.000]
[kpt   0   4  11]     0.7275 [2.000]     0.7324 [2.000]     0.7416 [2.000]     0.7488 [2.000]     0.7553 [2.000]
[kpt   0   4  12]     0.7646 [2.000]     1.5568 [2.000]     1.5642 [2.000]     1.5777 [2.000]     7.2766 [0.000]
[kpt   0   4  13]    10.0422 [0.000]    10.0442 [0.000]    10.0481 [0.000]    10.0540 [0.000]    10.0691 [0.000]
[kpt   0   4  14]    10.0694 [0.000]    10.5564 [0.000]    10.5789 [0.000]    10.5804 [0.000]    13.3078 [0.000]
[kpt   0   4  15]    13.3103 [0.000]    13.3121 [0.000]    13.3143 [0.000]    13.3195 [0.000]



Total charge in supercell =     128.00000000
 quench: [md:   0/100  scf:   4/30  step time:   0.22  scf time:     0.99 secs  RMS[dV]: 1.09e-02 ]


average potential <V> = 6.94e-16
Davidson converged in 2 steps

FERMI ENERGY =      0.90115216 eV
@@ EIGENVALUE SUM     =      -60.266557 Ry
@@ ION_ION            =     -272.916107 Ry
@@ ELECTROSTATIC      =     -284.301216 Ry
@@ VXC                =     -177.925229 Ry
@@ EXC                =     -136.961761 Ry
@@ TOTAL ENERGY       =     -576.520411 Ry
@@ estimated error    =        2.53e-01 Ry
Charge normalization constant -1.0: -2.220446e-16
Charge density mixing: Broyden


KOHN SHAM EIGENVALUES [eV] AT K-POINT [  0]:       0.000000      0.000000      0.000000

[kpt   0   5   0]   -19.0957 [2.000]   -18.1322 [2.000]   -18.1218 [2.000]   -18.1168 [2.000]   -18.1161 [2.000]
[kpt   0   5   1]   -18.1130 [2.000]   -18.1038 [2.000]   -16.7937 [2.000]   -16.7788 [2.000]   -16.7776 [2.000]
[kpt   0   5   2]   -16.7735 [2.000]   -16.7696 [2.000]   -16.7625 [2.000]   -16.7486 [2.000]   -16.7449 [2.000]
[kpt   0   5   3]   -16.7305 [2.000]    -9.5416 [2.000]    -7.1571 [2.000]    -7.1485 [2.000]    -7.1463 [2.000]
[kpt   0   5   4]    -7.1448 [2.000]    -7.1419 [2.000]    -7.1339 [2.000]    -5.3702 [2.000]    -5.3660 [2.000]
[kpt   0   5   5]    -5.3597 [2.000]    -4.7703 [2.000]    -4.7598 [2.000]    -4.7585 [2.000]    -4.7559 [2.000]
[kpt   0   5   6]    -4.7521 [2.000]    -4.7443 [2.000]    -2.2962 [2.000]    -2.2917 [2.000]    -2.2896 [2.000]
[kpt   0   5   7]    -2.2866 [2.000]    -2.2822 [2.000]    -2.2805 [2.000]    -2.0510 [2.000]    -2.0503 [2.000]
[kpt   0   5   8]    -1.8648 [2.000]    -1.8610 [2.000]    -1.8586 [2.000]    -1.8569 [2.000]    -1.8521 [2.000]
[kpt   0   5   9]    -1.8502 [2.000]    -1.4267 [2.000]    -1.4263 [2.000]    -1.4260 [2.000]    -0.7619 [2.000]
[kpt   0   5  10]    -0.7576 [2.000]    -0.7548 [2.000]    -0.7518 [2.000]    -0.7471 [2.000]    -0.7449 [2.000]
[kpt   0   5  11]     0.1275 [2.000]     0.1335 [2.000]     0.1356 [2.000]     0.1383 [2.000]     0.1442 [2.000]
[kpt   0   5  12]     0.1465 [2.000]     0.8908 [2.000]     0.8972 [2.000]     0.9012 [2.000]     6.8700 [0.000]
[kpt   0   5  13]     9.7600 [0.000]     9.7615 [0.000]     9.7620 [0.000]     9.7629 [0.000]     9.7667 [0.000]
[kpt   0   5  14]     9.7689 [0.000]    10.5162 [0.000]    10.5225 [0.000]    10.5326 [0.000]    13.0169 [0.000]
[kpt   0   5  15]    13.0183 [0.000]    13.0208 [0.000]    13.0223 [0.000]    13.0280 [0.000]



Total charge in supercell =     128.00000000
 quench: [md:   0/100  scf:   5/30  step time:   0.20  scf time:     1.18 secs  RMS[dV]: 1.20e-02 ]


average potential <V> = -5.34e-17
Davidson converged in 2 steps

FERMI ENERGY =      1.07121635 eV
@@ EIGENVALUE SUM     =      -58.718954 Ry
@@ ION_ION            =     -272.916107 Ry
@@ ELECTROSTATIC      =     -285.938214 Ry
@@ VXC                =     -178.340343 Ry
@@ EXC                =     -137.283482 Ry
@@ TOTAL ENERGY       =     -576.516414 Ry
@@ estimated error    =        1.53e-02 Ry
Charge normalization constant -1.0: -1.110223e-15
Charge density mixing: Broyden


KOHN SHAM EIGENVALUES [eV] AT K-POINT [  0]:       0.000000      0.000000      0.000000

[kpt   0   6   0]   -18.9300 [2.000]   -17.9485 [2.000]   -17.9468 [2.000]   -17.9461 [2.000]   -17.9459 [2.000]
[kpt   0   6   1]   -17.9455 [2.000]   -17.9437 [2.000]   -16.5965 [2.000]   -16.5945 [2.000]   -16.5940 [2.000]
[kpt   0   6   2]   -16.5934 [2.000]   -16.5930 [2.000]   -16.5912 [2.000]   -16.5640 [2.000]   -16.5617 [2.000]
[kpt   0   6   3]   -16.5602 [2.000]    -9.3844 [2.000]    -6.9771 [2.000]    -6.9762 [2.000]    -6.9757 [2.000]
[kpt   0   6   4]    -6.9753 [2.000]    -6.9750 [2.000]    -6.9736 [2.000]    -5.2006 [2.000]    -5.1994 [2.000]
[kpt   0   6   5]    -5.1988 [2.000]    -4.5761 [2.000]    -4.5747 [2.000]    -4.5743 [2.000]    -4.5738 [2.000]
[kpt   0   6   6]    -4.5735 [2.000]    -4.5719 [2.000]    -2.1499 [2.000]    -2.1495 [2.000]    -2.1488 [2.000]
[kpt   0   6   7]    -2.1485 [2.000]    -2.1479 [2.000]    -2.1473 [2.000]    -1.9062 [2.000]    -1.9059 [2.000]
[kpt   0   6   8]    -1.7166 [2.000]    -1.7162 [2.000]    -1.7148 [2.000]    -1.7146 [2.000]    -1.7145 [2.000]
[kpt   0   6   9]    -1.7131 [2.000]    -1.2611 [2.000]    -1.2609 [2.000]    -1.2607 [2.000]    -0.5995 [2.000]
[kpt   0   6  10]    -0.5991 [2.000]    -0.5977 [2.000]    -0.5975 [2.000]    -0.5967 [2.000]    -0.5956 [2.000]
[kpt   0   6  11]     0.3036 [2.000]     0.3041 [2.000]     0.3051 [2.000]     0.3053 [2.000]     0.3062 [2.000]
[kpt   0   6  12]     0.3068 [2.000]     1.0695 [2.000]     1.0700 [2.000]     1.0712 [2.000]     6.8253 [0.000]
[kpt   0   6  13]     9.7687 [0.000]     9.7697 [0.000]     9.7699 [0.000]     9.7705 [0.000]     9.7732 [0.000]
[kpt   0   6  14]     9.7746 [0.000]    10.5716 [0.000]    10.5755 [0.000]    10.5848 [0.000]    13.0639 [0.000]
[kpt   0   6  15]    13.0644 [0.000]    13.0646 [0.000]    13.0663 [0.000]    13.0685 [0.000]



Total charge in supercell =     128.00000000
 quench: [md:   0/100  scf:   6/30  step time:   0.19  scf time:     1.37 secs  RMS[dV]: 5.09e-03 ]


average potential <V> = -4.80e-17
Davidson converged in 3 steps

FERMI ENERGY =      1.09547772 eV
@@ EIGENVALUE SUM     =      -58.428250 Ry
@@ ION_ION            =     -272.916107 Ry
@@ ELECTROSTATIC      =     -286.245150 Ry
@@ VXC                =     -178.410240 Ry
@@ EXC                =     -137.337126 Ry
@@ TOTAL ENERGY       =     -576.516392 Ry
@@ estimated error    =        5.96e-04 Ry
Charge normalization constant -1.0: -2.220446e-16
Charge density mixing: Broyden


KOHN SHAM EIGENVALUES [eV] AT K-POINT [  0]:       0.000000      0.000000      0.000000

[kpt   0   7   0]   -18.8972 [2.000]   -17.9138 [2.000]   -17.9133 [2.000]   -17.9131 [2.000]   -17.9131 [2.000]
[kpt   0   7   1]   -17.9128 [2.000]   -17.9121 [2.000]   -16.5618 [2.000]   -16.5615 [2.000]   -16.5611 [2.000]
[kpt   0   7   2]   -16.5610 [2.000]   -16.5605 [2.000]   -16.5604 [2.000]   -16.5293 [2.000]   -16.5292 [2.000]
[kpt   0   7   3]   -16.5291 [2.000]    -9.3430 [2.000]    -6.9353 [2.000]    -6.9346 [2.000]    -6.9345 [2.000]
[kpt   0   7   4]    -6.9344 [2.000]    -6.9343 [2.000]    -6.9339 [2.000]    -5.1623 [2.000]    -5.1623 [2.000]
[kpt   0   7   5]    -5.1622 [2.000]    -4.5331 [2.000]    -4.5330 [2.000]    -4.5325 [2.000]    -4.5324 [2.000]
[kpt   0   7   6]    -4.5320 [2.000]    -4.5320 [2.000]    -2.1253 [2.000]    -2.1250 [2.000]    -2.1250 [2.000]
[kpt   0   7   7]    -2.1250 [2.000]    -2.1248 [2.000]    -2.1247 [2.000]    -1.8823 [2.000]    -1.8823 [2.000]
[kpt   0   7   8]    -1.6910 [2.000]    -1.6910 [2.000]    -1.6907 [2.000]    -1.6907 [2.000]    -1.6905 [2.000]
[kpt   0   7   9]    -1.6903 [2.000]    -1.2312 [2.000]    -1.2312 [2.000]    -1.2311 [2.000]    -0.5737 [2.000]
[kpt   0   7  10]    -0.5735 [2.000]    -0.5734 [2.000]    -0.5733 [2.000]    -0.5732 [2.000]    -0.5728 [2.000]
[kpt   0   7  11]     0.3311 [2.000]     0.3312 [2.000]     0.3314 [2.000]     0.3315 [2.000]     0.3316 [2.000]
[kpt   0   7  12]     0.3317 [2.000]     1.0954 [2.000]     1.0955 [2.000]     1.0955 [2.000]     6.7892 [0.000]
[kpt   0   7  13]     9.7602 [0.000]     9.7606 [0.000]     9.7626 [0.000]     9.7635 [0.000]     9.7637 [0.000]
[kpt   0   7  14]     9.7643 [0.000]    10.5850 [0.000]    10.5851 [0.000]    10.5859 [0.000]    13.0485 [0.000]
[kpt   0   7  15]    13.0488 [0.000]    13.0488 [0.000]    13.0490 [0.000]    13.0492 [0.000]



Total charge in supercell =     128.00000000
 quench: [md:   0/100  scf:   7/30  step time:   0.24  scf time:     1.61 secs  RMS[dV]: 9.70e-04 ]


average potential <V> = 3.42e-16
Davidson converged in 3 steps

FERMI ENERGY =      1.09657645 eV
@@ EIGENVALUE SUM     =      -58.397662 Ry
@@ ION_ION            =     -272.916107 Ry
@@ ELECTROSTATIC      =     -286.277539 Ry
@@ VXC                =     -178.417368 Ry
@@ EXC                =     -137.342449 Ry
@@ TOTAL ENERGY       =     -576.516389 Ry
@@ estimated error    =        5.52e-05 Ry
Charge normalization constant -1.0: 1.332268e-15
Charge density mixing: Broyden


KOHN SHAM EIGENVALUES [eV] AT K-POINT [  0]:       0.000000      0.000000      0.000000

[kpt   0   8   0]   -18.8933 [2.000]   -17.9098 [2.000]   -17.9096 [2.000]   -17.9095 [2.000]   -17.9094 [2.000]
[kpt   0   8   1]   -17.9092 [2.000]   -17.9091 [2.000]   -16.5583 [2.000]   -16.5583 [2.000]   -16.5582 [2.000]
[kpt   0   8   2]   -16.5580 [2.000]   -16.5579 [2.000]   -16.5578 [2.000]   -16.5263 [2.000]   -16.5263 [2.000]
[kpt   0   8   3]   -16.5262 [2.000]    -9.3362 [2.000]    -6.9288 [2.000]    -6.9287 [2.000]    -6.9287 [2.000]
[kpt   0   8   4]    -6.9286 [2.000]    -6.9285 [2.000]    -6.9283 [2.000]    -5.1573 [2.000]    -5.1573 [2.000]
[kpt   0   8   5]    -5.1572 [2.000]    -4.5275 [2.000]    -4.5274 [2.000]    -4.5273 [2.000]    -4.5271 [2.000]
[kpt   0   8   6]    -4.5271 [2.000]    -4.5270 [2.000]    -2.1227 [2.000]    -2.1226 [2.000]    -2.1225 [2.000]
[kpt   0   8   7]    -2.1225 [2.000]    -2.1225 [2.000]    -2.1224 [2.000]    -1.8801 [2.000]    -1.8801 [2.000]
[kpt   0   8   8]    -1.6883 [2.000]    -1.6882 [2.000]    -1.6882 [2.000]    -1.6881 [2.000]    -1.6881 [2.000]
[kpt   0   8   9]    -1.6880 [2.000]    -1.2284 [2.000]    -1.2284 [2.000]    -1.2284 [2.000]    -0.5717 [2.000]
[kpt   0   8  10]    -0.5716 [2.000]    -0.5715 [2.000]    -0.5714 [2.000]    -0.5714 [2.000]    -0.5714 [2.000]
[kpt   0   8  11]     0.3330 [2.000]     0.3331 [2.000]     0.3331 [2.000]     0.3332 [2.000]     0.3332 [2.000]
[kpt   0   8  12]     0.3333 [2.000]     1.0965 [2.000]     1.0965 [2.000]     1.0966 [2.000]     6.7871 [0.000]
[kpt   0   8  13]     9.7551 [0.000]     9.7552 [0.000]     9.7559 [0.000]     9.7561 [0.000]     9.7561 [0.000]
[kpt   0   8  14]     9.7561 [0.000]    10.5921 [0.000]    10.5921 [0.000]    10.5925 [0.000]    13.0482 [0.000]
[kpt   0   8  15]    13.0482 [0.000]    13.0483 [0.000]    13.0483 [0.000]    13.0484 [0.000]



Total charge in supercell =     128.00000000
 quench: [md:   0/100  scf:   8/30  step time:   0.21  scf time:     1.83 secs  RMS[dV]: 3.17e-04 ]


average potential <V> = -6.67e-17
Davidson converged in 3 steps

FERMI ENERGY =      1.09820310 eV
@@ EIGENVALUE SUM     =      -58.387691 Ry
@@ ION_ION            =     -272.916107 Ry
@@ ELECTROSTATIC      =     -286.288505 Ry
@@ VXC                =     -178.421875 Ry
@@ EXC                =     -137.345961 Ry
@@ TOTAL ENERGY       =     -576.516388 Ry
@@ estimated error    =        3.61e-06 Ry
Charge normalization constant -1.0: -4.440892e-16
Charge density mixing: Broyden


KOHN SHAM EIGENVALUES [eV] AT K-POINT [  0]:       0.000000      0.000000      0.000000

[kpt   0   9   0]   -18.8923 [2.000]   -17.9086 [2.000]   -17.9085 [2.000]   -17.9084 [2.000]   -17.9083 [2.000]
[kpt   0   9   1]   -17.9083 [2.000]   -17.9082 [2.000]   -16.5571 [2.000]   -16.5570 [2.000]   -16.5570 [2.000]
[kpt   0   9   2]   -16.5569 [2.000]   -16.5568 [2.000]   -16.5568 [2.000]   -16.5252 [2.000]   -16.5251 [2.000]
[kpt   0   9   3]   -16.5250 [2.000]    -9.3359 [2.000]    -6.9284 [2.000]    -6.9283 [2.000]    -6.9282 [2.000]
[kpt   0   9   4]    -6.9282 [2.000]    -6.9281 [2.000]    -6.9281 [2.000]    -5.1568 [2.000]    -5.1567 [2.000]
[kpt   0   9   5]    -5.1567 [2.000]    -4.5270 [2.000]    -4.5270 [2.000]    -4.5269 [2.000]    -4.5268 [2.000]
[kpt   0   9   6]    -4.5267 [2.000]    -4.5267 [2.000]    -2.1214 [2.000]    -2.1214 [2.000]    -2.1213 [2.000]
[kpt   0   9   7]    -2.1213 [2.000]    -2.1212 [2.000]    -2.1212 [2.000]    -1.8788 [2.000]    -1.8788 [2.000]
[kpt   0   9   8]    -1.6869 [2.000]    -1.6869 [2.000]    -1.6868 [2.000]    -1.6868 [2.000]    -1.6868 [2.000]
[kpt   0   9   9]    -1.6867 [2.000]    -1.2273 [2.000]    -1.2273 [2.000]    -1.2273 [2.000]    -0.5702 [2.000]
[kpt   0   9  10]    -0.5702 [2.000]    -0.5701 [2.000]    -0.5701 [2.000]    -0.5700 [2.000]    -0.5700 [2.000]
[kpt   0   9  11]     0.3345 [2.000]     0.3346 [2.000]     0.3346 [2.000]     0.3346 [2.000]     0.3347 [2.000]
[kpt   0   9  12]     0.3347 [2.000]     1.0981 [2.000]     1.0982 [2.000]     1.0982 [2.000]     6.7871 [0.000]
[kpt   0   9  13]     9.7552 [0.000]     9.7553 [0.000]     9.7557 [0.000]     9.7558 [0.000]     9.7558 [0.000]
[kpt   0   9  14]     9.7560 [0.000]    10.5927 [0.000]    10.5927 [0.000]    10.5929 [0.000]    13.0488 [0.000]
[kpt   0   9  15]    13.0488 [0.000]    13.0488 [0.000]    13.0489 [0.000]    13.0490 [0.000]



Total charge in supercell =     128.00000000
 quench: [md:   0/100  scf:   9/30  step time:   0.22  scf time:     2.05 secs  RMS[dV]: 1.01e-04 ]


average potential <V> = 2.78e-16
Davidson converged in 4 steps

FERMI ENERGY =      1.09828588 eV
@@ EIGENVALUE SUM     =      -58.387795 Ry
@@ ION_ION            =     -272.916107 Ry
@@ ELECTROSTATIC      =     -286.288475 Ry
@@ VXC                =     -178.422263 Ry
@@ EXC                =     -137.346278 Ry
@@ TOTAL ENERGY       =     -576.516391 Ry
@@ estimated error    =        1.37e-07 Ry
Charge normalization constant -1.0: 2.220446e-16
Charge density mixing: Broyden


KOHN SHAM EIGENVALUES [eV] AT K-POINT [  0]:       0.000000      0.000000      0.000000

[kpt   0  10   0]   -18.8923 [2.000]   -17.9085 [2.000]   -17.9085 [2.000]   -17.9084 [2.000]   -17.9084 [2.000]
[kpt   0  10   1]   -17.9084 [2.000]   -17.9084 [2.000]   -16.5570 [2.000]   -16.5570 [2.000]   -16.5569 [2.000]
[kpt   0  10   2]   -16.5569 [2.000]   -16.5569 [2.000]   -16.5569 [2.000]   -16.5252 [2.000]   -16.5251 [2.000]
[kpt   0  10   3]   -16.5251 [2.000]    -9.3361 [2.000]    -6.9284 [2.000]    -6.9284 [2.000]    -6.9284 [2.000]
[kpt   0  10   4]    -6.9284 [2.000]    -6.9284 [2.000]    -6.9284 [2.000]    -5.1569 [2.000]    -5.1569 [2.000]
[kpt   0  10   5]    -5.1568 [2.000]    -4.5271 [2.000]    -4.5271 [2.000]    -4.5271 [2.000]    -4.5271 [2.000]
[kpt   0  10   6]    -4.5270 [2.000]    -4.5270 [2.000]    -2.1212 [2.000]    -2.1212 [2.000]    -2.1212 [2.000]
[kpt   0  10   7]    -2.1212 [2.000]    -2.1212 [2.000]    -2.1212 [2.000]    -1.8787 [2.000]    -1.8787 [2.000]
[kpt   0  10   8]    -1.6868 [2.000]    -1.6868 [2.000]    -1.6867 [2.000]    -1.6867 [2.000]    -1.6867 [2.000]
[kpt   0  10   9]    -1.6867 [2.000]    -1.2273 [2.000]    -1.2273 [2.000]    -1.2272 [2.000]    -0.5700 [2.000]
[kpt   0  10  10]    -0.5700 [2.000]    -0.5700 [2.000]    -0.5700 [2.000]    -0.5700 [2.000]    -0.5700 [2.000]
[kpt   0  10  11]     0.3347 [2.000]     0.3347 [2.000]     0.3347 [2.000]     0.3347 [2.000]     0.3347 [2.000]
[kpt   0  10  12]     0.3347 [2.000]     1.0982 [2.000]     1.0983 [2.000]     1.0983 [2.000]     6.7872 [0.000]
[kpt   0  10  13]     9.7551 [0.000]     9.7552 [0.000]     9.7554 [0.000]     9.7556 [0.000]     9.7556 [0.000]
[kpt   0  10  14]     9.7557 [0.000]    10.5926 [0.000]    10.5926 [0.000]    10.5928 [0.000]    13.0488 [0.000]
[kpt   0  10  15]    13.0488 [0.000]    13.0489 [0.000]    13.0489 [0.000]    13.0489 [0.000]



Total charge in supercell =     128.00000000
 quench: [md:   0/100  scf:  10/30  step time:   0.27  scf time:     2.32 secs  RMS[dV]: 2.10e-05 ]


average potential <V> = 1.92e-16
Davidson converged in 3 steps

FERMI ENERGY =      1.09824056 eV
@@ EIGENVALUE SUM     =      -58.387997 Ry
@@ ION_ION            =     -272.916107 Ry
@@ ELECTROSTATIC      =     -286.288265 Ry
@@ VXC                =     -178.422246 Ry
@@ EXC                =     -137.346269 Ry
@@ TOTAL ENERGY       =     -576.516391 Ry
@@ estimated error    =        1.19e-08 Ry
Charge normalization constant -1.0: -4.440892e-16
Charge density mixing: Broyden


KOHN SHAM EIGENVALUES [eV] AT K-POINT [  0]:       0.000000      0.000000      0.000000

[kpt   0  11   0]   -18.8923 [2.000]   -17.9085 [2.000]   -17.9085 [2.000]   -17.9084 [2.000]   -17.9084 [2.000]
[kpt   0  11   1]   -17.9084 [2.000]   -17.9084 [2.000]   -16.5570 [2.000]   -16.5570 [2.000]   -16.5570 [2.000]
[kpt   0  11   2]   -16.5570 [2.000]   -16.5569 [2.000]   -16.5569 [2.000]   -16.5252 [2.000]   -16.5252 [2.000]
[kpt   0  11   3]   -16.5251 [2.000]    -9.3361 [2.000]    -6.9284 [2.000]    -6.9284 [2.000]    -6.9284 [2.000]
[kpt   0  11   4]    -6.9284 [2.000]    -6.9284 [2.000]    -6.9284 [2.000]    -5.1569 [2.000]    -5.1569 [2.000]
[kpt   0  11   5]    -5.1569 [2.000]    -4.5271 [2.000]    -4.5271 [2.000]    -4.5271 [2.000]    -4.5271 [2.000]
[kpt   0  11   6]    -4.5271 [2.000]    -4.5271 [2.000]    -2.1212 [2.000]    -2.1212 [2.000]    -2.1212 [2.000]
[kpt   0  11   7]    -2.1212 [2.000]    -2.1212 [2.000]    -2.1212 [2.000]    -1.8787 [2.000]    -1.8787 [2.000]
[kpt   0  11   8]    -1.6868 [2.000]    -1.6868 [2.000]    -1.6867 [2.000]    -1.6867 [2.000]    -1.6867 [2.000]
[kpt   0  11   9]    -1.6867 [2.000]    -1.2273 [2.000]    -1.2273 [2.000]    -1.2273 [2.000]    -0.5700 [2.000]
[kpt   0  11  10]    -0.5700 [2.000]    -0.5700 [2.000]    -0.5700 [2.000]    -0.5700 [2.000]    -0.5700 [2.000]
[kpt   0  11  11]     0.3347 [2.000]     0.3347 [2.000]     0.3347 [2.000]     0.3347 [2.000]     0.3347 [2.000]
[kpt   0  11  12]     0.3347 [2.000]     1.0982 [2.000]     1.0982 [2.000]     1.0982 [2.000]     6.7871 [0.000]
[kpt   0  11  13]     9.7550 [0.000]     9.7550 [0.000]     9.7552 [0.000]     9.7553 [0.000]     9.7553 [0.000]
[kpt   0  11  14]     9.7554 [0.000]    10.5926 [0.000]    10.5927 [0.000]    10.5927 [0.000]    13.0487 [0.000]
[kpt   0  11  15]    13.0488 [0.000]    13.0489 [0.000]    13.0489 [0.000]    13.0489 [0.000]



Total charge in supercell =     128.00000000
 quench: [md:   0/100  scf:  11/30  step time:   0.22  scf time:     2.54 secs  RMS[dV]: 6.29e-06 ]


average potential <V> = -2.00e-16
Davidson converged in 3 steps

FERMI ENERGY =      1.09821877 eV
@@ EIGENVALUE SUM     =      -58.388169 Ry
@@ ION_ION            =     -272.916107 Ry
@@ ELECTROSTATIC      =     -286.288085 Ry
@@ VXC                =     -178.422230 Ry
@@ EXC                =     -137.346261 Ry
@@ TOTAL ENERGY       =     -576.516392 Ry
@@ estimated error    =        1.86e-09 Ry
Charge normalization constant -1.0: 2.220446e-16
Charge density mixing: Broyden


KOHN SHAM EIGENVALUES [eV] AT K-POINT [  0]:       0.000000      0.000000      0.000000

[kpt   0  12   0]   -18.8924 [2.000]   -17.9085 [2.000]   -17.9085 [2.000]   -17.9085 [2.000]   -17.9085 [2.000]
[kpt   0  12   1]   -17.9085 [2.000]   -17.9085 [2.000]   -16.5570 [2.000]   -16.5570 [2.000]   -16.5570 [2.000]
[kpt   0  12   2]   -16.5570 [2.000]   -16.5570 [2.000]   -16.5570 [2.000]   -16.5252 [2.000]   -16.5252 [2.000]
[kpt   0  12   3]   -16.5252 [2.000]    -9.3361 [2.000]    -6.9285 [2.000]    -6.9284 [2.000]    -6.9284 [2.000]
[kpt   0  12   4]    -6.9284 [2.000]    -6.9284 [2.000]    -6.9284 [2.000]    -5.1569 [2.000]    -5.1569 [2.000]
[kpt   0  12   5]    -5.1569 [2.000]    -4.5271 [2.000]    -4.5271 [2.000]    -4.5271 [2.000]    -4.5271 [2.000]
[kpt   0  12   6]    -4.5271 [2.000]    -4.5271 [2.000]    -2.1212 [2.000]    -2.1212 [2.000]    -2.1212 [2.000]
[kpt   0  12   7]    -2.1212 [2.000]    -2.1212 [2.000]    -2.1212 [2.000]    -1.8788 [2.000]    -1.8788 [2.000]
[kpt   0  12   8]    -1.6868 [2.000]    -1.6868 [2.000]    -1.6868 [2.000]    -1.6868 [2.000]    -1.6868 [2.000]
[kpt   0  12   9]    -1.6868 [2.000]    -1.2273 [2.000]    -1.2273 [2.000]    -1.2273 [2.000]    -0.5700 [2.000]
[kpt   0  12  10]    -0.5700 [2.000]    -0.5700 [2.000]    -0.5700 [2.000]    -0.5700 [2.000]    -0.5700 [2.000]
[kpt   0  12  11]     0.3347 [2.000]     0.3347 [2.000]     0.3347 [2.000]     0.3347 [2.000]     0.3347 [2.000]
[kpt   0  12  12]     0.3347 [2.000]     1.0982 [2.000]     1.0982 [2.000]     1.0982 [2.000]     6.7871 [0.000]
[kpt   0  12  13]     9.7549 [0.000]     9.7549 [0.000]     9.7550 [0.000]     9.7551 [0.000]     9.7552 [0.000]
[kpt   0  12  14]     9.7552 [0.000]    10.5926 [0.000]    10.5926 [0.000]    10.5927 [0.000]    13.0487 [0.000]
[kpt   0  12  15]    13.0488 [0.000]    13.0488 [0.000]    13.0489 [0.000]    13.0489 [0.000]



Total charge in supercell =     128.00000000
 quench: [md:   0/100  scf:  12/30  step time:   0.23  scf time:     2.76 secs  RMS[dV]: 3.49e-06 ]



 Convergence criterion reached: Energy variation (8.47e-11) is lower than threshold (1.00e-10)

potential convergence has been achieved. stopping ...

[   0  13   13        4 ] Quench.cpp: 
@@ TOTAL ENEGY Components 
@@ ION_ION            =     -272.916107 Ry
@@ ELECTROSTATIC      =      286.288085 Ry
@@ EXC                =     -137.346283 Ry
@@ vdw correction     =        0.000000 Ry
@@ LdaU correction    =        0.000000 Ry
@@ total              =        0.000000 Ry
final total energy from eig sum =    -576.51639213 Ry


KOHN SHAM EIGENVALUES [eV] AT K-POINT [  0]:       0.000000      0.000000      0.000000

[kpt   0  13   0]   -18.8924 [2.000]   -17.9085 [2.000]   -17.9085 [2.000]   -17.9085 [2.000]   -17.9085 [2.000]
[kpt   0  13   1]   -17.9085 [2.000]   -17.9085 [2.000]   -16.5570 [2.000]   -16.5570 [2.000]   -16.5570 [2.000]
[kpt   0  13   2]   -16.5570 [2.000]   -16.5570 [2.000]   -16.5570 [2.000]   -16.5252 [2.000]   -16.5252 [2.000]
[kpt   0  13   3]   -16.5252 [2.000]    -9.3361 [2.000]    -6.9285 [2.000]    -6.9284 [2.000]    -6.9284 [2.000]
[kpt   0  13   4]    -6.9284 [2.000]    -6.9284 [2.000]    -6.9284 [2.000]    -5.1569 [2.000]    -5.1569 [2.000]
[kpt   0  13   5]    -5.1569 [2.000]    -4.5271 [2.000]    -4.5271 [2.000]    -4.5271 [2.000]    -4.5271 [2.000]
[kpt   0  13   6]    -4.5271 [2.000]    -4.5271 [2.000]    -2.1212 [2.000]    -2.1212 [2.000]    -2.1212 [2.000]
[kpt   0  13   7]    -2.1212 [2.000]    -2.1212 [2.000]    -2.1212 [2.000]    -1.8788 [2.000]    -1.8788 [2.000]
[kpt   0  13   8]    -1.6868 [2.000]    -1.6868 [2.000]    -1.6868 [2.000]    -1.6868 [2.000]    -1.6868 [2.000]
[kpt   0  13   9]    -1.6868 [2.000]    -1.2273 [2.000]    -1.2273 [2.000]    -1.2273 [2.000]    -0.5700 [2.000]
[kpt   0  13  10]    -0.5700 [2.000]    -0.5700 [2.000]    -0.5700 [2.000]    -0.5700 [2.000]    -0.5700 [2.000]
[kpt   0  13  11]     0.3347 [2.000]     0.3347 [2.000]     0.3347 [2.000]     0.3347 [2.000]     0.3347 [2.000]
[kpt   0  13  12]     0.3347 [2.000]     1.0982 [2.000]     1.0982 [2.000]     1.0982 [2.000]     6.7871 [0.000]
[kpt   0  13  13]     9.7549 [0.000]     9.7549 [0.000]     9.7550 [0.000]     9.7551 [0.000]     9.7552 [0.000]
[kpt   0  13  14]     9.7552 [0.000]    10.5926 [0.000]    10.5926 [0.000]    10.5927 [0.000]    13.0487 [0.000]
[kpt   0  13  15]    13.0488 [0.000]    13.0488 [0.000]    13.0489 [0.000]    13.0489 [0.000]



Total charge in supercell =     128.00000000
 volume and energy per atom =        15.03933867       -326.82935868 eV

 Vdd took 0.000151 seconds
WriteRestart: Output file given as /dev/null, no restart data written ...



  IONIC POSITIONS [a0] AND FORCES [Ry/a0]
  Charge analysis using: Voronoi Deformation Density

@ION  Ion  Species       X           Y           Z       Charge       FX          FY         FZ      Movable
@ION    1    Si      0.0000000   0.0000000   0.0000000    0.439    0.0000001   0.0000001   0.0000001  1 1 1
@ION    2    Si      3.3637125   3.3637125   3.3637125    0.439    0.0000000  -0.0000000  -0.0000000  1 1 1
@ION    3    Si     10.0911375   3.3637125  10.0911375    0.439   -0.0000000   0.0000000  -0.0000002  1 1 1
@ION    4    Si      3.3637125  10.0911375  10.0911375    0.439    0.0000002  -0.0000001  -0.0000001  1 1 1
@ION    5    Si     10.0911375  10.0911375   3.3637125    0.439   -0.0000001  -0.0000001  -0.0000001  1 1 1
@ION    6    Si      0.0000000   6.7274250   6.7274250    0.439   -0.0000001   0.0000000   0.0000001  1 1 1
@ION    7    Si      6.7274250   0.0000000   6.7274250    0.439    0.0000001   0.0000000   0.0000001  1 1 1
@ION    8    Si      6.7274250   6.7274250   0.0000000    0.439    0.0000001   0.0000002  -0.0000000  1 1 1
@ION    9     O      1.6818563   1.6818563   1.6818563   -0.209   -0.0000004  -0.0000005  -0.0000005  1 1 1
@ION   10     O     11.7729938   1.6818563  11.7729938   -0.212    0.0000001  -0.0000004   0.0000004  1 1 1
@ION   11     O      1.6818563  11.7729938  11.7729938   -0.217   -0.0000003   0.0000002   0.0000003  1 1 1
@ION   12     O     11.7729938  11.7729938   1.6818563   -0.221    0.0000002   0.0000001  -0.0000003  1 1 1
@ION   13     O      1.6818563   8.4092813   8.4092813   -0.213   -0.0000004  -0.0000005  -0.0000004  1 1 1
@ION   14     O      8.4092813   1.6818563   8.4092813   -0.213   -0.0000003  -0.0000004  -0.0000003  1 1 1
@ION   15     O      8.4092813   8.4092813   1.6818563   -0.213   -0.0000004  -0.0000004  -0.0000005  1 1 1
@ION   16     O     11.7729938   8.4092813   5.0455688   -0.217    0.0000001  -0.0000002   0.0000001  1 1 1
@ION   17     O      5.0455688   1.6818563   5.0455688   -0.215   -0.0000000  -0.0000000  -0.0000001  1 1 1
@ION   18     O      5.0455688   8.4092813  11.7729938   -0.218    0.0000004  -0.0000005   0.0000004  1 1 1
@ION   19     O      1.6818563   5.0455688   5.0455688   -0.223    0.0000001  -0.0000001  -0.0000003  1 1 1
@ION   20     O      8.4092813  11.7729938   5.0455688   -0.226   -0.0000000  -0.0000000  -0.0000000  1 1 1
@ION   21     O      8.4092813   5.0455688  11.7729938   -0.223   -0.0000002  -0.0000000   0.0000002  1 1 1
@ION   22     O     11.7729938   5.0455688   8.4092813   -0.230    0.0000002   0.0000002  -0.0000001  1 1 1
@ION   23     O      5.0455688  11.7729938   8.4092813   -0.230    0.0000002   0.0000002  -0.0000000  1 1 1
@ION   24     O      5.0455688   5.0455688   1.6818563   -0.230   -0.0000004  -0.0000004   0.0000001  1 1 1

 mean FX      =   0.00000018 Ry/a0
 mean FY      =   0.00000019 Ry/a0
 mean FZ      =   0.00000020 Ry/a0

 max FX       =   0.00000044 Ry/a0   (ion 15)
 max FY       =   0.00000051 Ry/a0   (ion 9)
 max FZ       =   0.00000052 Ry/a0   (ion 9)
 max F[x,y,z] =   0.00000052 Ry/a0
 max |F|      =   0.00000083 Ry/a0   (ion 9)

 sum FX       =  -0.00000091 Ry/a0
 sum FY       =  -0.00000243 Ry/a0
 sum FZ       =  -0.00000105 Ry/a0
 Average      =   0.00000147 Ry/a0
 sqrt < F^2 > =   0.00000025 Ry/a0

WriteRestart: Output file given as /dev/null, no restart data written ...


--------TIMING INFORMATION FOR Processor owned the most atoms----------------
                                        Total time               Per SCF/step

1-TOTAL                                             4.08                0.31
-----------------------------------------------------------------------------
  1-TOTAL: Init                                     1.01                0.08
  1-TOTAL: run                                      3.06                0.24
  ---------------------------------------------------------------------------
    1-TOTAL: run: Force                             0.29                0.02
    1-TOTAL: run: Scf steps                         2.71                0.21

2-Force                                             0.29                0.02
-----------------------------------------------------------------------------
  2-Force: core correction                          0.00                0.00
  2-Force: corrections                              0.08                0.01
  2-Force: ion-ion                                  0.04                0.00
  2-Force: local                                    0.06                0.00
  2-Force: non-local                                0.10                0.01
  2-Force: non-local-betaxpsi                       0.01                0.00
  2-Force: non-local-get gamma                      0.00                0.00
  2-Force: non-local-nlforce_par_Q                  0.01                0.00
  2-Force: non-local-nlforce_par_gamma              0.00                0.00
  2-Force: non-local-nlforce_par_omega              0.00                0.00
  2-Force: non-local-partial gamma                  0.00                0.00
  2-Force: non-local-veff grad                      0.01                0.00

2-Init                                              1.01                0.08
-----------------------------------------------------------------------------
  2-Init: GetNewRho                                 0.02                0.00
  2-Init: KpointClass                               0.49                0.04
  2-Init: LcaoGetPsi                                0.03                0.00
  2-Init: LcaoGetRho                                0.05                0.00
  2-Init: ReinitIonicPotentials                     0.08                0.01
  2-Init: betaxpsi                                  0.01                0.00
  2-Init: exchange/correlation                      0.02                0.00
  2-Init: hartree                                   0.01                0.00
  2-Init: normalization                             0.00                0.00
  2-Init: radial potentials                         0.22                0.02
  2-Init: subdiag                                   0.03                0.00
  2-Init: weights                                   0.00                0.00

2-Scf steps                                         2.71                0.21
-----------------------------------------------------------------------------
  2-Scf steps: Davidson                             1.54                0.12
  2-Scf steps: GetNewRho                            0.25                0.02
  2-Scf steps: Hartree                              0.17                0.01
  2-Scf steps: MgridSubspace                        0.50                0.04
  2-Scf steps: MixRho                               0.01                0.00
  2-Scf steps: exchange/correlation                 0.17                0.01

3-MgridSubspace                                     0.50                0.04
-----------------------------------------------------------------------------
  3-MgridSubspace: AppNls                           0.03                0.00
  3-MgridSubspace: Beta x psi                       0.05                0.00
  3-MgridSubspace: Diagonalization                  0.08                0.01
  3-MgridSubspace: Mg_eig                           0.33                0.03

3-ReinitIonicPotentials                             0.08                0.01
-----------------------------------------------------------------------------
  3-ReinitIonicPotentials: GetNlop                  0.00                0.00
  3-ReinitIonicPotentials: GetWeight                0.05                0.00
  3-ReinitIonicPotentials: get_QI                   0.00                0.00
  3-ReinitIonicPotentials: get_qqq                  0.00                0.00
  3-ReinitIonicPotentials: init_nuc                 0.02                0.00

4-Diagonalization                                   0.11                0.01
-----------------------------------------------------------------------------
  4-Diagonalization: ELPA/PDSYGVX/PZHEGVX           0.01                0.00
  4-Diagonalization: Hpsi                           0.07                0.01
  4-Diagonalization: MPI_Bcast                      0.00                0.00
  4-Diagonalization: Update orbitals                0.01                0.00
  ---------------------------------------------------------------------------
    4-Diagonalization: Update orbitals: gather           0.00                0.00
    4-Diagonalization: Update orbitals: gemm           0.01                0.00
  4-Diagonalization: matrix                         0.01                0.00
  ---------------------------------------------------------------------------
    4-Diagonalization: matrix: Allreduce            0.00                0.00
    4-Diagonalization: matrix: Gemm                 0.01                0.00

5-Functional                                        0.18                0.01
-----------------------------------------------------------------------------
  5-Functional: apply gradient                      0.02                0.00
  5-Functional: apply laplacian                     0.01                0.00
  5-Functional: libxc                               0.07                0.01
  5-Functional: vxc                                 0.18                0.01
  5-Functional: vxc grad                            0.10                0.01
  5-Functional: vxc local                           0.02                0.00
  5-Functional: vxc nonlocal                        0.00                0.00

6-Davidson                                          1.54                0.12
-----------------------------------------------------------------------------
  6-Davidson: Betaxpsi                              0.16                0.01
  6-Davidson: apply hamiltonian                     0.32                0.02
  6-Davidson: diagonalization                       0.24                0.02
  6-Davidson: generate residuals                    0.10                0.01
  6-Davidson: matrix setup/reduce                   0.19                0.01
  6-Davidson: normalization                         0.01                0.00
  6-Davidson: precondition                          0.41                0.03
  6-Davidson: rotate orbitals                       0.05                0.00

AppNls                                              0.18                0.01
-----------------------------------------------------------------------------
  AppNls: data_rearrange                            0.00                0.00
  ---------------------------------------------------------------------------
    AppNls: data_rearrange: alloc and zeros           0.00                0.00
    AppNls: data_rearrange: dnm                     0.00                0.00
    AppNls: data_rearrange: sint                    0.00                0.00
  AppNls: nv                                        0.15                0.01
  AppNls: nv_work                                   0.00                0.00

App_gradient                                        0.02                0.00

CPUFD                                               0.00                0.00

Compute Hpsi                                        0.07                0.01
-----------------------------------------------------------------------------
  Compute Hpsi: AppNls                              0.02                0.00
  Compute Hpsi: Threaded Apply H                    0.04                0.00

GlobalSums                                          0.14                0.01

Init                                                0.53                0.04

Init Voronoi                                        0.05                0.00

Mix rho                                             0.01                0.00
-----------------------------------------------------------------------------
  Mix rho: Broyden                                  0.01                0.00
  Mix rho: Linear                                   0.00                0.00

Orbital                                             0.00                0.00
-----------------------------------------------------------------------------
  Orbital: phase and set                            0.00                0.00
  Orbital: proj cal                                 0.00                0.00
  Trade images: trade_images                        0.00                0.00
  Trade images: trade_imagesx                       0.03                0.00

VhPfft                                              0.09                0.01

Weight                                              0.00                0.00

radial beta                                         0.18                0.01


------------------------- TIMING INFORMATION FOR THREADS  -------------------

                                           Min            Max            Avg
CPUFD                                      0.09           0.09           0.09
-----------------------------------------------------------------------------

GlobalSums                                 0.06           0.06           0.06
-----------------------------------------------------------------------------

Mg_eig                                     0.32           0.32           0.32
-----------------------------------------------------------------------------
  Mg_eig: apply hamiltonian                0.17           0.17           0.17
  Mg_eig: mgrid_solv                       0.09           0.09           0.09
  Trade images: trade_images               0.34           0.34           0.34
  Trade images: trade_imagesx              0.35           0.35           0.35
