RMG initialization ... 1 image(s) total, 1 per node. 32 MPI processes/image. Thread level 2.
FFT-FD  0.000000e+00   7.854678e-01   7.854376e-01   3.019128e-05
FFT-FD  1.000000e+00   7.854678e-01   7.854376e-01   3.019128e-05
IP=0 M = 0.000000e+00  -inf  3.019128e-05
FFT-FD  0.000000e+00   2.257193e+00   2.257051e+00   1.415139e-04
FFT-FD  1.000000e+00   2.257193e+00   2.257051e+00   1.415139e-04
IP=1 M = 0.000000e+00  -inf  1.415139e-04
FFT-FD  0.000000e+00   2.257193e+00   2.257051e+00   1.415139e-04
FFT-FD  1.000000e+00   2.257193e+00   2.257051e+00   1.415139e-04
IP=2 M = 0.000000e+00  -inf  1.415139e-04
FFT-FD  0.000000e+00   2.257193e+00   2.257051e+00   1.415139e-04
FFT-FD  1.000000e+00   2.257193e+00   2.257051e+00   1.415139e-04
IP=3 M = 0.000000e+00  -inf  1.415139e-04
FFT-FD  0.000000e+00   2.678435e-01   2.678434e-01   3.921202e-08
FFT-FD  1.000000e+00   2.678435e-01   2.678434e-01   3.921202e-08
IP=0 M = 0.000000e+00  -inf  3.921202e-08
FFT-FD  0.000000e+00   3.882435e-01   3.882435e-01   5.944517e-10
FFT-FD  1.000000e+00   3.882435e-01   3.882435e-01   5.944517e-10
IP=1 M = 0.000000e+00  -inf  5.944517e-10
FFT-FD  0.000000e+00   3.882435e-01   3.882435e-01   5.944516e-10
FFT-FD  1.000000e+00   3.882435e-01   3.882435e-01   5.944516e-10
IP=2 M = 0.000000e+00  -inf  5.944516e-10
FFT-FD  0.000000e+00   3.882435e-01   3.882435e-01   5.944507e-10
FFT-FD  1.000000e+00   3.882435e-01   3.882435e-01   5.944507e-10
IP=3 M = 0.000000e+00  -inf  5.944507e-10
NEWCFAC = 0.000000  0.000000


                     * * * * * * * * * *
                     *    R   M   G    *
                     * * * * * * * * * *

     -- A Real Space Multigrid Electronic structure code --
     --      More information at www.rmgdft.org          --

Code Revision:     v5.1.0_53_g887bfc3b
Build Date:        May 15 2023  14:30:00
Start time:        Wed May 17 14:06:19 2023

NOTICE: RMG internal pseudopotentials have switched to
ONCVP from Ultrasoft. You can revert to Ultrasoft by
adding the input tag internal_pseudo_type="ultrasoft" to
your input files.


Files
   Control input file:        input3
   Data output file:          /dev/null

Run Setup
    Calculation type:         Quench electrons - Fixed ions SCF calculation
    Description:              SiO2
    Orbital Initialization:   LCAO (96 LCAO and 0 random orbitals)
    Exchange Correlation:     pbe
    Spin Polarization:        OFF
    System charge:            Neutral

Processor Topology
   Total PEs:                 32
   X direction:               4
   Y direction:               4
   Z direction:               2
   MG Threads/PE:             1
   OMP Threads/PE:            1

Grid Points  (Linear Anisotropy: 1.000)
    X:  Total: 48   Per PE: 12   Spacing:0.280 a0  
    Y:  Total: 48   Per PE: 12   Spacing:0.280 a0  
    Z:  Total: 48   Per PE: 24   Spacing:0.280 a0  

    Equivalent energy cutoffs (psi,rho):   125.610    502.440 Ry

    Charge density grid:         2 times finer

Coordinate planes
  Planar Anisotropy: 1.000
  A0-A1 density:    12.727
  A0-A2 density:    12.727
  A1-A2 density:    12.727


Lattice (Cell) Setup
    Type:                       Orthorhombic_primitive
    Volume (a0^3):               2435.77
    Boundary conditions:        Periodic

    X Basis Vector:      13.455       0.000       0.000 a0
    Y Basis Vector:       0.000      13.455       0.000 a0
    Z Basis Vector:       0.000       0.000      13.455 a0
    X Reci Vector:       0.074      -0.000       0.000 a0
    Y Reci Vector:       0.000       0.074       0.000 a0
    Z Reci Vector:       0.000      -0.000       0.074 a0

K-points
    Gamma Point Only (real orbitals)

Atoms and States
    Number of ions:                          24
    Number of species:                       2
    Number of states:                        79

Run Parameters
    SCF Convergence criterion (potential):   1.00e-10
    SCF Convergence criterion (energy):      1.00e-10
    Max SCF steps:                           30

SCF Cycle Settings
    Charge density mixing:                   Broyden
    Hartree Solver:                          PFFT
    Interpolation type:                      FFT

Finite Difference parameters
    Kohn Sham FD Order:                      12  
    Force Gradient Order:                    FFT
    Adaptive Finite Differencing:            Off

Subspace Diagonalization Options
    Frequency:                               every 1 SCF step(s)
    Driver:                                  ScaLapack
    Initial diagonalization:                 ON
    Folded spectrum:                         OFF

Filtering Cutoff  Parameters
    Wavefunction grid (cparm):               0.800
    Charge density grid (rhocparm):          1.000
    Filter factor:                           1.000

Multigrid (MG) Parameters
    Psi MG levels:                           3
    Psi global step:                         0.660 
    Psi pre:                                 2
    Psi post:                                2

Davidson Parameters
    Davidson multiplier:                     4
    Davidson max step:                       8
    Davidson unocc tol factor:               1000.000

Blas Libraries
    CPU support with openblas-parallel.


Atomic Species Information
(PP = Pseudopotential, US = Ultrasoft, NC = Norm Conserving)
-------------------------------------------------------------------------
|Index|Symbol| Mass|Valence| PP |  Comp  |Local| Local|Nlocal|    PP    |
|     |      |     |       |Type|Gaussian|  l  |Radius|Radius|Functional|
-------------------------------------------------------------------------
|    1|     O| 15.0|   6.00|  NC|    0.50|   -1| 10.00|  7.00|       PBE|
|    2|    Si| 28.0|   4.00|  NC|    0.50|   -1| 10.00|  7.00|       PBE|
-------------------------------------------------------------------------

Pseudopotential generation information:
   O pseudopotential file: ./@Internal
      Generation info     : Generated using ONCVPSP code by D. R. Hamann
      Author info         : anonymous
  Si pseudopotential file: ./@Internal
      Generation info     : Generated using ONCVPSP code by D. R. Hamann
      Author info         : anonymous


Memory usage (Mbytes):     Min        Max       Total
    wave functions          8.74       8.74     279.61
    beta-functions          5.31       5.31     169.90



Initial Ionic Positions And Displacements (Bohr)
Species      X           Y           Z           dX          dY          dZ
  Si       0.0000      0.0000      0.0000      0.0000      0.0000      0.0000
  Si       3.3637      3.3637      3.3637      0.0000      0.0000      0.0000
  Si      10.0911      3.3637     10.0911      0.0000      0.0000      0.0000
  Si       3.3637     10.0911     10.0911      0.0000      0.0000      0.0000
  Si      10.0911     10.0911      3.3637      0.0000      0.0000      0.0000
  Si       0.0000      6.7274      6.7274      0.0000      0.0000      0.0000
  Si       6.7274      0.0000      6.7274      0.0000      0.0000      0.0000
  Si       6.7274      6.7274      0.0000      0.0000      0.0000      0.0000
  O        1.6819      1.6819      1.6819      0.0000      0.0000      0.0000
  O       11.7730      1.6819     11.7730      0.0000      0.0000      0.0000
  O        1.6819     11.7730     11.7730      0.0000      0.0000      0.0000
  O       11.7730     11.7730      1.6819      0.0000      0.0000      0.0000
  O        1.6819      8.4093      8.4093      0.0000      0.0000      0.0000
  O        8.4093      1.6819      8.4093      0.0000      0.0000      0.0000
  O        8.4093      8.4093      1.6819      0.0000      0.0000      0.0000
  O       11.7730      8.4093      5.0456      0.0000      0.0000      0.0000
  O        5.0456      1.6819      5.0456      0.0000      0.0000      0.0000
  O        5.0456      8.4093     11.7730      0.0000      0.0000      0.0000
  O        1.6819      5.0456      5.0456      0.0000      0.0000      0.0000
  O        8.4093     11.7730      5.0456      0.0000      0.0000      0.0000
  O        8.4093      5.0456     11.7730      0.0000      0.0000      0.0000
  O       11.7730      5.0456      8.4093      0.0000      0.0000      0.0000
  O        5.0456     11.7730      8.4093      0.0000      0.0000      0.0000
  O        5.0456      5.0456      1.6819      0.0000      0.0000      0.0000


Initial Ionic Positions And Displacements (Angstrom)
Species      X           Y           Z           dX          dY          dZ
  Si       0.0000      0.0000      0.0000      0.0000      0.0000      0.0000
  Si       1.7800      1.7800      1.7800      0.0000      0.0000      0.0000
  Si       5.3400      1.7800      5.3400      0.0000      0.0000      0.0000
  Si       1.7800      5.3400      5.3400      0.0000      0.0000      0.0000
  Si       5.3400      5.3400      1.7800      0.0000      0.0000      0.0000
  Si       0.0000      3.5600      3.5600      0.0000      0.0000      0.0000
  Si       3.5600      0.0000      3.5600      0.0000      0.0000      0.0000
  Si       3.5600      3.5600      0.0000      0.0000      0.0000      0.0000
  O        0.8900      0.8900      0.8900      0.0000      0.0000      0.0000
  O        6.2300      0.8900      6.2300      0.0000      0.0000      0.0000
  O        0.8900      6.2300      6.2300      0.0000      0.0000      0.0000
  O        6.2300      6.2300      0.8900      0.0000      0.0000      0.0000
  O        0.8900      4.4500      4.4500      0.0000      0.0000      0.0000
  O        4.4500      0.8900      4.4500      0.0000      0.0000      0.0000
  O        4.4500      4.4500      0.8900      0.0000      0.0000      0.0000
  O        6.2300      4.4500      2.6700      0.0000      0.0000      0.0000
  O        2.6700      0.8900      2.6700      0.0000      0.0000      0.0000
  O        2.6700      4.4500      6.2300      0.0000      0.0000      0.0000
  O        0.8900      2.6700      2.6700      0.0000      0.0000      0.0000
  O        4.4500      6.2300      2.6700      0.0000      0.0000      0.0000
  O        4.4500      2.6700      6.2300      0.0000      0.0000      0.0000
  O        6.2300      2.6700      4.4500      0.0000      0.0000      0.0000
  O        2.6700      6.2300      4.4500      0.0000      0.0000      0.0000
  O        2.6700      2.6700      0.8900      0.0000      0.0000      0.0000

Diagonalization using scalapack for step=0  count=0



KOHN SHAM EIGENVALUES [eV] AT K-POINT [  0]:       0.000000      0.000000      0.000000

[kpt   0  -1   0]   -22.2080 [2.000]   -21.3864 [2.000]   -21.3864 [2.000]   -21.3864 [2.000]   -21.3864 [2.000]
[kpt   0  -1   1]   -21.3864 [2.000]   -21.3864 [2.000]   -20.2922 [2.000]   -20.2922 [2.000]   -20.2922 [2.000]
[kpt   0  -1   2]   -20.2724 [2.000]   -20.2724 [2.000]   -20.2724 [2.000]   -20.2724 [2.000]   -20.2724 [2.000]
[kpt   0  -1   3]   -20.2724 [2.000]   -11.9756 [2.000]    -9.8989 [2.000]    -9.8989 [2.000]    -9.8989 [2.000]
[kpt   0  -1   4]    -9.8989 [2.000]    -9.8989 [2.000]    -9.8989 [2.000]    -8.2276 [2.000]    -8.2276 [2.000]
[kpt   0  -1   5]    -8.2276 [2.000]    -7.9134 [2.000]    -7.9134 [2.000]    -7.9134 [2.000]    -7.9134 [2.000]
[kpt   0  -1   6]    -7.9134 [2.000]    -7.9134 [2.000]    -5.0381 [2.000]    -5.0381 [2.000]    -5.0381 [2.000]
[kpt   0  -1   7]    -5.0381 [2.000]    -5.0381 [2.000]    -5.0381 [2.000]    -4.9434 [2.000]    -4.9434 [2.000]
[kpt   0  -1   8]    -4.7528 [2.000]    -4.7528 [2.000]    -4.7528 [2.000]    -4.7528 [2.000]    -4.7528 [2.000]
[kpt   0  -1   9]    -4.7528 [2.000]    -4.5229 [2.000]    -4.5229 [2.000]    -4.5229 [2.000]    -3.9929 [2.000]
[kpt   0  -1  10]    -3.9929 [2.000]    -3.9929 [2.000]    -3.9929 [2.000]    -3.9929 [2.000]    -3.9929 [2.000]
[kpt   0  -1  11]    -3.4124 [2.000]    -3.4124 [2.000]    -3.4124 [2.000]    -3.4124 [2.000]    -3.4124 [2.000]
[kpt   0  -1  12]    -3.4124 [2.000]    -2.9402 [2.000]    -2.9402 [2.000]    -2.9402 [2.000]     7.6034 [0.000]
[kpt   0  -1  13]    10.2731 [0.000]    10.2731 [0.000]    10.2731 [0.000]    10.2731 [0.000]    10.2731 [0.000]
[kpt   0  -1  14]    10.2731 [0.000]    12.4069 [0.000]    12.4069 [0.000]    12.4069 [0.000]    13.3709 [0.000]
[kpt   0  -1  15]    13.3709 [0.000]    13.3709 [0.000]    13.3709 [0.000]    13.3709 [0.000]    13.3709 [0.000]
[kpt   0  -1  16]    15.0391 [0.000]    15.0391 [0.000]    15.0391 [0.000]    15.0391 [0.000]    15.0391 [0.000]
[kpt   0  -1  17]    15.0391 [0.000]    15.3576 [0.000]    15.3576 [0.000]    15.3576 [0.000]    15.3576 [0.000]
[kpt   0  -1  18]    15.3576 [0.000]    15.3576 [0.000]    16.6422 [0.000]    16.6422 [0.000]    16.6422 [0.000]
[kpt   0  -1  19]    17.2018 [0.000]


Charge normalization constant -1.0: -1.776357e-14
Charge density mixing: Linear with a constant of 0.50 

Diagonalization using scalapack for step=0  count=1


FERMI ENERGY =     -0.07653202 eV
@@ EIGENVALUE SUM     =      -65.561620 Ry
@@ ION_ION            =     -272.916107 Ry
@@ ELECTROSTATIC      =     -284.887124 Ry
@@ VXC                =     -179.060195 Ry
@@ EXC                =     -137.843470 Ry
@@ TOTAL ENERGY       =     -582.148126 Ry
@@ estimated error    =   ****************
Charge normalization constant -1.0: 8.881784e-16
Charge density mixing: Linear with a constant of 0.50 
WriteRestart: Output file given as /dev/null, no restart data written ...


KOHN SHAM EIGENVALUES [eV] AT K-POINT [  0]:       0.000000      0.000000      0.000000

[kpt   0   0   0]   -19.6386 [2.000]   -18.6766 [2.000]   -18.6699 [2.000]   -18.6688 [2.000]   -18.6652 [2.000]
[kpt   0   0   1]   -18.6624 [2.000]   -18.6580 [2.000]   -17.3716 [2.000]   -17.3647 [2.000]   -17.3635 [2.000]
[kpt   0   0   2]   -17.3626 [2.000]   -17.3617 [2.000]   -17.3574 [2.000]   -17.3568 [2.000]   -17.3527 [2.000]
[kpt   0   0   3]   -17.3520 [2.000]    -9.5969 [2.000]    -7.3410 [2.000]    -7.3368 [2.000]    -7.3361 [2.000]
[kpt   0   0   4]    -7.3348 [2.000]    -7.3335 [2.000]    -7.3299 [2.000]    -5.7509 [2.000]    -5.7492 [2.000]
[kpt   0   0   5]    -5.7483 [2.000]    -5.0386 [2.000]    -5.0383 [2.000]    -5.0367 [2.000]    -5.0364 [2.000]
[kpt   0   0   6]    -5.0345 [2.000]    -5.0337 [2.000]    -2.8916 [2.000]    -2.8907 [2.000]    -2.8900 [2.000]
[kpt   0   0   7]    -2.8897 [2.000]    -2.8889 [2.000]    -2.8886 [2.000]    -2.6911 [2.000]    -2.6908 [2.000]
[kpt   0   0   8]    -2.5558 [2.000]    -2.5556 [2.000]    -2.5550 [2.000]    -2.5548 [2.000]    -2.5544 [2.000]
[kpt   0   0   9]    -2.5306 [2.000]    -1.9406 [2.000]    -1.9402 [2.000]    -1.9396 [2.000]    -1.4890 [2.000]
[kpt   0   0  10]    -1.4888 [2.000]    -1.4879 [2.000]    -1.4876 [2.000]    -1.4868 [2.000]    -1.4859 [2.000]
[kpt   0   0  11]    -0.6747 [2.000]    -0.6742 [2.000]    -0.6740 [2.000]    -0.6735 [2.000]    -0.6732 [2.000]
[kpt   0   0  12]    -0.6729 [2.000]    -0.0779 [2.000]    -0.0770 [2.000]    -0.0765 [2.000]     8.4553 [0.000]
[kpt   0   0  13]    10.9830 [0.000]    10.9832 [0.000]    10.9834 [0.000]    10.9835 [0.000]    10.9847 [0.000]
[kpt   0   0  14]    10.9850 [0.000]    12.1819 [0.000]    12.1821 [0.000]    12.1822 [0.000]    13.9271 [0.000]
[kpt   0   0  15]    13.9272 [0.000]    13.9274 [0.000]    13.9275 [0.000]    13.9277 [0.000]



Total charge in supercell =     128.00000000
 quench: [md:   0/100  scf:   0/30  step time:   0.24  scf time:     0.31 secs  RMS[dV]: 5.25e-02 ]


average potential <V> = 1.85e-16

Diagonalization using scalapack for step=1  count=2


FERMI ENERGY =      1.40325744 eV
@@ EIGENVALUE SUM     =      -54.954466 Ry
@@ ION_ION            =     -272.916107 Ry
@@ ELECTROSTATIC      =     -296.843447 Ry
@@ VXC                =     -182.183899 Ry
@@ EXC                =     -140.271576 Ry
@@ TOTAL ENERGY       =     -582.801696 Ry
@@ estimated error    =        6.15e-01 Ry
Charge normalization constant -1.0: -8.881784e-16
Charge density mixing: Linear with a constant of 0.50 


KOHN SHAM EIGENVALUES [eV] AT K-POINT [  0]:       0.000000      0.000000      0.000000

[kpt   0   1   0]   -18.4874 [2.000]   -17.4626 [2.000]   -17.4587 [2.000]   -17.4534 [2.000]   -17.4522 [2.000]
[kpt   0   1   1]   -17.4495 [2.000]   -17.4482 [2.000]   -16.0005 [2.000]   -15.9983 [2.000]   -15.9902 [2.000]
[kpt   0   1   2]   -15.9873 [2.000]   -15.9854 [2.000]   -15.9832 [2.000]   -15.9692 [2.000]   -15.9606 [2.000]
[kpt   0   1   3]   -15.9581 [2.000]    -9.2475 [2.000]    -6.7338 [2.000]    -6.7330 [2.000]    -6.7305 [2.000]
[kpt   0   1   4]    -6.7267 [2.000]    -6.7242 [2.000]    -6.7228 [2.000]    -4.9372 [2.000]    -4.9355 [2.000]
[kpt   0   1   5]    -4.9348 [2.000]    -4.2613 [2.000]    -4.2607 [2.000]    -4.2568 [2.000]    -4.2550 [2.000]
[kpt   0   1   6]    -4.2519 [2.000]    -4.2491 [2.000]    -1.7371 [2.000]    -1.7347 [2.000]    -1.7286 [2.000]
[kpt   0   1   7]    -1.7266 [2.000]    -1.7205 [2.000]    -1.7175 [2.000]    -1.4650 [2.000]    -1.4649 [2.000]
[kpt   0   1   8]    -1.3781 [2.000]    -1.3725 [2.000]    -1.3713 [2.000]    -1.3696 [2.000]    -1.3662 [2.000]
[kpt   0   1   9]    -1.3594 [2.000]    -0.8124 [2.000]    -0.8057 [2.000]    -0.8051 [2.000]    -0.2115 [2.000]
[kpt   0   1  10]    -0.2050 [2.000]    -0.2022 [2.000]    -0.1926 [2.000]    -0.1909 [2.000]    -0.1823 [2.000]
[kpt   0   1  11]     0.6706 [2.000]     0.6759 [2.000]     0.6763 [2.000]     0.6800 [2.000]     0.6845 [2.000]
[kpt   0   1  12]     0.6905 [2.000]     1.3986 [2.000]     1.3990 [2.000]     1.4033 [2.000]     8.7263 [0.000]
[kpt   0   1  13]    11.2757 [0.000]    11.2766 [0.000]    11.2775 [0.000]    11.2804 [0.000]    11.2806 [0.000]
[kpt   0   1  14]    11.2815 [0.000]    11.7635 [0.000]    11.7638 [0.000]    11.7668 [0.000]    14.0893 [0.000]
[kpt   0   1  15]    14.0894 [0.000]    14.0899 [0.000]    14.0901 [0.000]    46.2949 [0.000]



Total charge in supercell =     128.00000000
 quench: [md:   0/100  scf:   1/30  step time:   0.21  scf time:     0.52 secs  RMS[dV]: 3.00e-02 ]


average potential <V> = -8.55e-16

Diagonalization using scalapack for step=2  count=3


FERMI ENERGY =      1.74911134 eV
@@ EIGENVALUE SUM     =      -53.335830 Ry
@@ ION_ION            =     -272.916107 Ry
@@ ELECTROSTATIC      =     -295.815847 Ry
@@ VXC                =     -181.618599 Ry
@@ EXC                =     -139.828921 Ry
@@ TOTAL ENERGY       =     -580.278106 Ry
@@ estimated error    =        2.04e-01 Ry
Charge normalization constant -1.0: 4.440892e-16
Charge density mixing: Linear with a constant of 0.50 


KOHN SHAM EIGENVALUES [eV] AT K-POINT [  0]:       0.000000      0.000000      0.000000

[kpt   0   2   0]   -18.3630 [2.000]   -17.3344 [2.000]   -17.3288 [2.000]   -17.3247 [2.000]   -17.3204 [2.000]
[kpt   0   2   1]   -17.3170 [2.000]   -17.3089 [2.000]   -15.8582 [2.000]   -15.8545 [2.000]   -15.8527 [2.000]
[kpt   0   2   2]   -15.8453 [2.000]   -15.8404 [2.000]   -15.8358 [2.000]   -15.8115 [2.000]   -15.7978 [2.000]
[kpt   0   2   3]   -15.7954 [2.000]    -9.1803 [2.000]    -6.6409 [2.000]    -6.6391 [2.000]    -6.6373 [2.000]
[kpt   0   2   4]    -6.6318 [2.000]    -6.6302 [2.000]    -6.6267 [2.000]    -4.8217 [2.000]    -4.8167 [2.000]
[kpt   0   2   5]    -4.8156 [2.000]    -4.1621 [2.000]    -4.1606 [2.000]    -4.1596 [2.000]    -4.1588 [2.000]
[kpt   0   2   6]    -4.1539 [2.000]    -4.1529 [2.000]    -1.5715 [2.000]    -1.5702 [2.000]    -1.5676 [2.000]
[kpt   0   2   7]    -1.5617 [2.000]    -1.5578 [2.000]    -1.5548 [2.000]    -1.2921 [2.000]    -1.2920 [2.000]
[kpt   0   2   8]    -1.1712 [2.000]    -1.1670 [2.000]    -1.1614 [2.000]    -1.1607 [2.000]    -1.1573 [2.000]
[kpt   0   2   9]    -1.1535 [2.000]    -0.6487 [2.000]    -0.6429 [2.000]    -0.6425 [2.000]     0.0260 [2.000]
[kpt   0   2  10]     0.0317 [2.000]     0.0325 [2.000]     0.0444 [2.000]     0.0450 [2.000]     0.0502 [2.000]
[kpt   0   2  11]     0.9505 [2.000]     0.9531 [2.000]     0.9572 [2.000]     0.9600 [2.000]     0.9625 [2.000]
[kpt   0   2  12]     0.9627 [2.000]     1.7437 [2.000]     1.7458 [2.000]     1.7491 [2.000]     8.4353 [0.000]
[kpt   0   2  13]    11.1290 [0.000]    11.1317 [0.000]    11.1324 [0.000]    11.1359 [0.000]    11.1366 [0.000]
[kpt   0   2  14]    11.1374 [0.000]    11.3902 [0.000]    11.3904 [0.000]    11.3963 [0.000]    13.9611 [0.000]
[kpt   0   2  15]    13.9620 [0.000]    13.9629 [0.000]    13.9633 [0.000]    45.6048 [0.000]



Total charge in supercell =     128.00000000
 quench: [md:   0/100  scf:   2/30  step time:   0.22  scf time:     0.74 secs  RMS[dV]: 1.48e-02 ]


average potential <V> = -1.10e-15

Diagonalization using scalapack for step=3  count=4


FERMI ENERGY =      1.59113928 eV
@@ EIGENVALUE SUM     =      -55.000603 Ry
@@ ION_ION            =     -272.916107 Ry
@@ ELECTROSTATIC      =     -291.581636 Ry
@@ VXC                =     -180.217925 Ry
@@ EXC                =     -138.736566 Ry
@@ TOTAL ENERGY       =     -578.016987 Ry
@@ estimated error    =        3.06e-01 Ry
Charge normalization constant -1.0: 2.220446e-16
Charge density mixing: Linear with a constant of 0.50 


KOHN SHAM EIGENVALUES [eV] AT K-POINT [  0]:       0.000000      0.000000      0.000000

[kpt   0   3   0]   -18.5571 [2.000]   -17.5468 [2.000]   -17.5396 [2.000]   -17.5386 [2.000]   -17.5308 [2.000]
[kpt   0   3   1]   -17.5286 [2.000]   -17.5125 [2.000]   -16.1052 [2.000]   -16.1028 [2.000]   -16.1000 [2.000]
[kpt   0   3   2]   -16.0938 [2.000]   -16.0804 [2.000]   -16.0769 [2.000]   -16.0641 [2.000]   -16.0421 [2.000]
[kpt   0   3   3]   -16.0406 [2.000]    -9.2651 [2.000]    -6.7650 [2.000]    -6.7618 [2.000]    -6.7612 [2.000]
[kpt   0   3   4]    -6.7557 [2.000]    -6.7546 [2.000]    -6.7453 [2.000]    -4.9513 [2.000]    -4.9419 [2.000]
[kpt   0   3   5]    -4.9411 [2.000]    -4.3080 [2.000]    -4.3065 [2.000]    -4.3036 [2.000]    -4.3034 [2.000]
[kpt   0   3   6]    -4.2936 [2.000]    -4.2930 [2.000]    -1.7503 [2.000]    -1.7501 [2.000]    -1.7497 [2.000]
[kpt   0   3   7]    -1.7428 [2.000]    -1.7370 [2.000]    -1.7359 [2.000]    -1.4824 [2.000]    -1.4823 [2.000]
[kpt   0   3   8]    -1.3267 [2.000]    -1.3228 [2.000]    -1.3158 [2.000]    -1.3154 [2.000]    -1.3111 [2.000]
[kpt   0   3   9]    -1.3083 [2.000]    -0.8384 [2.000]    -0.8361 [2.000]    -0.8357 [2.000]    -0.1512 [2.000]
[kpt   0   3  10]    -0.1485 [2.000]    -0.1478 [2.000]    -0.1389 [2.000]    -0.1374 [2.000]    -0.1353 [2.000]
[kpt   0   3  11]     0.7745 [2.000]     0.7765 [2.000]     0.7811 [2.000]     0.7836 [2.000]     0.7870 [2.000]
[kpt   0   3  12]     0.7928 [2.000]     1.5817 [2.000]     1.5822 [2.000]     1.5911 [2.000]     8.0725 [0.000]
[kpt   0   3  13]    10.8792 [0.000]    10.8823 [0.000]    10.8832 [0.000]    10.8872 [0.000]    10.8877 [0.000]
[kpt   0   3  14]    10.8885 [0.000]    11.1473 [0.000]    11.1476 [0.000]    11.1540 [0.000]    13.7344 [0.000]
[kpt   0   3  15]    13.7349 [0.000]    13.7374 [0.000]    13.7378 [0.000]    44.8306 [0.000]



Total charge in supercell =     128.00000000
 quench: [md:   0/100  scf:   3/30  step time:   0.22  scf time:     0.95 secs  RMS[dV]: 1.43e-02 ]


average potential <V> = 2.96e-16
Davidson converged in 3 steps

FERMI ENERGY =      1.44174350 eV
@@ EIGENVALUE SUM     =      -56.691705 Ry
@@ ION_ION            =     -272.916107 Ry
@@ ELECTROSTATIC      =     -288.173132 Ry
@@ VXC                =     -179.120860 Ry
@@ EXC                =     -137.880888 Ry
@@ TOTAL ENERGY       =     -576.540971 Ry
@@ estimated error    =        1.75e-01 Ry
Charge normalization constant -1.0: -8.881784e-16
Charge density mixing: Broyden


KOHN SHAM EIGENVALUES [eV] AT K-POINT [  0]:       0.000000      0.000000      0.000000

[kpt   0   4   0]   -18.7438 [2.000]   -17.7590 [2.000]   -17.7485 [2.000]   -17.7453 [2.000]   -17.7347 [2.000]
[kpt   0   4   1]   -17.7299 [2.000]   -17.7036 [2.000]   -16.3547 [2.000]   -16.3485 [2.000]   -16.3459 [2.000]
[kpt   0   4   2]   -16.3370 [2.000]   -16.3275 [2.000]   -16.3068 [2.000]   -16.3034 [2.000]   -16.2804 [2.000]
[kpt   0   4   3]   -16.2760 [2.000]    -9.3852 [2.000]    -6.9251 [2.000]    -6.9199 [2.000]    -6.9173 [2.000]
[kpt   0   4   4]    -6.9084 [2.000]    -6.9051 [2.000]    -6.8853 [2.000]    -5.1081 [2.000]    -5.0864 [2.000]
[kpt   0   4   5]    -5.0837 [2.000]    -4.4814 [2.000]    -4.4725 [2.000]    -4.4700 [2.000]    -4.4650 [2.000]
[kpt   0   4   6]    -4.4415 [2.000]    -4.4392 [2.000]    -1.9397 [2.000]    -1.9371 [2.000]    -1.9342 [2.000]
[kpt   0   4   7]    -1.9212 [2.000]    -1.9108 [2.000]    -1.9093 [2.000]    -1.6611 [2.000]    -1.6606 [2.000]
[kpt   0   4   8]    -1.4995 [2.000]    -1.4975 [2.000]    -1.4933 [2.000]    -1.4789 [2.000]    -1.4758 [2.000]
[kpt   0   4   9]    -1.4623 [2.000]    -1.0179 [2.000]    -1.0177 [2.000]    -1.0163 [2.000]    -0.3296 [2.000]
[kpt   0   4  10]    -0.3271 [2.000]    -0.3218 [2.000]    -0.3105 [2.000]    -0.2936 [2.000]    -0.2913 [2.000]
[kpt   0   4  11]     0.5991 [2.000]     0.6023 [2.000]     0.6055 [2.000]     0.6261 [2.000]     0.6290 [2.000]
[kpt   0   4  12]     0.6397 [2.000]     1.4174 [2.000]     1.4204 [2.000]     1.4417 [2.000]     7.1238 [0.000]
[kpt   0   4  13]     9.9937 [0.000]     9.9973 [0.000]     9.9981 [0.000]     9.9993 [0.000]    10.0036 [0.000]
[kpt   0   4  14]    10.0038 [0.000]    10.5003 [0.000]    10.5006 [0.000]    10.5035 [0.000]    13.2260 [0.000]
[kpt   0   4  15]    13.2270 [0.000]    13.2304 [0.000]    13.2348 [0.000]    13.2398 [0.000]



Total charge in supercell =     128.00000000
 quench: [md:   0/100  scf:   4/30  step time:   0.27  scf time:     1.22 secs  RMS[dV]: 1.05e-02 ]


average potential <V> = 3.54e-16
Davidson converged in 2 steps

FERMI ENERGY =      0.94377646 eV
@@ EIGENVALUE SUM     =      -59.911080 Ry
@@ ION_ION            =     -272.916107 Ry
@@ ELECTROSTATIC      =     -284.664408 Ry
@@ VXC                =     -178.035233 Ry
@@ EXC                =     -137.034007 Ry
@@ TOTAL ENERGY       =     -576.490368 Ry
@@ estimated error    =        1.53e-01 Ry
Charge normalization constant -1.0: -1.110223e-15
Charge density mixing: Broyden


KOHN SHAM EIGENVALUES [eV] AT K-POINT [  0]:       0.000000      0.000000      0.000000

[kpt   0   5   0]   -19.0582 [2.000]   -18.0938 [2.000]   -18.0803 [2.000]   -18.0783 [2.000]   -18.0748 [2.000]
[kpt   0   5   1]   -18.0731 [2.000]   -18.0673 [2.000]   -16.7447 [2.000]   -16.7435 [2.000]   -16.7310 [2.000]
[kpt   0   5   2]   -16.7296 [2.000]   -16.7280 [2.000]   -16.7200 [2.000]   -16.7056 [2.000]   -16.7032 [2.000]
[kpt   0   5   3]   -16.6867 [2.000]    -9.5107 [2.000]    -7.1227 [2.000]    -7.1120 [2.000]    -7.1104 [2.000]
[kpt   0   5   4]    -7.1074 [2.000]    -7.1061 [2.000]    -7.1017 [2.000]    -5.3342 [2.000]    -5.3329 [2.000]
[kpt   0   5   5]    -5.3224 [2.000]    -4.7283 [2.000]    -4.7272 [2.000]    -4.7154 [2.000]    -4.7136 [2.000]
[kpt   0   5   6]    -4.7124 [2.000]    -4.7073 [2.000]    -2.2637 [2.000]    -2.2629 [2.000]    -2.2562 [2.000]
[kpt   0   5   7]    -2.2526 [2.000]    -2.2493 [2.000]    -2.2484 [2.000]    -2.0173 [2.000]    -2.0171 [2.000]
[kpt   0   5   8]    -1.8326 [2.000]    -1.8279 [2.000]    -1.8268 [2.000]    -1.8210 [2.000]    -1.8188 [2.000]
[kpt   0   5   9]    -1.8177 [2.000]    -1.3879 [2.000]    -1.3878 [2.000]    -1.3875 [2.000]    -0.7244 [2.000]
[kpt   0   5  10]    -0.7237 [2.000]    -0.7178 [2.000]    -0.7123 [2.000]    -0.7094 [2.000]    -0.7081 [2.000]
[kpt   0   5  11]     0.1665 [2.000]     0.1731 [2.000]     0.1747 [2.000]     0.1827 [2.000]     0.1857 [2.000]
[kpt   0   5  12]     0.1868 [2.000]     0.9320 [2.000]     0.9426 [2.000]     0.9438 [2.000]     6.8344 [0.000]
[kpt   0   5  13]     9.7637 [0.000]     9.7637 [0.000]     9.7645 [0.000]     9.7656 [0.000]     9.7675 [0.000]
[kpt   0   5  14]     9.7675 [0.000]    10.5145 [0.000]    10.5149 [0.000]    10.5150 [0.000]    13.0150 [0.000]
[kpt   0   5  15]    13.0178 [0.000]    13.0187 [0.000]    13.0198 [0.000]    13.0205 [0.000]



Total charge in supercell =     128.00000000
 quench: [md:   0/100  scf:   5/30  step time:   0.25  scf time:     1.46 secs  RMS[dV]: 9.28e-03 ]


average potential <V> = -8.64e-17
Davidson converged in 3 steps

FERMI ENERGY =      1.07714207 eV
@@ EIGENVALUE SUM     =      -58.670254 Ry
@@ ION_ION            =     -272.916107 Ry
@@ ELECTROSTATIC      =     -285.977546 Ry
@@ VXC                =     -178.367563 Ry
@@ EXC                =     -137.291687 Ry
@@ TOTAL ENERGY       =     -576.488031 Ry
@@ estimated error    =        1.00e-02 Ry
Charge normalization constant -1.0: 0.000000e+00
Charge density mixing: Broyden


KOHN SHAM EIGENVALUES [eV] AT K-POINT [  0]:       0.000000      0.000000      0.000000

[kpt   0   6   0]   -18.9246 [2.000]   -17.9422 [2.000]   -17.9412 [2.000]   -17.9409 [2.000]   -17.9403 [2.000]
[kpt   0   6   1]   -17.9399 [2.000]   -17.9374 [2.000]   -16.5895 [2.000]   -16.5883 [2.000]   -16.5880 [2.000]
[kpt   0   6   2]   -16.5877 [2.000]   -16.5851 [2.000]   -16.5849 [2.000]   -16.5579 [2.000]   -16.5544 [2.000]
[kpt   0   6   3]   -16.5540 [2.000]    -9.3802 [2.000]    -6.9717 [2.000]    -6.9710 [2.000]    -6.9708 [2.000]
[kpt   0   6   4]    -6.9703 [2.000]    -6.9700 [2.000]    -6.9683 [2.000]    -5.1959 [2.000]    -5.1942 [2.000]
[kpt   0   6   5]    -5.1939 [2.000]    -4.5699 [2.000]    -4.5690 [2.000]    -4.5687 [2.000]    -4.5685 [2.000]
[kpt   0   6   6]    -4.5664 [2.000]    -4.5662 [2.000]    -2.1460 [2.000]    -2.1458 [2.000]    -2.1455 [2.000]
[kpt   0   6   7]    -2.1444 [2.000]    -2.1438 [2.000]    -2.1437 [2.000]    -1.9023 [2.000]    -1.9022 [2.000]
[kpt   0   6   8]    -1.7123 [2.000]    -1.7122 [2.000]    -1.7116 [2.000]    -1.7107 [2.000]    -1.7104 [2.000]
[kpt   0   6   9]    -1.7088 [2.000]    -1.2557 [2.000]    -1.2556 [2.000]    -1.2554 [2.000]    -0.5947 [2.000]
[kpt   0   6  10]    -0.5946 [2.000]    -0.5938 [2.000]    -0.5933 [2.000]    -0.5914 [2.000]    -0.5912 [2.000]
[kpt   0   6  11]     0.3091 [2.000]     0.3094 [2.000]     0.3099 [2.000]     0.3114 [2.000]     0.3116 [2.000]
[kpt   0   6  12]     0.3121 [2.000]     1.0753 [2.000]     1.0756 [2.000]     1.0771 [2.000]     6.8082 [0.000]
[kpt   0   6  13]     9.7664 [0.000]     9.7673 [0.000]     9.7673 [0.000]     9.7675 [0.000]     9.7676 [0.000]
[kpt   0   6  14]     9.7677 [0.000]    10.5671 [0.000]    10.5672 [0.000]    10.5673 [0.000]    13.0424 [0.000]
[kpt   0   6  15]    13.0544 [0.000]    13.0545 [0.000]    13.0550 [0.000]    13.0553 [0.000]



Total charge in supercell =     128.00000000
 quench: [md:   0/100  scf:   6/30  step time:   0.27  scf time:     1.73 secs  RMS[dV]: 4.16e-03 ]


average potential <V> = -3.95e-16
Davidson converged in 8 steps

FERMI ENERGY =      1.09714385 eV
@@ EIGENVALUE SUM     =      -58.412509 Ry
@@ ION_ION            =     -272.916107 Ry
@@ ELECTROSTATIC      =     -286.249440 Ry
@@ VXC                =     -178.429266 Ry
@@ EXC                =     -137.339129 Ry
@@ TOTAL ENERGY       =     -576.487919 Ry
@@ estimated error    =        5.58e-04 Ry
Charge normalization constant -1.0: -2.664535e-15
Charge density mixing: Broyden


KOHN SHAM EIGENVALUES [eV] AT K-POINT [  0]:       0.000000      0.000000      0.000000

[kpt   0   7   0]   -18.8951 [2.000]   -17.9111 [2.000]   -17.9110 [2.000]   -17.9110 [2.000]   -17.9107 [2.000]
[kpt   0   7   1]   -17.9107 [2.000]   -17.9106 [2.000]   -16.5588 [2.000]   -16.5588 [2.000]   -16.5587 [2.000]
[kpt   0   7   2]   -16.5584 [2.000]   -16.5584 [2.000]   -16.5583 [2.000]   -16.5269 [2.000]   -16.5269 [2.000]
[kpt   0   7   3]   -16.5264 [2.000]    -9.3413 [2.000]    -6.9328 [2.000]    -6.9326 [2.000]    -6.9326 [2.000]
[kpt   0   7   4]    -6.9324 [2.000]    -6.9324 [2.000]    -6.9324 [2.000]    -5.1607 [2.000]    -5.1606 [2.000]
[kpt   0   7   5]    -5.1604 [2.000]    -4.5305 [2.000]    -4.5305 [2.000]    -4.5303 [2.000]    -4.5302 [2.000]
[kpt   0   7   6]    -4.5301 [2.000]    -4.5301 [2.000]    -2.1243 [2.000]    -2.1243 [2.000]    -2.1242 [2.000]
[kpt   0   7   7]    -2.1239 [2.000]    -2.1239 [2.000]    -2.1239 [2.000]    -1.8815 [2.000]    -1.8815 [2.000]
[kpt   0   7   8]    -1.6899 [2.000]    -1.6899 [2.000]    -1.6898 [2.000]    -1.6896 [2.000]    -1.6895 [2.000]
[kpt   0   7   9]    -1.6895 [2.000]    -1.2296 [2.000]    -1.2296 [2.000]    -1.2296 [2.000]    -0.5725 [2.000]
[kpt   0   7  10]    -0.5724 [2.000]    -0.5724 [2.000]    -0.5721 [2.000]    -0.5721 [2.000]    -0.5721 [2.000]
[kpt   0   7  11]     0.3326 [2.000]     0.3327 [2.000]     0.3327 [2.000]     0.3331 [2.000]     0.3331 [2.000]
[kpt   0   7  12]     0.3331 [2.000]     1.0968 [2.000]     1.0971 [2.000]     1.0971 [2.000]     6.7878 [0.000]
[kpt   0   7  13]     9.7606 [0.000]     9.7608 [0.000]     9.7608 [0.000]     9.7609 [0.000]     9.7609 [0.000]
[kpt   0   7  14]     9.7613 [0.000]    10.5896 [0.000]    10.5897 [0.000]    10.5902 [0.000]    12.1986 [0.000]
[kpt   0   7  15]    13.0500 [0.000]    13.0558 [0.000]    13.0560 [0.000]    13.0560 [0.000]



Total charge in supercell =     128.00000000
 quench: [md:   0/100  scf:   7/30  step time:   0.38  scf time:     2.11 secs  RMS[dV]: 9.18e-04 ]


average potential <V> = -6.99e-16
Davidson converged in 3 steps

FERMI ENERGY =      1.10226980 eV
@@ EIGENVALUE SUM     =      -58.360906 Ry
@@ ION_ION            =     -272.916107 Ry
@@ ELECTROSTATIC      =     -286.304620 Ry
@@ VXC                =     -178.445061 Ry
@@ EXC                =     -137.351340 Ry
@@ TOTAL ENERGY       =     -576.487912 Ry
@@ estimated error    =        3.37e-05 Ry
Charge normalization constant -1.0: -4.440892e-16
Charge density mixing: Broyden


KOHN SHAM EIGENVALUES [eV] AT K-POINT [  0]:       0.000000      0.000000      0.000000

[kpt   0   8   0]   -18.8893 [2.000]   -17.9056 [2.000]   -17.9053 [2.000]   -17.9053 [2.000]   -17.9047 [2.000]
[kpt   0   8   1]   -17.9047 [2.000]   -17.9046 [2.000]   -16.5535 [2.000]   -16.5532 [2.000]   -16.5532 [2.000]
[kpt   0   8   2]   -16.5526 [2.000]   -16.5525 [2.000]   -16.5524 [2.000]   -16.5218 [2.000]   -16.5207 [2.000]
[kpt   0   8   3]   -16.5206 [2.000]    -9.3346 [2.000]    -6.9264 [2.000]    -6.9262 [2.000]    -6.9262 [2.000]
[kpt   0   8   4]    -6.9258 [2.000]    -6.9257 [2.000]    -6.9257 [2.000]    -5.1549 [2.000]    -5.1543 [2.000]
[kpt   0   8   5]    -5.1543 [2.000]    -4.5244 [2.000]    -4.5242 [2.000]    -4.5242 [2.000]    -4.5237 [2.000]
[kpt   0   8   6]    -4.5236 [2.000]    -4.5236 [2.000]    -2.1197 [2.000]    -2.1197 [2.000]    -2.1196 [2.000]
[kpt   0   8   7]    -2.1191 [2.000]    -2.1190 [2.000]    -2.1190 [2.000]    -1.8768 [2.000]    -1.8768 [2.000]
[kpt   0   8   8]    -1.6851 [2.000]    -1.6851 [2.000]    -1.6850 [2.000]    -1.6845 [2.000]    -1.6845 [2.000]
[kpt   0   8   9]    -1.6844 [2.000]    -1.2243 [2.000]    -1.2243 [2.000]    -1.2243 [2.000]    -0.5679 [2.000]
[kpt   0   8  10]    -0.5679 [2.000]    -0.5677 [2.000]    -0.5671 [2.000]    -0.5671 [2.000]    -0.5671 [2.000]
[kpt   0   8  11]     0.3374 [2.000]     0.3375 [2.000]     0.3376 [2.000]     0.3383 [2.000]     0.3383 [2.000]
[kpt   0   8  12]     0.3383 [2.000]     1.1016 [2.000]     1.1016 [2.000]     1.1023 [2.000]     6.7881 [0.000]
[kpt   0   8  13]     9.7588 [0.000]     9.7589 [0.000]     9.7589 [0.000]     9.7590 [0.000]     9.7590 [0.000]
[kpt   0   8  14]     9.7591 [0.000]    10.5939 [0.000]    10.5940 [0.000]    10.5946 [0.000]    12.2045 [0.000]
[kpt   0   8  15]    13.0516 [0.000]    13.0526 [0.000]    13.0527 [0.000]    13.0528 [0.000]



Total charge in supercell =     128.00000000
 quench: [md:   0/100  scf:   8/30  step time:   0.27  scf time:     2.38 secs  RMS[dV]: 3.12e-04 ]


average potential <V> = -4.52e-17
Davidson converged in 3 steps

FERMI ENERGY =      1.10153035 eV
@@ EIGENVALUE SUM     =      -58.365457 Ry
@@ ION_ION            =     -272.916107 Ry
@@ ELECTROSTATIC      =     -286.299964 Ry
@@ VXC                =     -178.444715 Ry
@@ EXC                =     -137.351099 Ry
@@ TOTAL ENERGY       =     -576.487913 Ry
@@ estimated error    =        1.72e-06 Ry
Charge normalization constant -1.0: -6.661338e-16
Charge density mixing: Broyden


KOHN SHAM EIGENVALUES [eV] AT K-POINT [  0]:       0.000000      0.000000      0.000000

[kpt   0   9   0]   -18.8898 [2.000]   -17.9058 [2.000]   -17.9057 [2.000]   -17.9057 [2.000]   -17.9054 [2.000]
[kpt   0   9   1]   -17.9054 [2.000]   -17.9053 [2.000]   -16.5537 [2.000]   -16.5537 [2.000]   -16.5536 [2.000]
[kpt   0   9   2]   -16.5533 [2.000]   -16.5533 [2.000]   -16.5531 [2.000]   -16.5218 [2.000]   -16.5218 [2.000]
[kpt   0   9   3]   -16.5213 [2.000]    -9.3351 [2.000]    -6.9269 [2.000]    -6.9268 [2.000]    -6.9268 [2.000]
[kpt   0   9   4]    -6.9266 [2.000]    -6.9266 [2.000]    -6.9265 [2.000]    -5.1552 [2.000]    -5.1552 [2.000]
[kpt   0   9   5]    -5.1549 [2.000]    -4.5250 [2.000]    -4.5250 [2.000]    -4.5249 [2.000]    -4.5247 [2.000]
[kpt   0   9   6]    -4.5247 [2.000]    -4.5245 [2.000]    -2.1197 [2.000]    -2.1197 [2.000]    -2.1197 [2.000]
[kpt   0   9   7]    -2.1195 [2.000]    -2.1194 [2.000]    -2.1194 [2.000]    -1.8770 [2.000]    -1.8770 [2.000]
[kpt   0   9   8]    -1.6852 [2.000]    -1.6851 [2.000]    -1.6851 [2.000]    -1.6849 [2.000]    -1.6848 [2.000]
[kpt   0   9   9]    -1.6848 [2.000]    -1.2248 [2.000]    -1.2248 [2.000]    -1.2248 [2.000]    -0.5680 [2.000]
[kpt   0   9  10]    -0.5680 [2.000]    -0.5679 [2.000]    -0.5677 [2.000]    -0.5676 [2.000]    -0.5676 [2.000]
[kpt   0   9  11]     0.3373 [2.000]     0.3373 [2.000]     0.3374 [2.000]     0.3376 [2.000]     0.3377 [2.000]
[kpt   0   9  12]     0.3377 [2.000]     1.1012 [2.000]     1.1015 [2.000]     1.1015 [2.000]     6.7882 [0.000]
[kpt   0   9  13]     9.7575 [0.000]     9.7577 [0.000]     9.7577 [0.000]     9.7579 [0.000]     9.7579 [0.000]
[kpt   0   9  14]     9.7579 [0.000]    10.5936 [0.000]    10.5936 [0.000]    10.5939 [0.000]    12.2043 [0.000]
[kpt   0   9  15]    13.0515 [0.000]    13.0519 [0.000]    13.0520 [0.000]    13.0521 [0.000]



Total charge in supercell =     128.00000000
 quench: [md:   0/100  scf:   9/30  step time:   0.30  scf time:     2.67 secs  RMS[dV]: 6.91e-05 ]


average potential <V> = -1.32e-16
Davidson converged in 2 steps

FERMI ENERGY =      1.10163067 eV
@@ EIGENVALUE SUM     =      -58.365622 Ry
@@ ION_ION            =     -272.916107 Ry
@@ ELECTROSTATIC      =     -286.299861 Ry
@@ VXC                =     -178.445073 Ry
@@ EXC                =     -137.351398 Ry
@@ TOTAL ENERGY       =     -576.487915 Ry
@@ estimated error    =        3.39e-07 Ry
Charge normalization constant -1.0: 1.998401e-15
Charge density mixing: Broyden


KOHN SHAM EIGENVALUES [eV] AT K-POINT [  0]:       0.000000      0.000000      0.000000

[kpt   0  10   0]   -18.8898 [2.000]   -17.9056 [2.000]   -17.9056 [2.000]   -17.9056 [2.000]   -17.9056 [2.000]
[kpt   0  10   1]   -17.9056 [2.000]   -17.9055 [2.000]   -16.5535 [2.000]   -16.5535 [2.000]   -16.5535 [2.000]
[kpt   0  10   2]   -16.5534 [2.000]   -16.5534 [2.000]   -16.5534 [2.000]   -16.5217 [2.000]   -16.5216 [2.000]
[kpt   0  10   3]   -16.5216 [2.000]    -9.3354 [2.000]    -6.9270 [2.000]    -6.9270 [2.000]    -6.9270 [2.000]
[kpt   0  10   4]    -6.9270 [2.000]    -6.9270 [2.000]    -6.9269 [2.000]    -5.1554 [2.000]    -5.1553 [2.000]
[kpt   0  10   5]    -5.1553 [2.000]    -4.5251 [2.000]    -4.5251 [2.000]    -4.5251 [2.000]    -4.5250 [2.000]
[kpt   0  10   6]    -4.5250 [2.000]    -4.5250 [2.000]    -2.1195 [2.000]    -2.1195 [2.000]    -2.1195 [2.000]
[kpt   0  10   7]    -2.1195 [2.000]    -2.1195 [2.000]    -2.1195 [2.000]    -1.8769 [2.000]    -1.8769 [2.000]
[kpt   0  10   8]    -1.6849 [2.000]    -1.6849 [2.000]    -1.6849 [2.000]    -1.6849 [2.000]    -1.6849 [2.000]
[kpt   0  10   9]    -1.6848 [2.000]    -1.2248 [2.000]    -1.2248 [2.000]    -1.2248 [2.000]    -0.5677 [2.000]
[kpt   0  10  10]    -0.5677 [2.000]    -0.5677 [2.000]    -0.5676 [2.000]    -0.5676 [2.000]    -0.5676 [2.000]
[kpt   0  10  11]     0.3376 [2.000]     0.3376 [2.000]     0.3376 [2.000]     0.3377 [2.000]     0.3377 [2.000]
[kpt   0  10  12]     0.3377 [2.000]     1.1016 [2.000]     1.1016 [2.000]     1.1016 [2.000]     6.7884 [0.000]
[kpt   0  10  13]     9.7570 [0.000]     9.7571 [0.000]     9.7572 [0.000]     9.7572 [0.000]     9.7573 [0.000]
[kpt   0  10  14]     9.7573 [0.000]    10.5930 [0.000]    10.5930 [0.000]    10.5933 [0.000]    12.2040 [0.000]
[kpt   0  10  15]    13.0515 [0.000]    13.0518 [0.000]    13.0519 [0.000]    13.0519 [0.000]



Total charge in supercell =     128.00000000
 quench: [md:   0/100  scf:  10/30  step time:   0.23  scf time:     2.91 secs  RMS[dV]: 2.11e-05 ]


average potential <V> = 4.69e-16
Davidson converged in 3 steps

FERMI ENERGY =      1.10184063 eV
@@ EIGENVALUE SUM     =      -58.364093 Ry
@@ ION_ION            =     -272.916107 Ry
@@ ELECTROSTATIC      =     -286.301521 Ry
@@ VXC                =     -178.445712 Ry
@@ EXC                =     -137.351909 Ry
@@ TOTAL ENERGY       =     -576.487917 Ry
@@ estimated error    =        2.71e-08 Ry
Charge normalization constant -1.0: 1.110223e-15
Charge density mixing: Broyden


KOHN SHAM EIGENVALUES [eV] AT K-POINT [  0]:       0.000000      0.000000      0.000000

[kpt   0  11   0]   -18.8897 [2.000]   -17.9054 [2.000]   -17.9054 [2.000]   -17.9054 [2.000]   -17.9054 [2.000]
[kpt   0  11   1]   -17.9054 [2.000]   -17.9054 [2.000]   -16.5533 [2.000]   -16.5533 [2.000]   -16.5533 [2.000]
[kpt   0  11   2]   -16.5533 [2.000]   -16.5533 [2.000]   -16.5533 [2.000]   -16.5215 [2.000]   -16.5215 [2.000]
[kpt   0  11   3]   -16.5214 [2.000]    -9.3354 [2.000]    -6.9269 [2.000]    -6.9269 [2.000]    -6.9269 [2.000]
[kpt   0  11   4]    -6.9269 [2.000]    -6.9269 [2.000]    -6.9269 [2.000]    -5.1552 [2.000]    -5.1552 [2.000]
[kpt   0  11   5]    -5.1552 [2.000]    -4.5250 [2.000]    -4.5250 [2.000]    -4.5250 [2.000]    -4.5250 [2.000]
[kpt   0  11   6]    -4.5250 [2.000]    -4.5250 [2.000]    -2.1193 [2.000]    -2.1193 [2.000]    -2.1193 [2.000]
[kpt   0  11   7]    -2.1193 [2.000]    -2.1193 [2.000]    -2.1193 [2.000]    -1.8767 [2.000]    -1.8767 [2.000]
[kpt   0  11   8]    -1.6847 [2.000]    -1.6847 [2.000]    -1.6847 [2.000]    -1.6847 [2.000]    -1.6847 [2.000]
[kpt   0  11   9]    -1.6847 [2.000]    -1.2246 [2.000]    -1.2246 [2.000]    -1.2246 [2.000]    -0.5675 [2.000]
[kpt   0  11  10]    -0.5675 [2.000]    -0.5675 [2.000]    -0.5674 [2.000]    -0.5674 [2.000]    -0.5674 [2.000]
[kpt   0  11  11]     0.3378 [2.000]     0.3378 [2.000]     0.3378 [2.000]     0.3378 [2.000]     0.3379 [2.000]
[kpt   0  11  12]     0.3379 [2.000]     1.1018 [2.000]     1.1018 [2.000]     1.1018 [2.000]     6.7885 [0.000]
[kpt   0  11  13]     9.7568 [0.000]     9.7569 [0.000]     9.7569 [0.000]     9.7570 [0.000]     9.7570 [0.000]
[kpt   0  11  14]     9.7571 [0.000]    10.5928 [0.000]    10.5929 [0.000]    10.5930 [0.000]    12.2041 [0.000]
[kpt   0  11  15]    13.0516 [0.000]    13.0518 [0.000]    13.0518 [0.000]    13.0519 [0.000]



Total charge in supercell =     128.00000000
 quench: [md:   0/100  scf:  11/30  step time:   0.30  scf time:     3.21 secs  RMS[dV]: 1.30e-05 ]


average potential <V> = 2.34e-16
Davidson converged in 2 steps

FERMI ENERGY =      1.10173823 eV
@@ EIGENVALUE SUM     =      -58.364729 Ry
@@ ION_ION            =     -272.916107 Ry
@@ ELECTROSTATIC      =     -286.300831 Ry
@@ VXC                =     -178.445461 Ry
@@ EXC                =     -137.351711 Ry
@@ TOTAL ENERGY       =     -576.487917 Ry
@@ estimated error    =        1.16e-08 Ry
Charge normalization constant -1.0: 8.881784e-16
Charge density mixing: Broyden


KOHN SHAM EIGENVALUES [eV] AT K-POINT [  0]:       0.000000      0.000000      0.000000

[kpt   0  12   0]   -18.8897 [2.000]   -17.9055 [2.000]   -17.9055 [2.000]   -17.9055 [2.000]   -17.9055 [2.000]
[kpt   0  12   1]   -17.9055 [2.000]   -17.9055 [2.000]   -16.5534 [2.000]   -16.5534 [2.000]   -16.5534 [2.000]
[kpt   0  12   2]   -16.5534 [2.000]   -16.5534 [2.000]   -16.5533 [2.000]   -16.5215 [2.000]   -16.5215 [2.000]
[kpt   0  12   3]   -16.5215 [2.000]    -9.3354 [2.000]    -6.9269 [2.000]    -6.9269 [2.000]    -6.9269 [2.000]
[kpt   0  12   4]    -6.9269 [2.000]    -6.9269 [2.000]    -6.9269 [2.000]    -5.1553 [2.000]    -5.1553 [2.000]
[kpt   0  12   5]    -5.1553 [2.000]    -4.5250 [2.000]    -4.5250 [2.000]    -4.5250 [2.000]    -4.5250 [2.000]
[kpt   0  12   6]    -4.5250 [2.000]    -4.5250 [2.000]    -2.1194 [2.000]    -2.1194 [2.000]    -2.1194 [2.000]
[kpt   0  12   7]    -2.1194 [2.000]    -2.1194 [2.000]    -2.1194 [2.000]    -1.8768 [2.000]    -1.8768 [2.000]
[kpt   0  12   8]    -1.6848 [2.000]    -1.6848 [2.000]    -1.6848 [2.000]    -1.6848 [2.000]    -1.6848 [2.000]
[kpt   0  12   9]    -1.6847 [2.000]    -1.2247 [2.000]    -1.2247 [2.000]    -1.2247 [2.000]    -0.5675 [2.000]
[kpt   0  12  10]    -0.5675 [2.000]    -0.5675 [2.000]    -0.5675 [2.000]    -0.5675 [2.000]    -0.5675 [2.000]
[kpt   0  12  11]     0.3377 [2.000]     0.3377 [2.000]     0.3377 [2.000]     0.3378 [2.000]     0.3378 [2.000]
[kpt   0  12  12]     0.3378 [2.000]     1.1017 [2.000]     1.1017 [2.000]     1.1017 [2.000]     6.7884 [0.000]
[kpt   0  12  13]     9.7566 [0.000]     9.7567 [0.000]     9.7567 [0.000]     9.7567 [0.000]     9.7568 [0.000]
[kpt   0  12  14]     9.7568 [0.000]    10.5927 [0.000]    10.5927 [0.000]    10.5928 [0.000]    12.2040 [0.000]
[kpt   0  12  15]    13.0516 [0.000]    13.0517 [0.000]    13.0517 [0.000]    13.0517 [0.000]



Total charge in supercell =     128.00000000
 quench: [md:   0/100  scf:  12/30  step time:   0.24  scf time:     3.45 secs  RMS[dV]: 3.87e-06 ]


average potential <V> = -4.73e-16
Davidson converged in 3 steps

FERMI ENERGY =      1.10172488 eV
@@ EIGENVALUE SUM     =      -58.364684 Ry
@@ ION_ION            =     -272.916107 Ry
@@ ELECTROSTATIC      =     -286.300874 Ry
@@ VXC                =     -178.445462 Ry
@@ EXC                =     -137.351715 Ry
@@ TOTAL ENERGY       =     -576.487917 Ry
@@ estimated error    =        8.27e-10 Ry
Charge normalization constant -1.0: 2.220446e-16
Charge density mixing: Broyden


KOHN SHAM EIGENVALUES [eV] AT K-POINT [  0]:       0.000000      0.000000      0.000000

[kpt   0  13   0]   -18.8897 [2.000]   -17.9055 [2.000]   -17.9055 [2.000]   -17.9055 [2.000]   -17.9055 [2.000]
[kpt   0  13   1]   -17.9055 [2.000]   -17.9055 [2.000]   -16.5534 [2.000]   -16.5534 [2.000]   -16.5534 [2.000]
[kpt   0  13   2]   -16.5534 [2.000]   -16.5534 [2.000]   -16.5533 [2.000]   -16.5215 [2.000]   -16.5215 [2.000]
[kpt   0  13   3]   -16.5215 [2.000]    -9.3354 [2.000]    -6.9269 [2.000]    -6.9269 [2.000]    -6.9269 [2.000]
[kpt   0  13   4]    -6.9269 [2.000]    -6.9269 [2.000]    -6.9269 [2.000]    -5.1553 [2.000]    -5.1553 [2.000]
[kpt   0  13   5]    -5.1552 [2.000]    -4.5250 [2.000]    -4.5250 [2.000]    -4.5250 [2.000]    -4.5250 [2.000]
[kpt   0  13   6]    -4.5250 [2.000]    -4.5250 [2.000]    -2.1194 [2.000]    -2.1194 [2.000]    -2.1194 [2.000]
[kpt   0  13   7]    -2.1194 [2.000]    -2.1194 [2.000]    -2.1194 [2.000]    -1.8768 [2.000]    -1.8768 [2.000]
[kpt   0  13   8]    -1.6848 [2.000]    -1.6848 [2.000]    -1.6848 [2.000]    -1.6848 [2.000]    -1.6848 [2.000]
[kpt   0  13   9]    -1.6848 [2.000]    -1.2247 [2.000]    -1.2247 [2.000]    -1.2247 [2.000]    -0.5675 [2.000]
[kpt   0  13  10]    -0.5675 [2.000]    -0.5675 [2.000]    -0.5675 [2.000]    -0.5675 [2.000]    -0.5675 [2.000]
[kpt   0  13  11]     0.3377 [2.000]     0.3377 [2.000]     0.3377 [2.000]     0.3377 [2.000]     0.3378 [2.000]
[kpt   0  13  12]     0.3378 [2.000]     1.1017 [2.000]     1.1017 [2.000]     1.1017 [2.000]     6.7884 [0.000]
[kpt   0  13  13]     9.7565 [0.000]     9.7565 [0.000]     9.7565 [0.000]     9.7565 [0.000]     9.7565 [0.000]
[kpt   0  13  14]     9.7565 [0.000]    10.5927 [0.000]    10.5927 [0.000]    10.5927 [0.000]    12.2040 [0.000]
[kpt   0  13  15]    13.0516 [0.000]    13.0516 [0.000]    13.0516 [0.000]    13.0516 [0.000]



Total charge in supercell =     128.00000000
 quench: [md:   0/100  scf:  13/30  step time:   0.31  scf time:     3.76 secs  RMS[dV]: 2.03e-06 ]


average potential <V> = -5.43e-16
Davidson converged in 2 steps

FERMI ENERGY =      1.10173371 eV
@@ EIGENVALUE SUM     =      -58.364661 Ry
@@ ION_ION            =     -272.916107 Ry
@@ ELECTROSTATIC      =     -286.300900 Ry
@@ VXC                =     -178.445482 Ry
@@ EXC                =     -137.351731 Ry
@@ TOTAL ENERGY       =     -576.487917 Ry
@@ estimated error    =        3.52e-10 Ry
Charge normalization constant -1.0: 1.998401e-15
Charge density mixing: Broyden


KOHN SHAM EIGENVALUES [eV] AT K-POINT [  0]:       0.000000      0.000000      0.000000

[kpt   0  14   0]   -18.8897 [2.000]   -17.9055 [2.000]   -17.9055 [2.000]   -17.9055 [2.000]   -17.9055 [2.000]
[kpt   0  14   1]   -17.9055 [2.000]   -17.9055 [2.000]   -16.5534 [2.000]   -16.5534 [2.000]   -16.5534 [2.000]
[kpt   0  14   2]   -16.5534 [2.000]   -16.5534 [2.000]   -16.5534 [2.000]   -16.5215 [2.000]   -16.5215 [2.000]
[kpt   0  14   3]   -16.5215 [2.000]    -9.3354 [2.000]    -6.9269 [2.000]    -6.9269 [2.000]    -6.9269 [2.000]
[kpt   0  14   4]    -6.9269 [2.000]    -6.9269 [2.000]    -6.9269 [2.000]    -5.1553 [2.000]    -5.1553 [2.000]
[kpt   0  14   5]    -5.1553 [2.000]    -4.5250 [2.000]    -4.5250 [2.000]    -4.5250 [2.000]    -4.5250 [2.000]
[kpt   0  14   6]    -4.5250 [2.000]    -4.5250 [2.000]    -2.1194 [2.000]    -2.1194 [2.000]    -2.1194 [2.000]
[kpt   0  14   7]    -2.1194 [2.000]    -2.1194 [2.000]    -2.1194 [2.000]    -1.8768 [2.000]    -1.8768 [2.000]
[kpt   0  14   8]    -1.6848 [2.000]    -1.6848 [2.000]    -1.6848 [2.000]    -1.6847 [2.000]    -1.6847 [2.000]
[kpt   0  14   9]    -1.6847 [2.000]    -1.2247 [2.000]    -1.2247 [2.000]    -1.2247 [2.000]    -0.5675 [2.000]
[kpt   0  14  10]    -0.5675 [2.000]    -0.5675 [2.000]    -0.5675 [2.000]    -0.5675 [2.000]    -0.5675 [2.000]
[kpt   0  14  11]     0.3378 [2.000]     0.3378 [2.000]     0.3378 [2.000]     0.3378 [2.000]     0.3378 [2.000]
[kpt   0  14  12]     0.3378 [2.000]     1.1017 [2.000]     1.1017 [2.000]     1.1017 [2.000]     6.7884 [0.000]
[kpt   0  14  13]     9.7564 [0.000]     9.7564 [0.000]     9.7565 [0.000]     9.7565 [0.000]     9.7565 [0.000]
[kpt   0  14  14]     9.7565 [0.000]    10.5926 [0.000]    10.5926 [0.000]    10.5927 [0.000]    12.2040 [0.000]
[kpt   0  14  15]    13.0516 [0.000]    13.0516 [0.000]    13.0516 [0.000]    13.0516 [0.000]



Total charge in supercell =     128.00000000
 quench: [md:   0/100  scf:  14/30  step time:   0.26  scf time:     4.03 secs  RMS[dV]: 4.58e-07 ]



 Convergence criterion reached: Energy variation (5.08e-12) is lower than threshold (1.00e-10)

potential convergence has been achieved. stopping ...

[   0  15   15        5 ] Quench.cpp: 
@@ TOTAL ENEGY Components 
@@ ION_ION            =     -272.916107 Ry
@@ ELECTROSTATIC      =      286.300900 Ry
@@ EXC                =     -137.351724 Ry
@@ vdw correction     =        0.000000 Ry
@@ LdaU correction    =        0.000000 Ry
@@ total              =        0.000000 Ry
final total energy from eig sum =    -576.48791698 Ry


KOHN SHAM EIGENVALUES [eV] AT K-POINT [  0]:       0.000000      0.000000      0.000000

[kpt   0  15   0]   -18.8897 [2.000]   -17.9055 [2.000]   -17.9055 [2.000]   -17.9055 [2.000]   -17.9055 [2.000]
[kpt   0  15   1]   -17.9055 [2.000]   -17.9055 [2.000]   -16.5534 [2.000]   -16.5534 [2.000]   -16.5534 [2.000]
[kpt   0  15   2]   -16.5534 [2.000]   -16.5534 [2.000]   -16.5534 [2.000]   -16.5215 [2.000]   -16.5215 [2.000]
[kpt   0  15   3]   -16.5215 [2.000]    -9.3354 [2.000]    -6.9269 [2.000]    -6.9269 [2.000]    -6.9269 [2.000]
[kpt   0  15   4]    -6.9269 [2.000]    -6.9269 [2.000]    -6.9269 [2.000]    -5.1553 [2.000]    -5.1553 [2.000]
[kpt   0  15   5]    -5.1553 [2.000]    -4.5250 [2.000]    -4.5250 [2.000]    -4.5250 [2.000]    -4.5250 [2.000]
[kpt   0  15   6]    -4.5250 [2.000]    -4.5250 [2.000]    -2.1194 [2.000]    -2.1194 [2.000]    -2.1194 [2.000]
[kpt   0  15   7]    -2.1194 [2.000]    -2.1194 [2.000]    -2.1194 [2.000]    -1.8768 [2.000]    -1.8768 [2.000]
[kpt   0  15   8]    -1.6848 [2.000]    -1.6848 [2.000]    -1.6848 [2.000]    -1.6847 [2.000]    -1.6847 [2.000]
[kpt   0  15   9]    -1.6847 [2.000]    -1.2247 [2.000]    -1.2247 [2.000]    -1.2247 [2.000]    -0.5675 [2.000]
[kpt   0  15  10]    -0.5675 [2.000]    -0.5675 [2.000]    -0.5675 [2.000]    -0.5675 [2.000]    -0.5675 [2.000]
[kpt   0  15  11]     0.3378 [2.000]     0.3378 [2.000]     0.3378 [2.000]     0.3378 [2.000]     0.3378 [2.000]
[kpt   0  15  12]     0.3378 [2.000]     1.1017 [2.000]     1.1017 [2.000]     1.1017 [2.000]     6.7884 [0.000]
[kpt   0  15  13]     9.7564 [0.000]     9.7564 [0.000]     9.7565 [0.000]     9.7565 [0.000]     9.7565 [0.000]
[kpt   0  15  14]     9.7565 [0.000]    10.5926 [0.000]    10.5926 [0.000]    10.5927 [0.000]    12.2040 [0.000]
[kpt   0  15  15]    13.0516 [0.000]    13.0516 [0.000]    13.0516 [0.000]    13.0516 [0.000]



Total charge in supercell =     128.00000000
 volume and energy per atom =        15.03933867       -326.81321601 eV

 Vdd took 0.000186 seconds
WriteRestart: Output file given as /dev/null, no restart data written ...



  IONIC POSITIONS [a0] AND FORCES [Ry/a0]
  Charge analysis using: Voronoi Deformation Density

@ION  Ion  Species       X           Y           Z       Charge       FX          FY         FZ      Movable
@ION    1    Si      0.0000000   0.0000000   0.0000000    0.448    0.0000000  -0.0000000  -0.0000000  1 1 1
@ION    2    Si      3.3637125   3.3637125   3.3637125    0.445    0.0000000  -0.0000000   0.0000000  1 1 1
@ION    3    Si     10.0911375   3.3637125  10.0911375    0.445   -0.0000000   0.0000000  -0.0000000  1 1 1
@ION    4    Si      3.3637125  10.0911375  10.0911375    0.445   -0.0000000  -0.0000000  -0.0000000  1 1 1
@ION    5    Si     10.0911375  10.0911375   3.3637125    0.447   -0.0000000  -0.0000000   0.0000000  1 1 1
@ION    6    Si      0.0000000   6.7274250   6.7274250    0.450   -0.0000000   0.0000000   0.0000000  1 1 1
@ION    7    Si      6.7274250   0.0000000   6.7274250    0.450    0.0000000  -0.0000000   0.0000000  1 1 1
@ION    8    Si      6.7274250   6.7274250   0.0000000    0.448    0.0000001   0.0000000  -0.0000000  1 1 1
@ION    9     O      1.6818563   1.6818563   1.6818563   -0.217    0.0000000   0.0000000  -0.0000000  1 1 1
@ION   10     O     11.7729938   1.6818563  11.7729938   -0.219    0.0000000  -0.0000000   0.0000000  1 1 1
@ION   11     O      1.6818563  11.7729938  11.7729938   -0.223   -0.0000000   0.0000000   0.0000000  1 1 1
@ION   12     O     11.7729938  11.7729938   1.6818563   -0.227    0.0000001   0.0000001   0.0000000  1 1 1
@ION   13     O      1.6818563   8.4092813   8.4092813   -0.218   -0.0000000  -0.0000000  -0.0000000  1 1 1
@ION   14     O      8.4092813   1.6818563   8.4092813   -0.219   -0.0000000   0.0000000  -0.0000000  1 1 1
@ION   15     O      8.4092813   8.4092813   1.6818563   -0.221   -0.0000000  -0.0000000  -0.0000000  1 1 1
@ION   16     O     11.7729938   8.4092813   5.0455688   -0.221   -0.0000000   0.0000000  -0.0000000  1 1 1
@ION   17     O      5.0455688   1.6818563   5.0455688   -0.220   -0.0000001   0.0000000  -0.0000001  1 1 1
@ION   18     O      5.0455688   8.4092813  11.7729938   -0.221    0.0000000  -0.0000000   0.0000000  1 1 1
@ION   19     O      1.6818563   5.0455688   5.0455688   -0.227    0.0000000  -0.0000000  -0.0000000  1 1 1
@ION   20     O      8.4092813  11.7729938   5.0455688   -0.229   -0.0000000   0.0000000  -0.0000001  1 1 1
@ION   21     O      8.4092813   5.0455688  11.7729938   -0.225   -0.0000000   0.0000000   0.0000000  1 1 1
@ION   22     O     11.7729938   5.0455688   8.4092813   -0.230    0.0000000  -0.0000000   0.0000000  1 1 1
@ION   23     O      5.0455688  11.7729938   8.4092813   -0.230   -0.0000000   0.0000000  -0.0000000  1 1 1
@ION   24     O      5.0455688   5.0455688   1.6818563   -0.232   -0.0000000  -0.0000000   0.0000000  1 1 1

 mean FX      =   0.00000002 Ry/a0
 mean FY      =   0.00000002 Ry/a0
 mean FZ      =   0.00000002 Ry/a0

 max FX       =   0.00000005 Ry/a0   (ion 12)
 max FY       =   0.00000005 Ry/a0   (ion 12)
 max FZ       =   0.00000008 Ry/a0   (ion 17)
 max F[x,y,z] =   0.00000008 Ry/a0
 max |F|      =   0.00000009 Ry/a0   (ion 17)

 sum FX       =  -0.00000001 Ry/a0
 sum FY       =   0.00000000 Ry/a0
 sum FZ       =  -0.00000016 Ry/a0
 Average      =   0.00000006 Ry/a0
 sqrt < F^2 > =   0.00000003 Ry/a0

WriteRestart: Output file given as /dev/null, no restart data written ...


--------TIMING INFORMATION FOR Processor owned the most atoms----------------
                                        Total time               Per SCF/step

1-TOTAL                                             5.41                0.36
-----------------------------------------------------------------------------
  1-TOTAL: Init                                     1.03                0.07
  1-TOTAL: run                                      4.38                0.29
  ---------------------------------------------------------------------------
    1-TOTAL: run: Force                             0.34                0.02
    1-TOTAL: run: Scf steps                         3.96                0.26

2-Force                                             0.34                0.02
-----------------------------------------------------------------------------
  2-Force: core correction                          0.00                0.00
  2-Force: corrections                              0.08                0.01
  2-Force: ion-ion                                  0.05                0.00
  2-Force: local                                    0.08                0.01
  2-Force: non-local                                0.12                0.01
  2-Force: non-local-betaxpsi                       0.02                0.00
  2-Force: non-local-get gamma                      0.00                0.00
  2-Force: non-local-nlforce_par_Q                  0.01                0.00
  2-Force: non-local-nlforce_par_gamma              0.00                0.00
  2-Force: non-local-nlforce_par_omega              0.00                0.00
  2-Force: non-local-partial gamma                  0.00                0.00
  2-Force: non-local-veff grad                      0.01                0.00

2-Init                                              1.03                0.07
-----------------------------------------------------------------------------
  2-Init: GetNewRho                                 0.02                0.00
  2-Init: KpointClass                               0.44                0.03
  2-Init: LcaoGetPsi                                0.03                0.00
  2-Init: LcaoGetRho                                0.06                0.00
  2-Init: ReinitIonicPotentials                     0.09                0.01
  2-Init: betaxpsi                                  0.01                0.00
  2-Init: exchange/correlation                      0.02                0.00
  2-Init: hartree                                   0.01                0.00
  2-Init: normalization                             0.00                0.00
  2-Init: radial potentials                         0.22                0.01
  2-Init: subdiag                                   0.03                0.00
  2-Init: weights                                   0.00                0.00

2-Scf steps                                         3.96                0.26
-----------------------------------------------------------------------------
  2-Scf steps: Davidson                             2.38                0.16
  2-Scf steps: GetNewRho                            0.33                0.02
  2-Scf steps: Hartree                              0.25                0.02
  2-Scf steps: MgridSubspace                        0.62                0.04
  2-Scf steps: MixRho                               0.02                0.00
  2-Scf steps: exchange/correlation                 0.25                0.02

3-MgridSubspace                                     0.62                0.04
-----------------------------------------------------------------------------
  3-MgridSubspace: AppNls                           0.05                0.00
  3-MgridSubspace: Beta x psi                       0.07                0.00
  3-MgridSubspace: Diagonalization                  0.10                0.01
  3-MgridSubspace: Mg_eig                           0.40                0.03

3-ReinitIonicPotentials                             0.09                0.01
-----------------------------------------------------------------------------
  3-ReinitIonicPotentials: GetNlop                  0.00                0.00
  3-ReinitIonicPotentials: GetWeight                0.06                0.00
  3-ReinitIonicPotentials: get_QI                   0.00                0.00
  3-ReinitIonicPotentials: get_qqq                  0.00                0.00
  3-ReinitIonicPotentials: init_nuc                 0.03                0.00

4-Diagonalization                                   0.14                0.01
-----------------------------------------------------------------------------
  4-Diagonalization: ELPA/PDSYGVX/PZHEGVX           0.01                0.00
  4-Diagonalization: Hpsi                           0.08                0.01
  4-Diagonalization: MPI_Bcast                      0.00                0.00
  4-Diagonalization: Update orbitals                0.02                0.00
  ---------------------------------------------------------------------------
    4-Diagonalization: Update orbitals: gather           0.00                0.00
    4-Diagonalization: Update orbitals: gemm           0.01                0.00
  4-Diagonalization: matrix                         0.02                0.00
  ---------------------------------------------------------------------------
    4-Diagonalization: matrix: Allreduce            0.00                0.00
    4-Diagonalization: matrix: Gemm                 0.02                0.00

5-Functional                                        0.27                0.02
-----------------------------------------------------------------------------
  5-Functional: apply gradient                      0.03                0.00
  5-Functional: apply laplacian                     0.01                0.00
  5-Functional: libxc                               0.10                0.01
  5-Functional: vxc                                 0.27                0.02
  5-Functional: vxc grad                            0.15                0.01
  5-Functional: vxc local                           0.03                0.00
  5-Functional: vxc nonlocal                        0.00                0.00

6-Davidson                                          2.38                0.16
-----------------------------------------------------------------------------
  6-Davidson: Betaxpsi                              0.26                0.02
  6-Davidson: apply hamiltonian                     0.49                0.03
  6-Davidson: diagonalization                       0.31                0.02
  6-Davidson: generate residuals                    0.17                0.01
  6-Davidson: matrix setup/reduce                   0.30                0.02
  6-Davidson: normalization                         0.01                0.00
  6-Davidson: precondition                          0.70                0.05
  6-Davidson: rotate orbitals                       0.08                0.01

AppNls                                              0.27                0.02
-----------------------------------------------------------------------------
  AppNls: data_rearrange                            0.00                0.00
  ---------------------------------------------------------------------------
    AppNls: data_rearrange: alloc and zeros           0.00                0.00
    AppNls: data_rearrange: dnm                     0.00                0.00
    AppNls: data_rearrange: sint                    0.00                0.00
  AppNls: nv                                        0.23                0.02
  AppNls: nv_work                                   0.00                0.00

App_gradient                                        0.03                0.00

CPUFD                                               0.00                0.00

Compute Hpsi                                        0.08                0.01
-----------------------------------------------------------------------------
  Compute Hpsi: AppNls                              0.03                0.00
  Compute Hpsi: Threaded Apply H                    0.05                0.00

GlobalSums                                          0.14                0.01

Init                                                0.60                0.04

Init Voronoi                                        0.07                0.00

Mix rho                                             0.02                0.00
-----------------------------------------------------------------------------
  Mix rho: Broyden                                  0.02                0.00
  Mix rho: Linear                                   0.00                0.00

Orbital                                             0.00                0.00
-----------------------------------------------------------------------------
  Orbital: phase and set                            0.00                0.00
  Orbital: proj cal                                 0.00                0.00
  Trade images: trade_images                        0.00                0.00
  Trade images: trade_imagesx                       0.05                0.00

VhPfft                                              0.13                0.01

Weight                                              0.00                0.00

radial beta                                         0.19                0.01


------------------------- TIMING INFORMATION FOR THREADS  -------------------

                                           Min            Max            Avg
CPUFD                                      0.11           0.11           0.11
-----------------------------------------------------------------------------

GlobalSums                                 0.07           0.07           0.07
-----------------------------------------------------------------------------

Mg_eig                                     0.39           0.39           0.39
-----------------------------------------------------------------------------
  Mg_eig: apply hamiltonian                0.18           0.18           0.18
  Mg_eig: mgrid_solv                       0.13           0.13           0.13
  Trade images: trade_images               0.60           0.60           0.60
  Trade images: trade_imagesx              0.48           0.48           0.48
