RMG initialization ... 1 image(s) total, 1 per node. 32 MPI processes/image. Thread level 2.
FFT-FD  0.000000e+00   7.854678e-01   7.854376e-01   3.019128e-05
FFT-FD  1.000000e+00   7.854678e-01   7.854376e-01   3.019128e-05
IP=0 M = 0.000000e+00  -inf  3.019128e-05
FFT-FD  0.000000e+00   2.257193e+00   2.257051e+00   1.415139e-04
FFT-FD  1.000000e+00   2.257193e+00   2.257051e+00   1.415139e-04
IP=1 M = 0.000000e+00  -inf  1.415139e-04
FFT-FD  0.000000e+00   2.257193e+00   2.257051e+00   1.415139e-04
FFT-FD  1.000000e+00   2.257193e+00   2.257051e+00   1.415139e-04
IP=2 M = 0.000000e+00  -inf  1.415139e-04
FFT-FD  0.000000e+00   2.257193e+00   2.257051e+00   1.415139e-04
FFT-FD  1.000000e+00   2.257193e+00   2.257051e+00   1.415139e-04
IP=3 M = 0.000000e+00  -inf  1.415139e-04
FFT-FD  0.000000e+00   2.678435e-01   2.678434e-01   3.921202e-08
FFT-FD  1.000000e+00   2.678435e-01   2.678434e-01   3.921202e-08
IP=0 M = 0.000000e+00  -inf  3.921202e-08
FFT-FD  0.000000e+00   3.882435e-01   3.882435e-01   5.944517e-10
FFT-FD  1.000000e+00   3.882435e-01   3.882435e-01   5.944517e-10
IP=1 M = 0.000000e+00  -inf  5.944517e-10
FFT-FD  0.000000e+00   3.882435e-01   3.882435e-01   5.944516e-10
FFT-FD  1.000000e+00   3.882435e-01   3.882435e-01   5.944516e-10
IP=2 M = 0.000000e+00  -inf  5.944516e-10
FFT-FD  0.000000e+00   3.882435e-01   3.882435e-01   5.944507e-10
FFT-FD  1.000000e+00   3.882435e-01   3.882435e-01   5.944507e-10
IP=3 M = 0.000000e+00  -inf  5.944507e-10
NEWCFAC = 0.000000  0.000000


                     * * * * * * * * * *
                     *    R   M   G    *
                     * * * * * * * * * *

     -- A Real Space Multigrid Electronic structure code --
     --      More information at www.rmgdft.org          --

Code Revision:     v5.1.0_53_g887bfc3b
Build Date:        May 15 2023  14:30:00
Start time:        Tue May 16 15:17:06 2023

NOTICE: RMG internal pseudopotentials have switched to
ONCVP from Ultrasoft. You can revert to Ultrasoft by
adding the input tag internal_pseudo_type="ultrasoft" to
your input files.


Files
   Control input file:        input3
   Data output file:          /dev/null

Run Setup
    Calculation type:         Quench electrons - Fixed ions SCF calculation
    Description:              SiO2
    Orbital Initialization:   LCAO (96 LCAO and 0 random orbitals)
    Exchange Correlation:     pbe
    Spin Polarization:        OFF
    System charge:            Neutral

Processor Topology
   Total PEs:                 32
   X direction:               4
   Y direction:               4
   Z direction:               2
   MG Threads/PE:             1
   OMP Threads/PE:            1

Grid Points  (Linear Anisotropy: 1.000)
    X:  Total: 48   Per PE: 12   Spacing:0.280 a0  
    Y:  Total: 48   Per PE: 12   Spacing:0.280 a0  
    Z:  Total: 48   Per PE: 24   Spacing:0.280 a0  

    Equivalent energy cutoffs (psi,rho):   125.610    502.440 Ry

    Charge density grid:         2 times finer

Coordinate planes
  Planar Anisotropy: 1.000
  A0-A1 density:    12.727
  A0-A2 density:    12.727
  A1-A2 density:    12.727


Lattice (Cell) Setup
    Type:                       Orthorhombic_primitive
    Volume (a0^3):               2435.77
    Boundary conditions:        Periodic

    X Basis Vector:      13.455       0.000       0.000 a0
    Y Basis Vector:       0.000      13.455       0.000 a0
    Z Basis Vector:       0.000       0.000      13.455 a0
    X Reci Vector:       0.074      -0.000       0.000 a0
    Y Reci Vector:       0.000       0.074       0.000 a0
    Z Reci Vector:       0.000      -0.000       0.074 a0

K-points
    Gamma Point Only (real orbitals)

Atoms and States
    Number of ions:                          24
    Number of species:                       2
    Number of states:                        79

Run Parameters
    SCF Convergence criterion (potential):   1.00e-10
    SCF Convergence criterion (energy):      1.00e-10
    Max SCF steps:                           30

SCF Cycle Settings
    Charge density mixing:                   Broyden
    Hartree Solver:                          PFFT
    Interpolation type:                      FFT

Finite Difference parameters
    Kohn Sham FD Order:                      12  
    Force Gradient Order:                    FFT
    Adaptive Finite Differencing:            Off

Subspace Diagonalization Options
    Frequency:                               every 1 SCF step(s)
    Driver:                                  ScaLapack
    Initial diagonalization:                 ON
    Folded spectrum:                         OFF

Filtering Cutoff  Parameters
    Wavefunction grid (cparm):               0.800
    Charge density grid (rhocparm):          1.000
    Filter factor:                           1.000

Multigrid (MG) Parameters
    Psi MG levels:                           3
    Psi global step:                         0.660 
    Psi pre:                                 2
    Psi post:                                2

Davidson Parameters
    Davidson multiplier:                     4
    Davidson max step:                       8
    Davidson unocc tol factor:               1000.000

Blas Libraries
    CPU support with openblas-parallel.


Atomic Species Information
(PP = Pseudopotential, US = Ultrasoft, NC = Norm Conserving)
-------------------------------------------------------------------------
|Index|Symbol| Mass|Valence| PP |  Comp  |Local| Local|Nlocal|    PP    |
|     |      |     |       |Type|Gaussian|  l  |Radius|Radius|Functional|
-------------------------------------------------------------------------
|    1|     O| 15.0|   6.00|  NC|    0.50|   -1| 10.00|  7.00|       PBE|
|    2|    Si| 28.0|   4.00|  NC|    0.50|   -1| 10.00|  7.00|       PBE|
-------------------------------------------------------------------------

Pseudopotential generation information:
   O pseudopotential file: ./@Internal
      Generation info     : Generated using ONCVPSP code by D. R. Hamann
      Author info         : anonymous
  Si pseudopotential file: ./@Internal
      Generation info     : Generated using ONCVPSP code by D. R. Hamann
      Author info         : anonymous


Memory usage (Mbytes):     Min        Max       Total
    wave functions          8.74       8.74     279.61
    beta-functions          5.31       5.31     169.90



Initial Ionic Positions And Displacements (Bohr)
Species      X           Y           Z           dX          dY          dZ
  Si       0.0000      0.0000      0.0000      0.0000      0.0000      0.0000
  Si       3.3637      3.3637      3.3637      0.0000      0.0000      0.0000
  Si      10.0911      3.3637     10.0911      0.0000      0.0000      0.0000
  Si       3.3637     10.0911     10.0911      0.0000      0.0000      0.0000
  Si      10.0911     10.0911      3.3637      0.0000      0.0000      0.0000
  Si       0.0000      6.7274      6.7274      0.0000      0.0000      0.0000
  Si       6.7274      0.0000      6.7274      0.0000      0.0000      0.0000
  Si       6.7274      6.7274      0.0000      0.0000      0.0000      0.0000
  O        1.6819      1.6819      1.6819      0.0000      0.0000      0.0000
  O       11.7730      1.6819     11.7730      0.0000      0.0000      0.0000
  O        1.6819     11.7730     11.7730      0.0000      0.0000      0.0000
  O       11.7730     11.7730      1.6819      0.0000      0.0000      0.0000
  O        1.6819      8.4093      8.4093      0.0000      0.0000      0.0000
  O        8.4093      1.6819      8.4093      0.0000      0.0000      0.0000
  O        8.4093      8.4093      1.6819      0.0000      0.0000      0.0000
  O       11.7730      8.4093      5.0456      0.0000      0.0000      0.0000
  O        5.0456      1.6819      5.0456      0.0000      0.0000      0.0000
  O        5.0456      8.4093     11.7730      0.0000      0.0000      0.0000
  O        1.6819      5.0456      5.0456      0.0000      0.0000      0.0000
  O        8.4093     11.7730      5.0456      0.0000      0.0000      0.0000
  O        8.4093      5.0456     11.7730      0.0000      0.0000      0.0000
  O       11.7730      5.0456      8.4093      0.0000      0.0000      0.0000
  O        5.0456     11.7730      8.4093      0.0000      0.0000      0.0000
  O        5.0456      5.0456      1.6819      0.0000      0.0000      0.0000


Initial Ionic Positions And Displacements (Angstrom)
Species      X           Y           Z           dX          dY          dZ
  Si       0.0000      0.0000      0.0000      0.0000      0.0000      0.0000
  Si       1.7800      1.7800      1.7800      0.0000      0.0000      0.0000
  Si       5.3400      1.7800      5.3400      0.0000      0.0000      0.0000
  Si       1.7800      5.3400      5.3400      0.0000      0.0000      0.0000
  Si       5.3400      5.3400      1.7800      0.0000      0.0000      0.0000
  Si       0.0000      3.5600      3.5600      0.0000      0.0000      0.0000
  Si       3.5600      0.0000      3.5600      0.0000      0.0000      0.0000
  Si       3.5600      3.5600      0.0000      0.0000      0.0000      0.0000
  O        0.8900      0.8900      0.8900      0.0000      0.0000      0.0000
  O        6.2300      0.8900      6.2300      0.0000      0.0000      0.0000
  O        0.8900      6.2300      6.2300      0.0000      0.0000      0.0000
  O        6.2300      6.2300      0.8900      0.0000      0.0000      0.0000
  O        0.8900      4.4500      4.4500      0.0000      0.0000      0.0000
  O        4.4500      0.8900      4.4500      0.0000      0.0000      0.0000
  O        4.4500      4.4500      0.8900      0.0000      0.0000      0.0000
  O        6.2300      4.4500      2.6700      0.0000      0.0000      0.0000
  O        2.6700      0.8900      2.6700      0.0000      0.0000      0.0000
  O        2.6700      4.4500      6.2300      0.0000      0.0000      0.0000
  O        0.8900      2.6700      2.6700      0.0000      0.0000      0.0000
  O        4.4500      6.2300      2.6700      0.0000      0.0000      0.0000
  O        4.4500      2.6700      6.2300      0.0000      0.0000      0.0000
  O        6.2300      2.6700      4.4500      0.0000      0.0000      0.0000
  O        2.6700      6.2300      4.4500      0.0000      0.0000      0.0000
  O        2.6700      2.6700      0.8900      0.0000      0.0000      0.0000

Diagonalization using scalapack for step=0  count=0



KOHN SHAM EIGENVALUES [eV] AT K-POINT [  0]:       0.000000      0.000000      0.000000

[kpt   0  -1   0]   -22.2080 [2.000]   -21.3864 [2.000]   -21.3864 [2.000]   -21.3864 [2.000]   -21.3864 [2.000]
[kpt   0  -1   1]   -21.3864 [2.000]   -21.3864 [2.000]   -20.2922 [2.000]   -20.2922 [2.000]   -20.2922 [2.000]
[kpt   0  -1   2]   -20.2724 [2.000]   -20.2724 [2.000]   -20.2724 [2.000]   -20.2724 [2.000]   -20.2724 [2.000]
[kpt   0  -1   3]   -20.2724 [2.000]   -11.9756 [2.000]    -9.8989 [2.000]    -9.8989 [2.000]    -9.8989 [2.000]
[kpt   0  -1   4]    -9.8989 [2.000]    -9.8989 [2.000]    -9.8989 [2.000]    -8.2276 [2.000]    -8.2276 [2.000]
[kpt   0  -1   5]    -8.2276 [2.000]    -7.9134 [2.000]    -7.9134 [2.000]    -7.9134 [2.000]    -7.9134 [2.000]
[kpt   0  -1   6]    -7.9134 [2.000]    -7.9134 [2.000]    -5.0381 [2.000]    -5.0381 [2.000]    -5.0381 [2.000]
[kpt   0  -1   7]    -5.0381 [2.000]    -5.0381 [2.000]    -5.0381 [2.000]    -4.9434 [2.000]    -4.9434 [2.000]
[kpt   0  -1   8]    -4.7528 [2.000]    -4.7528 [2.000]    -4.7528 [2.000]    -4.7528 [2.000]    -4.7528 [2.000]
[kpt   0  -1   9]    -4.7528 [2.000]    -4.5229 [2.000]    -4.5229 [2.000]    -4.5229 [2.000]    -3.9929 [2.000]
[kpt   0  -1  10]    -3.9929 [2.000]    -3.9929 [2.000]    -3.9929 [2.000]    -3.9929 [2.000]    -3.9929 [2.000]
[kpt   0  -1  11]    -3.4124 [2.000]    -3.4124 [2.000]    -3.4124 [2.000]    -3.4124 [2.000]    -3.4124 [2.000]
[kpt   0  -1  12]    -3.4124 [2.000]    -2.9402 [2.000]    -2.9402 [2.000]    -2.9402 [2.000]     7.6034 [0.000]
[kpt   0  -1  13]    10.2731 [0.000]    10.2731 [0.000]    10.2731 [0.000]    10.2731 [0.000]    10.2731 [0.000]
[kpt   0  -1  14]    10.2731 [0.000]    12.4069 [0.000]    12.4069 [0.000]    12.4069 [0.000]    13.3709 [0.000]
[kpt   0  -1  15]    13.3709 [0.000]    13.3709 [0.000]    13.3709 [0.000]    13.3709 [0.000]    13.3709 [0.000]
[kpt   0  -1  16]    15.0391 [0.000]    15.0391 [0.000]    15.0391 [0.000]    15.0391 [0.000]    15.0391 [0.000]
[kpt   0  -1  17]    15.0391 [0.000]    15.3576 [0.000]    15.3576 [0.000]    15.3576 [0.000]    15.3576 [0.000]
[kpt   0  -1  18]    15.3576 [0.000]    15.3576 [0.000]    16.6422 [0.000]    16.6422 [0.000]    16.6422 [0.000]
[kpt   0  -1  19]    17.2018 [0.000]


Charge normalization constant -1.0: 1.132427e-14
Charge density mixing: Linear with a constant of 0.50 

Diagonalization using scalapack for step=0  count=1


FERMI ENERGY =     -0.07957170 eV
@@ EIGENVALUE SUM     =      -65.585189 Ry
@@ ION_ION            =     -272.916107 Ry
@@ ELECTROSTATIC      =     -284.852502 Ry
@@ VXC                =     -179.052148 Ry
@@ EXC                =     -137.837898 Ry
@@ TOTAL ENERGY       =     -582.139548 Ry
@@ estimated error    =   ****************
Charge normalization constant -1.0: -1.776357e-15
Charge density mixing: Linear with a constant of 0.50 
WriteRestart: Output file given as /dev/null, no restart data written ...


KOHN SHAM EIGENVALUES [eV] AT K-POINT [  0]:       0.000000      0.000000      0.000000

[kpt   0   0   0]   -19.6410 [2.000]   -18.6795 [2.000]   -18.6732 [2.000]   -18.6712 [2.000]   -18.6675 [2.000]
[kpt   0   0   1]   -18.6656 [2.000]   -18.6590 [2.000]   -17.3756 [2.000]   -17.3682 [2.000]   -17.3660 [2.000]
[kpt   0   0   2]   -17.3655 [2.000]   -17.3647 [2.000]   -17.3594 [2.000]   -17.3586 [2.000]   -17.3554 [2.000]
[kpt   0   0   3]   -17.3545 [2.000]    -9.5988 [2.000]    -7.3431 [2.000]    -7.3394 [2.000]    -7.3376 [2.000]
[kpt   0   0   4]    -7.3360 [2.000]    -7.3347 [2.000]    -7.3337 [2.000]    -5.7535 [2.000]    -5.7504 [2.000]
[kpt   0   0   5]    -5.7499 [2.000]    -5.0409 [2.000]    -5.0407 [2.000]    -5.0387 [2.000]    -5.0383 [2.000]
[kpt   0   0   6]    -5.0368 [2.000]    -5.0361 [2.000]    -2.8942 [2.000]    -2.8927 [2.000]    -2.8924 [2.000]
[kpt   0   0   7]    -2.8920 [2.000]    -2.8919 [2.000]    -2.8912 [2.000]    -2.6936 [2.000]    -2.6933 [2.000]
[kpt   0   0   8]    -2.5584 [2.000]    -2.5579 [2.000]    -2.5575 [2.000]    -2.5572 [2.000]    -2.5566 [2.000]
[kpt   0   0   9]    -2.5330 [2.000]    -1.9431 [2.000]    -1.9430 [2.000]    -1.9422 [2.000]    -1.4917 [2.000]
[kpt   0   0  10]    -1.4911 [2.000]    -1.4905 [2.000]    -1.4900 [2.000]    -1.4896 [2.000]    -1.4890 [2.000]
[kpt   0   0  11]    -0.6778 [2.000]    -0.6771 [2.000]    -0.6766 [2.000]    -0.6764 [2.000]    -0.6763 [2.000]
[kpt   0   0  12]    -0.6757 [2.000]    -0.0811 [2.000]    -0.0799 [2.000]    -0.0796 [2.000]     8.4538 [0.000]
[kpt   0   0  13]    10.9814 [0.000]    10.9817 [0.000]    10.9820 [0.000]    10.9824 [0.000]    10.9828 [0.000]
[kpt   0   0  14]    10.9838 [0.000]    12.1807 [0.000]    12.1809 [0.000]    12.1811 [0.000]    13.9256 [0.000]
[kpt   0   0  15]    13.9257 [0.000]    13.9259 [0.000]    13.9259 [0.000]    13.9261 [0.000]



Total charge in supercell =     128.00000000
 quench: [md:   0/100  scf:   0/30  step time:   0.24  scf time:     0.33 secs  RMS[dV]: 5.24e-02 ]


average potential <V> = 4.40e-16

Diagonalization using scalapack for step=1  count=2


FERMI ENERGY =      1.39863010 eV
@@ EIGENVALUE SUM     =      -54.980207 Ry
@@ ION_ION            =     -272.916107 Ry
@@ ELECTROSTATIC      =     -296.805616 Ry
@@ VXC                =     -182.175777 Ry
@@ EXC                =     -140.266293 Ry
@@ TOTAL ENERGY       =     -582.792446 Ry
@@ estimated error    =        6.15e-01 Ry
Charge normalization constant -1.0: 1.110223e-15
Charge density mixing: Linear with a constant of 0.50 


KOHN SHAM EIGENVALUES [eV] AT K-POINT [  0]:       0.000000      0.000000      0.000000

[kpt   0   1   0]   -18.4901 [2.000]   -17.4617 [2.000]   -17.4606 [2.000]   -17.4583 [2.000]   -17.4556 [2.000]
[kpt   0   1   1]   -17.4543 [2.000]   -17.4484 [2.000]   -16.0041 [2.000]   -16.0007 [2.000]   -15.9931 [2.000]
[kpt   0   1   2]   -15.9893 [2.000]   -15.9890 [2.000]   -15.9850 [2.000]   -15.9722 [2.000]   -15.9694 [2.000]
[kpt   0   1   3]   -15.9611 [2.000]    -9.2493 [2.000]    -6.7382 [2.000]    -6.7343 [2.000]    -6.7314 [2.000]
[kpt   0   1   4]    -6.7302 [2.000]    -6.7257 [2.000]    -6.7243 [2.000]    -4.9391 [2.000]    -4.9376 [2.000]
[kpt   0   1   5]    -4.9349 [2.000]    -4.2641 [2.000]    -4.2625 [2.000]    -4.2573 [2.000]    -4.2560 [2.000]
[kpt   0   1   6]    -4.2554 [2.000]    -4.2539 [2.000]    -1.7386 [2.000]    -1.7372 [2.000]    -1.7322 [2.000]
[kpt   0   1   7]    -1.7298 [2.000]    -1.7239 [2.000]    -1.7200 [2.000]    -1.4677 [2.000]    -1.4676 [2.000]
[kpt   0   1   8]    -1.3828 [2.000]    -1.3767 [2.000]    -1.3738 [2.000]    -1.3718 [2.000]    -1.3640 [2.000]
[kpt   0   1   9]    -1.3623 [2.000]    -0.8148 [2.000]    -0.8086 [2.000]    -0.8082 [2.000]    -0.2149 [2.000]
[kpt   0   1  10]    -0.2083 [2.000]    -0.2056 [2.000]    -0.1960 [2.000]    -0.1933 [2.000]    -0.1856 [2.000]
[kpt   0   1  11]     0.6689 [2.000]     0.6720 [2.000]     0.6746 [2.000]     0.6789 [2.000]     0.6810 [2.000]
[kpt   0   1  12]     0.6832 [2.000]     1.3955 [2.000]     1.3963 [2.000]     1.3986 [2.000]     8.7247 [0.000]
[kpt   0   1  13]    11.2748 [0.000]    11.2751 [0.000]    11.2767 [0.000]    11.2773 [0.000]    11.2791 [0.000]
[kpt   0   1  14]    11.2794 [0.000]    11.7626 [0.000]    11.7642 [0.000]    11.7646 [0.000]    14.0868 [0.000]
[kpt   0   1  15]    14.0874 [0.000]    14.0879 [0.000]    14.0897 [0.000]    46.2981 [0.000]



Total charge in supercell =     128.00000000
 quench: [md:   0/100  scf:   1/30  step time:   0.22  scf time:     0.54 secs  RMS[dV]: 3.00e-02 ]


average potential <V> = -8.10e-16

Diagonalization using scalapack for step=2  count=3


FERMI ENERGY =      1.74536397 eV
@@ EIGENVALUE SUM     =      -53.355972 Ry
@@ ION_ION            =     -272.916107 Ry
@@ ELECTROSTATIC      =     -295.788632 Ry
@@ VXC                =     -181.613586 Ry
@@ EXC                =     -139.826172 Ry
@@ TOTAL ENERGY       =     -580.273298 Ry
@@ estimated error    =        2.04e-01 Ry
Charge normalization constant -1.0: -1.776357e-15
Charge density mixing: Linear with a constant of 0.50 


KOHN SHAM EIGENVALUES [eV] AT K-POINT [  0]:       0.000000      0.000000      0.000000

[kpt   0   2   0]   -18.3650 [2.000]   -17.3356 [2.000]   -17.3308 [2.000]   -17.3275 [2.000]   -17.3238 [2.000]
[kpt   0   2   1]   -17.3165 [2.000]   -17.3130 [2.000]   -15.8619 [2.000]   -15.8541 [2.000]   -15.8513 [2.000]
[kpt   0   2   2]   -15.8486 [2.000]   -15.8425 [2.000]   -15.8377 [2.000]   -15.8132 [2.000]   -15.8057 [2.000]
[kpt   0   2   3]   -15.7969 [2.000]    -9.1816 [2.000]    -6.6416 [2.000]    -6.6392 [2.000]    -6.6377 [2.000]
[kpt   0   2   4]    -6.6357 [2.000]    -6.6334 [2.000]    -6.6310 [2.000]    -4.8223 [2.000]    -4.8202 [2.000]
[kpt   0   2   5]    -4.8173 [2.000]    -4.1652 [2.000]    -4.1627 [2.000]    -4.1609 [2.000]    -4.1582 [2.000]
[kpt   0   2   6]    -4.1573 [2.000]    -4.1535 [2.000]    -1.5742 [2.000]    -1.5719 [2.000]    -1.5694 [2.000]
[kpt   0   2   7]    -1.5633 [2.000]    -1.5599 [2.000]    -1.5571 [2.000]    -1.2942 [2.000]    -1.2939 [2.000]
[kpt   0   2   8]    -1.1726 [2.000]    -1.1707 [2.000]    -1.1628 [2.000]    -1.1610 [2.000]    -1.1578 [2.000]
[kpt   0   2   9]    -1.1566 [2.000]    -0.6512 [2.000]    -0.6453 [2.000]    -0.6449 [2.000]     0.0240 [2.000]
[kpt   0   2  10]     0.0294 [2.000]     0.0308 [2.000]     0.0419 [2.000]     0.0430 [2.000]     0.0476 [2.000]
[kpt   0   2  11]     0.9452 [2.000]     0.9505 [2.000]     0.9533 [2.000]     0.9558 [2.000]     0.9597 [2.000]
[kpt   0   2  12]     0.9652 [2.000]     1.7400 [2.000]     1.7446 [2.000]     1.7454 [2.000]     8.4341 [0.000]
[kpt   0   2  13]    11.1290 [0.000]    11.1297 [0.000]    11.1322 [0.000]    11.1330 [0.000]    11.1352 [0.000]
[kpt   0   2  14]    11.1362 [0.000]    11.3884 [0.000]    11.3928 [0.000]    11.3951 [0.000]    13.9600 [0.000]
[kpt   0   2  15]    13.9605 [0.000]    13.9609 [0.000]    13.9630 [0.000]    45.6198 [0.000]



Total charge in supercell =     128.00000000
 quench: [md:   0/100  scf:   2/30  step time:   0.22  scf time:     0.76 secs  RMS[dV]: 1.48e-02 ]


average potential <V> = 5.30e-16

Diagonalization using scalapack for step=3  count=4


FERMI ENERGY =      1.58673780 eV
@@ EIGENVALUE SUM     =      -55.016764 Ry
@@ ION_ION            =     -272.916107 Ry
@@ ELECTROSTATIC      =     -291.562854 Ry
@@ VXC                =     -180.215245 Ry
@@ EXC                =     -138.735651 Ry
@@ TOTAL ENERGY       =     -578.016131 Ry
@@ estimated error    =        3.05e-01 Ry
Charge normalization constant -1.0: -6.661338e-16
Charge density mixing: Linear with a constant of 0.50 


KOHN SHAM EIGENVALUES [eV] AT K-POINT [  0]:       0.000000      0.000000      0.000000

[kpt   0   3   0]   -18.5585 [2.000]   -17.5472 [2.000]   -17.5429 [2.000]   -17.5384 [2.000]   -17.5342 [2.000]
[kpt   0   3   1]   -17.5245 [2.000]   -17.5198 [2.000]   -16.1094 [2.000]   -16.1029 [2.000]   -16.0979 [2.000]
[kpt   0   3   2]   -16.0952 [2.000]   -16.0831 [2.000]   -16.0812 [2.000]   -16.0623 [2.000]   -16.0525 [2.000]
[kpt   0   3   3]   -16.0394 [2.000]    -9.2659 [2.000]    -6.7653 [2.000]    -6.7636 [2.000]    -6.7604 [2.000]
[kpt   0   3   4]    -6.7594 [2.000]    -6.7524 [2.000]    -6.7499 [2.000]    -4.9507 [2.000]    -4.9469 [2.000]
[kpt   0   3   5]    -4.9408 [2.000]    -4.3096 [2.000]    -4.3075 [2.000]    -4.3052 [2.000]    -4.3021 [2.000]
[kpt   0   3   6]    -4.2973 [2.000]    -4.2957 [2.000]    -1.7538 [2.000]    -1.7507 [2.000]    -1.7478 [2.000]
[kpt   0   3   7]    -1.7447 [2.000]    -1.7412 [2.000]    -1.7372 [2.000]    -1.4838 [2.000]    -1.4836 [2.000]
[kpt   0   3   8]    -1.3315 [2.000]    -1.3205 [2.000]    -1.3170 [2.000]    -1.3151 [2.000]    -1.3135 [2.000]
[kpt   0   3   9]    -1.3112 [2.000]    -0.8416 [2.000]    -0.8379 [2.000]    -0.8377 [2.000]    -0.1516 [2.000]
[kpt   0   3  10]    -0.1510 [2.000]    -0.1497 [2.000]    -0.1402 [2.000]    -0.1393 [2.000]    -0.1384 [2.000]
[kpt   0   3  11]     0.7740 [2.000]     0.7754 [2.000]     0.7794 [2.000]     0.7801 [2.000]     0.7861 [2.000]
[kpt   0   3  12]     0.7878 [2.000]     1.5779 [2.000]     1.5832 [2.000]     1.5867 [2.000]     8.0717 [0.000]
[kpt   0   3  13]    10.8793 [0.000]    10.8810 [0.000]    10.8833 [0.000]    10.8844 [0.000]    10.8866 [0.000]
[kpt   0   3  14]    10.8878 [0.000]    11.1456 [0.000]    11.1503 [0.000]    11.1531 [0.000]    13.7339 [0.000]
[kpt   0   3  15]    13.7346 [0.000]    13.7355 [0.000]    13.7370 [0.000]    44.8381 [0.000]



Total charge in supercell =     128.00000000
 quench: [md:   0/100  scf:   3/30  step time:   0.22  scf time:     0.98 secs  RMS[dV]: 1.43e-02 ]


average potential <V> = 5.43e-16
Davidson converged in 3 steps

FERMI ENERGY =      1.43534169 eV
@@ EIGENVALUE SUM     =      -56.702863 Ry
@@ ION_ION            =     -272.916107 Ry
@@ ELECTROSTATIC      =     -288.160449 Ry
@@ VXC                =     -179.119797 Ry
@@ EXC                =     -137.881216 Ry
@@ TOTAL ENERGY       =     -576.540839 Ry
@@ estimated error    =        1.74e-01 Ry
Charge normalization constant -1.0: -1.110223e-15
Charge density mixing: Broyden


KOHN SHAM EIGENVALUES [eV] AT K-POINT [  0]:       0.000000      0.000000      0.000000

[kpt   0   4   0]   -18.7448 [2.000]   -17.7571 [2.000]   -17.7495 [2.000]   -17.7442 [2.000]   -17.7416 [2.000]
[kpt   0   4   1]   -17.7211 [2.000]   -17.7138 [2.000]   -16.3596 [2.000]   -16.3518 [2.000]   -16.3418 [2.000]
[kpt   0   4   2]   -16.3340 [2.000]   -16.3188 [2.000]   -16.3113 [2.000]   -16.3084 [2.000]   -16.3002 [2.000]
[kpt   0   4   3]   -16.2685 [2.000]    -9.3857 [2.000]    -6.9254 [2.000]    -6.9204 [2.000]    -6.9162 [2.000]
[kpt   0   4   4]    -6.9138 [2.000]    -6.8976 [2.000]    -6.8927 [2.000]    -5.1042 [2.000]    -5.0962 [2.000]
[kpt   0   4   5]    -5.0807 [2.000]    -4.4808 [2.000]    -4.4758 [2.000]    -4.4689 [2.000]    -4.4623 [2.000]
[kpt   0   4   6]    -4.4454 [2.000]    -4.4432 [2.000]    -1.9406 [2.000]    -1.9371 [2.000]    -1.9308 [2.000]
[kpt   0   4   7]    -1.9238 [2.000]    -1.9157 [2.000]    -1.9103 [2.000]    -1.6615 [2.000]    -1.6609 [2.000]
[kpt   0   4   8]    -1.5004 [2.000]    -1.4970 [2.000]    -1.4907 [2.000]    -1.4836 [2.000]    -1.4754 [2.000]
[kpt   0   4   9]    -1.4669 [2.000]    -1.0194 [2.000]    -1.0184 [2.000]    -1.0178 [2.000]    -0.3311 [2.000]
[kpt   0   4  10]    -0.3273 [2.000]    -0.3200 [2.000]    -0.3113 [2.000]    -0.3004 [2.000]    -0.2919 [2.000]
[kpt   0   4  11]     0.5973 [2.000]     0.6014 [2.000]     0.6100 [2.000]     0.6192 [2.000]     0.6285 [2.000]
[kpt   0   4  12]     0.6357 [2.000]     1.4118 [2.000]     1.4275 [2.000]     1.4353 [2.000]     7.1232 [0.000]
[kpt   0   4  13]     9.9926 [0.000]     9.9965 [0.000]     9.9974 [0.000]     9.9989 [0.000]    10.0022 [0.000]
[kpt   0   4  14]    10.0048 [0.000]    10.5000 [0.000]    10.5018 [0.000]    10.5029 [0.000]    13.2257 [0.000]
[kpt   0   4  15]    13.2268 [0.000]    13.2299 [0.000]    13.2325 [0.000]    13.2405 [0.000]



Total charge in supercell =     128.00000000
 quench: [md:   0/100  scf:   4/30  step time:   0.27  scf time:     1.24 secs  RMS[dV]: 1.04e-02 ]


average potential <V> = 9.13e-16
Davidson converged in 2 steps

FERMI ENERGY =      0.94428636 eV
@@ EIGENVALUE SUM     =      -59.919239 Ry
@@ ION_ION            =     -272.916107 Ry
@@ ELECTROSTATIC      =     -284.655775 Ry
@@ VXC                =     -178.035077 Ry
@@ EXC                =     -137.035006 Ry
@@ TOTAL ENERGY       =     -576.491050 Ry
@@ estimated error    =        1.53e-01 Ry
Charge normalization constant -1.0: 1.110223e-15
Charge density mixing: Broyden


KOHN SHAM EIGENVALUES [eV] AT K-POINT [  0]:       0.000000      0.000000      0.000000

[kpt   0   5   0]   -19.0589 [2.000]   -18.0903 [2.000]   -18.0868 [2.000]   -18.0767 [2.000]   -18.0754 [2.000]
[kpt   0   5   1]   -18.0737 [2.000]   -18.0696 [2.000]   -16.7440 [2.000]   -16.7430 [2.000]   -16.7339 [2.000]
[kpt   0   5   2]   -16.7308 [2.000]   -16.7269 [2.000]   -16.7248 [2.000]   -16.7092 [2.000]   -16.6980 [2.000]
[kpt   0   5   3]   -16.6918 [2.000]    -9.5110 [2.000]    -7.1199 [2.000]    -7.1171 [2.000]    -7.1089 [2.000]
[kpt   0   5   4]    -7.1079 [2.000]    -7.1065 [2.000]    -7.1033 [2.000]    -5.3366 [2.000]    -5.3294 [2.000]
[kpt   0   5   5]    -5.3254 [2.000]    -4.7276 [2.000]    -4.7264 [2.000]    -4.7181 [2.000]    -4.7155 [2.000]
[kpt   0   5   6]    -4.7117 [2.000]    -4.7096 [2.000]    -2.2644 [2.000]    -2.2613 [2.000]    -2.2570 [2.000]
[kpt   0   5   7]    -2.2541 [2.000]    -2.2512 [2.000]    -2.2494 [2.000]    -2.0179 [2.000]    -2.0177 [2.000]
[kpt   0   5   8]    -1.8325 [2.000]    -1.8291 [2.000]    -1.8257 [2.000]    -1.8231 [2.000]    -1.8205 [2.000]
[kpt   0   5   9]    -1.8186 [2.000]    -1.3888 [2.000]    -1.3887 [2.000]    -1.3885 [2.000]    -0.7252 [2.000]
[kpt   0   5  10]    -0.7224 [2.000]    -0.7179 [2.000]    -0.7149 [2.000]    -0.7115 [2.000]    -0.7095 [2.000]
[kpt   0   5  11]     0.1669 [2.000]     0.1713 [2.000]     0.1760 [2.000]     0.1795 [2.000]     0.1833 [2.000]
[kpt   0   5  12]     0.1853 [2.000]     0.9331 [2.000]     0.9371 [2.000]     0.9443 [2.000]     6.8337 [0.000]
[kpt   0   5  13]     9.7631 [0.000]     9.7638 [0.000]     9.7647 [0.000]     9.7650 [0.000]     9.7658 [0.000]
[kpt   0   5  14]     9.7670 [0.000]    10.5149 [0.000]    10.5150 [0.000]    10.5153 [0.000]    12.9973 [0.000]
[kpt   0   5  15]    13.0170 [0.000]    13.0181 [0.000]    13.0192 [0.000]    13.0199 [0.000]



Total charge in supercell =     128.00000000
 quench: [md:   0/100  scf:   5/30  step time:   0.25  scf time:     1.49 secs  RMS[dV]: 9.27e-03 ]


average potential <V> = -7.61e-16
Davidson converged in 3 steps

FERMI ENERGY =      1.07523584 eV
@@ EIGENVALUE SUM     =      -58.680358 Ry
@@ ION_ION            =     -272.916107 Ry
@@ ELECTROSTATIC      =     -285.966761 Ry
@@ VXC                =     -178.366796 Ry
@@ EXC                =     -137.292214 Ry
@@ TOTAL ENERGY       =     -576.488643 Ry
@@ estimated error    =        9.95e-03 Ry
Charge normalization constant -1.0: -4.440892e-16
Charge density mixing: Broyden


KOHN SHAM EIGENVALUES [eV] AT K-POINT [  0]:       0.000000      0.000000      0.000000

[kpt   0   6   0]   -18.9256 [2.000]   -17.9430 [2.000]   -17.9424 [2.000]   -17.9420 [2.000]   -17.9417 [2.000]
[kpt   0   6   1]   -17.9399 [2.000]   -17.9392 [2.000]   -16.5904 [2.000]   -16.5901 [2.000]   -16.5891 [2.000]
[kpt   0   6   2]   -16.5885 [2.000]   -16.5869 [2.000]   -16.5865 [2.000]   -16.5585 [2.000]   -16.5571 [2.000]
[kpt   0   6   3]   -16.5546 [2.000]    -9.3806 [2.000]    -6.9723 [2.000]    -6.9718 [2.000]    -6.9715 [2.000]
[kpt   0   6   4]    -6.9713 [2.000]    -6.9700 [2.000]    -6.9695 [2.000]    -5.1963 [2.000]    -5.1957 [2.000]
[kpt   0   6   5]    -5.1943 [2.000]    -4.5706 [2.000]    -4.5703 [2.000]    -4.5696 [2.000]    -4.5690 [2.000]
[kpt   0   6   6]    -4.5677 [2.000]    -4.5674 [2.000]    -2.1469 [2.000]    -2.1466 [2.000]    -2.1461 [2.000]
[kpt   0   6   7]    -2.1455 [2.000]    -2.1449 [2.000]    -2.1446 [2.000]    -1.9032 [2.000]    -1.9031 [2.000]
[kpt   0   6   8]    -1.7132 [2.000]    -1.7129 [2.000]    -1.7124 [2.000]    -1.7118 [2.000]    -1.7110 [2.000]
[kpt   0   6   9]    -1.7101 [2.000]    -1.2569 [2.000]    -1.2568 [2.000]    -1.2566 [2.000]    -0.5959 [2.000]
[kpt   0   6  10]    -0.5955 [2.000]    -0.5950 [2.000]    -0.5942 [2.000]    -0.5931 [2.000]    -0.5923 [2.000]
[kpt   0   6  11]     0.3077 [2.000]     0.3081 [2.000]     0.3089 [2.000]     0.3096 [2.000]     0.3103 [2.000]
[kpt   0   6  12]     0.3106 [2.000]     1.0734 [2.000]     1.0746 [2.000]     1.0752 [2.000]     6.8073 [0.000]
[kpt   0   6  13]     9.7661 [0.000]     9.7663 [0.000]     9.7668 [0.000]     9.7668 [0.000]     9.7670 [0.000]
[kpt   0   6  14]     9.7673 [0.000]    10.5672 [0.000]    10.5675 [0.000]    10.5676 [0.000]    13.0035 [0.000]
[kpt   0   6  15]    13.0536 [0.000]    13.0538 [0.000]    13.0541 [0.000]    13.0548 [0.000]



Total charge in supercell =     128.00000000
 quench: [md:   0/100  scf:   6/30  step time:   0.26  scf time:     1.76 secs  RMS[dV]: 4.14e-03 ]


average potential <V> = 4.11e-18
Davidson converged in 7 steps

FERMI ENERGY =      1.09539631 eV
@@ EIGENVALUE SUM     =      -58.425231 Ry
@@ ION_ION            =     -272.916107 Ry
@@ ELECTROSTATIC      =     -286.235909 Ry
@@ VXC                =     -178.427831 Ry
@@ EXC                =     -137.339135 Ry
@@ TOTAL ENERGY       =     -576.488552 Ry
@@ estimated error    =        5.55e-04 Ry
Charge normalization constant -1.0: 1.110223e-15
Charge density mixing: Broyden


KOHN SHAM EIGENVALUES [eV] AT K-POINT [  0]:       0.000000      0.000000      0.000000

[kpt   0   7   0]   -18.8963 [2.000]   -17.9125 [2.000]   -17.9125 [2.000]   -17.9123 [2.000]   -17.9122 [2.000]
[kpt   0   7   1]   -17.9119 [2.000]   -17.9119 [2.000]   -16.5605 [2.000]   -16.5605 [2.000]   -16.5603 [2.000]
[kpt   0   7   2]   -16.5602 [2.000]   -16.5599 [2.000]   -16.5599 [2.000]   -16.5288 [2.000]   -16.5284 [2.000]
[kpt   0   7   3]   -16.5280 [2.000]    -9.3420 [2.000]    -6.9338 [2.000]    -6.9337 [2.000]    -6.9336 [2.000]
[kpt   0   7   4]    -6.9335 [2.000]    -6.9333 [2.000]    -6.9333 [2.000]    -5.1618 [2.000]    -5.1616 [2.000]
[kpt   0   7   5]    -5.1614 [2.000]    -4.5319 [2.000]    -4.5318 [2.000]    -4.5317 [2.000]    -4.5315 [2.000]
[kpt   0   7   6]    -4.5313 [2.000]    -4.5313 [2.000]    -2.1255 [2.000]    -2.1255 [2.000]    -2.1253 [2.000]
[kpt   0   7   7]    -2.1252 [2.000]    -2.1250 [2.000]    -2.1250 [2.000]    -1.8827 [2.000]    -1.8827 [2.000]
[kpt   0   7   8]    -1.6912 [2.000]    -1.6911 [2.000]    -1.6909 [2.000]    -1.6909 [2.000]    -1.6907 [2.000]
[kpt   0   7   9]    -1.6907 [2.000]    -1.2311 [2.000]    -1.2311 [2.000]    -1.2311 [2.000]    -0.5740 [2.000]
[kpt   0   7  10]    -0.5739 [2.000]    -0.5737 [2.000]    -0.5737 [2.000]    -0.5734 [2.000]    -0.5734 [2.000]
[kpt   0   7  11]     0.3309 [2.000]     0.3309 [2.000]     0.3312 [2.000]     0.3313 [2.000]     0.3315 [2.000]
[kpt   0   7  12]     0.3315 [2.000]     1.0949 [2.000]     1.0951 [2.000]     1.0954 [2.000]     6.7876 [0.000]
[kpt   0   7  13]     9.7601 [0.000]     9.7601 [0.000]     9.7603 [0.000]     9.7603 [0.000]     9.7604 [0.000]
[kpt   0   7  14]     9.7605 [0.000]    10.5896 [0.000]    10.5897 [0.000]    10.5906 [0.000]    12.1980 [0.000]
[kpt   0   7  15]    13.0516 [0.000]    13.0548 [0.000]    13.0550 [0.000]    13.0551 [0.000]



Total charge in supercell =     128.00000000
 quench: [md:   0/100  scf:   7/30  step time:   0.37  scf time:     2.13 secs  RMS[dV]: 9.16e-04 ]


average potential <V> = -1.36e-16
Davidson converged in 3 steps

FERMI ENERGY =      1.10062461 eV
@@ EIGENVALUE SUM     =      -58.371456 Ry
@@ ION_ION            =     -272.916107 Ry
@@ ELECTROSTATIC      =     -286.293434 Ry
@@ VXC                =     -178.444364 Ry
@@ EXC                =     -137.351920 Ry
@@ TOTAL ENERGY       =     -576.488553 Ry
@@ estimated error    =        3.38e-05 Ry
Charge normalization constant -1.0: 4.440892e-16
Charge density mixing: Broyden


KOHN SHAM EIGENVALUES [eV] AT K-POINT [  0]:       0.000000      0.000000      0.000000

[kpt   0   8   0]   -18.8903 [2.000]   -17.9067 [2.000]   -17.9066 [2.000]   -17.9062 [2.000]   -17.9061 [2.000]
[kpt   0   8   1]   -17.9058 [2.000]   -17.9056 [2.000]   -16.5548 [2.000]   -16.5547 [2.000]   -16.5543 [2.000]
[kpt   0   8   2]   -16.5542 [2.000]   -16.5538 [2.000]   -16.5537 [2.000]   -16.5231 [2.000]   -16.5225 [2.000]
[kpt   0   8   3]   -16.5217 [2.000]    -9.3351 [2.000]    -6.9272 [2.000]    -6.9271 [2.000]    -6.9269 [2.000]
[kpt   0   8   4]    -6.9268 [2.000]    -6.9265 [2.000]    -6.9264 [2.000]    -5.1557 [2.000]    -5.1554 [2.000]
[kpt   0   8   5]    -5.1550 [2.000]    -4.5255 [2.000]    -4.5254 [2.000]    -4.5251 [2.000]    -4.5250 [2.000]
[kpt   0   8   6]    -4.5247 [2.000]    -4.5245 [2.000]    -2.1207 [2.000]    -2.1206 [2.000]    -2.1203 [2.000]
[kpt   0   8   7]    -2.1202 [2.000]    -2.1199 [2.000]    -2.1198 [2.000]    -1.8777 [2.000]    -1.8777 [2.000]
[kpt   0   8   8]    -1.6861 [2.000]    -1.6861 [2.000]    -1.6858 [2.000]    -1.6856 [2.000]    -1.6854 [2.000]
[kpt   0   8   9]    -1.6853 [2.000]    -1.2255 [2.000]    -1.2255 [2.000]    -1.2255 [2.000]    -0.5691 [2.000]
[kpt   0   8  10]    -0.5690 [2.000]    -0.5687 [2.000]    -0.5685 [2.000]    -0.5682 [2.000]    -0.5681 [2.000]
[kpt   0   8  11]     0.3359 [2.000]     0.3360 [2.000]     0.3364 [2.000]     0.3366 [2.000]     0.3369 [2.000]
[kpt   0   8  12]     0.3370 [2.000]     1.0999 [2.000]     1.1003 [2.000]     1.1006 [2.000]     6.7878 [0.000]
[kpt   0   8  13]     9.7584 [0.000]     9.7584 [0.000]     9.7584 [0.000]     9.7585 [0.000]     9.7585 [0.000]
[kpt   0   8  14]     9.7585 [0.000]    10.5941 [0.000]    10.5942 [0.000]    10.5950 [0.000]    12.2040 [0.000]
[kpt   0   8  15]    13.0517 [0.000]    13.0518 [0.000]    13.0518 [0.000]    13.0520 [0.000]



Total charge in supercell =     128.00000000
 quench: [md:   0/100  scf:   8/30  step time:   0.26  scf time:     2.39 secs  RMS[dV]: 3.17e-04 ]


average potential <V> = 3.29e-16
Davidson converged in 3 steps

FERMI ENERGY =      1.09978645 eV
@@ EIGENVALUE SUM     =      -58.377766 Ry
@@ ION_ION            =     -272.916107 Ry
@@ ELECTROSTATIC      =     -286.286894 Ry
@@ VXC                =     -178.443443 Ry
@@ EXC                =     -137.351231 Ry
@@ TOTAL ENERGY       =     -576.488556 Ry
@@ estimated error    =        1.64e-06 Ry
Charge normalization constant -1.0: 2.220446e-16
Charge density mixing: Broyden


KOHN SHAM EIGENVALUES [eV] AT K-POINT [  0]:       0.000000      0.000000      0.000000

[kpt   0   9   0]   -18.8909 [2.000]   -17.9071 [2.000]   -17.9070 [2.000]   -17.9069 [2.000]   -17.9068 [2.000]
[kpt   0   9   1]   -17.9067 [2.000]   -17.9067 [2.000]   -16.5553 [2.000]   -16.5552 [2.000]   -16.5551 [2.000]
[kpt   0   9   2]   -16.5550 [2.000]   -16.5548 [2.000]   -16.5548 [2.000]   -16.5235 [2.000]   -16.5232 [2.000]
[kpt   0   9   3]   -16.5229 [2.000]    -9.3358 [2.000]    -6.9279 [2.000]    -6.9278 [2.000]    -6.9277 [2.000]
[kpt   0   9   4]    -6.9277 [2.000]    -6.9276 [2.000]    -6.9275 [2.000]    -5.1563 [2.000]    -5.1562 [2.000]
[kpt   0   9   5]    -5.1560 [2.000]    -4.5263 [2.000]    -4.5262 [2.000]    -4.5261 [2.000]    -4.5260 [2.000]
[kpt   0   9   6]    -4.5259 [2.000]    -4.5259 [2.000]    -2.1208 [2.000]    -2.1208 [2.000]    -2.1207 [2.000]
[kpt   0   9   7]    -2.1206 [2.000]    -2.1205 [2.000]    -2.1205 [2.000]    -1.8782 [2.000]    -1.8782 [2.000]
[kpt   0   9   8]    -1.6863 [2.000]    -1.6862 [2.000]    -1.6861 [2.000]    -1.6861 [2.000]    -1.6859 [2.000]
[kpt   0   9   9]    -1.6859 [2.000]    -1.2262 [2.000]    -1.2262 [2.000]    -1.2262 [2.000]    -0.5693 [2.000]
[kpt   0   9  10]    -0.5693 [2.000]    -0.5692 [2.000]    -0.5691 [2.000]    -0.5690 [2.000]    -0.5689 [2.000]
[kpt   0   9  11]     0.3357 [2.000]     0.3357 [2.000]     0.3359 [2.000]     0.3359 [2.000]     0.3361 [2.000]
[kpt   0   9  12]     0.3361 [2.000]     1.0995 [2.000]     1.0996 [2.000]     1.0998 [2.000]     6.7879 [0.000]
[kpt   0   9  13]     9.7568 [0.000]     9.7570 [0.000]     9.7571 [0.000]     9.7573 [0.000]     9.7574 [0.000]
[kpt   0   9  14]     9.7574 [0.000]    10.5936 [0.000]    10.5937 [0.000]    10.5941 [0.000]    12.2037 [0.000]
[kpt   0   9  15]    13.0510 [0.000]    13.0511 [0.000]    13.0512 [0.000]    13.0512 [0.000]



Total charge in supercell =     128.00000000
 quench: [md:   0/100  scf:   9/30  step time:   0.30  scf time:     2.69 secs  RMS[dV]: 6.40e-05 ]


average potential <V> = -6.41e-16
Davidson converged in 2 steps

FERMI ENERGY =      1.09987916 eV
@@ EIGENVALUE SUM     =      -58.377454 Ry
@@ ION_ION            =     -272.916107 Ry
@@ ELECTROSTATIC      =     -286.287299 Ry
@@ VXC                =     -178.443937 Ry
@@ EXC                =     -137.351636 Ry
@@ TOTAL ENERGY       =     -576.488558 Ry
@@ estimated error    =        3.20e-07 Ry
Charge normalization constant -1.0: 6.661338e-16
Charge density mixing: Broyden


KOHN SHAM EIGENVALUES [eV] AT K-POINT [  0]:       0.000000      0.000000      0.000000

[kpt   0  10   0]   -18.8909 [2.000]   -17.9069 [2.000]   -17.9069 [2.000]   -17.9068 [2.000]   -17.9068 [2.000]
[kpt   0  10   1]   -17.9068 [2.000]   -17.9068 [2.000]   -16.5550 [2.000]   -16.5550 [2.000]   -16.5550 [2.000]
[kpt   0  10   2]   -16.5550 [2.000]   -16.5550 [2.000]   -16.5550 [2.000]   -16.5232 [2.000]   -16.5232 [2.000]
[kpt   0  10   3]   -16.5231 [2.000]    -9.3360 [2.000]    -6.9279 [2.000]    -6.9279 [2.000]    -6.9279 [2.000]
[kpt   0  10   4]    -6.9279 [2.000]    -6.9279 [2.000]    -6.9279 [2.000]    -5.1563 [2.000]    -5.1563 [2.000]
[kpt   0  10   5]    -5.1563 [2.000]    -4.5263 [2.000]    -4.5263 [2.000]    -4.5263 [2.000]    -4.5263 [2.000]
[kpt   0  10   6]    -4.5262 [2.000]    -4.5262 [2.000]    -2.1205 [2.000]    -2.1205 [2.000]    -2.1205 [2.000]
[kpt   0  10   7]    -2.1205 [2.000]    -2.1205 [2.000]    -2.1205 [2.000]    -1.8780 [2.000]    -1.8780 [2.000]
[kpt   0  10   8]    -1.6860 [2.000]    -1.6860 [2.000]    -1.6860 [2.000]    -1.6860 [2.000]    -1.6859 [2.000]
[kpt   0  10   9]    -1.6859 [2.000]    -1.2262 [2.000]    -1.2262 [2.000]    -1.2262 [2.000]    -0.5690 [2.000]
[kpt   0  10  10]    -0.5690 [2.000]    -0.5690 [2.000]    -0.5690 [2.000]    -0.5689 [2.000]    -0.5689 [2.000]
[kpt   0  10  11]     0.3360 [2.000]     0.3360 [2.000]     0.3360 [2.000]     0.3361 [2.000]     0.3361 [2.000]
[kpt   0  10  12]     0.3361 [2.000]     1.0998 [2.000]     1.0998 [2.000]     1.0999 [2.000]     6.7880 [0.000]
[kpt   0  10  13]     9.7564 [0.000]     9.7565 [0.000]     9.7565 [0.000]     9.7567 [0.000]     9.7568 [0.000]
[kpt   0  10  14]     9.7568 [0.000]    10.5931 [0.000]    10.5931 [0.000]    10.5934 [0.000]    12.2035 [0.000]
[kpt   0  10  15]    13.0509 [0.000]    13.0510 [0.000]    13.0510 [0.000]    13.0510 [0.000]



Total charge in supercell =     128.00000000
 quench: [md:   0/100  scf:  10/30  step time:   0.23  scf time:     2.92 secs  RMS[dV]: 2.10e-05 ]


average potential <V> = 2.47e-16
Davidson converged in 3 steps

FERMI ENERGY =      1.10008723 eV
@@ EIGENVALUE SUM     =      -58.376036 Ry
@@ ION_ION            =     -272.916107 Ry
@@ ELECTROSTATIC      =     -286.288840 Ry
@@ VXC                =     -178.444541 Ry
@@ EXC                =     -137.352120 Ry
@@ TOTAL ENERGY       =     -576.488560 Ry
@@ estimated error    =        2.57e-08 Ry
Charge normalization constant -1.0: 1.110223e-15
Charge density mixing: Broyden


KOHN SHAM EIGENVALUES [eV] AT K-POINT [  0]:       0.000000      0.000000      0.000000

[kpt   0  11   0]   -18.8908 [2.000]   -17.9067 [2.000]   -17.9067 [2.000]   -17.9067 [2.000]   -17.9067 [2.000]
[kpt   0  11   1]   -17.9067 [2.000]   -17.9067 [2.000]   -16.5548 [2.000]   -16.5548 [2.000]   -16.5548 [2.000]
[kpt   0  11   2]   -16.5548 [2.000]   -16.5548 [2.000]   -16.5548 [2.000]   -16.5230 [2.000]   -16.5230 [2.000]
[kpt   0  11   3]   -16.5230 [2.000]    -9.3360 [2.000]    -6.9279 [2.000]    -6.9279 [2.000]    -6.9279 [2.000]
[kpt   0  11   4]    -6.9279 [2.000]    -6.9278 [2.000]    -6.9278 [2.000]    -5.1562 [2.000]    -5.1562 [2.000]
[kpt   0  11   5]    -5.1562 [2.000]    -4.5262 [2.000]    -4.5262 [2.000]    -4.5262 [2.000]    -4.5262 [2.000]
[kpt   0  11   6]    -4.5262 [2.000]    -4.5262 [2.000]    -2.1204 [2.000]    -2.1204 [2.000]    -2.1203 [2.000]
[kpt   0  11   7]    -2.1203 [2.000]    -2.1203 [2.000]    -2.1203 [2.000]    -1.8778 [2.000]    -1.8778 [2.000]
[kpt   0  11   8]    -1.6858 [2.000]    -1.6858 [2.000]    -1.6858 [2.000]    -1.6858 [2.000]    -1.6858 [2.000]
[kpt   0  11   9]    -1.6858 [2.000]    -1.2260 [2.000]    -1.2260 [2.000]    -1.2260 [2.000]    -0.5688 [2.000]
[kpt   0  11  10]    -0.5688 [2.000]    -0.5688 [2.000]    -0.5688 [2.000]    -0.5688 [2.000]    -0.5688 [2.000]
[kpt   0  11  11]     0.3363 [2.000]     0.3363 [2.000]     0.3363 [2.000]     0.3363 [2.000]     0.3363 [2.000]
[kpt   0  11  12]     0.3363 [2.000]     1.1001 [2.000]     1.1001 [2.000]     1.1001 [2.000]     6.7881 [0.000]
[kpt   0  11  13]     9.7562 [0.000]     9.7563 [0.000]     9.7563 [0.000]     9.7565 [0.000]     9.7565 [0.000]
[kpt   0  11  14]     9.7565 [0.000]    10.5929 [0.000]    10.5930 [0.000]    10.5931 [0.000]    12.2035 [0.000]
[kpt   0  11  15]    13.0509 [0.000]    13.0509 [0.000]    13.0510 [0.000]    13.0510 [0.000]



Total charge in supercell =     128.00000000
 quench: [md:   0/100  scf:  11/30  step time:   0.33  scf time:     3.25 secs  RMS[dV]: 1.26e-05 ]


average potential <V> = -2.06e-16
Davidson converged in 2 steps

FERMI ENERGY =      1.09998829 eV
@@ EIGENVALUE SUM     =      -58.376623 Ry
@@ ION_ION            =     -272.916107 Ry
@@ ELECTROSTATIC      =     -286.288201 Ry
@@ VXC                =     -178.444301 Ry
@@ EXC                =     -137.351931 Ry
@@ TOTAL ENERGY       =     -576.488560 Ry
@@ estimated error    =        1.29e-08 Ry
Charge normalization constant -1.0: 2.220446e-16
Charge density mixing: Broyden


KOHN SHAM EIGENVALUES [eV] AT K-POINT [  0]:       0.000000      0.000000      0.000000

[kpt   0  12   0]   -18.8909 [2.000]   -17.9068 [2.000]   -17.9068 [2.000]   -17.9068 [2.000]   -17.9068 [2.000]
[kpt   0  12   1]   -17.9068 [2.000]   -17.9068 [2.000]   -16.5549 [2.000]   -16.5549 [2.000]   -16.5549 [2.000]
[kpt   0  12   2]   -16.5549 [2.000]   -16.5549 [2.000]   -16.5549 [2.000]   -16.5231 [2.000]   -16.5231 [2.000]
[kpt   0  12   3]   -16.5231 [2.000]    -9.3360 [2.000]    -6.9279 [2.000]    -6.9279 [2.000]    -6.9279 [2.000]
[kpt   0  12   4]    -6.9279 [2.000]    -6.9279 [2.000]    -6.9279 [2.000]    -5.1563 [2.000]    -5.1563 [2.000]
[kpt   0  12   5]    -5.1563 [2.000]    -4.5262 [2.000]    -4.5262 [2.000]    -4.5262 [2.000]    -4.5262 [2.000]
[kpt   0  12   6]    -4.5262 [2.000]    -4.5262 [2.000]    -2.1204 [2.000]    -2.1204 [2.000]    -2.1204 [2.000]
[kpt   0  12   7]    -2.1204 [2.000]    -2.1204 [2.000]    -2.1204 [2.000]    -1.8779 [2.000]    -1.8779 [2.000]
[kpt   0  12   8]    -1.6859 [2.000]    -1.6859 [2.000]    -1.6859 [2.000]    -1.6859 [2.000]    -1.6858 [2.000]
[kpt   0  12   9]    -1.6858 [2.000]    -1.2261 [2.000]    -1.2261 [2.000]    -1.2261 [2.000]    -0.5689 [2.000]
[kpt   0  12  10]    -0.5689 [2.000]    -0.5689 [2.000]    -0.5689 [2.000]    -0.5689 [2.000]    -0.5689 [2.000]
[kpt   0  12  11]     0.3362 [2.000]     0.3362 [2.000]     0.3362 [2.000]     0.3362 [2.000]     0.3362 [2.000]
[kpt   0  12  12]     0.3362 [2.000]     1.1000 [2.000]     1.1000 [2.000]     1.1000 [2.000]     6.7880 [0.000]
[kpt   0  12  13]     9.7560 [0.000]     9.7561 [0.000]     9.7561 [0.000]     9.7562 [0.000]     9.7562 [0.000]
[kpt   0  12  14]     9.7562 [0.000]    10.5928 [0.000]    10.5928 [0.000]    10.5929 [0.000]    12.2035 [0.000]
[kpt   0  12  15]    13.0508 [0.000]    13.0508 [0.000]    13.0508 [0.000]    13.0508 [0.000]



Total charge in supercell =     128.00000000
 quench: [md:   0/100  scf:  12/30  step time:   0.24  scf time:     3.49 secs  RMS[dV]: 3.97e-06 ]


average potential <V> = 6.21e-16
Davidson converged in 3 steps

FERMI ENERGY =      1.09997173 eV
@@ EIGENVALUE SUM     =      -58.376607 Ry
@@ ION_ION            =     -272.916107 Ry
@@ ELECTROSTATIC      =     -286.288212 Ry
@@ VXC                =     -178.444291 Ry
@@ EXC                =     -137.351925 Ry
@@ TOTAL ENERGY       =     -576.488560 Ry
@@ estimated error    =        8.77e-10 Ry
Charge normalization constant -1.0: -4.440892e-16
Charge density mixing: Broyden


KOHN SHAM EIGENVALUES [eV] AT K-POINT [  0]:       0.000000      0.000000      0.000000

[kpt   0  13   0]   -18.8908 [2.000]   -17.9068 [2.000]   -17.9068 [2.000]   -17.9068 [2.000]   -17.9068 [2.000]
[kpt   0  13   1]   -17.9068 [2.000]   -17.9068 [2.000]   -16.5549 [2.000]   -16.5549 [2.000]   -16.5549 [2.000]
[kpt   0  13   2]   -16.5549 [2.000]   -16.5549 [2.000]   -16.5549 [2.000]   -16.5231 [2.000]   -16.5231 [2.000]
[kpt   0  13   3]   -16.5231 [2.000]    -9.3360 [2.000]    -6.9279 [2.000]    -6.9279 [2.000]    -6.9278 [2.000]
[kpt   0  13   4]    -6.9278 [2.000]    -6.9278 [2.000]    -6.9278 [2.000]    -5.1563 [2.000]    -5.1563 [2.000]
[kpt   0  13   5]    -5.1562 [2.000]    -4.5262 [2.000]    -4.5262 [2.000]    -4.5262 [2.000]    -4.5262 [2.000]
[kpt   0  13   6]    -4.5262 [2.000]    -4.5262 [2.000]    -2.1204 [2.000]    -2.1204 [2.000]    -2.1204 [2.000]
[kpt   0  13   7]    -2.1204 [2.000]    -2.1204 [2.000]    -2.1204 [2.000]    -1.8779 [2.000]    -1.8779 [2.000]
[kpt   0  13   8]    -1.6859 [2.000]    -1.6859 [2.000]    -1.6859 [2.000]    -1.6859 [2.000]    -1.6858 [2.000]
[kpt   0  13   9]    -1.6858 [2.000]    -1.2261 [2.000]    -1.2261 [2.000]    -1.2261 [2.000]    -0.5689 [2.000]
[kpt   0  13  10]    -0.5689 [2.000]    -0.5689 [2.000]    -0.5689 [2.000]    -0.5689 [2.000]    -0.5689 [2.000]
[kpt   0  13  11]     0.3362 [2.000]     0.3362 [2.000]     0.3362 [2.000]     0.3362 [2.000]     0.3362 [2.000]
[kpt   0  13  12]     0.3362 [2.000]     1.1000 [2.000]     1.1000 [2.000]     1.1000 [2.000]     6.7880 [0.000]
[kpt   0  13  13]     9.7559 [0.000]     9.7559 [0.000]     9.7559 [0.000]     9.7559 [0.000]     9.7560 [0.000]
[kpt   0  13  14]     9.7560 [0.000]    10.5928 [0.000]    10.5928 [0.000]    10.5928 [0.000]    12.2035 [0.000]
[kpt   0  13  15]    13.0507 [0.000]    13.0507 [0.000]    13.0508 [0.000]    13.0508 [0.000]



Total charge in supercell =     128.00000000
 quench: [md:   0/100  scf:  13/30  step time:   0.32  scf time:     3.81 secs  RMS[dV]: 2.00e-06 ]


average potential <V> = 1.11e-16
Davidson converged in 2 steps

FERMI ENERGY =      1.09998355 eV
@@ EIGENVALUE SUM     =      -58.376569 Ry
@@ ION_ION            =     -272.916107 Ry
@@ ELECTROSTATIC      =     -286.288257 Ry
@@ VXC                =     -178.444318 Ry
@@ EXC                =     -137.351946 Ry
@@ TOTAL ENERGY       =     -576.488560 Ry
@@ estimated error    =        5.04e-10 Ry
Charge normalization constant -1.0: -1.110223e-15
Charge density mixing: Broyden


KOHN SHAM EIGENVALUES [eV] AT K-POINT [  0]:       0.000000      0.000000      0.000000

[kpt   0  14   0]   -18.8908 [2.000]   -17.9068 [2.000]   -17.9068 [2.000]   -17.9068 [2.000]   -17.9068 [2.000]
[kpt   0  14   1]   -17.9068 [2.000]   -17.9068 [2.000]   -16.5549 [2.000]   -16.5549 [2.000]   -16.5549 [2.000]
[kpt   0  14   2]   -16.5549 [2.000]   -16.5549 [2.000]   -16.5549 [2.000]   -16.5231 [2.000]   -16.5231 [2.000]
[kpt   0  14   3]   -16.5231 [2.000]    -9.3360 [2.000]    -6.9279 [2.000]    -6.9279 [2.000]    -6.9279 [2.000]
[kpt   0  14   4]    -6.9279 [2.000]    -6.9279 [2.000]    -6.9279 [2.000]    -5.1563 [2.000]    -5.1563 [2.000]
[kpt   0  14   5]    -5.1563 [2.000]    -4.5262 [2.000]    -4.5262 [2.000]    -4.5262 [2.000]    -4.5262 [2.000]
[kpt   0  14   6]    -4.5262 [2.000]    -4.5262 [2.000]    -2.1204 [2.000]    -2.1204 [2.000]    -2.1204 [2.000]
[kpt   0  14   7]    -2.1204 [2.000]    -2.1204 [2.000]    -2.1204 [2.000]    -1.8779 [2.000]    -1.8779 [2.000]
[kpt   0  14   8]    -1.6858 [2.000]    -1.6858 [2.000]    -1.6858 [2.000]    -1.6858 [2.000]    -1.6858 [2.000]
[kpt   0  14   9]    -1.6858 [2.000]    -1.2261 [2.000]    -1.2261 [2.000]    -1.2261 [2.000]    -0.5689 [2.000]
[kpt   0  14  10]    -0.5689 [2.000]    -0.5689 [2.000]    -0.5689 [2.000]    -0.5689 [2.000]    -0.5689 [2.000]
[kpt   0  14  11]     0.3362 [2.000]     0.3362 [2.000]     0.3362 [2.000]     0.3362 [2.000]     0.3362 [2.000]
[kpt   0  14  12]     0.3362 [2.000]     1.1000 [2.000]     1.1000 [2.000]     1.1000 [2.000]     6.7880 [0.000]
[kpt   0  14  13]     9.7559 [0.000]     9.7559 [0.000]     9.7559 [0.000]     9.7559 [0.000]     9.7559 [0.000]
[kpt   0  14  14]     9.7559 [0.000]    10.5928 [0.000]    10.5928 [0.000]    10.5928 [0.000]    12.2034 [0.000]
[kpt   0  14  15]    13.0507 [0.000]    13.0507 [0.000]    13.0507 [0.000]    13.0507 [0.000]



Total charge in supercell =     128.00000000
 quench: [md:   0/100  scf:  14/30  step time:   0.27  scf time:     4.07 secs  RMS[dV]: 5.28e-07 ]



 Convergence criterion reached: Energy variation (7.89e-12) is lower than threshold (1.00e-10)

potential convergence has been achieved. stopping ...

[   0  15   15        5 ] Quench.cpp: 
@@ TOTAL ENEGY Components 
@@ ION_ION            =     -272.916107 Ry
@@ ELECTROSTATIC      =      286.288257 Ry
@@ EXC                =     -137.351937 Ry
@@ vdw correction     =        0.000000 Ry
@@ LdaU correction    =        0.000000 Ry
@@ total              =        0.000000 Ry
final total energy from eig sum =    -576.48856011 Ry


KOHN SHAM EIGENVALUES [eV] AT K-POINT [  0]:       0.000000      0.000000      0.000000

[kpt   0  15   0]   -18.8908 [2.000]   -17.9068 [2.000]   -17.9068 [2.000]   -17.9068 [2.000]   -17.9068 [2.000]
[kpt   0  15   1]   -17.9068 [2.000]   -17.9068 [2.000]   -16.5549 [2.000]   -16.5549 [2.000]   -16.5549 [2.000]
[kpt   0  15   2]   -16.5549 [2.000]   -16.5549 [2.000]   -16.5549 [2.000]   -16.5231 [2.000]   -16.5231 [2.000]
[kpt   0  15   3]   -16.5231 [2.000]    -9.3360 [2.000]    -6.9279 [2.000]    -6.9279 [2.000]    -6.9279 [2.000]
[kpt   0  15   4]    -6.9279 [2.000]    -6.9279 [2.000]    -6.9279 [2.000]    -5.1563 [2.000]    -5.1563 [2.000]
[kpt   0  15   5]    -5.1563 [2.000]    -4.5262 [2.000]    -4.5262 [2.000]    -4.5262 [2.000]    -4.5262 [2.000]
[kpt   0  15   6]    -4.5262 [2.000]    -4.5262 [2.000]    -2.1204 [2.000]    -2.1204 [2.000]    -2.1204 [2.000]
[kpt   0  15   7]    -2.1204 [2.000]    -2.1204 [2.000]    -2.1204 [2.000]    -1.8779 [2.000]    -1.8779 [2.000]
[kpt   0  15   8]    -1.6858 [2.000]    -1.6858 [2.000]    -1.6858 [2.000]    -1.6858 [2.000]    -1.6858 [2.000]
[kpt   0  15   9]    -1.6858 [2.000]    -1.2261 [2.000]    -1.2261 [2.000]    -1.2261 [2.000]    -0.5689 [2.000]
[kpt   0  15  10]    -0.5689 [2.000]    -0.5689 [2.000]    -0.5689 [2.000]    -0.5689 [2.000]    -0.5689 [2.000]
[kpt   0  15  11]     0.3362 [2.000]     0.3362 [2.000]     0.3362 [2.000]     0.3362 [2.000]     0.3362 [2.000]
[kpt   0  15  12]     0.3362 [2.000]     1.1000 [2.000]     1.1000 [2.000]     1.1000 [2.000]     6.7880 [0.000]
[kpt   0  15  13]     9.7559 [0.000]     9.7559 [0.000]     9.7559 [0.000]     9.7559 [0.000]     9.7559 [0.000]
[kpt   0  15  14]     9.7559 [0.000]    10.5928 [0.000]    10.5928 [0.000]    10.5928 [0.000]    12.2034 [0.000]
[kpt   0  15  15]    13.0507 [0.000]    13.0507 [0.000]    13.0507 [0.000]    13.0507 [0.000]



Total charge in supercell =     128.00000000
 volume and energy per atom =        15.03933867       -326.81358061 eV

 Vdd took 0.000185 seconds
WriteRestart: Output file given as /dev/null, no restart data written ...



  IONIC POSITIONS [a0] AND FORCES [Ry/a0]
  Charge analysis using: Voronoi Deformation Density

@ION  Ion  Species       X           Y           Z       Charge       FX          FY         FZ      Movable
@ION    1    Si      0.0000000   0.0000000   0.0000000    0.448    0.0000000  -0.0000000  -0.0000000  1 1 1
@ION    2    Si      3.3637125   3.3637125   3.3637125    0.445   -0.0000000   0.0000000   0.0000000  1 1 1
@ION    3    Si     10.0911375   3.3637125  10.0911375    0.445   -0.0000001   0.0000000   0.0000000  1 1 1
@ION    4    Si      3.3637125  10.0911375  10.0911375    0.445   -0.0000000   0.0000000   0.0000000  1 1 1
@ION    5    Si     10.0911375  10.0911375   3.3637125    0.447   -0.0000001   0.0000000   0.0000000  1 1 1
@ION    6    Si      0.0000000   6.7274250   6.7274250    0.450    0.0000000  -0.0000000  -0.0000000  1 1 1
@ION    7    Si      6.7274250   0.0000000   6.7274250    0.450    0.0000001  -0.0000000  -0.0000000  1 1 1
@ION    8    Si      6.7274250   6.7274250   0.0000000    0.449    0.0000001  -0.0000000  -0.0000000  1 1 1
@ION    9     O      1.6818563   1.6818563   1.6818563   -0.217   -0.0000000   0.0000000  -0.0000000  1 1 1
@ION   10     O     11.7729938   1.6818563  11.7729938   -0.219    0.0000000  -0.0000000   0.0000000  1 1 1
@ION   11     O      1.6818563  11.7729938  11.7729938   -0.223   -0.0000000  -0.0000000  -0.0000000  1 1 1
@ION   12     O     11.7729938  11.7729938   1.6818563   -0.227    0.0000000  -0.0000001  -0.0000001  1 1 1
@ION   13     O      1.6818563   8.4092813   8.4092813   -0.219    0.0000000   0.0000000   0.0000000  1 1 1
@ION   14     O      8.4092813   1.6818563   8.4092813   -0.219    0.0000000   0.0000000   0.0000000  1 1 1
@ION   15     O      8.4092813   8.4092813   1.6818563   -0.221    0.0000000   0.0000000  -0.0000000  1 1 1
@ION   16     O     11.7729938   8.4092813   5.0455688   -0.222    0.0000001   0.0000001  -0.0000000  1 1 1
@ION   17     O      5.0455688   1.6818563   5.0455688   -0.220   -0.0000000  -0.0000000  -0.0000000  1 1 1
@ION   18     O      5.0455688   8.4092813  11.7729938   -0.221   -0.0000000   0.0000001   0.0000001  1 1 1
@ION   19     O      1.6818563   5.0455688   5.0455688   -0.227   -0.0000000  -0.0000000   0.0000000  1 1 1
@ION   20     O      8.4092813  11.7729938   5.0455688   -0.229   -0.0000000   0.0000000   0.0000000  1 1 1
@ION   21     O      8.4092813   5.0455688  11.7729938   -0.225    0.0000000  -0.0000000  -0.0000000  1 1 1
@ION   22     O     11.7729938   5.0455688   8.4092813   -0.231    0.0000000  -0.0000000   0.0000000  1 1 1
@ION   23     O      5.0455688  11.7729938   8.4092813   -0.231    0.0000000  -0.0000000  -0.0000000  1 1 1
@ION   24     O      5.0455688   5.0455688   1.6818563   -0.232   -0.0000000   0.0000000  -0.0000000  1 1 1

 mean FX      =   0.00000004 Ry/a0
 mean FY      =   0.00000003 Ry/a0
 mean FZ      =   0.00000003 Ry/a0

 max FX       =   0.00000009 Ry/a0   (ion 3)
 max FY       =   0.00000009 Ry/a0   (ion 18)
 max FZ       =   0.00000008 Ry/a0   (ion 12)
 max F[x,y,z] =   0.00000009 Ry/a0
 max |F|      =   0.00000012 Ry/a0   (ion 18)

 sum FX       =   0.00000004 Ry/a0
 sum FY       =   0.00000001 Ry/a0
 sum FZ       =   0.00000002 Ry/a0
 Average      =   0.00000002 Ry/a0
 sqrt < F^2 > =   0.00000004 Ry/a0

WriteRestart: Output file given as /dev/null, no restart data written ...


--------TIMING INFORMATION FOR Processor owned the most atoms----------------
                                        Total time               Per SCF/step

1-TOTAL                                             5.46                0.36
-----------------------------------------------------------------------------
  1-TOTAL: Init                                     1.03                0.07
  1-TOTAL: run                                      4.43                0.30
  ---------------------------------------------------------------------------
    1-TOTAL: run: Force                             0.34                0.02
    1-TOTAL: run: Scf steps                         3.99                0.27

2-Force                                             0.34                0.02
-----------------------------------------------------------------------------
  2-Force: core correction                          0.00                0.00
  2-Force: corrections                              0.08                0.01
  2-Force: ion-ion                                  0.05                0.00
  2-Force: local                                    0.08                0.01
  2-Force: non-local                                0.12                0.01
  2-Force: non-local-betaxpsi                       0.02                0.00
  2-Force: non-local-get gamma                      0.00                0.00
  2-Force: non-local-nlforce_par_Q                  0.01                0.00
  2-Force: non-local-nlforce_par_gamma              0.00                0.00
  2-Force: non-local-nlforce_par_omega              0.00                0.00
  2-Force: non-local-partial gamma                  0.00                0.00
  2-Force: non-local-veff grad                      0.01                0.00

2-Init                                              1.03                0.07
-----------------------------------------------------------------------------
  2-Init: GetNewRho                                 0.03                0.00
  2-Init: KpointClass                               0.43                0.03
  2-Init: LcaoGetPsi                                0.03                0.00
  2-Init: LcaoGetRho                                0.06                0.00
  2-Init: ReinitIonicPotentials                     0.09                0.01
  2-Init: betaxpsi                                  0.01                0.00
  2-Init: exchange/correlation                      0.02                0.00
  2-Init: hartree                                   0.01                0.00
  2-Init: normalization                             0.00                0.00
  2-Init: radial potentials                         0.23                0.02
  2-Init: subdiag                                   0.03                0.00
  2-Init: weights                                   0.00                0.00

2-Scf steps                                         3.99                0.27
-----------------------------------------------------------------------------
  2-Scf steps: Davidson                             2.38                0.16
  2-Scf steps: GetNewRho                            0.36                0.02
  2-Scf steps: Hartree                              0.25                0.02
  2-Scf steps: MgridSubspace                        0.62                0.04
  2-Scf steps: MixRho                               0.02                0.00
  2-Scf steps: exchange/correlation                 0.25                0.02

3-MgridSubspace                                     0.62                0.04
-----------------------------------------------------------------------------
  3-MgridSubspace: AppNls                           0.04                0.00
  3-MgridSubspace: Beta x psi                       0.07                0.00
  3-MgridSubspace: Diagonalization                  0.10                0.01
  3-MgridSubspace: Mg_eig                           0.40                0.03

3-ReinitIonicPotentials                             0.09                0.01
-----------------------------------------------------------------------------
  3-ReinitIonicPotentials: GetNlop                  0.00                0.00
  3-ReinitIonicPotentials: GetWeight                0.06                0.00
  3-ReinitIonicPotentials: get_QI                   0.00                0.00
  3-ReinitIonicPotentials: get_qqq                  0.00                0.00
  3-ReinitIonicPotentials: init_nuc                 0.03                0.00

4-Diagonalization                                   0.14                0.01
-----------------------------------------------------------------------------
  4-Diagonalization: ELPA/PDSYGVX/PZHEGVX           0.01                0.00
  4-Diagonalization: Hpsi                           0.08                0.01
  4-Diagonalization: MPI_Bcast                      0.00                0.00
  4-Diagonalization: Update orbitals                0.02                0.00
  ---------------------------------------------------------------------------
    4-Diagonalization: Update orbitals: gather           0.00                0.00
    4-Diagonalization: Update orbitals: gemm           0.01                0.00
  4-Diagonalization: matrix                         0.02                0.00
  ---------------------------------------------------------------------------
    4-Diagonalization: matrix: Allreduce            0.00                0.00
    4-Diagonalization: matrix: Gemm                 0.02                0.00

5-Functional                                        0.26                0.02
-----------------------------------------------------------------------------
  5-Functional: apply gradient                      0.03                0.00
  5-Functional: apply laplacian                     0.01                0.00
  5-Functional: libxc                               0.10                0.01
  5-Functional: vxc                                 0.26                0.02
  5-Functional: vxc grad                            0.15                0.01
  5-Functional: vxc local                           0.03                0.00
  5-Functional: vxc nonlocal                        0.00                0.00

6-Davidson                                          2.38                0.16
-----------------------------------------------------------------------------
  6-Davidson: Betaxpsi                              0.26                0.02
  6-Davidson: apply hamiltonian                     0.50                0.03
  6-Davidson: diagonalization                       0.31                0.02
  6-Davidson: generate residuals                    0.16                0.01
  6-Davidson: matrix setup/reduce                   0.30                0.02
  6-Davidson: normalization                         0.01                0.00
  6-Davidson: precondition                          0.70                0.05
  6-Davidson: rotate orbitals                       0.08                0.01

AppNls                                              0.27                0.02
-----------------------------------------------------------------------------
  AppNls: data_rearrange                            0.01                0.00
  ---------------------------------------------------------------------------
    AppNls: data_rearrange: alloc and zeros           0.00                0.00
    AppNls: data_rearrange: dnm                     0.00                0.00
    AppNls: data_rearrange: sint                    0.00                0.00
  AppNls: nv                                        0.24                0.02
  AppNls: nv_work                                   0.00                0.00

App_gradient                                        0.03                0.00

CPUFD                                               0.00                0.00

Compute Hpsi                                        0.08                0.01
-----------------------------------------------------------------------------
  Compute Hpsi: AppNls                              0.03                0.00
  Compute Hpsi: Threaded Apply H                    0.05                0.00

GlobalSums                                          0.14                0.01

Init                                                0.60                0.04

Init Voronoi                                        0.08                0.01

Mix rho                                             0.02                0.00
-----------------------------------------------------------------------------
  Mix rho: Broyden                                  0.02                0.00
  Mix rho: Linear                                   0.00                0.00

Orbital                                             0.00                0.00
-----------------------------------------------------------------------------
  Orbital: phase and set                            0.00                0.00
  Orbital: proj cal                                 0.00                0.00
  Trade images: trade_images                        0.00                0.00
  Trade images: trade_imagesx                       0.04                0.00

VhPfft                                              0.13                0.01

Weight                                              0.00                0.00

radial beta                                         0.18                0.01


------------------------- TIMING INFORMATION FOR THREADS  -------------------

                                           Min            Max            Avg
CPUFD                                      0.11           0.11           0.11
-----------------------------------------------------------------------------

GlobalSums                                 0.07           0.07           0.07
-----------------------------------------------------------------------------

Mg_eig                                     0.39           0.39           0.39
-----------------------------------------------------------------------------
  Mg_eig: apply hamiltonian                0.18           0.18           0.18
  Mg_eig: mgrid_solv                       0.13           0.13           0.13
  Trade images: trade_images               0.60           0.60           0.60
  Trade images: trade_imagesx              0.45           0.45           0.45
