RMG initialization ... 1 image(s) total, 1 per node. 32 MPI processes/image. Thread level 2.
FFT-FD  0.000000e+00   7.854683e-01   7.854543e-01   1.404876e-05
FFT-FD  1.000000e+00   7.854683e-01   7.854543e-01   1.404876e-05
IP=0 M = 0.000000e+00  -inf  1.404876e-05
FFT-FD  0.000000e+00   2.257194e+00   2.257129e+00   6.459246e-05
FFT-FD  1.000000e+00   2.257194e+00   2.257129e+00   6.459246e-05
IP=1 M = 0.000000e+00  -inf  6.459246e-05
FFT-FD  0.000000e+00   2.257194e+00   2.257129e+00   6.459246e-05
FFT-FD  1.000000e+00   2.257194e+00   2.257129e+00   6.459246e-05
IP=2 M = 0.000000e+00  -inf  6.459246e-05
FFT-FD  0.000000e+00   2.257194e+00   2.257129e+00   6.459246e-05
FFT-FD  1.000000e+00   2.257194e+00   2.257129e+00   6.459246e-05
IP=3 M = 0.000000e+00  -inf  6.459246e-05
FFT-FD  0.000000e+00   2.678435e-01   2.678434e-01   1.591272e-08
FFT-FD  1.000000e+00   2.678435e-01   2.678434e-01   1.591272e-08
IP=0 M = 0.000000e+00  -inf  1.591272e-08
FFT-FD  0.000000e+00   3.882435e-01   3.882435e-01   2.390486e-10
FFT-FD  1.000000e+00   3.882435e-01   3.882435e-01   2.390486e-10
IP=1 M = 0.000000e+00  -inf  2.390486e-10
FFT-FD  0.000000e+00   3.882435e-01   3.882435e-01   2.390483e-10
FFT-FD  1.000000e+00   3.882435e-01   3.882435e-01   2.390483e-10
IP=2 M = 0.000000e+00  -inf  2.390483e-10
FFT-FD  0.000000e+00   3.882435e-01   3.882435e-01   2.390481e-10
FFT-FD  1.000000e+00   3.882435e-01   3.882435e-01   2.390481e-10
IP=3 M = 0.000000e+00  -inf  2.390481e-10
NEWCFAC = 0.000000  0.000000


                     * * * * * * * * * *
                     *    R   M   G    *
                     * * * * * * * * * *

     -- A Real Space Multigrid Electronic structure code --
     --      More information at www.rmgdft.org          --

Code Revision:     v5.1.0_53_g887bfc3b
Build Date:        May 15 2023  14:30:00
Start time:        Wed May 17 14:06:25 2023

NOTICE: RMG internal pseudopotentials have switched to
ONCVP from Ultrasoft. You can revert to Ultrasoft by
adding the input tag internal_pseudo_type="ultrasoft" to
your input files.


Files
   Control input file:        input4
   Data output file:          /dev/null

Run Setup
    Calculation type:         Quench electrons - Fixed ions SCF calculation
    Description:              SiO2
    Orbital Initialization:   LCAO (96 LCAO and 0 random orbitals)
    Exchange Correlation:     pbe
    Spin Polarization:        OFF
    System charge:            Neutral

Processor Topology
   Total PEs:                 32
   X direction:               4
   Y direction:               4
   Z direction:               2
   MG Threads/PE:             1
   OMP Threads/PE:            1

Grid Points  (Linear Anisotropy: 1.000)
    X:  Total: 52   Per PE: 13   Spacing:0.259 a0  
    Y:  Total: 52   Per PE: 13   Spacing:0.259 a0  
    Z:  Total: 52   Per PE: 26   Spacing:0.259 a0  

    Equivalent energy cutoffs (psi,rho):   147.417    589.670 Ry

    Charge density grid:         2 times finer

Coordinate planes
  Planar Anisotropy: 1.000
  A0-A1 density:    14.937
  A0-A2 density:    14.937
  A1-A2 density:    14.937


Lattice (Cell) Setup
    Type:                       Orthorhombic_primitive
    Volume (a0^3):               2435.77
    Boundary conditions:        Periodic

    X Basis Vector:      13.455       0.000       0.000 a0
    Y Basis Vector:       0.000      13.455       0.000 a0
    Z Basis Vector:       0.000       0.000      13.455 a0
    X Reci Vector:       0.074      -0.000       0.000 a0
    Y Reci Vector:       0.000       0.074       0.000 a0
    Z Reci Vector:       0.000      -0.000       0.074 a0

K-points
    Gamma Point Only (real orbitals)

Atoms and States
    Number of ions:                          24
    Number of species:                       2
    Number of states:                        79

Run Parameters
    SCF Convergence criterion (potential):   1.00e-10
    SCF Convergence criterion (energy):      1.00e-10
    Max SCF steps:                           30

SCF Cycle Settings
    Charge density mixing:                   Broyden
    Hartree Solver:                          PFFT
    Interpolation type:                      FFT

Finite Difference parameters
    Kohn Sham FD Order:                      12  
    Force Gradient Order:                    FFT
    Adaptive Finite Differencing:            Off

Subspace Diagonalization Options
    Frequency:                               every 1 SCF step(s)
    Driver:                                  ScaLapack
    Initial diagonalization:                 ON
    Folded spectrum:                         OFF

Filtering Cutoff  Parameters
    Wavefunction grid (cparm):               0.800
    Charge density grid (rhocparm):          1.000
    Filter factor:                           1.000

Multigrid (MG) Parameters
    Psi MG levels:                           3
    Psi global step:                         0.660 
    Psi pre:                                 2
    Psi post:                                2

Davidson Parameters
    Davidson multiplier:                     4
    Davidson max step:                       8
    Davidson unocc tol factor:               1000.000

Blas Libraries
    CPU support with openblas-parallel.


Atomic Species Information
(PP = Pseudopotential, US = Ultrasoft, NC = Norm Conserving)
-------------------------------------------------------------------------
|Index|Symbol| Mass|Valence| PP |  Comp  |Local| Local|Nlocal|    PP    |
|     |      |     |       |Type|Gaussian|  l  |Radius|Radius|Functional|
-------------------------------------------------------------------------
|    1|     O| 15.0|   6.00|  NC|    0.50|   -1| 10.00|  7.00|       PBE|
|    2|    Si| 28.0|   4.00|  NC|    0.50|   -1| 10.00|  7.00|       PBE|
-------------------------------------------------------------------------

Pseudopotential generation information:
   O pseudopotential file: ./@Internal
      Generation info     : Generated using ONCVPSP code by D. R. Hamann
      Author info         : anonymous
  Si pseudopotential file: ./@Internal
      Generation info     : Generated using ONCVPSP code by D. R. Hamann
      Author info         : anonymous


Memory usage (Mbytes):     Min        Max       Total
    wave functions         11.11      11.11     355.49
    beta-functions          6.75       6.75     216.01



Initial Ionic Positions And Displacements (Bohr)
Species      X           Y           Z           dX          dY          dZ
  Si       0.0000      0.0000      0.0000      0.0000      0.0000      0.0000
  Si       3.3637      3.3637      3.3637      0.0000      0.0000      0.0000
  Si      10.0911      3.3637     10.0911      0.0000      0.0000      0.0000
  Si       3.3637     10.0911     10.0911      0.0000      0.0000      0.0000
  Si      10.0911     10.0911      3.3637      0.0000      0.0000      0.0000
  Si       0.0000      6.7274      6.7274      0.0000      0.0000      0.0000
  Si       6.7274      0.0000      6.7274      0.0000      0.0000      0.0000
  Si       6.7274      6.7274      0.0000      0.0000      0.0000      0.0000
  O        1.6819      1.6819      1.6819      0.0000      0.0000      0.0000
  O       11.7730      1.6819     11.7730      0.0000      0.0000      0.0000
  O        1.6819     11.7730     11.7730      0.0000      0.0000      0.0000
  O       11.7730     11.7730      1.6819      0.0000      0.0000      0.0000
  O        1.6819      8.4093      8.4093      0.0000      0.0000      0.0000
  O        8.4093      1.6819      8.4093      0.0000      0.0000      0.0000
  O        8.4093      8.4093      1.6819      0.0000      0.0000      0.0000
  O       11.7730      8.4093      5.0456      0.0000      0.0000      0.0000
  O        5.0456      1.6819      5.0456      0.0000      0.0000      0.0000
  O        5.0456      8.4093     11.7730      0.0000      0.0000      0.0000
  O        1.6819      5.0456      5.0456      0.0000      0.0000      0.0000
  O        8.4093     11.7730      5.0456      0.0000      0.0000      0.0000
  O        8.4093      5.0456     11.7730      0.0000      0.0000      0.0000
  O       11.7730      5.0456      8.4093      0.0000      0.0000      0.0000
  O        5.0456     11.7730      8.4093      0.0000      0.0000      0.0000
  O        5.0456      5.0456      1.6819      0.0000      0.0000      0.0000


Initial Ionic Positions And Displacements (Angstrom)
Species      X           Y           Z           dX          dY          dZ
  Si       0.0000      0.0000      0.0000      0.0000      0.0000      0.0000
  Si       1.7800      1.7800      1.7800      0.0000      0.0000      0.0000
  Si       5.3400      1.7800      5.3400      0.0000      0.0000      0.0000
  Si       1.7800      5.3400      5.3400      0.0000      0.0000      0.0000
  Si       5.3400      5.3400      1.7800      0.0000      0.0000      0.0000
  Si       0.0000      3.5600      3.5600      0.0000      0.0000      0.0000
  Si       3.5600      0.0000      3.5600      0.0000      0.0000      0.0000
  Si       3.5600      3.5600      0.0000      0.0000      0.0000      0.0000
  O        0.8900      0.8900      0.8900      0.0000      0.0000      0.0000
  O        6.2300      0.8900      6.2300      0.0000      0.0000      0.0000
  O        0.8900      6.2300      6.2300      0.0000      0.0000      0.0000
  O        6.2300      6.2300      0.8900      0.0000      0.0000      0.0000
  O        0.8900      4.4500      4.4500      0.0000      0.0000      0.0000
  O        4.4500      0.8900      4.4500      0.0000      0.0000      0.0000
  O        4.4500      4.4500      0.8900      0.0000      0.0000      0.0000
  O        6.2300      4.4500      2.6700      0.0000      0.0000      0.0000
  O        2.6700      0.8900      2.6700      0.0000      0.0000      0.0000
  O        2.6700      4.4500      6.2300      0.0000      0.0000      0.0000
  O        0.8900      2.6700      2.6700      0.0000      0.0000      0.0000
  O        4.4500      6.2300      2.6700      0.0000      0.0000      0.0000
  O        4.4500      2.6700      6.2300      0.0000      0.0000      0.0000
  O        6.2300      2.6700      4.4500      0.0000      0.0000      0.0000
  O        2.6700      6.2300      4.4500      0.0000      0.0000      0.0000
  O        2.6700      2.6700      0.8900      0.0000      0.0000      0.0000

Diagonalization using scalapack for step=0  count=0



KOHN SHAM EIGENVALUES [eV] AT K-POINT [  0]:       0.000000      0.000000      0.000000

[kpt   0  -1   0]   -22.2078 [2.000]   -21.3862 [2.000]   -21.3862 [2.000]   -21.3862 [2.000]   -21.3862 [2.000]
[kpt   0  -1   1]   -21.3862 [2.000]   -21.3862 [2.000]   -20.2920 [2.000]   -20.2920 [2.000]   -20.2920 [2.000]
[kpt   0  -1   2]   -20.2721 [2.000]   -20.2721 [2.000]   -20.2721 [2.000]   -20.2721 [2.000]   -20.2721 [2.000]
[kpt   0  -1   3]   -20.2721 [2.000]   -11.9744 [2.000]    -9.8974 [2.000]    -9.8974 [2.000]    -9.8974 [2.000]
[kpt   0  -1   4]    -9.8974 [2.000]    -9.8974 [2.000]    -9.8974 [2.000]    -8.2259 [2.000]    -8.2259 [2.000]
[kpt   0  -1   5]    -8.2259 [2.000]    -7.9114 [2.000]    -7.9114 [2.000]    -7.9114 [2.000]    -7.9114 [2.000]
[kpt   0  -1   6]    -7.9114 [2.000]    -7.9114 [2.000]    -5.0361 [2.000]    -5.0361 [2.000]    -5.0361 [2.000]
[kpt   0  -1   7]    -5.0361 [2.000]    -5.0361 [2.000]    -5.0361 [2.000]    -4.9413 [2.000]    -4.9413 [2.000]
[kpt   0  -1   8]    -4.7508 [2.000]    -4.7508 [2.000]    -4.7508 [2.000]    -4.7508 [2.000]    -4.7508 [2.000]
[kpt   0  -1   9]    -4.7508 [2.000]    -4.5205 [2.000]    -4.5205 [2.000]    -4.5205 [2.000]    -3.9905 [2.000]
[kpt   0  -1  10]    -3.9905 [2.000]    -3.9905 [2.000]    -3.9905 [2.000]    -3.9905 [2.000]    -3.9905 [2.000]
[kpt   0  -1  11]    -3.4099 [2.000]    -3.4099 [2.000]    -3.4099 [2.000]    -3.4099 [2.000]    -3.4099 [2.000]
[kpt   0  -1  12]    -3.4099 [2.000]    -2.9375 [2.000]    -2.9375 [2.000]    -2.9375 [2.000]     7.6039 [0.000]
[kpt   0  -1  13]    10.2741 [0.000]    10.2741 [0.000]    10.2741 [0.000]    10.2741 [0.000]    10.2741 [0.000]
[kpt   0  -1  14]    10.2741 [0.000]    12.4074 [0.000]    12.4074 [0.000]    12.4074 [0.000]    13.3723 [0.000]
[kpt   0  -1  15]    13.3723 [0.000]    13.3723 [0.000]    13.3723 [0.000]    13.3723 [0.000]    13.3723 [0.000]
[kpt   0  -1  16]    15.0412 [0.000]    15.0412 [0.000]    15.0412 [0.000]    15.0412 [0.000]    15.0412 [0.000]
[kpt   0  -1  17]    15.0412 [0.000]    15.3605 [0.000]    15.3605 [0.000]    15.3605 [0.000]    15.3605 [0.000]
[kpt   0  -1  18]    15.3605 [0.000]    15.3605 [0.000]    16.6450 [0.000]    16.6450 [0.000]    16.6450 [0.000]
[kpt   0  -1  19]    17.2055 [0.000]


Charge normalization constant -1.0: -2.220446e-16
Charge density mixing: Linear with a constant of 0.50 

Diagonalization using scalapack for step=0  count=1


FERMI ENERGY =     -0.15956180 eV
@@ EIGENVALUE SUM     =      -66.470685 Ry
@@ ION_ION            =     -272.916107 Ry
@@ ELECTROSTATIC      =     -284.889814 Ry
@@ VXC                =     -179.071570 Ry
@@ EXC                =     -137.842185 Ry
@@ TOTAL ENERGY       =     -583.047220 Ry
@@ estimated error    =   ****************
Charge normalization constant -1.0: 4.440892e-16
Charge density mixing: Linear with a constant of 0.50 
WriteRestart: Output file given as /dev/null, no restart data written ...


KOHN SHAM EIGENVALUES [eV] AT K-POINT [  0]:       0.000000      0.000000      0.000000

[kpt   0   0   0]   -19.7416 [2.000]   -18.7814 [2.000]   -18.7768 [2.000]   -18.7729 [2.000]   -18.7698 [2.000]
[kpt   0   0   1]   -18.7682 [2.000]   -18.7603 [2.000]   -17.4851 [2.000]   -17.4769 [2.000]   -17.4739 [2.000]
[kpt   0   0   2]   -17.4696 [2.000]   -17.4673 [2.000]   -17.4652 [2.000]   -17.4631 [2.000]   -17.4609 [2.000]
[kpt   0   0   3]   -17.4576 [2.000]    -9.6752 [2.000]    -7.4559 [2.000]    -7.4497 [2.000]    -7.4470 [2.000]
[kpt   0   0   4]    -7.4416 [2.000]    -7.4398 [2.000]    -7.4357 [2.000]    -5.8739 [2.000]    -5.8725 [2.000]
[kpt   0   0   5]    -5.8717 [2.000]    -5.1936 [2.000]    -5.1921 [2.000]    -5.1912 [2.000]    -5.1899 [2.000]
[kpt   0   0   6]    -5.1890 [2.000]    -5.1884 [2.000]    -2.9582 [2.000]    -2.9578 [2.000]    -2.9573 [2.000]
[kpt   0   0   7]    -2.9561 [2.000]    -2.9521 [2.000]    -2.9515 [2.000]    -2.7563 [2.000]    -2.7528 [2.000]
[kpt   0   0   8]    -2.6297 [2.000]    -2.6288 [2.000]    -2.6266 [2.000]    -2.6262 [2.000]    -2.6240 [2.000]
[kpt   0   0   9]    -2.5978 [2.000]    -2.0431 [2.000]    -2.0411 [2.000]    -2.0408 [2.000]    -1.5622 [2.000]
[kpt   0   0  10]    -1.5598 [2.000]    -1.5589 [2.000]    -1.5563 [2.000]    -1.5533 [2.000]    -1.5485 [2.000]
[kpt   0   0  11]    -0.7639 [2.000]    -0.7621 [2.000]    -0.7615 [2.000]    -0.7604 [2.000]    -0.7587 [2.000]
[kpt   0   0  12]    -0.7572 [2.000]    -0.1655 [2.000]    -0.1636 [2.000]    -0.1596 [2.000]     8.3854 [0.000]
[kpt   0   0  13]    10.9255 [0.000]    10.9276 [0.000]    10.9318 [0.000]    10.9389 [0.000]    10.9409 [0.000]
[kpt   0   0  14]    10.9440 [0.000]    12.1362 [0.000]    12.1419 [0.000]    12.1422 [0.000]    13.9283 [0.000]
[kpt   0   0  15]    13.9293 [0.000]    13.9332 [0.000]    13.9337 [0.000]    13.9346 [0.000]



Total charge in supercell =     128.00000000
 quench: [md:   0/100  scf:   0/30  step time:   0.29  scf time:     0.37 secs  RMS[dV]: 5.25e-02 ]


average potential <V> = -2.52e-16

Diagonalization using scalapack for step=1  count=2


FERMI ENERGY =      1.33886133 eV
@@ EIGENVALUE SUM     =      -55.442279 Ry
@@ ION_ION            =     -272.916107 Ry
@@ ELECTROSTATIC      =     -297.280224 Ry
@@ VXC                =     -182.345377 Ry
@@ EXC                =     -140.385939 Ry
@@ TOTAL ENERGY       =     -583.679172 Ry
@@ estimated error    =        6.72e-01 Ry
Charge normalization constant -1.0: 1.554312e-15
Charge density mixing: Linear with a constant of 0.50 


KOHN SHAM EIGENVALUES [eV] AT K-POINT [  0]:       0.000000      0.000000      0.000000

[kpt   0   1   0]   -18.5531 [2.000]   -17.5204 [2.000]   -17.5141 [2.000]   -17.5119 [2.000]   -17.5100 [2.000]
[kpt   0   1   1]   -17.5070 [2.000]   -17.5048 [2.000]   -16.0428 [2.000]   -16.0346 [2.000]   -16.0328 [2.000]
[kpt   0   1   2]   -16.0300 [2.000]   -16.0250 [2.000]   -16.0232 [2.000]   -16.0123 [2.000]   -16.0091 [2.000]
[kpt   0   1   3]   -16.0079 [2.000]    -9.3245 [2.000]    -6.8072 [2.000]    -6.8060 [2.000]    -6.8056 [2.000]
[kpt   0   1   4]    -6.7956 [2.000]    -6.7946 [2.000]    -6.7935 [2.000]    -5.0045 [2.000]    -5.0027 [2.000]
[kpt   0   1   5]    -5.0019 [2.000]    -4.3515 [2.000]    -4.3492 [2.000]    -4.3470 [2.000]    -4.3416 [2.000]
[kpt   0   1   6]    -4.3401 [2.000]    -4.3367 [2.000]    -1.7598 [2.000]    -1.7585 [2.000]    -1.7522 [2.000]
[kpt   0   1   7]    -1.7504 [2.000]    -1.7456 [2.000]    -1.7391 [2.000]    -1.4876 [2.000]    -1.4848 [2.000]
[kpt   0   1   8]    -1.4121 [2.000]    -1.4095 [2.000]    -1.4068 [2.000]    -1.4053 [2.000]    -1.4032 [2.000]
[kpt   0   1   9]    -1.3867 [2.000]    -0.8666 [2.000]    -0.8593 [2.000]    -0.8580 [2.000]    -0.2424 [2.000]
[kpt   0   1  10]    -0.2387 [2.000]    -0.2328 [2.000]    -0.2302 [2.000]    -0.2282 [2.000]    -0.2208 [2.000]
[kpt   0   1  11]     0.6170 [2.000]     0.6186 [2.000]     0.6235 [2.000]     0.6257 [2.000]     0.6266 [2.000]
[kpt   0   1  12]     0.6306 [2.000]     1.3356 [2.000]     1.3382 [2.000]     1.3389 [2.000]     8.8455 [0.000]
[kpt   0   1  13]    11.3198 [0.000]    11.3266 [0.000]    11.3317 [0.000]    11.3348 [0.000]    11.3364 [0.000]
[kpt   0   1  14]    11.3376 [0.000]    11.8016 [0.000]    11.8078 [0.000]    11.8090 [0.000]    14.1787 [0.000]
[kpt   0   1  15]    14.1797 [0.000]    14.1822 [0.000]    14.1828 [0.000]    47.7229 [0.000]



Total charge in supercell =     128.00000000
 quench: [md:   0/100  scf:   1/30  step time:   0.25  scf time:     0.63 secs  RMS[dV]: 3.04e-02 ]


average potential <V> = -3.40e-16

Diagonalization using scalapack for step=2  count=3


FERMI ENERGY =      1.74932362 eV
@@ EIGENVALUE SUM     =      -53.211533 Ry
@@ ION_ION            =     -272.916107 Ry
@@ ELECTROSTATIC      =     -296.824481 Ry
@@ VXC                =     -181.946162 Ry
@@ EXC                =     -140.072652 Ry
@@ TOTAL ENERGY       =     -581.078611 Ry
@@ estimated error    =        1.79e-01 Ry
Charge normalization constant -1.0: 2.220446e-16
Charge density mixing: Linear with a constant of 0.50 


KOHN SHAM EIGENVALUES [eV] AT K-POINT [  0]:       0.000000      0.000000      0.000000

[kpt   0   2   0]   -18.3569 [2.000]   -17.3238 [2.000]   -17.3154 [2.000]   -17.3085 [2.000]   -17.3069 [2.000]
[kpt   0   2   1]   -17.3018 [2.000]   -17.2967 [2.000]   -15.8319 [2.000]   -15.8246 [2.000]   -15.8231 [2.000]
[kpt   0   2   2]   -15.8171 [2.000]   -15.8100 [2.000]   -15.8066 [2.000]   -15.7816 [2.000]   -15.7723 [2.000]
[kpt   0   2   3]   -15.7689 [2.000]    -9.1885 [2.000]    -6.6436 [2.000]    -6.6409 [2.000]    -6.6389 [2.000]
[kpt   0   2   4]    -6.6340 [2.000]    -6.6325 [2.000]    -6.6320 [2.000]    -4.8198 [2.000]    -4.8179 [2.000]
[kpt   0   2   5]    -4.8154 [2.000]    -4.1726 [2.000]    -4.1704 [2.000]    -4.1678 [2.000]    -4.1662 [2.000]
[kpt   0   2   6]    -4.1628 [2.000]    -4.1591 [2.000]    -1.5453 [2.000]    -1.5431 [2.000]    -1.5362 [2.000]
[kpt   0   2   7]    -1.5307 [2.000]    -1.5293 [2.000]    -1.5257 [2.000]    -1.2627 [2.000]    -1.2610 [2.000]
[kpt   0   2   8]    -1.1535 [2.000]    -1.1437 [2.000]    -1.1426 [2.000]    -1.1391 [2.000]    -1.1378 [2.000]
[kpt   0   2   9]    -1.1352 [2.000]    -0.6361 [2.000]    -0.6293 [2.000]    -0.6292 [2.000]     0.0432 [2.000]
[kpt   0   2  10]     0.0525 [2.000]     0.0563 [2.000]     0.0622 [2.000]     0.0663 [2.000]     0.0759 [2.000]
[kpt   0   2  11]     0.9548 [2.000]     0.9618 [2.000]     0.9640 [2.000]     0.9685 [2.000]     0.9710 [2.000]
[kpt   0   2  12]     0.9791 [2.000]     1.7471 [2.000]     1.7473 [2.000]     1.7493 [2.000]     8.6879 [0.000]
[kpt   0   2  13]    11.2544 [0.000]    11.2625 [0.000]    11.2654 [0.000]    11.2681 [0.000]    11.2700 [0.000]
[kpt   0   2  14]    11.2705 [0.000]    11.4841 [0.000]    11.4904 [0.000]    11.4920 [0.000]    14.0977 [0.000]
[kpt   0   2  15]    14.0995 [0.000]    14.1016 [0.000]    14.1028 [0.000]    46.9669 [0.000]



Total charge in supercell =     128.00000000
 quench: [md:   0/100  scf:   2/30  step time:   0.25  scf time:     0.88 secs  RMS[dV]: 1.46e-02 ]


average potential <V> = -9.86e-16

Diagonalization using scalapack for step=3  count=4


FERMI ENERGY =      1.63977943 eV
@@ EIGENVALUE SUM     =      -54.459940 Ry
@@ ION_ION            =     -272.916107 Ry
@@ ELECTROSTATIC      =     -292.862415 Ry
@@ VXC                =     -180.616906 Ry
@@ EXC                =     -139.036355 Ry
@@ TOTAL ENERGY       =     -578.657910 Ry
@@ estimated error    =        2.91e-01 Ry
Charge normalization constant -1.0: 1.554312e-15
Charge density mixing: Linear with a constant of 0.50 


KOHN SHAM EIGENVALUES [eV] AT K-POINT [  0]:       0.000000      0.000000      0.000000

[kpt   0   3   0]   -18.5004 [2.000]   -17.4851 [2.000]   -17.4791 [2.000]   -17.4764 [2.000]   -17.4674 [2.000]
[kpt   0   3   1]   -17.4637 [2.000]   -17.4519 [2.000]   -16.0352 [2.000]   -16.0262 [2.000]   -16.0235 [2.000]
[kpt   0   3   2]   -16.0178 [2.000]   -16.0090 [2.000]   -16.0033 [2.000]   -15.9852 [2.000]   -15.9710 [2.000]
[kpt   0   3   3]   -15.9645 [2.000]    -9.2261 [2.000]    -6.7197 [2.000]    -6.7163 [2.000]    -6.7134 [2.000]
[kpt   0   3   4]    -6.7114 [2.000]    -6.7071 [2.000]    -6.7029 [2.000]    -4.9036 [2.000]    -4.8983 [2.000]
[kpt   0   3   5]    -4.8953 [2.000]    -4.2638 [2.000]    -4.2608 [2.000]    -4.2579 [2.000]    -4.2536 [2.000]
[kpt   0   3   6]    -4.2516 [2.000]    -4.2488 [2.000]    -1.6898 [2.000]    -1.6872 [2.000]    -1.6821 [2.000]
[kpt   0   3   7]    -1.6800 [2.000]    -1.6775 [2.000]    -1.6738 [2.000]    -1.4198 [2.000]    -1.4192 [2.000]
[kpt   0   3   8]    -1.2698 [2.000]    -1.2670 [2.000]    -1.2591 [2.000]    -1.2564 [2.000]    -1.2541 [2.000]
[kpt   0   3   9]    -1.2529 [2.000]    -0.7836 [2.000]    -0.7782 [2.000]    -0.7779 [2.000]    -0.0922 [2.000]
[kpt   0   3  10]    -0.0883 [2.000]    -0.0868 [2.000]    -0.0825 [2.000]    -0.0797 [2.000]    -0.0746 [2.000]
[kpt   0   3  11]     0.8304 [2.000]     0.8337 [2.000]     0.8351 [2.000]     0.8405 [2.000]     0.8446 [2.000]
[kpt   0   3  12]     0.8466 [2.000]     1.6340 [2.000]     1.6356 [2.000]     1.6398 [2.000]     8.4093 [0.000]
[kpt   0   3  13]    11.0582 [0.000]    11.0652 [0.000]    11.0667 [0.000]    11.0692 [0.000]    11.0715 [0.000]
[kpt   0   3  14]    11.0721 [0.000]    11.2720 [0.000]    11.2780 [0.000]    11.2797 [0.000]    13.8890 [0.000]
[kpt   0   3  15]    13.8909 [0.000]    13.8927 [0.000]    13.8938 [0.000]    46.2061 [0.000]



Total charge in supercell =     128.00000000
 quench: [md:   0/100  scf:   3/30  step time:   0.26  scf time:     1.13 secs  RMS[dV]: 1.42e-02 ]


average potential <V> = -1.75e-16
Davidson converged in 3 steps

FERMI ENERGY =      1.58580919 eV
@@ EIGENVALUE SUM     =      -55.638340 Ry
@@ ION_ION            =     -272.916107 Ry
@@ ELECTROSTATIC      =     -289.327360 Ry
@@ VXC                =     -179.477715 Ry
@@ EXC                =     -138.148361 Ry
@@ TOTAL ENERGY       =     -576.552451 Ry
@@ estimated error    =        1.85e-01 Ry
Charge normalization constant -1.0: 1.554312e-15
Charge density mixing: Broyden


KOHN SHAM EIGENVALUES [eV] AT K-POINT [  0]:       0.000000      0.000000      0.000000

[kpt   0   4   0]   -18.6381 [2.000]   -17.6445 [2.000]   -17.6412 [2.000]   -17.6303 [2.000]   -17.6194 [2.000]
[kpt   0   4   1]   -17.6142 [2.000]   -17.5948 [2.000]   -16.2398 [2.000]   -16.2224 [2.000]   -16.2116 [2.000]
[kpt   0   4   2]   -16.2031 [2.000]   -16.1901 [2.000]   -16.1848 [2.000]   -16.1767 [2.000]   -16.1585 [2.000]
[kpt   0   4   3]   -16.1390 [2.000]    -9.3223 [2.000]    -6.8435 [2.000]    -6.8415 [2.000]    -6.8341 [2.000]
[kpt   0   4   4]    -6.8255 [2.000]    -6.8201 [2.000]    -6.8063 [2.000]    -5.0160 [2.000]    -5.0026 [2.000]
[kpt   0   4   5]    -4.9939 [2.000]    -4.3873 [2.000]    -4.3769 [2.000]    -4.3701 [2.000]    -4.3656 [2.000]
[kpt   0   4   6]    -4.3510 [2.000]    -4.3420 [2.000]    -1.8370 [2.000]    -1.8300 [2.000]    -1.8250 [2.000]
[kpt   0   4   7]    -1.8219 [2.000]    -1.8116 [2.000]    -1.8049 [2.000]    -1.5487 [2.000]    -1.5481 [2.000]
[kpt   0   4   8]    -1.3941 [2.000]    -1.3872 [2.000]    -1.3815 [2.000]    -1.3769 [2.000]    -1.3699 [2.000]
[kpt   0   4   9]    -1.3575 [2.000]    -0.8994 [2.000]    -0.8987 [2.000]    -0.8981 [2.000]    -0.2082 [2.000]
[kpt   0   4  10]    -0.1997 [2.000]    -0.1936 [2.000]    -0.1883 [2.000]    -0.1757 [2.000]    -0.1654 [2.000]
[kpt   0   4  11]     0.7319 [2.000]     0.7407 [2.000]     0.7470 [2.000]     0.7534 [2.000]     0.7618 [2.000]
[kpt   0   4  12]     0.7735 [2.000]     1.5633 [2.000]     1.5722 [2.000]     1.5858 [2.000]     7.3167 [0.000]
[kpt   0   4  13]    10.0623 [0.000]    10.0638 [0.000]    10.0654 [0.000]    10.0713 [0.000]    10.0720 [0.000]
[kpt   0   4  14]    10.0773 [0.000]    10.5824 [0.000]    10.5859 [0.000]    10.5862 [0.000]    13.3187 [0.000]
[kpt   0   4  15]    13.3221 [0.000]    13.3248 [0.000]    13.3271 [0.000]    13.3355 [0.000]



Total charge in supercell =     128.00000000
 quench: [md:   0/100  scf:   4/30  step time:   0.30  scf time:     1.44 secs  RMS[dV]: 1.08e-02 ]


average potential <V> = -1.26e-15
Davidson converged in 2 steps

FERMI ENERGY =      0.90474195 eV
@@ EIGENVALUE SUM     =      -60.252037 Ry
@@ ION_ION            =     -272.916107 Ry
@@ ELECTROSTATIC      =     -284.293855 Ry
@@ VXC                =     -177.952796 Ry
@@ EXC                =     -136.960219 Ry
@@ TOTAL ENERGY       =     -576.469423 Ry
@@ estimated error    =        2.57e-01 Ry
Charge normalization constant -1.0: -2.220446e-16
Charge density mixing: Broyden


KOHN SHAM EIGENVALUES [eV] AT K-POINT [  0]:       0.000000      0.000000      0.000000

[kpt   0   5   0]   -19.0948 [2.000]   -18.1316 [2.000]   -18.1217 [2.000]   -18.1188 [2.000]   -18.1125 [2.000]
[kpt   0   5   1]   -18.1078 [2.000]   -18.1046 [2.000]   -16.7888 [2.000]   -16.7841 [2.000]   -16.7733 [2.000]
[kpt   0   5   2]   -16.7710 [2.000]   -16.7700 [2.000]   -16.7635 [2.000]   -16.7465 [2.000]   -16.7384 [2.000]
[kpt   0   5   3]   -16.7302 [2.000]    -9.5417 [2.000]    -7.1576 [2.000]    -7.1495 [2.000]    -7.1468 [2.000]
[kpt   0   5   4]    -7.1415 [2.000]    -7.1380 [2.000]    -7.1355 [2.000]    -5.3697 [2.000]    -5.3652 [2.000]
[kpt   0   5   5]    -5.3584 [2.000]    -4.7680 [2.000]    -4.7642 [2.000]    -4.7557 [2.000]    -4.7526 [2.000]
[kpt   0   5   6]    -4.7495 [2.000]    -4.7434 [2.000]    -2.2958 [2.000]    -2.2915 [2.000]    -2.2864 [2.000]
[kpt   0   5   7]    -2.2843 [2.000]    -2.2821 [2.000]    -2.2784 [2.000]    -2.0494 [2.000]    -2.0490 [2.000]
[kpt   0   5   8]    -1.8647 [2.000]    -1.8598 [2.000]    -1.8561 [2.000]    -1.8540 [2.000]    -1.8515 [2.000]
[kpt   0   5   9]    -1.8486 [2.000]    -1.4244 [2.000]    -1.4243 [2.000]    -1.4242 [2.000]    -0.7608 [2.000]
[kpt   0   5  10]    -0.7565 [2.000]    -0.7514 [2.000]    -0.7487 [2.000]    -0.7462 [2.000]    -0.7424 [2.000]
[kpt   0   5  11]     0.1285 [2.000]     0.1353 [2.000]     0.1396 [2.000]     0.1424 [2.000]     0.1457 [2.000]
[kpt   0   5  12]     0.1499 [2.000]     0.8934 [2.000]     0.9003 [2.000]     0.9047 [2.000]     6.8763 [0.000]
[kpt   0   5  13]     9.7637 [0.000]     9.7652 [0.000]     9.7653 [0.000]     9.7662 [0.000]     9.7673 [0.000]
[kpt   0   5  14]     9.7686 [0.000]    10.5243 [0.000]    10.5256 [0.000]    10.5256 [0.000]    13.0241 [0.000]
[kpt   0   5  15]    13.0243 [0.000]    13.0262 [0.000]    13.0269 [0.000]    13.0278 [0.000]



Total charge in supercell =     128.00000000
 quench: [md:   0/100  scf:   5/30  step time:   0.28  scf time:     1.72 secs  RMS[dV]: 1.21e-02 ]


average potential <V> = -2.55e-16
Davidson converged in 2 steps

FERMI ENERGY =      1.07520388 eV
@@ EIGENVALUE SUM     =      -58.699712 Ry
@@ ION_ION            =     -272.916107 Ry
@@ ELECTROSTATIC      =     -285.936510 Ry
@@ VXC                =     -178.370947 Ry
@@ EXC                =     -137.284474 Ry
@@ TOTAL ENERGY       =     -576.465856 Ry
@@ estimated error    =        1.55e-02 Ry
Charge normalization constant -1.0: -6.661338e-16
Charge density mixing: Broyden


KOHN SHAM EIGENVALUES [eV] AT K-POINT [  0]:       0.000000      0.000000      0.000000

[kpt   0   6   0]   -18.9287 [2.000]   -17.9467 [2.000]   -17.9462 [2.000]   -17.9452 [2.000]   -17.9441 [2.000]
[kpt   0   6   1]   -17.9433 [2.000]   -17.9412 [2.000]   -16.5943 [2.000]   -16.5929 [2.000]   -16.5920 [2.000]
[kpt   0   6   2]   -16.5915 [2.000]   -16.5896 [2.000]   -16.5887 [2.000]   -16.5618 [2.000]   -16.5594 [2.000]
[kpt   0   6   3]   -16.5577 [2.000]    -9.3847 [2.000]    -6.9767 [2.000]    -6.9762 [2.000]    -6.9753 [2.000]
[kpt   0   6   4]    -6.9743 [2.000]    -6.9740 [2.000]    -6.9725 [2.000]    -5.1997 [2.000]    -5.1985 [2.000]
[kpt   0   6   5]    -5.1976 [2.000]    -4.5751 [2.000]    -4.5738 [2.000]    -4.5732 [2.000]    -4.5726 [2.000]
[kpt   0   6   6]    -4.5710 [2.000]    -4.5703 [2.000]    -2.1481 [2.000]    -2.1475 [2.000]    -2.1471 [2.000]
[kpt   0   6   7]    -2.1467 [2.000]    -2.1459 [2.000]    -2.1453 [2.000]    -1.9040 [2.000]    -1.9040 [2.000]
[kpt   0   6   8]    -1.7146 [2.000]    -1.7140 [2.000]    -1.7133 [2.000]    -1.7129 [2.000]    -1.7120 [2.000]
[kpt   0   6   9]    -1.7106 [2.000]    -1.2584 [2.000]    -1.2583 [2.000]    -1.2582 [2.000]    -0.5969 [2.000]
[kpt   0   6  10]    -0.5961 [2.000]    -0.5956 [2.000]    -0.5951 [2.000]    -0.5936 [2.000]    -0.5926 [2.000]
[kpt   0   6  11]     0.3069 [2.000]     0.3078 [2.000]     0.3083 [2.000]     0.3088 [2.000]     0.3095 [2.000]
[kpt   0   6  12]     0.3103 [2.000]     1.0734 [2.000]     1.0741 [2.000]     1.0752 [2.000]     6.8263 [0.000]
[kpt   0   6  13]     9.7732 [0.000]     9.7743 [0.000]     9.7752 [0.000]     9.7754 [0.000]     9.7757 [0.000]
[kpt   0   6  14]     9.7765 [0.000]    10.5773 [0.000]    10.5782 [0.000]    10.5786 [0.000]    13.0678 [0.000]
[kpt   0   6  15]    13.0684 [0.000]    13.0689 [0.000]    13.0693 [0.000]    13.0725 [0.000]



Total charge in supercell =     128.00000000
 quench: [md:   0/100  scf:   6/30  step time:   0.27  scf time:     1.99 secs  RMS[dV]: 5.09e-03 ]


average potential <V> = -1.29e-16
Davidson converged in 3 steps

FERMI ENERGY =      1.10024347 eV
@@ EIGENVALUE SUM     =      -58.401010 Ry
@@ ION_ION            =     -272.916107 Ry
@@ ELECTROSTATIC      =     -286.251845 Ry
@@ VXC                =     -178.443058 Ry
@@ EXC                =     -137.339938 Ry
@@ TOTAL ENERGY       =     -576.465841 Ry
@@ estimated error    =        6.23e-04 Ry
Charge normalization constant -1.0: 0.000000e+00
Charge density mixing: Broyden


KOHN SHAM EIGENVALUES [eV] AT K-POINT [  0]:       0.000000      0.000000      0.000000

[kpt   0   7   0]   -18.8949 [2.000]   -17.9108 [2.000]   -17.9106 [2.000]   -17.9105 [2.000]   -17.9105 [2.000]
[kpt   0   7   1]   -17.9104 [2.000]   -17.9101 [2.000]   -16.5581 [2.000]   -16.5579 [2.000]   -16.5579 [2.000]
[kpt   0   7   2]   -16.5578 [2.000]   -16.5577 [2.000]   -16.5574 [2.000]   -16.5263 [2.000]   -16.5260 [2.000]
[kpt   0   7   3]   -16.5257 [2.000]    -9.3421 [2.000]    -6.9329 [2.000]    -6.9327 [2.000]    -6.9327 [2.000]
[kpt   0   7   4]    -6.9327 [2.000]    -6.9326 [2.000]    -6.9325 [2.000]    -5.1603 [2.000]    -5.1602 [2.000]
[kpt   0   7   5]    -5.1601 [2.000]    -4.5301 [2.000]    -4.5299 [2.000]    -4.5299 [2.000]    -4.5299 [2.000]
[kpt   0   7   6]    -4.5298 [2.000]    -4.5296 [2.000]    -2.1227 [2.000]    -2.1226 [2.000]    -2.1225 [2.000]
[kpt   0   7   7]    -2.1224 [2.000]    -2.1224 [2.000]    -2.1223 [2.000]    -1.8797 [2.000]    -1.8797 [2.000]
[kpt   0   7   8]    -1.6883 [2.000]    -1.6882 [2.000]    -1.6881 [2.000]    -1.6880 [2.000]    -1.6880 [2.000]
[kpt   0   7   9]    -1.6877 [2.000]    -1.2278 [2.000]    -1.2277 [2.000]    -1.2277 [2.000]    -0.5703 [2.000]
[kpt   0   7  10]    -0.5701 [2.000]    -0.5700 [2.000]    -0.5700 [2.000]    -0.5698 [2.000]    -0.5696 [2.000]
[kpt   0   7  11]     0.3352 [2.000]     0.3354 [2.000]     0.3355 [2.000]     0.3356 [2.000]     0.3356 [2.000]
[kpt   0   7  12]     0.3358 [2.000]     1.0999 [2.000]     1.1001 [2.000]     1.1002 [2.000]     6.7904 [0.000]
[kpt   0   7  13]     9.7589 [0.000]     9.7590 [0.000]     9.7592 [0.000]     9.7594 [0.000]     9.7594 [0.000]
[kpt   0   7  14]     9.7597 [0.000]    10.5856 [0.000]    10.5856 [0.000]    10.5858 [0.000]    13.0522 [0.000]
[kpt   0   7  15]    13.0523 [0.000]    13.0525 [0.000]    13.0526 [0.000]    13.0527 [0.000]



Total charge in supercell =     128.00000000
 quench: [md:   0/100  scf:   7/30  step time:   0.34  scf time:     2.33 secs  RMS[dV]: 1.00e-03 ]


average potential <V> = -4.75e-16
Davidson converged in 3 steps

FERMI ENERGY =      1.10063122 eV
@@ EIGENVALUE SUM     =      -58.374987 Ry
@@ ION_ION            =     -272.916107 Ry
@@ ELECTROSTATIC      =     -286.279269 Ry
@@ VXC                =     -178.448619 Ry
@@ EXC                =     -137.344115 Ry
@@ TOTAL ENERGY       =     -576.465858 Ry
@@ estimated error    =        5.50e-05 Ry
Charge normalization constant -1.0: -4.440892e-16
Charge density mixing: Broyden


KOHN SHAM EIGENVALUES [eV] AT K-POINT [  0]:       0.000000      0.000000      0.000000

[kpt   0   8   0]   -18.8915 [2.000]   -17.9075 [2.000]   -17.9075 [2.000]   -17.9074 [2.000]   -17.9073 [2.000]
[kpt   0   8   1]   -17.9073 [2.000]   -17.9071 [2.000]   -16.5556 [2.000]   -16.5556 [2.000]   -16.5554 [2.000]
[kpt   0   8   2]   -16.5554 [2.000]   -16.5553 [2.000]   -16.5552 [2.000]   -16.5236 [2.000]   -16.5236 [2.000]
[kpt   0   8   3]   -16.5235 [2.000]    -9.3356 [2.000]    -6.9273 [2.000]    -6.9273 [2.000]    -6.9272 [2.000]
[kpt   0   8   4]    -6.9271 [2.000]    -6.9270 [2.000]    -6.9270 [2.000]    -5.1556 [2.000]    -5.1556 [2.000]
[kpt   0   8   5]    -5.1556 [2.000]    -4.5252 [2.000]    -4.5252 [2.000]    -4.5250 [2.000]    -4.5250 [2.000]
[kpt   0   8   6]    -4.5249 [2.000]    -4.5248 [2.000]    -2.1206 [2.000]    -2.1206 [2.000]    -2.1206 [2.000]
[kpt   0   8   7]    -2.1205 [2.000]    -2.1205 [2.000]    -2.1204 [2.000]    -1.8780 [2.000]    -1.8780 [2.000]
[kpt   0   8   8]    -1.6861 [2.000]    -1.6861 [2.000]    -1.6860 [2.000]    -1.6860 [2.000]    -1.6859 [2.000]
[kpt   0   8   9]    -1.6859 [2.000]    -1.2255 [2.000]    -1.2255 [2.000]    -1.2255 [2.000]    -0.5688 [2.000]
[kpt   0   8  10]    -0.5688 [2.000]    -0.5687 [2.000]    -0.5687 [2.000]    -0.5686 [2.000]    -0.5686 [2.000]
[kpt   0   8  11]     0.3366 [2.000]     0.3366 [2.000]     0.3366 [2.000]     0.3367 [2.000]     0.3367 [2.000]
[kpt   0   8  12]     0.3368 [2.000]     1.1006 [2.000]     1.1006 [2.000]     1.1006 [2.000]     6.7884 [0.000]
[kpt   0   8  13]     9.7572 [0.000]     9.7573 [0.000]     9.7573 [0.000]     9.7574 [0.000]     9.7575 [0.000]
[kpt   0   8  14]     9.7577 [0.000]    10.5921 [0.000]    10.5922 [0.000]    10.5922 [0.000]    13.0516 [0.000]
[kpt   0   8  15]    13.0518 [0.000]    13.0518 [0.000]    13.0518 [0.000]    13.0519 [0.000]



Total charge in supercell =     128.00000000
 quench: [md:   0/100  scf:   8/30  step time:   0.30  scf time:     2.63 secs  RMS[dV]: 3.15e-04 ]


average potential <V> = 5.60e-16
Davidson converged in 3 steps

FERMI ENERGY =      1.10252050 eV
@@ EIGENVALUE SUM     =      -58.362473 Ry
@@ ION_ION            =     -272.916107 Ry
@@ ELECTROSTATIC      =     -286.292925 Ry
@@ VXC                =     -178.453828 Ry
@@ EXC                =     -137.348187 Ry
@@ TOTAL ENERGY       =     -576.465863 Ry
@@ estimated error    =        3.56e-06 Ry
Charge normalization constant -1.0: -8.881784e-16
Charge density mixing: Broyden


KOHN SHAM EIGENVALUES [eV] AT K-POINT [  0]:       0.000000      0.000000      0.000000

[kpt   0   9   0]   -18.8902 [2.000]   -17.9063 [2.000]   -17.9061 [2.000]   -17.9061 [2.000]   -17.9059 [2.000]
[kpt   0   9   1]   -17.9059 [2.000]   -17.9059 [2.000]   -16.5541 [2.000]   -16.5541 [2.000]   -16.5540 [2.000]
[kpt   0   9   2]   -16.5539 [2.000]   -16.5538 [2.000]   -16.5537 [2.000]   -16.5222 [2.000]   -16.5222 [2.000]
[kpt   0   9   3]   -16.5220 [2.000]    -9.3350 [2.000]    -6.9266 [2.000]    -6.9266 [2.000]    -6.9265 [2.000]
[kpt   0   9   4]    -6.9264 [2.000]    -6.9264 [2.000]    -6.9263 [2.000]    -5.1548 [2.000]    -5.1548 [2.000]
[kpt   0   9   5]    -5.1547 [2.000]    -4.5245 [2.000]    -4.5245 [2.000]    -4.5243 [2.000]    -4.5243 [2.000]
[kpt   0   9   6]    -4.5242 [2.000]    -4.5241 [2.000]    -2.1192 [2.000]    -2.1191 [2.000]    -2.1191 [2.000]
[kpt   0   9   7]    -2.1190 [2.000]    -2.1190 [2.000]    -2.1189 [2.000]    -1.8765 [2.000]    -1.8765 [2.000]
[kpt   0   9   8]    -1.6845 [2.000]    -1.6845 [2.000]    -1.6845 [2.000]    -1.6844 [2.000]    -1.6843 [2.000]
[kpt   0   9   9]    -1.6843 [2.000]    -1.2241 [2.000]    -1.2240 [2.000]    -1.2240 [2.000]    -0.5672 [2.000]
[kpt   0   9  10]    -0.5671 [2.000]    -0.5671 [2.000]    -0.5670 [2.000]    -0.5670 [2.000]    -0.5669 [2.000]
[kpt   0   9  11]     0.3383 [2.000]     0.3383 [2.000]     0.3384 [2.000]     0.3385 [2.000]     0.3385 [2.000]
[kpt   0   9  12]     0.3385 [2.000]     1.1024 [2.000]     1.1025 [2.000]     1.1025 [2.000]     6.7885 [0.000]
[kpt   0   9  13]     9.7572 [0.000]     9.7573 [0.000]     9.7573 [0.000]     9.7575 [0.000]     9.7576 [0.000]
[kpt   0   9  14]     9.7578 [0.000]    10.5928 [0.000]    10.5928 [0.000]    10.5928 [0.000]    13.0520 [0.000]
[kpt   0   9  15]    13.0523 [0.000]    13.0524 [0.000]    13.0524 [0.000]    13.0525 [0.000]



Total charge in supercell =     128.00000000
 quench: [md:   0/100  scf:   9/30  step time:   0.31  scf time:     2.94 secs  RMS[dV]: 1.06e-04 ]


average potential <V> = 1.81e-16
Davidson converged in 3 steps

FERMI ENERGY =      1.10240941 eV
@@ EIGENVALUE SUM     =      -58.364276 Ry
@@ ION_ION            =     -272.916107 Ry
@@ ELECTROSTATIC      =     -286.291093 Ry
@@ VXC                =     -178.453772 Ry
@@ EXC                =     -137.348161 Ry
@@ TOTAL ENERGY       =     -576.465865 Ry
@@ estimated error    =        1.45e-07 Ry
Charge normalization constant -1.0: 1.110223e-15
Charge density mixing: Broyden


KOHN SHAM EIGENVALUES [eV] AT K-POINT [  0]:       0.000000      0.000000      0.000000

[kpt   0  10   0]   -18.8905 [2.000]   -17.9063 [2.000]   -17.9063 [2.000]   -17.9063 [2.000]   -17.9062 [2.000]
[kpt   0  10   1]   -17.9062 [2.000]   -17.9062 [2.000]   -16.5542 [2.000]   -16.5542 [2.000]   -16.5542 [2.000]
[kpt   0  10   2]   -16.5541 [2.000]   -16.5541 [2.000]   -16.5541 [2.000]   -16.5224 [2.000]   -16.5223 [2.000]
[kpt   0  10   3]   -16.5223 [2.000]    -9.3354 [2.000]    -6.9269 [2.000]    -6.9269 [2.000]    -6.9269 [2.000]
[kpt   0  10   4]    -6.9268 [2.000]    -6.9268 [2.000]    -6.9268 [2.000]    -5.1551 [2.000]    -5.1551 [2.000]
[kpt   0  10   5]    -5.1550 [2.000]    -4.5248 [2.000]    -4.5247 [2.000]    -4.5247 [2.000]    -4.5247 [2.000]
[kpt   0  10   6]    -4.5246 [2.000]    -4.5246 [2.000]    -2.1192 [2.000]    -2.1192 [2.000]    -2.1192 [2.000]
[kpt   0  10   7]    -2.1191 [2.000]    -2.1191 [2.000]    -2.1191 [2.000]    -1.8765 [2.000]    -1.8765 [2.000]
[kpt   0  10   8]    -1.6845 [2.000]    -1.6845 [2.000]    -1.6845 [2.000]    -1.6845 [2.000]    -1.6845 [2.000]
[kpt   0  10   9]    -1.6845 [2.000]    -1.2242 [2.000]    -1.2242 [2.000]    -1.2242 [2.000]    -0.5672 [2.000]
[kpt   0  10  10]    -0.5672 [2.000]    -0.5671 [2.000]    -0.5671 [2.000]    -0.5671 [2.000]    -0.5671 [2.000]
[kpt   0  10  11]     0.3383 [2.000]     0.3383 [2.000]     0.3383 [2.000]     0.3383 [2.000]     0.3383 [2.000]
[kpt   0  10  12]     0.3384 [2.000]     1.1023 [2.000]     1.1024 [2.000]     1.1024 [2.000]     6.7885 [0.000]
[kpt   0  10  13]     9.7572 [0.000]     9.7572 [0.000]     9.7572 [0.000]     9.7573 [0.000]     9.7574 [0.000]
[kpt   0  10  14]     9.7576 [0.000]    10.5926 [0.000]    10.5927 [0.000]    10.5927 [0.000]    13.0519 [0.000]
[kpt   0  10  15]    13.0523 [0.000]    13.0523 [0.000]    13.0524 [0.000]    13.0524 [0.000]



Total charge in supercell =     128.00000000
 quench: [md:   0/100  scf:  10/30  step time:   0.33  scf time:     3.27 secs  RMS[dV]: 2.10e-05 ]


average potential <V> = -1.33e-16
Davidson converged in 3 steps

FERMI ENERGY =      1.10236409 eV
@@ EIGENVALUE SUM     =      -58.364313 Ry
@@ ION_ION            =     -272.916107 Ry
@@ ELECTROSTATIC      =     -286.291057 Ry
@@ VXC                =     -178.453798 Ry
@@ EXC                =     -137.348187 Ry
@@ TOTAL ENERGY       =     -576.465865 Ry
@@ estimated error    =        1.19e-08 Ry
Charge normalization constant -1.0: -1.554312e-15
Charge density mixing: Broyden


KOHN SHAM EIGENVALUES [eV] AT K-POINT [  0]:       0.000000      0.000000      0.000000

[kpt   0  11   0]   -18.8905 [2.000]   -17.9063 [2.000]   -17.9063 [2.000]   -17.9062 [2.000]   -17.9062 [2.000]
[kpt   0  11   1]   -17.9062 [2.000]   -17.9062 [2.000]   -16.5542 [2.000]   -16.5542 [2.000]   -16.5542 [2.000]
[kpt   0  11   2]   -16.5542 [2.000]   -16.5542 [2.000]   -16.5542 [2.000]   -16.5223 [2.000]   -16.5223 [2.000]
[kpt   0  11   3]   -16.5223 [2.000]    -9.3354 [2.000]    -6.9268 [2.000]    -6.9268 [2.000]    -6.9268 [2.000]
[kpt   0  11   4]    -6.9268 [2.000]    -6.9268 [2.000]    -6.9268 [2.000]    -5.1551 [2.000]    -5.1551 [2.000]
[kpt   0  11   5]    -5.1551 [2.000]    -4.5247 [2.000]    -4.5247 [2.000]    -4.5247 [2.000]    -4.5247 [2.000]
[kpt   0  11   6]    -4.5247 [2.000]    -4.5247 [2.000]    -2.1191 [2.000]    -2.1191 [2.000]    -2.1191 [2.000]
[kpt   0  11   7]    -2.1191 [2.000]    -2.1191 [2.000]    -2.1191 [2.000]    -1.8766 [2.000]    -1.8766 [2.000]
[kpt   0  11   8]    -1.6845 [2.000]    -1.6845 [2.000]    -1.6845 [2.000]    -1.6845 [2.000]    -1.6845 [2.000]
[kpt   0  11   9]    -1.6845 [2.000]    -1.2242 [2.000]    -1.2242 [2.000]    -1.2242 [2.000]    -0.5671 [2.000]
[kpt   0  11  10]    -0.5671 [2.000]    -0.5671 [2.000]    -0.5671 [2.000]    -0.5671 [2.000]    -0.5671 [2.000]
[kpt   0  11  11]     0.3383 [2.000]     0.3383 [2.000]     0.3383 [2.000]     0.3383 [2.000]     0.3383 [2.000]
[kpt   0  11  12]     0.3383 [2.000]     1.1024 [2.000]     1.1024 [2.000]     1.1024 [2.000]     6.7885 [0.000]
[kpt   0  11  13]     9.7571 [0.000]     9.7571 [0.000]     9.7571 [0.000]     9.7571 [0.000]     9.7571 [0.000]
[kpt   0  11  14]     9.7573 [0.000]    10.5926 [0.000]    10.5926 [0.000]    10.5927 [0.000]    13.0518 [0.000]
[kpt   0  11  15]    13.0523 [0.000]    13.0523 [0.000]    13.0523 [0.000]    13.0523 [0.000]



Total charge in supercell =     128.00000000
 quench: [md:   0/100  scf:  11/30  step time:   0.31  scf time:     3.58 secs  RMS[dV]: 5.93e-06 ]


average potential <V> = 4.33e-16
Davidson converged in 3 steps

FERMI ENERGY =      1.10233735 eV
@@ EIGENVALUE SUM     =      -58.364545 Ry
@@ ION_ION            =     -272.916107 Ry
@@ ELECTROSTATIC      =     -286.290813 Ry
@@ VXC                =     -178.453767 Ry
@@ EXC                =     -137.348167 Ry
@@ TOTAL ENERGY       =     -576.465865 Ry
@@ estimated error    =        1.66e-09 Ry
Charge normalization constant -1.0: -2.886580e-15
Charge density mixing: Broyden


KOHN SHAM EIGENVALUES [eV] AT K-POINT [  0]:       0.000000      0.000000      0.000000

[kpt   0  12   0]   -18.8905 [2.000]   -17.9063 [2.000]   -17.9063 [2.000]   -17.9063 [2.000]   -17.9063 [2.000]
[kpt   0  12   1]   -17.9063 [2.000]   -17.9063 [2.000]   -16.5542 [2.000]   -16.5542 [2.000]   -16.5542 [2.000]
[kpt   0  12   2]   -16.5542 [2.000]   -16.5542 [2.000]   -16.5542 [2.000]   -16.5224 [2.000]   -16.5224 [2.000]
[kpt   0  12   3]   -16.5224 [2.000]    -9.3354 [2.000]    -6.9269 [2.000]    -6.9269 [2.000]    -6.9269 [2.000]
[kpt   0  12   4]    -6.9269 [2.000]    -6.9269 [2.000]    -6.9269 [2.000]    -5.1551 [2.000]    -5.1551 [2.000]
[kpt   0  12   5]    -5.1551 [2.000]    -4.5247 [2.000]    -4.5247 [2.000]    -4.5247 [2.000]    -4.5247 [2.000]
[kpt   0  12   6]    -4.5247 [2.000]    -4.5247 [2.000]    -2.1192 [2.000]    -2.1192 [2.000]    -2.1192 [2.000]
[kpt   0  12   7]    -2.1192 [2.000]    -2.1192 [2.000]    -2.1192 [2.000]    -1.8766 [2.000]    -1.8766 [2.000]
[kpt   0  12   8]    -1.6845 [2.000]    -1.6845 [2.000]    -1.6845 [2.000]    -1.6845 [2.000]    -1.6845 [2.000]
[kpt   0  12   9]    -1.6845 [2.000]    -1.2243 [2.000]    -1.2243 [2.000]    -1.2243 [2.000]    -0.5672 [2.000]
[kpt   0  12  10]    -0.5672 [2.000]    -0.5672 [2.000]    -0.5672 [2.000]    -0.5672 [2.000]    -0.5672 [2.000]
[kpt   0  12  11]     0.3383 [2.000]     0.3383 [2.000]     0.3383 [2.000]     0.3383 [2.000]     0.3383 [2.000]
[kpt   0  12  12]     0.3383 [2.000]     1.1023 [2.000]     1.1023 [2.000]     1.1023 [2.000]     6.7885 [0.000]
[kpt   0  12  13]     9.7570 [0.000]     9.7570 [0.000]     9.7570 [0.000]     9.7570 [0.000]     9.7570 [0.000]
[kpt   0  12  14]     9.7571 [0.000]    10.5926 [0.000]    10.5926 [0.000]    10.5926 [0.000]    13.0517 [0.000]
[kpt   0  12  15]    13.0523 [0.000]    13.0523 [0.000]    13.0523 [0.000]    13.0523 [0.000]



Total charge in supercell =     128.00000000
 quench: [md:   0/100  scf:  12/30  step time:   0.32  scf time:     3.90 secs  RMS[dV]: 3.41e-06 ]



 Convergence criterion reached: Energy variation (9.67e-11) is lower than threshold (1.00e-10)

potential convergence has been achieved. stopping ...

[   0  13   13        5 ] Quench.cpp: 
@@ TOTAL ENEGY Components 
@@ ION_ION            =     -272.916107 Ry
@@ ELECTROSTATIC      =      286.290813 Ry
@@ EXC                =     -137.348185 Ry
@@ vdw correction     =        0.000000 Ry
@@ LdaU correction    =        0.000000 Ry
@@ total              =        0.000000 Ry
final total energy from eig sum =    -576.46586520 Ry


KOHN SHAM EIGENVALUES [eV] AT K-POINT [  0]:       0.000000      0.000000      0.000000

[kpt   0  13   0]   -18.8905 [2.000]   -17.9063 [2.000]   -17.9063 [2.000]   -17.9063 [2.000]   -17.9063 [2.000]
[kpt   0  13   1]   -17.9063 [2.000]   -17.9063 [2.000]   -16.5542 [2.000]   -16.5542 [2.000]   -16.5542 [2.000]
[kpt   0  13   2]   -16.5542 [2.000]   -16.5542 [2.000]   -16.5542 [2.000]   -16.5224 [2.000]   -16.5224 [2.000]
[kpt   0  13   3]   -16.5224 [2.000]    -9.3354 [2.000]    -6.9269 [2.000]    -6.9269 [2.000]    -6.9269 [2.000]
[kpt   0  13   4]    -6.9269 [2.000]    -6.9269 [2.000]    -6.9269 [2.000]    -5.1551 [2.000]    -5.1551 [2.000]
[kpt   0  13   5]    -5.1551 [2.000]    -4.5247 [2.000]    -4.5247 [2.000]    -4.5247 [2.000]    -4.5247 [2.000]
[kpt   0  13   6]    -4.5247 [2.000]    -4.5247 [2.000]    -2.1192 [2.000]    -2.1192 [2.000]    -2.1192 [2.000]
[kpt   0  13   7]    -2.1192 [2.000]    -2.1192 [2.000]    -2.1192 [2.000]    -1.8766 [2.000]    -1.8766 [2.000]
[kpt   0  13   8]    -1.6845 [2.000]    -1.6845 [2.000]    -1.6845 [2.000]    -1.6845 [2.000]    -1.6845 [2.000]
[kpt   0  13   9]    -1.6845 [2.000]    -1.2243 [2.000]    -1.2243 [2.000]    -1.2243 [2.000]    -0.5672 [2.000]
[kpt   0  13  10]    -0.5672 [2.000]    -0.5672 [2.000]    -0.5672 [2.000]    -0.5672 [2.000]    -0.5672 [2.000]
[kpt   0  13  11]     0.3383 [2.000]     0.3383 [2.000]     0.3383 [2.000]     0.3383 [2.000]     0.3383 [2.000]
[kpt   0  13  12]     0.3383 [2.000]     1.1023 [2.000]     1.1023 [2.000]     1.1023 [2.000]     6.7885 [0.000]
[kpt   0  13  13]     9.7570 [0.000]     9.7570 [0.000]     9.7570 [0.000]     9.7570 [0.000]     9.7570 [0.000]
[kpt   0  13  14]     9.7571 [0.000]    10.5926 [0.000]    10.5926 [0.000]    10.5926 [0.000]    13.0517 [0.000]
[kpt   0  13  15]    13.0523 [0.000]    13.0523 [0.000]    13.0523 [0.000]    13.0523 [0.000]



Total charge in supercell =     128.00000000
 volume and energy per atom =        15.03933867       -326.80071477 eV

 Vdd took 0.000221 seconds
WriteRestart: Output file given as /dev/null, no restart data written ...



  IONIC POSITIONS [a0] AND FORCES [Ry/a0]
  Charge analysis using: Voronoi Deformation Density

@ION  Ion  Species       X           Y           Z       Charge       FX          FY         FZ      Movable
@ION    1    Si      0.0000000   0.0000000   0.0000000    0.437   -0.0000003  -0.0000001   0.0000001  1 1 1
@ION    2    Si      3.3637125   3.3637125   3.3637125    0.437    0.0000001   0.0000000   0.0000001  1 1 1
@ION    3    Si     10.0911375   3.3637125  10.0911375    0.437    0.0000000   0.0000001   0.0000000  1 1 1
@ION    4    Si      3.3637125  10.0911375  10.0911375    0.437    0.0000001  -0.0000001  -0.0000002  1 1 1
@ION    5    Si     10.0911375  10.0911375   3.3637125    0.437    0.0000000   0.0000001  -0.0000000  1 1 1
@ION    6    Si      0.0000000   6.7274250   6.7274250    0.437   -0.0000000   0.0000000   0.0000000  1 1 1
@ION    7    Si      6.7274250   0.0000000   6.7274250    0.437    0.0000000  -0.0000001  -0.0000000  1 1 1
@ION    8    Si      6.7274250   6.7274250   0.0000000    0.437    0.0000000   0.0000000  -0.0000000  1 1 1
@ION    9     O      1.6818563   1.6818563   1.6818563   -0.212    0.0000001   0.0000001   0.0000000  1 1 1
@ION   10     O     11.7729938   1.6818563  11.7729938   -0.213   -0.0000000  -0.0000000   0.0000000  1 1 1
@ION   11     O      1.6818563  11.7729938  11.7729938   -0.217    0.0000001  -0.0000001  -0.0000001  1 1 1
@ION   12     O     11.7729938  11.7729938   1.6818563   -0.220    0.0000000   0.0000000   0.0000001  1 1 1
@ION   13     O      1.6818563   8.4092813   8.4092813   -0.214    0.0000001   0.0000001   0.0000001  1 1 1
@ION   14     O      8.4092813   1.6818563   8.4092813   -0.214    0.0000001  -0.0000001   0.0000001  1 1 1
@ION   15     O      8.4092813   8.4092813   1.6818563   -0.215    0.0000002   0.0000001  -0.0000000  1 1 1
@ION   16     O     11.7729938   8.4092813   5.0455688   -0.217    0.0000001   0.0000001  -0.0000000  1 1 1
@ION   17     O      5.0455688   1.6818563   5.0455688   -0.214   -0.0000000  -0.0000000   0.0000000  1 1 1
@ION   18     O      5.0455688   8.4092813  11.7729938   -0.217    0.0000000   0.0000000  -0.0000001  1 1 1
@ION   19     O      1.6818563   5.0455688   5.0455688   -0.221    0.0000001   0.0000001  -0.0000001  1 1 1
@ION   20     O      8.4092813  11.7729938   5.0455688   -0.224    0.0000001   0.0000000   0.0000001  1 1 1
@ION   21     O      8.4092813   5.0455688  11.7729938   -0.221    0.0000001   0.0000000  -0.0000001  1 1 1
@ION   22     O     11.7729938   5.0455688   8.4092813   -0.226    0.0000000   0.0000000  -0.0000000  1 1 1
@ION   23     O      5.0455688  11.7729938   8.4092813   -0.226    0.0000001  -0.0000001   0.0000001  1 1 1
@ION   24     O      5.0455688   5.0455688   1.6818563   -0.227    0.0000001   0.0000000  -0.0000000  1 1 1

 mean FX      =   0.00000008 Ry/a0
 mean FY      =   0.00000006 Ry/a0
 mean FZ      =   0.00000006 Ry/a0

 max FX       =   0.00000026 Ry/a0   (ion 1)
 max FY       =   0.00000013 Ry/a0   (ion 3)
 max FZ       =   0.00000016 Ry/a0   (ion 4)
 max F[x,y,z] =   0.00000026 Ry/a0
 max |F|      =   0.00000030 Ry/a0   (ion 1)

 sum FX       =   0.00000125 Ry/a0
 sum FY       =   0.00000031 Ry/a0
 sum FZ       =   0.00000006 Ry/a0
 Average      =   0.00000054 Ry/a0
 sqrt < F^2 > =   0.00000008 Ry/a0

WriteRestart: Output file given as /dev/null, no restart data written ...


--------TIMING INFORMATION FOR Processor owned the most atoms----------------
                                        Total time               Per SCF/step

1-TOTAL                                             5.53                0.43
-----------------------------------------------------------------------------
  1-TOTAL: Init                                     1.19                0.09
  1-TOTAL: run                                      4.34                0.33
  ---------------------------------------------------------------------------
    1-TOTAL: run: Force                             0.43                0.03
    1-TOTAL: run: Scf steps                         3.81                0.29

2-Force                                             0.43                0.03
-----------------------------------------------------------------------------
  2-Force: core correction                          0.00                0.00
  2-Force: corrections                              0.10                0.01
  2-Force: ion-ion                                  0.06                0.00
  2-Force: local                                    0.10                0.01
  2-Force: non-local                                0.15                0.01
  2-Force: non-local-betaxpsi                       0.02                0.00
  2-Force: non-local-get gamma                      0.00                0.00
  2-Force: non-local-nlforce_par_Q                  0.01                0.00
  2-Force: non-local-nlforce_par_gamma              0.00                0.00
  2-Force: non-local-nlforce_par_omega              0.00                0.00
  2-Force: non-local-partial gamma                  0.00                0.00
  2-Force: non-local-veff grad                      0.01                0.00

2-Init                                              1.19                0.09
-----------------------------------------------------------------------------
  2-Init: GetNewRho                                 0.03                0.00
  2-Init: KpointClass                               0.51                0.04
  2-Init: LcaoGetPsi                                0.04                0.00
  2-Init: LcaoGetRho                                0.08                0.01
  2-Init: ReinitIonicPotentials                     0.12                0.01
  2-Init: betaxpsi                                  0.01                0.00
  2-Init: exchange/correlation                      0.03                0.00
  2-Init: hartree                                   0.02                0.00
  2-Init: normalization                             0.00                0.00
  2-Init: radial potentials                         0.23                0.02
  2-Init: subdiag                                   0.04                0.00
  2-Init: weights                                   0.00                0.00

2-Scf steps                                         3.81                0.29
-----------------------------------------------------------------------------
  2-Scf steps: Davidson                             2.04                0.16
  2-Scf steps: GetNewRho                            0.35                0.03
  2-Scf steps: Hartree                              0.29                0.02
  2-Scf steps: MgridSubspace                        0.71                0.05
  2-Scf steps: MixRho                               0.02                0.00
  2-Scf steps: exchange/correlation                 0.28                0.02

3-MgridSubspace                                     0.71                0.05
-----------------------------------------------------------------------------
  3-MgridSubspace: AppNls                           0.06                0.00
  3-MgridSubspace: Beta x psi                       0.08                0.01
  3-MgridSubspace: Diagonalization                  0.13                0.01
  3-MgridSubspace: Mg_eig                           0.43                0.03

3-ReinitIonicPotentials                             0.12                0.01
-----------------------------------------------------------------------------
  3-ReinitIonicPotentials: GetNlop                  0.00                0.00
  3-ReinitIonicPotentials: GetWeight                0.07                0.01
  3-ReinitIonicPotentials: get_QI                   0.00                0.00
  3-ReinitIonicPotentials: get_qqq                  0.00                0.00
  3-ReinitIonicPotentials: init_nuc                 0.04                0.00

4-Diagonalization                                   0.17                0.01
-----------------------------------------------------------------------------
  4-Diagonalization: ELPA/PDSYGVX/PZHEGVX           0.02                0.00
  4-Diagonalization: Hpsi                           0.10                0.01
  4-Diagonalization: MPI_Bcast                      0.00                0.00
  4-Diagonalization: Update orbitals                0.03                0.00
  ---------------------------------------------------------------------------
    4-Diagonalization: Update orbitals: gather           0.00                0.00
    4-Diagonalization: Update orbitals: gemm           0.02                0.00
  4-Diagonalization: matrix                         0.02                0.00
  ---------------------------------------------------------------------------
    4-Diagonalization: matrix: Allreduce            0.00                0.00
    4-Diagonalization: matrix: Gemm                 0.02                0.00

5-Functional                                        0.30                0.02
-----------------------------------------------------------------------------
  5-Functional: apply gradient                      0.04                0.00
  5-Functional: apply laplacian                     0.01                0.00
  5-Functional: libxc                               0.12                0.01
  5-Functional: vxc                                 0.30                0.02
  5-Functional: vxc grad                            0.17                0.01
  5-Functional: vxc local                           0.04                0.00
  5-Functional: vxc nonlocal                        0.00                0.00

6-Davidson                                          2.04                0.16
-----------------------------------------------------------------------------
  6-Davidson: Betaxpsi                              0.25                0.02
  6-Davidson: apply hamiltonian                     0.48                0.04
  6-Davidson: diagonalization                       0.23                0.02
  6-Davidson: generate residuals                    0.17                0.01
  6-Davidson: matrix setup/reduce                   0.28                0.02
  6-Davidson: normalization                         0.01                0.00
  6-Davidson: precondition                          0.48                0.04
  6-Davidson: rotate orbitals                       0.09                0.01

AppNls                                              0.29                0.02
-----------------------------------------------------------------------------
  AppNls: data_rearrange                            0.00                0.00
  ---------------------------------------------------------------------------
    AppNls: data_rearrange: alloc and zeros           0.00                0.00
    AppNls: data_rearrange: dnm                     0.00                0.00
    AppNls: data_rearrange: sint                    0.00                0.00
  AppNls: nv                                        0.25                0.02
  AppNls: nv_work                                   0.00                0.00

App_gradient                                        0.04                0.00

CPUFD                                               0.00                0.00

Compute Hpsi                                        0.10                0.01
-----------------------------------------------------------------------------
  Compute Hpsi: AppNls                              0.04                0.00
  Compute Hpsi: Threaded Apply H                    0.06                0.00

GlobalSums                                          0.14                0.01

Init                                                0.68                0.05

Init Voronoi                                        0.09                0.01

Mix rho                                             0.02                0.00
-----------------------------------------------------------------------------
  Mix rho: Broyden                                  0.02                0.00
  Mix rho: Linear                                   0.00                0.00

Orbital                                             0.00                0.00
-----------------------------------------------------------------------------
  Orbital: phase and set                            0.00                0.00
  Orbital: proj cal                                 0.00                0.00
  Trade images: trade_images                        0.00                0.00
  Trade images: trade_imagesx                       0.04                0.00

VhPfft                                              0.15                0.01

Weight                                              0.00                0.00

radial beta                                         0.19                0.01


------------------------- TIMING INFORMATION FOR THREADS  -------------------

                                           Min            Max            Avg
CPUFD                                      0.14           0.14           0.14
-----------------------------------------------------------------------------

GlobalSums                                 0.06           0.06           0.06
-----------------------------------------------------------------------------

Mg_eig                                     0.43           0.43           0.43
-----------------------------------------------------------------------------
  Mg_eig: apply hamiltonian                0.24           0.24           0.24
  Mg_eig: mgrid_solv                       0.10           0.10           0.10
  Trade images: trade_images               0.37           0.37           0.37
  Trade images: trade_imagesx              0.52           0.52           0.52
