RMG initialization ... 1 image(s) total, 1 per node. 32 MPI processes/image. Thread level 2.
FFT-FD  0.000000e+00   7.854722e-01   7.854652e-01   7.051684e-06
FFT-FD  1.000000e+00   7.854722e-01   7.854652e-01   7.051684e-06
IP=0 M = 0.000000e+00  -inf  7.051684e-06
FFT-FD  0.000000e+00   2.257197e+00   2.257167e+00   3.084431e-05
FFT-FD  1.000000e+00   2.257197e+00   2.257167e+00   3.084431e-05
IP=1 M = 0.000000e+00  -inf  3.084431e-05
FFT-FD  0.000000e+00   2.257197e+00   2.257167e+00   3.084431e-05
FFT-FD  1.000000e+00   2.257197e+00   2.257167e+00   3.084431e-05
IP=2 M = 0.000000e+00  -inf  3.084431e-05
FFT-FD  0.000000e+00   2.257197e+00   2.257167e+00   3.084431e-05
FFT-FD  1.000000e+00   2.257197e+00   2.257167e+00   3.084431e-05
IP=3 M = 0.000000e+00  -inf  3.084431e-05
FFT-FD  0.000000e+00   2.678435e-01   2.678434e-01   6.852128e-09
FFT-FD  1.000000e+00   2.678435e-01   2.678434e-01   6.852128e-09
IP=0 M = 0.000000e+00  -inf  6.852128e-09
FFT-FD  0.000000e+00   3.882435e-01   3.882435e-01   1.019687e-10
FFT-FD  1.000000e+00   3.882435e-01   3.882435e-01   1.019687e-10
IP=1 M = 0.000000e+00  -inf  1.019687e-10
FFT-FD  0.000000e+00   3.882435e-01   3.882435e-01   1.019689e-10
FFT-FD  1.000000e+00   3.882435e-01   3.882435e-01   1.019689e-10
IP=2 M = 0.000000e+00  -inf  1.019689e-10
FFT-FD  0.000000e+00   3.882435e-01   3.882435e-01   1.019683e-10
FFT-FD  1.000000e+00   3.882435e-01   3.882435e-01   1.019683e-10
IP=3 M = 0.000000e+00  -inf  1.019683e-10
NEWCFAC = 0.000000  0.000000


                     * * * * * * * * * *
                     *    R   M   G    *
                     * * * * * * * * * *

     -- A Real Space Multigrid Electronic structure code --
     --      More information at www.rmgdft.org          --

Code Revision:     v5.1.0_53_g887bfc3b
Build Date:        May 15 2023  14:30:00
Start time:        Wed May 17 14:06:31 2023

NOTICE: RMG internal pseudopotentials have switched to
ONCVP from Ultrasoft. You can revert to Ultrasoft by
adding the input tag internal_pseudo_type="ultrasoft" to
your input files.


Files
   Control input file:        input5
   Data output file:          /dev/null

Run Setup
    Calculation type:         Quench electrons - Fixed ions SCF calculation
    Description:              SiO2
    Orbital Initialization:   LCAO (96 LCAO and 0 random orbitals)
    Exchange Correlation:     pbe
    Spin Polarization:        OFF
    System charge:            Neutral

Processor Topology
   Total PEs:                 32
   X direction:               4
   Y direction:               4
   Z direction:               2
   MG Threads/PE:             1
   OMP Threads/PE:            1

Grid Points  (Linear Anisotropy: 1.000)
    X:  Total: 56   Per PE: 14   Spacing:0.240 a0  
    Y:  Total: 56   Per PE: 14   Spacing:0.240 a0  
    Z:  Total: 56   Per PE: 28   Spacing:0.240 a0  

    Equivalent energy cutoffs (psi,rho):   170.969    683.877 Ry

    Charge density grid:         2 times finer

Coordinate planes
  Planar Anisotropy: 1.000
  A0-A1 density:    17.323
  A0-A2 density:    17.323
  A1-A2 density:    17.323


Lattice (Cell) Setup
    Type:                       Orthorhombic_primitive
    Volume (a0^3):               2435.77
    Boundary conditions:        Periodic

    X Basis Vector:      13.455       0.000       0.000 a0
    Y Basis Vector:       0.000      13.455       0.000 a0
    Z Basis Vector:       0.000       0.000      13.455 a0
    X Reci Vector:       0.074      -0.000       0.000 a0
    Y Reci Vector:       0.000       0.074       0.000 a0
    Z Reci Vector:       0.000      -0.000       0.074 a0

K-points
    Gamma Point Only (real orbitals)

Atoms and States
    Number of ions:                          24
    Number of species:                       2
    Number of states:                        79

Run Parameters
    SCF Convergence criterion (potential):   1.00e-10
    SCF Convergence criterion (energy):      1.00e-10
    Max SCF steps:                           30

SCF Cycle Settings
    Charge density mixing:                   Broyden
    Hartree Solver:                          PFFT
    Interpolation type:                      FFT

Finite Difference parameters
    Kohn Sham FD Order:                      12  
    Force Gradient Order:                    FFT
    Adaptive Finite Differencing:            Off

Subspace Diagonalization Options
    Frequency:                               every 1 SCF step(s)
    Driver:                                  ScaLapack
    Initial diagonalization:                 ON
    Folded spectrum:                         OFF

Filtering Cutoff  Parameters
    Wavefunction grid (cparm):               0.800
    Charge density grid (rhocparm):          1.000
    Filter factor:                           1.000

Multigrid (MG) Parameters
    Psi MG levels:                           3
    Psi global step:                         0.660 
    Psi pre:                                 2
    Psi post:                                2

Davidson Parameters
    Davidson multiplier:                     4
    Davidson max step:                       8
    Davidson unocc tol factor:               1000.000

Blas Libraries
    CPU support with openblas-parallel.


Atomic Species Information
(PP = Pseudopotential, US = Ultrasoft, NC = Norm Conserving)
-------------------------------------------------------------------------
|Index|Symbol| Mass|Valence| PP |  Comp  |Local| Local|Nlocal|    PP    |
|     |      |     |       |Type|Gaussian|  l  |Radius|Radius|Functional|
-------------------------------------------------------------------------
|    1|     O| 15.0|   6.00|  NC|    0.50|   -1| 10.00|  7.00|       PBE|
|    2|    Si| 28.0|   4.00|  NC|    0.50|   -1| 10.00|  7.00|       PBE|
-------------------------------------------------------------------------

Pseudopotential generation information:
   O pseudopotential file: ./@Internal
      Generation info     : Generated using ONCVPSP code by D. R. Hamann
      Author info         : anonymous
  Si pseudopotential file: ./@Internal
      Generation info     : Generated using ONCVPSP code by D. R. Hamann
      Author info         : anonymous


Memory usage (Mbytes):     Min        Max       Total
    wave functions         13.87      13.87     443.99
    beta-functions          8.43       8.43     269.78



Initial Ionic Positions And Displacements (Bohr)
Species      X           Y           Z           dX          dY          dZ
  Si       0.0000      0.0000      0.0000      0.0000      0.0000      0.0000
  Si       3.3637      3.3637      3.3637      0.0000      0.0000      0.0000
  Si      10.0911      3.3637     10.0911      0.0000      0.0000      0.0000
  Si       3.3637     10.0911     10.0911      0.0000      0.0000      0.0000
  Si      10.0911     10.0911      3.3637      0.0000      0.0000      0.0000
  Si       0.0000      6.7274      6.7274      0.0000      0.0000      0.0000
  Si       6.7274      0.0000      6.7274      0.0000      0.0000      0.0000
  Si       6.7274      6.7274      0.0000      0.0000      0.0000      0.0000
  O        1.6819      1.6819      1.6819      0.0000      0.0000      0.0000
  O       11.7730      1.6819     11.7730      0.0000      0.0000      0.0000
  O        1.6819     11.7730     11.7730      0.0000      0.0000      0.0000
  O       11.7730     11.7730      1.6819      0.0000      0.0000      0.0000
  O        1.6819      8.4093      8.4093      0.0000      0.0000      0.0000
  O        8.4093      1.6819      8.4093      0.0000      0.0000      0.0000
  O        8.4093      8.4093      1.6819      0.0000      0.0000      0.0000
  O       11.7730      8.4093      5.0456      0.0000      0.0000      0.0000
  O        5.0456      1.6819      5.0456      0.0000      0.0000      0.0000
  O        5.0456      8.4093     11.7730      0.0000      0.0000      0.0000
  O        1.6819      5.0456      5.0456      0.0000      0.0000      0.0000
  O        8.4093     11.7730      5.0456      0.0000      0.0000      0.0000
  O        8.4093      5.0456     11.7730      0.0000      0.0000      0.0000
  O       11.7730      5.0456      8.4093      0.0000      0.0000      0.0000
  O        5.0456     11.7730      8.4093      0.0000      0.0000      0.0000
  O        5.0456      5.0456      1.6819      0.0000      0.0000      0.0000


Initial Ionic Positions And Displacements (Angstrom)
Species      X           Y           Z           dX          dY          dZ
  Si       0.0000      0.0000      0.0000      0.0000      0.0000      0.0000
  Si       1.7800      1.7800      1.7800      0.0000      0.0000      0.0000
  Si       5.3400      1.7800      5.3400      0.0000      0.0000      0.0000
  Si       1.7800      5.3400      5.3400      0.0000      0.0000      0.0000
  Si       5.3400      5.3400      1.7800      0.0000      0.0000      0.0000
  Si       0.0000      3.5600      3.5600      0.0000      0.0000      0.0000
  Si       3.5600      0.0000      3.5600      0.0000      0.0000      0.0000
  Si       3.5600      3.5600      0.0000      0.0000      0.0000      0.0000
  O        0.8900      0.8900      0.8900      0.0000      0.0000      0.0000
  O        6.2300      0.8900      6.2300      0.0000      0.0000      0.0000
  O        0.8900      6.2300      6.2300      0.0000      0.0000      0.0000
  O        6.2300      6.2300      0.8900      0.0000      0.0000      0.0000
  O        0.8900      4.4500      4.4500      0.0000      0.0000      0.0000
  O        4.4500      0.8900      4.4500      0.0000      0.0000      0.0000
  O        4.4500      4.4500      0.8900      0.0000      0.0000      0.0000
  O        6.2300      4.4500      2.6700      0.0000      0.0000      0.0000
  O        2.6700      0.8900      2.6700      0.0000      0.0000      0.0000
  O        2.6700      4.4500      6.2300      0.0000      0.0000      0.0000
  O        0.8900      2.6700      2.6700      0.0000      0.0000      0.0000
  O        4.4500      6.2300      2.6700      0.0000      0.0000      0.0000
  O        4.4500      2.6700      6.2300      0.0000      0.0000      0.0000
  O        6.2300      2.6700      4.4500      0.0000      0.0000      0.0000
  O        2.6700      6.2300      4.4500      0.0000      0.0000      0.0000
  O        2.6700      2.6700      0.8900      0.0000      0.0000      0.0000

Diagonalization using scalapack for step=0  count=0



KOHN SHAM EIGENVALUES [eV] AT K-POINT [  0]:       0.000000      0.000000      0.000000

[kpt   0  -1   0]   -22.2078 [2.000]   -21.3862 [2.000]   -21.3862 [2.000]   -21.3862 [2.000]   -21.3862 [2.000]
[kpt   0  -1   1]   -21.3862 [2.000]   -21.3862 [2.000]   -20.2920 [2.000]   -20.2920 [2.000]   -20.2920 [2.000]
[kpt   0  -1   2]   -20.2721 [2.000]   -20.2721 [2.000]   -20.2721 [2.000]   -20.2721 [2.000]   -20.2721 [2.000]
[kpt   0  -1   3]   -20.2721 [2.000]   -11.9740 [2.000]    -9.8968 [2.000]    -9.8968 [2.000]    -9.8968 [2.000]
[kpt   0  -1   4]    -9.8968 [2.000]    -9.8968 [2.000]    -9.8968 [2.000]    -8.2251 [2.000]    -8.2251 [2.000]
[kpt   0  -1   5]    -8.2251 [2.000]    -7.9105 [2.000]    -7.9105 [2.000]    -7.9105 [2.000]    -7.9105 [2.000]
[kpt   0  -1   6]    -7.9105 [2.000]    -7.9105 [2.000]    -5.0352 [2.000]    -5.0352 [2.000]    -5.0352 [2.000]
[kpt   0  -1   7]    -5.0352 [2.000]    -5.0352 [2.000]    -5.0352 [2.000]    -4.9404 [2.000]    -4.9404 [2.000]
[kpt   0  -1   8]    -4.7500 [2.000]    -4.7500 [2.000]    -4.7500 [2.000]    -4.7500 [2.000]    -4.7500 [2.000]
[kpt   0  -1   9]    -4.7500 [2.000]    -4.5195 [2.000]    -4.5195 [2.000]    -4.5195 [2.000]    -3.9895 [2.000]
[kpt   0  -1  10]    -3.9895 [2.000]    -3.9895 [2.000]    -3.9895 [2.000]    -3.9895 [2.000]    -3.9895 [2.000]
[kpt   0  -1  11]    -3.4088 [2.000]    -3.4088 [2.000]    -3.4088 [2.000]    -3.4088 [2.000]    -3.4088 [2.000]
[kpt   0  -1  12]    -3.4088 [2.000]    -2.9364 [2.000]    -2.9364 [2.000]    -2.9364 [2.000]     7.6040 [0.000]
[kpt   0  -1  13]    10.2745 [0.000]    10.2745 [0.000]    10.2745 [0.000]    10.2745 [0.000]    10.2745 [0.000]
[kpt   0  -1  14]    10.2745 [0.000]    12.4075 [0.000]    12.4075 [0.000]    12.4075 [0.000]    13.3729 [0.000]
[kpt   0  -1  15]    13.3729 [0.000]    13.3729 [0.000]    13.3729 [0.000]    13.3729 [0.000]    13.3729 [0.000]
[kpt   0  -1  16]    15.0422 [0.000]    15.0422 [0.000]    15.0422 [0.000]    15.0422 [0.000]    15.0422 [0.000]
[kpt   0  -1  17]    15.0422 [0.000]    15.3619 [0.000]    15.3619 [0.000]    15.3619 [0.000]    15.3619 [0.000]
[kpt   0  -1  18]    15.3619 [0.000]    15.3619 [0.000]    16.6463 [0.000]    16.6463 [0.000]    16.6463 [0.000]
[kpt   0  -1  19]    17.2073 [0.000]


Charge normalization constant -1.0: -3.552714e-15
Charge density mixing: Linear with a constant of 0.50 

Diagonalization using scalapack for step=0  count=1


FERMI ENERGY =     -0.05580743 eV
@@ EIGENVALUE SUM     =      -65.458212 Ry
@@ ION_ION            =     -272.916107 Ry
@@ ELECTROSTATIC      =     -284.891664 Ry
@@ VXC                =     -179.076788 Ry
@@ EXC                =     -137.842478 Ry
@@ TOTAL ENERGY       =     -582.031673 Ry
@@ estimated error    =   ****************
Charge normalization constant -1.0: -2.442491e-15
Charge density mixing: Linear with a constant of 0.50 
WriteRestart: Output file given as /dev/null, no restart data written ...


KOHN SHAM EIGENVALUES [eV] AT K-POINT [  0]:       0.000000      0.000000      0.000000

[kpt   0   0   0]   -19.6183 [2.000]   -18.6573 [2.000]   -18.6515 [2.000]   -18.6490 [2.000]   -18.6474 [2.000]
[kpt   0   0   1]   -18.6466 [2.000]   -18.6434 [2.000]   -17.3660 [2.000]   -17.3545 [2.000]   -17.3510 [2.000]
[kpt   0   0   2]   -17.3504 [2.000]   -17.3490 [2.000]   -17.3459 [2.000]   -17.3451 [2.000]   -17.3419 [2.000]
[kpt   0   0   3]   -17.3381 [2.000]    -9.5683 [2.000]    -7.3402 [2.000]    -7.3340 [2.000]    -7.3316 [2.000]
[kpt   0   0   4]    -7.3298 [2.000]    -7.3291 [2.000]    -7.3277 [2.000]    -5.7626 [2.000]    -5.7595 [2.000]
[kpt   0   0   5]    -5.7588 [2.000]    -5.0585 [2.000]    -5.0572 [2.000]    -5.0565 [2.000]    -5.0546 [2.000]
[kpt   0   0   6]    -5.0540 [2.000]    -5.0523 [2.000]    -2.8738 [2.000]    -2.8733 [2.000]    -2.8714 [2.000]
[kpt   0   0   7]    -2.8709 [2.000]    -2.8705 [2.000]    -2.8699 [2.000]    -2.6683 [2.000]    -2.6678 [2.000]
[kpt   0   0   8]    -2.5438 [2.000]    -2.5424 [2.000]    -2.5414 [2.000]    -2.5410 [2.000]    -2.5395 [2.000]
[kpt   0   0   9]    -2.5136 [2.000]    -1.9326 [2.000]    -1.9322 [2.000]    -1.9296 [2.000]    -1.4657 [2.000]
[kpt   0   0  10]    -1.4653 [2.000]    -1.4648 [2.000]    -1.4640 [2.000]    -1.4636 [2.000]    -1.4624 [2.000]
[kpt   0   0  11]    -0.6580 [2.000]    -0.6575 [2.000]    -0.6568 [2.000]    -0.6546 [2.000]    -0.6544 [2.000]
[kpt   0   0  12]    -0.6538 [2.000]    -0.0573 [2.000]    -0.0560 [2.000]    -0.0558 [2.000]     8.3839 [0.000]
[kpt   0   0  13]    10.9324 [0.000]    10.9328 [0.000]    10.9340 [0.000]    10.9349 [0.000]    10.9380 [0.000]
[kpt   0   0  14]    10.9393 [0.000]    12.1253 [0.000]    12.1271 [0.000]    12.1274 [0.000]    13.9047 [0.000]
[kpt   0   0  15]    13.9057 [0.000]    13.9078 [0.000]    13.9128 [0.000]    13.9133 [0.000]



Total charge in supercell =     128.00000000
 quench: [md:   0/100  scf:   0/30  step time:   0.35  scf time:     0.46 secs  RMS[dV]: 5.25e-02 ]


average potential <V> = -7.51e-17

Diagonalization using scalapack for step=1  count=2


FERMI ENERGY =      1.41787271 eV
@@ EIGENVALUE SUM     =      -54.879475 Ry
@@ ION_ION            =     -272.916107 Ry
@@ ELECTROSTATIC      =     -296.857451 Ry
@@ VXC                =     -182.214771 Ry
@@ EXC                =     -140.280126 Ry
@@ TOTAL ENERGY       =     -582.718388 Ry
@@ estimated error    =        6.20e-01 Ry
Charge normalization constant -1.0: 4.440892e-16
Charge density mixing: Linear with a constant of 0.50 


KOHN SHAM EIGENVALUES [eV] AT K-POINT [  0]:       0.000000      0.000000      0.000000

[kpt   0   1   0]   -18.4863 [2.000]   -17.4585 [2.000]   -17.4537 [2.000]   -17.4496 [2.000]   -17.4462 [2.000]
[kpt   0   1   1]   -17.4451 [2.000]   -17.4401 [2.000]   -15.9928 [2.000]   -15.9897 [2.000]   -15.9830 [2.000]
[kpt   0   1   2]   -15.9767 [2.000]   -15.9727 [2.000]   -15.9704 [2.000]   -15.9553 [2.000]   -15.9479 [2.000]
[kpt   0   1   3]   -15.9434 [2.000]    -9.2605 [2.000]    -6.7422 [2.000]    -6.7407 [2.000]    -6.7399 [2.000]
[kpt   0   1   4]    -6.7338 [2.000]    -6.7323 [2.000]    -6.7296 [2.000]    -4.9408 [2.000]    -4.9395 [2.000]
[kpt   0   1   5]    -4.9379 [2.000]    -4.2692 [2.000]    -4.2665 [2.000]    -4.2637 [2.000]    -4.2618 [2.000]
[kpt   0   1   6]    -4.2608 [2.000]    -4.2575 [2.000]    -1.7199 [2.000]    -1.7180 [2.000]    -1.7122 [2.000]
[kpt   0   1   7]    -1.7092 [2.000]    -1.7034 [2.000]    -1.7010 [2.000]    -1.4454 [2.000]    -1.4453 [2.000]
[kpt   0   1   8]    -1.3636 [2.000]    -1.3616 [2.000]    -1.3611 [2.000]    -1.3587 [2.000]    -1.3522 [2.000]
[kpt   0   1   9]    -1.3437 [2.000]    -0.7989 [2.000]    -0.7957 [2.000]    -0.7952 [2.000]    -0.1918 [2.000]
[kpt   0   1  10]    -0.1850 [2.000]    -0.1842 [2.000]    -0.1742 [2.000]    -0.1721 [2.000]    -0.1638 [2.000]
[kpt   0   1  11]     0.6860 [2.000]     0.6904 [2.000]     0.6920 [2.000]     0.6950 [2.000]     0.6960 [2.000]
[kpt   0   1  12]     0.7023 [2.000]     1.4134 [2.000]     1.4144 [2.000]     1.4179 [2.000]     8.7559 [0.000]
[kpt   0   1  13]    11.2897 [0.000]    11.2933 [0.000]    11.2970 [0.000]    11.2979 [0.000]    11.3041 [0.000]
[kpt   0   1  14]    11.3047 [0.000]    11.7706 [0.000]    11.7747 [0.000]    11.7757 [0.000]    14.1203 [0.000]
[kpt   0   1  15]    14.1211 [0.000]    14.1237 [0.000]    14.1307 [0.000]    46.7808 [0.000]



Total charge in supercell =     128.00000000
 quench: [md:   0/100  scf:   1/30  step time:   0.31  scf time:     0.77 secs  RMS[dV]: 2.99e-02 ]


average potential <V> = 4.25e-16

Diagonalization using scalapack for step=2  count=3


FERMI ENERGY =      1.76066529 eV
@@ EIGENVALUE SUM     =      -53.250450 Ry
@@ ION_ION            =     -272.916107 Ry
@@ ELECTROSTATIC      =     -295.925376 Ry
@@ VXC                =     -181.679902 Ry
@@ EXC                =     -139.861354 Ry
@@ TOTAL ENERGY       =     -580.273385 Ry
@@ estimated error    =        1.99e-01 Ry
Charge normalization constant -1.0: 4.440892e-16
Charge density mixing: Linear with a constant of 0.50 


KOHN SHAM EIGENVALUES [eV] AT K-POINT [  0]:       0.000000      0.000000      0.000000

[kpt   0   2   0]   -18.3572 [2.000]   -17.3269 [2.000]   -17.3204 [2.000]   -17.3143 [2.000]   -17.3129 [2.000]
[kpt   0   2   1]   -17.3126 [2.000]   -17.2992 [2.000]   -15.8455 [2.000]   -15.8409 [2.000]   -15.8375 [2.000]
[kpt   0   2   2]   -15.8340 [2.000]   -15.8300 [2.000]   -15.8238 [2.000]   -15.7978 [2.000]   -15.7889 [2.000]
[kpt   0   2   3]   -15.7817 [2.000]    -9.1837 [2.000]    -6.6399 [2.000]    -6.6384 [2.000]    -6.6364 [2.000]
[kpt   0   2   4]    -6.6350 [2.000]    -6.6320 [2.000]    -6.6274 [2.000]    -4.8196 [2.000]    -4.8167 [2.000]
[kpt   0   2   5]    -4.8141 [2.000]    -4.1647 [2.000]    -4.1600 [2.000]    -4.1581 [2.000]    -4.1553 [2.000]
[kpt   0   2   6]    -4.1537 [2.000]    -4.1508 [2.000]    -1.5598 [2.000]    -1.5567 [2.000]    -1.5526 [2.000]
[kpt   0   2   7]    -1.5488 [2.000]    -1.5428 [2.000]    -1.5420 [2.000]    -1.2771 [2.000]    -1.2764 [2.000]
[kpt   0   2   8]    -1.1605 [2.000]    -1.1554 [2.000]    -1.1506 [2.000]    -1.1490 [2.000]    -1.1461 [2.000]
[kpt   0   2   9]    -1.1443 [2.000]    -0.6382 [2.000]    -0.6321 [2.000]    -0.6297 [2.000]     0.0398 [2.000]
[kpt   0   2  10]     0.0461 [2.000]     0.0486 [2.000]     0.0599 [2.000]     0.0606 [2.000]     0.0663 [2.000]
[kpt   0   2  11]     0.9615 [2.000]     0.9656 [2.000]     0.9708 [2.000]     0.9713 [2.000]     0.9737 [2.000]
[kpt   0   2  12]     0.9778 [2.000]     1.7563 [2.000]     1.7579 [2.000]     1.7607 [2.000]     8.4894 [0.000]
[kpt   0   2  13]    11.1572 [0.000]    11.1610 [0.000]    11.1636 [0.000]    11.1664 [0.000]    11.1721 [0.000]
[kpt   0   2  14]    11.1727 [0.000]    11.4064 [0.000]    11.4113 [0.000]    11.4146 [0.000]    13.9945 [0.000]
[kpt   0   2  15]    13.9954 [0.000]    13.9990 [0.000]    14.0049 [0.000]    46.0574 [0.000]



Total charge in supercell =     128.00000000
 quench: [md:   0/100  scf:   2/30  step time:   0.31  scf time:     1.08 secs  RMS[dV]: 1.47e-02 ]


average potential <V> = -1.11e-15

Diagonalization using scalapack for step=3  count=4


FERMI ENERGY =      1.60257650 eV
@@ EIGENVALUE SUM     =      -54.891746 Ry
@@ ION_ION            =     -272.916107 Ry
@@ ELECTROSTATIC      =     -291.775698 Ry
@@ VXC                =     -180.301541 Ry
@@ EXC                =     -138.787074 Ry
@@ TOTAL ENERGY       =     -578.069084 Ry
@@ estimated error    =        3.02e-01 Ry
Charge normalization constant -1.0: 1.776357e-15
Charge density mixing: Linear with a constant of 0.50 


KOHN SHAM EIGENVALUES [eV] AT K-POINT [  0]:       0.000000      0.000000      0.000000

[kpt   0   3   0]   -18.5460 [2.000]   -17.5352 [2.000]   -17.5285 [2.000]   -17.5220 [2.000]   -17.5204 [2.000]
[kpt   0   3   1]   -17.5149 [2.000]   -17.5042 [2.000]   -16.0927 [2.000]   -16.0897 [2.000]   -16.0821 [2.000]
[kpt   0   3   2]   -16.0768 [2.000]   -16.0709 [2.000]   -16.0627 [2.000]   -16.0474 [2.000]   -16.0340 [2.000]
[kpt   0   3   3]   -16.0240 [2.000]    -9.2591 [2.000]    -6.7572 [2.000]    -6.7560 [2.000]    -6.7521 [2.000]
[kpt   0   3   4]    -6.7499 [2.000]    -6.7453 [2.000]    -6.7402 [2.000]    -4.9424 [2.000]    -4.9378 [2.000]
[kpt   0   3   5]    -4.9327 [2.000]    -4.3008 [2.000]    -4.2998 [2.000]    -4.2952 [2.000]    -4.2936 [2.000]
[kpt   0   3   6]    -4.2894 [2.000]    -4.2858 [2.000]    -1.7392 [2.000]    -1.7369 [2.000]    -1.7313 [2.000]
[kpt   0   3   7]    -1.7302 [2.000]    -1.7266 [2.000]    -1.7219 [2.000]    -1.4686 [2.000]    -1.4681 [2.000]
[kpt   0   3   8]    -1.3160 [2.000]    -1.3105 [2.000]    -1.3028 [2.000]    -1.3022 [2.000]    -1.3000 [2.000]
[kpt   0   3   9]    -1.2977 [2.000]    -0.8250 [2.000]    -0.8238 [2.000]    -0.8234 [2.000]    -0.1364 [2.000]
[kpt   0   3  10]    -0.1353 [2.000]    -0.1327 [2.000]    -0.1252 [2.000]    -0.1228 [2.000]    -0.1213 [2.000]
[kpt   0   3  11]     0.7881 [2.000]     0.7912 [2.000]     0.7947 [2.000]     0.7963 [2.000]     0.7991 [2.000]
[kpt   0   3  12]     0.8039 [2.000]     1.5935 [2.000]     1.5971 [2.000]     1.6026 [2.000]     8.1460 [0.000]
[kpt   0   3  13]    10.9195 [0.000]    10.9227 [0.000]    10.9236 [0.000]    10.9281 [0.000]    10.9327 [0.000]
[kpt   0   3  14]    10.9338 [0.000]    11.1711 [0.000]    11.1771 [0.000]    11.1808 [0.000]    13.7680 [0.000]
[kpt   0   3  15]    13.7688 [0.000]    13.7725 [0.000]    13.7770 [0.000]    45.2547 [0.000]



Total charge in supercell =     128.00000000
 quench: [md:   0/100  scf:   3/30  step time:   0.31  scf time:     1.38 secs  RMS[dV]: 1.43e-02 ]


average potential <V> = 2.33e-16
Davidson converged in 3 steps

FERMI ENERGY =      1.46874159 eV
@@ EIGENVALUE SUM     =      -56.495132 Ry
@@ ION_ION            =     -272.916107 Ry
@@ ELECTROSTATIC      =     -288.377751 Ry
@@ VXC                =     -179.204358 Ry
@@ EXC                =     -137.931960 Ry
@@ TOTAL ENERGY       =     -576.516591 Ry
@@ estimated error    =        1.76e-01 Ry
Charge normalization constant -1.0: -6.661338e-16
Charge density mixing: Broyden


KOHN SHAM EIGENVALUES [eV] AT K-POINT [  0]:       0.000000      0.000000      0.000000

[kpt   0   4   0]   -18.7253 [2.000]   -17.7384 [2.000]   -17.7305 [2.000]   -17.7252 [2.000]   -17.7132 [2.000]
[kpt   0   4   1]   -17.7024 [2.000]   -17.6911 [2.000]   -16.3337 [2.000]   -16.3284 [2.000]   -16.3195 [2.000]
[kpt   0   4   2]   -16.3043 [2.000]   -16.3016 [2.000]   -16.2903 [2.000]   -16.2855 [2.000]   -16.2677 [2.000]
[kpt   0   4   3]   -16.2423 [2.000]    -9.3754 [2.000]    -6.9125 [2.000]    -6.9077 [2.000]    -6.9034 [2.000]
[kpt   0   4   4]    -6.8935 [2.000]    -6.8850 [2.000]    -6.8772 [2.000]    -5.0900 [2.000]    -5.0764 [2.000]
[kpt   0   4   5]    -5.0653 [2.000]    -4.4640 [2.000]    -4.4594 [2.000]    -4.4520 [2.000]    -4.4413 [2.000]
[kpt   0   4   6]    -4.4310 [2.000]    -4.4217 [2.000]    -1.9206 [2.000]    -1.9161 [2.000]    -1.9072 [2.000]
[kpt   0   4   7]    -1.9038 [2.000]    -1.8954 [2.000]    -1.8878 [2.000]    -1.6383 [2.000]    -1.6382 [2.000]
[kpt   0   4   8]    -1.4808 [2.000]    -1.4749 [2.000]    -1.4670 [2.000]    -1.4621 [2.000]    -1.4540 [2.000]
[kpt   0   4   9]    -1.4442 [2.000]    -0.9953 [2.000]    -0.9942 [2.000]    -0.9937 [2.000]    -0.3079 [2.000]
[kpt   0   4  10]    -0.3016 [2.000]    -0.2912 [2.000]    -0.2870 [2.000]    -0.2759 [2.000]    -0.2645 [2.000]
[kpt   0   4  11]     0.6232 [2.000]     0.6299 [2.000]     0.6413 [2.000]     0.6454 [2.000]     0.6559 [2.000]
[kpt   0   4  12]     0.6652 [2.000]     1.4438 [2.000]     1.4555 [2.000]     1.4687 [2.000]     7.1227 [0.000]
[kpt   0   4  13]     9.9977 [0.000]    10.0063 [0.000]    10.0070 [0.000]    10.0163 [0.000]    10.0344 [0.000]
[kpt   0   4  14]    10.0412 [0.000]    10.5024 [0.000]    10.5163 [0.000]    10.5184 [0.000]    13.1304 [0.000]
[kpt   0   4  15]    13.2410 [0.000]    13.2449 [0.000]    13.2471 [0.000]    13.2487 [0.000]



Total charge in supercell =     128.00000000
 quench: [md:   0/100  scf:   4/30  step time:   0.37  scf time:     1.76 secs  RMS[dV]: 1.05e-02 ]


average potential <V> = -1.48e-16
Davidson converged in 2 steps

FERMI ENERGY =      0.93766063 eV
@@ EIGENVALUE SUM     =      -59.985612 Ry
@@ ION_ION            =     -272.916107 Ry
@@ ELECTROSTATIC      =     -284.571622 Ry
@@ VXC                =     -178.028305 Ry
@@ EXC                =     -137.015576 Ry
@@ TOTAL ENERGY       =     -576.460613 Ry
@@ estimated error    =        1.72e-01 Ry
Charge normalization constant -1.0: -1.554312e-15
Charge density mixing: Broyden


KOHN SHAM EIGENVALUES [eV] AT K-POINT [  0]:       0.000000      0.000000      0.000000

[kpt   0   5   0]   -19.0671 [2.000]   -18.1003 [2.000]   -18.0944 [2.000]   -18.0893 [2.000]   -18.0830 [2.000]
[kpt   0   5   1]   -18.0807 [2.000]   -18.0764 [2.000]   -16.7568 [2.000]   -16.7508 [2.000]   -16.7442 [2.000]
[kpt   0   5   2]   -16.7401 [2.000]   -16.7352 [2.000]   -16.7316 [2.000]   -16.7166 [2.000]   -16.7099 [2.000]
[kpt   0   5   3]   -16.6985 [2.000]    -9.5177 [2.000]    -7.1282 [2.000]    -7.1236 [2.000]    -7.1194 [2.000]
[kpt   0   5   4]    -7.1141 [2.000]    -7.1122 [2.000]    -7.1092 [2.000]    -5.3435 [2.000]    -5.3377 [2.000]
[kpt   0   5   5]    -5.3309 [2.000]    -4.7373 [2.000]    -4.7327 [2.000]    -4.7273 [2.000]    -4.7218 [2.000]
[kpt   0   5   6]    -4.7181 [2.000]    -4.7163 [2.000]    -2.2714 [2.000]    -2.2666 [2.000]    -2.2625 [2.000]
[kpt   0   5   7]    -2.2606 [2.000]    -2.2567 [2.000]    -2.2537 [2.000]    -2.0237 [2.000]    -2.0236 [2.000]
[kpt   0   5   8]    -1.8392 [2.000]    -1.8348 [2.000]    -1.8316 [2.000]    -1.8295 [2.000]    -1.8257 [2.000]
[kpt   0   5   9]    -1.8232 [2.000]    -1.3954 [2.000]    -1.3951 [2.000]    -1.3951 [2.000]    -0.7329 [2.000]
[kpt   0   5  10]    -0.7283 [2.000]    -0.7241 [2.000]    -0.7216 [2.000]    -0.7171 [2.000]    -0.7142 [2.000]
[kpt   0   5  11]     0.1591 [2.000]     0.1650 [2.000]     0.1699 [2.000]     0.1721 [2.000]     0.1769 [2.000]
[kpt   0   5  12]     0.1807 [2.000]     0.9252 [2.000]     0.9320 [2.000]     0.9377 [2.000]     6.8265 [0.000]
[kpt   0   5  13]     9.7621 [0.000]     9.7641 [0.000]     9.7648 [0.000]     9.7662 [0.000]     9.7708 [0.000]
[kpt   0   5  14]     9.7722 [0.000]    10.5130 [0.000]    10.5179 [0.000]    10.5185 [0.000]    12.2787 [0.000]
[kpt   0   5  15]    13.0170 [0.000]    13.0180 [0.000]    13.0207 [0.000]    13.0231 [0.000]



Total charge in supercell =     128.00000000
 quench: [md:   0/100  scf:   5/30  step time:   0.35  scf time:     2.10 secs  RMS[dV]: 9.88e-03 ]


average potential <V> = 5.10e-16
Davidson converged in 2 steps

FERMI ENERGY =      1.07779290 eV
@@ EIGENVALUE SUM     =      -58.670597 Ry
@@ ION_ION            =     -272.916107 Ry
@@ ELECTROSTATIC      =     -285.963179 Ry
@@ VXC                =     -178.379346 Ry
@@ EXC                =     -137.287827 Ry
@@ TOTAL ENERGY       =     -576.458362 Ry
@@ estimated error    =        1.12e-02 Ry
Charge normalization constant -1.0: -4.440892e-16
Charge density mixing: Broyden


KOHN SHAM EIGENVALUES [eV] AT K-POINT [  0]:       0.000000      0.000000      0.000000

[kpt   0   6   0]   -18.9258 [2.000]   -17.9433 [2.000]   -17.9426 [2.000]   -17.9423 [2.000]   -17.9413 [2.000]
[kpt   0   6   1]   -17.9406 [2.000]   -17.9392 [2.000]   -16.5905 [2.000]   -16.5901 [2.000]   -16.5892 [2.000]
[kpt   0   6   2]   -16.5884 [2.000]   -16.5874 [2.000]   -16.5861 [2.000]   -16.5588 [2.000]   -16.5567 [2.000]
[kpt   0   6   3]   -16.5549 [2.000]    -9.3804 [2.000]    -6.9718 [2.000]    -6.9712 [2.000]    -6.9709 [2.000]
[kpt   0   6   4]    -6.9702 [2.000]    -6.9697 [2.000]    -6.9687 [2.000]    -5.1956 [2.000]    -5.1945 [2.000]
[kpt   0   6   5]    -5.1936 [2.000]    -4.5695 [2.000]    -4.5691 [2.000]    -4.5683 [2.000]    -4.5677 [2.000]
[kpt   0   6   6]    -4.5670 [2.000]    -4.5659 [2.000]    -2.1458 [2.000]    -2.1452 [2.000]    -2.1446 [2.000]
[kpt   0   6   7]    -2.1444 [2.000]    -2.1439 [2.000]    -2.1431 [2.000]    -1.9018 [2.000]    -1.9017 [2.000]
[kpt   0   6   8]    -1.7121 [2.000]    -1.7114 [2.000]    -1.7109 [2.000]    -1.7105 [2.000]    -1.7100 [2.000]
[kpt   0   6   9]    -1.7087 [2.000]    -1.2552 [2.000]    -1.2550 [2.000]    -1.2549 [2.000]    -0.5943 [2.000]
[kpt   0   6  10]    -0.5935 [2.000]    -0.5929 [2.000]    -0.5926 [2.000]    -0.5917 [2.000]    -0.5903 [2.000]
[kpt   0   6  11]     0.3097 [2.000]     0.3105 [2.000]     0.3112 [2.000]     0.3115 [2.000]     0.3121 [2.000]
[kpt   0   6  12]     0.3130 [2.000]     1.0761 [2.000]     1.0768 [2.000]     1.0778 [2.000]     6.7928 [0.000]
[kpt   0   6  13]     9.7678 [0.000]     9.7685 [0.000]     9.7689 [0.000]     9.7695 [0.000]     9.7715 [0.000]
[kpt   0   6  14]     9.7719 [0.000]    10.5679 [0.000]    10.5711 [0.000]    10.5717 [0.000]    12.1788 [0.000]
[kpt   0   6  15]    13.0569 [0.000]    13.0574 [0.000]    13.0576 [0.000]    13.0591 [0.000]



Total charge in supercell =     128.00000000
 quench: [md:   0/100  scf:   6/30  step time:   0.34  scf time:     2.45 secs  RMS[dV]: 4.40e-03 ]


average potential <V> = 8.49e-16
Davidson converged in 3 steps

FERMI ENERGY =      1.09767673 eV
@@ EIGENVALUE SUM     =      -58.417861 Ry
@@ ION_ION            =     -272.916107 Ry
@@ ELECTROSTATIC      =     -286.229786 Ry
@@ VXC                =     -178.439424 Ry
@@ EXC                =     -137.334034 Ry
@@ TOTAL ENERGY       =     -576.458363 Ry
@@ estimated error    =        5.48e-04 Ry
Charge normalization constant -1.0: -8.881784e-16
Charge density mixing: Broyden


KOHN SHAM EIGENVALUES [eV] AT K-POINT [  0]:       0.000000      0.000000      0.000000

[kpt   0   7   0]   -18.8969 [2.000]   -17.9132 [2.000]   -17.9130 [2.000]   -17.9127 [2.000]   -17.9125 [2.000]
[kpt   0   7   1]   -17.9124 [2.000]   -17.9122 [2.000]   -16.5609 [2.000]   -16.5608 [2.000]   -16.5606 [2.000]
[kpt   0   7   2]   -16.5603 [2.000]   -16.5601 [2.000]   -16.5600 [2.000]   -16.5289 [2.000]   -16.5286 [2.000]
[kpt   0   7   3]   -16.5284 [2.000]    -9.3423 [2.000]    -6.9338 [2.000]    -6.9335 [2.000]    -6.9334 [2.000]
[kpt   0   7   4]    -6.9332 [2.000]    -6.9332 [2.000]    -6.9331 [2.000]    -5.1612 [2.000]    -5.1611 [2.000]
[kpt   0   7   5]    -5.1610 [2.000]    -4.5312 [2.000]    -4.5311 [2.000]    -4.5309 [2.000]    -4.5307 [2.000]
[kpt   0   7   6]    -4.5306 [2.000]    -4.5305 [2.000]    -2.1244 [2.000]    -2.1243 [2.000]    -2.1242 [2.000]
[kpt   0   7   7]    -2.1242 [2.000]    -2.1240 [2.000]    -2.1240 [2.000]    -1.8815 [2.000]    -1.8815 [2.000]
[kpt   0   7   8]    -1.6900 [2.000]    -1.6900 [2.000]    -1.6899 [2.000]    -1.6897 [2.000]    -1.6896 [2.000]
[kpt   0   7   9]    -1.6895 [2.000]    -1.2295 [2.000]    -1.2295 [2.000]    -1.2295 [2.000]    -0.5723 [2.000]
[kpt   0   7  10]    -0.5723 [2.000]    -0.5722 [2.000]    -0.5719 [2.000]    -0.5719 [2.000]    -0.5717 [2.000]
[kpt   0   7  11]     0.3330 [2.000]     0.3331 [2.000]     0.3332 [2.000]     0.3333 [2.000]     0.3335 [2.000]
[kpt   0   7  12]     0.3335 [2.000]     1.0975 [2.000]     1.0976 [2.000]     1.0977 [2.000]     6.7886 [0.000]
[kpt   0   7  13]     9.7589 [0.000]     9.7592 [0.000]     9.7618 [0.000]     9.7622 [0.000]     9.7624 [0.000]
[kpt   0   7  14]     9.7626 [0.000]    10.5863 [0.000]    10.5866 [0.000]    10.5898 [0.000]    12.2043 [0.000]
[kpt   0   7  15]    13.0503 [0.000]    13.0506 [0.000]    13.0577 [0.000]    13.0580 [0.000]



Total charge in supercell =     128.00000000
 quench: [md:   0/100  scf:   7/30  step time:   0.37  scf time:     2.82 secs  RMS[dV]: 9.36e-04 ]


average potential <V> = -2.59e-16
Davidson converged in 3 steps

FERMI ENERGY =      1.10336090 eV
@@ EIGENVALUE SUM     =      -58.355335 Ry
@@ ION_ION            =     -272.916107 Ry
@@ ELECTROSTATIC      =     -286.296475 Ry
@@ VXC                =     -178.457528 Ry
@@ EXC                =     -137.348009 Ry
@@ TOTAL ENERGY       =     -576.458398 Ry
@@ estimated error    =        3.75e-05 Ry
Charge normalization constant -1.0: -1.998401e-15
Charge density mixing: Broyden


KOHN SHAM EIGENVALUES [eV] AT K-POINT [  0]:       0.000000      0.000000      0.000000

[kpt   0   8   0]   -18.8898 [2.000]   -17.9059 [2.000]   -17.9058 [2.000]   -17.9057 [2.000]   -17.9056 [2.000]
[kpt   0   8   1]   -17.9055 [2.000]   -17.9053 [2.000]   -16.5539 [2.000]   -16.5538 [2.000]   -16.5536 [2.000]
[kpt   0   8   2]   -16.5535 [2.000]   -16.5534 [2.000]   -16.5532 [2.000]   -16.5218 [2.000]   -16.5217 [2.000]
[kpt   0   8   3]   -16.5216 [2.000]    -9.3340 [2.000]    -6.9255 [2.000]    -6.9254 [2.000]    -6.9254 [2.000]
[kpt   0   8   4]    -6.9252 [2.000]    -6.9251 [2.000]    -6.9250 [2.000]    -5.1537 [2.000]    -5.1536 [2.000]
[kpt   0   8   5]    -5.1536 [2.000]    -4.5232 [2.000]    -4.5231 [2.000]    -4.5230 [2.000]    -4.5229 [2.000]
[kpt   0   8   6]    -4.5228 [2.000]    -4.5226 [2.000]    -2.1186 [2.000]    -2.1186 [2.000]    -2.1185 [2.000]
[kpt   0   8   7]    -2.1185 [2.000]    -2.1184 [2.000]    -2.1184 [2.000]    -1.8759 [2.000]    -1.8759 [2.000]
[kpt   0   8   8]    -1.6840 [2.000]    -1.6840 [2.000]    -1.6839 [2.000]    -1.6838 [2.000]    -1.6838 [2.000]
[kpt   0   8   9]    -1.6837 [2.000]    -1.2231 [2.000]    -1.2231 [2.000]    -1.2231 [2.000]    -0.5665 [2.000]
[kpt   0   8  10]    -0.5665 [2.000]    -0.5664 [2.000]    -0.5663 [2.000]    -0.5663 [2.000]    -0.5662 [2.000]
[kpt   0   8  11]     0.3391 [2.000]     0.3391 [2.000]     0.3392 [2.000]     0.3393 [2.000]     0.3393 [2.000]
[kpt   0   8  12]     0.3394 [2.000]     1.1032 [2.000]     1.1033 [2.000]     1.1034 [2.000]     6.7884 [0.000]
[kpt   0   8  13]     9.7585 [0.000]     9.7586 [0.000]     9.7601 [0.000]     9.7603 [0.000]     9.7604 [0.000]
[kpt   0   8  14]     9.7606 [0.000]    10.5931 [0.000]    10.5932 [0.000]    10.5952 [0.000]    12.2103 [0.000]
[kpt   0   8  15]    13.0527 [0.000]    13.0528 [0.000]    13.0529 [0.000]    13.0529 [0.000]



Total charge in supercell =     128.00000000
 quench: [md:   0/100  scf:   8/30  step time:   0.37  scf time:     3.19 secs  RMS[dV]: 3.47e-04 ]


average potential <V> = 1.71e-16
Davidson converged in 4 steps

FERMI ENERGY =      1.10193467 eV
@@ EIGENVALUE SUM     =      -58.369122 Ry
@@ ION_ION            =     -272.916107 Ry
@@ ELECTROSTATIC      =     -286.281996 Ry
@@ VXC                =     -178.454563 Ry
@@ EXC                =     -137.345741 Ry
@@ TOTAL ENERGY       =     -576.458402 Ry
@@ estimated error    =        1.70e-06 Ry
Charge normalization constant -1.0: -1.110223e-15
Charge density mixing: Broyden


KOHN SHAM EIGENVALUES [eV] AT K-POINT [  0]:       0.000000      0.000000      0.000000

[kpt   0   9   0]   -18.8913 [2.000]   -17.9074 [2.000]   -17.9072 [2.000]   -17.9072 [2.000]   -17.9071 [2.000]
[kpt   0   9   1]   -17.9071 [2.000]   -17.9070 [2.000]   -16.5554 [2.000]   -16.5553 [2.000]   -16.5552 [2.000]
[kpt   0   9   2]   -16.5552 [2.000]   -16.5551 [2.000]   -16.5550 [2.000]   -16.5234 [2.000]   -16.5234 [2.000]
[kpt   0   9   3]   -16.5233 [2.000]    -9.3356 [2.000]    -6.9272 [2.000]    -6.9271 [2.000]    -6.9271 [2.000]
[kpt   0   9   4]    -6.9270 [2.000]    -6.9269 [2.000]    -6.9269 [2.000]    -5.1553 [2.000]    -5.1553 [2.000]
[kpt   0   9   5]    -5.1553 [2.000]    -4.5250 [2.000]    -4.5249 [2.000]    -4.5249 [2.000]    -4.5248 [2.000]
[kpt   0   9   6]    -4.5247 [2.000]    -4.5247 [2.000]    -2.1197 [2.000]    -2.1196 [2.000]    -2.1196 [2.000]
[kpt   0   9   7]    -2.1196 [2.000]    -2.1195 [2.000]    -2.1195 [2.000]    -1.8770 [2.000]    -1.8770 [2.000]
[kpt   0   9   8]    -1.6851 [2.000]    -1.6850 [2.000]    -1.6850 [2.000]    -1.6850 [2.000]    -1.6849 [2.000]
[kpt   0   9   9]    -1.6849 [2.000]    -1.2246 [2.000]    -1.2246 [2.000]    -1.2246 [2.000]    -0.5677 [2.000]
[kpt   0   9  10]    -0.5676 [2.000]    -0.5676 [2.000]    -0.5676 [2.000]    -0.5675 [2.000]    -0.5675 [2.000]
[kpt   0   9  11]     0.3378 [2.000]     0.3378 [2.000]     0.3378 [2.000]     0.3379 [2.000]     0.3379 [2.000]
[kpt   0   9  12]     0.3379 [2.000]     1.1019 [2.000]     1.1019 [2.000]     1.1019 [2.000]     6.7884 [0.000]
[kpt   0   9  13]     9.7576 [0.000]     9.7577 [0.000]     9.7586 [0.000]     9.7587 [0.000]     9.7589 [0.000]
[kpt   0   9  14]     9.7589 [0.000]    10.5926 [0.000]    10.5927 [0.000]    10.5938 [0.000]    12.2082 [0.000]
[kpt   0   9  15]    13.0523 [0.000]    13.0523 [0.000]    13.0524 [0.000]    13.0524 [0.000]



Total charge in supercell =     128.00000000
 quench: [md:   0/100  scf:   9/30  step time:   0.47  scf time:     3.66 secs  RMS[dV]: 5.68e-05 ]


average potential <V> = 4.84e-16
Davidson converged in 2 steps

FERMI ENERGY =      1.10250111 eV
@@ EIGENVALUE SUM     =      -58.365732 Ry
@@ ION_ION            =     -272.916107 Ry
@@ ELECTROSTATIC      =     -286.285683 Ry
@@ VXC                =     -178.455968 Ry
@@ EXC                =     -137.346850 Ry
@@ TOTAL ENERGY       =     -576.458403 Ry
@@ estimated error    =        5.12e-07 Ry
Charge normalization constant -1.0: -1.554312e-15
Charge density mixing: Broyden


KOHN SHAM EIGENVALUES [eV] AT K-POINT [  0]:       0.000000      0.000000      0.000000

[kpt   0  10   0]   -18.8910 [2.000]   -17.9069 [2.000]   -17.9068 [2.000]   -17.9068 [2.000]   -17.9068 [2.000]
[kpt   0  10   1]   -17.9068 [2.000]   -17.9068 [2.000]   -16.5548 [2.000]   -16.5548 [2.000]   -16.5548 [2.000]
[kpt   0  10   2]   -16.5548 [2.000]   -16.5548 [2.000]   -16.5547 [2.000]   -16.5230 [2.000]   -16.5230 [2.000]
[kpt   0  10   3]   -16.5229 [2.000]    -9.3355 [2.000]    -6.9270 [2.000]    -6.9270 [2.000]    -6.9269 [2.000]
[kpt   0  10   4]    -6.9269 [2.000]    -6.9269 [2.000]    -6.9269 [2.000]    -5.1551 [2.000]    -5.1551 [2.000]
[kpt   0  10   5]    -5.1551 [2.000]    -4.5247 [2.000]    -4.5247 [2.000]    -4.5247 [2.000]    -4.5247 [2.000]
[kpt   0  10   6]    -4.5247 [2.000]    -4.5247 [2.000]    -2.1192 [2.000]    -2.1192 [2.000]    -2.1192 [2.000]
[kpt   0  10   7]    -2.1192 [2.000]    -2.1192 [2.000]    -2.1192 [2.000]    -1.8766 [2.000]    -1.8766 [2.000]
[kpt   0  10   8]    -1.6846 [2.000]    -1.6846 [2.000]    -1.6846 [2.000]    -1.6845 [2.000]    -1.6845 [2.000]
[kpt   0  10   9]    -1.6845 [2.000]    -1.2242 [2.000]    -1.2242 [2.000]    -1.2242 [2.000]    -0.5671 [2.000]
[kpt   0  10  10]    -0.5671 [2.000]    -0.5671 [2.000]    -0.5671 [2.000]    -0.5671 [2.000]    -0.5671 [2.000]
[kpt   0  10  11]     0.3384 [2.000]     0.3384 [2.000]     0.3384 [2.000]     0.3384 [2.000]     0.3384 [2.000]
[kpt   0  10  12]     0.3384 [2.000]     1.1025 [2.000]     1.1025 [2.000]     1.1025 [2.000]     6.7885 [0.000]
[kpt   0  10  13]     9.7574 [0.000]     9.7574 [0.000]     9.7579 [0.000]     9.7580 [0.000]     9.7581 [0.000]
[kpt   0  10  14]     9.7581 [0.000]    10.5925 [0.000]    10.5926 [0.000]    10.5931 [0.000]    12.2075 [0.000]
[kpt   0  10  15]    13.0525 [0.000]    13.0525 [0.000]    13.0525 [0.000]    13.0526 [0.000]



Total charge in supercell =     128.00000000
 quench: [md:   0/100  scf:  10/30  step time:   0.32  scf time:     3.98 secs  RMS[dV]: 2.82e-05 ]


average potential <V> = -1.63e-16
Davidson converged in 3 steps

FERMI ENERGY =      1.10278667 eV
@@ EIGENVALUE SUM     =      -58.363776 Ry
@@ ION_ION            =     -272.916107 Ry
@@ ELECTROSTATIC      =     -286.287796 Ry
@@ VXC                =     -178.456718 Ry
@@ EXC                =     -137.347443 Ry
@@ TOTAL ENERGY       =     -576.458404 Ry
@@ estimated error    =        3.34e-08 Ry
Charge normalization constant -1.0: 4.440892e-16
Charge density mixing: Broyden


KOHN SHAM EIGENVALUES [eV] AT K-POINT [  0]:       0.000000      0.000000      0.000000

[kpt   0  11   0]   -18.8908 [2.000]   -17.9066 [2.000]   -17.9066 [2.000]   -17.9066 [2.000]   -17.9066 [2.000]
[kpt   0  11   1]   -17.9066 [2.000]   -17.9066 [2.000]   -16.5546 [2.000]   -16.5546 [2.000]   -16.5546 [2.000]
[kpt   0  11   2]   -16.5545 [2.000]   -16.5545 [2.000]   -16.5545 [2.000]   -16.5228 [2.000]   -16.5227 [2.000]
[kpt   0  11   3]   -16.5227 [2.000]    -9.3354 [2.000]    -6.9268 [2.000]    -6.9268 [2.000]    -6.9268 [2.000]
[kpt   0  11   4]    -6.9268 [2.000]    -6.9268 [2.000]    -6.9268 [2.000]    -5.1550 [2.000]    -5.1550 [2.000]
[kpt   0  11   5]    -5.1550 [2.000]    -4.5246 [2.000]    -4.5246 [2.000]    -4.5246 [2.000]    -4.5246 [2.000]
[kpt   0  11   6]    -4.5246 [2.000]    -4.5246 [2.000]    -2.1190 [2.000]    -2.1190 [2.000]    -2.1190 [2.000]
[kpt   0  11   7]    -2.1190 [2.000]    -2.1189 [2.000]    -2.1189 [2.000]    -1.8763 [2.000]    -1.8763 [2.000]
[kpt   0  11   8]    -1.6843 [2.000]    -1.6843 [2.000]    -1.6843 [2.000]    -1.6843 [2.000]    -1.6843 [2.000]
[kpt   0  11   9]    -1.6843 [2.000]    -1.2240 [2.000]    -1.2240 [2.000]    -1.2240 [2.000]    -0.5669 [2.000]
[kpt   0  11  10]    -0.5669 [2.000]    -0.5669 [2.000]    -0.5668 [2.000]    -0.5668 [2.000]    -0.5668 [2.000]
[kpt   0  11  11]     0.3386 [2.000]     0.3386 [2.000]     0.3386 [2.000]     0.3386 [2.000]     0.3387 [2.000]
[kpt   0  11  12]     0.3387 [2.000]     1.1028 [2.000]     1.1028 [2.000]     1.1028 [2.000]     6.7885 [0.000]
[kpt   0  11  13]     9.7573 [0.000]     9.7573 [0.000]     9.7576 [0.000]     9.7577 [0.000]     9.7577 [0.000]
[kpt   0  11  14]     9.7578 [0.000]    10.5926 [0.000]    10.5926 [0.000]    10.5929 [0.000]    12.2071 [0.000]
[kpt   0  11  15]    13.0526 [0.000]    13.0526 [0.000]    13.0526 [0.000]    13.0527 [0.000]



Total charge in supercell =     128.00000000
 quench: [md:   0/100  scf:  11/30  step time:   0.43  scf time:     4.41 secs  RMS[dV]: 1.35e-05 ]


average potential <V> = -4.53e-16
Davidson converged in 2 steps

FERMI ENERGY =      1.10267194 eV
@@ EIGENVALUE SUM     =      -58.364363 Ry
@@ ION_ION            =     -272.916107 Ry
@@ ELECTROSTATIC      =     -286.287158 Ry
@@ VXC                =     -178.456482 Ry
@@ EXC                =     -137.347259 Ry
@@ TOTAL ENERGY       =     -576.458404 Ry
@@ estimated error    =        1.34e-08 Ry
Charge normalization constant -1.0: 4.440892e-16
Charge density mixing: Broyden


KOHN SHAM EIGENVALUES [eV] AT K-POINT [  0]:       0.000000      0.000000      0.000000

[kpt   0  12   0]   -18.8909 [2.000]   -17.9067 [2.000]   -17.9067 [2.000]   -17.9067 [2.000]   -17.9067 [2.000]
[kpt   0  12   1]   -17.9067 [2.000]   -17.9067 [2.000]   -16.5546 [2.000]   -16.5546 [2.000]   -16.5546 [2.000]
[kpt   0  12   2]   -16.5546 [2.000]   -16.5546 [2.000]   -16.5546 [2.000]   -16.5228 [2.000]   -16.5228 [2.000]
[kpt   0  12   3]   -16.5228 [2.000]    -9.3354 [2.000]    -6.9268 [2.000]    -6.9268 [2.000]    -6.9268 [2.000]
[kpt   0  12   4]    -6.9268 [2.000]    -6.9268 [2.000]    -6.9268 [2.000]    -5.1550 [2.000]    -5.1550 [2.000]
[kpt   0  12   5]    -5.1550 [2.000]    -4.5246 [2.000]    -4.5246 [2.000]    -4.5246 [2.000]    -4.5246 [2.000]
[kpt   0  12   6]    -4.5246 [2.000]    -4.5246 [2.000]    -2.1190 [2.000]    -2.1190 [2.000]    -2.1190 [2.000]
[kpt   0  12   7]    -2.1190 [2.000]    -2.1190 [2.000]    -2.1190 [2.000]    -1.8764 [2.000]    -1.8764 [2.000]
[kpt   0  12   8]    -1.6844 [2.000]    -1.6844 [2.000]    -1.6844 [2.000]    -1.6844 [2.000]    -1.6844 [2.000]
[kpt   0  12   9]    -1.6844 [2.000]    -1.2240 [2.000]    -1.2240 [2.000]    -1.2240 [2.000]    -0.5669 [2.000]
[kpt   0  12  10]    -0.5669 [2.000]    -0.5669 [2.000]    -0.5669 [2.000]    -0.5669 [2.000]    -0.5669 [2.000]
[kpt   0  12  11]     0.3385 [2.000]     0.3385 [2.000]     0.3385 [2.000]     0.3385 [2.000]     0.3386 [2.000]
[kpt   0  12  12]     0.3386 [2.000]     1.1027 [2.000]     1.1027 [2.000]     1.1027 [2.000]     6.7885 [0.000]
[kpt   0  12  13]     9.7571 [0.000]     9.7572 [0.000]     9.7573 [0.000]     9.7574 [0.000]     9.7574 [0.000]
[kpt   0  12  14]     9.7574 [0.000]    10.5926 [0.000]    10.5926 [0.000]    10.5927 [0.000]    12.2065 [0.000]
[kpt   0  12  15]    13.0525 [0.000]    13.0526 [0.000]    13.0526 [0.000]    13.0526 [0.000]



Total charge in supercell =     128.00000000
 quench: [md:   0/100  scf:  12/30  step time:   0.33  scf time:     4.74 secs  RMS[dV]: 3.72e-06 ]


average potential <V> = -3.99e-16
Davidson converged in 3 steps

FERMI ENERGY =      1.10265920 eV
@@ EIGENVALUE SUM     =      -58.364334 Ry
@@ ION_ION            =     -272.916107 Ry
@@ ELECTROSTATIC      =     -286.287183 Ry
@@ VXC                =     -178.456472 Ry
@@ EXC                =     -137.347253 Ry
@@ TOTAL ENERGY       =     -576.458404 Ry
@@ estimated error    =        8.29e-10 Ry
Charge normalization constant -1.0: -2.220446e-16
Charge density mixing: Broyden


KOHN SHAM EIGENVALUES [eV] AT K-POINT [  0]:       0.000000      0.000000      0.000000

[kpt   0  13   0]   -18.8909 [2.000]   -17.9067 [2.000]   -17.9067 [2.000]   -17.9067 [2.000]   -17.9067 [2.000]
[kpt   0  13   1]   -17.9067 [2.000]   -17.9067 [2.000]   -16.5546 [2.000]   -16.5546 [2.000]   -16.5546 [2.000]
[kpt   0  13   2]   -16.5546 [2.000]   -16.5546 [2.000]   -16.5546 [2.000]   -16.5228 [2.000]   -16.5228 [2.000]
[kpt   0  13   3]   -16.5228 [2.000]    -9.3354 [2.000]    -6.9268 [2.000]    -6.9268 [2.000]    -6.9268 [2.000]
[kpt   0  13   4]    -6.9268 [2.000]    -6.9268 [2.000]    -6.9268 [2.000]    -5.1550 [2.000]    -5.1550 [2.000]
[kpt   0  13   5]    -5.1550 [2.000]    -4.5246 [2.000]    -4.5246 [2.000]    -4.5246 [2.000]    -4.5246 [2.000]
[kpt   0  13   6]    -4.5246 [2.000]    -4.5246 [2.000]    -2.1190 [2.000]    -2.1190 [2.000]    -2.1190 [2.000]
[kpt   0  13   7]    -2.1190 [2.000]    -2.1190 [2.000]    -2.1190 [2.000]    -1.8764 [2.000]    -1.8764 [2.000]
[kpt   0  13   8]    -1.6844 [2.000]    -1.6844 [2.000]    -1.6844 [2.000]    -1.6844 [2.000]    -1.6844 [2.000]
[kpt   0  13   9]    -1.6844 [2.000]    -1.2240 [2.000]    -1.2240 [2.000]    -1.2240 [2.000]    -0.5669 [2.000]
[kpt   0  13  10]    -0.5669 [2.000]    -0.5669 [2.000]    -0.5669 [2.000]    -0.5669 [2.000]    -0.5669 [2.000]
[kpt   0  13  11]     0.3385 [2.000]     0.3385 [2.000]     0.3385 [2.000]     0.3385 [2.000]     0.3385 [2.000]
[kpt   0  13  12]     0.3385 [2.000]     1.1027 [2.000]     1.1027 [2.000]     1.1027 [2.000]     6.7885 [0.000]
[kpt   0  13  13]     9.7570 [0.000]     9.7570 [0.000]     9.7571 [0.000]     9.7571 [0.000]     9.7571 [0.000]
[kpt   0  13  14]     9.7571 [0.000]    10.5926 [0.000]    10.5926 [0.000]    10.5927 [0.000]    12.2060 [0.000]
[kpt   0  13  15]    13.0525 [0.000]    13.0525 [0.000]    13.0526 [0.000]    13.0526 [0.000]



Total charge in supercell =     128.00000000
 quench: [md:   0/100  scf:  13/30  step time:   0.44  scf time:     5.18 secs  RMS[dV]: 1.65e-06 ]


average potential <V> = -1.66e-15
Davidson converged in 2 steps

FERMI ENERGY =      1.10267176 eV
@@ EIGENVALUE SUM     =      -58.364297 Ry
@@ ION_ION            =     -272.916107 Ry
@@ ELECTROSTATIC      =     -286.287226 Ry
@@ VXC                =     -178.456497 Ry
@@ EXC                =     -137.347273 Ry
@@ TOTAL ENERGY       =     -576.458404 Ry
@@ estimated error    =        4.39e-10 Ry
Charge normalization constant -1.0: 1.332268e-15
Charge density mixing: Broyden


KOHN SHAM EIGENVALUES [eV] AT K-POINT [  0]:       0.000000      0.000000      0.000000

[kpt   0  14   0]   -18.8909 [2.000]   -17.9067 [2.000]   -17.9067 [2.000]   -17.9067 [2.000]   -17.9067 [2.000]
[kpt   0  14   1]   -17.9067 [2.000]   -17.9067 [2.000]   -16.5546 [2.000]   -16.5546 [2.000]   -16.5546 [2.000]
[kpt   0  14   2]   -16.5546 [2.000]   -16.5546 [2.000]   -16.5546 [2.000]   -16.5228 [2.000]   -16.5228 [2.000]
[kpt   0  14   3]   -16.5228 [2.000]    -9.3354 [2.000]    -6.9268 [2.000]    -6.9268 [2.000]    -6.9268 [2.000]
[kpt   0  14   4]    -6.9268 [2.000]    -6.9268 [2.000]    -6.9268 [2.000]    -5.1550 [2.000]    -5.1550 [2.000]
[kpt   0  14   5]    -5.1550 [2.000]    -4.5246 [2.000]    -4.5246 [2.000]    -4.5246 [2.000]    -4.5246 [2.000]
[kpt   0  14   6]    -4.5246 [2.000]    -4.5246 [2.000]    -2.1190 [2.000]    -2.1190 [2.000]    -2.1190 [2.000]
[kpt   0  14   7]    -2.1190 [2.000]    -2.1190 [2.000]    -2.1190 [2.000]    -1.8764 [2.000]    -1.8764 [2.000]
[kpt   0  14   8]    -1.6844 [2.000]    -1.6844 [2.000]    -1.6844 [2.000]    -1.6844 [2.000]    -1.6844 [2.000]
[kpt   0  14   9]    -1.6844 [2.000]    -1.2240 [2.000]    -1.2240 [2.000]    -1.2240 [2.000]    -0.5669 [2.000]
[kpt   0  14  10]    -0.5669 [2.000]    -0.5669 [2.000]    -0.5669 [2.000]    -0.5669 [2.000]    -0.5669 [2.000]
[kpt   0  14  11]     0.3386 [2.000]     0.3386 [2.000]     0.3386 [2.000]     0.3386 [2.000]     0.3386 [2.000]
[kpt   0  14  12]     0.3386 [2.000]     1.1027 [2.000]     1.1027 [2.000]     1.1027 [2.000]     6.7885 [0.000]
[kpt   0  14  13]     9.7570 [0.000]     9.7570 [0.000]     9.7571 [0.000]     9.7571 [0.000]     9.7571 [0.000]
[kpt   0  14  14]     9.7571 [0.000]    10.5925 [0.000]    10.5926 [0.000]    10.5926 [0.000]    12.2056 [0.000]
[kpt   0  14  15]    13.0525 [0.000]    13.0525 [0.000]    13.0526 [0.000]    13.0526 [0.000]



Total charge in supercell =     128.00000000
 quench: [md:   0/100  scf:  14/30  step time:   0.37  scf time:     5.54 secs  RMS[dV]: 5.06e-07 ]



 Convergence criterion reached: Energy variation (7.95e-12) is lower than threshold (1.00e-10)

potential convergence has been achieved. stopping ...

[   0  15   15        7 ] Quench.cpp: 
@@ TOTAL ENEGY Components 
@@ ION_ION            =     -272.916107 Ry
@@ ELECTROSTATIC      =      286.287226 Ry
@@ EXC                =     -137.347267 Ry
@@ vdw correction     =        0.000000 Ry
@@ LdaU correction    =        0.000000 Ry
@@ total              =        0.000000 Ry
final total energy from eig sum =    -576.45840437 Ry


KOHN SHAM EIGENVALUES [eV] AT K-POINT [  0]:       0.000000      0.000000      0.000000

[kpt   0  15   0]   -18.8909 [2.000]   -17.9067 [2.000]   -17.9067 [2.000]   -17.9067 [2.000]   -17.9067 [2.000]
[kpt   0  15   1]   -17.9067 [2.000]   -17.9067 [2.000]   -16.5546 [2.000]   -16.5546 [2.000]   -16.5546 [2.000]
[kpt   0  15   2]   -16.5546 [2.000]   -16.5546 [2.000]   -16.5546 [2.000]   -16.5228 [2.000]   -16.5228 [2.000]
[kpt   0  15   3]   -16.5228 [2.000]    -9.3354 [2.000]    -6.9268 [2.000]    -6.9268 [2.000]    -6.9268 [2.000]
[kpt   0  15   4]    -6.9268 [2.000]    -6.9268 [2.000]    -6.9268 [2.000]    -5.1550 [2.000]    -5.1550 [2.000]
[kpt   0  15   5]    -5.1550 [2.000]    -4.5246 [2.000]    -4.5246 [2.000]    -4.5246 [2.000]    -4.5246 [2.000]
[kpt   0  15   6]    -4.5246 [2.000]    -4.5246 [2.000]    -2.1190 [2.000]    -2.1190 [2.000]    -2.1190 [2.000]
[kpt   0  15   7]    -2.1190 [2.000]    -2.1190 [2.000]    -2.1190 [2.000]    -1.8764 [2.000]    -1.8764 [2.000]
[kpt   0  15   8]    -1.6844 [2.000]    -1.6844 [2.000]    -1.6844 [2.000]    -1.6844 [2.000]    -1.6844 [2.000]
[kpt   0  15   9]    -1.6844 [2.000]    -1.2240 [2.000]    -1.2240 [2.000]    -1.2240 [2.000]    -0.5669 [2.000]
[kpt   0  15  10]    -0.5669 [2.000]    -0.5669 [2.000]    -0.5669 [2.000]    -0.5669 [2.000]    -0.5669 [2.000]
[kpt   0  15  11]     0.3386 [2.000]     0.3386 [2.000]     0.3386 [2.000]     0.3386 [2.000]     0.3386 [2.000]
[kpt   0  15  12]     0.3386 [2.000]     1.1027 [2.000]     1.1027 [2.000]     1.1027 [2.000]     6.7885 [0.000]
[kpt   0  15  13]     9.7570 [0.000]     9.7570 [0.000]     9.7571 [0.000]     9.7571 [0.000]     9.7571 [0.000]
[kpt   0  15  14]     9.7571 [0.000]    10.5925 [0.000]    10.5926 [0.000]    10.5926 [0.000]    12.2056 [0.000]
[kpt   0  15  15]    13.0525 [0.000]    13.0525 [0.000]    13.0526 [0.000]    13.0526 [0.000]



Total charge in supercell =     128.00000000
 volume and energy per atom =        15.03933867       -326.79648520 eV

 Vdd took 0.000237 seconds
WriteRestart: Output file given as /dev/null, no restart data written ...



  IONIC POSITIONS [a0] AND FORCES [Ry/a0]
  Charge analysis using: Voronoi Deformation Density

@ION  Ion  Species       X           Y           Z       Charge       FX          FY         FZ      Movable
@ION    1    Si      0.0000000   0.0000000   0.0000000    0.442    0.0000000   0.0000001   0.0000000  1 1 1
@ION    2    Si      3.3637125   3.3637125   3.3637125    0.446   -0.0000000  -0.0000000  -0.0000001  1 1 1
@ION    3    Si     10.0911375   3.3637125  10.0911375    0.442   -0.0000000  -0.0000000   0.0000000  1 1 1
@ION    4    Si      3.3637125  10.0911375  10.0911375    0.442    0.0000000  -0.0000001  -0.0000000  1 1 1
@ION    5    Si     10.0911375  10.0911375   3.3637125    0.441   -0.0000000  -0.0000000   0.0000000  1 1 1
@ION    6    Si      0.0000000   6.7274250   6.7274250    0.444   -0.0000000   0.0000001   0.0000000  1 1 1
@ION    7    Si      6.7274250   0.0000000   6.7274250    0.444    0.0000000  -0.0000000   0.0000000  1 1 1
@ION    8    Si      6.7274250   6.7274250   0.0000000    0.445    0.0000000   0.0000000  -0.0000000  1 1 1
@ION    9     O      1.6818563   1.6818563   1.6818563   -0.215    0.0000001   0.0000000   0.0000000  1 1 1
@ION   10     O     11.7729938   1.6818563  11.7729938   -0.217   -0.0000000   0.0000000  -0.0000000  1 1 1
@ION   11     O      1.6818563  11.7729938  11.7729938   -0.220   -0.0000000  -0.0000000   0.0000001  1 1 1
@ION   12     O     11.7729938  11.7729938   1.6818563   -0.222    0.0000000  -0.0000001  -0.0000000  1 1 1
@ION   13     O      1.6818563   8.4092813   8.4092813   -0.218   -0.0000000  -0.0000000  -0.0000000  1 1 1
@ION   14     O      8.4092813   1.6818563   8.4092813   -0.218   -0.0000000  -0.0000000  -0.0000000  1 1 1
@ION   15     O      8.4092813   8.4092813   1.6818563   -0.218   -0.0000000   0.0000000  -0.0000000  1 1 1
@ION   16     O     11.7729938   8.4092813   5.0455688   -0.219    0.0000000   0.0000000   0.0000000  1 1 1
@ION   17     O      5.0455688   1.6818563   5.0455688   -0.219   -0.0000001   0.0000000  -0.0000000  1 1 1
@ION   18     O      5.0455688   8.4092813  11.7729938   -0.220   -0.0000001   0.0000000   0.0000000  1 1 1
@ION   19     O      1.6818563   5.0455688   5.0455688   -0.225    0.0000001  -0.0000000  -0.0000000  1 1 1
@ION   20     O      8.4092813  11.7729938   5.0455688   -0.225   -0.0000000   0.0000000   0.0000000  1 1 1
@ION   21     O      8.4092813   5.0455688  11.7729938   -0.223   -0.0000000  -0.0000000   0.0000000  1 1 1
@ION   22     O     11.7729938   5.0455688   8.4092813   -0.228    0.0000000  -0.0000000   0.0000000  1 1 1
@ION   23     O      5.0455688  11.7729938   8.4092813   -0.228   -0.0000000   0.0000001  -0.0000000  1 1 1
@ION   24     O      5.0455688   5.0455688   1.6818563   -0.230   -0.0000001  -0.0000001   0.0000000  1 1 1

 mean FX      =   0.00000003 Ry/a0
 mean FY      =   0.00000004 Ry/a0
 mean FZ      =   0.00000002 Ry/a0

 max FX       =   0.00000008 Ry/a0   (ion 17)
 max FY       =   0.00000009 Ry/a0   (ion 24)
 max FZ       =   0.00000007 Ry/a0   (ion 11)
 max F[x,y,z] =   0.00000009 Ry/a0
 max |F|      =   0.00000011 Ry/a0   (ion 24)

 sum FX       =  -0.00000015 Ry/a0
 sum FY       =  -0.00000003 Ry/a0
 sum FZ       =   0.00000004 Ry/a0
 Average      =   0.00000008 Ry/a0
 sqrt < F^2 > =   0.00000004 Ry/a0

WriteRestart: Output file given as /dev/null, no restart data written ...


--------TIMING INFORMATION FOR Processor owned the most atoms----------------
                                        Total time               Per SCF/step

1-TOTAL                                             7.31                0.49
-----------------------------------------------------------------------------
  1-TOTAL: Init                                     1.19                0.08
  1-TOTAL: run                                      6.12                0.41
  ---------------------------------------------------------------------------
    1-TOTAL: run: Force                             0.56                0.04
    1-TOTAL: run: Scf steps                         5.43                0.36

2-Force                                             0.56                0.04
-----------------------------------------------------------------------------
  2-Force: core correction                          0.00                0.00
  2-Force: corrections                              0.17                0.01
  2-Force: ion-ion                                  0.08                0.01
  2-Force: local                                    0.13                0.01
  2-Force: non-local                                0.18                0.01
  2-Force: non-local-betaxpsi                       0.03                0.00
  2-Force: non-local-get gamma                      0.00                0.00
  2-Force: non-local-nlforce_par_Q                  0.01                0.00
  2-Force: non-local-nlforce_par_gamma              0.00                0.00
  2-Force: non-local-nlforce_par_omega              0.00                0.00
  2-Force: non-local-partial gamma                  0.00                0.00
  2-Force: non-local-veff grad                      0.01                0.00

2-Init                                              1.19                0.08
-----------------------------------------------------------------------------
  2-Init: GetNewRho                                 0.03                0.00
  2-Init: KpointClass                               0.42                0.03
  2-Init: LcaoGetPsi                                0.05                0.00
  2-Init: LcaoGetRho                                0.10                0.01
  2-Init: ReinitIonicPotentials                     0.14                0.01
  2-Init: betaxpsi                                  0.02                0.00
  2-Init: exchange/correlation                      0.03                0.00
  2-Init: hartree                                   0.02                0.00
  2-Init: normalization                             0.00                0.00
  2-Init: radial potentials                         0.23                0.02
  2-Init: subdiag                                   0.05                0.00
  2-Init: weights                                   0.01                0.00

2-Scf steps                                         5.43                0.36
-----------------------------------------------------------------------------
  2-Scf steps: Davidson                             3.08                0.21
  2-Scf steps: GetNewRho                            0.47                0.03
  2-Scf steps: Hartree                              0.41                0.03
  2-Scf steps: MgridSubspace                        0.86                0.06
  2-Scf steps: MixRho                               0.04                0.00
  2-Scf steps: exchange/correlation                 0.41                0.03

3-MgridSubspace                                     0.86                0.06
-----------------------------------------------------------------------------
  3-MgridSubspace: AppNls                           0.08                0.01
  3-MgridSubspace: Beta x psi                       0.10                0.01
  3-MgridSubspace: Diagonalization                  0.16                0.01
  3-MgridSubspace: Mg_eig                           0.52                0.03

3-ReinitIonicPotentials                             0.14                0.01
-----------------------------------------------------------------------------
  3-ReinitIonicPotentials: GetNlop                  0.01                0.00
  3-ReinitIonicPotentials: GetWeight                0.08                0.01
  3-ReinitIonicPotentials: get_QI                   0.00                0.00
  3-ReinitIonicPotentials: get_qqq                  0.00                0.00
  3-ReinitIonicPotentials: init_nuc                 0.06                0.00

4-Diagonalization                                   0.21                0.01
-----------------------------------------------------------------------------
  4-Diagonalization: ELPA/PDSYGVX/PZHEGVX           0.02                0.00
  4-Diagonalization: Hpsi                           0.12                0.01
  4-Diagonalization: MPI_Bcast                      0.00                0.00
  4-Diagonalization: Update orbitals                0.04                0.00
  ---------------------------------------------------------------------------
    4-Diagonalization: Update orbitals: gather           0.00                0.00
    4-Diagonalization: Update orbitals: gemm           0.03                0.00
  4-Diagonalization: matrix                         0.03                0.00
  ---------------------------------------------------------------------------
    4-Diagonalization: matrix: Allreduce            0.00                0.00
    4-Diagonalization: matrix: Gemm                 0.03                0.00

5-Functional                                        0.43                0.03
-----------------------------------------------------------------------------
  5-Functional: apply gradient                      0.05                0.00
  5-Functional: apply laplacian                     0.02                0.00
  5-Functional: libxc                               0.16                0.01
  5-Functional: vxc                                 0.43                0.03
  5-Functional: vxc grad                            0.25                0.02
  5-Functional: vxc local                           0.05                0.00
  5-Functional: vxc nonlocal                        0.00                0.00

6-Davidson                                          3.08                0.21
-----------------------------------------------------------------------------
  6-Davidson: Betaxpsi                              0.37                0.02
  6-Davidson: apply hamiltonian                     0.72                0.05
  6-Davidson: diagonalization                       0.27                0.02
  6-Davidson: generate residuals                    0.26                0.02
  6-Davidson: matrix setup/reduce                   0.41                0.03
  6-Davidson: normalization                         0.02                0.00
  6-Davidson: precondition                          0.83                0.06
  6-Davidson: rotate orbitals                       0.14                0.01

AppNls                                              0.44                0.03
-----------------------------------------------------------------------------
  AppNls: data_rearrange                            0.01                0.00
  ---------------------------------------------------------------------------
    AppNls: data_rearrange: alloc and zeros           0.00                0.00
    AppNls: data_rearrange: dnm                     0.00                0.00
    AppNls: data_rearrange: sint                    0.00                0.00
  AppNls: nv                                        0.38                0.03
  AppNls: nv_work                                   0.00                0.00

App_gradient                                        0.05                0.00

CPUFD                                               0.00                0.00

Compute Hpsi                                        0.12                0.01
-----------------------------------------------------------------------------
  Compute Hpsi: AppNls                              0.05                0.00
  Compute Hpsi: Threaded Apply H                    0.07                0.00

GlobalSums                                          0.14                0.01

Init                                                0.77                0.05

Init Voronoi                                        0.11                0.01

Mix rho                                             0.04                0.00
-----------------------------------------------------------------------------
  Mix rho: Broyden                                  0.03                0.00
  Mix rho: Linear                                   0.00                0.00

Orbital                                             0.00                0.00
-----------------------------------------------------------------------------
  Orbital: phase and set                            0.00                0.00
  Orbital: proj cal                                 0.00                0.00
  Trade images: trade_images                        0.00                0.00
  Trade images: trade_imagesx                       0.05                0.00

VhPfft                                              0.21                0.01

Weight                                              0.00                0.00

radial beta                                         0.19                0.01


------------------------- TIMING INFORMATION FOR THREADS  -------------------

                                           Min            Max            Avg
CPUFD                                      0.18           0.18           0.18
-----------------------------------------------------------------------------

GlobalSums                                 0.09           0.09           0.09
-----------------------------------------------------------------------------

Mg_eig                                     0.51           0.51           0.51
-----------------------------------------------------------------------------
  Mg_eig: apply hamiltonian                0.26           0.26           0.26
  Mg_eig: mgrid_solv                       0.14           0.14           0.14
  Trade images: trade_images               0.65           0.65           0.65
  Trade images: trade_imagesx              0.63           0.63           0.63
