RMG initialization ... 1 image(s) total, 1 per node. 32 MPI processes/image. Thread level 2.
FFT-FD  0.000000e+00   7.854786e-01   7.854764e-01   2.189163e-06
FFT-FD  1.000000e+00   7.854786e-01   7.854764e-01   2.189163e-06
IP=0 M = 0.000000e+00  -inf  2.189163e-06
FFT-FD  0.000000e+00   2.257197e+00   2.257190e+00   7.720281e-06
FFT-FD  1.000000e+00   2.257197e+00   2.257190e+00   7.720281e-06
IP=1 M = 0.000000e+00  -inf  7.720281e-06
FFT-FD  0.000000e+00   2.257197e+00   2.257190e+00   7.720281e-06
FFT-FD  1.000000e+00   2.257197e+00   2.257190e+00   7.720281e-06
IP=2 M = 0.000000e+00  -inf  7.720281e-06
FFT-FD  0.000000e+00   2.257197e+00   2.257190e+00   7.720281e-06
FFT-FD  1.000000e+00   2.257197e+00   2.257190e+00   7.720281e-06
IP=3 M = 0.000000e+00  -inf  7.720281e-06
FFT-FD  0.000000e+00   2.678435e-01   2.678435e-01   1.478308e-09
FFT-FD  1.000000e+00   2.678435e-01   2.678435e-01   1.478308e-09
IP=0 M = 0.000000e+00  -inf  1.478308e-09
FFT-FD  0.000000e+00   3.882435e-01   3.882435e-01   2.127398e-11
FFT-FD  1.000000e+00   3.882435e-01   3.882435e-01   2.127398e-11
IP=1 M = 0.000000e+00  -inf  2.127398e-11
FFT-FD  0.000000e+00   3.882435e-01   3.882435e-01   2.127509e-11
FFT-FD  1.000000e+00   3.882435e-01   3.882435e-01   2.127509e-11
IP=2 M = 0.000000e+00  -inf  2.127509e-11
FFT-FD  0.000000e+00   3.882435e-01   3.882435e-01   2.127437e-11
FFT-FD  1.000000e+00   3.882435e-01   3.882435e-01   2.127437e-11
IP=3 M = 0.000000e+00  -inf  2.127437e-11
NEWCFAC = 0.000000  0.000000


                     * * * * * * * * * *
                     *    R   M   G    *
                     * * * * * * * * * *

     -- A Real Space Multigrid Electronic structure code --
     --      More information at www.rmgdft.org          --

Code Revision:     v5.1.0_53_g887bfc3b
Build Date:        May 15 2023  14:30:00
Start time:        Tue May 16 15:17:35 2023

NOTICE: RMG internal pseudopotentials have switched to
ONCVP from Ultrasoft. You can revert to Ultrasoft by
adding the input tag internal_pseudo_type="ultrasoft" to
your input files.


Files
   Control input file:        input7
   Data output file:          /dev/null

Run Setup
    Calculation type:         Quench electrons - Fixed ions SCF calculation
    Description:              SiO2
    Orbital Initialization:   LCAO (96 LCAO and 0 random orbitals)
    Exchange Correlation:     pbe
    Spin Polarization:        OFF
    System charge:            Neutral

Processor Topology
   Total PEs:                 32
   X direction:               4
   Y direction:               4
   Z direction:               2
   MG Threads/PE:             1
   OMP Threads/PE:            1

Grid Points  (Linear Anisotropy: 1.000)
    X:  Total: 64   Per PE: 16   Spacing:0.210 a0  
    Y:  Total: 64   Per PE: 16   Spacing:0.210 a0  
    Z:  Total: 64   Per PE: 32   Spacing:0.210 a0  

    Equivalent energy cutoffs (psi,rho):   223.307    893.227 Ry

    Charge density grid:         2 times finer

Coordinate planes
  Planar Anisotropy: 1.000
  A0-A1 density:    22.626
  A0-A2 density:    22.626
  A1-A2 density:    22.626


Lattice (Cell) Setup
    Type:                       Orthorhombic_primitive
    Volume (a0^3):               2435.77
    Boundary conditions:        Periodic

    X Basis Vector:      13.455       0.000       0.000 a0
    Y Basis Vector:       0.000      13.455       0.000 a0
    Z Basis Vector:       0.000       0.000      13.455 a0
    X Reci Vector:       0.074      -0.000       0.000 a0
    Y Reci Vector:       0.000       0.074       0.000 a0
    Z Reci Vector:       0.000      -0.000       0.074 a0

K-points
    Gamma Point Only (real orbitals)

Atoms and States
    Number of ions:                          24
    Number of species:                       2
    Number of states:                        79

Run Parameters
    SCF Convergence criterion (potential):   1.00e-10
    SCF Convergence criterion (energy):      1.00e-10
    Max SCF steps:                           30

SCF Cycle Settings
    Charge density mixing:                   Broyden
    Hartree Solver:                          PFFT
    Interpolation type:                      FFT

Finite Difference parameters
    Kohn Sham FD Order:                      12  
    Force Gradient Order:                    FFT
    Adaptive Finite Differencing:            Off

Subspace Diagonalization Options
    Frequency:                               every 1 SCF step(s)
    Driver:                                  ScaLapack
    Initial diagonalization:                 ON
    Folded spectrum:                         OFF

Filtering Cutoff  Parameters
    Wavefunction grid (cparm):               0.800
    Charge density grid (rhocparm):          1.000
    Filter factor:                           1.000

Multigrid (MG) Parameters
    Psi MG levels:                           3
    Psi global step:                         0.660 
    Psi pre:                                 2
    Psi post:                                2

Davidson Parameters
    Davidson multiplier:                     4
    Davidson max step:                       8
    Davidson unocc tol factor:               1000.000

Blas Libraries
    CPU support with openblas-parallel.


Atomic Species Information
(PP = Pseudopotential, US = Ultrasoft, NC = Norm Conserving)
-------------------------------------------------------------------------
|Index|Symbol| Mass|Valence| PP |  Comp  |Local| Local|Nlocal|    PP    |
|     |      |     |       |Type|Gaussian|  l  |Radius|Radius|Functional|
-------------------------------------------------------------------------
|    1|     O| 15.0|   6.00|  NC|    0.50|   -1| 10.00|  7.00|       PBE|
|    2|    Si| 28.0|   4.00|  NC|    0.50|   -1| 10.00|  7.00|       PBE|
-------------------------------------------------------------------------

Pseudopotential generation information:
   O pseudopotential file: ./@Internal
      Generation info     : Generated using ONCVPSP code by D. R. Hamann
      Author info         : anonymous
  Si pseudopotential file: ./@Internal
      Generation info     : Generated using ONCVPSP code by D. R. Hamann
      Author info         : anonymous


Memory usage (Mbytes):     Min        Max       Total
    wave functions         20.71      20.71     662.73
    beta-functions         12.58      12.58     402.69



Initial Ionic Positions And Displacements (Bohr)
Species      X           Y           Z           dX          dY          dZ
  Si       0.0000      0.0000      0.0000      0.0000      0.0000      0.0000
  Si       3.3637      3.3637      3.3637      0.0000      0.0000      0.0000
  Si      10.0911      3.3637     10.0911      0.0000      0.0000      0.0000
  Si       3.3637     10.0911     10.0911      0.0000      0.0000      0.0000
  Si      10.0911     10.0911      3.3637      0.0000      0.0000      0.0000
  Si       0.0000      6.7274      6.7274      0.0000      0.0000      0.0000
  Si       6.7274      0.0000      6.7274      0.0000      0.0000      0.0000
  Si       6.7274      6.7274      0.0000      0.0000      0.0000      0.0000
  O        1.6819      1.6819      1.6819      0.0000      0.0000      0.0000
  O       11.7730      1.6819     11.7730      0.0000      0.0000      0.0000
  O        1.6819     11.7730     11.7730      0.0000      0.0000      0.0000
  O       11.7730     11.7730      1.6819      0.0000      0.0000      0.0000
  O        1.6819      8.4093      8.4093      0.0000      0.0000      0.0000
  O        8.4093      1.6819      8.4093      0.0000      0.0000      0.0000
  O        8.4093      8.4093      1.6819      0.0000      0.0000      0.0000
  O       11.7730      8.4093      5.0456      0.0000      0.0000      0.0000
  O        5.0456      1.6819      5.0456      0.0000      0.0000      0.0000
  O        5.0456      8.4093     11.7730      0.0000      0.0000      0.0000
  O        1.6819      5.0456      5.0456      0.0000      0.0000      0.0000
  O        8.4093     11.7730      5.0456      0.0000      0.0000      0.0000
  O        8.4093      5.0456     11.7730      0.0000      0.0000      0.0000
  O       11.7730      5.0456      8.4093      0.0000      0.0000      0.0000
  O        5.0456     11.7730      8.4093      0.0000      0.0000      0.0000
  O        5.0456      5.0456      1.6819      0.0000      0.0000      0.0000


Initial Ionic Positions And Displacements (Angstrom)
Species      X           Y           Z           dX          dY          dZ
  Si       0.0000      0.0000      0.0000      0.0000      0.0000      0.0000
  Si       1.7800      1.7800      1.7800      0.0000      0.0000      0.0000
  Si       5.3400      1.7800      5.3400      0.0000      0.0000      0.0000
  Si       1.7800      5.3400      5.3400      0.0000      0.0000      0.0000
  Si       5.3400      5.3400      1.7800      0.0000      0.0000      0.0000
  Si       0.0000      3.5600      3.5600      0.0000      0.0000      0.0000
  Si       3.5600      0.0000      3.5600      0.0000      0.0000      0.0000
  Si       3.5600      3.5600      0.0000      0.0000      0.0000      0.0000
  O        0.8900      0.8900      0.8900      0.0000      0.0000      0.0000
  O        6.2300      0.8900      6.2300      0.0000      0.0000      0.0000
  O        0.8900      6.2300      6.2300      0.0000      0.0000      0.0000
  O        6.2300      6.2300      0.8900      0.0000      0.0000      0.0000
  O        0.8900      4.4500      4.4500      0.0000      0.0000      0.0000
  O        4.4500      0.8900      4.4500      0.0000      0.0000      0.0000
  O        4.4500      4.4500      0.8900      0.0000      0.0000      0.0000
  O        6.2300      4.4500      2.6700      0.0000      0.0000      0.0000
  O        2.6700      0.8900      2.6700      0.0000      0.0000      0.0000
  O        2.6700      4.4500      6.2300      0.0000      0.0000      0.0000
  O        0.8900      2.6700      2.6700      0.0000      0.0000      0.0000
  O        4.4500      6.2300      2.6700      0.0000      0.0000      0.0000
  O        4.4500      2.6700      6.2300      0.0000      0.0000      0.0000
  O        6.2300      2.6700      4.4500      0.0000      0.0000      0.0000
  O        2.6700      6.2300      4.4500      0.0000      0.0000      0.0000
  O        2.6700      2.6700      0.8900      0.0000      0.0000      0.0000

Diagonalization using scalapack for step=0  count=0



KOHN SHAM EIGENVALUES [eV] AT K-POINT [  0]:       0.000000      0.000000      0.000000

[kpt   0  -1   0]   -22.2079 [2.000]   -21.3863 [2.000]   -21.3863 [2.000]   -21.3863 [2.000]   -21.3863 [2.000]
[kpt   0  -1   1]   -21.3863 [2.000]   -21.3863 [2.000]   -20.2922 [2.000]   -20.2922 [2.000]   -20.2922 [2.000]
[kpt   0  -1   2]   -20.2723 [2.000]   -20.2723 [2.000]   -20.2723 [2.000]   -20.2723 [2.000]   -20.2723 [2.000]
[kpt   0  -1   3]   -20.2723 [2.000]   -11.9735 [2.000]    -9.8963 [2.000]    -9.8963 [2.000]    -9.8963 [2.000]
[kpt   0  -1   4]    -9.8963 [2.000]    -9.8963 [2.000]    -9.8963 [2.000]    -8.2246 [2.000]    -8.2246 [2.000]
[kpt   0  -1   5]    -8.2246 [2.000]    -7.9100 [2.000]    -7.9100 [2.000]    -7.9100 [2.000]    -7.9100 [2.000]
[kpt   0  -1   6]    -7.9100 [2.000]    -7.9100 [2.000]    -5.0347 [2.000]    -5.0347 [2.000]    -5.0347 [2.000]
[kpt   0  -1   7]    -5.0347 [2.000]    -5.0347 [2.000]    -5.0347 [2.000]    -4.9398 [2.000]    -4.9398 [2.000]
[kpt   0  -1   8]    -4.7494 [2.000]    -4.7494 [2.000]    -4.7494 [2.000]    -4.7494 [2.000]    -4.7494 [2.000]
[kpt   0  -1   9]    -4.7494 [2.000]    -4.5188 [2.000]    -4.5188 [2.000]    -4.5188 [2.000]    -3.9889 [2.000]
[kpt   0  -1  10]    -3.9889 [2.000]    -3.9889 [2.000]    -3.9889 [2.000]    -3.9889 [2.000]    -3.9889 [2.000]
[kpt   0  -1  11]    -3.4082 [2.000]    -3.4082 [2.000]    -3.4082 [2.000]    -3.4082 [2.000]    -3.4082 [2.000]
[kpt   0  -1  12]    -3.4082 [2.000]    -2.9358 [2.000]    -2.9358 [2.000]    -2.9358 [2.000]     7.6045 [0.000]
[kpt   0  -1  13]    10.2752 [0.000]    10.2752 [0.000]    10.2752 [0.000]    10.2752 [0.000]    10.2752 [0.000]
[kpt   0  -1  14]    10.2752 [0.000]    12.4079 [0.000]    12.4079 [0.000]    12.4079 [0.000]    13.3736 [0.000]
[kpt   0  -1  15]    13.3736 [0.000]    13.3736 [0.000]    13.3736 [0.000]    13.3736 [0.000]    13.3736 [0.000]
[kpt   0  -1  16]    15.0431 [0.000]    15.0431 [0.000]    15.0431 [0.000]    15.0431 [0.000]    15.0431 [0.000]
[kpt   0  -1  17]    15.0431 [0.000]    15.3630 [0.000]    15.3630 [0.000]    15.3630 [0.000]    15.3630 [0.000]
[kpt   0  -1  18]    15.3630 [0.000]    15.3630 [0.000]    16.6473 [0.000]    16.6473 [0.000]    16.6473 [0.000]
[kpt   0  -1  19]    17.2085 [0.000]


Charge normalization constant -1.0: -1.665335e-14
Charge density mixing: Linear with a constant of 0.50 

Diagonalization using scalapack for step=0  count=1


FERMI ENERGY =     -0.00742793 eV
@@ EIGENVALUE SUM     =      -65.076035 Ry
@@ ION_ION            =     -272.916107 Ry
@@ ELECTROSTATIC      =     -284.888847 Ry
@@ VXC                =     -179.079258 Ry
@@ EXC                =     -137.842097 Ry
@@ TOTAL ENERGY       =     -581.643827 Ry
@@ estimated error    =   ****************
Charge normalization constant -1.0: -2.220446e-16
Charge density mixing: Linear with a constant of 0.50 
WriteRestart: Output file given as /dev/null, no restart data written ...


KOHN SHAM EIGENVALUES [eV] AT K-POINT [  0]:       0.000000      0.000000      0.000000

[kpt   0   0   0]   -19.5802 [2.000]   -18.6169 [2.000]   -18.6120 [2.000]   -18.6100 [2.000]   -18.6065 [2.000]
[kpt   0   0   1]   -18.6031 [2.000]   -18.6000 [2.000]   -17.3131 [2.000]   -17.3098 [2.000]   -17.3088 [2.000]
[kpt   0   0   2]   -17.3074 [2.000]   -17.3057 [2.000]   -17.3036 [2.000]   -17.3021 [2.000]   -17.2990 [2.000]
[kpt   0   0   3]   -17.2982 [2.000]    -9.5309 [2.000]    -7.3016 [2.000]    -7.2987 [2.000]    -7.2980 [2.000]
[kpt   0   0   4]    -7.2967 [2.000]    -7.2956 [2.000]    -7.2930 [2.000]    -5.7323 [2.000]    -5.7302 [2.000]
[kpt   0   0   5]    -5.7290 [2.000]    -5.0271 [2.000]    -5.0270 [2.000]    -5.0251 [2.000]    -5.0246 [2.000]
[kpt   0   0   6]    -5.0227 [2.000]    -5.0219 [2.000]    -2.8323 [2.000]    -2.8322 [2.000]    -2.8314 [2.000]
[kpt   0   0   7]    -2.8308 [2.000]    -2.8304 [2.000]    -2.8301 [2.000]    -2.6275 [2.000]    -2.6275 [2.000]
[kpt   0   0   8]    -2.5026 [2.000]    -2.5024 [2.000]    -2.5018 [2.000]    -2.5017 [2.000]    -2.5012 [2.000]
[kpt   0   0   9]    -2.4730 [2.000]    -1.8850 [2.000]    -1.8846 [2.000]    -1.8842 [2.000]    -1.4211 [2.000]
[kpt   0   0  10]    -1.4206 [2.000]    -1.4205 [2.000]    -1.4200 [2.000]    -1.4194 [2.000]    -1.4191 [2.000]
[kpt   0   0  11]    -0.6086 [2.000]    -0.6086 [2.000]    -0.6082 [2.000]    -0.6080 [2.000]    -0.6076 [2.000]
[kpt   0   0  12]    -0.6073 [2.000]    -0.0084 [2.000]    -0.0081 [2.000]    -0.0074 [2.000]     8.4065 [0.000]
[kpt   0   0  13]    10.9531 [0.000]    10.9533 [0.000]    10.9535 [0.000]    10.9537 [0.000]    10.9540 [0.000]
[kpt   0   0  14]    10.9543 [0.000]    12.1354 [0.000]    12.1357 [0.000]    12.1357 [0.000]    13.9335 [0.000]
[kpt   0   0  15]    13.9337 [0.000]    13.9338 [0.000]    13.9340 [0.000]    13.9341 [0.000]



Total charge in supercell =     128.00000000
 quench: [md:   0/100  scf:   0/30  step time:   0.51  scf time:     0.67 secs  RMS[dV]: 5.25e-02 ]


average potential <V> = 9.78e-16

Diagonalization using scalapack for step=1  count=2


FERMI ENERGY =      1.45897495 eV
@@ EIGENVALUE SUM     =      -54.626580 Ry
@@ ION_ION            =     -272.916107 Ry
@@ ELECTROSTATIC      =     -296.766539 Ry
@@ VXC                =     -182.195087 Ry
@@ EXC                =     -140.262286 Ry
@@ TOTAL ENERGY       =     -582.376425 Ry
@@ estimated error    =        6.12e-01 Ry
Charge normalization constant -1.0: 1.554312e-15
Charge density mixing: Linear with a constant of 0.50 


KOHN SHAM EIGENVALUES [eV] AT K-POINT [  0]:       0.000000      0.000000      0.000000

[kpt   0   1   0]   -18.4636 [2.000]   -17.4280 [2.000]   -17.4276 [2.000]   -17.4263 [2.000]   -17.4243 [2.000]
[kpt   0   1   1]   -17.4212 [2.000]   -17.4169 [2.000]   -15.9570 [2.000]   -15.9548 [2.000]   -15.9490 [2.000]
[kpt   0   1   2]   -15.9468 [2.000]   -15.9444 [2.000]   -15.9413 [2.000]   -15.9273 [2.000]   -15.9182 [2.000]
[kpt   0   1   3]   -15.9172 [2.000]    -9.2545 [2.000]    -6.7273 [2.000]    -6.7269 [2.000]    -6.7237 [2.000]
[kpt   0   1   4]    -6.7225 [2.000]    -6.7192 [2.000]    -6.7181 [2.000]    -4.9249 [2.000]    -4.9245 [2.000]
[kpt   0   1   5]    -4.9221 [2.000]    -4.2489 [2.000]    -4.2477 [2.000]    -4.2446 [2.000]    -4.2415 [2.000]
[kpt   0   1   6]    -4.2397 [2.000]    -4.2347 [2.000]    -1.6957 [2.000]    -1.6931 [2.000]    -1.6878 [2.000]
[kpt   0   1   7]    -1.6847 [2.000]    -1.6794 [2.000]    -1.6791 [2.000]    -1.4195 [2.000]    -1.4194 [2.000]
[kpt   0   1   8]    -1.3426 [2.000]    -1.3367 [2.000]    -1.3319 [2.000]    -1.3297 [2.000]    -1.3244 [2.000]
[kpt   0   1   9]    -1.3142 [2.000]    -0.7652 [2.000]    -0.7585 [2.000]    -0.7582 [2.000]    -0.1605 [2.000]
[kpt   0   1  10]    -0.1528 [2.000]    -0.1510 [2.000]    -0.1401 [2.000]    -0.1385 [2.000]    -0.1318 [2.000]
[kpt   0   1  11]     0.7227 [2.000]     0.7291 [2.000]     0.7304 [2.000]     0.7354 [2.000]     0.7367 [2.000]
[kpt   0   1  12]     0.7421 [2.000]     1.4539 [2.000]     1.4542 [2.000]     1.4590 [2.000]     8.7968 [0.000]
[kpt   0   1  13]    11.3192 [0.000]    11.3193 [0.000]    11.3210 [0.000]    11.3214 [0.000]    11.3218 [0.000]
[kpt   0   1  14]    11.3222 [0.000]    11.7806 [0.000]    11.7816 [0.000]    11.7841 [0.000]    14.1518 [0.000]
[kpt   0   1  15]    14.1537 [0.000]    14.1542 [0.000]    14.1548 [0.000]    46.9808 [0.000]



Total charge in supercell =     128.00000000
 quench: [md:   0/100  scf:   1/30  step time:   0.45  scf time:     1.11 secs  RMS[dV]: 2.97e-02 ]


average potential <V> = 7.42e-16

Diagonalization using scalapack for step=2  count=3


FERMI ENERGY =      1.78397893 eV
@@ EIGENVALUE SUM     =      -53.125010 Ry
@@ ION_ION            =     -272.916107 Ry
@@ ELECTROSTATIC      =     -295.813384 Ry
@@ VXC                =     -181.653539 Ry
@@ EXC                =     -139.838361 Ry
@@ TOTAL ENERGY       =     -580.039323 Ry
@@ estimated error    =        1.98e-01 Ry
Charge normalization constant -1.0: 0.000000e+00
Charge density mixing: Linear with a constant of 0.50 


KOHN SHAM EIGENVALUES [eV] AT K-POINT [  0]:       0.000000      0.000000      0.000000

[kpt   0   2   0]   -18.3471 [2.000]   -17.3134 [2.000]   -17.3088 [2.000]   -17.3060 [2.000]   -17.3013 [2.000]
[kpt   0   2   1]   -17.2993 [2.000]   -17.2880 [2.000]   -15.8310 [2.000]   -15.8266 [2.000]   -15.8224 [2.000]
[kpt   0   2   2]   -15.8195 [2.000]   -15.8182 [2.000]   -15.8079 [2.000]   -15.7843 [2.000]   -15.7748 [2.000]
[kpt   0   2   3]   -15.7701 [2.000]    -9.1836 [2.000]    -6.6348 [2.000]    -6.6334 [2.000]    -6.6316 [2.000]
[kpt   0   2   4]    -6.6304 [2.000]    -6.6272 [2.000]    -6.6238 [2.000]    -4.8127 [2.000]    -4.8111 [2.000]
[kpt   0   2   5]    -4.8073 [2.000]    -4.1532 [2.000]    -4.1502 [2.000]    -4.1483 [2.000]    -4.1463 [2.000]
[kpt   0   2   6]    -4.1455 [2.000]    -4.1422 [2.000]    -1.5451 [2.000]    -1.5430 [2.000]    -1.5418 [2.000]
[kpt   0   2   7]    -1.5388 [2.000]    -1.5355 [2.000]    -1.5284 [2.000]    -1.2643 [2.000]    -1.2641 [2.000]
[kpt   0   2   8]    -1.1504 [2.000]    -1.1395 [2.000]    -1.1355 [2.000]    -1.1342 [2.000]    -1.1330 [2.000]
[kpt   0   2   9]    -1.1324 [2.000]    -0.6172 [2.000]    -0.6118 [2.000]    -0.6113 [2.000]     0.0575 [2.000]
[kpt   0   2  10]     0.0661 [2.000]     0.0687 [2.000]     0.0736 [2.000]     0.0751 [2.000]     0.0822 [2.000]
[kpt   0   2  11]     0.9840 [2.000]     0.9890 [2.000]     0.9909 [2.000]     0.9944 [2.000]     0.9979 [2.000]
[kpt   0   2  12]     1.0010 [2.000]     1.7794 [2.000]     1.7813 [2.000]     1.7840 [2.000]     8.5319 [0.000]
[kpt   0   2  13]    11.1823 [0.000]    11.1842 [0.000]    11.1862 [0.000]    11.1866 [0.000]    11.1874 [0.000]
[kpt   0   2  14]    11.1878 [0.000]    11.4154 [0.000]    11.4159 [0.000]    11.4195 [0.000]    14.0211 [0.000]
[kpt   0   2  15]    14.0215 [0.000]    14.0224 [0.000]    14.0238 [0.000]    46.1994 [0.000]



Total charge in supercell =     128.00000000
 quench: [md:   0/100  scf:   2/30  step time:   0.45  scf time:     1.56 secs  RMS[dV]: 1.47e-02 ]


average potential <V> = 8.15e-16

Diagonalization using scalapack for step=3  count=4


FERMI ENERGY =      1.61358723 eV
@@ EIGENVALUE SUM     =      -54.845376 Ry
@@ ION_ION            =     -272.916107 Ry
@@ ELECTROSTATIC      =     -291.703374 Ry
@@ VXC                =     -180.284695 Ry
@@ EXC                =     -138.771570 Ry
@@ TOTAL ENERGY       =     -577.951732 Ry
@@ estimated error    =        2.99e-01 Ry
Charge normalization constant -1.0: -1.554312e-15
Charge density mixing: Linear with a constant of 0.50 


KOHN SHAM EIGENVALUES [eV] AT K-POINT [  0]:       0.000000      0.000000      0.000000

[kpt   0   3   0]   -18.5429 [2.000]   -17.5298 [2.000]   -17.5238 [2.000]   -17.5215 [2.000]   -17.5157 [2.000]
[kpt   0   3   1]   -17.5126 [2.000]   -17.4990 [2.000]   -16.0879 [2.000]   -16.0837 [2.000]   -16.0779 [2.000]
[kpt   0   3   2]   -16.0737 [2.000]   -16.0663 [2.000]   -16.0576 [2.000]   -16.0424 [2.000]   -16.0282 [2.000]
[kpt   0   3   3]   -16.0215 [2.000]    -9.2610 [2.000]    -6.7563 [2.000]    -6.7550 [2.000]    -6.7534 [2.000]
[kpt   0   3   4]    -6.7503 [2.000]    -6.7471 [2.000]    -6.7397 [2.000]    -4.9419 [2.000]    -4.9364 [2.000]
[kpt   0   3   5]    -4.9325 [2.000]    -4.2974 [2.000]    -4.2966 [2.000]    -4.2933 [2.000]    -4.2916 [2.000]
[kpt   0   3   6]    -4.2870 [2.000]    -4.2825 [2.000]    -1.7338 [2.000]    -1.7317 [2.000]    -1.7276 [2.000]
[kpt   0   3   7]    -1.7264 [2.000]    -1.7210 [2.000]    -1.7192 [2.000]    -1.4637 [2.000]    -1.4636 [2.000]
[kpt   0   3   8]    -1.3101 [2.000]    -1.3084 [2.000]    -1.2962 [2.000]    -1.2959 [2.000]    -1.2941 [2.000]
[kpt   0   3   9]    -1.2933 [2.000]    -0.8179 [2.000]    -0.8147 [2.000]    -0.8140 [2.000]    -0.1292 [2.000]
[kpt   0   3  10]    -0.1281 [2.000]    -0.1231 [2.000]    -0.1187 [2.000]    -0.1176 [2.000]    -0.1154 [2.000]
[kpt   0   3  11]     0.8006 [2.000]     0.8021 [2.000]     0.8031 [2.000]     0.8082 [2.000]     0.8094 [2.000]
[kpt   0   3  12]     0.8150 [2.000]     1.6054 [2.000]     1.6080 [2.000]     1.6136 [2.000]     8.1894 [0.000]
[kpt   0   3  13]    10.9416 [0.000]    10.9438 [0.000]    10.9458 [0.000]    10.9464 [0.000]    10.9475 [0.000]
[kpt   0   3  14]    10.9484 [0.000]    11.1806 [0.000]    11.1812 [0.000]    11.1851 [0.000]    13.7882 [0.000]
[kpt   0   3  15]    13.7887 [0.000]    13.7900 [0.000]    13.7908 [0.000]    45.3574 [0.000]



Total charge in supercell =     128.00000000
 quench: [md:   0/100  scf:   3/30  step time:   0.45  scf time:     2.01 secs  RMS[dV]: 1.42e-02 ]


average potential <V> = -2.60e-16
Davidson converged in 3 steps

FERMI ENERGY =      1.46569266 eV
@@ EIGENVALUE SUM     =      -56.512868 Ry
@@ ION_ION            =     -272.916107 Ry
@@ ELECTROSTATIC      =     -288.357376 Ry
@@ VXC                =     -179.200885 Ry
@@ EXC                =     -137.926974 Ry
@@ TOTAL ENERGY       =     -576.512439 Ry
@@ estimated error    =        1.73e-01 Ry
Charge normalization constant -1.0: -1.332268e-15
Charge density mixing: Broyden


KOHN SHAM EIGENVALUES [eV] AT K-POINT [  0]:       0.000000      0.000000      0.000000

[kpt   0   4   0]   -18.7278 [2.000]   -17.7356 [2.000]   -17.7297 [2.000]   -17.7268 [2.000]   -17.7182 [2.000]
[kpt   0   4   1]   -17.7135 [2.000]   -17.6917 [2.000]   -16.3351 [2.000]   -16.3294 [2.000]   -16.3184 [2.000]
[kpt   0   4   2]   -16.3121 [2.000]   -16.2989 [2.000]   -16.2932 [2.000]   -16.2837 [2.000]   -16.2683 [2.000]
[kpt   0   4   3]   -16.2551 [2.000]    -9.3794 [2.000]    -6.9118 [2.000]    -6.9084 [2.000]    -6.9067 [2.000]
[kpt   0   4   4]    -6.8992 [2.000]    -6.8953 [2.000]    -6.8793 [2.000]    -5.0904 [2.000]    -5.0779 [2.000]
[kpt   0   4   5]    -5.0721 [2.000]    -4.4631 [2.000]    -4.4615 [2.000]    -4.4522 [2.000]    -4.4491 [2.000]
[kpt   0   4   6]    -4.4368 [2.000]    -4.4269 [2.000]    -1.9190 [2.000]    -1.9125 [2.000]    -1.9104 [2.000]
[kpt   0   4   7]    -1.9058 [2.000]    -1.8981 [2.000]    -1.8918 [2.000]    -1.6400 [2.000]    -1.6383 [2.000]
[kpt   0   4   8]    -1.4773 [2.000]    -1.4715 [2.000]    -1.4700 [2.000]    -1.4624 [2.000]    -1.4608 [2.000]
[kpt   0   4   9]    -1.4459 [2.000]    -0.9964 [2.000]    -0.9961 [2.000]    -0.9950 [2.000]    -0.3037 [2.000]
[kpt   0   4  10]    -0.2970 [2.000]    -0.2944 [2.000]    -0.2909 [2.000]    -0.2788 [2.000]    -0.2680 [2.000]
[kpt   0   4  11]     0.6265 [2.000]     0.6356 [2.000]     0.6369 [2.000]     0.6472 [2.000]     0.6487 [2.000]
[kpt   0   4  12]     0.6617 [2.000]     1.4471 [2.000]     1.4539 [2.000]     1.4657 [2.000]     7.1862 [0.000]
[kpt   0   4  13]    10.0081 [0.000]    10.0108 [0.000]    10.0128 [0.000]    10.0140 [0.000]    10.0175 [0.000]
[kpt   0   4  14]    10.0193 [0.000]    10.4982 [0.000]    10.4987 [0.000]    10.5004 [0.000]    13.2443 [0.000]
[kpt   0   4  15]    13.2466 [0.000]    13.2472 [0.000]    13.2500 [0.000]    13.2534 [0.000]



Total charge in supercell =     128.00000000
 quench: [md:   0/100  scf:   4/30  step time:   0.55  scf time:     2.57 secs  RMS[dV]: 1.05e-02 ]


average potential <V> = -9.54e-16
Davidson converged in 2 steps

FERMI ENERGY =      0.93650312 eV
@@ EIGENVALUE SUM     =      -59.981429 Ry
@@ ION_ION            =     -272.916107 Ry
@@ ELECTROSTATIC      =     -284.573153 Ry
@@ VXC                =     -178.029660 Ry
@@ EXC                =     -137.014687 Ry
@@ TOTAL ENERGY       =     -576.455715 Ry
@@ estimated error    =        1.73e-01 Ry
Charge normalization constant -1.0: -6.661338e-16
Charge density mixing: Broyden


KOHN SHAM EIGENVALUES [eV] AT K-POINT [  0]:       0.000000      0.000000      0.000000

[kpt   0   5   0]   -19.0672 [2.000]   -18.1012 [2.000]   -18.0898 [2.000]   -18.0876 [2.000]   -18.0840 [2.000]
[kpt   0   5   1]   -18.0823 [2.000]   -18.0787 [2.000]   -16.7549 [2.000]   -16.7489 [2.000]   -16.7421 [2.000]
[kpt   0   5   2]   -16.7409 [2.000]   -16.7377 [2.000]   -16.7335 [2.000]   -16.7131 [2.000]   -16.7110 [2.000]
[kpt   0   5   3]   -16.7005 [2.000]    -9.5178 [2.000]    -7.1288 [2.000]    -7.1198 [2.000]    -7.1179 [2.000]
[kpt   0   5   4]    -7.1149 [2.000]    -7.1135 [2.000]    -7.1109 [2.000]    -5.3411 [2.000]    -5.3382 [2.000]
[kpt   0   5   5]    -5.3318 [2.000]    -4.7363 [2.000]    -4.7310 [2.000]    -4.7247 [2.000]    -4.7234 [2.000]
[kpt   0   5   6]    -4.7182 [2.000]    -4.7177 [2.000]    -2.2697 [2.000]    -2.2651 [2.000]    -2.2607 [2.000]
[kpt   0   5   7]    -2.2590 [2.000]    -2.2585 [2.000]    -2.2550 [2.000]    -2.0235 [2.000]    -2.0227 [2.000]
[kpt   0   5   8]    -1.8376 [2.000]    -1.8317 [2.000]    -1.8315 [2.000]    -1.8280 [2.000]    -1.8276 [2.000]
[kpt   0   5   9]    -1.8242 [2.000]    -1.3947 [2.000]    -1.3945 [2.000]    -1.3943 [2.000]    -0.7305 [2.000]
[kpt   0   5  10]    -0.7265 [2.000]    -0.7224 [2.000]    -0.7198 [2.000]    -0.7193 [2.000]    -0.7151 [2.000]
[kpt   0   5  11]     0.1611 [2.000]     0.1692 [2.000]     0.1699 [2.000]     0.1746 [2.000]     0.1751 [2.000]
[kpt   0   5  12]     0.1791 [2.000]     0.9273 [2.000]     0.9340 [2.000]     0.9365 [2.000]     6.8468 [0.000]
[kpt   0   5  13]     9.7633 [0.000]     9.7646 [0.000]     9.7649 [0.000]     9.7652 [0.000]     9.7663 [0.000]
[kpt   0   5  14]     9.7676 [0.000]    10.5113 [0.000]    10.5115 [0.000]    10.5116 [0.000]    13.0160 [0.000]
[kpt   0   5  15]    13.0162 [0.000]    13.0166 [0.000]    13.0178 [0.000]    13.0205 [0.000]



Total charge in supercell =     128.00000000
 quench: [md:   0/100  scf:   5/30  step time:   0.51  scf time:     3.07 secs  RMS[dV]: 9.93e-03 ]


average potential <V> = -2.91e-16
Davidson converged in 3 steps

FERMI ENERGY =      1.07732745 eV
@@ EIGENVALUE SUM     =      -58.676879 Ry
@@ ION_ION            =     -272.916107 Ry
@@ ELECTROSTATIC      =     -285.953809 Ry
@@ VXC                =     -178.379149 Ry
@@ EXC                =     -137.285916 Ry
@@ TOTAL ENERGY       =     -576.453563 Ry
@@ estimated error    =        1.10e-02 Ry
Charge normalization constant -1.0: -2.664535e-15
Charge density mixing: Broyden


KOHN SHAM EIGENVALUES [eV] AT K-POINT [  0]:       0.000000      0.000000      0.000000

[kpt   0   6   0]   -18.9269 [2.000]   -17.9442 [2.000]   -17.9436 [2.000]   -17.9432 [2.000]   -17.9426 [2.000]
[kpt   0   6   1]   -17.9421 [2.000]   -17.9399 [2.000]   -16.5914 [2.000]   -16.5914 [2.000]   -16.5901 [2.000]
[kpt   0   6   2]   -16.5898 [2.000]   -16.5883 [2.000]   -16.5872 [2.000]   -16.5597 [2.000]   -16.5574 [2.000]
[kpt   0   6   3]   -16.5564 [2.000]    -9.3812 [2.000]    -6.9723 [2.000]    -6.9718 [2.000]    -6.9716 [2.000]
[kpt   0   6   4]    -6.9711 [2.000]    -6.9709 [2.000]    -6.9693 [2.000]    -5.1961 [2.000]    -5.1950 [2.000]
[kpt   0   6   5]    -5.1944 [2.000]    -4.5701 [2.000]    -4.5698 [2.000]    -4.5689 [2.000]    -4.5687 [2.000]
[kpt   0   6   6]    -4.5675 [2.000]    -4.5666 [2.000]    -2.1462 [2.000]    -2.1454 [2.000]    -2.1453 [2.000]
[kpt   0   6   7]    -2.1448 [2.000]    -2.1443 [2.000]    -2.1439 [2.000]    -1.9024 [2.000]    -1.9021 [2.000]
[kpt   0   6   8]    -1.7123 [2.000]    -1.7118 [2.000]    -1.7116 [2.000]    -1.7110 [2.000]    -1.7108 [2.000]
[kpt   0   6   9]    -1.7090 [2.000]    -1.2556 [2.000]    -1.2555 [2.000]    -1.2554 [2.000]    -0.5944 [2.000]
[kpt   0   6  10]    -0.5938 [2.000]    -0.5936 [2.000]    -0.5934 [2.000]    -0.5920 [2.000]    -0.5908 [2.000]
[kpt   0   6  11]     0.3094 [2.000]     0.3104 [2.000]     0.3105 [2.000]     0.3114 [2.000]     0.3115 [2.000]
[kpt   0   6  12]     0.3123 [2.000]     1.0758 [2.000]     1.0764 [2.000]     1.0773 [2.000]     6.8128 [0.000]
[kpt   0   6  13]     9.7679 [0.000]     9.7685 [0.000]     9.7688 [0.000]     9.7689 [0.000]     9.7693 [0.000]
[kpt   0   6  14]     9.7694 [0.000]    10.5661 [0.000]    10.5663 [0.000]    10.5665 [0.000]    13.0546 [0.000]
[kpt   0   6  15]    13.0551 [0.000]    13.0553 [0.000]    13.0555 [0.000]    13.0569 [0.000]



Total charge in supercell =     128.00000000
 quench: [md:   0/100  scf:   6/30  step time:   0.53  scf time:     3.60 secs  RMS[dV]: 4.34e-03 ]


average potential <V> = -4.16e-17
Davidson converged in 3 steps

FERMI ENERGY =      1.09682018 eV
@@ EIGENVALUE SUM     =      -58.424641 Ry
@@ ION_ION            =     -272.916107 Ry
@@ ELECTROSTATIC      =     -286.219790 Ry
@@ VXC                =     -178.438977 Ry
@@ EXC                =     -137.331974 Ry
@@ TOTAL ENERGY       =     -576.453535 Ry
@@ estimated error    =        5.72e-04 Ry
Charge normalization constant -1.0: 1.998401e-15
Charge density mixing: Broyden


KOHN SHAM EIGENVALUES [eV] AT K-POINT [  0]:       0.000000      0.000000      0.000000

[kpt   0   7   0]   -18.8979 [2.000]   -17.9139 [2.000]   -17.9139 [2.000]   -17.9138 [2.000]   -17.9137 [2.000]
[kpt   0   7   1]   -17.9136 [2.000]   -17.9135 [2.000]   -16.5619 [2.000]   -16.5618 [2.000]   -16.5617 [2.000]
[kpt   0   7   2]   -16.5616 [2.000]   -16.5615 [2.000]   -16.5614 [2.000]   -16.5300 [2.000]   -16.5299 [2.000]
[kpt   0   7   3]   -16.5296 [2.000]    -9.3425 [2.000]    -6.9339 [2.000]    -6.9338 [2.000]    -6.9337 [2.000]
[kpt   0   7   4]    -6.9337 [2.000]    -6.9336 [2.000]    -6.9335 [2.000]    -5.1616 [2.000]    -5.1616 [2.000]
[kpt   0   7   5]    -5.1614 [2.000]    -4.5314 [2.000]    -4.5314 [2.000]    -4.5312 [2.000]    -4.5312 [2.000]
[kpt   0   7   6]    -4.5311 [2.000]    -4.5310 [2.000]    -2.1250 [2.000]    -2.1249 [2.000]    -2.1248 [2.000]
[kpt   0   7   7]    -2.1247 [2.000]    -2.1246 [2.000]    -2.1246 [2.000]    -1.8822 [2.000]    -1.8821 [2.000]
[kpt   0   7   8]    -1.6906 [2.000]    -1.6905 [2.000]    -1.6905 [2.000]    -1.6903 [2.000]    -1.6903 [2.000]
[kpt   0   7   9]    -1.6902 [2.000]    -1.2301 [2.000]    -1.2301 [2.000]    -1.2301 [2.000]    -0.5730 [2.000]
[kpt   0   7  10]    -0.5729 [2.000]    -0.5729 [2.000]    -0.5727 [2.000]    -0.5726 [2.000]    -0.5726 [2.000]
[kpt   0   7  11]     0.3322 [2.000]     0.3323 [2.000]     0.3324 [2.000]     0.3326 [2.000]     0.3327 [2.000]
[kpt   0   7  12]     0.3327 [2.000]     1.0965 [2.000]     1.0968 [2.000]     1.0968 [2.000]     6.7885 [0.000]
[kpt   0   7  13]     9.7622 [0.000]     9.7623 [0.000]     9.7624 [0.000]     9.7625 [0.000]     9.7625 [0.000]
[kpt   0   7  14]     9.7628 [0.000]    10.5891 [0.000]    10.5891 [0.000]    10.5898 [0.000]    13.0550 [0.000]
[kpt   0   7  15]    13.0567 [0.000]    13.0569 [0.000]    13.0569 [0.000]    13.0578 [0.000]



Total charge in supercell =     128.00000000
 quench: [md:   0/100  scf:   7/30  step time:   0.54  scf time:     4.14 secs  RMS[dV]: 9.46e-04 ]


average potential <V> = 6.42e-16
Davidson converged in 3 steps

FERMI ENERGY =      1.10380216 eV
@@ EIGENVALUE SUM     =      -58.355211 Ry
@@ ION_ION            =     -272.916107 Ry
@@ ELECTROSTATIC      =     -286.293889 Ry
@@ VXC                =     -178.459542 Ry
@@ EXC                =     -137.347886 Ry
@@ TOTAL ENERGY       =     -576.453551 Ry
@@ estimated error    =        3.67e-05 Ry
Charge normalization constant -1.0: 1.776357e-15
Charge density mixing: Broyden


KOHN SHAM EIGENVALUES [eV] AT K-POINT [  0]:       0.000000      0.000000      0.000000

[kpt   0   8   0]   -18.8902 [2.000]   -17.9063 [2.000]   -17.9062 [2.000]   -17.9060 [2.000]   -17.9058 [2.000]
[kpt   0   8   1]   -17.9057 [2.000]   -17.9055 [2.000]   -16.5543 [2.000]   -16.5542 [2.000]   -16.5540 [2.000]
[kpt   0   8   2]   -16.5538 [2.000]   -16.5537 [2.000]   -16.5535 [2.000]   -16.5225 [2.000]   -16.5219 [2.000]
[kpt   0   8   3]   -16.5217 [2.000]    -9.3340 [2.000]    -6.9255 [2.000]    -6.9255 [2.000]    -6.9253 [2.000]
[kpt   0   8   4]    -6.9252 [2.000]    -6.9251 [2.000]    -6.9250 [2.000]    -5.1538 [2.000]    -5.1535 [2.000]
[kpt   0   8   5]    -5.1534 [2.000]    -4.5231 [2.000]    -4.5230 [2.000]    -4.5229 [2.000]    -4.5227 [2.000]
[kpt   0   8   6]    -4.5226 [2.000]    -4.5225 [2.000]    -2.1187 [2.000]    -2.1186 [2.000]    -2.1185 [2.000]
[kpt   0   8   7]    -2.1182 [2.000]    -2.1182 [2.000]    -2.1181 [2.000]    -1.8757 [2.000]    -1.8757 [2.000]
[kpt   0   8   8]    -1.6841 [2.000]    -1.6840 [2.000]    -1.6839 [2.000]    -1.6836 [2.000]    -1.6836 [2.000]
[kpt   0   8   9]    -1.6835 [2.000]    -1.2229 [2.000]    -1.2229 [2.000]    -1.2229 [2.000]    -0.5665 [2.000]
[kpt   0   8  10]    -0.5664 [2.000]    -0.5663 [2.000]    -0.5660 [2.000]    -0.5660 [2.000]    -0.5659 [2.000]
[kpt   0   8  11]     0.3391 [2.000]     0.3392 [2.000]     0.3393 [2.000]     0.3396 [2.000]     0.3396 [2.000]
[kpt   0   8  12]     0.3398 [2.000]     1.1034 [2.000]     1.1035 [2.000]     1.1038 [2.000]     6.7883 [0.000]
[kpt   0   8  13]     9.7606 [0.000]     9.7607 [0.000]     9.7607 [0.000]     9.7608 [0.000]     9.7608 [0.000]
[kpt   0   8  14]     9.7609 [0.000]    10.5944 [0.000]    10.5945 [0.000]    10.5951 [0.000]    13.0461 [0.000]
[kpt   0   8  15]    13.0529 [0.000]    13.0530 [0.000]    13.0531 [0.000]    13.0531 [0.000]



Total charge in supercell =     128.00000000
 quench: [md:   0/100  scf:   8/30  step time:   0.52  scf time:     4.66 secs  RMS[dV]: 3.44e-04 ]


average potential <V> = 8.53e-16
Davidson converged in 3 steps

FERMI ENERGY =      1.10222103 eV
@@ EIGENVALUE SUM     =      -58.368430 Ry
@@ ION_ION            =     -272.916107 Ry
@@ ELECTROSTATIC      =     -286.280005 Ry
@@ VXC                =     -178.456661 Ry
@@ EXC                =     -137.345672 Ry
@@ TOTAL ENERGY       =     -576.453553 Ry
@@ estimated error    =        1.87e-06 Ry
Charge normalization constant -1.0: -2.220446e-15
Charge density mixing: Broyden


KOHN SHAM EIGENVALUES [eV] AT K-POINT [  0]:       0.000000      0.000000      0.000000

[kpt   0   9   0]   -18.8916 [2.000]   -17.9076 [2.000]   -17.9075 [2.000]   -17.9075 [2.000]   -17.9074 [2.000]
[kpt   0   9   1]   -17.9073 [2.000]   -17.9073 [2.000]   -16.5556 [2.000]   -16.5556 [2.000]   -16.5555 [2.000]
[kpt   0   9   2]   -16.5555 [2.000]   -16.5554 [2.000]   -16.5553 [2.000]   -16.5238 [2.000]   -16.5237 [2.000]
[kpt   0   9   3]   -16.5235 [2.000]    -9.3354 [2.000]    -6.9270 [2.000]    -6.9270 [2.000]    -6.9269 [2.000]
[kpt   0   9   4]    -6.9269 [2.000]    -6.9268 [2.000]    -6.9268 [2.000]    -5.1552 [2.000]    -5.1551 [2.000]
[kpt   0   9   5]    -5.1550 [2.000]    -4.5248 [2.000]    -4.5247 [2.000]    -4.5247 [2.000]    -4.5246 [2.000]
[kpt   0   9   6]    -4.5246 [2.000]    -4.5245 [2.000]    -2.1195 [2.000]    -2.1195 [2.000]    -2.1195 [2.000]
[kpt   0   9   7]    -2.1194 [2.000]    -2.1194 [2.000]    -2.1193 [2.000]    -1.8768 [2.000]    -1.8768 [2.000]
[kpt   0   9   8]    -1.6849 [2.000]    -1.6849 [2.000]    -1.6849 [2.000]    -1.6848 [2.000]    -1.6848 [2.000]
[kpt   0   9   9]    -1.6847 [2.000]    -1.2244 [2.000]    -1.2244 [2.000]    -1.2243 [2.000]    -0.5675 [2.000]
[kpt   0   9  10]    -0.5674 [2.000]    -0.5674 [2.000]    -0.5673 [2.000]    -0.5673 [2.000]    -0.5673 [2.000]
[kpt   0   9  11]     0.3380 [2.000]     0.3380 [2.000]     0.3380 [2.000]     0.3381 [2.000]     0.3382 [2.000]
[kpt   0   9  12]     0.3382 [2.000]     1.1021 [2.000]     1.1022 [2.000]     1.1022 [2.000]     6.7883 [0.000]
[kpt   0   9  13]     9.7589 [0.000]     9.7590 [0.000]     9.7591 [0.000]     9.7592 [0.000]     9.7593 [0.000]
[kpt   0   9  14]     9.7594 [0.000]    10.5935 [0.000]    10.5935 [0.000]    10.5937 [0.000]    13.0449 [0.000]
[kpt   0   9  15]    13.0525 [0.000]    13.0525 [0.000]    13.0525 [0.000]    13.0526 [0.000]



Total charge in supercell =     128.00000000
 quench: [md:   0/100  scf:   9/30  step time:   0.61  scf time:     5.27 secs  RMS[dV]: 6.18e-05 ]


average potential <V> = 2.50e-16
Davidson converged in 2 steps

FERMI ENERGY =      1.10251492 eV
@@ EIGENVALUE SUM     =      -58.366968 Ry
@@ ION_ION            =     -272.916107 Ry
@@ ELECTROSTATIC      =     -286.281631 Ry
@@ VXC                =     -178.457457 Ry
@@ EXC                =     -137.346304 Ry
@@ TOTAL ENERGY       =     -576.453553 Ry
@@ estimated error    =        2.81e-07 Ry
Charge normalization constant -1.0: 2.664535e-15
Charge density mixing: Broyden


KOHN SHAM EIGENVALUES [eV] AT K-POINT [  0]:       0.000000      0.000000      0.000000

[kpt   0  10   0]   -18.8914 [2.000]   -17.9073 [2.000]   -17.9073 [2.000]   -17.9073 [2.000]   -17.9073 [2.000]
[kpt   0  10   1]   -17.9073 [2.000]   -17.9073 [2.000]   -16.5553 [2.000]   -16.5553 [2.000]   -16.5553 [2.000]
[kpt   0  10   2]   -16.5553 [2.000]   -16.5553 [2.000]   -16.5553 [2.000]   -16.5235 [2.000]   -16.5235 [2.000]
[kpt   0  10   3]   -16.5235 [2.000]    -9.3356 [2.000]    -6.9270 [2.000]    -6.9270 [2.000]    -6.9270 [2.000]
[kpt   0  10   4]    -6.9270 [2.000]    -6.9270 [2.000]    -6.9270 [2.000]    -5.1551 [2.000]    -5.1551 [2.000]
[kpt   0  10   5]    -5.1551 [2.000]    -4.5247 [2.000]    -4.5247 [2.000]    -4.5247 [2.000]    -4.5247 [2.000]
[kpt   0  10   6]    -4.5247 [2.000]    -4.5247 [2.000]    -2.1192 [2.000]    -2.1192 [2.000]    -2.1192 [2.000]
[kpt   0  10   7]    -2.1192 [2.000]    -2.1192 [2.000]    -2.1192 [2.000]    -1.8766 [2.000]    -1.8766 [2.000]
[kpt   0  10   8]    -1.6846 [2.000]    -1.6846 [2.000]    -1.6846 [2.000]    -1.6846 [2.000]    -1.6846 [2.000]
[kpt   0  10   9]    -1.6846 [2.000]    -1.2242 [2.000]    -1.2242 [2.000]    -1.2242 [2.000]    -0.5671 [2.000]
[kpt   0  10  10]    -0.5671 [2.000]    -0.5671 [2.000]    -0.5671 [2.000]    -0.5671 [2.000]    -0.5671 [2.000]
[kpt   0  10  11]     0.3384 [2.000]     0.3384 [2.000]     0.3384 [2.000]     0.3384 [2.000]     0.3384 [2.000]
[kpt   0  10  12]     0.3384 [2.000]     1.1025 [2.000]     1.1025 [2.000]     1.1025 [2.000]     6.7884 [0.000]
[kpt   0  10  13]     9.7580 [0.000]     9.7581 [0.000]     9.7582 [0.000]     9.7582 [0.000]     9.7583 [0.000]
[kpt   0  10  14]     9.7584 [0.000]    10.5930 [0.000]    10.5930 [0.000]    10.5931 [0.000]    13.0437 [0.000]
[kpt   0  10  15]    13.0526 [0.000]    13.0526 [0.000]    13.0526 [0.000]    13.0526 [0.000]



Total charge in supercell =     128.00000000
 quench: [md:   0/100  scf:  10/30  step time:   0.49  scf time:     5.76 secs  RMS[dV]: 2.22e-05 ]


average potential <V> = 8.33e-16
Davidson converged in 3 steps

FERMI ENERGY =      1.10269603 eV
@@ EIGENVALUE SUM     =      -58.365677 Ry
@@ ION_ION            =     -272.916107 Ry
@@ ELECTROSTATIC      =     -286.283026 Ry
@@ VXC                =     -178.457959 Ry
@@ EXC                =     -137.346703 Ry
@@ TOTAL ENERGY       =     -576.453553 Ry
@@ estimated error    =        1.78e-08 Ry
Charge normalization constant -1.0: -1.332268e-15
Charge density mixing: Broyden


KOHN SHAM EIGENVALUES [eV] AT K-POINT [  0]:       0.000000      0.000000      0.000000

[kpt   0  11   0]   -18.8913 [2.000]   -17.9072 [2.000]   -17.9072 [2.000]   -17.9072 [2.000]   -17.9071 [2.000]
[kpt   0  11   1]   -17.9071 [2.000]   -17.9071 [2.000]   -16.5552 [2.000]   -16.5552 [2.000]   -16.5552 [2.000]
[kpt   0  11   2]   -16.5552 [2.000]   -16.5551 [2.000]   -16.5551 [2.000]   -16.5234 [2.000]   -16.5233 [2.000]
[kpt   0  11   3]   -16.5233 [2.000]    -9.3355 [2.000]    -6.9269 [2.000]    -6.9269 [2.000]    -6.9269 [2.000]
[kpt   0  11   4]    -6.9269 [2.000]    -6.9269 [2.000]    -6.9269 [2.000]    -5.1550 [2.000]    -5.1550 [2.000]
[kpt   0  11   5]    -5.1550 [2.000]    -4.5246 [2.000]    -4.5246 [2.000]    -4.5246 [2.000]    -4.5246 [2.000]
[kpt   0  11   6]    -4.5246 [2.000]    -4.5246 [2.000]    -2.1191 [2.000]    -2.1191 [2.000]    -2.1191 [2.000]
[kpt   0  11   7]    -2.1190 [2.000]    -2.1190 [2.000]    -2.1190 [2.000]    -1.8764 [2.000]    -1.8764 [2.000]
[kpt   0  11   8]    -1.6844 [2.000]    -1.6844 [2.000]    -1.6844 [2.000]    -1.6844 [2.000]    -1.6844 [2.000]
[kpt   0  11   9]    -1.6844 [2.000]    -1.2240 [2.000]    -1.2240 [2.000]    -1.2240 [2.000]    -0.5670 [2.000]
[kpt   0  11  10]    -0.5670 [2.000]    -0.5669 [2.000]    -0.5669 [2.000]    -0.5669 [2.000]    -0.5669 [2.000]
[kpt   0  11  11]     0.3385 [2.000]     0.3385 [2.000]     0.3386 [2.000]     0.3386 [2.000]     0.3386 [2.000]
[kpt   0  11  12]     0.3386 [2.000]     1.1027 [2.000]     1.1027 [2.000]     1.1027 [2.000]     6.7885 [0.000]
[kpt   0  11  13]     9.7577 [0.000]     9.7577 [0.000]     9.7578 [0.000]     9.7578 [0.000]     9.7578 [0.000]
[kpt   0  11  14]     9.7579 [0.000]    10.5928 [0.000]    10.5929 [0.000]    10.5929 [0.000]    13.0423 [0.000]
[kpt   0  11  15]    13.0527 [0.000]    13.0527 [0.000]    13.0527 [0.000]    13.0527 [0.000]



Total charge in supercell =     128.00000000
 quench: [md:   0/100  scf:  11/30  step time:   0.59  scf time:     6.35 secs  RMS[dV]: 1.21e-05 ]


average potential <V> = -5.03e-16
Davidson converged in 2 steps

FERMI ENERGY =      1.10261864 eV
@@ EIGENVALUE SUM     =      -58.366110 Ry
@@ ION_ION            =     -272.916107 Ry
@@ ELECTROSTATIC      =     -286.282555 Ry
@@ VXC                =     -178.457786 Ry
@@ EXC                =     -137.346567 Ry
@@ TOTAL ENERGY       =     -576.453553 Ry
@@ estimated error    =        5.84e-09 Ry
Charge normalization constant -1.0: 1.110223e-15
Charge density mixing: Broyden


KOHN SHAM EIGENVALUES [eV] AT K-POINT [  0]:       0.000000      0.000000      0.000000

[kpt   0  12   0]   -18.8914 [2.000]   -17.9072 [2.000]   -17.9072 [2.000]   -17.9072 [2.000]   -17.9072 [2.000]
[kpt   0  12   1]   -17.9072 [2.000]   -17.9072 [2.000]   -16.5552 [2.000]   -16.5552 [2.000]   -16.5552 [2.000]
[kpt   0  12   2]   -16.5552 [2.000]   -16.5552 [2.000]   -16.5552 [2.000]   -16.5234 [2.000]   -16.5234 [2.000]
[kpt   0  12   3]   -16.5234 [2.000]    -9.3355 [2.000]    -6.9269 [2.000]    -6.9269 [2.000]    -6.9269 [2.000]
[kpt   0  12   4]    -6.9269 [2.000]    -6.9269 [2.000]    -6.9269 [2.000]    -5.1551 [2.000]    -5.1551 [2.000]
[kpt   0  12   5]    -5.1551 [2.000]    -4.5247 [2.000]    -4.5246 [2.000]    -4.5246 [2.000]    -4.5246 [2.000]
[kpt   0  12   6]    -4.5246 [2.000]    -4.5246 [2.000]    -2.1191 [2.000]    -2.1191 [2.000]    -2.1191 [2.000]
[kpt   0  12   7]    -2.1191 [2.000]    -2.1191 [2.000]    -2.1191 [2.000]    -1.8765 [2.000]    -1.8765 [2.000]
[kpt   0  12   8]    -1.6845 [2.000]    -1.6845 [2.000]    -1.6845 [2.000]    -1.6845 [2.000]    -1.6845 [2.000]
[kpt   0  12   9]    -1.6845 [2.000]    -1.2241 [2.000]    -1.2241 [2.000]    -1.2241 [2.000]    -0.5670 [2.000]
[kpt   0  12  10]    -0.5670 [2.000]    -0.5670 [2.000]    -0.5670 [2.000]    -0.5670 [2.000]    -0.5670 [2.000]
[kpt   0  12  11]     0.3385 [2.000]     0.3385 [2.000]     0.3385 [2.000]     0.3385 [2.000]     0.3385 [2.000]
[kpt   0  12  12]     0.3385 [2.000]     1.1026 [2.000]     1.1026 [2.000]     1.1026 [2.000]     6.7885 [0.000]
[kpt   0  12  13]     9.7574 [0.000]     9.7574 [0.000]     9.7574 [0.000]     9.7575 [0.000]     9.7575 [0.000]
[kpt   0  12  14]     9.7576 [0.000]    10.5927 [0.000]    10.5927 [0.000]    10.5927 [0.000]    13.0410 [0.000]
[kpt   0  12  15]    13.0527 [0.000]    13.0527 [0.000]    13.0527 [0.000]    13.0527 [0.000]



Total charge in supercell =     128.00000000
 quench: [md:   0/100  scf:  12/30  step time:   0.48  scf time:     6.83 secs  RMS[dV]: 2.75e-06 ]


average potential <V> = 2.12e-16
Davidson converged in 3 steps

FERMI ENERGY =      1.10261154 eV
@@ EIGENVALUE SUM     =      -58.366043 Ry
@@ ION_ION            =     -272.916107 Ry
@@ ELECTROSTATIC      =     -286.282623 Ry
@@ VXC                =     -178.457799 Ry
@@ EXC                =     -137.346578 Ry
@@ TOTAL ENERGY       =     -576.453553 Ry
@@ estimated error    =        4.43e-10 Ry
Charge normalization constant -1.0: 2.220446e-16
Charge density mixing: Broyden


KOHN SHAM EIGENVALUES [eV] AT K-POINT [  0]:       0.000000      0.000000      0.000000

[kpt   0  13   0]   -18.8913 [2.000]   -17.9072 [2.000]   -17.9072 [2.000]   -17.9072 [2.000]   -17.9072 [2.000]
[kpt   0  13   1]   -17.9072 [2.000]   -17.9072 [2.000]   -16.5552 [2.000]   -16.5552 [2.000]   -16.5552 [2.000]
[kpt   0  13   2]   -16.5552 [2.000]   -16.5552 [2.000]   -16.5552 [2.000]   -16.5234 [2.000]   -16.5234 [2.000]
[kpt   0  13   3]   -16.5234 [2.000]    -9.3355 [2.000]    -6.9269 [2.000]    -6.9269 [2.000]    -6.9269 [2.000]
[kpt   0  13   4]    -6.9269 [2.000]    -6.9269 [2.000]    -6.9269 [2.000]    -5.1550 [2.000]    -5.1550 [2.000]
[kpt   0  13   5]    -5.1550 [2.000]    -4.5246 [2.000]    -4.5246 [2.000]    -4.5246 [2.000]    -4.5246 [2.000]
[kpt   0  13   6]    -4.5246 [2.000]    -4.5246 [2.000]    -2.1191 [2.000]    -2.1191 [2.000]    -2.1191 [2.000]
[kpt   0  13   7]    -2.1191 [2.000]    -2.1191 [2.000]    -2.1191 [2.000]    -1.8765 [2.000]    -1.8765 [2.000]
[kpt   0  13   8]    -1.6845 [2.000]    -1.6845 [2.000]    -1.6845 [2.000]    -1.6845 [2.000]    -1.6845 [2.000]
[kpt   0  13   9]    -1.6845 [2.000]    -1.2241 [2.000]    -1.2241 [2.000]    -1.2241 [2.000]    -0.5670 [2.000]
[kpt   0  13  10]    -0.5670 [2.000]    -0.5670 [2.000]    -0.5670 [2.000]    -0.5670 [2.000]    -0.5670 [2.000]
[kpt   0  13  11]     0.3385 [2.000]     0.3385 [2.000]     0.3385 [2.000]     0.3385 [2.000]     0.3385 [2.000]
[kpt   0  13  12]     0.3385 [2.000]     1.1026 [2.000]     1.1026 [2.000]     1.1026 [2.000]     6.7885 [0.000]
[kpt   0  13  13]     9.7572 [0.000]     9.7572 [0.000]     9.7572 [0.000]     9.7572 [0.000]     9.7572 [0.000]
[kpt   0  13  14]     9.7572 [0.000]    10.5926 [0.000]    10.5927 [0.000]    10.5927 [0.000]    13.0393 [0.000]
[kpt   0  13  15]    13.0527 [0.000]    13.0527 [0.000]    13.0527 [0.000]    13.0527 [0.000]



Total charge in supercell =     128.00000000
 quench: [md:   0/100  scf:  13/30  step time:   0.64  scf time:     7.47 secs  RMS[dV]: 1.65e-06 ]



 Convergence criterion reached: Energy variation (5.89e-11) is lower than threshold (1.00e-10)

potential convergence has been achieved. stopping ...

[   0  14   14        9 ] Quench.cpp: 
@@ TOTAL ENEGY Components 
@@ ION_ION            =     -272.916107 Ry
@@ ELECTROSTATIC      =      286.282623 Ry
@@ EXC                =     -137.346603 Ry
@@ vdw correction     =        0.000000 Ry
@@ LdaU correction    =        0.000000 Ry
@@ total              =        0.000000 Ry
final total energy from eig sum =    -576.45355278 Ry


KOHN SHAM EIGENVALUES [eV] AT K-POINT [  0]:       0.000000      0.000000      0.000000

[kpt   0  14   0]   -18.8913 [2.000]   -17.9072 [2.000]   -17.9072 [2.000]   -17.9072 [2.000]   -17.9072 [2.000]
[kpt   0  14   1]   -17.9072 [2.000]   -17.9072 [2.000]   -16.5552 [2.000]   -16.5552 [2.000]   -16.5552 [2.000]
[kpt   0  14   2]   -16.5552 [2.000]   -16.5552 [2.000]   -16.5552 [2.000]   -16.5234 [2.000]   -16.5234 [2.000]
[kpt   0  14   3]   -16.5234 [2.000]    -9.3355 [2.000]    -6.9269 [2.000]    -6.9269 [2.000]    -6.9269 [2.000]
[kpt   0  14   4]    -6.9269 [2.000]    -6.9269 [2.000]    -6.9269 [2.000]    -5.1550 [2.000]    -5.1550 [2.000]
[kpt   0  14   5]    -5.1550 [2.000]    -4.5246 [2.000]    -4.5246 [2.000]    -4.5246 [2.000]    -4.5246 [2.000]
[kpt   0  14   6]    -4.5246 [2.000]    -4.5246 [2.000]    -2.1191 [2.000]    -2.1191 [2.000]    -2.1191 [2.000]
[kpt   0  14   7]    -2.1191 [2.000]    -2.1191 [2.000]    -2.1191 [2.000]    -1.8765 [2.000]    -1.8765 [2.000]
[kpt   0  14   8]    -1.6845 [2.000]    -1.6845 [2.000]    -1.6845 [2.000]    -1.6845 [2.000]    -1.6845 [2.000]
[kpt   0  14   9]    -1.6845 [2.000]    -1.2241 [2.000]    -1.2241 [2.000]    -1.2241 [2.000]    -0.5670 [2.000]
[kpt   0  14  10]    -0.5670 [2.000]    -0.5670 [2.000]    -0.5670 [2.000]    -0.5670 [2.000]    -0.5670 [2.000]
[kpt   0  14  11]     0.3385 [2.000]     0.3385 [2.000]     0.3385 [2.000]     0.3385 [2.000]     0.3385 [2.000]
[kpt   0  14  12]     0.3385 [2.000]     1.1026 [2.000]     1.1026 [2.000]     1.1026 [2.000]     6.7885 [0.000]
[kpt   0  14  13]     9.7572 [0.000]     9.7572 [0.000]     9.7572 [0.000]     9.7572 [0.000]     9.7572 [0.000]
[kpt   0  14  14]     9.7572 [0.000]    10.5926 [0.000]    10.5927 [0.000]    10.5927 [0.000]    13.0393 [0.000]
[kpt   0  14  15]    13.0527 [0.000]    13.0527 [0.000]    13.0527 [0.000]    13.0527 [0.000]



Total charge in supercell =     128.00000000
 volume and energy per atom =        15.03933867       -326.79373481 eV

 Vdd took 0.000317 seconds
WriteRestart: Output file given as /dev/null, no restart data written ...



  IONIC POSITIONS [a0] AND FORCES [Ry/a0]
  Charge analysis using: Voronoi Deformation Density

@ION  Ion  Species       X           Y           Z       Charge       FX          FY         FZ      Movable
@ION    1    Si      0.0000000   0.0000000   0.0000000    0.441    0.0000000   0.0000000  -0.0000000  1 1 1
@ION    2    Si      3.3637125   3.3637125   3.3637125    0.441   -0.0000000  -0.0000001   0.0000000  1 1 1
@ION    3    Si     10.0911375   3.3637125  10.0911375    0.441   -0.0000000  -0.0000001   0.0000001  1 1 1
@ION    4    Si      3.3637125  10.0911375  10.0911375    0.441   -0.0000001   0.0000000   0.0000001  1 1 1
@ION    5    Si     10.0911375  10.0911375   3.3637125    0.441    0.0000000   0.0000000   0.0000001  1 1 1
@ION    6    Si      0.0000000   6.7274250   6.7274250    0.441    0.0000000   0.0000001  -0.0000002  1 1 1
@ION    7    Si      6.7274250   0.0000000   6.7274250    0.441    0.0000000   0.0000000  -0.0000001  1 1 1
@ION    8    Si      6.7274250   6.7274250   0.0000000    0.441    0.0000000   0.0000000   0.0000000  1 1 1
@ION    9     O      1.6818563   1.6818563   1.6818563   -0.212    0.0000001   0.0000001   0.0000000  1 1 1
@ION   10     O     11.7729938   1.6818563  11.7729938   -0.215   -0.0000002   0.0000002  -0.0000002  1 1 1
@ION   11     O      1.6818563  11.7729938  11.7729938   -0.218    0.0000001  -0.0000002  -0.0000001  1 1 1
@ION   12     O     11.7729938  11.7729938   1.6818563   -0.220   -0.0000001  -0.0000000   0.0000000  1 1 1
@ION   13     O      1.6818563   8.4092813   8.4092813   -0.215    0.0000000  -0.0000000  -0.0000000  1 1 1
@ION   14     O      8.4092813   1.6818563   8.4092813   -0.215    0.0000001   0.0000001   0.0000001  1 1 1
@ION   15     O      8.4092813   8.4092813   1.6818563   -0.215   -0.0000001  -0.0000001  -0.0000001  1 1 1
@ION   16     O     11.7729938   8.4092813   5.0455688   -0.220    0.0000001  -0.0000001   0.0000002  1 1 1
@ION   17     O      5.0455688   1.6818563   5.0455688   -0.217    0.0000001   0.0000000   0.0000001  1 1 1
@ION   18     O      5.0455688   8.4092813  11.7729938   -0.220    0.0000000  -0.0000000   0.0000000  1 1 1
@ION   19     O      1.6818563   5.0455688   5.0455688   -0.224   -0.0000001   0.0000000   0.0000001  1 1 1
@ION   20     O      8.4092813  11.7729938   5.0455688   -0.226   -0.0000000   0.0000000   0.0000001  1 1 1
@ION   21     O      8.4092813   5.0455688  11.7729938   -0.224    0.0000000   0.0000000  -0.0000000  1 1 1
@ION   22     O     11.7729938   5.0455688   8.4092813   -0.229    0.0000000   0.0000001  -0.0000000  1 1 1
@ION   23     O      5.0455688  11.7729938   8.4092813   -0.229    0.0000000  -0.0000000   0.0000000  1 1 1
@ION   24     O      5.0455688   5.0455688   1.6818563   -0.229    0.0000001   0.0000001  -0.0000001  1 1 1

 mean FX      =   0.00000005 Ry/a0
 mean FY      =   0.00000006 Ry/a0
 mean FZ      =   0.00000007 Ry/a0

 max FX       =   0.00000018 Ry/a0   (ion 10)
 max FY       =   0.00000016 Ry/a0   (ion 10)
 max FZ       =   0.00000022 Ry/a0   (ion 10)
 max F[x,y,z] =   0.00000022 Ry/a0
 max |F|      =   0.00000032 Ry/a0   (ion 10)

 sum FX       =   0.00000010 Ry/a0
 sum FY       =   0.00000005 Ry/a0
 sum FZ       =  -0.00000007 Ry/a0
 Average      =   0.00000007 Ry/a0
 sqrt < F^2 > =   0.00000008 Ry/a0

WriteRestart: Output file given as /dev/null, no restart data written ...


--------TIMING INFORMATION FOR Processor owned the most atoms----------------
                                        Total time               Per SCF/step

1-TOTAL                                             9.77                0.70
-----------------------------------------------------------------------------
  1-TOTAL: Init                                     1.48                0.11
  1-TOTAL: run                                      8.29                0.59
  ---------------------------------------------------------------------------
    1-TOTAL: run: Force                             0.79                0.06
    1-TOTAL: run: Scf steps                         7.31                0.52

2-Force                                             0.79                0.06
-----------------------------------------------------------------------------
  2-Force: core correction                          0.00                0.00
  2-Force: corrections                              0.19                0.01
  2-Force: ion-ion                                  0.12                0.01
  2-Force: local                                    0.22                0.02
  2-Force: non-local                                0.26                0.02
  2-Force: non-local-betaxpsi                       0.04                0.00
  2-Force: non-local-get gamma                      0.00                0.00
  2-Force: non-local-nlforce_par_Q                  0.03                0.00
  2-Force: non-local-nlforce_par_gamma              0.00                0.00
  2-Force: non-local-nlforce_par_omega              0.00                0.00
  2-Force: non-local-partial gamma                  0.00                0.00
  2-Force: non-local-veff grad                      0.03                0.00

2-Init                                              1.48                0.11
-----------------------------------------------------------------------------
  2-Init: GetNewRho                                 0.05                0.00
  2-Init: KpointClass                               0.46                0.03
  2-Init: LcaoGetPsi                                0.07                0.01
  2-Init: LcaoGetRho                                0.15                0.01
  2-Init: ReinitIonicPotentials                     0.21                0.02
  2-Init: betaxpsi                                  0.02                0.00
  2-Init: exchange/correlation                      0.05                0.00
  2-Init: hartree                                   0.04                0.00
  2-Init: normalization                             0.00                0.00
  2-Init: radial potentials                         0.23                0.02
  2-Init: subdiag                                   0.07                0.01
  2-Init: weights                                   0.01                0.00

2-Scf steps                                         7.31                0.52
-----------------------------------------------------------------------------
  2-Scf steps: Davidson                             3.82                0.27
  2-Scf steps: GetNewRho                            0.71                0.05
  2-Scf steps: Hartree                              0.67                0.05
  2-Scf steps: MgridSubspace                        1.17                0.08
  2-Scf steps: MixRho                               0.05                0.00
  2-Scf steps: exchange/correlation                 0.60                0.04

3-MgridSubspace                                     1.17                0.08
-----------------------------------------------------------------------------
  3-MgridSubspace: AppNls                           0.12                0.01
  3-MgridSubspace: Beta x psi                       0.14                0.01
  3-MgridSubspace: Diagonalization                  0.24                0.02
  3-MgridSubspace: Mg_eig                           0.66                0.05

3-ReinitIonicPotentials                             0.21                0.02
-----------------------------------------------------------------------------
  3-ReinitIonicPotentials: GetNlop                  0.01                0.00
  3-ReinitIonicPotentials: GetWeight                0.13                0.01
  3-ReinitIonicPotentials: get_QI                   0.00                0.00
  3-ReinitIonicPotentials: get_qqq                  0.00                0.00
  3-ReinitIonicPotentials: init_nuc                 0.08                0.01

4-Diagonalization                                   0.31                0.02
-----------------------------------------------------------------------------
  4-Diagonalization: ELPA/PDSYGVX/PZHEGVX           0.02                0.00
  4-Diagonalization: Hpsi                           0.18                0.01
  4-Diagonalization: MPI_Bcast                      0.00                0.00
  4-Diagonalization: Update orbitals                0.07                0.01
  ---------------------------------------------------------------------------
    4-Diagonalization: Update orbitals: gather           0.00                0.00
    4-Diagonalization: Update orbitals: gemm           0.05                0.00
  4-Diagonalization: matrix                         0.05                0.00
  ---------------------------------------------------------------------------
    4-Diagonalization: matrix: Allreduce            0.00                0.00
    4-Diagonalization: matrix: Gemm                 0.04                0.00

5-Functional                                        0.64                0.05
-----------------------------------------------------------------------------
  5-Functional: apply gradient                      0.08                0.01
  5-Functional: apply laplacian                     0.02                0.00
  5-Functional: libxc                               0.23                0.02
  5-Functional: vxc                                 0.64                0.05
  5-Functional: vxc grad                            0.37                0.03
  5-Functional: vxc local                           0.07                0.01
  5-Functional: vxc nonlocal                        0.00                0.00

6-Davidson                                          3.82                0.27
-----------------------------------------------------------------------------
  6-Davidson: Betaxpsi                              0.49                0.03
  6-Davidson: apply hamiltonian                     0.97                0.07
  6-Davidson: diagonalization                       0.25                0.02
  6-Davidson: generate residuals                    0.37                0.03
  6-Davidson: matrix setup/reduce                   0.54                0.04
  6-Davidson: normalization                         0.05                0.00
  6-Davidson: precondition                          0.91                0.07
  6-Davidson: rotate orbitals                       0.18                0.01

AppNls                                              0.64                0.05
-----------------------------------------------------------------------------
  AppNls: data_rearrange                            0.01                0.00
  ---------------------------------------------------------------------------
    AppNls: data_rearrange: alloc and zeros           0.00                0.00
    AppNls: data_rearrange: dnm                     0.00                0.00
    AppNls: data_rearrange: sint                    0.00                0.00
  AppNls: nv                                        0.55                0.04
  AppNls: nv_work                                   0.00                0.00

App_gradient                                        0.08                0.01

CPUFD                                               0.00                0.00

Compute Hpsi                                        0.18                0.01
-----------------------------------------------------------------------------
  Compute Hpsi: AppNls                              0.08                0.01
  Compute Hpsi: Threaded Apply H                    0.10                0.01

GlobalSums                                          0.15                0.01

Init                                                1.02                0.07

Init Voronoi                                        0.16                0.01

Mix rho                                             0.05                0.00
-----------------------------------------------------------------------------
  Mix rho: Broyden                                  0.05                0.00
  Mix rho: Linear                                   0.00                0.00

Orbital                                             0.00                0.00
-----------------------------------------------------------------------------
  Orbital: phase and set                            0.00                0.00
  Orbital: proj cal                                 0.00                0.00
  Trade images: trade_images                        0.00                0.00
  Trade images: trade_imagesx                       0.09                0.01

VhPfft                                              0.35                0.02

Weight                                              0.01                0.00

radial beta                                         0.18                0.01


------------------------- TIMING INFORMATION FOR THREADS  -------------------

                                           Min            Max            Avg
CPUFD                                      0.24           0.24           0.24
-----------------------------------------------------------------------------

GlobalSums                                 0.10           0.10           0.10
-----------------------------------------------------------------------------

Mg_eig                                     0.65           0.65           0.65
-----------------------------------------------------------------------------
  Mg_eig: apply hamiltonian                0.34           0.34           0.34
  Mg_eig: mgrid_solv                       0.15           0.15           0.15
  Trade images: trade_images               0.68           0.68           0.68
  Trade images: trade_imagesx              0.76           0.76           0.76
