RMG initialization ... 1 image(s) total, 1 per node. 32 MPI processes/image. Thread level 2.
FFT-FD  0.000000e+00   7.854683e-01   7.854543e-01   1.404876e-05
FFT-FD  1.000000e+00   7.854683e-01   7.854543e-01   1.404876e-05
IP=0 M = 0.000000e+00  -inf  1.404876e-05
FFT-FD  0.000000e+00   2.257194e+00   2.257129e+00   6.459246e-05
FFT-FD  1.000000e+00   2.257194e+00   2.257129e+00   6.459246e-05
IP=1 M = 0.000000e+00  -inf  6.459246e-05
FFT-FD  0.000000e+00   2.257194e+00   2.257129e+00   6.459246e-05
FFT-FD  1.000000e+00   2.257194e+00   2.257129e+00   6.459246e-05
IP=2 M = 0.000000e+00  -inf  6.459246e-05
FFT-FD  0.000000e+00   2.257194e+00   2.257129e+00   6.459246e-05
FFT-FD  1.000000e+00   2.257194e+00   2.257129e+00   6.459246e-05
IP=3 M = 0.000000e+00  -inf  6.459246e-05
FFT-FD  0.000000e+00   2.678435e-01   2.678434e-01   1.591272e-08
FFT-FD  1.000000e+00   2.678435e-01   2.678434e-01   1.591272e-08
IP=0 M = 0.000000e+00  -inf  1.591272e-08
FFT-FD  0.000000e+00   3.882435e-01   3.882435e-01   2.390486e-10
FFT-FD  1.000000e+00   3.882435e-01   3.882435e-01   2.390486e-10
IP=1 M = 0.000000e+00  -inf  2.390486e-10
FFT-FD  0.000000e+00   3.882435e-01   3.882435e-01   2.390483e-10
FFT-FD  1.000000e+00   3.882435e-01   3.882435e-01   2.390483e-10
IP=2 M = 0.000000e+00  -inf  2.390483e-10
FFT-FD  0.000000e+00   3.882435e-01   3.882435e-01   2.390481e-10
FFT-FD  1.000000e+00   3.882435e-01   3.882435e-01   2.390481e-10
IP=3 M = 0.000000e+00  -inf  2.390481e-10
NEWCFAC = 0.000000  0.000000


                     * * * * * * * * * *
                     *    R   M   G    *
                     * * * * * * * * * *

     -- A Real Space Multigrid Electronic structure code --
     --      More information at www.rmgdft.org          --

Code Revision:     v5.1.0_53_g887bfc3b
Build Date:        May 15 2023  14:30:00
Start time:        Tue May 16 15:17:12 2023

NOTICE: RMG internal pseudopotentials have switched to
ONCVP from Ultrasoft. You can revert to Ultrasoft by
adding the input tag internal_pseudo_type="ultrasoft" to
your input files.


Files
   Control input file:        input4
   Data output file:          /dev/null

Run Setup
    Calculation type:         Quench electrons - Fixed ions SCF calculation
    Description:              SiO2
    Orbital Initialization:   LCAO (96 LCAO and 0 random orbitals)
    Exchange Correlation:     pbe
    Spin Polarization:        OFF
    System charge:            Neutral

Processor Topology
   Total PEs:                 32
   X direction:               4
   Y direction:               4
   Z direction:               2
   MG Threads/PE:             1
   OMP Threads/PE:            1

Grid Points  (Linear Anisotropy: 1.000)
    X:  Total: 52   Per PE: 13   Spacing:0.259 a0  
    Y:  Total: 52   Per PE: 13   Spacing:0.259 a0  
    Z:  Total: 52   Per PE: 26   Spacing:0.259 a0  

    Equivalent energy cutoffs (psi,rho):   147.417    589.670 Ry

    Charge density grid:         2 times finer

Coordinate planes
  Planar Anisotropy: 1.000
  A0-A1 density:    14.937
  A0-A2 density:    14.937
  A1-A2 density:    14.937


Lattice (Cell) Setup
    Type:                       Orthorhombic_primitive
    Volume (a0^3):               2435.77
    Boundary conditions:        Periodic

    X Basis Vector:      13.455       0.000       0.000 a0
    Y Basis Vector:       0.000      13.455       0.000 a0
    Z Basis Vector:       0.000       0.000      13.455 a0
    X Reci Vector:       0.074      -0.000       0.000 a0
    Y Reci Vector:       0.000       0.074       0.000 a0
    Z Reci Vector:       0.000      -0.000       0.074 a0

K-points
    Gamma Point Only (real orbitals)

Atoms and States
    Number of ions:                          24
    Number of species:                       2
    Number of states:                        79

Run Parameters
    SCF Convergence criterion (potential):   1.00e-10
    SCF Convergence criterion (energy):      1.00e-10
    Max SCF steps:                           30

SCF Cycle Settings
    Charge density mixing:                   Broyden
    Hartree Solver:                          PFFT
    Interpolation type:                      FFT

Finite Difference parameters
    Kohn Sham FD Order:                      12  
    Force Gradient Order:                    FFT
    Adaptive Finite Differencing:            Off

Subspace Diagonalization Options
    Frequency:                               every 1 SCF step(s)
    Driver:                                  ScaLapack
    Initial diagonalization:                 ON
    Folded spectrum:                         OFF

Filtering Cutoff  Parameters
    Wavefunction grid (cparm):               0.800
    Charge density grid (rhocparm):          1.000
    Filter factor:                           1.000

Multigrid (MG) Parameters
    Psi MG levels:                           3
    Psi global step:                         0.660 
    Psi pre:                                 2
    Psi post:                                2

Davidson Parameters
    Davidson multiplier:                     4
    Davidson max step:                       8
    Davidson unocc tol factor:               1000.000

Blas Libraries
    CPU support with openblas-parallel.


Atomic Species Information
(PP = Pseudopotential, US = Ultrasoft, NC = Norm Conserving)
-------------------------------------------------------------------------
|Index|Symbol| Mass|Valence| PP |  Comp  |Local| Local|Nlocal|    PP    |
|     |      |     |       |Type|Gaussian|  l  |Radius|Radius|Functional|
-------------------------------------------------------------------------
|    1|     O| 15.0|   6.00|  NC|    0.50|   -1| 10.00|  7.00|       PBE|
|    2|    Si| 28.0|   4.00|  NC|    0.50|   -1| 10.00|  7.00|       PBE|
-------------------------------------------------------------------------

Pseudopotential generation information:
   O pseudopotential file: ./@Internal
      Generation info     : Generated using ONCVPSP code by D. R. Hamann
      Author info         : anonymous
  Si pseudopotential file: ./@Internal
      Generation info     : Generated using ONCVPSP code by D. R. Hamann
      Author info         : anonymous


Memory usage (Mbytes):     Min        Max       Total
    wave functions         11.11      11.11     355.49
    beta-functions          6.75       6.75     216.01



Initial Ionic Positions And Displacements (Bohr)
Species      X           Y           Z           dX          dY          dZ
  Si       0.0000      0.0000      0.0000      0.0000      0.0000      0.0000
  Si       3.3637      3.3637      3.3637      0.0000      0.0000      0.0000
  Si      10.0911      3.3637     10.0911      0.0000      0.0000      0.0000
  Si       3.3637     10.0911     10.0911      0.0000      0.0000      0.0000
  Si      10.0911     10.0911      3.3637      0.0000      0.0000      0.0000
  Si       0.0000      6.7274      6.7274      0.0000      0.0000      0.0000
  Si       6.7274      0.0000      6.7274      0.0000      0.0000      0.0000
  Si       6.7274      6.7274      0.0000      0.0000      0.0000      0.0000
  O        1.6819      1.6819      1.6819      0.0000      0.0000      0.0000
  O       11.7730      1.6819     11.7730      0.0000      0.0000      0.0000
  O        1.6819     11.7730     11.7730      0.0000      0.0000      0.0000
  O       11.7730     11.7730      1.6819      0.0000      0.0000      0.0000
  O        1.6819      8.4093      8.4093      0.0000      0.0000      0.0000
  O        8.4093      1.6819      8.4093      0.0000      0.0000      0.0000
  O        8.4093      8.4093      1.6819      0.0000      0.0000      0.0000
  O       11.7730      8.4093      5.0456      0.0000      0.0000      0.0000
  O        5.0456      1.6819      5.0456      0.0000      0.0000      0.0000
  O        5.0456      8.4093     11.7730      0.0000      0.0000      0.0000
  O        1.6819      5.0456      5.0456      0.0000      0.0000      0.0000
  O        8.4093     11.7730      5.0456      0.0000      0.0000      0.0000
  O        8.4093      5.0456     11.7730      0.0000      0.0000      0.0000
  O       11.7730      5.0456      8.4093      0.0000      0.0000      0.0000
  O        5.0456     11.7730      8.4093      0.0000      0.0000      0.0000
  O        5.0456      5.0456      1.6819      0.0000      0.0000      0.0000


Initial Ionic Positions And Displacements (Angstrom)
Species      X           Y           Z           dX          dY          dZ
  Si       0.0000      0.0000      0.0000      0.0000      0.0000      0.0000
  Si       1.7800      1.7800      1.7800      0.0000      0.0000      0.0000
  Si       5.3400      1.7800      5.3400      0.0000      0.0000      0.0000
  Si       1.7800      5.3400      5.3400      0.0000      0.0000      0.0000
  Si       5.3400      5.3400      1.7800      0.0000      0.0000      0.0000
  Si       0.0000      3.5600      3.5600      0.0000      0.0000      0.0000
  Si       3.5600      0.0000      3.5600      0.0000      0.0000      0.0000
  Si       3.5600      3.5600      0.0000      0.0000      0.0000      0.0000
  O        0.8900      0.8900      0.8900      0.0000      0.0000      0.0000
  O        6.2300      0.8900      6.2300      0.0000      0.0000      0.0000
  O        0.8900      6.2300      6.2300      0.0000      0.0000      0.0000
  O        6.2300      6.2300      0.8900      0.0000      0.0000      0.0000
  O        0.8900      4.4500      4.4500      0.0000      0.0000      0.0000
  O        4.4500      0.8900      4.4500      0.0000      0.0000      0.0000
  O        4.4500      4.4500      0.8900      0.0000      0.0000      0.0000
  O        6.2300      4.4500      2.6700      0.0000      0.0000      0.0000
  O        2.6700      0.8900      2.6700      0.0000      0.0000      0.0000
  O        2.6700      4.4500      6.2300      0.0000      0.0000      0.0000
  O        0.8900      2.6700      2.6700      0.0000      0.0000      0.0000
  O        4.4500      6.2300      2.6700      0.0000      0.0000      0.0000
  O        4.4500      2.6700      6.2300      0.0000      0.0000      0.0000
  O        6.2300      2.6700      4.4500      0.0000      0.0000      0.0000
  O        2.6700      6.2300      4.4500      0.0000      0.0000      0.0000
  O        2.6700      2.6700      0.8900      0.0000      0.0000      0.0000

Diagonalization using scalapack for step=0  count=0



KOHN SHAM EIGENVALUES [eV] AT K-POINT [  0]:       0.000000      0.000000      0.000000

[kpt   0  -1   0]   -22.2078 [2.000]   -21.3862 [2.000]   -21.3862 [2.000]   -21.3862 [2.000]   -21.3862 [2.000]
[kpt   0  -1   1]   -21.3862 [2.000]   -21.3862 [2.000]   -20.2920 [2.000]   -20.2920 [2.000]   -20.2920 [2.000]
[kpt   0  -1   2]   -20.2721 [2.000]   -20.2721 [2.000]   -20.2721 [2.000]   -20.2721 [2.000]   -20.2721 [2.000]
[kpt   0  -1   3]   -20.2721 [2.000]   -11.9744 [2.000]    -9.8974 [2.000]    -9.8974 [2.000]    -9.8974 [2.000]
[kpt   0  -1   4]    -9.8974 [2.000]    -9.8974 [2.000]    -9.8974 [2.000]    -8.2259 [2.000]    -8.2259 [2.000]
[kpt   0  -1   5]    -8.2259 [2.000]    -7.9114 [2.000]    -7.9114 [2.000]    -7.9114 [2.000]    -7.9114 [2.000]
[kpt   0  -1   6]    -7.9114 [2.000]    -7.9114 [2.000]    -5.0361 [2.000]    -5.0361 [2.000]    -5.0361 [2.000]
[kpt   0  -1   7]    -5.0361 [2.000]    -5.0361 [2.000]    -5.0361 [2.000]    -4.9413 [2.000]    -4.9413 [2.000]
[kpt   0  -1   8]    -4.7508 [2.000]    -4.7508 [2.000]    -4.7508 [2.000]    -4.7508 [2.000]    -4.7508 [2.000]
[kpt   0  -1   9]    -4.7508 [2.000]    -4.5205 [2.000]    -4.5205 [2.000]    -4.5205 [2.000]    -3.9905 [2.000]
[kpt   0  -1  10]    -3.9905 [2.000]    -3.9905 [2.000]    -3.9905 [2.000]    -3.9905 [2.000]    -3.9905 [2.000]
[kpt   0  -1  11]    -3.4099 [2.000]    -3.4099 [2.000]    -3.4099 [2.000]    -3.4099 [2.000]    -3.4099 [2.000]
[kpt   0  -1  12]    -3.4099 [2.000]    -2.9375 [2.000]    -2.9375 [2.000]    -2.9375 [2.000]     7.6039 [0.000]
[kpt   0  -1  13]    10.2741 [0.000]    10.2741 [0.000]    10.2741 [0.000]    10.2741 [0.000]    10.2741 [0.000]
[kpt   0  -1  14]    10.2741 [0.000]    12.4074 [0.000]    12.4074 [0.000]    12.4074 [0.000]    13.3723 [0.000]
[kpt   0  -1  15]    13.3723 [0.000]    13.3723 [0.000]    13.3723 [0.000]    13.3723 [0.000]    13.3723 [0.000]
[kpt   0  -1  16]    15.0412 [0.000]    15.0412 [0.000]    15.0412 [0.000]    15.0412 [0.000]    15.0412 [0.000]
[kpt   0  -1  17]    15.0412 [0.000]    15.3605 [0.000]    15.3605 [0.000]    15.3605 [0.000]    15.3605 [0.000]
[kpt   0  -1  18]    15.3605 [0.000]    15.3605 [0.000]    16.6450 [0.000]    16.6450 [0.000]    16.6450 [0.000]
[kpt   0  -1  19]    17.2055 [0.000]


Charge normalization constant -1.0: 7.105427e-15
Charge density mixing: Linear with a constant of 0.50 

Diagonalization using scalapack for step=0  count=1


FERMI ENERGY =     -0.16135044 eV
@@ EIGENVALUE SUM     =      -66.484323 Ry
@@ ION_ION            =     -272.916107 Ry
@@ ELECTROSTATIC      =     -284.868649 Ry
@@ VXC                =     -179.066692 Ry
@@ EXC                =     -137.838339 Ry
@@ TOTAL ENERGY       =     -583.040726 Ry
@@ estimated error    =   ****************
Charge normalization constant -1.0: 3.108624e-15
Charge density mixing: Linear with a constant of 0.50 
WriteRestart: Output file given as /dev/null, no restart data written ...


KOHN SHAM EIGENVALUES [eV] AT K-POINT [  0]:       0.000000      0.000000      0.000000

[kpt   0   0   0]   -19.7431 [2.000]   -18.7826 [2.000]   -18.7787 [2.000]   -18.7745 [2.000]   -18.7724 [2.000]
[kpt   0   0   1]   -18.7695 [2.000]   -18.7628 [2.000]   -17.4838 [2.000]   -17.4790 [2.000]   -17.4757 [2.000]
[kpt   0   0   2]   -17.4703 [2.000]   -17.4690 [2.000]   -17.4677 [2.000]   -17.4654 [2.000]   -17.4620 [2.000]
[kpt   0   0   3]   -17.4603 [2.000]    -9.6762 [2.000]    -7.4559 [2.000]    -7.4536 [2.000]    -7.4508 [2.000]
[kpt   0   0   4]    -7.4419 [2.000]    -7.4392 [2.000]    -7.4363 [2.000]    -5.8762 [2.000]    -5.8722 [2.000]
[kpt   0   0   5]    -5.8719 [2.000]    -5.1940 [2.000]    -5.1929 [2.000]    -5.1928 [2.000]    -5.1918 [2.000]
[kpt   0   0   6]    -5.1909 [2.000]    -5.1896 [2.000]    -2.9596 [2.000]    -2.9592 [2.000]    -2.9592 [2.000]
[kpt   0   0   7]    -2.9580 [2.000]    -2.9530 [2.000]    -2.9521 [2.000]    -2.7577 [2.000]    -2.7542 [2.000]
[kpt   0   0   8]    -2.6315 [2.000]    -2.6297 [2.000]    -2.6286 [2.000]    -2.6275 [2.000]    -2.6258 [2.000]
[kpt   0   0   9]    -2.5980 [2.000]    -2.0447 [2.000]    -2.0428 [2.000]    -2.0418 [2.000]    -1.5639 [2.000]
[kpt   0   0  10]    -1.5608 [2.000]    -1.5604 [2.000]    -1.5578 [2.000]    -1.5542 [2.000]    -1.5515 [2.000]
[kpt   0   0  11]    -0.7654 [2.000]    -0.7638 [2.000]    -0.7629 [2.000]    -0.7628 [2.000]    -0.7604 [2.000]
[kpt   0   0  12]    -0.7585 [2.000]    -0.1671 [2.000]    -0.1654 [2.000]    -0.1614 [2.000]     8.3845 [0.000]
[kpt   0   0  13]    10.9247 [0.000]    10.9270 [0.000]    10.9311 [0.000]    10.9379 [0.000]    10.9395 [0.000]
[kpt   0   0  14]    10.9431 [0.000]    12.1356 [0.000]    12.1414 [0.000]    12.1416 [0.000]    13.9257 [0.000]
[kpt   0   0  15]    13.9288 [0.000]    13.9320 [0.000]    13.9329 [0.000]    13.9333 [0.000]



Total charge in supercell =     128.00000000
 quench: [md:   0/100  scf:   0/30  step time:   0.29  scf time:     0.37 secs  RMS[dV]: 5.24e-02 ]


average potential <V> = 1.94e-16

Diagonalization using scalapack for step=1  count=2


FERMI ENERGY =      1.33802713 eV
@@ EIGENVALUE SUM     =      -55.456923 Ry
@@ ION_ION            =     -272.916107 Ry
@@ ELECTROSTATIC      =     -297.255912 Ry
@@ VXC                =     -182.340022 Ry
@@ EXC                =     -140.381772 Ry
@@ TOTAL ENERGY       =     -583.670691 Ry
@@ estimated error    =        6.72e-01 Ry
Charge normalization constant -1.0: 1.110223e-15
Charge density mixing: Linear with a constant of 0.50 


KOHN SHAM EIGENVALUES [eV] AT K-POINT [  0]:       0.000000      0.000000      0.000000

[kpt   0   1   0]   -18.5548 [2.000]   -17.5216 [2.000]   -17.5185 [2.000]   -17.5148 [2.000]   -17.5128 [2.000]
[kpt   0   1   1]   -17.5104 [2.000]   -17.5053 [2.000]   -16.0445 [2.000]   -16.0369 [2.000]   -16.0341 [2.000]
[kpt   0   1   2]   -16.0303 [2.000]   -16.0274 [2.000]   -16.0249 [2.000]   -16.0157 [2.000]   -16.0121 [2.000]
[kpt   0   1   3]   -16.0089 [2.000]    -9.3256 [2.000]    -6.8072 [2.000]    -6.8068 [2.000]    -6.8038 [2.000]
[kpt   0   1   4]    -6.7983 [2.000]    -6.7957 [2.000]    -6.7941 [2.000]    -5.0049 [2.000]    -5.0048 [2.000]
[kpt   0   1   5]    -4.9988 [2.000]    -4.3530 [2.000]    -4.3516 [2.000]    -4.3463 [2.000]    -4.3419 [2.000]
[kpt   0   1   6]    -4.3407 [2.000]    -4.3357 [2.000]    -1.7603 [2.000]    -1.7588 [2.000]    -1.7544 [2.000]
[kpt   0   1   7]    -1.7521 [2.000]    -1.7477 [2.000]    -1.7434 [2.000]    -1.4892 [2.000]    -1.4864 [2.000]
[kpt   0   1   8]    -1.4137 [2.000]    -1.4123 [2.000]    -1.4091 [2.000]    -1.4064 [2.000]    -1.4051 [2.000]
[kpt   0   1   9]    -1.3877 [2.000]    -0.8684 [2.000]    -0.8611 [2.000]    -0.8597 [2.000]    -0.2444 [2.000]
[kpt   0   1  10]    -0.2394 [2.000]    -0.2351 [2.000]    -0.2329 [2.000]    -0.2315 [2.000]    -0.2212 [2.000]
[kpt   0   1  11]     0.6148 [2.000]     0.6164 [2.000]     0.6220 [2.000]     0.6225 [2.000]     0.6252 [2.000]
[kpt   0   1  12]     0.6299 [2.000]     1.3337 [2.000]     1.3349 [2.000]     1.3380 [2.000]     8.8445 [0.000]
[kpt   0   1  13]    11.3197 [0.000]    11.3253 [0.000]    11.3313 [0.000]    11.3334 [0.000]    11.3350 [0.000]
[kpt   0   1  14]    11.3359 [0.000]    11.8006 [0.000]    11.8071 [0.000]    11.8089 [0.000]    14.1767 [0.000]
[kpt   0   1  15]    14.1787 [0.000]    14.1796 [0.000]    14.1817 [0.000]    47.7343 [0.000]



Total charge in supercell =     128.00000000
 quench: [md:   0/100  scf:   1/30  step time:   0.25  scf time:     0.63 secs  RMS[dV]: 3.04e-02 ]


average potential <V> = 3.56e-16

Diagonalization using scalapack for step=2  count=3


FERMI ENERGY =      1.74911502 eV
@@ EIGENVALUE SUM     =      -53.221102 Ry
@@ ION_ION            =     -272.916107 Ry
@@ ELECTROSTATIC      =     -296.807040 Ry
@@ VXC                =     -181.942761 Ry
@@ EXC                =     -140.070054 Ry
@@ TOTAL ENERGY       =     -581.071542 Ry
@@ estimated error    =        1.79e-01 Ry
Charge normalization constant -1.0: -2.220446e-16
Charge density mixing: Linear with a constant of 0.50 


KOHN SHAM EIGENVALUES [eV] AT K-POINT [  0]:       0.000000      0.000000      0.000000

[kpt   0   2   0]   -18.3581 [2.000]   -17.3274 [2.000]   -17.3192 [2.000]   -17.3130 [2.000]   -17.3086 [2.000]
[kpt   0   2   1]   -17.2981 [2.000]   -17.2958 [2.000]   -15.8332 [2.000]   -15.8271 [2.000]   -15.8267 [2.000]
[kpt   0   2   2]   -15.8196 [2.000]   -15.8110 [2.000]   -15.8054 [2.000]   -15.7841 [2.000]   -15.7780 [2.000]
[kpt   0   2   3]   -15.7632 [2.000]    -9.1893 [2.000]    -6.6465 [2.000]    -6.6419 [2.000]    -6.6406 [2.000]
[kpt   0   2   4]    -6.6360 [2.000]    -6.6319 [2.000]    -6.6292 [2.000]    -4.8219 [2.000]    -4.8207 [2.000]
[kpt   0   2   5]    -4.8131 [2.000]    -4.1772 [2.000]    -4.1722 [2.000]    -4.1689 [2.000]    -4.1639 [2.000]
[kpt   0   2   6]    -4.1600 [2.000]    -4.1573 [2.000]    -1.5474 [2.000]    -1.5453 [2.000]    -1.5404 [2.000]
[kpt   0   2   7]    -1.5320 [2.000]    -1.5268 [2.000]    -1.5238 [2.000]    -1.2640 [2.000]    -1.2621 [2.000]
[kpt   0   2   8]    -1.1550 [2.000]    -1.1454 [2.000]    -1.1429 [2.000]    -1.1411 [2.000]    -1.1382 [2.000]
[kpt   0   2   9]    -1.1362 [2.000]    -0.6375 [2.000]    -0.6304 [2.000]    -0.6302 [2.000]     0.0430 [2.000]
[kpt   0   2  10]     0.0502 [2.000]     0.0535 [2.000]     0.0627 [2.000]     0.0650 [2.000]     0.0750 [2.000]
[kpt   0   2  11]     0.9552 [2.000]     0.9592 [2.000]     0.9629 [2.000]     0.9685 [2.000]     0.9721 [2.000]
[kpt   0   2  12]     0.9768 [2.000]     1.7417 [2.000]     1.7480 [2.000]     1.7491 [2.000]     8.6872 [0.000]
[kpt   0   2  13]    11.2553 [0.000]    11.2607 [0.000]    11.2663 [0.000]    11.2673 [0.000]    11.2684 [0.000]
[kpt   0   2  14]    11.2688 [0.000]    11.4834 [0.000]    11.4894 [0.000]    11.4931 [0.000]    14.0957 [0.000]
[kpt   0   2  15]    14.0985 [0.000]    14.0996 [0.000]    14.1015 [0.000]    46.9811 [0.000]



Total charge in supercell =     128.00000000
 quench: [md:   0/100  scf:   2/30  step time:   0.26  scf time:     0.88 secs  RMS[dV]: 1.46e-02 ]


average potential <V> = -7.15e-16

Diagonalization using scalapack for step=3  count=4


FERMI ENERGY =      1.63952126 eV
@@ EIGENVALUE SUM     =      -54.470948 Ry
@@ ION_ION            =     -272.916107 Ry
@@ ELECTROSTATIC      =     -292.849932 Ry
@@ VXC                =     -180.614853 Ry
@@ EXC                =     -139.034836 Ry
@@ TOTAL ENERGY       =     -578.656970 Ry
@@ estimated error    =        2.91e-01 Ry
Charge normalization constant -1.0: -2.220446e-15
Charge density mixing: Linear with a constant of 0.50 


KOHN SHAM EIGENVALUES [eV] AT K-POINT [  0]:       0.000000      0.000000      0.000000

[kpt   0   3   0]   -18.5015 [2.000]   -17.4894 [2.000]   -17.4809 [2.000]   -17.4792 [2.000]   -17.4709 [2.000]
[kpt   0   3   1]   -17.4569 [2.000]   -17.4535 [2.000]   -16.0364 [2.000]   -16.0303 [2.000]   -16.0279 [2.000]
[kpt   0   3   2]   -16.0216 [2.000]   -16.0068 [2.000]   -16.0006 [2.000]   -15.9869 [2.000]   -15.9804 [2.000]
[kpt   0   3   3]   -15.9572 [2.000]    -9.2266 [2.000]    -6.7210 [2.000]    -6.7187 [2.000]    -6.7168 [2.000]
[kpt   0   3   4]    -6.7137 [2.000]    -6.7048 [2.000]    -6.7010 [2.000]    -4.9048 [2.000]    -4.9025 [2.000]
[kpt   0   3   5]    -4.8920 [2.000]    -4.2666 [2.000]    -4.2628 [2.000]    -4.2611 [2.000]    -4.2583 [2.000]
[kpt   0   3   6]    -4.2481 [2.000]    -4.2463 [2.000]    -1.6907 [2.000]    -1.6903 [2.000]    -1.6876 [2.000]
[kpt   0   3   7]    -1.6801 [2.000]    -1.6784 [2.000]    -1.6711 [2.000]    -1.4210 [2.000]    -1.4201 [2.000]
[kpt   0   3   8]    -1.2702 [2.000]    -1.2668 [2.000]    -1.2614 [2.000]    -1.2581 [2.000]    -1.2541 [2.000]
[kpt   0   3   9]    -1.2530 [2.000]    -0.7846 [2.000]    -0.7794 [2.000]    -0.7791 [2.000]    -0.0954 [2.000]
[kpt   0   3  10]    -0.0906 [2.000]    -0.0885 [2.000]    -0.0814 [2.000]    -0.0794 [2.000]    -0.0759 [2.000]
[kpt   0   3  11]     0.8279 [2.000]     0.8289 [2.000]     0.8354 [2.000]     0.8377 [2.000]     0.8396 [2.000]
[kpt   0   3  12]     0.8509 [2.000]     1.6278 [2.000]     1.6374 [2.000]     1.6395 [2.000]     8.4086 [0.000]
[kpt   0   3  13]    11.0587 [0.000]    11.0639 [0.000]    11.0668 [0.000]    11.0692 [0.000]    11.0695 [0.000]
[kpt   0   3  14]    11.0708 [0.000]    11.2712 [0.000]    11.2772 [0.000]    11.2809 [0.000]    13.8871 [0.000]
[kpt   0   3  15]    13.8895 [0.000]    13.8917 [0.000]    13.8927 [0.000]    46.2218 [0.000]



Total charge in supercell =     128.00000000
 quench: [md:   0/100  scf:   3/30  step time:   0.25  scf time:     1.14 secs  RMS[dV]: 1.42e-02 ]


average potential <V> = -1.03e-16
Davidson converged in 3 steps

FERMI ENERGY =      1.58321822 eV
@@ EIGENVALUE SUM     =      -55.646026 Ry
@@ ION_ION            =     -272.916107 Ry
@@ ELECTROSTATIC      =     -289.318380 Ry
@@ VXC                =     -179.476575 Ry
@@ EXC                =     -138.147564 Ry
@@ TOTAL ENERGY       =     -576.551502 Ry
@@ estimated error    =        1.85e-01 Ry
Charge normalization constant -1.0: -4.440892e-16
Charge density mixing: Broyden


KOHN SHAM EIGENVALUES [eV] AT K-POINT [  0]:       0.000000      0.000000      0.000000

[kpt   0   4   0]   -18.6389 [2.000]   -17.6465 [2.000]   -17.6400 [2.000]   -17.6338 [2.000]   -17.6290 [2.000]
[kpt   0   4   1]   -17.6041 [2.000]   -17.5968 [2.000]   -16.2337 [2.000]   -16.2244 [2.000]   -16.2160 [2.000]
[kpt   0   4   2]   -16.2154 [2.000]   -16.1917 [2.000]   -16.1773 [2.000]   -16.1760 [2.000]   -16.1701 [2.000]
[kpt   0   4   3]   -16.1301 [2.000]    -9.3227 [2.000]    -6.8449 [2.000]    -6.8400 [2.000]    -6.8351 [2.000]
[kpt   0   4   4]    -6.8344 [2.000]    -6.8128 [2.000]    -6.8076 [2.000]    -5.0152 [2.000]    -5.0095 [2.000]
[kpt   0   4   5]    -4.9896 [2.000]    -4.3868 [2.000]    -4.3783 [2.000]    -4.3751 [2.000]    -4.3705 [2.000]
[kpt   0   4   6]    -4.3467 [2.000]    -4.3398 [2.000]    -1.8379 [2.000]    -1.8334 [2.000]    -1.8291 [2.000]
[kpt   0   4   7]    -1.8177 [2.000]    -1.8141 [2.000]    -1.8019 [2.000]    -1.5502 [2.000]    -1.5488 [2.000]
[kpt   0   4   8]    -1.3952 [2.000]    -1.3897 [2.000]    -1.3870 [2.000]    -1.3741 [2.000]    -1.3697 [2.000]
[kpt   0   4   9]    -1.3557 [2.000]    -0.9006 [2.000]    -0.8996 [2.000]    -0.8989 [2.000]    -0.2093 [2.000]
[kpt   0   4  10]    -0.2032 [2.000]    -0.1997 [2.000]    -0.1844 [2.000]    -0.1797 [2.000]    -0.1592 [2.000]
[kpt   0   4  11]     0.7304 [2.000]     0.7351 [2.000]     0.7410 [2.000]     0.7580 [2.000]     0.7625 [2.000]
[kpt   0   4  12]     0.7758 [2.000]     1.5568 [2.000]     1.5779 [2.000]     1.5832 [2.000]     7.3164 [0.000]
[kpt   0   4  13]    10.0613 [0.000]    10.0642 [0.000]    10.0681 [0.000]    10.0687 [0.000]    10.0702 [0.000]
[kpt   0   4  14]    10.0777 [0.000]    10.5825 [0.000]    10.5856 [0.000]    10.5865 [0.000]    13.3178 [0.000]
[kpt   0   4  15]    13.3215 [0.000]    13.3227 [0.000]    13.3278 [0.000]    13.3338 [0.000]



Total charge in supercell =     128.00000000
 quench: [md:   0/100  scf:   4/30  step time:   0.31  scf time:     1.45 secs  RMS[dV]: 1.08e-02 ]


average potential <V> = -5.72e-16
Davidson converged in 2 steps

FERMI ENERGY =      0.90632912 eV
@@ EIGENVALUE SUM     =      -60.258535 Ry
@@ ION_ION            =     -272.916107 Ry
@@ ELECTROSTATIC      =     -284.286878 Ry
@@ VXC                =     -177.952104 Ry
@@ EXC                =     -136.959780 Ry
@@ TOTAL ENERGY       =     -576.469196 Ry
@@ estimated error    =        2.57e-01 Ry
Charge normalization constant -1.0: 1.776357e-15
Charge density mixing: Broyden


KOHN SHAM EIGENVALUES [eV] AT K-POINT [  0]:       0.000000      0.000000      0.000000

[kpt   0   5   0]   -19.0955 [2.000]   -18.1325 [2.000]   -18.1281 [2.000]   -18.1148 [2.000]   -18.1123 [2.000]
[kpt   0   5   1]   -18.1087 [2.000]   -18.1052 [2.000]   -16.7910 [2.000]   -16.7861 [2.000]   -16.7774 [2.000]
[kpt   0   5   2]   -16.7706 [2.000]   -16.7688 [2.000]   -16.7626 [2.000]   -16.7472 [2.000]   -16.7372 [2.000]
[kpt   0   5   3]   -16.7327 [2.000]    -9.5420 [2.000]    -7.1580 [2.000]    -7.1544 [2.000]    -7.1430 [2.000]
[kpt   0   5   4]    -7.1418 [2.000]    -7.1387 [2.000]    -7.1359 [2.000]    -5.3729 [2.000]    -5.3625 [2.000]
[kpt   0   5   5]    -5.3594 [2.000]    -4.7708 [2.000]    -4.7666 [2.000]    -4.7527 [2.000]    -4.7523 [2.000]
[kpt   0   5   6]    -4.7490 [2.000]    -4.7458 [2.000]    -2.2991 [2.000]    -2.2907 [2.000]    -2.2889 [2.000]
[kpt   0   5   7]    -2.2830 [2.000]    -2.2818 [2.000]    -2.2784 [2.000]    -2.0503 [2.000]    -2.0496 [2.000]
[kpt   0   5   8]    -1.8671 [2.000]    -1.8599 [2.000]    -1.8583 [2.000]    -1.8530 [2.000]    -1.8511 [2.000]
[kpt   0   5   9]    -1.8488 [2.000]    -1.4253 [2.000]    -1.4251 [2.000]    -1.4248 [2.000]    -0.7638 [2.000]
[kpt   0   5  10]    -0.7560 [2.000]    -0.7543 [2.000]    -0.7477 [2.000]    -0.7456 [2.000]    -0.7426 [2.000]
[kpt   0   5  11]     0.1254 [2.000]     0.1343 [2.000]     0.1368 [2.000]     0.1443 [2.000]     0.1462 [2.000]
[kpt   0   5  12]     0.1495 [2.000]     0.8930 [2.000]     0.8962 [2.000]     0.9063 [2.000]     6.8758 [0.000]
[kpt   0   5  13]     9.7630 [0.000]     9.7651 [0.000]     9.7654 [0.000]     9.7657 [0.000]     9.7663 [0.000]
[kpt   0   5  14]     9.7689 [0.000]    10.5244 [0.000]    10.5256 [0.000]    10.5257 [0.000]    13.0231 [0.000]
[kpt   0   5  15]    13.0244 [0.000]    13.0250 [0.000]    13.0255 [0.000]    13.0289 [0.000]



Total charge in supercell =     128.00000000
 quench: [md:   0/100  scf:   5/30  step time:   0.28  scf time:     1.73 secs  RMS[dV]: 1.21e-02 ]


average potential <V> = -7.96e-16
Davidson converged in 3 steps

FERMI ENERGY =      1.07390840 eV
@@ EIGENVALUE SUM     =      -58.707372 Ry
@@ ION_ION            =     -272.916107 Ry
@@ ELECTROSTATIC      =     -285.928198 Ry
@@ VXC                =     -178.369940 Ry
@@ EXC                =     -137.283790 Ry
@@ TOTAL ENERGY       =     -576.465527 Ry
@@ estimated error    =        1.55e-02 Ry
Charge normalization constant -1.0: 1.332268e-15
Charge density mixing: Broyden


KOHN SHAM EIGENVALUES [eV] AT K-POINT [  0]:       0.000000      0.000000      0.000000

[kpt   0   6   0]   -18.9295 [2.000]   -17.9476 [2.000]   -17.9468 [2.000]   -17.9461 [2.000]   -17.9458 [2.000]
[kpt   0   6   1]   -17.9434 [2.000]   -17.9423 [2.000]   -16.5947 [2.000]   -16.5942 [2.000]   -16.5934 [2.000]
[kpt   0   6   2]   -16.5931 [2.000]   -16.5904 [2.000]   -16.5893 [2.000]   -16.5625 [2.000]   -16.5614 [2.000]
[kpt   0   6   3]   -16.5580 [2.000]    -9.3851 [2.000]    -6.9772 [2.000]    -6.9766 [2.000]    -6.9760 [2.000]
[kpt   0   6   4]    -6.9755 [2.000]    -6.9740 [2.000]    -6.9732 [2.000]    -5.2001 [2.000]    -5.1996 [2.000]
[kpt   0   6   5]    -5.1979 [2.000]    -4.5753 [2.000]    -4.5748 [2.000]    -4.5741 [2.000]    -4.5740 [2.000]
[kpt   0   6   6]    -4.5716 [2.000]    -4.5707 [2.000]    -2.1488 [2.000]    -2.1484 [2.000]    -2.1479 [2.000]
[kpt   0   6   7]    -2.1469 [2.000]    -2.1467 [2.000]    -2.1458 [2.000]    -1.9048 [2.000]    -1.9046 [2.000]
[kpt   0   6   8]    -1.7152 [2.000]    -1.7147 [2.000]    -1.7144 [2.000]    -1.7134 [2.000]    -1.7130 [2.000]
[kpt   0   6   9]    -1.7110 [2.000]    -1.2593 [2.000]    -1.2591 [2.000]    -1.2590 [2.000]    -0.5977 [2.000]
[kpt   0   6  10]    -0.5970 [2.000]    -0.5967 [2.000]    -0.5956 [2.000]    -0.5952 [2.000]    -0.5927 [2.000]
[kpt   0   6  11]     0.3059 [2.000]     0.3064 [2.000]     0.3070 [2.000]     0.3083 [2.000]     0.3086 [2.000]
[kpt   0   6  12]     0.3094 [2.000]     1.0720 [2.000]     1.0735 [2.000]     1.0739 [2.000]     6.8260 [0.000]
[kpt   0   6  13]     9.7733 [0.000]     9.7737 [0.000]     9.7748 [0.000]     9.7750 [0.000]     9.7755 [0.000]
[kpt   0   6  14]     9.7757 [0.000]    10.5772 [0.000]    10.5782 [0.000]    10.5788 [0.000]    13.0670 [0.000]
[kpt   0   6  15]    13.0677 [0.000]    13.0681 [0.000]    13.0688 [0.000]    13.0719 [0.000]



Total charge in supercell =     128.00000000
 quench: [md:   0/100  scf:   6/30  step time:   0.29  scf time:     2.02 secs  RMS[dV]: 5.09e-03 ]


average potential <V> = -3.14e-16
Davidson converged in 3 steps

FERMI ENERGY =      1.09910135 eV
@@ EIGENVALUE SUM     =      -58.408584 Ry
@@ ION_ION            =     -272.916107 Ry
@@ ELECTROSTATIC      =     -286.243623 Ry
@@ VXC                =     -178.442045 Ry
@@ EXC                =     -137.339242 Ry
@@ TOTAL ENERGY       =     -576.465510 Ry
@@ estimated error    =        6.25e-04 Ry
Charge normalization constant -1.0: -8.881784e-16
Charge density mixing: Broyden


KOHN SHAM EIGENVALUES [eV] AT K-POINT [  0]:       0.000000      0.000000      0.000000

[kpt   0   7   0]   -18.8957 [2.000]   -17.9116 [2.000]   -17.9115 [2.000]   -17.9114 [2.000]   -17.9113 [2.000]
[kpt   0   7   1]   -17.9111 [2.000]   -17.9110 [2.000]   -16.5591 [2.000]   -16.5590 [2.000]   -16.5589 [2.000]
[kpt   0   7   2]   -16.5589 [2.000]   -16.5586 [2.000]   -16.5585 [2.000]   -16.5273 [2.000]   -16.5271 [2.000]
[kpt   0   7   3]   -16.5267 [2.000]    -9.3425 [2.000]    -6.9334 [2.000]    -6.9333 [2.000]    -6.9333 [2.000]
[kpt   0   7   4]    -6.9332 [2.000]    -6.9331 [2.000]    -6.9331 [2.000]    -5.1609 [2.000]    -5.1608 [2.000]
[kpt   0   7   5]    -5.1607 [2.000]    -4.5308 [2.000]    -4.5307 [2.000]    -4.5306 [2.000]    -4.5306 [2.000]
[kpt   0   7   6]    -4.5305 [2.000]    -4.5304 [2.000]    -2.1234 [2.000]    -2.1233 [2.000]    -2.1232 [2.000]
[kpt   0   7   7]    -2.1231 [2.000]    -2.1230 [2.000]    -2.1230 [2.000]    -1.8804 [2.000]    -1.8803 [2.000]
[kpt   0   7   8]    -1.6890 [2.000]    -1.6889 [2.000]    -1.6888 [2.000]    -1.6887 [2.000]    -1.6886 [2.000]
[kpt   0   7   9]    -1.6884 [2.000]    -1.2287 [2.000]    -1.2286 [2.000]    -1.2285 [2.000]    -0.5711 [2.000]
[kpt   0   7  10]    -0.5710 [2.000]    -0.5709 [2.000]    -0.5708 [2.000]    -0.5707 [2.000]    -0.5704 [2.000]
[kpt   0   7  11]     0.3343 [2.000]     0.3343 [2.000]     0.3345 [2.000]     0.3346 [2.000]     0.3347 [2.000]
[kpt   0   7  12]     0.3347 [2.000]     1.0988 [2.000]     1.0990 [2.000]     1.0991 [2.000]     6.7901 [0.000]
[kpt   0   7  13]     9.7586 [0.000]     9.7587 [0.000]     9.7591 [0.000]     9.7593 [0.000]     9.7621 [0.000]
[kpt   0   7  14]     9.7671 [0.000]    10.5856 [0.000]    10.5858 [0.000]    10.5859 [0.000]    13.0516 [0.000]
[kpt   0   7  15]    13.0518 [0.000]    13.0518 [0.000]    13.0520 [0.000]    13.0522 [0.000]



Total charge in supercell =     128.00000000
 quench: [md:   0/100  scf:   7/30  step time:   0.34  scf time:     2.36 secs  RMS[dV]: 1.00e-03 ]


average potential <V> = 7.47e-16
Davidson converged in 3 steps

FERMI ENERGY =      1.09961239 eV
@@ EIGENVALUE SUM     =      -58.382434 Ry
@@ ION_ION            =     -272.916107 Ry
@@ ELECTROSTATIC      =     -286.271202 Ry
@@ VXC                =     -178.447704 Ry
@@ EXC                =     -137.343497 Ry
@@ TOTAL ENERGY       =     -576.465536 Ry
@@ estimated error    =        5.45e-05 Ry
Charge normalization constant -1.0: 0.000000e+00
Charge density mixing: Broyden


KOHN SHAM EIGENVALUES [eV] AT K-POINT [  0]:       0.000000      0.000000      0.000000

[kpt   0   8   0]   -18.8923 [2.000]   -17.9084 [2.000]   -17.9084 [2.000]   -17.9083 [2.000]   -17.9081 [2.000]
[kpt   0   8   1]   -17.9080 [2.000]   -17.9079 [2.000]   -16.5566 [2.000]   -16.5566 [2.000]   -16.5565 [2.000]
[kpt   0   8   2]   -16.5564 [2.000]   -16.5562 [2.000]   -16.5561 [2.000]   -16.5247 [2.000]   -16.5247 [2.000]
[kpt   0   8   3]   -16.5244 [2.000]    -9.3360 [2.000]    -6.9279 [2.000]    -6.9279 [2.000]    -6.9278 [2.000]
[kpt   0   8   4]    -6.9277 [2.000]    -6.9276 [2.000]    -6.9276 [2.000]    -5.1563 [2.000]    -5.1563 [2.000]
[kpt   0   8   5]    -5.1561 [2.000]    -4.5259 [2.000]    -4.5259 [2.000]    -4.5259 [2.000]    -4.5258 [2.000]
[kpt   0   8   6]    -4.5256 [2.000]    -4.5255 [2.000]    -2.1213 [2.000]    -2.1213 [2.000]    -2.1212 [2.000]
[kpt   0   8   7]    -2.1211 [2.000]    -2.1211 [2.000]    -2.1210 [2.000]    -1.8787 [2.000]    -1.8787 [2.000]
[kpt   0   8   8]    -1.6868 [2.000]    -1.6868 [2.000]    -1.6867 [2.000]    -1.6866 [2.000]    -1.6866 [2.000]
[kpt   0   8   9]    -1.6865 [2.000]    -1.2263 [2.000]    -1.2263 [2.000]    -1.2263 [2.000]    -0.5697 [2.000]
[kpt   0   8  10]    -0.5696 [2.000]    -0.5696 [2.000]    -0.5695 [2.000]    -0.5694 [2.000]    -0.5693 [2.000]
[kpt   0   8  11]     0.3356 [2.000]     0.3356 [2.000]     0.3357 [2.000]     0.3358 [2.000]     0.3358 [2.000]
[kpt   0   8  12]     0.3359 [2.000]     1.0994 [2.000]     1.0996 [2.000]     1.0996 [2.000]     6.7881 [0.000]
[kpt   0   8  13]     9.7569 [0.000]     9.7569 [0.000]     9.7571 [0.000]     9.7574 [0.000]     9.7577 [0.000]
[kpt   0   8  14]     9.7586 [0.000]    10.5921 [0.000]    10.5922 [0.000]    10.5922 [0.000]    13.0507 [0.000]
[kpt   0   8  15]    13.0512 [0.000]    13.0512 [0.000]    13.0513 [0.000]    13.0513 [0.000]



Total charge in supercell =     128.00000000
 quench: [md:   0/100  scf:   8/30  step time:   0.31  scf time:     2.67 secs  RMS[dV]: 3.13e-04 ]


average potential <V> = -3.27e-16
Davidson converged in 3 steps

FERMI ENERGY =      1.10156288 eV
@@ EIGENVALUE SUM     =      -58.369369 Ry
@@ ION_ION            =     -272.916107 Ry
@@ ELECTROSTATIC      =     -286.285443 Ry
@@ VXC                =     -178.453049 Ry
@@ EXC                =     -137.347673 Ry
@@ TOTAL ENERGY       =     -576.465542 Ry
@@ estimated error    =        3.64e-06 Ry
Charge normalization constant -1.0: -1.776357e-15
Charge density mixing: Broyden


KOHN SHAM EIGENVALUES [eV] AT K-POINT [  0]:       0.000000      0.000000      0.000000

[kpt   0   9   0]   -18.8909 [2.000]   -17.9071 [2.000]   -17.9070 [2.000]   -17.9068 [2.000]   -17.9067 [2.000]
[kpt   0   9   1]   -17.9067 [2.000]   -17.9066 [2.000]   -16.5552 [2.000]   -16.5551 [2.000]   -16.5548 [2.000]
[kpt   0   9   2]   -16.5548 [2.000]   -16.5547 [2.000]   -16.5547 [2.000]   -16.5233 [2.000]   -16.5230 [2.000]
[kpt   0   9   3]   -16.5229 [2.000]    -9.3353 [2.000]    -6.9272 [2.000]    -6.9271 [2.000]    -6.9270 [2.000]
[kpt   0   9   4]    -6.9269 [2.000]    -6.9269 [2.000]    -6.9268 [2.000]    -5.1554 [2.000]    -5.1552 [2.000]
[kpt   0   9   5]    -5.1552 [2.000]    -4.5252 [2.000]    -4.5251 [2.000]    -4.5249 [2.000]    -4.5249 [2.000]
[kpt   0   9   6]    -4.5248 [2.000]    -4.5248 [2.000]    -2.1198 [2.000]    -2.1197 [2.000]    -2.1197 [2.000]
[kpt   0   9   7]    -2.1196 [2.000]    -2.1196 [2.000]    -2.1195 [2.000]    -1.8771 [2.000]    -1.8771 [2.000]
[kpt   0   9   8]    -1.6852 [2.000]    -1.6851 [2.000]    -1.6851 [2.000]    -1.6850 [2.000]    -1.6850 [2.000]
[kpt   0   9   9]    -1.6849 [2.000]    -1.2248 [2.000]    -1.2248 [2.000]    -1.2248 [2.000]    -0.5680 [2.000]
[kpt   0   9  10]    -0.5679 [2.000]    -0.5679 [2.000]    -0.5677 [2.000]    -0.5677 [2.000]    -0.5677 [2.000]
[kpt   0   9  11]     0.3373 [2.000]     0.3374 [2.000]     0.3374 [2.000]     0.3376 [2.000]     0.3376 [2.000]
[kpt   0   9  12]     0.3376 [2.000]     1.1014 [2.000]     1.1014 [2.000]     1.1016 [2.000]     6.7882 [0.000]
[kpt   0   9  13]     9.7569 [0.000]     9.7570 [0.000]     9.7572 [0.000]     9.7574 [0.000]     9.7574 [0.000]
[kpt   0   9  14]     9.7580 [0.000]    10.5929 [0.000]    10.5929 [0.000]    10.5930 [0.000]    13.0511 [0.000]
[kpt   0   9  15]    13.0518 [0.000]    13.0519 [0.000]    13.0519 [0.000]    13.0519 [0.000]



Total charge in supercell =     128.00000000
 quench: [md:   0/100  scf:   9/30  step time:   0.31  scf time:     2.98 secs  RMS[dV]: 1.08e-04 ]


average potential <V> = 6.53e-16
Davidson converged in 3 steps

FERMI ENERGY =      1.10134882 eV
@@ EIGENVALUE SUM     =      -58.371501 Ry
@@ ION_ION            =     -272.916107 Ry
@@ ELECTROSTATIC      =     -286.283258 Ry
@@ VXC                =     -178.452893 Ry
@@ EXC                =     -137.347571 Ry
@@ TOTAL ENERGY       =     -576.465543 Ry
@@ estimated error    =        1.54e-07 Ry
Charge normalization constant -1.0: 0.000000e+00
Charge density mixing: Broyden


KOHN SHAM EIGENVALUES [eV] AT K-POINT [  0]:       0.000000      0.000000      0.000000

[kpt   0  10   0]   -18.8912 [2.000]   -17.9071 [2.000]   -17.9071 [2.000]   -17.9071 [2.000]   -17.9071 [2.000]
[kpt   0  10   1]   -17.9070 [2.000]   -17.9070 [2.000]   -16.5552 [2.000]   -16.5552 [2.000]   -16.5552 [2.000]
[kpt   0  10   2]   -16.5551 [2.000]   -16.5551 [2.000]   -16.5551 [2.000]   -16.5234 [2.000]   -16.5233 [2.000]
[kpt   0  10   3]   -16.5232 [2.000]    -9.3358 [2.000]    -6.9274 [2.000]    -6.9274 [2.000]    -6.9274 [2.000]
[kpt   0  10   4]    -6.9274 [2.000]    -6.9273 [2.000]    -6.9273 [2.000]    -5.1557 [2.000]    -5.1557 [2.000]
[kpt   0  10   5]    -5.1556 [2.000]    -4.5255 [2.000]    -4.5254 [2.000]    -4.5254 [2.000]    -4.5254 [2.000]
[kpt   0  10   6]    -4.5253 [2.000]    -4.5253 [2.000]    -2.1198 [2.000]    -2.1198 [2.000]    -2.1198 [2.000]
[kpt   0  10   7]    -2.1198 [2.000]    -2.1197 [2.000]    -2.1197 [2.000]    -1.8772 [2.000]    -1.8772 [2.000]
[kpt   0  10   8]    -1.6852 [2.000]    -1.6852 [2.000]    -1.6852 [2.000]    -1.6852 [2.000]    -1.6852 [2.000]
[kpt   0  10   9]    -1.6851 [2.000]    -1.2251 [2.000]    -1.2251 [2.000]    -1.2250 [2.000]    -0.5680 [2.000]
[kpt   0  10  10]    -0.5680 [2.000]    -0.5679 [2.000]    -0.5679 [2.000]    -0.5679 [2.000]    -0.5679 [2.000]
[kpt   0  10  11]     0.3373 [2.000]     0.3373 [2.000]     0.3373 [2.000]     0.3374 [2.000]     0.3374 [2.000]
[kpt   0  10  12]     0.3374 [2.000]     1.1013 [2.000]     1.1013 [2.000]     1.1013 [2.000]     6.7883 [0.000]
[kpt   0  10  13]     9.7568 [0.000]     9.7568 [0.000]     9.7570 [0.000]     9.7572 [0.000]     9.7572 [0.000]
[kpt   0  10  14]     9.7575 [0.000]    10.5927 [0.000]    10.5927 [0.000]    10.5927 [0.000]    13.0509 [0.000]
[kpt   0  10  15]    13.0518 [0.000]    13.0518 [0.000]    13.0518 [0.000]    13.0518 [0.000]



Total charge in supercell =     128.00000000
 quench: [md:   0/100  scf:  10/30  step time:   0.33  scf time:     3.31 secs  RMS[dV]: 1.98e-05 ]


average potential <V> = -5.50e-17
Davidson converged in 3 steps

FERMI ENERGY =      1.10130599 eV
@@ EIGENVALUE SUM     =      -58.371589 Ry
@@ ION_ION            =     -272.916107 Ry
@@ ELECTROSTATIC      =     -286.283169 Ry
@@ VXC                =     -178.452911 Ry
@@ EXC                =     -137.347589 Ry
@@ TOTAL ENERGY       =     -576.465543 Ry
@@ estimated error    =        1.58e-08 Ry
Charge normalization constant -1.0: -2.220446e-16
Charge density mixing: Broyden


KOHN SHAM EIGENVALUES [eV] AT K-POINT [  0]:       0.000000      0.000000      0.000000

[kpt   0  11   0]   -18.8912 [2.000]   -17.9071 [2.000]   -17.9071 [2.000]   -17.9071 [2.000]   -17.9071 [2.000]
[kpt   0  11   1]   -17.9071 [2.000]   -17.9071 [2.000]   -16.5552 [2.000]   -16.5552 [2.000]   -16.5551 [2.000]
[kpt   0  11   2]   -16.5551 [2.000]   -16.5551 [2.000]   -16.5551 [2.000]   -16.5234 [2.000]   -16.5233 [2.000]
[kpt   0  11   3]   -16.5233 [2.000]    -9.3357 [2.000]    -6.9274 [2.000]    -6.9274 [2.000]    -6.9274 [2.000]
[kpt   0  11   4]    -6.9274 [2.000]    -6.9274 [2.000]    -6.9274 [2.000]    -5.1557 [2.000]    -5.1556 [2.000]
[kpt   0  11   5]    -5.1556 [2.000]    -4.5254 [2.000]    -4.5254 [2.000]    -4.5254 [2.000]    -4.5254 [2.000]
[kpt   0  11   6]    -4.5254 [2.000]    -4.5254 [2.000]    -2.1198 [2.000]    -2.1198 [2.000]    -2.1198 [2.000]
[kpt   0  11   7]    -2.1198 [2.000]    -2.1198 [2.000]    -2.1198 [2.000]    -1.8772 [2.000]    -1.8772 [2.000]
[kpt   0  11   8]    -1.6852 [2.000]    -1.6852 [2.000]    -1.6852 [2.000]    -1.6852 [2.000]    -1.6852 [2.000]
[kpt   0  11   9]    -1.6852 [2.000]    -1.2251 [2.000]    -1.2251 [2.000]    -1.2251 [2.000]    -0.5679 [2.000]
[kpt   0  11  10]    -0.5679 [2.000]    -0.5679 [2.000]    -0.5679 [2.000]    -0.5679 [2.000]    -0.5679 [2.000]
[kpt   0  11  11]     0.3373 [2.000]     0.3373 [2.000]     0.3373 [2.000]     0.3373 [2.000]     0.3373 [2.000]
[kpt   0  11  12]     0.3373 [2.000]     1.1013 [2.000]     1.1013 [2.000]     1.1013 [2.000]     6.7883 [0.000]
[kpt   0  11  13]     9.7567 [0.000]     9.7567 [0.000]     9.7569 [0.000]     9.7569 [0.000]     9.7570 [0.000]
[kpt   0  11  14]     9.7572 [0.000]    10.5927 [0.000]    10.5927 [0.000]    10.5927 [0.000]    13.0508 [0.000]
[kpt   0  11  15]    13.0518 [0.000]    13.0518 [0.000]    13.0518 [0.000]    13.0518 [0.000]



Total charge in supercell =     128.00000000
 quench: [md:   0/100  scf:  11/30  step time:   0.31  scf time:     3.62 secs  RMS[dV]: 6.88e-06 ]


average potential <V> = -1.29e-17
Davidson converged in 3 steps

FERMI ENERGY =      1.10127410 eV
@@ EIGENVALUE SUM     =      -58.371831 Ry
@@ ION_ION            =     -272.916107 Ry
@@ ELECTROSTATIC      =     -286.282916 Ry
@@ VXC                =     -178.452879 Ry
@@ EXC                =     -137.347569 Ry
@@ TOTAL ENERGY       =     -576.465543 Ry
@@ estimated error    =        1.84e-09 Ry
Charge normalization constant -1.0: 0.000000e+00
Charge density mixing: Broyden


KOHN SHAM EIGENVALUES [eV] AT K-POINT [  0]:       0.000000      0.000000      0.000000

[kpt   0  12   0]   -18.8912 [2.000]   -17.9071 [2.000]   -17.9071 [2.000]   -17.9071 [2.000]   -17.9071 [2.000]
[kpt   0  12   1]   -17.9071 [2.000]   -17.9071 [2.000]   -16.5552 [2.000]   -16.5552 [2.000]   -16.5552 [2.000]
[kpt   0  12   2]   -16.5552 [2.000]   -16.5552 [2.000]   -16.5552 [2.000]   -16.5234 [2.000]   -16.5234 [2.000]
[kpt   0  12   3]   -16.5234 [2.000]    -9.3358 [2.000]    -6.9274 [2.000]    -6.9274 [2.000]    -6.9274 [2.000]
[kpt   0  12   4]    -6.9274 [2.000]    -6.9274 [2.000]    -6.9274 [2.000]    -5.1557 [2.000]    -5.1557 [2.000]
[kpt   0  12   5]    -5.1557 [2.000]    -4.5254 [2.000]    -4.5254 [2.000]    -4.5254 [2.000]    -4.5254 [2.000]
[kpt   0  12   6]    -4.5254 [2.000]    -4.5254 [2.000]    -2.1198 [2.000]    -2.1198 [2.000]    -2.1198 [2.000]
[kpt   0  12   7]    -2.1198 [2.000]    -2.1198 [2.000]    -2.1198 [2.000]    -1.8772 [2.000]    -1.8772 [2.000]
[kpt   0  12   8]    -1.6852 [2.000]    -1.6852 [2.000]    -1.6852 [2.000]    -1.6852 [2.000]    -1.6852 [2.000]
[kpt   0  12   9]    -1.6852 [2.000]    -1.2251 [2.000]    -1.2251 [2.000]    -1.2251 [2.000]    -0.5680 [2.000]
[kpt   0  12  10]    -0.5680 [2.000]    -0.5680 [2.000]    -0.5680 [2.000]    -0.5680 [2.000]    -0.5680 [2.000]
[kpt   0  12  11]     0.3373 [2.000]     0.3373 [2.000]     0.3373 [2.000]     0.3373 [2.000]     0.3373 [2.000]
[kpt   0  12  12]     0.3373 [2.000]     1.1013 [2.000]     1.1013 [2.000]     1.1013 [2.000]     6.7883 [0.000]
[kpt   0  12  13]     9.7567 [0.000]     9.7567 [0.000]     9.7567 [0.000]     9.7568 [0.000]     9.7568 [0.000]
[kpt   0  12  14]     9.7570 [0.000]    10.5927 [0.000]    10.5927 [0.000]    10.5927 [0.000]    13.0507 [0.000]
[kpt   0  12  15]    13.0518 [0.000]    13.0518 [0.000]    13.0518 [0.000]    13.0518 [0.000]



Total charge in supercell =     128.00000000
 quench: [md:   0/100  scf:  12/30  step time:   0.30  scf time:     3.92 secs  RMS[dV]: 3.49e-06 ]


average potential <V> = -7.34e-16
Davidson converged in 3 steps

FERMI ENERGY =      1.10127822 eV
@@ EIGENVALUE SUM     =      -58.371764 Ry
@@ ION_ION            =     -272.916107 Ry
@@ ELECTROSTATIC      =     -286.282986 Ry
@@ VXC                =     -178.452901 Ry
@@ EXC                =     -137.347588 Ry
@@ TOTAL ENERGY       =     -576.465544 Ry
@@ estimated error    =        2.23e-10 Ry
Charge normalization constant -1.0: 8.881784e-16
Charge density mixing: Broyden


KOHN SHAM EIGENVALUES [eV] AT K-POINT [  0]:       0.000000      0.000000      0.000000

[kpt   0  13   0]   -18.8912 [2.000]   -17.9071 [2.000]   -17.9071 [2.000]   -17.9071 [2.000]   -17.9071 [2.000]
[kpt   0  13   1]   -17.9071 [2.000]   -17.9071 [2.000]   -16.5552 [2.000]   -16.5552 [2.000]   -16.5552 [2.000]
[kpt   0  13   2]   -16.5552 [2.000]   -16.5552 [2.000]   -16.5552 [2.000]   -16.5234 [2.000]   -16.5234 [2.000]
[kpt   0  13   3]   -16.5234 [2.000]    -9.3358 [2.000]    -6.9274 [2.000]    -6.9274 [2.000]    -6.9274 [2.000]
[kpt   0  13   4]    -6.9274 [2.000]    -6.9274 [2.000]    -6.9274 [2.000]    -5.1557 [2.000]    -5.1557 [2.000]
[kpt   0  13   5]    -5.1557 [2.000]    -4.5254 [2.000]    -4.5254 [2.000]    -4.5254 [2.000]    -4.5254 [2.000]
[kpt   0  13   6]    -4.5254 [2.000]    -4.5254 [2.000]    -2.1198 [2.000]    -2.1198 [2.000]    -2.1198 [2.000]
[kpt   0  13   7]    -2.1198 [2.000]    -2.1198 [2.000]    -2.1198 [2.000]    -1.8772 [2.000]    -1.8772 [2.000]
[kpt   0  13   8]    -1.6852 [2.000]    -1.6852 [2.000]    -1.6852 [2.000]    -1.6852 [2.000]    -1.6852 [2.000]
[kpt   0  13   9]    -1.6852 [2.000]    -1.2251 [2.000]    -1.2251 [2.000]    -1.2251 [2.000]    -0.5680 [2.000]
[kpt   0  13  10]    -0.5680 [2.000]    -0.5680 [2.000]    -0.5680 [2.000]    -0.5680 [2.000]    -0.5680 [2.000]
[kpt   0  13  11]     0.3373 [2.000]     0.3373 [2.000]     0.3373 [2.000]     0.3373 [2.000]     0.3373 [2.000]
[kpt   0  13  12]     0.3373 [2.000]     1.1013 [2.000]     1.1013 [2.000]     1.1013 [2.000]     6.7883 [0.000]
[kpt   0  13  13]     9.7566 [0.000]     9.7566 [0.000]     9.7567 [0.000]     9.7567 [0.000]     9.7567 [0.000]
[kpt   0  13  14]     9.7568 [0.000]    10.5927 [0.000]    10.5927 [0.000]    10.5927 [0.000]    13.0506 [0.000]
[kpt   0  13  15]    13.0518 [0.000]    13.0518 [0.000]    13.0518 [0.000]    13.0518 [0.000]



Total charge in supercell =     128.00000000
 quench: [md:   0/100  scf:  13/30  step time:   0.34  scf time:     4.27 secs  RMS[dV]: 1.27e-06 ]



 Convergence criterion reached: Energy variation (6.32e-12) is lower than threshold (1.00e-10)

potential convergence has been achieved. stopping ...

[   0  14   14        5 ] Quench.cpp: 
@@ TOTAL ENEGY Components 
@@ ION_ION            =     -272.916107 Ry
@@ ELECTROSTATIC      =      286.282986 Ry
@@ EXC                =     -137.347573 Ry
@@ vdw correction     =        0.000000 Ry
@@ LdaU correction    =        0.000000 Ry
@@ total              =        0.000000 Ry
final total energy from eig sum =    -576.46554353 Ry


KOHN SHAM EIGENVALUES [eV] AT K-POINT [  0]:       0.000000      0.000000      0.000000

[kpt   0  14   0]   -18.8912 [2.000]   -17.9071 [2.000]   -17.9071 [2.000]   -17.9071 [2.000]   -17.9071 [2.000]
[kpt   0  14   1]   -17.9071 [2.000]   -17.9071 [2.000]   -16.5552 [2.000]   -16.5552 [2.000]   -16.5552 [2.000]
[kpt   0  14   2]   -16.5552 [2.000]   -16.5552 [2.000]   -16.5552 [2.000]   -16.5234 [2.000]   -16.5234 [2.000]
[kpt   0  14   3]   -16.5234 [2.000]    -9.3358 [2.000]    -6.9274 [2.000]    -6.9274 [2.000]    -6.9274 [2.000]
[kpt   0  14   4]    -6.9274 [2.000]    -6.9274 [2.000]    -6.9274 [2.000]    -5.1557 [2.000]    -5.1557 [2.000]
[kpt   0  14   5]    -5.1557 [2.000]    -4.5254 [2.000]    -4.5254 [2.000]    -4.5254 [2.000]    -4.5254 [2.000]
[kpt   0  14   6]    -4.5254 [2.000]    -4.5254 [2.000]    -2.1198 [2.000]    -2.1198 [2.000]    -2.1198 [2.000]
[kpt   0  14   7]    -2.1198 [2.000]    -2.1198 [2.000]    -2.1198 [2.000]    -1.8772 [2.000]    -1.8772 [2.000]
[kpt   0  14   8]    -1.6852 [2.000]    -1.6852 [2.000]    -1.6852 [2.000]    -1.6852 [2.000]    -1.6852 [2.000]
[kpt   0  14   9]    -1.6852 [2.000]    -1.2251 [2.000]    -1.2251 [2.000]    -1.2251 [2.000]    -0.5680 [2.000]
[kpt   0  14  10]    -0.5680 [2.000]    -0.5680 [2.000]    -0.5680 [2.000]    -0.5680 [2.000]    -0.5680 [2.000]
[kpt   0  14  11]     0.3373 [2.000]     0.3373 [2.000]     0.3373 [2.000]     0.3373 [2.000]     0.3373 [2.000]
[kpt   0  14  12]     0.3373 [2.000]     1.1013 [2.000]     1.1013 [2.000]     1.1013 [2.000]     6.7883 [0.000]
[kpt   0  14  13]     9.7566 [0.000]     9.7566 [0.000]     9.7567 [0.000]     9.7567 [0.000]     9.7567 [0.000]
[kpt   0  14  14]     9.7568 [0.000]    10.5927 [0.000]    10.5927 [0.000]    10.5927 [0.000]    13.0506 [0.000]
[kpt   0  14  15]    13.0518 [0.000]    13.0518 [0.000]    13.0518 [0.000]    13.0518 [0.000]



Total charge in supercell =     128.00000000
 volume and energy per atom =        15.03933867       -326.80053242 eV

 Vdd took 0.000209 seconds
WriteRestart: Output file given as /dev/null, no restart data written ...



  IONIC POSITIONS [a0] AND FORCES [Ry/a0]
  Charge analysis using: Voronoi Deformation Density

@ION  Ion  Species       X           Y           Z       Charge       FX          FY         FZ      Movable
@ION    1    Si      0.0000000   0.0000000   0.0000000    0.438   -0.0000000  -0.0000000   0.0000001  1 1 1
@ION    2    Si      3.3637125   3.3637125   3.3637125    0.438    0.0000000   0.0000000  -0.0000000  1 1 1
@ION    3    Si     10.0911375   3.3637125  10.0911375    0.438    0.0000000   0.0000001  -0.0000000  1 1 1
@ION    4    Si      3.3637125  10.0911375  10.0911375    0.438    0.0000001   0.0000001  -0.0000001  1 1 1
@ION    5    Si     10.0911375  10.0911375   3.3637125    0.438    0.0000000   0.0000000  -0.0000001  1 1 1
@ION    6    Si      0.0000000   6.7274250   6.7274250    0.438    0.0000000  -0.0000001   0.0000000  1 1 1
@ION    7    Si      6.7274250   0.0000000   6.7274250    0.438   -0.0000001  -0.0000000   0.0000000  1 1 1
@ION    8    Si      6.7274250   6.7274250   0.0000000    0.438    0.0000000  -0.0000000   0.0000000  1 1 1
@ION    9     O      1.6818563   1.6818563   1.6818563   -0.212   -0.0000000   0.0000000   0.0000000  1 1 1
@ION   10     O     11.7729938   1.6818563  11.7729938   -0.213   -0.0000000  -0.0000000  -0.0000001  1 1 1
@ION   11     O      1.6818563  11.7729938  11.7729938   -0.217   -0.0000000  -0.0000000  -0.0000001  1 1 1
@ION   12     O     11.7729938  11.7729938   1.6818563   -0.220   -0.0000001  -0.0000001   0.0000001  1 1 1
@ION   13     O      1.6818563   8.4092813   8.4092813   -0.214   -0.0000000   0.0000001   0.0000000  1 1 1
@ION   14     O      8.4092813   1.6818563   8.4092813   -0.214    0.0000001  -0.0000000  -0.0000000  1 1 1
@ION   15     O      8.4092813   8.4092813   1.6818563   -0.215    0.0000001   0.0000001   0.0000000  1 1 1
@ION   16     O     11.7729938   8.4092813   5.0455688   -0.217   -0.0000000   0.0000001   0.0000000  1 1 1
@ION   17     O      5.0455688   1.6818563   5.0455688   -0.214    0.0000000  -0.0000000   0.0000001  1 1 1
@ION   18     O      5.0455688   8.4092813  11.7729938   -0.217   -0.0000000   0.0000000   0.0000000  1 1 1
@ION   19     O      1.6818563   5.0455688   5.0455688   -0.221   -0.0000000   0.0000001   0.0000000  1 1 1
@ION   20     O      8.4092813  11.7729938   5.0455688   -0.224    0.0000001   0.0000000   0.0000001  1 1 1
@ION   21     O      8.4092813   5.0455688  11.7729938   -0.221    0.0000001  -0.0000000   0.0000000  1 1 1
@ION   22     O     11.7729938   5.0455688   8.4092813   -0.227   -0.0000001  -0.0000000   0.0000000  1 1 1
@ION   23     O      5.0455688  11.7729938   8.4092813   -0.227    0.0000000  -0.0000001   0.0000000  1 1 1
@ION   24     O      5.0455688   5.0455688   1.6818563   -0.227   -0.0000000  -0.0000000   0.0000001  1 1 1

 mean FX      =   0.00000004 Ry/a0
 mean FY      =   0.00000004 Ry/a0
 mean FZ      =   0.00000004 Ry/a0

 max FX       =   0.00000013 Ry/a0   (ion 14)
 max FY       =   0.00000011 Ry/a0   (ion 13)
 max FZ       =   0.00000011 Ry/a0   (ion 24)
 max F[x,y,z] =   0.00000013 Ry/a0
 max |F|      =   0.00000017 Ry/a0   (ion 12)

 sum FX       =   0.00000013 Ry/a0
 sum FY       =   0.00000010 Ry/a0
 sum FZ       =   0.00000032 Ry/a0
 Average      =   0.00000018 Ry/a0
 sqrt < F^2 > =   0.00000005 Ry/a0

WriteRestart: Output file given as /dev/null, no restart data written ...


--------TIMING INFORMATION FOR Processor owned the most atoms----------------
                                        Total time               Per SCF/step

1-TOTAL                                             5.82                0.42
-----------------------------------------------------------------------------
  1-TOTAL: Init                                     1.11                0.08
  1-TOTAL: run                                      4.72                0.34
  ---------------------------------------------------------------------------
    1-TOTAL: run: Force                             0.43                0.03
    1-TOTAL: run: Scf steps                         4.18                0.30

2-Force                                             0.43                0.03
-----------------------------------------------------------------------------
  2-Force: core correction                          0.00                0.00
  2-Force: corrections                              0.10                0.01
  2-Force: ion-ion                                  0.06                0.00
  2-Force: local                                    0.10                0.01
  2-Force: non-local                                0.15                0.01
  2-Force: non-local-betaxpsi                       0.02                0.00
  2-Force: non-local-get gamma                      0.00                0.00
  2-Force: non-local-nlforce_par_Q                  0.01                0.00
  2-Force: non-local-nlforce_par_gamma              0.00                0.00
  2-Force: non-local-nlforce_par_omega              0.00                0.00
  2-Force: non-local-partial gamma                  0.00                0.00
  2-Force: non-local-veff grad                      0.01                0.00

2-Init                                              1.11                0.08
-----------------------------------------------------------------------------
  2-Init: GetNewRho                                 0.03                0.00
  2-Init: KpointClass                               0.42                0.03
  2-Init: LcaoGetPsi                                0.04                0.00
  2-Init: LcaoGetRho                                0.08                0.01
  2-Init: ReinitIonicPotentials                     0.12                0.01
  2-Init: betaxpsi                                  0.01                0.00
  2-Init: exchange/correlation                      0.03                0.00
  2-Init: hartree                                   0.02                0.00
  2-Init: normalization                             0.00                0.00
  2-Init: radial potentials                         0.23                0.02
  2-Init: subdiag                                   0.04                0.00
  2-Init: weights                                   0.00                0.00

2-Scf steps                                         4.18                0.30
-----------------------------------------------------------------------------
  2-Scf steps: Davidson                             2.31                0.16
  2-Scf steps: GetNewRho                            0.41                0.03
  2-Scf steps: Hartree                              0.31                0.02
  2-Scf steps: MgridSubspace                        0.71                0.05
  2-Scf steps: MixRho                               0.02                0.00
  2-Scf steps: exchange/correlation                 0.30                0.02

3-MgridSubspace                                     0.71                0.05
-----------------------------------------------------------------------------
  3-MgridSubspace: AppNls                           0.06                0.00
  3-MgridSubspace: Beta x psi                       0.08                0.01
  3-MgridSubspace: Diagonalization                  0.13                0.01
  3-MgridSubspace: Mg_eig                           0.43                0.03

3-ReinitIonicPotentials                             0.12                0.01
-----------------------------------------------------------------------------
  3-ReinitIonicPotentials: GetNlop                  0.00                0.00
  3-ReinitIonicPotentials: GetWeight                0.07                0.01
  3-ReinitIonicPotentials: get_QI                   0.00                0.00
  3-ReinitIonicPotentials: get_qqq                  0.00                0.00
  3-ReinitIonicPotentials: init_nuc                 0.04                0.00

4-Diagonalization                                   0.17                0.01
-----------------------------------------------------------------------------
  4-Diagonalization: ELPA/PDSYGVX/PZHEGVX           0.02                0.00
  4-Diagonalization: Hpsi                           0.10                0.01
  4-Diagonalization: MPI_Bcast                      0.00                0.00
  4-Diagonalization: Update orbitals                0.03                0.00
  ---------------------------------------------------------------------------
    4-Diagonalization: Update orbitals: gather           0.00                0.00
    4-Diagonalization: Update orbitals: gemm           0.02                0.00
  4-Diagonalization: matrix                         0.02                0.00
  ---------------------------------------------------------------------------
    4-Diagonalization: matrix: Allreduce            0.00                0.00
    4-Diagonalization: matrix: Gemm                 0.02                0.00

5-Functional                                        0.32                0.02
-----------------------------------------------------------------------------
  5-Functional: apply gradient                      0.04                0.00
  5-Functional: apply laplacian                     0.01                0.00
  5-Functional: libxc                               0.12                0.01
  5-Functional: vxc                                 0.32                0.02
  5-Functional: vxc grad                            0.18                0.01
  5-Functional: vxc local                           0.04                0.00
  5-Functional: vxc nonlocal                        0.00                0.00

6-Davidson                                          2.31                0.16
-----------------------------------------------------------------------------
  6-Davidson: Betaxpsi                              0.28                0.02
  6-Davidson: apply hamiltonian                     0.54                0.04
  6-Davidson: diagonalization                       0.27                0.02
  6-Davidson: generate residuals                    0.19                0.01
  6-Davidson: matrix setup/reduce                   0.32                0.02
  6-Davidson: normalization                         0.01                0.00
  6-Davidson: precondition                          0.55                0.04
  6-Davidson: rotate orbitals                       0.10                0.01

AppNls                                              0.32                0.02
-----------------------------------------------------------------------------
  AppNls: data_rearrange                            0.01                0.00
  ---------------------------------------------------------------------------
    AppNls: data_rearrange: alloc and zeros           0.00                0.00
    AppNls: data_rearrange: dnm                     0.00                0.00
    AppNls: data_rearrange: sint                    0.00                0.00
  AppNls: nv                                        0.28                0.02
  AppNls: nv_work                                   0.00                0.00

App_gradient                                        0.04                0.00

CPUFD                                               0.00                0.00

Compute Hpsi                                        0.10                0.01
-----------------------------------------------------------------------------
  Compute Hpsi: AppNls                              0.04                0.00
  Compute Hpsi: Threaded Apply H                    0.06                0.00

GlobalSums                                          0.14                0.01

Init                                                0.68                0.05

Init Voronoi                                        0.09                0.01

Mix rho                                             0.02                0.00
-----------------------------------------------------------------------------
  Mix rho: Broyden                                  0.02                0.00
  Mix rho: Linear                                   0.00                0.00

Orbital                                             0.00                0.00
-----------------------------------------------------------------------------
  Orbital: phase and set                            0.00                0.00
  Orbital: proj cal                                 0.00                0.00
  Trade images: trade_images                        0.00                0.00
  Trade images: trade_imagesx                       0.04                0.00

VhPfft                                              0.16                0.01

Weight                                              0.00                0.00

radial beta                                         0.19                0.01


------------------------- TIMING INFORMATION FOR THREADS  -------------------

                                           Min            Max            Avg
CPUFD                                      0.15           0.15           0.15
-----------------------------------------------------------------------------

GlobalSums                                 0.08           0.08           0.08
-----------------------------------------------------------------------------

Mg_eig                                     0.43           0.43           0.43
-----------------------------------------------------------------------------
  Mg_eig: apply hamiltonian                0.23           0.23           0.23
  Mg_eig: mgrid_solv                       0.10           0.10           0.10
  Trade images: trade_images               0.40           0.40           0.40
  Trade images: trade_imagesx              0.50           0.50           0.50
