RMG initialization ... 1 image(s) total, 1 per node. 32 MPI processes/image. Thread level 2.
FFT-FD  0.000000e+00   7.854769e-01   7.854730e-01   3.888697e-06
FFT-FD  1.000000e+00   7.854769e-01   7.854730e-01   3.888697e-06
IP=0 M = 0.000000e+00  -inf  3.888697e-06
FFT-FD  0.000000e+00   2.257197e+00   2.257182e+00   1.517367e-05
FFT-FD  1.000000e+00   2.257197e+00   2.257182e+00   1.517367e-05
IP=1 M = 0.000000e+00  -inf  1.517367e-05
FFT-FD  0.000000e+00   2.257197e+00   2.257182e+00   1.517367e-05
FFT-FD  1.000000e+00   2.257197e+00   2.257182e+00   1.517367e-05
IP=2 M = 0.000000e+00  -inf  1.517367e-05
FFT-FD  0.000000e+00   2.257197e+00   2.257182e+00   1.517367e-05
FFT-FD  1.000000e+00   2.257197e+00   2.257182e+00   1.517367e-05
IP=3 M = 0.000000e+00  -inf  1.517367e-05
FFT-FD  0.000000e+00   2.678435e-01   2.678434e-01   3.109434e-09
FFT-FD  1.000000e+00   2.678435e-01   2.678434e-01   3.109434e-09
IP=0 M = 0.000000e+00  -inf  3.109434e-09
FFT-FD  0.000000e+00   3.882435e-01   3.882435e-01   4.569128e-11
FFT-FD  1.000000e+00   3.882435e-01   3.882435e-01   4.569128e-11
IP=1 M = 0.000000e+00  -inf  4.569128e-11
FFT-FD  0.000000e+00   3.882435e-01   3.882435e-01   4.569201e-11
FFT-FD  1.000000e+00   3.882435e-01   3.882435e-01   4.569201e-11
IP=2 M = 0.000000e+00  -inf  4.569201e-11
FFT-FD  0.000000e+00   3.882435e-01   3.882435e-01   4.568945e-11
FFT-FD  1.000000e+00   3.882435e-01   3.882435e-01   4.568945e-11
IP=3 M = 0.000000e+00  -inf  4.568945e-11
NEWCFAC = 0.000000  0.000000


                     * * * * * * * * * *
                     *    R   M   G    *
                     * * * * * * * * * *

     -- A Real Space Multigrid Electronic structure code --
     --      More information at www.rmgdft.org          --

Code Revision:     v5.1.0_53_g887bfc3b
Build Date:        May 15 2023  14:30:00
Start time:        Tue May 16 15:17:26 2023

NOTICE: RMG internal pseudopotentials have switched to
ONCVP from Ultrasoft. You can revert to Ultrasoft by
adding the input tag internal_pseudo_type="ultrasoft" to
your input files.


Files
   Control input file:        input6
   Data output file:          /dev/null

Run Setup
    Calculation type:         Quench electrons - Fixed ions SCF calculation
    Description:              SiO2
    Orbital Initialization:   LCAO (96 LCAO and 0 random orbitals)
    Exchange Correlation:     pbe
    Spin Polarization:        OFF
    System charge:            Neutral

Processor Topology
   Total PEs:                 32
   X direction:               4
   Y direction:               4
   Z direction:               2
   MG Threads/PE:             1
   OMP Threads/PE:            1

Grid Points  (Linear Anisotropy: 1.000)
    X:  Total: 60   Per PE: 15   Spacing:0.224 a0  
    Y:  Total: 60   Per PE: 15   Spacing:0.224 a0  
    Z:  Total: 60   Per PE: 30   Spacing:0.224 a0  

    Equivalent energy cutoffs (psi,rho):   196.266    785.063 Ry

    Charge density grid:         2 times finer

Coordinate planes
  Planar Anisotropy: 1.000
  A0-A1 density:    19.886
  A0-A2 density:    19.886
  A1-A2 density:    19.886


Lattice (Cell) Setup
    Type:                       Orthorhombic_primitive
    Volume (a0^3):               2435.77
    Boundary conditions:        Periodic

    X Basis Vector:      13.455       0.000       0.000 a0
    Y Basis Vector:       0.000      13.455       0.000 a0
    Z Basis Vector:       0.000       0.000      13.455 a0
    X Reci Vector:       0.074      -0.000       0.000 a0
    Y Reci Vector:       0.000       0.074       0.000 a0
    Z Reci Vector:       0.000      -0.000       0.074 a0

K-points
    Gamma Point Only (real orbitals)

Atoms and States
    Number of ions:                          24
    Number of species:                       2
    Number of states:                        79

Run Parameters
    SCF Convergence criterion (potential):   1.00e-10
    SCF Convergence criterion (energy):      1.00e-10
    Max SCF steps:                           30

SCF Cycle Settings
    Charge density mixing:                   Broyden
    Hartree Solver:                          PFFT
    Interpolation type:                      FFT

Finite Difference parameters
    Kohn Sham FD Order:                      12  
    Force Gradient Order:                    FFT
    Adaptive Finite Differencing:            Off

Subspace Diagonalization Options
    Frequency:                               every 1 SCF step(s)
    Driver:                                  ScaLapack
    Initial diagonalization:                 ON
    Folded spectrum:                         OFF

Filtering Cutoff  Parameters
    Wavefunction grid (cparm):               0.800
    Charge density grid (rhocparm):          1.000
    Filter factor:                           1.000

Multigrid (MG) Parameters
    Psi MG levels:                           3
    Psi global step:                         0.660 
    Psi pre:                                 2
    Psi post:                                2

Davidson Parameters
    Davidson multiplier:                     4
    Davidson max step:                       8
    Davidson unocc tol factor:               1000.000

Blas Libraries
    CPU support with openblas-parallel.


Atomic Species Information
(PP = Pseudopotential, US = Ultrasoft, NC = Norm Conserving)
-------------------------------------------------------------------------
|Index|Symbol| Mass|Valence| PP |  Comp  |Local| Local|Nlocal|    PP    |
|     |      |     |       |Type|Gaussian|  l  |Radius|Radius|Functional|
-------------------------------------------------------------------------
|    1|     O| 15.0|   6.00|  NC|    0.50|   -1| 10.00|  7.00|       PBE|
|    2|    Si| 28.0|   4.00|  NC|    0.50|   -1| 10.00|  7.00|       PBE|
-------------------------------------------------------------------------

Pseudopotential generation information:
   O pseudopotential file: ./@Internal
      Generation info     : Generated using ONCVPSP code by D. R. Hamann
      Author info         : anonymous
  Si pseudopotential file: ./@Internal
      Generation info     : Generated using ONCVPSP code by D. R. Hamann
      Author info         : anonymous


Memory usage (Mbytes):     Min        Max       Total
    wave functions         17.07      17.07     546.08
    beta-functions         10.37      10.37     331.81



Initial Ionic Positions And Displacements (Bohr)
Species      X           Y           Z           dX          dY          dZ
  Si       0.0000      0.0000      0.0000      0.0000      0.0000      0.0000
  Si       3.3637      3.3637      3.3637      0.0000      0.0000      0.0000
  Si      10.0911      3.3637     10.0911      0.0000      0.0000      0.0000
  Si       3.3637     10.0911     10.0911      0.0000      0.0000      0.0000
  Si      10.0911     10.0911      3.3637      0.0000      0.0000      0.0000
  Si       0.0000      6.7274      6.7274      0.0000      0.0000      0.0000
  Si       6.7274      0.0000      6.7274      0.0000      0.0000      0.0000
  Si       6.7274      6.7274      0.0000      0.0000      0.0000      0.0000
  O        1.6819      1.6819      1.6819      0.0000      0.0000      0.0000
  O       11.7730      1.6819     11.7730      0.0000      0.0000      0.0000
  O        1.6819     11.7730     11.7730      0.0000      0.0000      0.0000
  O       11.7730     11.7730      1.6819      0.0000      0.0000      0.0000
  O        1.6819      8.4093      8.4093      0.0000      0.0000      0.0000
  O        8.4093      1.6819      8.4093      0.0000      0.0000      0.0000
  O        8.4093      8.4093      1.6819      0.0000      0.0000      0.0000
  O       11.7730      8.4093      5.0456      0.0000      0.0000      0.0000
  O        5.0456      1.6819      5.0456      0.0000      0.0000      0.0000
  O        5.0456      8.4093     11.7730      0.0000      0.0000      0.0000
  O        1.6819      5.0456      5.0456      0.0000      0.0000      0.0000
  O        8.4093     11.7730      5.0456      0.0000      0.0000      0.0000
  O        8.4093      5.0456     11.7730      0.0000      0.0000      0.0000
  O       11.7730      5.0456      8.4093      0.0000      0.0000      0.0000
  O        5.0456     11.7730      8.4093      0.0000      0.0000      0.0000
  O        5.0456      5.0456      1.6819      0.0000      0.0000      0.0000


Initial Ionic Positions And Displacements (Angstrom)
Species      X           Y           Z           dX          dY          dZ
  Si       0.0000      0.0000      0.0000      0.0000      0.0000      0.0000
  Si       1.7800      1.7800      1.7800      0.0000      0.0000      0.0000
  Si       5.3400      1.7800      5.3400      0.0000      0.0000      0.0000
  Si       1.7800      5.3400      5.3400      0.0000      0.0000      0.0000
  Si       5.3400      5.3400      1.7800      0.0000      0.0000      0.0000
  Si       0.0000      3.5600      3.5600      0.0000      0.0000      0.0000
  Si       3.5600      0.0000      3.5600      0.0000      0.0000      0.0000
  Si       3.5600      3.5600      0.0000      0.0000      0.0000      0.0000
  O        0.8900      0.8900      0.8900      0.0000      0.0000      0.0000
  O        6.2300      0.8900      6.2300      0.0000      0.0000      0.0000
  O        0.8900      6.2300      6.2300      0.0000      0.0000      0.0000
  O        6.2300      6.2300      0.8900      0.0000      0.0000      0.0000
  O        0.8900      4.4500      4.4500      0.0000      0.0000      0.0000
  O        4.4500      0.8900      4.4500      0.0000      0.0000      0.0000
  O        4.4500      4.4500      0.8900      0.0000      0.0000      0.0000
  O        6.2300      4.4500      2.6700      0.0000      0.0000      0.0000
  O        2.6700      0.8900      2.6700      0.0000      0.0000      0.0000
  O        2.6700      4.4500      6.2300      0.0000      0.0000      0.0000
  O        0.8900      2.6700      2.6700      0.0000      0.0000      0.0000
  O        4.4500      6.2300      2.6700      0.0000      0.0000      0.0000
  O        4.4500      2.6700      6.2300      0.0000      0.0000      0.0000
  O        6.2300      2.6700      4.4500      0.0000      0.0000      0.0000
  O        2.6700      6.2300      4.4500      0.0000      0.0000      0.0000
  O        2.6700      2.6700      0.8900      0.0000      0.0000      0.0000

Diagonalization using scalapack for step=0  count=0



KOHN SHAM EIGENVALUES [eV] AT K-POINT [  0]:       0.000000      0.000000      0.000000

[kpt   0  -1   0]   -22.2078 [2.000]   -21.3862 [2.000]   -21.3862 [2.000]   -21.3862 [2.000]   -21.3862 [2.000]
[kpt   0  -1   1]   -21.3862 [2.000]   -21.3862 [2.000]   -20.2921 [2.000]   -20.2921 [2.000]   -20.2921 [2.000]
[kpt   0  -1   2]   -20.2722 [2.000]   -20.2722 [2.000]   -20.2722 [2.000]   -20.2722 [2.000]   -20.2722 [2.000]
[kpt   0  -1   3]   -20.2722 [2.000]   -11.9736 [2.000]    -9.8964 [2.000]    -9.8964 [2.000]    -9.8964 [2.000]
[kpt   0  -1   4]    -9.8964 [2.000]    -9.8964 [2.000]    -9.8964 [2.000]    -8.2246 [2.000]    -8.2246 [2.000]
[kpt   0  -1   5]    -8.2246 [2.000]    -7.9101 [2.000]    -7.9101 [2.000]    -7.9101 [2.000]    -7.9101 [2.000]
[kpt   0  -1   6]    -7.9101 [2.000]    -7.9101 [2.000]    -5.0348 [2.000]    -5.0348 [2.000]    -5.0348 [2.000]
[kpt   0  -1   7]    -5.0348 [2.000]    -5.0348 [2.000]    -5.0348 [2.000]    -4.9399 [2.000]    -4.9399 [2.000]
[kpt   0  -1   8]    -4.7495 [2.000]    -4.7495 [2.000]    -4.7495 [2.000]    -4.7495 [2.000]    -4.7495 [2.000]
[kpt   0  -1   9]    -4.7495 [2.000]    -4.5190 [2.000]    -4.5190 [2.000]    -4.5190 [2.000]    -3.9890 [2.000]
[kpt   0  -1  10]    -3.9890 [2.000]    -3.9890 [2.000]    -3.9890 [2.000]    -3.9890 [2.000]    -3.9890 [2.000]
[kpt   0  -1  11]    -3.4083 [2.000]    -3.4083 [2.000]    -3.4083 [2.000]    -3.4083 [2.000]    -3.4083 [2.000]
[kpt   0  -1  12]    -3.4083 [2.000]    -2.9360 [2.000]    -2.9360 [2.000]    -2.9360 [2.000]     7.6046 [0.000]
[kpt   0  -1  13]    10.2752 [0.000]    10.2752 [0.000]    10.2752 [0.000]    10.2752 [0.000]    10.2752 [0.000]
[kpt   0  -1  14]    10.2752 [0.000]    12.4080 [0.000]    12.4080 [0.000]    12.4080 [0.000]    13.3736 [0.000]
[kpt   0  -1  15]    13.3736 [0.000]    13.3736 [0.000]    13.3736 [0.000]    13.3736 [0.000]    13.3736 [0.000]
[kpt   0  -1  16]    15.0430 [0.000]    15.0430 [0.000]    15.0430 [0.000]    15.0430 [0.000]    15.0430 [0.000]
[kpt   0  -1  17]    15.0430 [0.000]    15.3628 [0.000]    15.3628 [0.000]    15.3628 [0.000]    15.3628 [0.000]
[kpt   0  -1  18]    15.3628 [0.000]    15.3628 [0.000]    16.6472 [0.000]    16.6472 [0.000]    16.6472 [0.000]
[kpt   0  -1  19]    17.2082 [0.000]


Charge normalization constant -1.0: -3.996803e-15
Charge density mixing: Linear with a constant of 0.50 

Diagonalization using scalapack for step=0  count=1


FERMI ENERGY =     -0.16364768 eV
@@ EIGENVALUE SUM     =      -66.487060 Ry
@@ ION_ION            =     -272.916107 Ry
@@ ELECTROSTATIC      =     -284.885555 Ry
@@ VXC                =     -179.077478 Ry
@@ EXC                =     -137.841450 Ry
@@ TOTAL ENERGY       =     -583.052694 Ry
@@ estimated error    =   ****************
Charge normalization constant -1.0: -8.881784e-16
Charge density mixing: Linear with a constant of 0.50 
WriteRestart: Output file given as /dev/null, no restart data written ...


KOHN SHAM EIGENVALUES [eV] AT K-POINT [  0]:       0.000000      0.000000      0.000000

[kpt   0   0   0]   -19.7332 [2.000]   -18.7738 [2.000]   -18.7721 [2.000]   -18.7635 [2.000]   -18.7609 [2.000]
[kpt   0   0   1]   -18.7580 [2.000]   -18.7562 [2.000]   -17.4792 [2.000]   -17.4691 [2.000]   -17.4681 [2.000]
[kpt   0   0   2]   -17.4634 [2.000]   -17.4626 [2.000]   -17.4612 [2.000]   -17.4592 [2.000]   -17.4558 [2.000]
[kpt   0   0   3]   -17.4530 [2.000]    -9.6821 [2.000]    -7.4722 [2.000]    -7.4670 [2.000]    -7.4646 [2.000]
[kpt   0   0   4]    -7.4585 [2.000]    -7.4580 [2.000]    -7.4541 [2.000]    -5.9009 [2.000]    -5.8865 [2.000]
[kpt   0   0   5]    -5.8846 [2.000]    -5.2262 [2.000]    -5.2256 [2.000]    -5.2209 [2.000]    -5.2188 [2.000]
[kpt   0   0   6]    -5.2159 [2.000]    -5.2148 [2.000]    -2.9507 [2.000]    -2.9502 [2.000]    -2.9496 [2.000]
[kpt   0   0   7]    -2.9458 [2.000]    -2.9450 [2.000]    -2.9441 [2.000]    -2.7504 [2.000]    -2.7444 [2.000]
[kpt   0   0   8]    -2.6245 [2.000]    -2.6241 [2.000]    -2.6232 [2.000]    -2.6204 [2.000]    -2.6197 [2.000]
[kpt   0   0   9]    -2.5884 [2.000]    -2.0416 [2.000]    -2.0410 [2.000]    -2.0373 [2.000]    -1.5556 [2.000]
[kpt   0   0  10]    -1.5522 [2.000]    -1.5513 [2.000]    -1.5507 [2.000]    -1.5498 [2.000]    -1.5467 [2.000]
[kpt   0   0  11]    -0.7626 [2.000]    -0.7619 [2.000]    -0.7605 [2.000]    -0.7599 [2.000]    -0.7581 [2.000]
[kpt   0   0  12]    -0.7572 [2.000]    -0.1659 [2.000]    -0.1646 [2.000]    -0.1636 [2.000]     8.3400 [0.000]
[kpt   0   0  13]    10.9129 [0.000]    10.9156 [0.000]    10.9203 [0.000]    10.9229 [0.000]    10.9249 [0.000]
[kpt   0   0  14]    10.9272 [0.000]    12.1422 [0.000]    12.1628 [0.000]    12.1636 [0.000]    13.9406 [0.000]
[kpt   0   0  15]    13.9439 [0.000]    13.9457 [0.000]    13.9543 [0.000]    13.9552 [0.000]



Total charge in supercell =     128.00000000
 quench: [md:   0/100  scf:   0/30  step time:   0.42  scf time:     0.55 secs  RMS[dV]: 5.25e-02 ]


average potential <V> = -2.20e-15

Diagonalization using scalapack for step=1  count=2


FERMI ENERGY =      1.34640279 eV
@@ EIGENVALUE SUM     =      -55.359922 Ry
@@ ION_ION            =     -272.916107 Ry
@@ ELECTROSTATIC      =     -297.390389 Ry
@@ VXC                =     -182.404133 Ry
@@ EXC                =     -140.426287 Ry
@@ TOTAL ENERGY       =     -583.688571 Ry
@@ estimated error    =        6.95e-01 Ry
Charge normalization constant -1.0: 2.220446e-16
Charge density mixing: Linear with a constant of 0.50 


KOHN SHAM EIGENVALUES [eV] AT K-POINT [  0]:       0.000000      0.000000      0.000000

[kpt   0   1   0]   -18.5364 [2.000]   -17.5025 [2.000]   -17.5017 [2.000]   -17.4927 [2.000]   -17.4900 [2.000]
[kpt   0   1   1]   -17.4858 [2.000]   -17.4831 [2.000]   -16.0151 [2.000]   -16.0126 [2.000]   -16.0105 [2.000]
[kpt   0   1   2]   -16.0075 [2.000]   -16.0047 [2.000]   -15.9997 [2.000]   -15.9911 [2.000]   -15.9825 [2.000]
[kpt   0   1   3]   -15.9789 [2.000]    -9.3439 [2.000]    -6.8215 [2.000]    -6.8161 [2.000]    -6.8153 [2.000]
[kpt   0   1   4]    -6.8127 [2.000]    -6.8092 [2.000]    -6.8058 [2.000]    -5.0127 [2.000]    -5.0122 [2.000]
[kpt   0   1   5]    -5.0116 [2.000]    -4.3697 [2.000]    -4.3694 [2.000]    -4.3608 [2.000]    -4.3595 [2.000]
[kpt   0   1   6]    -4.3543 [2.000]    -4.3514 [2.000]    -1.7443 [2.000]    -1.7432 [2.000]    -1.7347 [2.000]
[kpt   0   1   7]    -1.7310 [2.000]    -1.7229 [2.000]    -1.7181 [2.000]    -1.4698 [2.000]    -1.4644 [2.000]
[kpt   0   1   8]    -1.4059 [2.000]    -1.3992 [2.000]    -1.3956 [2.000]    -1.3941 [2.000]    -1.3837 [2.000]
[kpt   0   1   9]    -1.3651 [2.000]    -0.8524 [2.000]    -0.8461 [2.000]    -0.8460 [2.000]    -0.2257 [2.000]
[kpt   0   1  10]    -0.2233 [2.000]    -0.2212 [2.000]    -0.2153 [2.000]    -0.2057 [2.000]    -0.2007 [2.000]
[kpt   0   1  11]     0.6249 [2.000]     0.6296 [2.000]     0.6315 [2.000]     0.6331 [2.000]     0.6379 [2.000]
[kpt   0   1  12]     0.6403 [2.000]     1.3401 [2.000]     1.3407 [2.000]     1.3464 [2.000]     8.8569 [0.000]
[kpt   0   1  13]    11.3362 [0.000]    11.3468 [0.000]    11.3512 [0.000]    11.3547 [0.000]    11.3643 [0.000]
[kpt   0   1  14]    11.3659 [0.000]    11.8414 [0.000]    11.8655 [0.000]    11.8656 [0.000]    14.2301 [0.000]
[kpt   0   1  15]    14.2314 [0.000]    14.2337 [0.000]    14.2455 [0.000]    48.2628 [0.000]



Total charge in supercell =     128.00000000
 quench: [md:   0/100  scf:   1/30  step time:   0.36  scf time:     0.91 secs  RMS[dV]: 3.04e-02 ]


average potential <V> = -1.09e-16

Diagonalization using scalapack for step=2  count=3


FERMI ENERGY =      1.76323793 eV
@@ EIGENVALUE SUM     =      -53.094096 Ry
@@ ION_ION            =     -272.916107 Ry
@@ ELECTROSTATIC      =     -297.136730 Ry
@@ VXC                =     -182.071714 Ry
@@ EXC                =     -140.165486 Ry
@@ TOTAL ENERGY       =     -581.240704 Ry
@@ estimated error    =        1.64e-01 Ry
Charge normalization constant -1.0: 1.110223e-15
Charge density mixing: Linear with a constant of 0.50 


KOHN SHAM EIGENVALUES [eV] AT K-POINT [  0]:       0.000000      0.000000      0.000000

[kpt   0   2   0]   -18.3402 [2.000]   -17.3080 [2.000]   -17.2992 [2.000]   -17.2951 [2.000]   -17.2826 [2.000]
[kpt   0   2   1]   -17.2791 [2.000]   -17.2711 [2.000]   -15.8027 [2.000]   -15.7994 [2.000]   -15.7972 [2.000]
[kpt   0   2   2]   -15.7923 [2.000]   -15.7861 [2.000]   -15.7792 [2.000]   -15.7647 [2.000]   -15.7480 [2.000]
[kpt   0   2   3]   -15.7426 [2.000]    -9.2014 [2.000]    -6.6538 [2.000]    -6.6509 [2.000]    -6.6487 [2.000]
[kpt   0   2   4]    -6.6412 [2.000]    -6.6393 [2.000]    -6.6379 [2.000]    -4.8282 [2.000]    -4.8237 [2.000]
[kpt   0   2   5]    -4.8221 [2.000]    -4.1851 [2.000]    -4.1821 [2.000]    -4.1787 [2.000]    -4.1756 [2.000]
[kpt   0   2   6]    -4.1668 [2.000]    -4.1656 [2.000]    -1.5213 [2.000]    -1.5184 [2.000]    -1.5152 [2.000]
[kpt   0   2   7]    -1.5141 [2.000]    -1.5104 [2.000]    -1.5080 [2.000]    -1.2417 [2.000]    -1.2383 [2.000]
[kpt   0   2   8]    -1.1363 [2.000]    -1.1302 [2.000]    -1.1266 [2.000]    -1.1255 [2.000]    -1.1201 [2.000]
[kpt   0   2   9]    -1.1165 [2.000]    -0.6212 [2.000]    -0.6123 [2.000]    -0.6080 [2.000]     0.0651 [2.000]
[kpt   0   2  10]     0.0728 [2.000]     0.0749 [2.000]     0.0818 [2.000]     0.0894 [2.000]     0.0986 [2.000]
[kpt   0   2  11]     0.9733 [2.000]     0.9760 [2.000]     0.9824 [2.000]     0.9872 [2.000]     0.9884 [2.000]
[kpt   0   2  12]     0.9931 [2.000]     1.7572 [2.000]     1.7582 [2.000]     1.7632 [2.000]     8.7401 [0.000]
[kpt   0   2  13]    11.2901 [0.000]    11.3042 [0.000]    11.3063 [0.000]    11.3093 [0.000]    11.3191 [0.000]
[kpt   0   2  14]    11.3208 [0.000]    11.5306 [0.000]    11.5511 [0.000]    11.5540 [0.000]    14.1613 [0.000]
[kpt   0   2  15]    14.1623 [0.000]    14.1634 [0.000]    14.1739 [0.000]    47.5788 [0.000]



Total charge in supercell =     128.00000000
 quench: [md:   0/100  scf:   2/30  step time:   0.37  scf time:     1.28 secs  RMS[dV]: 1.41e-02 ]


average potential <V> = 2.06e-16

Diagonalization using scalapack for step=3  count=4


FERMI ENERGY =      1.66632160 eV
@@ EIGENVALUE SUM     =      -54.268169 Ry
@@ ION_ION            =     -272.916107 Ry
@@ ELECTROSTATIC      =     -293.332022 Ry
@@ VXC                =     -180.786180 Ry
@@ EXC                =     -139.163544 Ry
@@ TOTAL ENERGY       =     -578.893661 Ry
@@ estimated error    =        2.79e-01 Ry
Charge normalization constant -1.0: -1.776357e-15
Charge density mixing: Linear with a constant of 0.50 


KOHN SHAM EIGENVALUES [eV] AT K-POINT [  0]:       0.000000      0.000000      0.000000

[kpt   0   3   0]   -18.4772 [2.000]   -17.4671 [2.000]   -17.4544 [2.000]   -17.4523 [2.000]   -17.4401 [2.000]
[kpt   0   3   1]   -17.4334 [2.000]   -17.4218 [2.000]   -16.0054 [2.000]   -16.0009 [2.000]   -15.9943 [2.000]
[kpt   0   3   2]   -15.9824 [2.000]   -15.9801 [2.000]   -15.9655 [2.000]   -15.9622 [2.000]   -15.9392 [2.000]
[kpt   0   3   3]   -15.9287 [2.000]    -9.2255 [2.000]    -6.7159 [2.000]    -6.7152 [2.000]    -6.7117 [2.000]
[kpt   0   3   4]    -6.7046 [2.000]    -6.7016 [2.000]    -6.6955 [2.000]    -4.9021 [2.000]    -4.8934 [2.000]
[kpt   0   3   5]    -4.8895 [2.000]    -4.2647 [2.000]    -4.2604 [2.000]    -4.2579 [2.000]    -4.2499 [2.000]
[kpt   0   3   6]    -4.2490 [2.000]    -4.2394 [2.000]    -1.6666 [2.000]    -1.6631 [2.000]    -1.6621 [2.000]
[kpt   0   3   7]    -1.6539 [2.000]    -1.6498 [2.000]    -1.6447 [2.000]    -1.3938 [2.000]    -1.3923 [2.000]
[kpt   0   3   8]    -1.2451 [2.000]    -1.2409 [2.000]    -1.2372 [2.000]    -1.2347 [2.000]    -1.2340 [2.000]
[kpt   0   3   9]    -1.2288 [2.000]    -0.7587 [2.000]    -0.7551 [2.000]    -0.7548 [2.000]    -0.0668 [2.000]
[kpt   0   3  10]    -0.0648 [2.000]    -0.0618 [2.000]    -0.0502 [2.000]    -0.0464 [2.000]    -0.0451 [2.000]
[kpt   0   3  11]     0.8520 [2.000]     0.8574 [2.000]     0.8602 [2.000]     0.8638 [2.000]     0.8676 [2.000]
[kpt   0   3  12]     0.8767 [2.000]     1.6522 [2.000]     1.6576 [2.000]     1.6663 [2.000]     8.4942 [0.000]
[kpt   0   3  13]    11.1076 [0.000]    11.1223 [0.000]    11.1242 [0.000]    11.1268 [0.000]    11.1392 [0.000]
[kpt   0   3  14]    11.1402 [0.000]    11.3214 [0.000]    11.3401 [0.000]    11.3436 [0.000]    13.9572 [0.000]
[kpt   0   3  15]    13.9585 [0.000]    13.9602 [0.000]    13.9671 [0.000]    46.8450 [0.000]



Total charge in supercell =     128.00000000
 quench: [md:   0/100  scf:   3/30  step time:   0.36  scf time:     1.64 secs  RMS[dV]: 1.40e-02 ]


average potential <V> = -1.16e-15
Davidson converged in 3 steps

FERMI ENERGY =      1.66124809 eV
@@ EIGENVALUE SUM     =      -55.201239 Ry
@@ ION_ION            =     -272.916107 Ry
@@ ELECTROSTATIC      =     -289.818842 Ry
@@ VXC                =     -179.647567 Ry
@@ EXC                =     -138.276197 Ry
@@ TOTAL ENERGY       =     -576.564818 Ry
@@ estimated error    =        1.87e-01 Ry
Charge normalization constant -1.0: -1.110223e-15
Charge density mixing: Broyden


KOHN SHAM EIGENVALUES [eV] AT K-POINT [  0]:       0.000000      0.000000      0.000000

[kpt   0   4   0]   -18.5968 [2.000]   -17.6122 [2.000]   -17.5960 [2.000]   -17.5890 [2.000]   -17.5694 [2.000]
[kpt   0   4   1]   -17.5650 [2.000]   -17.5413 [2.000]   -16.1821 [2.000]   -16.1748 [2.000]   -16.1689 [2.000]
[kpt   0   4   2]   -16.1510 [2.000]   -16.1388 [2.000]   -16.1291 [2.000]   -16.1252 [2.000]   -16.0990 [2.000]
[kpt   0   4   3]   -16.0628 [2.000]    -9.3095 [2.000]    -6.8301 [2.000]    -6.8160 [2.000]    -6.8133 [2.000]
[kpt   0   4   4]    -6.7952 [2.000]    -6.7945 [2.000]    -6.7757 [2.000]    -4.9922 [2.000]    -4.9688 [2.000]
[kpt   0   4   5]    -4.9605 [2.000]    -4.3602 [2.000]    -4.3488 [2.000]    -4.3470 [2.000]    -4.3239 [2.000]
[kpt   0   4   6]    -4.3157 [2.000]    -4.3003 [2.000]    -1.7971 [2.000]    -1.7884 [2.000]    -1.7860 [2.000]
[kpt   0   4   7]    -1.7673 [2.000]    -1.7659 [2.000]    -1.7546 [2.000]    -1.4998 [2.000]    -1.4986 [2.000]
[kpt   0   4   8]    -1.3551 [2.000]    -1.3437 [2.000]    -1.3402 [2.000]    -1.3220 [2.000]    -1.3191 [2.000]
[kpt   0   4   9]    -1.3071 [2.000]    -0.8486 [2.000]    -0.8472 [2.000]    -0.8465 [2.000]    -0.1592 [2.000]
[kpt   0   4  10]    -0.1467 [2.000]    -0.1442 [2.000]    -0.1218 [2.000]    -0.1179 [2.000]    -0.1020 [2.000]
[kpt   0   4  11]     0.7858 [2.000]     0.7986 [2.000]     0.8007 [2.000]     0.8246 [2.000]     0.8272 [2.000]
[kpt   0   4  12]     0.8408 [2.000]     1.6290 [2.000]     1.6386 [2.000]     1.6612 [2.000]     7.3344 [0.000]
[kpt   0   4  13]    10.1026 [0.000]    10.1097 [0.000]    10.1159 [0.000]    10.1188 [0.000]    10.1370 [0.000]
[kpt   0   4  14]    10.1394 [0.000]    10.6263 [0.000]    10.6477 [0.000]    10.6486 [0.000]    13.3461 [0.000]
[kpt   0   4  15]    13.3506 [0.000]    13.3546 [0.000]    13.3628 [0.000]    13.3677 [0.000]



Total charge in supercell =     128.00000000
 quench: [md:   0/100  scf:   4/30  step time:   0.44  scf time:     2.08 secs  RMS[dV]: 1.10e-02 ]


average potential <V> = -1.09e-16
Davidson converged in 2 steps

FERMI ENERGY =      0.87897494 eV
@@ EIGENVALUE SUM     =      -60.496814 Ry
@@ ION_ION            =     -272.916107 Ry
@@ ELECTROSTATIC      =     -284.029940 Ry
@@ VXC                =     -177.894495 Ry
@@ EXC                =     -136.910809 Ry
@@ TOTAL ENERGY       =     -576.459173 Ry
@@ estimated error    =        3.30e-01 Ry
Charge normalization constant -1.0: 4.440892e-16
Charge density mixing: Broyden


KOHN SHAM EIGENVALUES [eV] AT K-POINT [  0]:       0.000000      0.000000      0.000000

[kpt   0   5   0]   -19.1217 [2.000]   -18.1619 [2.000]   -18.1520 [2.000]   -18.1488 [2.000]   -18.1394 [2.000]
[kpt   0   5   1]   -18.1346 [2.000]   -18.1272 [2.000]   -16.8272 [2.000]   -16.8128 [2.000]   -16.8096 [2.000]
[kpt   0   5   2]   -16.7963 [2.000]   -16.7938 [2.000]   -16.7877 [2.000]   -16.7748 [2.000]   -16.7734 [2.000]
[kpt   0   5   3]   -16.7548 [2.000]    -9.5661 [2.000]    -7.1854 [2.000]    -7.1789 [2.000]    -7.1752 [2.000]
[kpt   0   5   4]    -7.1665 [2.000]    -7.1642 [2.000]    -7.1579 [2.000]    -5.3972 [2.000]    -5.3921 [2.000]
[kpt   0   5   5]    -5.3814 [2.000]    -4.8003 [2.000]    -4.7920 [2.000]    -4.7888 [2.000]    -4.7764 [2.000]
[kpt   0   5   6]    -4.7744 [2.000]    -4.7712 [2.000]    -2.3206 [2.000]    -2.3135 [2.000]    -2.3128 [2.000]
[kpt   0   5   7]    -2.3036 [2.000]    -2.3028 [2.000]    -2.2973 [2.000]    -2.0722 [2.000]    -2.0718 [2.000]
[kpt   0   5   8]    -1.8890 [2.000]    -1.8834 [2.000]    -1.8826 [2.000]    -1.8740 [2.000]    -1.8725 [2.000]
[kpt   0   5   9]    -1.8681 [2.000]    -1.4503 [2.000]    -1.4500 [2.000]    -1.4499 [2.000]    -0.7881 [2.000]
[kpt   0   5  10]    -0.7817 [2.000]    -0.7804 [2.000]    -0.7697 [2.000]    -0.7689 [2.000]    -0.7637 [2.000]
[kpt   0   5  11]     0.0996 [2.000]     0.1076 [2.000]     0.1088 [2.000]     0.1198 [2.000]     0.1203 [2.000]
[kpt   0   5  12]     0.1277 [2.000]     0.8632 [2.000]     0.8741 [2.000]     0.8790 [2.000]     6.8987 [0.000]
[kpt   0   5  13]     9.7725 [0.000]     9.7745 [0.000]     9.7756 [0.000]     9.7776 [0.000]     9.7848 [0.000]
[kpt   0   5  14]     9.7870 [0.000]    10.5469 [0.000]    10.5556 [0.000]    10.5564 [0.000]    13.0162 [0.000]
[kpt   0   5  15]    13.0181 [0.000]    13.0226 [0.000]    13.0248 [0.000]    13.0294 [0.000]



Total charge in supercell =     128.00000000
 quench: [md:   0/100  scf:   5/30  step time:   0.40  scf time:     2.48 secs  RMS[dV]: 1.38e-02 ]


average potential <V> = -2.65e-16
Davidson converged in 3 steps

FERMI ENERGY =      1.07104965 eV
@@ EIGENVALUE SUM     =      -58.747970 Ry
@@ ION_ION            =     -272.916107 Ry
@@ ELECTROSTATIC      =     -285.880013 Ry
@@ VXC                =     -178.364482 Ry
@@ EXC                =     -137.275289 Ry
@@ TOTAL ENERGY       =     -576.454896 Ry
@@ estimated error    =        1.96e-02 Ry
Charge normalization constant -1.0: 0.000000e+00
Charge density mixing: Broyden


KOHN SHAM EIGENVALUES [eV] AT K-POINT [  0]:       0.000000      0.000000      0.000000

[kpt   0   6   0]   -18.9346 [2.000]   -17.9534 [2.000]   -17.9523 [2.000]   -17.9518 [2.000]   -17.9498 [2.000]
[kpt   0   6   1]   -17.9488 [2.000]   -17.9468 [2.000]   -16.6007 [2.000]   -16.5999 [2.000]   -16.5988 [2.000]
[kpt   0   6   2]   -16.5970 [2.000]   -16.5959 [2.000]   -16.5945 [2.000]   -16.5689 [2.000]   -16.5652 [2.000]
[kpt   0   6   3]   -16.5635 [2.000]    -9.3905 [2.000]    -6.9831 [2.000]    -6.9824 [2.000]    -6.9812 [2.000]
[kpt   0   6   4]    -6.9800 [2.000]    -6.9796 [2.000]    -6.9782 [2.000]    -5.2056 [2.000]    -5.2036 [2.000]
[kpt   0   6   5]    -5.2028 [2.000]    -4.5811 [2.000]    -4.5806 [2.000]    -4.5796 [2.000]    -4.5779 [2.000]
[kpt   0   6   6]    -4.5770 [2.000]    -4.5757 [2.000]    -2.1524 [2.000]    -2.1519 [2.000]    -2.1514 [2.000]
[kpt   0   6   7]    -2.1501 [2.000]    -2.1496 [2.000]    -2.1488 [2.000]    -1.9081 [2.000]    -1.9079 [2.000]
[kpt   0   6   8]    -1.7192 [2.000]    -1.7183 [2.000]    -1.7176 [2.000]    -1.7162 [2.000]    -1.7160 [2.000]
[kpt   0   6   9]    -1.7145 [2.000]    -1.2632 [2.000]    -1.2630 [2.000]    -1.2629 [2.000]    -0.6016 [2.000]
[kpt   0   6  10]    -0.6006 [2.000]    -0.6002 [2.000]    -0.5987 [2.000]    -0.5975 [2.000]    -0.5964 [2.000]
[kpt   0   6  11]     0.3019 [2.000]     0.3030 [2.000]     0.3032 [2.000]     0.3049 [2.000]     0.3051 [2.000]
[kpt   0   6  12]     0.3063 [2.000]     1.0687 [2.000]     1.0693 [2.000]     1.0710 [2.000]     6.8347 [0.000]
[kpt   0   6  13]     9.7819 [0.000]     9.7826 [0.000]     9.7840 [0.000]     9.7857 [0.000]     9.7897 [0.000]
[kpt   0   6  14]     9.7900 [0.000]    10.6001 [0.000]    10.6052 [0.000]    10.6065 [0.000]    13.0720 [0.000]
[kpt   0   6  15]    13.0726 [0.000]    13.0735 [0.000]    13.0752 [0.000]    13.0794 [0.000]



Total charge in supercell =     128.00000000
 quench: [md:   0/100  scf:   6/30  step time:   0.42  scf time:     2.91 secs  RMS[dV]: 5.74e-03 ]


average potential <V> = -7.37e-16
Davidson converged in 3 steps

FERMI ENERGY =      1.10199950 eV
@@ EIGENVALUE SUM     =      -58.393394 Ry
@@ ION_ION            =     -272.916107 Ry
@@ ELECTROSTATIC      =     -286.254323 Ry
@@ VXC                =     -178.450120 Ry
@@ EXC                =     -137.341175 Ry
@@ TOTAL ENERGY       =     -576.454878 Ry
@@ estimated error    =        7.38e-04 Ry
Charge normalization constant -1.0: 1.110223e-15
Charge density mixing: Broyden


KOHN SHAM EIGENVALUES [eV] AT K-POINT [  0]:       0.000000      0.000000      0.000000

[kpt   0   7   0]   -18.8948 [2.000]   -17.9112 [2.000]   -17.9106 [2.000]   -17.9105 [2.000]   -17.9102 [2.000]
[kpt   0   7   1]   -17.9100 [2.000]   -17.9093 [2.000]   -16.5585 [2.000]   -16.5581 [2.000]   -16.5577 [2.000]
[kpt   0   7   2]   -16.5574 [2.000]   -16.5570 [2.000]   -16.5567 [2.000]   -16.5265 [2.000]   -16.5256 [2.000]
[kpt   0   7   3]   -16.5251 [2.000]    -9.3418 [2.000]    -6.9329 [2.000]    -6.9323 [2.000]    -6.9322 [2.000]
[kpt   0   7   4]    -6.9320 [2.000]    -6.9319 [2.000]    -6.9314 [2.000]    -5.1598 [2.000]    -5.1594 [2.000]
[kpt   0   7   5]    -5.1592 [2.000]    -4.5298 [2.000]    -4.5295 [2.000]    -4.5291 [2.000]    -4.5288 [2.000]
[kpt   0   7   6]    -4.5285 [2.000]    -4.5283 [2.000]    -2.1221 [2.000]    -2.1219 [2.000]    -2.1216 [2.000]
[kpt   0   7   7]    -2.1215 [2.000]    -2.1212 [2.000]    -2.1211 [2.000]    -1.8786 [2.000]    -1.8786 [2.000]
[kpt   0   7   8]    -1.6877 [2.000]    -1.6875 [2.000]    -1.6872 [2.000]    -1.6870 [2.000]    -1.6868 [2.000]
[kpt   0   7   9]    -1.6865 [2.000]    -1.2266 [2.000]    -1.2266 [2.000]    -1.2265 [2.000]    -0.5694 [2.000]
[kpt   0   7  10]    -0.5692 [2.000]    -0.5689 [2.000]    -0.5686 [2.000]    -0.5683 [2.000]    -0.5680 [2.000]
[kpt   0   7  11]     0.3363 [2.000]     0.3365 [2.000]     0.3368 [2.000]     0.3370 [2.000]     0.3373 [2.000]
[kpt   0   7  12]     0.3375 [2.000]     1.1013 [2.000]     1.1016 [2.000]     1.1020 [2.000]     6.7919 [0.000]
[kpt   0   7  13]     9.7610 [0.000]     9.7617 [0.000]     9.7620 [0.000]     9.7622 [0.000]     9.7629 [0.000]
[kpt   0   7  14]     9.7632 [0.000]    10.5869 [0.000]    10.5871 [0.000]    10.5872 [0.000]    13.0536 [0.000]
[kpt   0   7  15]    13.0542 [0.000]    13.0543 [0.000]    13.0544 [0.000]    13.0545 [0.000]



Total charge in supercell =     128.00000000
 quench: [md:   0/100  scf:   7/30  step time:   0.49  scf time:     3.39 secs  RMS[dV]: 1.11e-03 ]


average potential <V> = 3.37e-17
Davidson converged in 3 steps

FERMI ENERGY =      1.10037777 eV
@@ EIGENVALUE SUM     =      -58.381234 Ry
@@ ION_ION            =     -272.916107 Ry
@@ ELECTROSTATIC      =     -286.266873 Ry
@@ VXC                =     -178.451014 Ry
@@ EXC                =     -137.341701 Ry
@@ TOTAL ENERGY       =     -576.454900 Ry
@@ estimated error    =        6.95e-05 Ry
Charge normalization constant -1.0: 4.440892e-16
Charge density mixing: Broyden


KOHN SHAM EIGENVALUES [eV] AT K-POINT [  0]:       0.000000      0.000000      0.000000

[kpt   0   8   0]   -18.8928 [2.000]   -17.9088 [2.000]   -17.9088 [2.000]   -17.9087 [2.000]   -17.9087 [2.000]
[kpt   0   8   1]   -17.9086 [2.000]   -17.9084 [2.000]   -16.5570 [2.000]   -16.5570 [2.000]   -16.5568 [2.000]
[kpt   0   8   2]   -16.5568 [2.000]   -16.5567 [2.000]   -16.5566 [2.000]   -16.5251 [2.000]   -16.5250 [2.000]
[kpt   0   8   3]   -16.5249 [2.000]    -9.3363 [2.000]    -6.9280 [2.000]    -6.9278 [2.000]    -6.9278 [2.000]
[kpt   0   8   4]    -6.9278 [2.000]    -6.9277 [2.000]    -6.9276 [2.000]    -5.1561 [2.000]    -5.1561 [2.000]
[kpt   0   8   5]    -5.1561 [2.000]    -4.5257 [2.000]    -4.5256 [2.000]    -4.5255 [2.000]    -4.5255 [2.000]
[kpt   0   8   6]    -4.5254 [2.000]    -4.5253 [2.000]    -2.1210 [2.000]    -2.1210 [2.000]    -2.1210 [2.000]
[kpt   0   8   7]    -2.1209 [2.000]    -2.1209 [2.000]    -2.1209 [2.000]    -1.8784 [2.000]    -1.8784 [2.000]
[kpt   0   8   8]    -1.6865 [2.000]    -1.6865 [2.000]    -1.6865 [2.000]    -1.6864 [2.000]    -1.6864 [2.000]
[kpt   0   8   9]    -1.6863 [2.000]    -1.2258 [2.000]    -1.2258 [2.000]    -1.2258 [2.000]    -0.5691 [2.000]
[kpt   0   8  10]    -0.5691 [2.000]    -0.5691 [2.000]    -0.5690 [2.000]    -0.5690 [2.000]    -0.5689 [2.000]
[kpt   0   8  11]     0.3363 [2.000]     0.3363 [2.000]     0.3363 [2.000]     0.3364 [2.000]     0.3364 [2.000]
[kpt   0   8  12]     0.3365 [2.000]     1.1003 [2.000]     1.1003 [2.000]     1.1004 [2.000]     6.7886 [0.000]
[kpt   0   8  13]     9.7581 [0.000]     9.7582 [0.000]     9.7584 [0.000]     9.7585 [0.000]     9.7587 [0.000]
[kpt   0   8  14]     9.7592 [0.000]    10.5917 [0.000]    10.5918 [0.000]    10.5920 [0.000]    13.0516 [0.000]
[kpt   0   8  15]    13.0521 [0.000]    13.0522 [0.000]    13.0523 [0.000]    13.0523 [0.000]



Total charge in supercell =     128.00000000
 quench: [md:   0/100  scf:   8/30  step time:   0.43  scf time:     3.83 secs  RMS[dV]: 3.19e-04 ]


average potential <V> = -2.61e-16
Davidson converged in 3 steps

FERMI ENERGY =      1.10249375 eV
@@ EIGENVALUE SUM     =      -58.365789 Ry
@@ ION_ION            =     -272.916107 Ry
@@ ELECTROSTATIC      =     -286.283630 Ry
@@ VXC                =     -178.456887 Ry
@@ EXC                =     -137.346268 Ry
@@ TOTAL ENERGY       =     -576.454907 Ry
@@ estimated error    =        4.50e-06 Ry
Charge normalization constant -1.0: 2.442491e-15
Charge density mixing: Broyden


KOHN SHAM EIGENVALUES [eV] AT K-POINT [  0]:       0.000000      0.000000      0.000000

[kpt   0   9   0]   -18.8912 [2.000]   -17.9073 [2.000]   -17.9072 [2.000]   -17.9071 [2.000]   -17.9070 [2.000]
[kpt   0   9   1]   -17.9068 [2.000]   -17.9068 [2.000]   -16.5554 [2.000]   -16.5552 [2.000]   -16.5552 [2.000]
[kpt   0   9   2]   -16.5550 [2.000]   -16.5549 [2.000]   -16.5548 [2.000]   -16.5235 [2.000]   -16.5233 [2.000]
[kpt   0   9   3]   -16.5230 [2.000]    -9.3352 [2.000]    -6.9269 [2.000]    -6.9268 [2.000]    -6.9267 [2.000]
[kpt   0   9   4]    -6.9266 [2.000]    -6.9265 [2.000]    -6.9264 [2.000]    -5.1550 [2.000]    -5.1549 [2.000]
[kpt   0   9   5]    -5.1547 [2.000]    -4.5246 [2.000]    -4.5245 [2.000]    -4.5245 [2.000]    -4.5243 [2.000]
[kpt   0   9   6]    -4.5242 [2.000]    -4.5241 [2.000]    -2.1194 [2.000]    -2.1193 [2.000]    -2.1192 [2.000]
[kpt   0   9   7]    -2.1192 [2.000]    -2.1191 [2.000]    -2.1190 [2.000]    -1.8766 [2.000]    -1.8766 [2.000]
[kpt   0   9   8]    -1.6848 [2.000]    -1.6847 [2.000]    -1.6846 [2.000]    -1.6846 [2.000]    -1.6845 [2.000]
[kpt   0   9   9]    -1.6844 [2.000]    -1.2241 [2.000]    -1.2241 [2.000]    -1.2241 [2.000]    -0.5674 [2.000]
[kpt   0   9  10]    -0.5673 [2.000]    -0.5672 [2.000]    -0.5671 [2.000]    -0.5670 [2.000]    -0.5669 [2.000]
[kpt   0   9  11]     0.3381 [2.000]     0.3382 [2.000]     0.3383 [2.000]     0.3384 [2.000]     0.3384 [2.000]
[kpt   0   9  12]     0.3385 [2.000]     1.1023 [2.000]     1.1024 [2.000]     1.1025 [2.000]     6.7885 [0.000]
[kpt   0   9  13]     9.7579 [0.000]     9.7580 [0.000]     9.7581 [0.000]     9.7583 [0.000]     9.7584 [0.000]
[kpt   0   9  14]     9.7588 [0.000]    10.5929 [0.000]    10.5929 [0.000]    10.5930 [0.000]    13.0519 [0.000]
[kpt   0   9  15]    13.0527 [0.000]    13.0527 [0.000]    13.0528 [0.000]    13.0528 [0.000]



Total charge in supercell =     128.00000000
 quench: [md:   0/100  scf:   9/30  step time:   0.43  scf time:     4.26 secs  RMS[dV]: 1.31e-04 ]


average potential <V> = 1.81e-16
Davidson converged in 4 steps

FERMI ENERGY =      1.10245591 eV
@@ EIGENVALUE SUM     =      -58.366893 Ry
@@ ION_ION            =     -272.916107 Ry
@@ ELECTROSTATIC      =     -286.282555 Ry
@@ VXC                =     -178.457089 Ry
@@ EXC                =     -137.346443 Ry
@@ TOTAL ENERGY       =     -576.454908 Ry
@@ estimated error    =        2.12e-07 Ry
Charge normalization constant -1.0: 2.442491e-15
Charge density mixing: Broyden


KOHN SHAM EIGENVALUES [eV] AT K-POINT [  0]:       0.000000      0.000000      0.000000

[kpt   0  10   0]   -18.8913 [2.000]   -17.9073 [2.000]   -17.9072 [2.000]   -17.9072 [2.000]   -17.9071 [2.000]
[kpt   0  10   1]   -17.9071 [2.000]   -17.9070 [2.000]   -16.5553 [2.000]   -16.5553 [2.000]   -16.5552 [2.000]
[kpt   0  10   2]   -16.5551 [2.000]   -16.5551 [2.000]   -16.5551 [2.000]   -16.5235 [2.000]   -16.5234 [2.000]
[kpt   0  10   3]   -16.5233 [2.000]    -9.3355 [2.000]    -6.9270 [2.000]    -6.9270 [2.000]    -6.9270 [2.000]
[kpt   0  10   4]    -6.9269 [2.000]    -6.9269 [2.000]    -6.9269 [2.000]    -5.1552 [2.000]    -5.1551 [2.000]
[kpt   0  10   5]    -5.1551 [2.000]    -4.5248 [2.000]    -4.5248 [2.000]    -4.5248 [2.000]    -4.5247 [2.000]
[kpt   0  10   6]    -4.5247 [2.000]    -4.5246 [2.000]    -2.1193 [2.000]    -2.1193 [2.000]    -2.1192 [2.000]
[kpt   0  10   7]    -2.1192 [2.000]    -2.1192 [2.000]    -2.1191 [2.000]    -1.8766 [2.000]    -1.8766 [2.000]
[kpt   0  10   8]    -1.6847 [2.000]    -1.6846 [2.000]    -1.6846 [2.000]    -1.6846 [2.000]    -1.6845 [2.000]
[kpt   0  10   9]    -1.6845 [2.000]    -1.2242 [2.000]    -1.2242 [2.000]    -1.2242 [2.000]    -0.5672 [2.000]
[kpt   0  10  10]    -0.5672 [2.000]    -0.5672 [2.000]    -0.5671 [2.000]    -0.5671 [2.000]    -0.5671 [2.000]
[kpt   0  10  11]     0.3382 [2.000]     0.3383 [2.000]     0.3383 [2.000]     0.3383 [2.000]     0.3384 [2.000]
[kpt   0  10  12]     0.3384 [2.000]     1.1023 [2.000]     1.1024 [2.000]     1.1025 [2.000]     6.7885 [0.000]
[kpt   0  10  13]     9.7576 [0.000]     9.7578 [0.000]     9.7578 [0.000]     9.7580 [0.000]     9.7580 [0.000]
[kpt   0  10  14]     9.7583 [0.000]    10.5927 [0.000]    10.5927 [0.000]    10.5928 [0.000]    13.0517 [0.000]
[kpt   0  10  15]    13.0526 [0.000]    13.0526 [0.000]    13.0527 [0.000]    13.0527 [0.000]



Total charge in supercell =     128.00000000
 quench: [md:   0/100  scf:  10/30  step time:   0.52  scf time:     4.78 secs  RMS[dV]: 2.55e-05 ]


average potential <V> = 2.69e-16
Davidson converged in 3 steps

FERMI ENERGY =      1.10239367 eV
@@ EIGENVALUE SUM     =      -58.366889 Ry
@@ ION_ION            =     -272.916107 Ry
@@ ELECTROSTATIC      =     -286.282565 Ry
@@ VXC                =     -178.457141 Ry
@@ EXC                =     -137.346488 Ry
@@ TOTAL ENERGY       =     -576.454908 Ry
@@ estimated error    =        1.79e-08 Ry
Charge normalization constant -1.0: -2.664535e-15
Charge density mixing: Broyden


KOHN SHAM EIGENVALUES [eV] AT K-POINT [  0]:       0.000000      0.000000      0.000000

[kpt   0  11   0]   -18.8913 [2.000]   -17.9072 [2.000]   -17.9072 [2.000]   -17.9072 [2.000]   -17.9072 [2.000]
[kpt   0  11   1]   -17.9072 [2.000]   -17.9072 [2.000]   -16.5552 [2.000]   -16.5552 [2.000]   -16.5552 [2.000]
[kpt   0  11   2]   -16.5552 [2.000]   -16.5552 [2.000]   -16.5552 [2.000]   -16.5234 [2.000]   -16.5234 [2.000]
[kpt   0  11   3]   -16.5234 [2.000]    -9.3355 [2.000]    -6.9269 [2.000]    -6.9269 [2.000]    -6.9269 [2.000]
[kpt   0  11   4]    -6.9269 [2.000]    -6.9269 [2.000]    -6.9269 [2.000]    -5.1551 [2.000]    -5.1551 [2.000]
[kpt   0  11   5]    -5.1551 [2.000]    -4.5247 [2.000]    -4.5247 [2.000]    -4.5247 [2.000]    -4.5247 [2.000]
[kpt   0  11   6]    -4.5247 [2.000]    -4.5247 [2.000]    -2.1192 [2.000]    -2.1192 [2.000]    -2.1192 [2.000]
[kpt   0  11   7]    -2.1192 [2.000]    -2.1192 [2.000]    -2.1192 [2.000]    -1.8766 [2.000]    -1.8766 [2.000]
[kpt   0  11   8]    -1.6846 [2.000]    -1.6846 [2.000]    -1.6846 [2.000]    -1.6846 [2.000]    -1.6846 [2.000]
[kpt   0  11   9]    -1.6846 [2.000]    -1.2242 [2.000]    -1.2242 [2.000]    -1.2242 [2.000]    -0.5672 [2.000]
[kpt   0  11  10]    -0.5672 [2.000]    -0.5672 [2.000]    -0.5672 [2.000]    -0.5672 [2.000]    -0.5671 [2.000]
[kpt   0  11  11]     0.3383 [2.000]     0.3383 [2.000]     0.3383 [2.000]     0.3383 [2.000]     0.3383 [2.000]
[kpt   0  11  12]     0.3383 [2.000]     1.1024 [2.000]     1.1024 [2.000]     1.1024 [2.000]     6.7884 [0.000]
[kpt   0  11  13]     9.7574 [0.000]     9.7575 [0.000]     9.7575 [0.000]     9.7576 [0.000]     9.7576 [0.000]
[kpt   0  11  14]     9.7578 [0.000]    10.5927 [0.000]    10.5927 [0.000]    10.5927 [0.000]    13.0515 [0.000]
[kpt   0  11  15]    13.0525 [0.000]    13.0526 [0.000]    13.0526 [0.000]    13.0526 [0.000]



Total charge in supercell =     128.00000000
 quench: [md:   0/100  scf:  11/30  step time:   0.44  scf time:     5.22 secs  RMS[dV]: 7.49e-06 ]


average potential <V> = 5.85e-16
Davidson converged in 3 steps

FERMI ENERGY =      1.10236423 eV
@@ EIGENVALUE SUM     =      -58.367142 Ry
@@ ION_ION            =     -272.916107 Ry
@@ ELECTROSTATIC      =     -286.282300 Ry
@@ VXC                =     -178.457107 Ry
@@ EXC                =     -137.346467 Ry
@@ TOTAL ENERGY       =     -576.454908 Ry
@@ estimated error    =        2.11e-09 Ry
Charge normalization constant -1.0: -2.664535e-15
Charge density mixing: Broyden


KOHN SHAM EIGENVALUES [eV] AT K-POINT [  0]:       0.000000      0.000000      0.000000

[kpt   0  12   0]   -18.8914 [2.000]   -17.9072 [2.000]   -17.9072 [2.000]   -17.9072 [2.000]   -17.9072 [2.000]
[kpt   0  12   1]   -17.9072 [2.000]   -17.9072 [2.000]   -16.5552 [2.000]   -16.5552 [2.000]   -16.5552 [2.000]
[kpt   0  12   2]   -16.5552 [2.000]   -16.5552 [2.000]   -16.5552 [2.000]   -16.5234 [2.000]   -16.5234 [2.000]
[kpt   0  12   3]   -16.5234 [2.000]    -9.3355 [2.000]    -6.9270 [2.000]    -6.9270 [2.000]    -6.9270 [2.000]
[kpt   0  12   4]    -6.9270 [2.000]    -6.9270 [2.000]    -6.9270 [2.000]    -5.1551 [2.000]    -5.1551 [2.000]
[kpt   0  12   5]    -5.1551 [2.000]    -4.5248 [2.000]    -4.5248 [2.000]    -4.5248 [2.000]    -4.5248 [2.000]
[kpt   0  12   6]    -4.5248 [2.000]    -4.5247 [2.000]    -2.1192 [2.000]    -2.1192 [2.000]    -2.1192 [2.000]
[kpt   0  12   7]    -2.1192 [2.000]    -2.1192 [2.000]    -2.1192 [2.000]    -1.8766 [2.000]    -1.8766 [2.000]
[kpt   0  12   8]    -1.6846 [2.000]    -1.6846 [2.000]    -1.6846 [2.000]    -1.6846 [2.000]    -1.6846 [2.000]
[kpt   0  12   9]    -1.6846 [2.000]    -1.2242 [2.000]    -1.2242 [2.000]    -1.2242 [2.000]    -0.5672 [2.000]
[kpt   0  12  10]    -0.5672 [2.000]    -0.5672 [2.000]    -0.5672 [2.000]    -0.5672 [2.000]    -0.5672 [2.000]
[kpt   0  12  11]     0.3383 [2.000]     0.3383 [2.000]     0.3383 [2.000]     0.3383 [2.000]     0.3383 [2.000]
[kpt   0  12  12]     0.3383 [2.000]     1.1024 [2.000]     1.1024 [2.000]     1.1024 [2.000]     6.7884 [0.000]
[kpt   0  12  13]     9.7573 [0.000]     9.7573 [0.000]     9.7573 [0.000]     9.7574 [0.000]     9.7574 [0.000]
[kpt   0  12  14]     9.7576 [0.000]    10.5926 [0.000]    10.5927 [0.000]    10.5927 [0.000]    13.0513 [0.000]
[kpt   0  12  15]    13.0525 [0.000]    13.0525 [0.000]    13.0526 [0.000]    13.0526 [0.000]



Total charge in supercell =     128.00000000
 quench: [md:   0/100  scf:  12/30  step time:   0.42  scf time:     5.65 secs  RMS[dV]: 3.89e-06 ]


average potential <V> = 1.71e-15
Davidson converged in 3 steps

FERMI ENERGY =      1.10236247 eV
@@ EIGENVALUE SUM     =      -58.367126 Ry
@@ ION_ION            =     -272.916107 Ry
@@ ELECTROSTATIC      =     -286.282317 Ry
@@ VXC                =     -178.457118 Ry
@@ EXC                =     -137.346477 Ry
@@ TOTAL ENERGY       =     -576.454908 Ry
@@ estimated error    =        2.50e-10 Ry
Charge normalization constant -1.0: 2.664535e-15
Charge density mixing: Broyden


KOHN SHAM EIGENVALUES [eV] AT K-POINT [  0]:       0.000000      0.000000      0.000000

[kpt   0  13   0]   -18.8913 [2.000]   -17.9072 [2.000]   -17.9072 [2.000]   -17.9072 [2.000]   -17.9072 [2.000]
[kpt   0  13   1]   -17.9072 [2.000]   -17.9072 [2.000]   -16.5552 [2.000]   -16.5552 [2.000]   -16.5552 [2.000]
[kpt   0  13   2]   -16.5552 [2.000]   -16.5552 [2.000]   -16.5552 [2.000]   -16.5234 [2.000]   -16.5234 [2.000]
[kpt   0  13   3]   -16.5234 [2.000]    -9.3355 [2.000]    -6.9270 [2.000]    -6.9270 [2.000]    -6.9270 [2.000]
[kpt   0  13   4]    -6.9270 [2.000]    -6.9270 [2.000]    -6.9270 [2.000]    -5.1551 [2.000]    -5.1551 [2.000]
[kpt   0  13   5]    -5.1551 [2.000]    -4.5247 [2.000]    -4.5247 [2.000]    -4.5247 [2.000]    -4.5247 [2.000]
[kpt   0  13   6]    -4.5247 [2.000]    -4.5247 [2.000]    -2.1192 [2.000]    -2.1192 [2.000]    -2.1192 [2.000]
[kpt   0  13   7]    -2.1192 [2.000]    -2.1192 [2.000]    -2.1192 [2.000]    -1.8766 [2.000]    -1.8766 [2.000]
[kpt   0  13   8]    -1.6846 [2.000]    -1.6846 [2.000]    -1.6846 [2.000]    -1.6846 [2.000]    -1.6846 [2.000]
[kpt   0  13   9]    -1.6846 [2.000]    -1.2242 [2.000]    -1.2242 [2.000]    -1.2242 [2.000]    -0.5672 [2.000]
[kpt   0  13  10]    -0.5672 [2.000]    -0.5672 [2.000]    -0.5672 [2.000]    -0.5672 [2.000]    -0.5672 [2.000]
[kpt   0  13  11]     0.3383 [2.000]     0.3383 [2.000]     0.3383 [2.000]     0.3383 [2.000]     0.3383 [2.000]
[kpt   0  13  12]     0.3383 [2.000]     1.1024 [2.000]     1.1024 [2.000]     1.1024 [2.000]     6.7884 [0.000]
[kpt   0  13  13]     9.7572 [0.000]     9.7572 [0.000]     9.7572 [0.000]     9.7573 [0.000]     9.7573 [0.000]
[kpt   0  13  14]     9.7574 [0.000]    10.5926 [0.000]    10.5926 [0.000]    10.5927 [0.000]    13.0512 [0.000]
[kpt   0  13  15]    13.0525 [0.000]    13.0525 [0.000]    13.0526 [0.000]    13.0526 [0.000]



Total charge in supercell =     128.00000000
 quench: [md:   0/100  scf:  13/30  step time:   0.51  scf time:     6.16 secs  RMS[dV]: 1.47e-06 ]



 Convergence criterion reached: Energy variation (3.79e-12) is lower than threshold (1.00e-10)

potential convergence has been achieved. stopping ...

[   0  14   14        7 ] Quench.cpp: 
@@ TOTAL ENEGY Components 
@@ ION_ION            =     -272.916107 Ry
@@ ELECTROSTATIC      =      286.282317 Ry
@@ EXC                =     -137.346475 Ry
@@ vdw correction     =        0.000000 Ry
@@ LdaU correction    =        0.000000 Ry
@@ total              =        0.000000 Ry
final total energy from eig sum =    -576.45490776 Ry


KOHN SHAM EIGENVALUES [eV] AT K-POINT [  0]:       0.000000      0.000000      0.000000

[kpt   0  14   0]   -18.8913 [2.000]   -17.9072 [2.000]   -17.9072 [2.000]   -17.9072 [2.000]   -17.9072 [2.000]
[kpt   0  14   1]   -17.9072 [2.000]   -17.9072 [2.000]   -16.5552 [2.000]   -16.5552 [2.000]   -16.5552 [2.000]
[kpt   0  14   2]   -16.5552 [2.000]   -16.5552 [2.000]   -16.5552 [2.000]   -16.5234 [2.000]   -16.5234 [2.000]
[kpt   0  14   3]   -16.5234 [2.000]    -9.3355 [2.000]    -6.9270 [2.000]    -6.9270 [2.000]    -6.9270 [2.000]
[kpt   0  14   4]    -6.9270 [2.000]    -6.9270 [2.000]    -6.9270 [2.000]    -5.1551 [2.000]    -5.1551 [2.000]
[kpt   0  14   5]    -5.1551 [2.000]    -4.5247 [2.000]    -4.5247 [2.000]    -4.5247 [2.000]    -4.5247 [2.000]
[kpt   0  14   6]    -4.5247 [2.000]    -4.5247 [2.000]    -2.1192 [2.000]    -2.1192 [2.000]    -2.1192 [2.000]
[kpt   0  14   7]    -2.1192 [2.000]    -2.1192 [2.000]    -2.1192 [2.000]    -1.8766 [2.000]    -1.8766 [2.000]
[kpt   0  14   8]    -1.6846 [2.000]    -1.6846 [2.000]    -1.6846 [2.000]    -1.6846 [2.000]    -1.6846 [2.000]
[kpt   0  14   9]    -1.6846 [2.000]    -1.2242 [2.000]    -1.2242 [2.000]    -1.2242 [2.000]    -0.5672 [2.000]
[kpt   0  14  10]    -0.5672 [2.000]    -0.5672 [2.000]    -0.5672 [2.000]    -0.5672 [2.000]    -0.5672 [2.000]
[kpt   0  14  11]     0.3383 [2.000]     0.3383 [2.000]     0.3383 [2.000]     0.3383 [2.000]     0.3383 [2.000]
[kpt   0  14  12]     0.3383 [2.000]     1.1024 [2.000]     1.1024 [2.000]     1.1024 [2.000]     6.7884 [0.000]
[kpt   0  14  13]     9.7572 [0.000]     9.7572 [0.000]     9.7572 [0.000]     9.7573 [0.000]     9.7573 [0.000]
[kpt   0  14  14]     9.7574 [0.000]    10.5926 [0.000]    10.5926 [0.000]    10.5927 [0.000]    13.0512 [0.000]
[kpt   0  14  15]    13.0525 [0.000]    13.0525 [0.000]    13.0526 [0.000]    13.0526 [0.000]



Total charge in supercell =     128.00000000
 volume and energy per atom =        15.03933867       -326.79450296 eV

 Vdd took 0.000267 seconds
WriteRestart: Output file given as /dev/null, no restart data written ...



  IONIC POSITIONS [a0] AND FORCES [Ry/a0]
  Charge analysis using: Voronoi Deformation Density

@ION  Ion  Species       X           Y           Z       Charge       FX          FY         FZ      Movable
@ION    1    Si      0.0000000   0.0000000   0.0000000    0.437   -0.0000000   0.0000000   0.0000000  1 1 1
@ION    2    Si      3.3637125   3.3637125   3.3637125    0.437    0.0000000   0.0000000  -0.0000001  1 1 1
@ION    3    Si     10.0911375   3.3637125  10.0911375    0.437    0.0000000  -0.0000000   0.0000000  1 1 1
@ION    4    Si      3.3637125  10.0911375  10.0911375    0.437    0.0000000  -0.0000000   0.0000000  1 1 1
@ION    5    Si     10.0911375  10.0911375   3.3637125    0.437    0.0000000  -0.0000000   0.0000000  1 1 1
@ION    6    Si      0.0000000   6.7274250   6.7274250    0.437   -0.0000000   0.0000000   0.0000000  1 1 1
@ION    7    Si      6.7274250   0.0000000   6.7274250    0.437    0.0000000   0.0000000   0.0000000  1 1 1
@ION    8    Si      6.7274250   6.7274250   0.0000000    0.437   -0.0000000   0.0000000   0.0000000  1 1 1
@ION    9     O      1.6818563   1.6818563   1.6818563   -0.212    0.0000001   0.0000001   0.0000001  1 1 1
@ION   10     O     11.7729938   1.6818563  11.7729938   -0.213   -0.0000001   0.0000001  -0.0000001  1 1 1
@ION   11     O      1.6818563  11.7729938  11.7729938   -0.217    0.0000000  -0.0000001  -0.0000001  1 1 1
@ION   12     O     11.7729938  11.7729938   1.6818563   -0.219    0.0000000  -0.0000001   0.0000001  1 1 1
@ION   13     O      1.6818563   8.4092813   8.4092813   -0.215   -0.0000001   0.0000000   0.0000000  1 1 1
@ION   14     O      8.4092813   1.6818563   8.4092813   -0.215   -0.0000001  -0.0000001  -0.0000001  1 1 1
@ION   15     O      8.4092813   8.4092813   1.6818563   -0.215   -0.0000001  -0.0000001  -0.0000001  1 1 1
@ION   16     O     11.7729938   8.4092813   5.0455688   -0.217   -0.0000000  -0.0000000   0.0000000  1 1 1
@ION   17     O      5.0455688   1.6818563   5.0455688   -0.215   -0.0000000  -0.0000000  -0.0000000  1 1 1
@ION   18     O      5.0455688   8.4092813  11.7729938   -0.217   -0.0000000   0.0000000  -0.0000000  1 1 1
@ION   19     O      1.6818563   5.0455688   5.0455688   -0.221   -0.0000000  -0.0000001  -0.0000001  1 1 1
@ION   20     O      8.4092813  11.7729938   5.0455688   -0.223    0.0000000   0.0000000   0.0000000  1 1 1
@ION   21     O      8.4092813   5.0455688  11.7729938   -0.221   -0.0000000  -0.0000000  -0.0000000  1 1 1
@ION   22     O     11.7729938   5.0455688   8.4092813   -0.225   -0.0000000  -0.0000001   0.0000001  1 1 1
@ION   23     O      5.0455688  11.7729938   8.4092813   -0.225   -0.0000000   0.0000000   0.0000000  1 1 1
@ION   24     O      5.0455688   5.0455688   1.6818563   -0.226   -0.0000001  -0.0000001   0.0000001  1 1 1

 mean FX      =   0.00000004 Ry/a0
 mean FY      =   0.00000005 Ry/a0
 mean FZ      =   0.00000004 Ry/a0

 max FX       =   0.00000013 Ry/a0   (ion 14)
 max FY       =   0.00000013 Ry/a0   (ion 11)
 max FZ       =   0.00000012 Ry/a0   (ion 10)
 max F[x,y,z] =   0.00000013 Ry/a0
 max |F|      =   0.00000020 Ry/a0   (ion 15)

 sum FX       =  -0.00000059 Ry/a0
 sum FY       =  -0.00000049 Ry/a0
 sum FZ       =  -0.00000011 Ry/a0
 Average      =   0.00000040 Ry/a0
 sqrt < F^2 > =   0.00000006 Ry/a0

WriteRestart: Output file given as /dev/null, no restart data written ...


--------TIMING INFORMATION FOR Processor owned the most atoms----------------
                                        Total time               Per SCF/step

1-TOTAL                                             8.12                0.58
-----------------------------------------------------------------------------
  1-TOTAL: Init                                     1.31                0.09
  1-TOTAL: run                                      6.81                0.49
  ---------------------------------------------------------------------------
    1-TOTAL: run: Force                             0.63                0.04
    1-TOTAL: run: Scf steps                         6.03                0.43

2-Force                                             0.63                0.04
-----------------------------------------------------------------------------
  2-Force: core correction                          0.00                0.00
  2-Force: corrections                              0.15                0.01
  2-Force: ion-ion                                  0.10                0.01
  2-Force: local                                    0.16                0.01
  2-Force: non-local                                0.21                0.02
  2-Force: non-local-betaxpsi                       0.03                0.00
  2-Force: non-local-get gamma                      0.00                0.00
  2-Force: non-local-nlforce_par_Q                  0.02                0.00
  2-Force: non-local-nlforce_par_gamma              0.00                0.00
  2-Force: non-local-nlforce_par_omega              0.00                0.00
  2-Force: non-local-partial gamma                  0.00                0.00
  2-Force: non-local-veff grad                      0.02                0.00

2-Init                                              1.31                0.09
-----------------------------------------------------------------------------
  2-Init: GetNewRho                                 0.04                0.00
  2-Init: KpointClass                               0.43                0.03
  2-Init: LcaoGetPsi                                0.06                0.00
  2-Init: LcaoGetRho                                0.12                0.01
  2-Init: ReinitIonicPotentials                     0.17                0.01
  2-Init: betaxpsi                                  0.02                0.00
  2-Init: exchange/correlation                      0.04                0.00
  2-Init: hartree                                   0.02                0.00
  2-Init: normalization                             0.00                0.00
  2-Init: radial potentials                         0.23                0.02
  2-Init: subdiag                                   0.06                0.00
  2-Init: weights                                   0.01                0.00

2-Scf steps                                         6.03                0.43
-----------------------------------------------------------------------------
  2-Scf steps: Davidson                             3.25                0.23
  2-Scf steps: GetNewRho                            0.58                0.04
  2-Scf steps: Hartree                              0.48                0.03
  2-Scf steps: MgridSubspace                        0.98                0.07
  2-Scf steps: MixRho                               0.04                0.00
  2-Scf steps: exchange/correlation                 0.47                0.03

3-MgridSubspace                                     0.98                0.07
-----------------------------------------------------------------------------
  3-MgridSubspace: AppNls                           0.09                0.01
  3-MgridSubspace: Beta x psi                       0.12                0.01
  3-MgridSubspace: Diagonalization                  0.20                0.01
  3-MgridSubspace: Mg_eig                           0.56                0.04

3-ReinitIonicPotentials                             0.17                0.01
-----------------------------------------------------------------------------
  3-ReinitIonicPotentials: GetNlop                  0.01                0.00
  3-ReinitIonicPotentials: GetWeight                0.10                0.01
  3-ReinitIonicPotentials: get_QI                   0.00                0.00
  3-ReinitIonicPotentials: get_qqq                  0.00                0.00
  3-ReinitIonicPotentials: init_nuc                 0.06                0.00

4-Diagonalization                                   0.26                0.02
-----------------------------------------------------------------------------
  4-Diagonalization: ELPA/PDSYGVX/PZHEGVX           0.02                0.00
  4-Diagonalization: Hpsi                           0.15                0.01
  4-Diagonalization: MPI_Bcast                      0.00                0.00
  4-Diagonalization: Update orbitals                0.06                0.00
  ---------------------------------------------------------------------------
    4-Diagonalization: Update orbitals: gather           0.00                0.00
    4-Diagonalization: Update orbitals: gemm           0.04                0.00
  4-Diagonalization: matrix                         0.04                0.00
  ---------------------------------------------------------------------------
    4-Diagonalization: matrix: Allreduce            0.00                0.00
    4-Diagonalization: matrix: Gemm                 0.03                0.00

5-Functional                                        0.50                0.04
-----------------------------------------------------------------------------
  5-Functional: apply gradient                      0.06                0.00
  5-Functional: apply laplacian                     0.02                0.00
  5-Functional: libxc                               0.19                0.01
  5-Functional: vxc                                 0.50                0.04
  5-Functional: vxc grad                            0.30                0.02
  5-Functional: vxc local                           0.06                0.00
  5-Functional: vxc nonlocal                        0.00                0.00

6-Davidson                                          3.25                0.23
-----------------------------------------------------------------------------
  6-Davidson: Betaxpsi                              0.42                0.03
  6-Davidson: apply hamiltonian                     0.82                0.06
  6-Davidson: diagonalization                       0.28                0.02
  6-Davidson: generate residuals                    0.32                0.02
  6-Davidson: matrix setup/reduce                   0.48                0.03
  6-Davidson: normalization                         0.03                0.00
  6-Davidson: precondition                          0.71                0.05
  6-Davidson: rotate orbitals                       0.15                0.01

AppNls                                              0.52                0.04
-----------------------------------------------------------------------------
  AppNls: data_rearrange                            0.01                0.00
  ---------------------------------------------------------------------------
    AppNls: data_rearrange: alloc and zeros           0.00                0.00
    AppNls: data_rearrange: dnm                     0.00                0.00
    AppNls: data_rearrange: sint                    0.00                0.00
  AppNls: nv                                        0.45                0.03
  AppNls: nv_work                                   0.00                0.00

App_gradient                                        0.06                0.00

CPUFD                                               0.00                0.00

Compute Hpsi                                        0.15                0.01
-----------------------------------------------------------------------------
  Compute Hpsi: AppNls                              0.06                0.00
  Compute Hpsi: Threaded Apply H                    0.08                0.01

GlobalSums                                          0.14                0.01

Init                                                0.88                0.06

Init Voronoi                                        0.13                0.01

Mix rho                                             0.04                0.00
-----------------------------------------------------------------------------
  Mix rho: Broyden                                  0.04                0.00
  Mix rho: Linear                                   0.00                0.00

Orbital                                             0.00                0.00
-----------------------------------------------------------------------------
  Orbital: phase and set                            0.00                0.00
  Orbital: proj cal                                 0.00                0.00
  Trade images: trade_images                        0.00                0.00
  Trade images: trade_imagesx                       0.07                0.00

VhPfft                                              0.26                0.02

Weight                                              0.01                0.00

radial beta                                         0.19                0.01


------------------------- TIMING INFORMATION FOR THREADS  -------------------

                                           Min            Max            Avg
CPUFD                                      0.22           0.22           0.22
-----------------------------------------------------------------------------

GlobalSums                                 0.10           0.10           0.10
-----------------------------------------------------------------------------

Mg_eig                                     0.56           0.56           0.56
-----------------------------------------------------------------------------
  Mg_eig: apply hamiltonian                0.31           0.31           0.31
  Mg_eig: mgrid_solv                       0.11           0.11           0.11
  Trade images: trade_images               0.47           0.47           0.47
  Trade images: trade_imagesx              0.66           0.66           0.66
