RMG initialization ... 1 image(s) total, 1 per node. 32 MPI processes/image. Thread level 2.
FFT-FD  0.000000e+00   7.854769e-01   7.854666e-01   1.023380e-05
FFT-FD  1.000000e+00   7.854769e-01   7.854666e-01   1.023380e-05
IP=0 M = 0.000000e+00  -inf  1.023380e-05
FFT-FD  0.000000e+00   2.257197e+00   2.257150e+00   4.769816e-05
FFT-FD  1.000000e+00   2.257197e+00   2.257150e+00   4.769816e-05
IP=1 M = 0.000000e+00  -inf  4.769816e-05
FFT-FD  0.000000e+00   2.257197e+00   2.257150e+00   4.769816e-05
FFT-FD  1.000000e+00   2.257197e+00   2.257150e+00   4.769816e-05
IP=2 M = 0.000000e+00  -inf  4.769816e-05
FFT-FD  0.000000e+00   2.257197e+00   2.257150e+00   4.769816e-05
FFT-FD  1.000000e+00   2.257197e+00   2.257150e+00   4.769816e-05
IP=3 M = 0.000000e+00  -inf  4.769816e-05
FFT-FD  0.000000e+00   2.678435e-01   2.678434e-01   2.695047e-08
FFT-FD  1.000000e+00   2.678435e-01   2.678434e-01   2.695047e-08
IP=0 M = 0.000000e+00  -inf  2.695047e-08
FFT-FD  0.000000e+00   3.882435e-01   3.882435e-01   5.553062e-10
FFT-FD  1.000000e+00   3.882435e-01   3.882435e-01   5.553062e-10
IP=1 M = 0.000000e+00  -inf  5.553062e-10
FFT-FD  0.000000e+00   3.882435e-01   3.882435e-01   5.553059e-10
FFT-FD  1.000000e+00   3.882435e-01   3.882435e-01   5.553059e-10
IP=2 M = 0.000000e+00  -inf  5.553059e-10
FFT-FD  0.000000e+00   3.882435e-01   3.882435e-01   5.553049e-10
FFT-FD  1.000000e+00   3.882435e-01   3.882435e-01   5.553049e-10
IP=3 M = 0.000000e+00  -inf  5.553049e-10
NEWCFAC = 0.000000  0.000000


                     * * * * * * * * * *
                     *    R   M   G    *
                     * * * * * * * * * *

     -- A Real Space Multigrid Electronic structure code --
     --      More information at www.rmgdft.org          --

Code Revision:     v5.1.0_53_g887bfc3b
Build Date:        May 15 2023  14:30:00
Start time:        Wed May 17 14:03:35 2023

NOTICE: RMG internal pseudopotentials have switched to
ONCVP from Ultrasoft. You can revert to Ultrasoft by
adding the input tag internal_pseudo_type="ultrasoft" to
your input files.


Files
   Control input file:        input6
   Data output file:          /dev/null

Run Setup
    Calculation type:         Quench electrons - Fixed ions SCF calculation
    Description:              SiO2
    Orbital Initialization:   LCAO (96 LCAO and 0 random orbitals)
    Exchange Correlation:     pbe
    Spin Polarization:        OFF
    System charge:            Neutral

Processor Topology
   Total PEs:                 32
   X direction:               4
   Y direction:               4
   Z direction:               2
   MG Threads/PE:             1
   OMP Threads/PE:            1

Grid Points  (Linear Anisotropy: 1.000)
    X:  Total: 60   Per PE: 15   Spacing:0.224 a0  
    Y:  Total: 60   Per PE: 15   Spacing:0.224 a0  
    Z:  Total: 60   Per PE: 30   Spacing:0.224 a0  

    Equivalent energy cutoffs (psi,rho):   196.266    785.063 Ry

    Charge density grid:         2 times finer

Coordinate planes
  Planar Anisotropy: 1.000
  A0-A1 density:    19.886
  A0-A2 density:    19.886
  A1-A2 density:    19.886


Lattice (Cell) Setup
    Type:                       Orthorhombic_primitive
    Volume (a0^3):               2435.77
    Boundary conditions:        Periodic

    X Basis Vector:      13.455       0.000       0.000 a0
    Y Basis Vector:       0.000      13.455       0.000 a0
    Z Basis Vector:       0.000       0.000      13.455 a0
    X Reci Vector:       0.074      -0.000       0.000 a0
    Y Reci Vector:       0.000       0.074       0.000 a0
    Z Reci Vector:       0.000      -0.000       0.074 a0

K-points
    Gamma Point Only (real orbitals)

Atoms and States
    Number of ions:                          24
    Number of species:                       2
    Number of states:                        79

Run Parameters
    SCF Convergence criterion (potential):   1.00e-10
    SCF Convergence criterion (energy):      1.00e-10
    Max SCF steps:                           30

SCF Cycle Settings
    Charge density mixing:                   Broyden
    Hartree Solver:                          PFFT
    Interpolation type:                      FFT

Finite Difference parameters
    Kohn Sham FD Order:                      10  
    Force Gradient Order:                    FFT
    Adaptive Finite Differencing:            Off

Subspace Diagonalization Options
    Frequency:                               every 1 SCF step(s)
    Driver:                                  ScaLapack
    Initial diagonalization:                 ON
    Folded spectrum:                         OFF

Filtering Cutoff  Parameters
    Wavefunction grid (cparm):               0.800
    Charge density grid (rhocparm):          1.000
    Filter factor:                           1.000

Multigrid (MG) Parameters
    Psi MG levels:                           3
    Psi global step:                         0.660 
    Psi pre:                                 2
    Psi post:                                2

Davidson Parameters
    Davidson multiplier:                     4
    Davidson max step:                       8
    Davidson unocc tol factor:               1000.000

Blas Libraries
    CPU support with openblas-parallel.


Atomic Species Information
(PP = Pseudopotential, US = Ultrasoft, NC = Norm Conserving)
-------------------------------------------------------------------------
|Index|Symbol| Mass|Valence| PP |  Comp  |Local| Local|Nlocal|    PP    |
|     |      |     |       |Type|Gaussian|  l  |Radius|Radius|Functional|
-------------------------------------------------------------------------
|    1|     O| 15.0|   6.00|  NC|    0.50|   -1| 10.00|  7.00|       PBE|
|    2|    Si| 28.0|   4.00|  NC|    0.50|   -1| 10.00|  7.00|       PBE|
-------------------------------------------------------------------------

Pseudopotential generation information:
   O pseudopotential file: ./@Internal
      Generation info     : Generated using ONCVPSP code by D. R. Hamann
      Author info         : anonymous
  Si pseudopotential file: ./@Internal
      Generation info     : Generated using ONCVPSP code by D. R. Hamann
      Author info         : anonymous


Memory usage (Mbytes):     Min        Max       Total
    wave functions         17.07      17.07     546.08
    beta-functions         10.37      10.37     331.81



Initial Ionic Positions And Displacements (Bohr)
Species      X           Y           Z           dX          dY          dZ
  Si       0.0000      0.0000      0.0000      0.0000      0.0000      0.0000
  Si       3.3637      3.3637      3.3637      0.0000      0.0000      0.0000
  Si      10.0911      3.3637     10.0911      0.0000      0.0000      0.0000
  Si       3.3637     10.0911     10.0911      0.0000      0.0000      0.0000
  Si      10.0911     10.0911      3.3637      0.0000      0.0000      0.0000
  Si       0.0000      6.7274      6.7274      0.0000      0.0000      0.0000
  Si       6.7274      0.0000      6.7274      0.0000      0.0000      0.0000
  Si       6.7274      6.7274      0.0000      0.0000      0.0000      0.0000
  O        1.6819      1.6819      1.6819      0.0000      0.0000      0.0000
  O       11.7730      1.6819     11.7730      0.0000      0.0000      0.0000
  O        1.6819     11.7730     11.7730      0.0000      0.0000      0.0000
  O       11.7730     11.7730      1.6819      0.0000      0.0000      0.0000
  O        1.6819      8.4093      8.4093      0.0000      0.0000      0.0000
  O        8.4093      1.6819      8.4093      0.0000      0.0000      0.0000
  O        8.4093      8.4093      1.6819      0.0000      0.0000      0.0000
  O       11.7730      8.4093      5.0456      0.0000      0.0000      0.0000
  O        5.0456      1.6819      5.0456      0.0000      0.0000      0.0000
  O        5.0456      8.4093     11.7730      0.0000      0.0000      0.0000
  O        1.6819      5.0456      5.0456      0.0000      0.0000      0.0000
  O        8.4093     11.7730      5.0456      0.0000      0.0000      0.0000
  O        8.4093      5.0456     11.7730      0.0000      0.0000      0.0000
  O       11.7730      5.0456      8.4093      0.0000      0.0000      0.0000
  O        5.0456     11.7730      8.4093      0.0000      0.0000      0.0000
  O        5.0456      5.0456      1.6819      0.0000      0.0000      0.0000


Initial Ionic Positions And Displacements (Angstrom)
Species      X           Y           Z           dX          dY          dZ
  Si       0.0000      0.0000      0.0000      0.0000      0.0000      0.0000
  Si       1.7800      1.7800      1.7800      0.0000      0.0000      0.0000
  Si       5.3400      1.7800      5.3400      0.0000      0.0000      0.0000
  Si       1.7800      5.3400      5.3400      0.0000      0.0000      0.0000
  Si       5.3400      5.3400      1.7800      0.0000      0.0000      0.0000
  Si       0.0000      3.5600      3.5600      0.0000      0.0000      0.0000
  Si       3.5600      0.0000      3.5600      0.0000      0.0000      0.0000
  Si       3.5600      3.5600      0.0000      0.0000      0.0000      0.0000
  O        0.8900      0.8900      0.8900      0.0000      0.0000      0.0000
  O        6.2300      0.8900      6.2300      0.0000      0.0000      0.0000
  O        0.8900      6.2300      6.2300      0.0000      0.0000      0.0000
  O        6.2300      6.2300      0.8900      0.0000      0.0000      0.0000
  O        0.8900      4.4500      4.4500      0.0000      0.0000      0.0000
  O        4.4500      0.8900      4.4500      0.0000      0.0000      0.0000
  O        4.4500      4.4500      0.8900      0.0000      0.0000      0.0000
  O        6.2300      4.4500      2.6700      0.0000      0.0000      0.0000
  O        2.6700      0.8900      2.6700      0.0000      0.0000      0.0000
  O        2.6700      4.4500      6.2300      0.0000      0.0000      0.0000
  O        0.8900      2.6700      2.6700      0.0000      0.0000      0.0000
  O        4.4500      6.2300      2.6700      0.0000      0.0000      0.0000
  O        4.4500      2.6700      6.2300      0.0000      0.0000      0.0000
  O        6.2300      2.6700      4.4500      0.0000      0.0000      0.0000
  O        2.6700      6.2300      4.4500      0.0000      0.0000      0.0000
  O        2.6700      2.6700      0.8900      0.0000      0.0000      0.0000

Diagonalization using scalapack for step=0  count=0



KOHN SHAM EIGENVALUES [eV] AT K-POINT [  0]:       0.000000      0.000000      0.000000

[kpt   0  -1   0]   -22.2079 [2.000]   -21.3864 [2.000]   -21.3864 [2.000]   -21.3864 [2.000]   -21.3864 [2.000]
[kpt   0  -1   1]   -21.3864 [2.000]   -21.3864 [2.000]   -20.2922 [2.000]   -20.2922 [2.000]   -20.2922 [2.000]
[kpt   0  -1   2]   -20.2724 [2.000]   -20.2724 [2.000]   -20.2724 [2.000]   -20.2724 [2.000]   -20.2724 [2.000]
[kpt   0  -1   3]   -20.2724 [2.000]   -11.9740 [2.000]    -9.8970 [2.000]    -9.8970 [2.000]    -9.8970 [2.000]
[kpt   0  -1   4]    -9.8970 [2.000]    -9.8970 [2.000]    -9.8970 [2.000]    -8.2253 [2.000]    -8.2253 [2.000]
[kpt   0  -1   5]    -8.2253 [2.000]    -7.9108 [2.000]    -7.9108 [2.000]    -7.9108 [2.000]    -7.9108 [2.000]
[kpt   0  -1   6]    -7.9108 [2.000]    -7.9108 [2.000]    -5.0355 [2.000]    -5.0355 [2.000]    -5.0355 [2.000]
[kpt   0  -1   7]    -5.0355 [2.000]    -5.0355 [2.000]    -5.0355 [2.000]    -4.9408 [2.000]    -4.9408 [2.000]
[kpt   0  -1   8]    -4.7503 [2.000]    -4.7503 [2.000]    -4.7503 [2.000]    -4.7503 [2.000]    -4.7503 [2.000]
[kpt   0  -1   9]    -4.7503 [2.000]    -4.5199 [2.000]    -4.5199 [2.000]    -4.5199 [2.000]    -3.9899 [2.000]
[kpt   0  -1  10]    -3.9899 [2.000]    -3.9899 [2.000]    -3.9899 [2.000]    -3.9899 [2.000]    -3.9899 [2.000]
[kpt   0  -1  11]    -3.4093 [2.000]    -3.4093 [2.000]    -3.4093 [2.000]    -3.4093 [2.000]    -3.4093 [2.000]
[kpt   0  -1  12]    -3.4093 [2.000]    -2.9370 [2.000]    -2.9370 [2.000]    -2.9370 [2.000]     7.6043 [0.000]
[kpt   0  -1  13]    10.2748 [0.000]    10.2748 [0.000]    10.2748 [0.000]    10.2748 [0.000]    10.2748 [0.000]
[kpt   0  -1  14]    10.2748 [0.000]    12.4078 [0.000]    12.4078 [0.000]    12.4078 [0.000]    13.3731 [0.000]
[kpt   0  -1  15]    13.3731 [0.000]    13.3731 [0.000]    13.3731 [0.000]    13.3731 [0.000]    13.3731 [0.000]
[kpt   0  -1  16]    15.0422 [0.000]    15.0422 [0.000]    15.0422 [0.000]    15.0422 [0.000]    15.0422 [0.000]
[kpt   0  -1  17]    15.0422 [0.000]    15.3617 [0.000]    15.3617 [0.000]    15.3617 [0.000]    15.3617 [0.000]
[kpt   0  -1  18]    15.3617 [0.000]    15.3617 [0.000]    16.6461 [0.000]    16.6461 [0.000]    16.6461 [0.000]
[kpt   0  -1  19]    17.2067 [0.000]


Charge normalization constant -1.0: 1.998401e-14
Charge density mixing: Linear with a constant of 0.50 

Diagonalization using scalapack for step=0  count=1


FERMI ENERGY =     -0.16766816 eV
@@ EIGENVALUE SUM     =      -66.526532 Ry
@@ ION_ION            =     -272.916107 Ry
@@ ELECTROSTATIC      =     -284.897255 Ry
@@ VXC                =     -179.080047 Ry
@@ EXC                =     -137.843537 Ry
@@ TOTAL ENERGY       =     -583.103385 Ry
@@ estimated error    =   ****************
Charge normalization constant -1.0: -1.332268e-15
Charge density mixing: Linear with a constant of 0.50 
WriteRestart: Output file given as /dev/null, no restart data written ...


KOHN SHAM EIGENVALUES [eV] AT K-POINT [  0]:       0.000000      0.000000      0.000000

[kpt   0   0   0]   -19.7379 [2.000]   -18.7747 [2.000]   -18.7742 [2.000]   -18.7687 [2.000]   -18.7673 [2.000]
[kpt   0   0   1]   -18.7661 [2.000]   -18.7617 [2.000]   -17.4846 [2.000]   -17.4733 [2.000]   -17.4727 [2.000]
[kpt   0   0   2]   -17.4698 [2.000]   -17.4678 [2.000]   -17.4632 [2.000]   -17.4628 [2.000]   -17.4600 [2.000]
[kpt   0   0   3]   -17.4593 [2.000]    -9.6849 [2.000]    -7.4775 [2.000]    -7.4697 [2.000]    -7.4681 [2.000]
[kpt   0   0   4]    -7.4619 [2.000]    -7.4596 [2.000]    -7.4569 [2.000]    -5.9015 [2.000]    -5.8916 [2.000]
[kpt   0   0   5]    -5.8888 [2.000]    -5.2313 [2.000]    -5.2303 [2.000]    -5.2228 [2.000]    -5.2213 [2.000]
[kpt   0   0   6]    -5.2190 [2.000]    -5.2175 [2.000]    -2.9550 [2.000]    -2.9539 [2.000]    -2.9528 [2.000]
[kpt   0   0   7]    -2.9513 [2.000]    -2.9489 [2.000]    -2.9482 [2.000]    -2.7546 [2.000]    -2.7489 [2.000]
[kpt   0   0   8]    -2.6293 [2.000]    -2.6277 [2.000]    -2.6272 [2.000]    -2.6241 [2.000]    -2.6231 [2.000]
[kpt   0   0   9]    -2.5924 [2.000]    -2.0468 [2.000]    -2.0461 [2.000]    -2.0416 [2.000]    -1.5603 [2.000]
[kpt   0   0  10]    -1.5573 [2.000]    -1.5564 [2.000]    -1.5550 [2.000]    -1.5545 [2.000]    -1.5502 [2.000]
[kpt   0   0  11]    -0.7672 [2.000]    -0.7663 [2.000]    -0.7655 [2.000]    -0.7648 [2.000]    -0.7636 [2.000]
[kpt   0   0  12]    -0.7614 [2.000]    -0.1707 [2.000]    -0.1698 [2.000]    -0.1677 [2.000]     8.3411 [0.000]
[kpt   0   0  13]    10.9141 [0.000]    10.9161 [0.000]    10.9204 [0.000]    10.9214 [0.000]    10.9246 [0.000]
[kpt   0   0  14]    10.9259 [0.000]    12.1419 [0.000]    12.1631 [0.000]    12.1633 [0.000]    13.9400 [0.000]
[kpt   0   0  15]    13.9427 [0.000]    13.9434 [0.000]    13.9516 [0.000]    13.9540 [0.000]



Total charge in supercell =     128.00000000
 quench: [md:   0/100  scf:   0/30  step time:   0.40  scf time:     0.53 secs  RMS[dV]: 5.25e-02 ]


average potential <V> = 2.16e-15

Diagonalization using scalapack for step=1  count=2


FERMI ENERGY =      1.34184498 eV
@@ EIGENVALUE SUM     =      -55.387281 Ry
@@ ION_ION            =     -272.916107 Ry
@@ ELECTROSTATIC      =     -297.413871 Ry
@@ VXC                =     -182.408969 Ry
@@ EXC                =     -140.430113 Ry
@@ TOTAL ENERGY       =     -583.738402 Ry
@@ estimated error    =        6.96e-01 Ry
Charge normalization constant -1.0: 1.110223e-15
Charge density mixing: Linear with a constant of 0.50 


KOHN SHAM EIGENVALUES [eV] AT K-POINT [  0]:       0.000000      0.000000      0.000000

[kpt   0   1   0]   -18.5392 [2.000]   -17.5075 [2.000]   -17.5005 [2.000]   -17.4962 [2.000]   -17.4925 [2.000]
[kpt   0   1   1]   -17.4888 [2.000]   -17.4885 [2.000]   -16.0206 [2.000]   -16.0168 [2.000]   -16.0114 [2.000]
[kpt   0   1   2]   -16.0089 [2.000]   -16.0065 [2.000]   -16.0048 [2.000]   -15.9920 [2.000]   -15.9856 [2.000]
[kpt   0   1   3]   -15.9807 [2.000]    -9.3446 [2.000]    -6.8229 [2.000]    -6.8190 [2.000]    -6.8163 [2.000]
[kpt   0   1   4]    -6.8121 [2.000]    -6.8083 [2.000]    -6.8074 [2.000]    -5.0168 [2.000]    -5.0142 [2.000]
[kpt   0   1   5]    -5.0113 [2.000]    -4.3744 [2.000]    -4.3728 [2.000]    -4.3650 [2.000]    -4.3639 [2.000]
[kpt   0   1   6]    -4.3549 [2.000]    -4.3531 [2.000]    -1.7459 [2.000]    -1.7424 [2.000]    -1.7380 [2.000]
[kpt   0   1   7]    -1.7336 [2.000]    -1.7286 [2.000]    -1.7271 [2.000]    -1.4730 [2.000]    -1.4675 [2.000]
[kpt   0   1   8]    -1.4040 [2.000]    -1.4019 [2.000]    -1.3987 [2.000]    -1.3967 [2.000]    -1.3920 [2.000]
[kpt   0   1   9]    -1.3682 [2.000]    -0.8564 [2.000]    -0.8504 [2.000]    -0.8495 [2.000]    -0.2287 [2.000]
[kpt   0   1  10]    -0.2274 [2.000]    -0.2270 [2.000]    -0.2168 [2.000]    -0.2099 [2.000]    -0.2040 [2.000]
[kpt   0   1  11]     0.6220 [2.000]     0.6250 [2.000]     0.6287 [2.000]     0.6291 [2.000]     0.6362 [2.000]
[kpt   0   1  12]     0.6370 [2.000]     1.3358 [2.000]     1.3381 [2.000]     1.3418 [2.000]     8.8563 [0.000]
[kpt   0   1  13]    11.3350 [0.000]    11.3443 [0.000]    11.3503 [0.000]    11.3525 [0.000]    11.3630 [0.000]
[kpt   0   1  14]    11.3639 [0.000]    11.8397 [0.000]    11.8640 [0.000]    11.8643 [0.000]    14.2268 [0.000]
[kpt   0   1  15]    14.2286 [0.000]    14.2308 [0.000]    14.2426 [0.000]    48.2430 [0.000]



Total charge in supercell =     128.00000000
 quench: [md:   0/100  scf:   1/30  step time:   0.35  scf time:     0.87 secs  RMS[dV]: 3.04e-02 ]


average potential <V> = -8.42e-18

Diagonalization using scalapack for step=2  count=3


FERMI ENERGY =      1.75959653 eV
@@ EIGENVALUE SUM     =      -53.105403 Ry
@@ ION_ION            =     -272.916107 Ry
@@ ELECTROSTATIC      =     -297.159589 Ry
@@ VXC                =     -182.075845 Ry
@@ EXC                =     -140.168736 Ry
@@ TOTAL ENERGY       =     -581.273989 Ry
@@ estimated error    =        1.65e-01 Ry
Charge normalization constant -1.0: -4.440892e-16
Charge density mixing: Linear with a constant of 0.50 


KOHN SHAM EIGENVALUES [eV] AT K-POINT [  0]:       0.000000      0.000000      0.000000

[kpt   0   2   0]   -18.3412 [2.000]   -17.3096 [2.000]   -17.3010 [2.000]   -17.2949 [2.000]   -17.2842 [2.000]
[kpt   0   2   1]   -17.2799 [2.000]   -17.2720 [2.000]   -15.8069 [2.000]   -15.8016 [2.000]   -15.7978 [2.000]
[kpt   0   2   2]   -15.7930 [2.000]   -15.7870 [2.000]   -15.7823 [2.000]   -15.7619 [2.000]   -15.7534 [2.000]
[kpt   0   2   3]   -15.7412 [2.000]    -9.2011 [2.000]    -6.6542 [2.000]    -6.6513 [2.000]    -6.6473 [2.000]
[kpt   0   2   4]    -6.6435 [2.000]    -6.6402 [2.000]    -6.6356 [2.000]    -4.8284 [2.000]    -4.8254 [2.000]
[kpt   0   2   5]    -4.8211 [2.000]    -4.1885 [2.000]    -4.1841 [2.000]    -4.1790 [2.000]    -4.1738 [2.000]
[kpt   0   2   6]    -4.1681 [2.000]    -4.1654 [2.000]    -1.5250 [2.000]    -1.5202 [2.000]    -1.5184 [2.000]
[kpt   0   2   7]    -1.5153 [2.000]    -1.5131 [2.000]    -1.5044 [2.000]    -1.2433 [2.000]    -1.2400 [2.000]
[kpt   0   2   8]    -1.1375 [2.000]    -1.1302 [2.000]    -1.1288 [2.000]    -1.1261 [2.000]    -1.1224 [2.000]
[kpt   0   2   9]    -1.1179 [2.000]    -0.6233 [2.000]    -0.6144 [2.000]    -0.6102 [2.000]     0.0641 [2.000]
[kpt   0   2  10]     0.0695 [2.000]     0.0708 [2.000]     0.0874 [2.000]     0.0878 [2.000]     0.0968 [2.000]
[kpt   0   2  11]     0.9691 [2.000]     0.9758 [2.000]     0.9772 [2.000]     0.9851 [2.000]     0.9882 [2.000]
[kpt   0   2  12]     0.9942 [2.000]     1.7543 [2.000]     1.7577 [2.000]     1.7596 [2.000]     8.7394 [0.000]
[kpt   0   2  13]    11.2896 [0.000]    11.3017 [0.000]    11.3068 [0.000]    11.3075 [0.000]    11.3179 [0.000]
[kpt   0   2  14]    11.3188 [0.000]    11.5292 [0.000]    11.5508 [0.000]    11.5522 [0.000]    14.1567 [0.000]
[kpt   0   2  15]    14.1601 [0.000]    14.1620 [0.000]    14.1719 [0.000]    47.5496 [0.000]



Total charge in supercell =     128.00000000
 quench: [md:   0/100  scf:   2/30  step time:   0.35  scf time:     1.23 secs  RMS[dV]: 1.41e-02 ]


average potential <V> = 1.44e-15

Diagonalization using scalapack for step=3  count=4


FERMI ENERGY =      1.66253134 eV
@@ EIGENVALUE SUM     =      -54.271340 Ry
@@ ION_ION            =     -272.916107 Ry
@@ ELECTROSTATIC      =     -293.348781 Ry
@@ VXC                =     -180.788539 Ry
@@ EXC                =     -139.165401 Ry
@@ TOTAL ENERGY       =     -578.913089 Ry
@@ estimated error    =        2.80e-01 Ry
Charge normalization constant -1.0: 4.440892e-16
Charge density mixing: Linear with a constant of 0.50 


KOHN SHAM EIGENVALUES [eV] AT K-POINT [  0]:       0.000000      0.000000      0.000000

[kpt   0   3   0]   -18.4773 [2.000]   -17.4642 [2.000]   -17.4578 [2.000]   -17.4520 [2.000]   -17.4394 [2.000]
[kpt   0   3   1]   -17.4338 [2.000]   -17.4224 [2.000]   -16.0030 [2.000]   -15.9999 [2.000]   -15.9968 [2.000]
[kpt   0   3   2]   -15.9840 [2.000]   -15.9798 [2.000]   -15.9672 [2.000]   -15.9568 [2.000]   -15.9461 [2.000]
[kpt   0   3   3]   -15.9263 [2.000]    -9.2249 [2.000]    -6.7162 [2.000]    -6.7140 [2.000]    -6.7105 [2.000]
[kpt   0   3   4]    -6.7059 [2.000]    -6.7034 [2.000]    -6.6922 [2.000]    -4.8999 [2.000]    -4.8962 [2.000]
[kpt   0   3   5]    -4.8877 [2.000]    -4.2637 [2.000]    -4.2627 [2.000]    -4.2590 [2.000]    -4.2488 [2.000]
[kpt   0   3   6]    -4.2465 [2.000]    -4.2403 [2.000]    -1.6664 [2.000]    -1.6637 [2.000]    -1.6610 [2.000]
[kpt   0   3   7]    -1.6556 [2.000]    -1.6513 [2.000]    -1.6458 [2.000]    -1.3945 [2.000]    -1.3929 [2.000]
[kpt   0   3   8]    -1.2458 [2.000]    -1.2397 [2.000]    -1.2382 [2.000]    -1.2373 [2.000]    -1.2316 [2.000]
[kpt   0   3   9]    -1.2302 [2.000]    -0.7599 [2.000]    -0.7563 [2.000]    -0.7553 [2.000]    -0.0679 [2.000]
[kpt   0   3  10]    -0.0646 [2.000]    -0.0641 [2.000]    -0.0518 [2.000]    -0.0477 [2.000]    -0.0454 [2.000]
[kpt   0   3  11]     0.8522 [2.000]     0.8563 [2.000]     0.8576 [2.000]     0.8647 [2.000]     0.8677 [2.000]
[kpt   0   3  12]     0.8747 [2.000]     1.6516 [2.000]     1.6587 [2.000]     1.6625 [2.000]     8.4934 [0.000]
[kpt   0   3  13]    11.1081 [0.000]    11.1201 [0.000]    11.1246 [0.000]    11.1260 [0.000]    11.1371 [0.000]
[kpt   0   3  14]    11.1384 [0.000]    11.3203 [0.000]    11.3403 [0.000]    11.3421 [0.000]    13.9533 [0.000]
[kpt   0   3  15]    13.9581 [0.000]    13.9588 [0.000]    13.9659 [0.000]    46.8226 [0.000]



Total charge in supercell =     128.00000000
 quench: [md:   0/100  scf:   3/30  step time:   0.35  scf time:     1.57 secs  RMS[dV]: 1.40e-02 ]


average potential <V> = -1.81e-16
Davidson converged in 3 steps

FERMI ENERGY =      1.65506793 eV
@@ EIGENVALUE SUM     =      -55.197492 Ry
@@ ION_ION            =     -272.916107 Ry
@@ ELECTROSTATIC      =     -289.827287 Ry
@@ VXC                =     -179.647795 Ry
@@ EXC                =     -138.276392 Ry
@@ TOTAL ENERGY       =     -576.569482 Ry
@@ estimated error    =        1.88e-01 Ry
Charge normalization constant -1.0: 8.881784e-16
Charge density mixing: Broyden


KOHN SHAM EIGENVALUES [eV] AT K-POINT [  0]:       0.000000      0.000000      0.000000

[kpt   0   4   0]   -18.5958 [2.000]   -17.6058 [2.000]   -17.5929 [2.000]   -17.5877 [2.000]   -17.5737 [2.000]
[kpt   0   4   1]   -17.5637 [2.000]   -17.5435 [2.000]   -16.1776 [2.000]   -16.1697 [2.000]   -16.1647 [2.000]
[kpt   0   4   2]   -16.1490 [2.000]   -16.1365 [2.000]   -16.1313 [2.000]   -16.1231 [2.000]   -16.1118 [2.000]
[kpt   0   4   3]   -16.0620 [2.000]    -9.3085 [2.000]    -6.8250 [2.000]    -6.8139 [2.000]    -6.8093 [2.000]
[kpt   0   4   4]    -6.8007 [2.000]    -6.7937 [2.000]    -6.7764 [2.000]    -4.9852 [2.000]    -4.9753 [2.000]
[kpt   0   4   5]    -4.9588 [2.000]    -4.3549 [2.000]    -4.3491 [2.000]    -4.3408 [2.000]    -4.3278 [2.000]
[kpt   0   4   6]    -4.3193 [2.000]    -4.2998 [2.000]    -1.7930 [2.000]    -1.7878 [2.000]    -1.7804 [2.000]
[kpt   0   4   7]    -1.7748 [2.000]    -1.7651 [2.000]    -1.7572 [2.000]    -1.5004 [2.000]    -1.4982 [2.000]
[kpt   0   4   8]    -1.3501 [2.000]    -1.3434 [2.000]    -1.3347 [2.000]    -1.3290 [2.000]    -1.3181 [2.000]
[kpt   0   4   9]    -1.3104 [2.000]    -0.8488 [2.000]    -0.8472 [2.000]    -0.8465 [2.000]    -0.1549 [2.000]
[kpt   0   4  10]    -0.1477 [2.000]    -0.1391 [2.000]    -0.1292 [2.000]    -0.1164 [2.000]    -0.1055 [2.000]
[kpt   0   4  11]     0.7905 [2.000]     0.7978 [2.000]     0.8078 [2.000]     0.8151 [2.000]     0.8287 [2.000]
[kpt   0   4  12]     0.8373 [2.000]     1.6275 [2.000]     1.6452 [2.000]     1.6551 [2.000]     7.3351 [0.000]
[kpt   0   4  13]    10.1027 [0.000]    10.1062 [0.000]    10.1117 [0.000]    10.1175 [0.000]    10.1327 [0.000]
[kpt   0   4  14]    10.1376 [0.000]    10.6261 [0.000]    10.6476 [0.000]    10.6485 [0.000]    13.3476 [0.000]
[kpt   0   4  15]    13.3521 [0.000]    13.3548 [0.000]    13.3616 [0.000]    13.3669 [0.000]



Total charge in supercell =     128.00000000
 quench: [md:   0/100  scf:   4/30  step time:   0.43  scf time:     2.00 secs  RMS[dV]: 1.10e-02 ]


average potential <V> = -2.19e-16
Davidson converged in 2 steps

FERMI ENERGY =      0.88060250 eV
@@ EIGENVALUE SUM     =      -60.485617 Ry
@@ ION_ION            =     -272.916107 Ry
@@ ELECTROSTATIC      =     -284.046656 Ry
@@ VXC                =     -177.897623 Ry
@@ EXC                =     -136.913259 Ry
@@ TOTAL ENERGY       =     -576.464016 Ry
@@ estimated error    =        3.28e-01 Ry
Charge normalization constant -1.0: 6.661338e-16
Charge density mixing: Broyden


KOHN SHAM EIGENVALUES [eV] AT K-POINT [  0]:       0.000000      0.000000      0.000000

[kpt   0   5   0]   -19.1201 [2.000]   -18.1605 [2.000]   -18.1490 [2.000]   -18.1448 [2.000]   -18.1387 [2.000]
[kpt   0   5   1]   -18.1333 [2.000]   -18.1276 [2.000]   -16.8243 [2.000]   -16.8101 [2.000]   -16.8047 [2.000]
[kpt   0   5   2]   -16.7968 [2.000]   -16.7920 [2.000]   -16.7885 [2.000]   -16.7749 [2.000]   -16.7655 [2.000]
[kpt   0   5   3]   -16.7578 [2.000]    -9.5650 [2.000]    -7.1848 [2.000]    -7.1758 [2.000]    -7.1722 [2.000]
[kpt   0   5   4]    -7.1667 [2.000]    -7.1631 [2.000]    -7.1581 [2.000]    -5.3967 [2.000]    -5.3873 [2.000]
[kpt   0   5   5]    -5.3832 [2.000]    -4.7992 [2.000]    -4.7898 [2.000]    -4.7846 [2.000]    -4.7768 [2.000]
[kpt   0   5   6]    -4.7744 [2.000]    -4.7709 [2.000]    -2.3185 [2.000]    -2.3137 [2.000]    -2.3090 [2.000]
[kpt   0   5   7]    -2.3045 [2.000]    -2.3013 [2.000]    -2.2984 [2.000]    -2.0716 [2.000]    -2.0707 [2.000]
[kpt   0   5   8]    -1.8872 [2.000]    -1.8834 [2.000]    -1.8780 [2.000]    -1.8754 [2.000]    -1.8712 [2.000]
[kpt   0   5   9]    -1.8688 [2.000]    -1.4494 [2.000]    -1.4490 [2.000]    -1.4488 [2.000]    -0.7859 [2.000]
[kpt   0   5  10]    -0.7817 [2.000]    -0.7757 [2.000]    -0.7713 [2.000]    -0.7675 [2.000]    -0.7651 [2.000]
[kpt   0   5  11]     0.1021 [2.000]     0.1081 [2.000]     0.1132 [2.000]     0.1178 [2.000]     0.1224 [2.000]
[kpt   0   5  12]     0.1262 [2.000]     0.8673 [2.000]     0.8714 [2.000]     0.8806 [2.000]     6.8956 [0.000]
[kpt   0   5  13]     9.7714 [0.000]     9.7732 [0.000]     9.7752 [0.000]     9.7760 [0.000]     9.7832 [0.000]
[kpt   0   5  14]     9.7848 [0.000]    10.5456 [0.000]    10.5543 [0.000]    10.5553 [0.000]    13.0167 [0.000]
[kpt   0   5  15]    13.0187 [0.000]    13.0211 [0.000]    13.0242 [0.000]    13.0284 [0.000]



Total charge in supercell =     128.00000000
 quench: [md:   0/100  scf:   5/30  step time:   0.40  scf time:     2.40 secs  RMS[dV]: 1.38e-02 ]


average potential <V> = 7.03e-16
Davidson converged in 3 steps

FERMI ENERGY =      1.07155263 eV
@@ EIGENVALUE SUM     =      -58.740477 Ry
@@ ION_ION            =     -272.916107 Ry
@@ ELECTROSTATIC      =     -285.892877 Ry
@@ VXC                =     -178.367152 Ry
@@ EXC                =     -137.277384 Ry
@@ TOTAL ENERGY       =     -576.459693 Ry
@@ estimated error    =        1.95e-02 Ry
Charge normalization constant -1.0: 2.442491e-15
Charge density mixing: Broyden


KOHN SHAM EIGENVALUES [eV] AT K-POINT [  0]:       0.000000      0.000000      0.000000

[kpt   0   6   0]   -18.9335 [2.000]   -17.9520 [2.000]   -17.9511 [2.000]   -17.9502 [2.000]   -17.9493 [2.000]
[kpt   0   6   1]   -17.9472 [2.000]   -17.9461 [2.000]   -16.5991 [2.000]   -16.5983 [2.000]   -16.5974 [2.000]
[kpt   0   6   2]   -16.5962 [2.000]   -16.5944 [2.000]   -16.5932 [2.000]   -16.5666 [2.000]   -16.5651 [2.000]
[kpt   0   6   3]   -16.5619 [2.000]    -9.3902 [2.000]    -6.9824 [2.000]    -6.9818 [2.000]    -6.9805 [2.000]
[kpt   0   6   4]    -6.9799 [2.000]    -6.9790 [2.000]    -6.9779 [2.000]    -5.2046 [2.000]    -5.2037 [2.000]
[kpt   0   6   5]    -5.2022 [2.000]    -4.5804 [2.000]    -4.5797 [2.000]    -4.5789 [2.000]    -4.5778 [2.000]
[kpt   0   6   6]    -4.5764 [2.000]    -4.5753 [2.000]    -2.1515 [2.000]    -2.1512 [2.000]    -2.1505 [2.000]
[kpt   0   6   7]    -2.1500 [2.000]    -2.1490 [2.000]    -2.1483 [2.000]    -1.9076 [2.000]    -1.9072 [2.000]
[kpt   0   6   8]    -1.7182 [2.000]    -1.7176 [2.000]    -1.7170 [2.000]    -1.7158 [2.000]    -1.7155 [2.000]
[kpt   0   6   9]    -1.7139 [2.000]    -1.2626 [2.000]    -1.2622 [2.000]    -1.2622 [2.000]    -0.6006 [2.000]
[kpt   0   6  10]    -0.5998 [2.000]    -0.5993 [2.000]    -0.5981 [2.000]    -0.5972 [2.000]    -0.5957 [2.000]
[kpt   0   6  11]     0.3031 [2.000]     0.3038 [2.000]     0.3042 [2.000]     0.3052 [2.000]     0.3061 [2.000]
[kpt   0   6  12]     0.3068 [2.000]     1.0694 [2.000]     1.0707 [2.000]     1.0716 [2.000]     6.8332 [0.000]
[kpt   0   6  13]     9.7812 [0.000]     9.7819 [0.000]     9.7824 [0.000]     9.7844 [0.000]     9.7882 [0.000]
[kpt   0   6  14]     9.7890 [0.000]    10.5980 [0.000]    10.6035 [0.000]    10.6046 [0.000]    13.0713 [0.000]
[kpt   0   6  15]    13.0721 [0.000]    13.0731 [0.000]    13.0746 [0.000]    13.0787 [0.000]



Total charge in supercell =     128.00000000
 quench: [md:   0/100  scf:   6/30  step time:   0.42  scf time:     2.82 secs  RMS[dV]: 5.72e-03 ]


average potential <V> = 1.47e-16
Davidson converged in 3 steps

FERMI ENERGY =      1.10229000 eV
@@ EIGENVALUE SUM     =      -58.389336 Ry
@@ ION_ION            =     -272.916107 Ry
@@ ELECTROSTATIC      =     -286.263500 Ry
@@ VXC                =     -178.451662 Ry
@@ EXC                =     -137.342381 Ry
@@ TOTAL ENERGY       =     -576.459661 Ry
@@ estimated error    =        7.31e-04 Ry
Charge normalization constant -1.0: 1.110223e-15
Charge density mixing: Broyden


KOHN SHAM EIGENVALUES [eV] AT K-POINT [  0]:       0.000000      0.000000      0.000000

[kpt   0   7   0]   -18.8941 [2.000]   -17.9103 [2.000]   -17.9097 [2.000]   -17.9096 [2.000]   -17.9095 [2.000]
[kpt   0   7   1]   -17.9093 [2.000]   -17.9087 [2.000]   -16.5574 [2.000]   -16.5570 [2.000]   -16.5567 [2.000]
[kpt   0   7   2]   -16.5565 [2.000]   -16.5562 [2.000]   -16.5559 [2.000]   -16.5253 [2.000]   -16.5248 [2.000]
[kpt   0   7   3]   -16.5243 [2.000]    -9.3417 [2.000]    -6.9326 [2.000]    -6.9320 [2.000]    -6.9320 [2.000]
[kpt   0   7   4]    -6.9319 [2.000]    -6.9318 [2.000]    -6.9314 [2.000]    -5.1595 [2.000]    -5.1592 [2.000]
[kpt   0   7   5]    -5.1590 [2.000]    -4.5295 [2.000]    -4.5291 [2.000]    -4.5288 [2.000]    -4.5287 [2.000]
[kpt   0   7   6]    -4.5284 [2.000]    -4.5282 [2.000]    -2.1217 [2.000]    -2.1214 [2.000]    -2.1213 [2.000]
[kpt   0   7   7]    -2.1212 [2.000]    -2.1211 [2.000]    -2.1208 [2.000]    -1.8784 [2.000]    -1.8783 [2.000]
[kpt   0   7   8]    -1.6873 [2.000]    -1.6871 [2.000]    -1.6868 [2.000]    -1.6867 [2.000]    -1.6865 [2.000]
[kpt   0   7   9]    -1.6864 [2.000]    -1.2263 [2.000]    -1.2262 [2.000]    -1.2262 [2.000]    -0.5690 [2.000]
[kpt   0   7  10]    -0.5687 [2.000]    -0.5685 [2.000]    -0.5683 [2.000]    -0.5681 [2.000]    -0.5679 [2.000]
[kpt   0   7  11]     0.3367 [2.000]     0.3370 [2.000]     0.3372 [2.000]     0.3373 [2.000]     0.3374 [2.000]
[kpt   0   7  12]     0.3378 [2.000]     1.1018 [2.000]     1.1020 [2.000]     1.1023 [2.000]     6.7916 [0.000]
[kpt   0   7  13]     9.7607 [0.000]     9.7613 [0.000]     9.7618 [0.000]     9.7620 [0.000]     9.7621 [0.000]
[kpt   0   7  14]     9.7625 [0.000]    10.5865 [0.000]    10.5867 [0.000]    10.5868 [0.000]    13.0536 [0.000]
[kpt   0   7  15]    13.0539 [0.000]    13.0540 [0.000]    13.0542 [0.000]    13.0543 [0.000]



Total charge in supercell =     128.00000000
 quench: [md:   0/100  scf:   7/30  step time:   0.51  scf time:     3.34 secs  RMS[dV]: 1.11e-03 ]


average potential <V> = 1.35e-16
Davidson converged in 3 steps

FERMI ENERGY =      1.10088935 eV
@@ EIGENVALUE SUM     =      -58.376184 Ry
@@ ION_ION            =     -272.916107 Ry
@@ ELECTROSTATIC      =     -286.277078 Ry
@@ VXC                =     -178.452757 Ry
@@ EXC                =     -137.343065 Ry
@@ TOTAL ENERGY       =     -576.459676 Ry
@@ estimated error    =        6.98e-05 Ry
Charge normalization constant -1.0: -3.552714e-15
Charge density mixing: Broyden


KOHN SHAM EIGENVALUES [eV] AT K-POINT [  0]:       0.000000      0.000000      0.000000

[kpt   0   8   0]   -18.8920 [2.000]   -17.9080 [2.000]   -17.9079 [2.000]   -17.9079 [2.000]   -17.9078 [2.000]
[kpt   0   8   1]   -17.9076 [2.000]   -17.9075 [2.000]   -16.5560 [2.000]   -16.5559 [2.000]   -16.5559 [2.000]
[kpt   0   8   2]   -16.5558 [2.000]   -16.5556 [2.000]   -16.5555 [2.000]   -16.5241 [2.000]   -16.5240 [2.000]
[kpt   0   8   3]   -16.5237 [2.000]    -9.3360 [2.000]    -6.9276 [2.000]    -6.9275 [2.000]    -6.9275 [2.000]
[kpt   0   8   4]    -6.9274 [2.000]    -6.9273 [2.000]    -6.9272 [2.000]    -5.1558 [2.000]    -5.1558 [2.000]
[kpt   0   8   5]    -5.1556 [2.000]    -4.5253 [2.000]    -4.5252 [2.000]    -4.5252 [2.000]    -4.5251 [2.000]
[kpt   0   8   6]    -4.5250 [2.000]    -4.5248 [2.000]    -2.1207 [2.000]    -2.1207 [2.000]    -2.1206 [2.000]
[kpt   0   8   7]    -2.1206 [2.000]    -2.1205 [2.000]    -2.1204 [2.000]    -1.8780 [2.000]    -1.8780 [2.000]
[kpt   0   8   8]    -1.6862 [2.000]    -1.6861 [2.000]    -1.6861 [2.000]    -1.6861 [2.000]    -1.6860 [2.000]
[kpt   0   8   9]    -1.6859 [2.000]    -1.2254 [2.000]    -1.2254 [2.000]    -1.2254 [2.000]    -0.5688 [2.000]
[kpt   0   8  10]    -0.5687 [2.000]    -0.5687 [2.000]    -0.5686 [2.000]    -0.5685 [2.000]    -0.5684 [2.000]
[kpt   0   8  11]     0.3366 [2.000]     0.3367 [2.000]     0.3368 [2.000]     0.3368 [2.000]     0.3369 [2.000]
[kpt   0   8  12]     0.3370 [2.000]     1.1007 [2.000]     1.1008 [2.000]     1.1009 [2.000]     6.7887 [0.000]
[kpt   0   8  13]     9.7580 [0.000]     9.7581 [0.000]     9.7583 [0.000]     9.7586 [0.000]     9.7586 [0.000]
[kpt   0   8  14]     9.7590 [0.000]    10.5917 [0.000]    10.5918 [0.000]    10.5919 [0.000]    13.0517 [0.000]
[kpt   0   8  15]    13.0521 [0.000]    13.0522 [0.000]    13.0522 [0.000]    13.0523 [0.000]



Total charge in supercell =     128.00000000
 quench: [md:   0/100  scf:   8/30  step time:   0.42  scf time:     3.76 secs  RMS[dV]: 3.20e-04 ]


average potential <V> = 9.35e-16
Davidson converged in 3 steps

FERMI ENERGY =      1.10269437 eV
@@ EIGENVALUE SUM     =      -58.362638 Ry
@@ ION_ION            =     -272.916107 Ry
@@ ELECTROSTATIC      =     -286.291785 Ry
@@ VXC                =     -178.457972 Ry
@@ EXC                =     -137.347124 Ry
@@ TOTAL ENERGY       =     -576.459682 Ry
@@ estimated error    =        4.12e-06 Ry
Charge normalization constant -1.0: -4.440892e-16
Charge density mixing: Broyden


KOHN SHAM EIGENVALUES [eV] AT K-POINT [  0]:       0.000000      0.000000      0.000000

[kpt   0   9   0]   -18.8905 [2.000]   -17.9067 [2.000]   -17.9065 [2.000]   -17.9064 [2.000]   -17.9062 [2.000]
[kpt   0   9   1]   -17.9061 [2.000]   -17.9061 [2.000]   -16.5546 [2.000]   -16.5544 [2.000]   -16.5543 [2.000]
[kpt   0   9   2]   -16.5541 [2.000]   -16.5541 [2.000]   -16.5540 [2.000]   -16.5227 [2.000]   -16.5224 [2.000]
[kpt   0   9   3]   -16.5222 [2.000]    -9.3350 [2.000]    -6.9266 [2.000]    -6.9265 [2.000]    -6.9264 [2.000]
[kpt   0   9   4]    -6.9263 [2.000]    -6.9262 [2.000]    -6.9262 [2.000]    -5.1548 [2.000]    -5.1546 [2.000]
[kpt   0   9   5]    -5.1545 [2.000]    -4.5244 [2.000]    -4.5243 [2.000]    -4.5241 [2.000]    -4.5240 [2.000]
[kpt   0   9   6]    -4.5240 [2.000]    -4.5239 [2.000]    -2.1193 [2.000]    -2.1192 [2.000]    -2.1191 [2.000]
[kpt   0   9   7]    -2.1190 [2.000]    -2.1189 [2.000]    -2.1189 [2.000]    -1.8765 [2.000]    -1.8765 [2.000]
[kpt   0   9   8]    -1.6846 [2.000]    -1.6846 [2.000]    -1.6844 [2.000]    -1.6844 [2.000]    -1.6843 [2.000]
[kpt   0   9   9]    -1.6843 [2.000]    -1.2239 [2.000]    -1.2239 [2.000]    -1.2239 [2.000]    -0.5672 [2.000]
[kpt   0   9  10]    -0.5671 [2.000]    -0.5670 [2.000]    -0.5669 [2.000]    -0.5669 [2.000]    -0.5668 [2.000]
[kpt   0   9  11]     0.3383 [2.000]     0.3383 [2.000]     0.3385 [2.000]     0.3385 [2.000]     0.3386 [2.000]
[kpt   0   9  12]     0.3387 [2.000]     1.1025 [2.000]     1.1025 [2.000]     1.1027 [2.000]     6.7886 [0.000]
[kpt   0   9  13]     9.7578 [0.000]     9.7579 [0.000]     9.7581 [0.000]     9.7582 [0.000]     9.7584 [0.000]
[kpt   0   9  14]     9.7585 [0.000]    10.5928 [0.000]    10.5929 [0.000]    10.5930 [0.000]    13.0520 [0.000]
[kpt   0   9  15]    13.0526 [0.000]    13.0527 [0.000]    13.0527 [0.000]    13.0528 [0.000]



Total charge in supercell =     128.00000000
 quench: [md:   0/100  scf:   9/30  step time:   0.42  scf time:     4.17 secs  RMS[dV]: 1.26e-04 ]


average potential <V> = 2.95e-16
Davidson converged in 3 steps

FERMI ENERGY =      1.10275223 eV
@@ EIGENVALUE SUM     =      -58.363068 Ry
@@ ION_ION            =     -272.916107 Ry
@@ ELECTROSTATIC      =     -286.291439 Ry
@@ VXC                =     -178.458425 Ry
@@ EXC                =     -137.347495 Ry
@@ TOTAL ENERGY       =     -576.459682 Ry
@@ estimated error    =        2.59e-07 Ry
Charge normalization constant -1.0: 1.110223e-15
Charge density mixing: Broyden


KOHN SHAM EIGENVALUES [eV] AT K-POINT [  0]:       0.000000      0.000000      0.000000

[kpt   0  10   0]   -18.8906 [2.000]   -17.9065 [2.000]   -17.9065 [2.000]   -17.9064 [2.000]   -17.9064 [2.000]
[kpt   0  10   1]   -17.9063 [2.000]   -17.9063 [2.000]   -16.5544 [2.000]   -16.5544 [2.000]   -16.5543 [2.000]
[kpt   0  10   2]   -16.5543 [2.000]   -16.5542 [2.000]   -16.5541 [2.000]   -16.5225 [2.000]   -16.5225 [2.000]
[kpt   0  10   3]   -16.5224 [2.000]    -9.3353 [2.000]    -6.9268 [2.000]    -6.9267 [2.000]    -6.9267 [2.000]
[kpt   0  10   4]    -6.9267 [2.000]    -6.9266 [2.000]    -6.9266 [2.000]    -5.1549 [2.000]    -5.1549 [2.000]
[kpt   0  10   5]    -5.1548 [2.000]    -4.5245 [2.000]    -4.5245 [2.000]    -4.5245 [2.000]    -4.5244 [2.000]
[kpt   0  10   6]    -4.5244 [2.000]    -4.5243 [2.000]    -2.1191 [2.000]    -2.1190 [2.000]    -2.1190 [2.000]
[kpt   0  10   7]    -2.1190 [2.000]    -2.1189 [2.000]    -2.1189 [2.000]    -1.8764 [2.000]    -1.8764 [2.000]
[kpt   0  10   8]    -1.6844 [2.000]    -1.6844 [2.000]    -1.6844 [2.000]    -1.6843 [2.000]    -1.6843 [2.000]
[kpt   0  10   9]    -1.6843 [2.000]    -1.2239 [2.000]    -1.2239 [2.000]    -1.2239 [2.000]    -0.5670 [2.000]
[kpt   0  10  10]    -0.5669 [2.000]    -0.5669 [2.000]    -0.5669 [2.000]    -0.5668 [2.000]    -0.5668 [2.000]
[kpt   0  10  11]     0.3385 [2.000]     0.3385 [2.000]     0.3386 [2.000]     0.3386 [2.000]     0.3387 [2.000]
[kpt   0  10  12]     0.3387 [2.000]     1.1027 [2.000]     1.1027 [2.000]     1.1028 [2.000]     6.7886 [0.000]
[kpt   0  10  13]     9.7576 [0.000]     9.7577 [0.000]     9.7579 [0.000]     9.7579 [0.000]     9.7580 [0.000]
[kpt   0  10  14]     9.7582 [0.000]    10.5926 [0.000]    10.5927 [0.000]    10.5927 [0.000]    13.0519 [0.000]
[kpt   0  10  15]    13.0526 [0.000]    13.0526 [0.000]    13.0527 [0.000]    13.0527 [0.000]



Total charge in supercell =     128.00000000
 quench: [md:   0/100  scf:  10/30  step time:   0.47  scf time:     4.64 secs  RMS[dV]: 2.45e-05 ]


average potential <V> = 1.09e-16
Davidson converged in 4 steps

FERMI ENERGY =      1.10269852 eV
@@ EIGENVALUE SUM     =      -58.363049 Ry
@@ ION_ION            =     -272.916107 Ry
@@ ELECTROSTATIC      =     -286.291465 Ry
@@ VXC                =     -178.458475 Ry
@@ EXC                =     -137.347537 Ry
@@ TOTAL ENERGY       =     -576.459683 Ry
@@ estimated error    =        2.09e-08 Ry
Charge normalization constant -1.0: 3.330669e-15
Charge density mixing: Broyden


KOHN SHAM EIGENVALUES [eV] AT K-POINT [  0]:       0.000000      0.000000      0.000000

[kpt   0  11   0]   -18.8906 [2.000]   -17.9064 [2.000]   -17.9064 [2.000]   -17.9064 [2.000]   -17.9064 [2.000]
[kpt   0  11   1]   -17.9064 [2.000]   -17.9064 [2.000]   -16.5543 [2.000]   -16.5543 [2.000]   -16.5543 [2.000]
[kpt   0  11   2]   -16.5543 [2.000]   -16.5543 [2.000]   -16.5543 [2.000]   -16.5225 [2.000]   -16.5225 [2.000]
[kpt   0  11   3]   -16.5225 [2.000]    -9.3353 [2.000]    -6.9267 [2.000]    -6.9267 [2.000]    -6.9267 [2.000]
[kpt   0  11   4]    -6.9267 [2.000]    -6.9267 [2.000]    -6.9267 [2.000]    -5.1549 [2.000]    -5.1549 [2.000]
[kpt   0  11   5]    -5.1549 [2.000]    -4.5244 [2.000]    -4.5244 [2.000]    -4.5244 [2.000]    -4.5244 [2.000]
[kpt   0  11   6]    -4.5244 [2.000]    -4.5244 [2.000]    -2.1190 [2.000]    -2.1190 [2.000]    -2.1190 [2.000]
[kpt   0  11   7]    -2.1190 [2.000]    -2.1190 [2.000]    -2.1190 [2.000]    -1.8764 [2.000]    -1.8764 [2.000]
[kpt   0  11   8]    -1.6843 [2.000]    -1.6843 [2.000]    -1.6843 [2.000]    -1.6843 [2.000]    -1.6843 [2.000]
[kpt   0  11   9]    -1.6843 [2.000]    -1.2239 [2.000]    -1.2239 [2.000]    -1.2239 [2.000]    -0.5669 [2.000]
[kpt   0  11  10]    -0.5669 [2.000]    -0.5669 [2.000]    -0.5669 [2.000]    -0.5669 [2.000]    -0.5669 [2.000]
[kpt   0  11  11]     0.3386 [2.000]     0.3386 [2.000]     0.3386 [2.000]     0.3386 [2.000]     0.3386 [2.000]
[kpt   0  11  12]     0.3386 [2.000]     1.1027 [2.000]     1.1027 [2.000]     1.1027 [2.000]     6.7886 [0.000]
[kpt   0  11  13]     9.7574 [0.000]     9.7574 [0.000]     9.7575 [0.000]     9.7576 [0.000]     9.7577 [0.000]
[kpt   0  11  14]     9.7577 [0.000]    10.5927 [0.000]    10.5927 [0.000]    10.5927 [0.000]    13.0517 [0.000]
[kpt   0  11  15]    13.0526 [0.000]    13.0526 [0.000]    13.0526 [0.000]    13.0527 [0.000]



Total charge in supercell =     128.00000000
 quench: [md:   0/100  scf:  11/30  step time:   0.47  scf time:     5.11 secs  RMS[dV]: 8.45e-06 ]


average potential <V> = 4.38e-16
Davidson converged in 3 steps

FERMI ENERGY =      1.10267624 eV
@@ EIGENVALUE SUM     =      -58.363251 Ry
@@ ION_ION            =     -272.916107 Ry
@@ ELECTROSTATIC      =     -286.291253 Ry
@@ VXC                =     -178.458451 Ry
@@ EXC                =     -137.347523 Ry
@@ TOTAL ENERGY       =     -576.459683 Ry
@@ estimated error    =        1.93e-09 Ry
Charge normalization constant -1.0: 4.440892e-16
Charge density mixing: Broyden


KOHN SHAM EIGENVALUES [eV] AT K-POINT [  0]:       0.000000      0.000000      0.000000

[kpt   0  12   0]   -18.8906 [2.000]   -17.9064 [2.000]   -17.9064 [2.000]   -17.9064 [2.000]   -17.9064 [2.000]
[kpt   0  12   1]   -17.9064 [2.000]   -17.9064 [2.000]   -16.5543 [2.000]   -16.5543 [2.000]   -16.5543 [2.000]
[kpt   0  12   2]   -16.5543 [2.000]   -16.5543 [2.000]   -16.5543 [2.000]   -16.5225 [2.000]   -16.5225 [2.000]
[kpt   0  12   3]   -16.5225 [2.000]    -9.3353 [2.000]    -6.9267 [2.000]    -6.9267 [2.000]    -6.9267 [2.000]
[kpt   0  12   4]    -6.9267 [2.000]    -6.9267 [2.000]    -6.9267 [2.000]    -5.1549 [2.000]    -5.1549 [2.000]
[kpt   0  12   5]    -5.1549 [2.000]    -4.5245 [2.000]    -4.5245 [2.000]    -4.5245 [2.000]    -4.5245 [2.000]
[kpt   0  12   6]    -4.5245 [2.000]    -4.5245 [2.000]    -2.1190 [2.000]    -2.1190 [2.000]    -2.1190 [2.000]
[kpt   0  12   7]    -2.1190 [2.000]    -2.1190 [2.000]    -2.1190 [2.000]    -1.8764 [2.000]    -1.8764 [2.000]
[kpt   0  12   8]    -1.6844 [2.000]    -1.6844 [2.000]    -1.6844 [2.000]    -1.6844 [2.000]    -1.6843 [2.000]
[kpt   0  12   9]    -1.6843 [2.000]    -1.2240 [2.000]    -1.2240 [2.000]    -1.2240 [2.000]    -0.5669 [2.000]
[kpt   0  12  10]    -0.5669 [2.000]    -0.5669 [2.000]    -0.5669 [2.000]    -0.5669 [2.000]    -0.5669 [2.000]
[kpt   0  12  11]     0.3386 [2.000]     0.3386 [2.000]     0.3386 [2.000]     0.3386 [2.000]     0.3386 [2.000]
[kpt   0  12  12]     0.3386 [2.000]     1.1027 [2.000]     1.1027 [2.000]     1.1027 [2.000]     6.7886 [0.000]
[kpt   0  12  13]     9.7573 [0.000]     9.7573 [0.000]     9.7574 [0.000]     9.7574 [0.000]     9.7575 [0.000]
[kpt   0  12  14]     9.7575 [0.000]    10.5926 [0.000]    10.5927 [0.000]    10.5927 [0.000]    13.0516 [0.000]
[kpt   0  12  15]    13.0525 [0.000]    13.0526 [0.000]    13.0526 [0.000]    13.0526 [0.000]



Total charge in supercell =     128.00000000
 quench: [md:   0/100  scf:  12/30  step time:   0.44  scf time:     5.55 secs  RMS[dV]: 3.87e-06 ]


average potential <V> = 1.94e-16
Davidson converged in 3 steps

FERMI ENERGY =      1.10268046 eV
@@ EIGENVALUE SUM     =      -58.363191 Ry
@@ ION_ION            =     -272.916107 Ry
@@ ELECTROSTATIC      =     -286.291315 Ry
@@ VXC                =     -178.458471 Ry
@@ EXC                =     -137.347540 Ry
@@ TOTAL ENERGY       =     -576.459683 Ry
@@ estimated error    =        2.31e-10 Ry
Charge normalization constant -1.0: 2.220446e-15
Charge density mixing: Broyden


KOHN SHAM EIGENVALUES [eV] AT K-POINT [  0]:       0.000000      0.000000      0.000000

[kpt   0  13   0]   -18.8906 [2.000]   -17.9064 [2.000]   -17.9064 [2.000]   -17.9064 [2.000]   -17.9064 [2.000]
[kpt   0  13   1]   -17.9064 [2.000]   -17.9064 [2.000]   -16.5543 [2.000]   -16.5543 [2.000]   -16.5543 [2.000]
[kpt   0  13   2]   -16.5543 [2.000]   -16.5543 [2.000]   -16.5543 [2.000]   -16.5225 [2.000]   -16.5225 [2.000]
[kpt   0  13   3]   -16.5225 [2.000]    -9.3353 [2.000]    -6.9267 [2.000]    -6.9267 [2.000]    -6.9267 [2.000]
[kpt   0  13   4]    -6.9267 [2.000]    -6.9267 [2.000]    -6.9267 [2.000]    -5.1549 [2.000]    -5.1549 [2.000]
[kpt   0  13   5]    -5.1549 [2.000]    -4.5245 [2.000]    -4.5245 [2.000]    -4.5245 [2.000]    -4.5245 [2.000]
[kpt   0  13   6]    -4.5245 [2.000]    -4.5245 [2.000]    -2.1190 [2.000]    -2.1190 [2.000]    -2.1190 [2.000]
[kpt   0  13   7]    -2.1190 [2.000]    -2.1190 [2.000]    -2.1190 [2.000]    -1.8764 [2.000]    -1.8764 [2.000]
[kpt   0  13   8]    -1.6843 [2.000]    -1.6843 [2.000]    -1.6843 [2.000]    -1.6843 [2.000]    -1.6843 [2.000]
[kpt   0  13   9]    -1.6843 [2.000]    -1.2240 [2.000]    -1.2240 [2.000]    -1.2240 [2.000]    -0.5669 [2.000]
[kpt   0  13  10]    -0.5669 [2.000]    -0.5669 [2.000]    -0.5669 [2.000]    -0.5669 [2.000]    -0.5669 [2.000]
[kpt   0  13  11]     0.3386 [2.000]     0.3386 [2.000]     0.3386 [2.000]     0.3386 [2.000]     0.3386 [2.000]
[kpt   0  13  12]     0.3386 [2.000]     1.1027 [2.000]     1.1027 [2.000]     1.1027 [2.000]     6.7886 [0.000]
[kpt   0  13  13]     9.7572 [0.000]     9.7572 [0.000]     9.7573 [0.000]     9.7573 [0.000]     9.7573 [0.000]
[kpt   0  13  14]     9.7574 [0.000]    10.5926 [0.000]    10.5926 [0.000]    10.5926 [0.000]    13.0515 [0.000]
[kpt   0  13  15]    13.0525 [0.000]    13.0525 [0.000]    13.0526 [0.000]    13.0526 [0.000]



Total charge in supercell =     128.00000000
 quench: [md:   0/100  scf:  13/30  step time:   0.48  scf time:     6.04 secs  RMS[dV]: 1.25e-06 ]



 Convergence criterion reached: Energy variation (7.65e-12) is lower than threshold (1.00e-10)

potential convergence has been achieved. stopping ...

[   0  14   14        7 ] Quench.cpp: 
@@ TOTAL ENEGY Components 
@@ ION_ION            =     -272.916107 Ry
@@ ELECTROSTATIC      =      286.291315 Ry
@@ EXC                =     -137.347531 Ry
@@ vdw correction     =        0.000000 Ry
@@ LdaU correction    =        0.000000 Ry
@@ total              =        0.000000 Ry
final total energy from eig sum =    -576.45968272 Ry


KOHN SHAM EIGENVALUES [eV] AT K-POINT [  0]:       0.000000      0.000000      0.000000

[kpt   0  14   0]   -18.8906 [2.000]   -17.9064 [2.000]   -17.9064 [2.000]   -17.9064 [2.000]   -17.9064 [2.000]
[kpt   0  14   1]   -17.9064 [2.000]   -17.9064 [2.000]   -16.5543 [2.000]   -16.5543 [2.000]   -16.5543 [2.000]
[kpt   0  14   2]   -16.5543 [2.000]   -16.5543 [2.000]   -16.5543 [2.000]   -16.5225 [2.000]   -16.5225 [2.000]
[kpt   0  14   3]   -16.5225 [2.000]    -9.3353 [2.000]    -6.9267 [2.000]    -6.9267 [2.000]    -6.9267 [2.000]
[kpt   0  14   4]    -6.9267 [2.000]    -6.9267 [2.000]    -6.9267 [2.000]    -5.1549 [2.000]    -5.1549 [2.000]
[kpt   0  14   5]    -5.1549 [2.000]    -4.5245 [2.000]    -4.5245 [2.000]    -4.5245 [2.000]    -4.5245 [2.000]
[kpt   0  14   6]    -4.5245 [2.000]    -4.5245 [2.000]    -2.1190 [2.000]    -2.1190 [2.000]    -2.1190 [2.000]
[kpt   0  14   7]    -2.1190 [2.000]    -2.1190 [2.000]    -2.1190 [2.000]    -1.8764 [2.000]    -1.8764 [2.000]
[kpt   0  14   8]    -1.6843 [2.000]    -1.6843 [2.000]    -1.6843 [2.000]    -1.6843 [2.000]    -1.6843 [2.000]
[kpt   0  14   9]    -1.6843 [2.000]    -1.2240 [2.000]    -1.2240 [2.000]    -1.2240 [2.000]    -0.5669 [2.000]
[kpt   0  14  10]    -0.5669 [2.000]    -0.5669 [2.000]    -0.5669 [2.000]    -0.5669 [2.000]    -0.5669 [2.000]
[kpt   0  14  11]     0.3386 [2.000]     0.3386 [2.000]     0.3386 [2.000]     0.3386 [2.000]     0.3386 [2.000]
[kpt   0  14  12]     0.3386 [2.000]     1.1027 [2.000]     1.1027 [2.000]     1.1027 [2.000]     6.7886 [0.000]
[kpt   0  14  13]     9.7572 [0.000]     9.7572 [0.000]     9.7573 [0.000]     9.7573 [0.000]     9.7573 [0.000]
[kpt   0  14  14]     9.7574 [0.000]    10.5926 [0.000]    10.5926 [0.000]    10.5926 [0.000]    13.0515 [0.000]
[kpt   0  14  15]    13.0525 [0.000]    13.0525 [0.000]    13.0526 [0.000]    13.0526 [0.000]



Total charge in supercell =     128.00000000
 volume and energy per atom =        15.03933867       -326.79720990 eV

 Vdd took 0.000277 seconds
WriteRestart: Output file given as /dev/null, no restart data written ...



  IONIC POSITIONS [a0] AND FORCES [Ry/a0]
  Charge analysis using: Voronoi Deformation Density

@ION  Ion  Species       X           Y           Z       Charge       FX          FY         FZ      Movable
@ION    1    Si      0.0000000   0.0000000   0.0000000    0.437    0.0000000   0.0000000   0.0000000  1 1 1
@ION    2    Si      3.3637125   3.3637125   3.3637125    0.437   -0.0000000  -0.0000000  -0.0000000  1 1 1
@ION    3    Si     10.0911375   3.3637125  10.0911375    0.437    0.0000000   0.0000000   0.0000001  1 1 1
@ION    4    Si      3.3637125  10.0911375  10.0911375    0.437    0.0000000  -0.0000001   0.0000000  1 1 1
@ION    5    Si     10.0911375  10.0911375   3.3637125    0.437   -0.0000000  -0.0000000  -0.0000001  1 1 1
@ION    6    Si      0.0000000   6.7274250   6.7274250    0.437    0.0000001   0.0000000   0.0000000  1 1 1
@ION    7    Si      6.7274250   0.0000000   6.7274250    0.437   -0.0000001  -0.0000000   0.0000000  1 1 1
@ION    8    Si      6.7274250   6.7274250   0.0000000    0.437   -0.0000000   0.0000000  -0.0000000  1 1 1
@ION    9     O      1.6818563   1.6818563   1.6818563   -0.212   -0.0000001  -0.0000001  -0.0000000  1 1 1
@ION   10     O     11.7729938   1.6818563  11.7729938   -0.213   -0.0000000   0.0000000  -0.0000001  1 1 1
@ION   11     O      1.6818563  11.7729938  11.7729938   -0.217   -0.0000000   0.0000001  -0.0000000  1 1 1
@ION   12     O     11.7729938  11.7729938   1.6818563   -0.219    0.0000000  -0.0000001   0.0000001  1 1 1
@ION   13     O      1.6818563   8.4092813   8.4092813   -0.215   -0.0000001  -0.0000001  -0.0000001  1 1 1
@ION   14     O      8.4092813   1.6818563   8.4092813   -0.215   -0.0000000  -0.0000001  -0.0000000  1 1 1
@ION   15     O      8.4092813   8.4092813   1.6818563   -0.215   -0.0000001  -0.0000001  -0.0000001  1 1 1
@ION   16     O     11.7729938   8.4092813   5.0455688   -0.217    0.0000000  -0.0000000   0.0000000  1 1 1
@ION   17     O      5.0455688   1.6818563   5.0455688   -0.215    0.0000000  -0.0000001   0.0000001  1 1 1
@ION   18     O      5.0455688   8.4092813  11.7729938   -0.217   -0.0000000  -0.0000000  -0.0000000  1 1 1
@ION   19     O      1.6818563   5.0455688   5.0455688   -0.221   -0.0000001   0.0000000   0.0000000  1 1 1
@ION   20     O      8.4092813  11.7729938   5.0455688   -0.223   -0.0000000   0.0000000  -0.0000000  1 1 1
@ION   21     O      8.4092813   5.0455688  11.7729938   -0.221   -0.0000000  -0.0000000   0.0000000  1 1 1
@ION   22     O     11.7729938   5.0455688   8.4092813   -0.225    0.0000001  -0.0000000   0.0000000  1 1 1
@ION   23     O      5.0455688  11.7729938   8.4092813   -0.225    0.0000000   0.0000000  -0.0000000  1 1 1
@ION   24     O      5.0455688   5.0455688   1.6818563   -0.226    0.0000000   0.0000000   0.0000000  1 1 1

 mean FX      =   0.00000004 Ry/a0
 mean FY      =   0.00000004 Ry/a0
 mean FZ      =   0.00000004 Ry/a0

 max FX       =   0.00000013 Ry/a0   (ion 13)
 max FY       =   0.00000011 Ry/a0   (ion 14)
 max FZ       =   0.00000012 Ry/a0   (ion 12)
 max F[x,y,z] =   0.00000013 Ry/a0
 max |F|      =   0.00000018 Ry/a0   (ion 13)

 sum FX       =  -0.00000034 Ry/a0
 sum FY       =  -0.00000047 Ry/a0
 sum FZ       =  -0.00000023 Ry/a0
 Average      =   0.00000034 Ry/a0
 sqrt < F^2 > =   0.00000005 Ry/a0

WriteRestart: Output file given as /dev/null, no restart data written ...


--------TIMING INFORMATION FOR Processor owned the most atoms----------------
                                        Total time               Per SCF/step

1-TOTAL                                             8.01                0.57
-----------------------------------------------------------------------------
  1-TOTAL: Init                                     1.31                0.09
  1-TOTAL: run                                      6.70                0.48
  ---------------------------------------------------------------------------
    1-TOTAL: run: Force                             0.63                0.05
    1-TOTAL: run: Scf steps                         5.90                0.42

2-Force                                             0.63                0.05
-----------------------------------------------------------------------------
  2-Force: core correction                          0.00                0.00
  2-Force: corrections                              0.15                0.01
  2-Force: ion-ion                                  0.10                0.01
  2-Force: local                                    0.16                0.01
  2-Force: non-local                                0.21                0.02
  2-Force: non-local-betaxpsi                       0.03                0.00
  2-Force: non-local-get gamma                      0.00                0.00
  2-Force: non-local-nlforce_par_Q                  0.02                0.00
  2-Force: non-local-nlforce_par_gamma              0.00                0.00
  2-Force: non-local-nlforce_par_omega              0.00                0.00
  2-Force: non-local-partial gamma                  0.00                0.00
  2-Force: non-local-veff grad                      0.02                0.00

2-Init                                              1.31                0.09
-----------------------------------------------------------------------------
  2-Init: GetNewRho                                 0.04                0.00
  2-Init: KpointClass                               0.44                0.03
  2-Init: LcaoGetPsi                                0.06                0.00
  2-Init: LcaoGetRho                                0.12                0.01
  2-Init: ReinitIonicPotentials                     0.17                0.01
  2-Init: betaxpsi                                  0.02                0.00
  2-Init: exchange/correlation                      0.04                0.00
  2-Init: hartree                                   0.02                0.00
  2-Init: normalization                             0.00                0.00
  2-Init: radial potentials                         0.23                0.02
  2-Init: subdiag                                   0.06                0.00
  2-Init: weights                                   0.01                0.00

2-Scf steps                                         5.90                0.42
-----------------------------------------------------------------------------
  2-Scf steps: Davidson                             3.23                0.23
  2-Scf steps: GetNewRho                            0.54                0.04
  2-Scf steps: Hartree                              0.48                0.03
  2-Scf steps: MgridSubspace                        0.93                0.07
  2-Scf steps: MixRho                               0.04                0.00
  2-Scf steps: exchange/correlation                 0.46                0.03

3-MgridSubspace                                     0.93                0.07
-----------------------------------------------------------------------------
  3-MgridSubspace: AppNls                           0.09                0.01
  3-MgridSubspace: Beta x psi                       0.11                0.01
  3-MgridSubspace: Diagonalization                  0.19                0.01
  3-MgridSubspace: Mg_eig                           0.52                0.04

3-ReinitIonicPotentials                             0.17                0.01
-----------------------------------------------------------------------------
  3-ReinitIonicPotentials: GetNlop                  0.01                0.00
  3-ReinitIonicPotentials: GetWeight                0.10                0.01
  3-ReinitIonicPotentials: get_QI                   0.00                0.00
  3-ReinitIonicPotentials: get_qqq                  0.00                0.00
  3-ReinitIonicPotentials: init_nuc                 0.06                0.00

4-Diagonalization                                   0.25                0.02
-----------------------------------------------------------------------------
  4-Diagonalization: ELPA/PDSYGVX/PZHEGVX           0.02                0.00
  4-Diagonalization: Hpsi                           0.14                0.01
  4-Diagonalization: MPI_Bcast                      0.00                0.00
  4-Diagonalization: Update orbitals                0.06                0.00
  ---------------------------------------------------------------------------
    4-Diagonalization: Update orbitals: gather           0.00                0.00
    4-Diagonalization: Update orbitals: gemm           0.04                0.00
  4-Diagonalization: matrix                         0.04                0.00
  ---------------------------------------------------------------------------
    4-Diagonalization: matrix: Allreduce            0.00                0.00
    4-Diagonalization: matrix: Gemm                 0.04                0.00

5-Functional                                        0.49                0.04
-----------------------------------------------------------------------------
  5-Functional: apply gradient                      0.05                0.00
  5-Functional: apply laplacian                     0.02                0.00
  5-Functional: libxc                               0.19                0.01
  5-Functional: vxc                                 0.49                0.03
  5-Functional: vxc grad                            0.28                0.02
  5-Functional: vxc local                           0.06                0.00
  5-Functional: vxc nonlocal                        0.00                0.00

6-Davidson                                          3.23                0.23
-----------------------------------------------------------------------------
  6-Davidson: Betaxpsi                              0.43                0.03
  6-Davidson: apply hamiltonian                     0.77                0.05
  6-Davidson: diagonalization                       0.29                0.02
  6-Davidson: generate residuals                    0.32                0.02
  6-Davidson: matrix setup/reduce                   0.48                0.03
  6-Davidson: normalization                         0.03                0.00
  6-Davidson: precondition                          0.72                0.05
  6-Davidson: rotate orbitals                       0.15                0.01

AppNls                                              0.53                0.04
-----------------------------------------------------------------------------
  AppNls: data_rearrange                            0.01                0.00
  ---------------------------------------------------------------------------
    AppNls: data_rearrange: alloc and zeros           0.00                0.00
    AppNls: data_rearrange: dnm                     0.00                0.00
    AppNls: data_rearrange: sint                    0.00                0.00
  AppNls: nv                                        0.45                0.03
  AppNls: nv_work                                   0.00                0.00

App_gradient                                        0.05                0.00

CPUFD                                               0.00                0.00

Compute Hpsi                                        0.14                0.01
-----------------------------------------------------------------------------
  Compute Hpsi: AppNls                              0.06                0.00
  Compute Hpsi: Threaded Apply H                    0.08                0.01

GlobalSums                                          0.14                0.01

Init                                                0.87                0.06

Init Voronoi                                        0.13                0.01

Mix rho                                             0.04                0.00
-----------------------------------------------------------------------------
  Mix rho: Broyden                                  0.04                0.00
  Mix rho: Linear                                   0.00                0.00

Orbital                                             0.00                0.00
-----------------------------------------------------------------------------
  Orbital: phase and set                            0.00                0.00
  Orbital: proj cal                                 0.00                0.00
  Trade images: trade_images                        0.00                0.00
  Trade images: trade_imagesx                       0.05                0.00

VhPfft                                              0.25                0.02

Weight                                              0.00                0.00

radial beta                                         0.18                0.01


------------------------- TIMING INFORMATION FOR THREADS  -------------------

                                           Min            Max            Avg
CPUFD                                      0.19           0.19           0.19
-----------------------------------------------------------------------------

GlobalSums                                 0.10           0.10           0.10
-----------------------------------------------------------------------------

Mg_eig                                     0.51           0.51           0.51
-----------------------------------------------------------------------------
  Mg_eig: apply hamiltonian                0.27           0.27           0.27
  Mg_eig: mgrid_solv                       0.11           0.11           0.11
  Trade images: trade_images               0.49           0.49           0.49
  Trade images: trade_imagesx              0.65           0.65           0.65
