RMG initialization ... 1 image(s) total, 1 per node. 32 MPI processes/image. Thread level 2.
FFT-FD  0.000000e+00   7.854683e-01   7.854358e-01   3.250713e-05
FFT-FD  1.000000e+00   7.854683e-01   7.854358e-01   3.250713e-05
IP=0 M = 0.000000e+00  -inf  3.250713e-05
FFT-FD  0.000000e+00   2.257194e+00   2.257029e+00   1.651138e-04
FFT-FD  1.000000e+00   2.257194e+00   2.257029e+00   1.651138e-04
IP=1 M = 0.000000e+00  -inf  1.651138e-04
FFT-FD  0.000000e+00   2.257194e+00   2.257029e+00   1.651138e-04
FFT-FD  1.000000e+00   2.257194e+00   2.257029e+00   1.651138e-04
IP=2 M = 0.000000e+00  -inf  1.651138e-04
FFT-FD  0.000000e+00   2.257194e+00   2.257029e+00   1.651138e-04
FFT-FD  1.000000e+00   2.257194e+00   2.257029e+00   1.651138e-04
IP=3 M = 0.000000e+00  -inf  1.651138e-04
FFT-FD  0.000000e+00   2.678435e-01   2.678433e-01   1.060311e-07
FFT-FD  1.000000e+00   2.678435e-01   2.678433e-01   1.060311e-07
IP=0 M = 0.000000e+00  -inf  1.060311e-07
FFT-FD  0.000000e+00   3.882435e-01   3.882435e-01   2.223058e-09
FFT-FD  1.000000e+00   3.882435e-01   3.882435e-01   2.223058e-09
IP=1 M = 0.000000e+00  -inf  2.223058e-09
FFT-FD  0.000000e+00   3.882435e-01   3.882435e-01   2.223058e-09
FFT-FD  1.000000e+00   3.882435e-01   3.882435e-01   2.223058e-09
IP=2 M = 0.000000e+00  -inf  2.223058e-09
FFT-FD  0.000000e+00   3.882435e-01   3.882435e-01   2.223057e-09
FFT-FD  1.000000e+00   3.882435e-01   3.882435e-01   2.223057e-09
IP=3 M = 0.000000e+00  -inf  2.223057e-09
NEWCFAC = 0.000000  0.000000


                     * * * * * * * * * *
                     *    R   M   G    *
                     * * * * * * * * * *

     -- A Real Space Multigrid Electronic structure code --
     --      More information at www.rmgdft.org          --

Code Revision:     v5.1.0_53_g887bfc3b
Build Date:        May 15 2023  14:30:00
Start time:        Wed May 17 14:03:22 2023

NOTICE: RMG internal pseudopotentials have switched to
ONCVP from Ultrasoft. You can revert to Ultrasoft by
adding the input tag internal_pseudo_type="ultrasoft" to
your input files.


Files
   Control input file:        input4
   Data output file:          /dev/null

Run Setup
    Calculation type:         Quench electrons - Fixed ions SCF calculation
    Description:              SiO2
    Orbital Initialization:   LCAO (96 LCAO and 0 random orbitals)
    Exchange Correlation:     pbe
    Spin Polarization:        OFF
    System charge:            Neutral

Processor Topology
   Total PEs:                 32
   X direction:               4
   Y direction:               4
   Z direction:               2
   MG Threads/PE:             1
   OMP Threads/PE:            1

Grid Points  (Linear Anisotropy: 1.000)
    X:  Total: 52   Per PE: 13   Spacing:0.259 a0  
    Y:  Total: 52   Per PE: 13   Spacing:0.259 a0  
    Z:  Total: 52   Per PE: 26   Spacing:0.259 a0  

    Equivalent energy cutoffs (psi,rho):   147.417    589.670 Ry

    Charge density grid:         2 times finer

Coordinate planes
  Planar Anisotropy: 1.000
  A0-A1 density:    14.937
  A0-A2 density:    14.937
  A1-A2 density:    14.937


Lattice (Cell) Setup
    Type:                       Orthorhombic_primitive
    Volume (a0^3):               2435.77
    Boundary conditions:        Periodic

    X Basis Vector:      13.455       0.000       0.000 a0
    Y Basis Vector:       0.000      13.455       0.000 a0
    Z Basis Vector:       0.000       0.000      13.455 a0
    X Reci Vector:       0.074      -0.000       0.000 a0
    Y Reci Vector:       0.000       0.074       0.000 a0
    Z Reci Vector:       0.000      -0.000       0.074 a0

K-points
    Gamma Point Only (real orbitals)

Atoms and States
    Number of ions:                          24
    Number of species:                       2
    Number of states:                        79

Run Parameters
    SCF Convergence criterion (potential):   1.00e-10
    SCF Convergence criterion (energy):      1.00e-10
    Max SCF steps:                           30

SCF Cycle Settings
    Charge density mixing:                   Broyden
    Hartree Solver:                          PFFT
    Interpolation type:                      FFT

Finite Difference parameters
    Kohn Sham FD Order:                      10  
    Force Gradient Order:                    FFT
    Adaptive Finite Differencing:            Off

Subspace Diagonalization Options
    Frequency:                               every 1 SCF step(s)
    Driver:                                  ScaLapack
    Initial diagonalization:                 ON
    Folded spectrum:                         OFF

Filtering Cutoff  Parameters
    Wavefunction grid (cparm):               0.800
    Charge density grid (rhocparm):          1.000
    Filter factor:                           1.000

Multigrid (MG) Parameters
    Psi MG levels:                           3
    Psi global step:                         0.660 
    Psi pre:                                 2
    Psi post:                                2

Davidson Parameters
    Davidson multiplier:                     4
    Davidson max step:                       8
    Davidson unocc tol factor:               1000.000

Blas Libraries
    CPU support with openblas-parallel.


Atomic Species Information
(PP = Pseudopotential, US = Ultrasoft, NC = Norm Conserving)
-------------------------------------------------------------------------
|Index|Symbol| Mass|Valence| PP |  Comp  |Local| Local|Nlocal|    PP    |
|     |      |     |       |Type|Gaussian|  l  |Radius|Radius|Functional|
-------------------------------------------------------------------------
|    1|     O| 15.0|   6.00|  NC|    0.50|   -1| 10.00|  7.00|       PBE|
|    2|    Si| 28.0|   4.00|  NC|    0.50|   -1| 10.00|  7.00|       PBE|
-------------------------------------------------------------------------

Pseudopotential generation information:
   O pseudopotential file: ./@Internal
      Generation info     : Generated using ONCVPSP code by D. R. Hamann
      Author info         : anonymous
  Si pseudopotential file: ./@Internal
      Generation info     : Generated using ONCVPSP code by D. R. Hamann
      Author info         : anonymous


Memory usage (Mbytes):     Min        Max       Total
    wave functions         11.11      11.11     355.49
    beta-functions          6.75       6.75     216.01



Initial Ionic Positions And Displacements (Bohr)
Species      X           Y           Z           dX          dY          dZ
  Si       0.0000      0.0000      0.0000      0.0000      0.0000      0.0000
  Si       3.3637      3.3637      3.3637      0.0000      0.0000      0.0000
  Si      10.0911      3.3637     10.0911      0.0000      0.0000      0.0000
  Si       3.3637     10.0911     10.0911      0.0000      0.0000      0.0000
  Si      10.0911     10.0911      3.3637      0.0000      0.0000      0.0000
  Si       0.0000      6.7274      6.7274      0.0000      0.0000      0.0000
  Si       6.7274      0.0000      6.7274      0.0000      0.0000      0.0000
  Si       6.7274      6.7274      0.0000      0.0000      0.0000      0.0000
  O        1.6819      1.6819      1.6819      0.0000      0.0000      0.0000
  O       11.7730      1.6819     11.7730      0.0000      0.0000      0.0000
  O        1.6819     11.7730     11.7730      0.0000      0.0000      0.0000
  O       11.7730     11.7730      1.6819      0.0000      0.0000      0.0000
  O        1.6819      8.4093      8.4093      0.0000      0.0000      0.0000
  O        8.4093      1.6819      8.4093      0.0000      0.0000      0.0000
  O        8.4093      8.4093      1.6819      0.0000      0.0000      0.0000
  O       11.7730      8.4093      5.0456      0.0000      0.0000      0.0000
  O        5.0456      1.6819      5.0456      0.0000      0.0000      0.0000
  O        5.0456      8.4093     11.7730      0.0000      0.0000      0.0000
  O        1.6819      5.0456      5.0456      0.0000      0.0000      0.0000
  O        8.4093     11.7730      5.0456      0.0000      0.0000      0.0000
  O        8.4093      5.0456     11.7730      0.0000      0.0000      0.0000
  O       11.7730      5.0456      8.4093      0.0000      0.0000      0.0000
  O        5.0456     11.7730      8.4093      0.0000      0.0000      0.0000
  O        5.0456      5.0456      1.6819      0.0000      0.0000      0.0000


Initial Ionic Positions And Displacements (Angstrom)
Species      X           Y           Z           dX          dY          dZ
  Si       0.0000      0.0000      0.0000      0.0000      0.0000      0.0000
  Si       1.7800      1.7800      1.7800      0.0000      0.0000      0.0000
  Si       5.3400      1.7800      5.3400      0.0000      0.0000      0.0000
  Si       1.7800      5.3400      5.3400      0.0000      0.0000      0.0000
  Si       5.3400      5.3400      1.7800      0.0000      0.0000      0.0000
  Si       0.0000      3.5600      3.5600      0.0000      0.0000      0.0000
  Si       3.5600      0.0000      3.5600      0.0000      0.0000      0.0000
  Si       3.5600      3.5600      0.0000      0.0000      0.0000      0.0000
  O        0.8900      0.8900      0.8900      0.0000      0.0000      0.0000
  O        6.2300      0.8900      6.2300      0.0000      0.0000      0.0000
  O        0.8900      6.2300      6.2300      0.0000      0.0000      0.0000
  O        6.2300      6.2300      0.8900      0.0000      0.0000      0.0000
  O        0.8900      4.4500      4.4500      0.0000      0.0000      0.0000
  O        4.4500      0.8900      4.4500      0.0000      0.0000      0.0000
  O        4.4500      4.4500      0.8900      0.0000      0.0000      0.0000
  O        6.2300      4.4500      2.6700      0.0000      0.0000      0.0000
  O        2.6700      0.8900      2.6700      0.0000      0.0000      0.0000
  O        2.6700      4.4500      6.2300      0.0000      0.0000      0.0000
  O        0.8900      2.6700      2.6700      0.0000      0.0000      0.0000
  O        4.4500      6.2300      2.6700      0.0000      0.0000      0.0000
  O        4.4500      2.6700      6.2300      0.0000      0.0000      0.0000
  O        6.2300      2.6700      4.4500      0.0000      0.0000      0.0000
  O        2.6700      6.2300      4.4500      0.0000      0.0000      0.0000
  O        2.6700      2.6700      0.8900      0.0000      0.0000      0.0000

Diagonalization using scalapack for step=0  count=0



KOHN SHAM EIGENVALUES [eV] AT K-POINT [  0]:       0.000000      0.000000      0.000000

[kpt   0  -1   0]   -22.2081 [2.000]   -21.3866 [2.000]   -21.3866 [2.000]   -21.3866 [2.000]   -21.3866 [2.000]
[kpt   0  -1   1]   -21.3866 [2.000]   -21.3866 [2.000]   -20.2925 [2.000]   -20.2925 [2.000]   -20.2925 [2.000]
[kpt   0  -1   2]   -20.2726 [2.000]   -20.2726 [2.000]   -20.2726 [2.000]   -20.2726 [2.000]   -20.2726 [2.000]
[kpt   0  -1   3]   -20.2726 [2.000]   -11.9758 [2.000]    -9.8993 [2.000]    -9.8993 [2.000]    -9.8993 [2.000]
[kpt   0  -1   4]    -9.8993 [2.000]    -9.8993 [2.000]    -9.8993 [2.000]    -8.2280 [2.000]    -8.2280 [2.000]
[kpt   0  -1   5]    -8.2280 [2.000]    -7.9138 [2.000]    -7.9138 [2.000]    -7.9138 [2.000]    -7.9138 [2.000]
[kpt   0  -1   6]    -7.9138 [2.000]    -7.9138 [2.000]    -5.0384 [2.000]    -5.0384 [2.000]    -5.0384 [2.000]
[kpt   0  -1   7]    -5.0384 [2.000]    -5.0384 [2.000]    -5.0384 [2.000]    -4.9438 [2.000]    -4.9438 [2.000]
[kpt   0  -1   8]    -4.7531 [2.000]    -4.7531 [2.000]    -4.7531 [2.000]    -4.7531 [2.000]    -4.7531 [2.000]
[kpt   0  -1   9]    -4.7531 [2.000]    -4.5233 [2.000]    -4.5233 [2.000]    -4.5233 [2.000]    -3.9933 [2.000]
[kpt   0  -1  10]    -3.9933 [2.000]    -3.9933 [2.000]    -3.9933 [2.000]    -3.9933 [2.000]    -3.9933 [2.000]
[kpt   0  -1  11]    -3.4129 [2.000]    -3.4129 [2.000]    -3.4129 [2.000]    -3.4129 [2.000]    -3.4129 [2.000]
[kpt   0  -1  12]    -3.4129 [2.000]    -2.9407 [2.000]    -2.9407 [2.000]    -2.9407 [2.000]     7.6031 [0.000]
[kpt   0  -1  13]    10.2728 [0.000]    10.2728 [0.000]    10.2728 [0.000]    10.2728 [0.000]    10.2728 [0.000]
[kpt   0  -1  14]    10.2728 [0.000]    12.4067 [0.000]    12.4067 [0.000]    12.4067 [0.000]    13.3706 [0.000]
[kpt   0  -1  15]    13.3706 [0.000]    13.3706 [0.000]    13.3706 [0.000]    13.3706 [0.000]    13.3706 [0.000]
[kpt   0  -1  16]    15.0387 [0.000]    15.0387 [0.000]    15.0387 [0.000]    15.0387 [0.000]    15.0387 [0.000]
[kpt   0  -1  17]    15.0387 [0.000]    15.3571 [0.000]    15.3571 [0.000]    15.3571 [0.000]    15.3571 [0.000]
[kpt   0  -1  18]    15.3571 [0.000]    15.3571 [0.000]    16.6417 [0.000]    16.6417 [0.000]    16.6417 [0.000]
[kpt   0  -1  19]    17.2010 [0.000]


Charge normalization constant -1.0: 2.220446e-15
Charge density mixing: Linear with a constant of 0.50 

Diagonalization using scalapack for step=0  count=1


FERMI ENERGY =     -0.16758110 eV
@@ EIGENVALUE SUM     =      -66.532946 Ry
@@ ION_ION            =     -272.916107 Ry
@@ ELECTROSTATIC      =     -284.900205 Ry
@@ VXC                =     -179.073796 Ry
@@ EXC                =     -137.844398 Ry
@@ TOTAL ENERGY       =     -583.119860 Ry
@@ estimated error    =   ****************
Charge normalization constant -1.0: 4.440892e-16
Charge density mixing: Linear with a constant of 0.50 
WriteRestart: Output file given as /dev/null, no restart data written ...


KOHN SHAM EIGENVALUES [eV] AT K-POINT [  0]:       0.000000      0.000000      0.000000

[kpt   0   0   0]   -19.7485 [2.000]   -18.7884 [2.000]   -18.7840 [2.000]   -18.7809 [2.000]   -18.7749 [2.000]
[kpt   0   0   1]   -18.7733 [2.000]   -18.7714 [2.000]   -17.4905 [2.000]   -17.4827 [2.000]   -17.4793 [2.000]
[kpt   0   0   2]   -17.4759 [2.000]   -17.4742 [2.000]   -17.4708 [2.000]   -17.4685 [2.000]   -17.4668 [2.000]
[kpt   0   0   3]   -17.4652 [2.000]    -9.6806 [2.000]    -7.4572 [2.000]    -7.4557 [2.000]    -7.4545 [2.000]
[kpt   0   0   4]    -7.4498 [2.000]    -7.4441 [2.000]    -7.4425 [2.000]    -5.8790 [2.000]    -5.8776 [2.000]
[kpt   0   0   5]    -5.8773 [2.000]    -5.1990 [2.000]    -5.1980 [2.000]    -5.1972 [2.000]    -5.1957 [2.000]
[kpt   0   0   6]    -5.1943 [2.000]    -5.1935 [2.000]    -2.9650 [2.000]    -2.9646 [2.000]    -2.9638 [2.000]
[kpt   0   0   7]    -2.9620 [2.000]    -2.9588 [2.000]    -2.9584 [2.000]    -2.7634 [2.000]    -2.7596 [2.000]
[kpt   0   0   8]    -2.6362 [2.000]    -2.6348 [2.000]    -2.6333 [2.000]    -2.6320 [2.000]    -2.6295 [2.000]
[kpt   0   0   9]    -2.6051 [2.000]    -2.0511 [2.000]    -2.0492 [2.000]    -2.0485 [2.000]    -1.5704 [2.000]
[kpt   0   0  10]    -1.5674 [2.000]    -1.5660 [2.000]    -1.5623 [2.000]    -1.5605 [2.000]    -1.5571 [2.000]
[kpt   0   0  11]    -0.7718 [2.000]    -0.7701 [2.000]    -0.7690 [2.000]    -0.7677 [2.000]    -0.7670 [2.000]
[kpt   0   0  12]    -0.7648 [2.000]    -0.1735 [2.000]    -0.1711 [2.000]    -0.1676 [2.000]     8.3873 [0.000]
[kpt   0   0  13]    10.9250 [0.000]    10.9279 [0.000]    10.9315 [0.000]    10.9392 [0.000]    10.9405 [0.000]
[kpt   0   0  14]    10.9427 [0.000]    12.1362 [0.000]    12.1421 [0.000]    12.1426 [0.000]    13.9260 [0.000]
[kpt   0   0  15]    13.9272 [0.000]    13.9306 [0.000]    13.9318 [0.000]    13.9323 [0.000]



Total charge in supercell =     128.00000000
 quench: [md:   0/100  scf:   0/30  step time:   0.27  scf time:     0.36 secs  RMS[dV]: 5.25e-02 ]


average potential <V> = 3.65e-16

Diagonalization using scalapack for step=1  count=2


FERMI ENERGY =      1.33339499 eV
@@ EIGENVALUE SUM     =      -55.479928 Ry
@@ ION_ION            =     -272.916107 Ry
@@ ELECTROSTATIC      =     -297.308554 Ry
@@ VXC                =     -182.351417 Ry
@@ EXC                =     -140.391165 Ry
@@ TOTAL ENERGY       =     -583.744336 Ry
@@ estimated error    =        6.74e-01 Ry
Charge normalization constant -1.0: -1.332268e-15
Charge density mixing: Linear with a constant of 0.50 


KOHN SHAM EIGENVALUES [eV] AT K-POINT [  0]:       0.000000      0.000000      0.000000

[kpt   0   1   0]   -18.5566 [2.000]   -17.5242 [2.000]   -17.5190 [2.000]   -17.5153 [2.000]   -17.5143 [2.000]
[kpt   0   1   1]   -17.5122 [2.000]   -17.5086 [2.000]   -16.0430 [2.000]   -16.0373 [2.000]   -16.0355 [2.000]
[kpt   0   1   2]   -16.0320 [2.000]   -16.0295 [2.000]   -16.0271 [2.000]   -16.0178 [2.000]   -16.0142 [2.000]
[kpt   0   1   3]   -16.0060 [2.000]    -9.3258 [2.000]    -6.8113 [2.000]    -6.8070 [2.000]    -6.8058 [2.000]
[kpt   0   1   4]    -6.7999 [2.000]    -6.7979 [2.000]    -6.7945 [2.000]    -5.0074 [2.000]    -5.0064 [2.000]
[kpt   0   1   5]    -5.0035 [2.000]    -4.3551 [2.000]    -4.3535 [2.000]    -4.3510 [2.000]    -4.3449 [2.000]
[kpt   0   1   6]    -4.3391 [2.000]    -4.3355 [2.000]    -1.7659 [2.000]    -1.7635 [2.000]    -1.7555 [2.000]
[kpt   0   1   7]    -1.7548 [2.000]    -1.7488 [2.000]    -1.7450 [2.000]    -1.4923 [2.000]    -1.4895 [2.000]
[kpt   0   1   8]    -1.4162 [2.000]    -1.4140 [2.000]    -1.4116 [2.000]    -1.4104 [2.000]    -1.4065 [2.000]
[kpt   0   1   9]    -1.3918 [2.000]    -0.8723 [2.000]    -0.8655 [2.000]    -0.8632 [2.000]    -0.2474 [2.000]
[kpt   0   1  10]    -0.2445 [2.000]    -0.2391 [2.000]    -0.2351 [2.000]    -0.2334 [2.000]    -0.2263 [2.000]
[kpt   0   1  11]     0.6109 [2.000]     0.6138 [2.000]     0.6166 [2.000]     0.6183 [2.000]     0.6223 [2.000]
[kpt   0   1  12]     0.6260 [2.000]     1.3296 [2.000]     1.3316 [2.000]     1.3334 [2.000]     8.8445 [0.000]
[kpt   0   1  13]    11.3174 [0.000]    11.3245 [0.000]    11.3285 [0.000]    11.3323 [0.000]    11.3344 [0.000]
[kpt   0   1  14]    11.3356 [0.000]    11.7998 [0.000]    11.8061 [0.000]    11.8068 [0.000]    14.1738 [0.000]
[kpt   0   1  15]    14.1757 [0.000]    14.1777 [0.000]    14.1779 [0.000]    47.7004 [0.000]



Total charge in supercell =     128.00000000
 quench: [md:   0/100  scf:   1/30  step time:   0.24  scf time:     0.60 secs  RMS[dV]: 3.05e-02 ]


average potential <V> = -5.53e-16

Diagonalization using scalapack for step=2  count=3


FERMI ENERGY =      1.74864095 eV
@@ EIGENVALUE SUM     =      -53.226421 Ry
@@ ION_ION            =     -272.916107 Ry
@@ ELECTROSTATIC      =     -296.858894 Ry
@@ VXC                =     -181.953222 Ry
@@ EXC                =     -140.078673 Ry
@@ TOTAL ENERGY       =     -581.126873 Ry
@@ estimated error    =        1.80e-01 Ry
Charge normalization constant -1.0: 6.661338e-16
Charge density mixing: Linear with a constant of 0.50 


KOHN SHAM EIGENVALUES [eV] AT K-POINT [  0]:       0.000000      0.000000      0.000000

[kpt   0   2   0]   -18.3579 [2.000]   -17.3285 [2.000]   -17.3203 [2.000]   -17.3134 [2.000]   -17.3050 [2.000]
[kpt   0   2   1]   -17.3026 [2.000]   -17.2910 [2.000]   -15.8333 [2.000]   -15.8260 [2.000]   -15.8211 [2.000]
[kpt   0   2   2]   -15.8188 [2.000]   -15.8123 [2.000]   -15.8062 [2.000]   -15.7884 [2.000]   -15.7758 [2.000]
[kpt   0   2   3]   -15.7612 [2.000]    -9.1882 [2.000]    -6.6435 [2.000]    -6.6433 [2.000]    -6.6407 [2.000]
[kpt   0   2   4]    -6.6343 [2.000]    -6.6312 [2.000]    -6.6288 [2.000]    -4.8224 [2.000]    -4.8200 [2.000]
[kpt   0   2   5]    -4.8137 [2.000]    -4.1738 [2.000]    -4.1731 [2.000]    -4.1695 [2.000]    -4.1656 [2.000]
[kpt   0   2   6]    -4.1595 [2.000]    -4.1544 [2.000]    -1.5465 [2.000]    -1.5450 [2.000]    -1.5419 [2.000]
[kpt   0   2   7]    -1.5342 [2.000]    -1.5309 [2.000]    -1.5252 [2.000]    -1.2651 [2.000]    -1.2633 [2.000]
[kpt   0   2   8]    -1.1534 [2.000]    -1.1491 [2.000]    -1.1444 [2.000]    -1.1424 [2.000]    -1.1392 [2.000]
[kpt   0   2   9]    -1.1386 [2.000]    -0.6383 [2.000]    -0.6327 [2.000]    -0.6319 [2.000]     0.0400 [2.000]
[kpt   0   2  10]     0.0503 [2.000]     0.0527 [2.000]     0.0597 [2.000]     0.0638 [2.000]     0.0745 [2.000]
[kpt   0   2  11]     0.9530 [2.000]     0.9575 [2.000]     0.9607 [2.000]     0.9624 [2.000]     0.9690 [2.000]
[kpt   0   2  12]     0.9774 [2.000]     1.7401 [2.000]     1.7447 [2.000]     1.7486 [2.000]     8.6872 [0.000]
[kpt   0   2  13]    11.2532 [0.000]    11.2609 [0.000]    11.2628 [0.000]    11.2666 [0.000]    11.2683 [0.000]
[kpt   0   2  14]    11.2699 [0.000]    11.4817 [0.000]    11.4897 [0.000]    11.4919 [0.000]    14.0936 [0.000]
[kpt   0   2  15]    14.0958 [0.000]    14.0977 [0.000]    14.0986 [0.000]    46.9472 [0.000]



Total charge in supercell =     128.00000000
 quench: [md:   0/100  scf:   2/30  step time:   0.24  scf time:     0.84 secs  RMS[dV]: 1.46e-02 ]


average potential <V> = 8.15e-16

Diagonalization using scalapack for step=3  count=4


FERMI ENERGY =      1.64287872 eV
@@ EIGENVALUE SUM     =      -54.463176 Ry
@@ ION_ION            =     -272.916107 Ry
@@ ELECTROSTATIC      =     -292.892297 Ry
@@ VXC                =     -180.622618 Ry
@@ EXC                =     -139.041313 Ry
@@ TOTAL ENERGY       =     -578.690276 Ry
@@ estimated error    =        2.91e-01 Ry
Charge normalization constant -1.0: 4.440892e-16
Charge density mixing: Linear with a constant of 0.50 


KOHN SHAM EIGENVALUES [eV] AT K-POINT [  0]:       0.000000      0.000000      0.000000

[kpt   0   3   0]   -18.4998 [2.000]   -17.4929 [2.000]   -17.4806 [2.000]   -17.4758 [2.000]   -17.4648 [2.000]
[kpt   0   3   1]   -17.4618 [2.000]   -17.4456 [2.000]   -16.0403 [2.000]   -16.0275 [2.000]   -16.0221 [2.000]
[kpt   0   3   2]   -16.0155 [2.000]   -16.0102 [2.000]   -15.9938 [2.000]   -15.9930 [2.000]   -15.9740 [2.000]
[kpt   0   3   3]   -15.9524 [2.000]    -9.2252 [2.000]    -6.7243 [2.000]    -6.7174 [2.000]    -6.7146 [2.000]
[kpt   0   3   4]    -6.7085 [2.000]    -6.7064 [2.000]    -6.6965 [2.000]    -4.9070 [2.000]    -4.8998 [2.000]
[kpt   0   3   5]    -4.8894 [2.000]    -4.2692 [2.000]    -4.2631 [2.000]    -4.2579 [2.000]    -4.2537 [2.000]
[kpt   0   3   6]    -4.2516 [2.000]    -4.2425 [2.000]    -1.6968 [2.000]    -1.6900 [2.000]    -1.6839 [2.000]
[kpt   0   3   7]    -1.6789 [2.000]    -1.6766 [2.000]    -1.6694 [2.000]    -1.4208 [2.000]    -1.4203 [2.000]
[kpt   0   3   8]    -1.2705 [2.000]    -1.2651 [2.000]    -1.2610 [2.000]    -1.2591 [2.000]    -1.2554 [2.000]
[kpt   0   3   9]    -1.2518 [2.000]    -0.7843 [2.000]    -0.7799 [2.000]    -0.7785 [2.000]    -0.0962 [2.000]
[kpt   0   3  10]    -0.0902 [2.000]    -0.0893 [2.000]    -0.0821 [2.000]    -0.0789 [2.000]    -0.0737 [2.000]
[kpt   0   3  11]     0.8258 [2.000]     0.8297 [2.000]     0.8330 [2.000]     0.8383 [2.000]     0.8431 [2.000]
[kpt   0   3  12]     0.8513 [2.000]     1.6270 [2.000]     1.6340 [2.000]     1.6429 [2.000]     8.4083 [0.000]
[kpt   0   3  13]    11.0569 [0.000]    11.0637 [0.000]    11.0655 [0.000]    11.0674 [0.000]    11.0700 [0.000]
[kpt   0   3  14]    11.0720 [0.000]    11.2698 [0.000]    11.2778 [0.000]    11.2804 [0.000]    13.8851 [0.000]
[kpt   0   3  15]    13.8875 [0.000]    13.8894 [0.000]    13.8908 [0.000]    46.1911 [0.000]



Total charge in supercell =     128.00000000
 quench: [md:   0/100  scf:   3/30  step time:   0.24  scf time:     1.08 secs  RMS[dV]: 1.42e-02 ]


average potential <V> = 3.69e-16
Davidson converged in 3 steps

FERMI ENERGY =      1.59147659 eV
@@ EIGENVALUE SUM     =      -55.631796 Ry
@@ ION_ION            =     -272.916107 Ry
@@ ELECTROSTATIC      =     -289.348808 Ry
@@ VXC                =     -179.481289 Ry
@@ EXC                =     -138.151638 Ry
@@ TOTAL ENERGY       =     -576.567059 Ry
@@ estimated error    =        1.85e-01 Ry
Charge normalization constant -1.0: -6.661338e-16
Charge density mixing: Broyden


KOHN SHAM EIGENVALUES [eV] AT K-POINT [  0]:       0.000000      0.000000      0.000000

[kpt   0   4   0]   -18.6365 [2.000]   -17.6538 [2.000]   -17.6375 [2.000]   -17.6289 [2.000]   -17.6218 [2.000]
[kpt   0   4   1]   -17.6103 [2.000]   -17.5829 [2.000]   -16.2391 [2.000]   -16.2208 [2.000]   -16.2120 [2.000]
[kpt   0   4   2]   -16.2025 [2.000]   -16.2011 [2.000]   -16.1844 [2.000]   -16.1692 [2.000]   -16.1599 [2.000]
[kpt   0   4   3]   -16.1169 [2.000]    -9.3211 [2.000]    -6.8511 [2.000]    -6.8390 [2.000]    -6.8316 [2.000]
[kpt   0   4   4]    -6.8276 [2.000]    -6.8184 [2.000]    -6.7974 [2.000]    -5.0218 [2.000]    -5.0053 [2.000]
[kpt   0   4   5]    -4.9829 [2.000]    -4.3945 [2.000]    -4.3788 [2.000]    -4.3717 [2.000]    -4.3628 [2.000]
[kpt   0   4   6]    -4.3508 [2.000]    -4.3290 [2.000]    -1.8484 [2.000]    -1.8338 [2.000]    -1.8251 [2.000]
[kpt   0   4   7]    -1.8183 [2.000]    -1.8085 [2.000]    -1.7951 [2.000]    -1.5505 [2.000]    -1.5479 [2.000]
[kpt   0   4   8]    -1.4043 [2.000]    -1.3920 [2.000]    -1.3828 [2.000]    -1.3767 [2.000]    -1.3659 [2.000]
[kpt   0   4   9]    -1.3472 [2.000]    -0.8998 [2.000]    -0.8986 [2.000]    -0.8974 [2.000]    -0.2205 [2.000]
[kpt   0   4  10]    -0.2049 [2.000]    -0.1955 [2.000]    -0.1845 [2.000]    -0.1723 [2.000]    -0.1517 [2.000]
[kpt   0   4  11]     0.7167 [2.000]     0.7350 [2.000]     0.7465 [2.000]     0.7557 [2.000]     0.7684 [2.000]
[kpt   0   4  12]     0.7856 [2.000]     1.5523 [2.000]     1.5765 [2.000]     1.5915 [2.000]     7.3174 [0.000]
[kpt   0   4  13]    10.0608 [0.000]    10.0618 [0.000]    10.0660 [0.000]    10.0681 [0.000]    10.0707 [0.000]
[kpt   0   4  14]    10.0721 [0.000]    10.5827 [0.000]    10.5855 [0.000]    10.5867 [0.000]    13.3149 [0.000]
[kpt   0   4  15]    13.3194 [0.000]    13.3239 [0.000]    13.3265 [0.000]    13.3371 [0.000]



Total charge in supercell =     128.00000000
 quench: [md:   0/100  scf:   4/30  step time:   0.30  scf time:     1.39 secs  RMS[dV]: 1.08e-02 ]


average potential <V> = -7.60e-16
Davidson converged in 2 steps

FERMI ENERGY =      0.90987513 eV
@@ EIGENVALUE SUM     =      -60.244254 Ry
@@ ION_ION            =     -272.916107 Ry
@@ ELECTROSTATIC      =     -284.317005 Ry
@@ VXC                =     -177.957440 Ry
@@ EXC                =     -136.964303 Ry
@@ TOTAL ENERGY       =     -576.484229 Ry
@@ estimated error    =        2.56e-01 Ry
Charge normalization constant -1.0: -8.881784e-16
Charge density mixing: Broyden


KOHN SHAM EIGENVALUES [eV] AT K-POINT [  0]:       0.000000      0.000000      0.000000

[kpt   0   5   0]   -19.0929 [2.000]   -18.1350 [2.000]   -18.1204 [2.000]   -18.1134 [2.000]   -18.1111 [2.000]
[kpt   0   5   1]   -18.1071 [2.000]   -18.0982 [2.000]   -16.7944 [2.000]   -16.7798 [2.000]   -16.7732 [2.000]
[kpt   0   5   2]   -16.7667 [2.000]   -16.7647 [2.000]   -16.7550 [2.000]   -16.7526 [2.000]   -16.7363 [2.000]
[kpt   0   5   3]   -16.7220 [2.000]    -9.5408 [2.000]    -7.1609 [2.000]    -7.1489 [2.000]    -7.1431 [2.000]
[kpt   0   5   4]    -7.1418 [2.000]    -7.1381 [2.000]    -7.1312 [2.000]    -5.3743 [2.000]    -5.3627 [2.000]
[kpt   0   5   5]    -5.3543 [2.000]    -4.7732 [2.000]    -4.7625 [2.000]    -4.7550 [2.000]    -4.7513 [2.000]
[kpt   0   5   6]    -4.7476 [2.000]    -4.7399 [2.000]    -2.3009 [2.000]    -2.2928 [2.000]    -2.2871 [2.000]
[kpt   0   5   7]    -2.2834 [2.000]    -2.2795 [2.000]    -2.2732 [2.000]    -2.0496 [2.000]    -2.0486 [2.000]
[kpt   0   5   8]    -1.8684 [2.000]    -1.8620 [2.000]    -1.8567 [2.000]    -1.8538 [2.000]    -1.8497 [2.000]
[kpt   0   5   9]    -1.8429 [2.000]    -1.4243 [2.000]    -1.4241 [2.000]    -1.4237 [2.000]    -0.7658 [2.000]
[kpt   0   5  10]    -0.7583 [2.000]    -0.7521 [2.000]    -0.7485 [2.000]    -0.7438 [2.000]    -0.7359 [2.000]
[kpt   0   5  11]     0.1222 [2.000]     0.1325 [2.000]     0.1391 [2.000]     0.1432 [2.000]     0.1486 [2.000]
[kpt   0   5  12]     0.1565 [2.000]     0.8899 [2.000]     0.8989 [2.000]     0.9099 [2.000]     6.8735 [0.000]
[kpt   0   5  13]     9.7621 [0.000]     9.7638 [0.000]     9.7640 [0.000]     9.7650 [0.000]     9.7663 [0.000]
[kpt   0   5  14]     9.7683 [0.000]    10.5245 [0.000]    10.5248 [0.000]    10.5389 [0.000]    13.0227 [0.000]
[kpt   0   5  15]    13.0238 [0.000]    13.0250 [0.000]    13.0257 [0.000]    13.0265 [0.000]



Total charge in supercell =     128.00000000
 quench: [md:   0/100  scf:   5/30  step time:   0.28  scf time:     1.67 secs  RMS[dV]: 1.21e-02 ]


average potential <V> = 1.33e-16
Davidson converged in 2 steps

FERMI ENERGY =      1.07543249 eV
@@ EIGENVALUE SUM     =      -58.695994 Ry
@@ ION_ION            =     -272.916107 Ry
@@ ELECTROSTATIC      =     -285.955359 Ry
@@ VXC                =     -178.374858 Ry
@@ EXC                =     -137.287988 Ry
@@ TOTAL ENERGY       =     -576.480589 Ry
@@ estimated error    =        1.56e-02 Ry
Charge normalization constant -1.0: 0.000000e+00
Charge density mixing: Broyden


KOHN SHAM EIGENVALUES [eV] AT K-POINT [  0]:       0.000000      0.000000      0.000000

[kpt   0   6   0]   -18.9272 [2.000]   -17.9460 [2.000]   -17.9443 [2.000]   -17.9434 [2.000]   -17.9431 [2.000]
[kpt   0   6   1]   -17.9417 [2.000]   -17.9388 [2.000]   -16.5931 [2.000]   -16.5913 [2.000]   -16.5905 [2.000]
[kpt   0   6   2]   -16.5896 [2.000]   -16.5879 [2.000]   -16.5857 [2.000]   -16.5612 [2.000]   -16.5582 [2.000]
[kpt   0   6   3]   -16.5541 [2.000]    -9.3846 [2.000]    -6.9770 [2.000]    -6.9757 [2.000]    -6.9751 [2.000]
[kpt   0   6   4]    -6.9746 [2.000]    -6.9737 [2.000]    -6.9717 [2.000]    -5.2002 [2.000]    -5.1987 [2.000]
[kpt   0   6   5]    -5.1967 [2.000]    -4.5755 [2.000]    -4.5740 [2.000]    -4.5733 [2.000]    -4.5726 [2.000]
[kpt   0   6   6]    -4.5711 [2.000]    -4.5692 [2.000]    -2.1494 [2.000]    -2.1479 [2.000]    -2.1470 [2.000]
[kpt   0   6   7]    -2.1465 [2.000]    -2.1454 [2.000]    -2.1445 [2.000]    -1.9043 [2.000]    -1.9039 [2.000]
[kpt   0   6   8]    -1.7155 [2.000]    -1.7143 [2.000]    -1.7135 [2.000]    -1.7130 [2.000]    -1.7116 [2.000]
[kpt   0   6   9]    -1.7097 [2.000]    -1.2586 [2.000]    -1.2585 [2.000]    -1.2581 [2.000]    -0.5981 [2.000]
[kpt   0   6  10]    -0.5967 [2.000]    -0.5959 [2.000]    -0.5950 [2.000]    -0.5935 [2.000]    -0.5914 [2.000]
[kpt   0   6  11]     0.3052 [2.000]     0.3071 [2.000]     0.3081 [2.000]     0.3088 [2.000]     0.3099 [2.000]
[kpt   0   6  12]     0.3112 [2.000]     1.0722 [2.000]     1.0743 [2.000]     1.0754 [2.000]     6.8249 [0.000]
[kpt   0   6  13]     9.7725 [0.000]     9.7736 [0.000]     9.7741 [0.000]     9.7742 [0.000]     9.7745 [0.000]
[kpt   0   6  14]     9.7752 [0.000]    10.5759 [0.000]    10.5774 [0.000]    10.5887 [0.000]    13.0658 [0.000]
[kpt   0   6  15]    13.0667 [0.000]    13.0675 [0.000]    13.0677 [0.000]    13.0713 [0.000]



Total charge in supercell =     128.00000000
 quench: [md:   0/100  scf:   6/30  step time:   0.26  scf time:     1.93 secs  RMS[dV]: 5.08e-03 ]


average potential <V> = 3.49e-16
Davidson converged in 3 steps

FERMI ENERGY =      1.10027950 eV
@@ EIGENVALUE SUM     =      -58.395797 Ry
@@ ION_ION            =     -272.916107 Ry
@@ ELECTROSTATIC      =     -286.272292 Ry
@@ VXC                =     -178.447405 Ry
@@ EXC                =     -137.343782 Ry
@@ TOTAL ENERGY       =     -576.480573 Ry
@@ estimated error    =        6.22e-04 Ry
Charge normalization constant -1.0: 1.554312e-15
Charge density mixing: Broyden


KOHN SHAM EIGENVALUES [eV] AT K-POINT [  0]:       0.000000      0.000000      0.000000

[kpt   0   7   0]   -18.8933 [2.000]   -17.9092 [2.000]   -17.9089 [2.000]   -17.9088 [2.000]   -17.9087 [2.000]
[kpt   0   7   1]   -17.9086 [2.000]   -17.9083 [2.000]   -16.5564 [2.000]   -16.5560 [2.000]   -16.5559 [2.000]
[kpt   0   7   2]   -16.5558 [2.000]   -16.5558 [2.000]   -16.5553 [2.000]   -16.5245 [2.000]   -16.5240 [2.000]
[kpt   0   7   3]   -16.5235 [2.000]    -9.3419 [2.000]    -6.9327 [2.000]    -6.9325 [2.000]    -6.9325 [2.000]
[kpt   0   7   4]    -6.9324 [2.000]    -6.9324 [2.000]    -6.9322 [2.000]    -5.1602 [2.000]    -5.1601 [2.000]
[kpt   0   7   5]    -5.1599 [2.000]    -4.5301 [2.000]    -4.5299 [2.000]    -4.5298 [2.000]    -4.5298 [2.000]
[kpt   0   7   6]    -4.5297 [2.000]    -4.5294 [2.000]    -2.1227 [2.000]    -2.1224 [2.000]    -2.1223 [2.000]
[kpt   0   7   7]    -2.1223 [2.000]    -2.1222 [2.000]    -2.1220 [2.000]    -1.8796 [2.000]    -1.8795 [2.000]
[kpt   0   7   8]    -1.6883 [2.000]    -1.6880 [2.000]    -1.6879 [2.000]    -1.6879 [2.000]    -1.6878 [2.000]
[kpt   0   7   9]    -1.6874 [2.000]    -1.2278 [2.000]    -1.2277 [2.000]    -1.2276 [2.000]    -0.5704 [2.000]
[kpt   0   7  10]    -0.5701 [2.000]    -0.5700 [2.000]    -0.5699 [2.000]    -0.5698 [2.000]    -0.5693 [2.000]
[kpt   0   7  11]     0.3350 [2.000]     0.3354 [2.000]     0.3355 [2.000]     0.3356 [2.000]     0.3357 [2.000]
[kpt   0   7  12]     0.3359 [2.000]     1.0998 [2.000]     1.1001 [2.000]     1.1003 [2.000]     6.7904 [0.000]
[kpt   0   7  13]     9.7614 [0.000]     9.7621 [0.000]     9.7622 [0.000]     9.7665 [0.000]     9.7668 [0.000]
[kpt   0   7  14]     9.7677 [0.000]    10.5854 [0.000]    10.5856 [0.000]    10.5863 [0.000]    13.0518 [0.000]
[kpt   0   7  15]    13.0518 [0.000]    13.0520 [0.000]    13.0520 [0.000]    13.0521 [0.000]



Total charge in supercell =     128.00000000
 quench: [md:   0/100  scf:   7/30  step time:   0.33  scf time:     2.26 secs  RMS[dV]: 1.00e-03 ]


average potential <V> = 4.30e-16
Davidson converged in 3 steps

FERMI ENERGY =      1.10034055 eV
@@ EIGENVALUE SUM     =      -58.371772 Ry
@@ ION_ION            =     -272.916107 Ry
@@ ELECTROSTATIC      =     -286.297562 Ry
@@ VXC                =     -178.452260 Ry
@@ EXC                =     -137.347404 Ry
@@ TOTAL ENERGY       =     -576.480585 Ry
@@ estimated error    =        5.78e-05 Ry
Charge normalization constant -1.0: 1.554312e-15
Charge density mixing: Broyden


KOHN SHAM EIGENVALUES [eV] AT K-POINT [  0]:       0.000000      0.000000      0.000000

[kpt   0   8   0]   -18.8901 [2.000]   -17.9060 [2.000]   -17.9059 [2.000]   -17.9059 [2.000]   -17.9058 [2.000]
[kpt   0   8   1]   -17.9058 [2.000]   -17.9055 [2.000]   -16.5539 [2.000]   -16.5538 [2.000]   -16.5538 [2.000]
[kpt   0   8   2]   -16.5537 [2.000]   -16.5536 [2.000]   -16.5534 [2.000]   -16.5221 [2.000]   -16.5218 [2.000]
[kpt   0   8   3]   -16.5217 [2.000]    -9.3354 [2.000]    -6.9272 [2.000]    -6.9271 [2.000]    -6.9270 [2.000]
[kpt   0   8   4]    -6.9270 [2.000]    -6.9269 [2.000]    -6.9267 [2.000]    -5.1557 [2.000]    -5.1555 [2.000]
[kpt   0   8   5]    -5.1555 [2.000]    -4.5252 [2.000]    -4.5252 [2.000]    -4.5251 [2.000]    -4.5250 [2.000]
[kpt   0   8   6]    -4.5250 [2.000]    -4.5247 [2.000]    -2.1207 [2.000]    -2.1207 [2.000]    -2.1206 [2.000]
[kpt   0   8   7]    -2.1206 [2.000]    -2.1205 [2.000]    -2.1204 [2.000]    -1.8781 [2.000]    -1.8781 [2.000]
[kpt   0   8   8]    -1.6862 [2.000]    -1.6861 [2.000]    -1.6861 [2.000]    -1.6860 [2.000]    -1.6860 [2.000]
[kpt   0   8   9]    -1.6859 [2.000]    -1.2256 [2.000]    -1.2256 [2.000]    -1.2256 [2.000]    -0.5691 [2.000]
[kpt   0   8  10]    -0.5690 [2.000]    -0.5690 [2.000]    -0.5689 [2.000]    -0.5688 [2.000]    -0.5687 [2.000]
[kpt   0   8  11]     0.3362 [2.000]     0.3363 [2.000]     0.3363 [2.000]     0.3364 [2.000]     0.3365 [2.000]
[kpt   0   8  12]     0.3366 [2.000]     1.1001 [2.000]     1.1002 [2.000]     1.1003 [2.000]     6.7884 [0.000]
[kpt   0   8  13]     9.7571 [0.000]     9.7574 [0.000]     9.7577 [0.000]     9.7583 [0.000]     9.7583 [0.000]
[kpt   0   8  14]     9.7585 [0.000]    10.5921 [0.000]    10.5922 [0.000]    10.5925 [0.000]    13.0509 [0.000]
[kpt   0   8  15]    13.0511 [0.000]    13.0511 [0.000]    13.0512 [0.000]    13.0512 [0.000]



Total charge in supercell =     128.00000000
 quench: [md:   0/100  scf:   8/30  step time:   0.29  scf time:     2.55 secs  RMS[dV]: 3.16e-04 ]


average potential <V> = -2.81e-16
Davidson converged in 3 steps

FERMI ENERGY =      1.10214441 eV
@@ EIGENVALUE SUM     =      -58.359682 Ry
@@ ION_ION            =     -272.916107 Ry
@@ ELECTROSTATIC      =     -286.310759 Ry
@@ VXC                =     -178.457310 Ry
@@ EXC                =     -137.351351 Ry
@@ TOTAL ENERGY       =     -576.480589 Ry
@@ estimated error    =        3.51e-06 Ry
Charge normalization constant -1.0: -8.881784e-16
Charge density mixing: Broyden


KOHN SHAM EIGENVALUES [eV] AT K-POINT [  0]:       0.000000      0.000000      0.000000

[kpt   0   9   0]   -18.8888 [2.000]   -17.9048 [2.000]   -17.9046 [2.000]   -17.9045 [2.000]   -17.9045 [2.000]
[kpt   0   9   1]   -17.9044 [2.000]   -17.9044 [2.000]   -16.5526 [2.000]   -16.5524 [2.000]   -16.5523 [2.000]
[kpt   0   9   2]   -16.5522 [2.000]   -16.5522 [2.000]   -16.5521 [2.000]   -16.5207 [2.000]   -16.5203 [2.000]
[kpt   0   9   3]   -16.5203 [2.000]    -9.3349 [2.000]    -6.9265 [2.000]    -6.9264 [2.000]    -6.9263 [2.000]
[kpt   0   9   4]    -6.9263 [2.000]    -6.9262 [2.000]    -6.9262 [2.000]    -5.1549 [2.000]    -5.1547 [2.000]
[kpt   0   9   5]    -5.1547 [2.000]    -4.5246 [2.000]    -4.5244 [2.000]    -4.5244 [2.000]    -4.5243 [2.000]
[kpt   0   9   6]    -4.5243 [2.000]    -4.5242 [2.000]    -2.1193 [2.000]    -2.1193 [2.000]    -2.1192 [2.000]
[kpt   0   9   7]    -2.1191 [2.000]    -2.1191 [2.000]    -2.1190 [2.000]    -1.8766 [2.000]    -1.8766 [2.000]
[kpt   0   9   8]    -1.6847 [2.000]    -1.6847 [2.000]    -1.6845 [2.000]    -1.6845 [2.000]    -1.6844 [2.000]
[kpt   0   9   9]    -1.6844 [2.000]    -1.2243 [2.000]    -1.2243 [2.000]    -1.2243 [2.000]    -0.5675 [2.000]
[kpt   0   9  10]    -0.5674 [2.000]    -0.5673 [2.000]    -0.5672 [2.000]    -0.5672 [2.000]    -0.5672 [2.000]
[kpt   0   9  11]     0.3379 [2.000]     0.3379 [2.000]     0.3380 [2.000]     0.3381 [2.000]     0.3382 [2.000]
[kpt   0   9  12]     0.3382 [2.000]     1.1020 [2.000]     1.1020 [2.000]     1.1021 [2.000]     6.7886 [0.000]
[kpt   0   9  13]     9.7570 [0.000]     9.7573 [0.000]     9.7575 [0.000]     9.7576 [0.000]     9.7579 [0.000]
[kpt   0   9  14]     9.7579 [0.000]    10.5928 [0.000]    10.5929 [0.000]    10.5930 [0.000]    13.0515 [0.000]
[kpt   0   9  15]    13.0517 [0.000]    13.0518 [0.000]    13.0518 [0.000]    13.0518 [0.000]



Total charge in supercell =     128.00000000
 quench: [md:   0/100  scf:   9/30  step time:   0.31  scf time:     2.86 secs  RMS[dV]: 1.04e-04 ]


average potential <V> = 2.62e-16
Davidson converged in 3 steps

FERMI ENERGY =      1.10208107 eV
@@ EIGENVALUE SUM     =      -58.360826 Ry
@@ ION_ION            =     -272.916107 Ry
@@ ELECTROSTATIC      =     -286.309634 Ry
@@ VXC                =     -178.457468 Ry
@@ EXC                =     -137.351492 Ry
@@ TOTAL ENERGY       =     -576.480590 Ry
@@ estimated error    =        1.57e-07 Ry
Charge normalization constant -1.0: 2.220446e-16
Charge density mixing: Broyden


KOHN SHAM EIGENVALUES [eV] AT K-POINT [  0]:       0.000000      0.000000      0.000000

[kpt   0  10   0]   -18.8890 [2.000]   -17.9048 [2.000]   -17.9047 [2.000]   -17.9047 [2.000]   -17.9047 [2.000]
[kpt   0  10   1]   -17.9047 [2.000]   -17.9046 [2.000]   -16.5525 [2.000]   -16.5525 [2.000]   -16.5524 [2.000]
[kpt   0  10   2]   -16.5524 [2.000]   -16.5524 [2.000]   -16.5523 [2.000]   -16.5206 [2.000]   -16.5206 [2.000]
[kpt   0  10   3]   -16.5205 [2.000]    -9.3352 [2.000]    -6.9267 [2.000]    -6.9267 [2.000]    -6.9267 [2.000]
[kpt   0  10   4]    -6.9266 [2.000]    -6.9266 [2.000]    -6.9266 [2.000]    -5.1551 [2.000]    -5.1550 [2.000]
[kpt   0  10   5]    -5.1550 [2.000]    -4.5248 [2.000]    -4.5247 [2.000]    -4.5247 [2.000]    -4.5247 [2.000]
[kpt   0  10   6]    -4.5246 [2.000]    -4.5246 [2.000]    -2.1192 [2.000]    -2.1192 [2.000]    -2.1192 [2.000]
[kpt   0  10   7]    -2.1192 [2.000]    -2.1191 [2.000]    -2.1191 [2.000]    -1.8766 [2.000]    -1.8766 [2.000]
[kpt   0  10   8]    -1.6846 [2.000]    -1.6846 [2.000]    -1.6846 [2.000]    -1.6845 [2.000]    -1.6845 [2.000]
[kpt   0  10   9]    -1.6845 [2.000]    -1.2244 [2.000]    -1.2244 [2.000]    -1.2244 [2.000]    -0.5674 [2.000]
[kpt   0  10  10]    -0.5673 [2.000]    -0.5673 [2.000]    -0.5673 [2.000]    -0.5672 [2.000]    -0.5672 [2.000]
[kpt   0  10  11]     0.3380 [2.000]     0.3380 [2.000]     0.3380 [2.000]     0.3381 [2.000]     0.3381 [2.000]
[kpt   0  10  12]     0.3381 [2.000]     1.1020 [2.000]     1.1021 [2.000]     1.1021 [2.000]     6.7887 [0.000]
[kpt   0  10  13]     9.7569 [0.000]     9.7571 [0.000]     9.7573 [0.000]     9.7573 [0.000]     9.7575 [0.000]
[kpt   0  10  14]     9.7575 [0.000]    10.5927 [0.000]    10.5927 [0.000]    10.5928 [0.000]    13.0514 [0.000]
[kpt   0  10  15]    13.0518 [0.000]    13.0518 [0.000]    13.0518 [0.000]    13.0518 [0.000]



Total charge in supercell =     128.00000000
 quench: [md:   0/100  scf:  10/30  step time:   0.31  scf time:     3.17 secs  RMS[dV]: 2.09e-05 ]


average potential <V> = -6.37e-16
Davidson converged in 4 steps

FERMI ENERGY =      1.10203023 eV
@@ EIGENVALUE SUM     =      -58.360849 Ry
@@ ION_ION            =     -272.916107 Ry
@@ ELECTROSTATIC      =     -286.309613 Ry
@@ VXC                =     -178.457492 Ry
@@ EXC                =     -137.351514 Ry
@@ TOTAL ENERGY       =     -576.480591 Ry
@@ estimated error    =        1.34e-08 Ry
Charge normalization constant -1.0: 2.220446e-15
Charge density mixing: Broyden


KOHN SHAM EIGENVALUES [eV] AT K-POINT [  0]:       0.000000      0.000000      0.000000

[kpt   0  11   0]   -18.8890 [2.000]   -17.9047 [2.000]   -17.9047 [2.000]   -17.9047 [2.000]   -17.9047 [2.000]
[kpt   0  11   1]   -17.9047 [2.000]   -17.9047 [2.000]   -16.5524 [2.000]   -16.5524 [2.000]   -16.5524 [2.000]
[kpt   0  11   2]   -16.5524 [2.000]   -16.5524 [2.000]   -16.5524 [2.000]   -16.5206 [2.000]   -16.5206 [2.000]
[kpt   0  11   3]   -16.5206 [2.000]    -9.3352 [2.000]    -6.9266 [2.000]    -6.9266 [2.000]    -6.9266 [2.000]
[kpt   0  11   4]    -6.9266 [2.000]    -6.9266 [2.000]    -6.9266 [2.000]    -5.1550 [2.000]    -5.1550 [2.000]
[kpt   0  11   5]    -5.1550 [2.000]    -4.5247 [2.000]    -4.5247 [2.000]    -4.5247 [2.000]    -4.5247 [2.000]
[kpt   0  11   6]    -4.5247 [2.000]    -4.5247 [2.000]    -2.1192 [2.000]    -2.1192 [2.000]    -2.1192 [2.000]
[kpt   0  11   7]    -2.1192 [2.000]    -2.1192 [2.000]    -2.1192 [2.000]    -1.8766 [2.000]    -1.8766 [2.000]
[kpt   0  11   8]    -1.6845 [2.000]    -1.6845 [2.000]    -1.6845 [2.000]    -1.6845 [2.000]    -1.6845 [2.000]
[kpt   0  11   9]    -1.6845 [2.000]    -1.2244 [2.000]    -1.2244 [2.000]    -1.2244 [2.000]    -0.5673 [2.000]
[kpt   0  11  10]    -0.5673 [2.000]    -0.5673 [2.000]    -0.5673 [2.000]    -0.5673 [2.000]    -0.5673 [2.000]
[kpt   0  11  11]     0.3380 [2.000]     0.3380 [2.000]     0.3380 [2.000]     0.3380 [2.000]     0.3380 [2.000]
[kpt   0  11  12]     0.3380 [2.000]     1.1020 [2.000]     1.1020 [2.000]     1.1020 [2.000]     6.7886 [0.000]
[kpt   0  11  13]     9.7568 [0.000]     9.7569 [0.000]     9.7570 [0.000]     9.7571 [0.000]     9.7572 [0.000]
[kpt   0  11  14]     9.7572 [0.000]    10.5927 [0.000]    10.5927 [0.000]    10.5928 [0.000]    13.0514 [0.000]
[kpt   0  11  15]    13.0517 [0.000]    13.0518 [0.000]    13.0518 [0.000]    13.0518 [0.000]



Total charge in supercell =     128.00000000
 quench: [md:   0/100  scf:  11/30  step time:   0.34  scf time:     3.51 secs  RMS[dV]: 6.20e-06 ]


average potential <V> = -5.95e-16
Davidson converged in 3 steps

FERMI ENERGY =      1.10200484 eV
@@ EIGENVALUE SUM     =      -58.361082 Ry
@@ ION_ION            =     -272.916107 Ry
@@ ELECTROSTATIC      =     -286.309369 Ry
@@ VXC                =     -178.457464 Ry
@@ EXC                =     -137.351497 Ry
@@ TOTAL ENERGY       =     -576.480591 Ry
@@ estimated error    =        1.52e-09 Ry
Charge normalization constant -1.0: -1.332268e-15
Charge density mixing: Broyden


KOHN SHAM EIGENVALUES [eV] AT K-POINT [  0]:       0.000000      0.000000      0.000000

[kpt   0  12   0]   -18.8890 [2.000]   -17.9047 [2.000]   -17.9047 [2.000]   -17.9047 [2.000]   -17.9047 [2.000]
[kpt   0  12   1]   -17.9047 [2.000]   -17.9047 [2.000]   -16.5524 [2.000]   -16.5524 [2.000]   -16.5524 [2.000]
[kpt   0  12   2]   -16.5524 [2.000]   -16.5524 [2.000]   -16.5524 [2.000]   -16.5206 [2.000]   -16.5206 [2.000]
[kpt   0  12   3]   -16.5206 [2.000]    -9.3352 [2.000]    -6.9267 [2.000]    -6.9267 [2.000]    -6.9267 [2.000]
[kpt   0  12   4]    -6.9267 [2.000]    -6.9267 [2.000]    -6.9267 [2.000]    -5.1550 [2.000]    -5.1550 [2.000]
[kpt   0  12   5]    -5.1550 [2.000]    -4.5247 [2.000]    -4.5247 [2.000]    -4.5247 [2.000]    -4.5247 [2.000]
[kpt   0  12   6]    -4.5247 [2.000]    -4.5247 [2.000]    -2.1192 [2.000]    -2.1192 [2.000]    -2.1192 [2.000]
[kpt   0  12   7]    -2.1192 [2.000]    -2.1192 [2.000]    -2.1192 [2.000]    -1.8767 [2.000]    -1.8767 [2.000]
[kpt   0  12   8]    -1.6846 [2.000]    -1.6846 [2.000]    -1.6846 [2.000]    -1.6846 [2.000]    -1.6846 [2.000]
[kpt   0  12   9]    -1.6846 [2.000]    -1.2244 [2.000]    -1.2244 [2.000]    -1.2244 [2.000]    -0.5673 [2.000]
[kpt   0  12  10]    -0.5673 [2.000]    -0.5673 [2.000]    -0.5673 [2.000]    -0.5673 [2.000]    -0.5673 [2.000]
[kpt   0  12  11]     0.3380 [2.000]     0.3380 [2.000]     0.3380 [2.000]     0.3380 [2.000]     0.3380 [2.000]
[kpt   0  12  12]     0.3380 [2.000]     1.1020 [2.000]     1.1020 [2.000]     1.1020 [2.000]     6.7886 [0.000]
[kpt   0  12  13]     9.7567 [0.000]     9.7568 [0.000]     9.7569 [0.000]     9.7569 [0.000]     9.7570 [0.000]
[kpt   0  12  14]     9.7571 [0.000]    10.5927 [0.000]    10.5927 [0.000]    10.5927 [0.000]    13.0513 [0.000]
[kpt   0  12  15]    13.0517 [0.000]    13.0517 [0.000]    13.0517 [0.000]    13.0517 [0.000]



Total charge in supercell =     128.00000000
 quench: [md:   0/100  scf:  12/30  step time:   0.32  scf time:     3.83 secs  RMS[dV]: 3.47e-06 ]



 Convergence criterion reached: Energy variation (8.29e-11) is lower than threshold (1.00e-10)

potential convergence has been achieved. stopping ...

[   0  13   13        5 ] Quench.cpp: 
@@ TOTAL ENEGY Components 
@@ ION_ION            =     -272.916107 Ry
@@ ELECTROSTATIC      =      286.309369 Ry
@@ EXC                =     -137.351510 Ry
@@ vdw correction     =        0.000000 Ry
@@ LdaU correction    =        0.000000 Ry
@@ total              =        0.000000 Ry
final total energy from eig sum =    -576.48059102 Ry


KOHN SHAM EIGENVALUES [eV] AT K-POINT [  0]:       0.000000      0.000000      0.000000

[kpt   0  13   0]   -18.8890 [2.000]   -17.9047 [2.000]   -17.9047 [2.000]   -17.9047 [2.000]   -17.9047 [2.000]
[kpt   0  13   1]   -17.9047 [2.000]   -17.9047 [2.000]   -16.5524 [2.000]   -16.5524 [2.000]   -16.5524 [2.000]
[kpt   0  13   2]   -16.5524 [2.000]   -16.5524 [2.000]   -16.5524 [2.000]   -16.5206 [2.000]   -16.5206 [2.000]
[kpt   0  13   3]   -16.5206 [2.000]    -9.3352 [2.000]    -6.9267 [2.000]    -6.9267 [2.000]    -6.9267 [2.000]
[kpt   0  13   4]    -6.9267 [2.000]    -6.9267 [2.000]    -6.9267 [2.000]    -5.1550 [2.000]    -5.1550 [2.000]
[kpt   0  13   5]    -5.1550 [2.000]    -4.5247 [2.000]    -4.5247 [2.000]    -4.5247 [2.000]    -4.5247 [2.000]
[kpt   0  13   6]    -4.5247 [2.000]    -4.5247 [2.000]    -2.1192 [2.000]    -2.1192 [2.000]    -2.1192 [2.000]
[kpt   0  13   7]    -2.1192 [2.000]    -2.1192 [2.000]    -2.1192 [2.000]    -1.8767 [2.000]    -1.8767 [2.000]
[kpt   0  13   8]    -1.6846 [2.000]    -1.6846 [2.000]    -1.6846 [2.000]    -1.6846 [2.000]    -1.6846 [2.000]
[kpt   0  13   9]    -1.6846 [2.000]    -1.2244 [2.000]    -1.2244 [2.000]    -1.2244 [2.000]    -0.5673 [2.000]
[kpt   0  13  10]    -0.5673 [2.000]    -0.5673 [2.000]    -0.5673 [2.000]    -0.5673 [2.000]    -0.5673 [2.000]
[kpt   0  13  11]     0.3380 [2.000]     0.3380 [2.000]     0.3380 [2.000]     0.3380 [2.000]     0.3380 [2.000]
[kpt   0  13  12]     0.3380 [2.000]     1.1020 [2.000]     1.1020 [2.000]     1.1020 [2.000]     6.7886 [0.000]
[kpt   0  13  13]     9.7567 [0.000]     9.7568 [0.000]     9.7569 [0.000]     9.7569 [0.000]     9.7570 [0.000]
[kpt   0  13  14]     9.7571 [0.000]    10.5927 [0.000]    10.5927 [0.000]    10.5927 [0.000]    13.0513 [0.000]
[kpt   0  13  15]    13.0517 [0.000]    13.0517 [0.000]    13.0517 [0.000]    13.0517 [0.000]



Total charge in supercell =     128.00000000
 volume and energy per atom =        15.03933867       -326.80906289 eV

 Vdd took 0.000206 seconds
WriteRestart: Output file given as /dev/null, no restart data written ...



  IONIC POSITIONS [a0] AND FORCES [Ry/a0]
  Charge analysis using: Voronoi Deformation Density

@ION  Ion  Species       X           Y           Z       Charge       FX          FY         FZ      Movable
@ION    1    Si      0.0000000   0.0000000   0.0000000    0.437   -0.0000002  -0.0000001   0.0000000  1 1 1
@ION    2    Si      3.3637125   3.3637125   3.3637125    0.437    0.0000001   0.0000001   0.0000000  1 1 1
@ION    3    Si     10.0911375   3.3637125  10.0911375    0.437   -0.0000000   0.0000001   0.0000001  1 1 1
@ION    4    Si      3.3637125  10.0911375  10.0911375    0.437    0.0000001  -0.0000000   0.0000000  1 1 1
@ION    5    Si     10.0911375  10.0911375   3.3637125    0.437   -0.0000001  -0.0000000  -0.0000000  1 1 1
@ION    6    Si      0.0000000   6.7274250   6.7274250    0.437   -0.0000001   0.0000000  -0.0000000  1 1 1
@ION    7    Si      6.7274250   0.0000000   6.7274250    0.437    0.0000001  -0.0000001  -0.0000001  1 1 1
@ION    8    Si      6.7274250   6.7274250   0.0000000    0.437    0.0000001   0.0000000   0.0000000  1 1 1
@ION    9     O      1.6818563   1.6818563   1.6818563   -0.212    0.0000000   0.0000001   0.0000001  1 1 1
@ION   10     O     11.7729938   1.6818563  11.7729938   -0.213    0.0000000   0.0000000   0.0000001  1 1 1
@ION   11     O      1.6818563  11.7729938  11.7729938   -0.217   -0.0000001  -0.0000001   0.0000001  1 1 1
@ION   12     O     11.7729938  11.7729938   1.6818563   -0.220   -0.0000001  -0.0000001   0.0000000  1 1 1
@ION   13     O      1.6818563   8.4092813   8.4092813   -0.214   -0.0000000   0.0000001   0.0000000  1 1 1
@ION   14     O      8.4092813   1.6818563   8.4092813   -0.214    0.0000002   0.0000000   0.0000001  1 1 1
@ION   15     O      8.4092813   8.4092813   1.6818563   -0.215    0.0000000   0.0000000  -0.0000001  1 1 1
@ION   16     O     11.7729938   8.4092813   5.0455688   -0.217   -0.0000004   0.0000003  -0.0000000  1 1 1
@ION   17     O      5.0455688   1.6818563   5.0455688   -0.214    0.0000001  -0.0000000  -0.0000000  1 1 1
@ION   18     O      5.0455688   8.4092813  11.7729938   -0.217    0.0000003   0.0000000   0.0000001  1 1 1
@ION   19     O      1.6818563   5.0455688   5.0455688   -0.221    0.0000000   0.0000001  -0.0000001  1 1 1
@ION   20     O      8.4092813  11.7729938   5.0455688   -0.224    0.0000002  -0.0000003   0.0000000  1 1 1
@ION   21     O      8.4092813   5.0455688  11.7729938   -0.221    0.0000001   0.0000001   0.0000000  1 1 1
@ION   22     O     11.7729938   5.0455688   8.4092813   -0.227   -0.0000002   0.0000001   0.0000000  1 1 1
@ION   23     O      5.0455688  11.7729938   8.4092813   -0.227    0.0000001  -0.0000001  -0.0000001  1 1 1
@ION   24     O      5.0455688   5.0455688   1.6818563   -0.227    0.0000002   0.0000002  -0.0000001  1 1 1

 mean FX      =   0.00000012 Ry/a0
 mean FY      =   0.00000010 Ry/a0
 mean FZ      =   0.00000006 Ry/a0

 max FX       =   0.00000041 Ry/a0   (ion 16)
 max FY       =   0.00000031 Ry/a0   (ion 16)
 max FZ       =   0.00000015 Ry/a0   (ion 18)
 max F[x,y,z] =   0.00000041 Ry/a0
 max |F|      =   0.00000051 Ry/a0   (ion 16)

 sum FX       =   0.00000048 Ry/a0
 sum FY       =   0.00000062 Ry/a0
 sum FZ       =   0.00000022 Ry/a0
 Average      =   0.00000044 Ry/a0
 sqrt < F^2 > =   0.00000012 Ry/a0

WriteRestart: Output file given as /dev/null, no restart data written ...


--------TIMING INFORMATION FOR Processor owned the most atoms----------------
                                        Total time               Per SCF/step

1-TOTAL                                             5.38                0.41
-----------------------------------------------------------------------------
  1-TOTAL: Init                                     1.10                0.08
  1-TOTAL: run                                      4.27                0.33
  ---------------------------------------------------------------------------
    1-TOTAL: run: Force                             0.43                0.03
    1-TOTAL: run: Scf steps                         3.74                0.29

2-Force                                             0.43                0.03
-----------------------------------------------------------------------------
  2-Force: core correction                          0.00                0.00
  2-Force: corrections                              0.10                0.01
  2-Force: ion-ion                                  0.06                0.00
  2-Force: local                                    0.10                0.01
  2-Force: non-local                                0.15                0.01
  2-Force: non-local-betaxpsi                       0.02                0.00
  2-Force: non-local-get gamma                      0.00                0.00
  2-Force: non-local-nlforce_par_Q                  0.01                0.00
  2-Force: non-local-nlforce_par_gamma              0.00                0.00
  2-Force: non-local-nlforce_par_omega              0.00                0.00
  2-Force: non-local-partial gamma                  0.00                0.00
  2-Force: non-local-veff grad                      0.01                0.00

2-Init                                              1.10                0.08
-----------------------------------------------------------------------------
  2-Init: GetNewRho                                 0.03                0.00
  2-Init: KpointClass                               0.43                0.03
  2-Init: LcaoGetPsi                                0.04                0.00
  2-Init: LcaoGetRho                                0.08                0.01
  2-Init: ReinitIonicPotentials                     0.12                0.01
  2-Init: betaxpsi                                  0.01                0.00
  2-Init: exchange/correlation                      0.03                0.00
  2-Init: hartree                                   0.02                0.00
  2-Init: normalization                             0.00                0.00
  2-Init: radial potentials                         0.23                0.02
  2-Init: subdiag                                   0.04                0.00
  2-Init: weights                                   0.00                0.00

2-Scf steps                                         3.74                0.29
-----------------------------------------------------------------------------
  2-Scf steps: Davidson                             2.03                0.16
  2-Scf steps: GetNewRho                            0.35                0.03
  2-Scf steps: Hartree                              0.29                0.02
  2-Scf steps: MgridSubspace                        0.66                0.05
  2-Scf steps: MixRho                               0.02                0.00
  2-Scf steps: exchange/correlation                 0.27                0.02

3-MgridSubspace                                     0.66                0.05
-----------------------------------------------------------------------------
  3-MgridSubspace: AppNls                           0.06                0.00
  3-MgridSubspace: Beta x psi                       0.08                0.01
  3-MgridSubspace: Diagonalization                  0.13                0.01
  3-MgridSubspace: Mg_eig                           0.39                0.03

3-ReinitIonicPotentials                             0.12                0.01
-----------------------------------------------------------------------------
  3-ReinitIonicPotentials: GetNlop                  0.00                0.00
  3-ReinitIonicPotentials: GetWeight                0.07                0.01
  3-ReinitIonicPotentials: get_QI                   0.00                0.00
  3-ReinitIonicPotentials: get_qqq                  0.00                0.00
  3-ReinitIonicPotentials: init_nuc                 0.04                0.00

4-Diagonalization                                   0.17                0.01
-----------------------------------------------------------------------------
  4-Diagonalization: ELPA/PDSYGVX/PZHEGVX           0.02                0.00
  4-Diagonalization: Hpsi                           0.09                0.01
  4-Diagonalization: MPI_Bcast                      0.00                0.00
  4-Diagonalization: Update orbitals                0.03                0.00
  ---------------------------------------------------------------------------
    4-Diagonalization: Update orbitals: gather           0.00                0.00
    4-Diagonalization: Update orbitals: gemm           0.02                0.00
  4-Diagonalization: matrix                         0.02                0.00
  ---------------------------------------------------------------------------
    4-Diagonalization: matrix: Allreduce            0.00                0.00
    4-Diagonalization: matrix: Gemm                 0.02                0.00

5-Functional                                        0.29                0.02
-----------------------------------------------------------------------------
  5-Functional: apply gradient                      0.03                0.00
  5-Functional: apply laplacian                     0.01                0.00
  5-Functional: libxc                               0.12                0.01
  5-Functional: vxc                                 0.29                0.02
  5-Functional: vxc grad                            0.16                0.01
  5-Functional: vxc local                           0.04                0.00
  5-Functional: vxc nonlocal                        0.00                0.00

6-Davidson                                          2.03                0.16
-----------------------------------------------------------------------------
  6-Davidson: Betaxpsi                              0.25                0.02
  6-Davidson: apply hamiltonian                     0.45                0.03
  6-Davidson: diagonalization                       0.24                0.02
  6-Davidson: generate residuals                    0.17                0.01
  6-Davidson: matrix setup/reduce                   0.28                0.02
  6-Davidson: normalization                         0.01                0.00
  6-Davidson: precondition                          0.48                0.04
  6-Davidson: rotate orbitals                       0.09                0.01

AppNls                                              0.30                0.02
-----------------------------------------------------------------------------
  AppNls: data_rearrange                            0.00                0.00
  ---------------------------------------------------------------------------
    AppNls: data_rearrange: alloc and zeros           0.00                0.00
    AppNls: data_rearrange: dnm                     0.00                0.00
    AppNls: data_rearrange: sint                    0.00                0.00
  AppNls: nv                                        0.26                0.02
  AppNls: nv_work                                   0.00                0.00

App_gradient                                        0.03                0.00

CPUFD                                               0.00                0.00

Compute Hpsi                                        0.09                0.01
-----------------------------------------------------------------------------
  Compute Hpsi: AppNls                              0.04                0.00
  Compute Hpsi: Threaded Apply H                    0.05                0.00

GlobalSums                                          0.14                0.01

Init                                                0.67                0.05

Init Voronoi                                        0.09                0.01

Mix rho                                             0.02                0.00
-----------------------------------------------------------------------------
  Mix rho: Broyden                                  0.02                0.00
  Mix rho: Linear                                   0.00                0.00

Orbital                                             0.00                0.00
-----------------------------------------------------------------------------
  Orbital: phase and set                            0.00                0.00
  Orbital: proj cal                                 0.00                0.00
  Trade images: trade_images                        0.00                0.00
  Trade images: trade_imagesx                       0.03                0.00

VhPfft                                              0.15                0.01

Weight                                              0.00                0.00

radial beta                                         0.18                0.01


------------------------- TIMING INFORMATION FOR THREADS  -------------------

                                           Min            Max            Avg
CPUFD                                      0.12           0.12           0.12
-----------------------------------------------------------------------------

GlobalSums                                 0.07           0.07           0.07
-----------------------------------------------------------------------------

Mg_eig                                     0.38           0.38           0.38
-----------------------------------------------------------------------------
  Mg_eig: apply hamiltonian                0.19           0.19           0.19
  Mg_eig: mgrid_solv                       0.10           0.10           0.10
  Trade images: trade_images               0.37           0.37           0.37
  Trade images: trade_imagesx              0.46           0.46           0.46
