RMG initialization ... 1 image(s) total, 1 per node. 32 MPI processes/image. Thread level 2.
FFT-FD  0.000000e+00   7.854678e-01   7.854051e-01   6.270411e-05
FFT-FD  1.000000e+00   7.854678e-01   7.854051e-01   6.270411e-05
IP=0 M = 0.000000e+00  -inf  6.270411e-05
FFT-FD  0.000000e+00   2.257193e+00   2.256869e+00   3.239398e-04
FFT-FD  1.000000e+00   2.257193e+00   2.256869e+00   3.239398e-04
IP=1 M = 0.000000e+00  -inf  3.239398e-04
FFT-FD  0.000000e+00   2.257193e+00   2.256869e+00   3.239398e-04
FFT-FD  1.000000e+00   2.257193e+00   2.256869e+00   3.239398e-04
IP=2 M = 0.000000e+00  -inf  3.239398e-04
FFT-FD  0.000000e+00   2.257193e+00   2.256869e+00   3.239398e-04
FFT-FD  1.000000e+00   2.257193e+00   2.256869e+00   3.239398e-04
IP=3 M = 0.000000e+00  -inf  3.239398e-04
FFT-FD  0.000000e+00   2.678435e-01   2.678432e-01   2.262561e-07
FFT-FD  1.000000e+00   2.678435e-01   2.678432e-01   2.262561e-07
IP=0 M = 0.000000e+00  -inf  2.262561e-07
FFT-FD  0.000000e+00   3.882435e-01   3.882435e-01   4.802435e-09
FFT-FD  1.000000e+00   3.882435e-01   3.882435e-01   4.802435e-09
IP=1 M = 0.000000e+00  -inf  4.802435e-09
FFT-FD  0.000000e+00   3.882435e-01   3.882435e-01   4.802434e-09
FFT-FD  1.000000e+00   3.882435e-01   3.882435e-01   4.802434e-09
IP=2 M = 0.000000e+00  -inf  4.802434e-09
FFT-FD  0.000000e+00   3.882435e-01   3.882435e-01   4.802435e-09
FFT-FD  1.000000e+00   3.882435e-01   3.882435e-01   4.802435e-09
IP=3 M = 0.000000e+00  -inf  4.802435e-09
NEWCFAC = 0.000000  0.000000


                     * * * * * * * * * *
                     *    R   M   G    *
                     * * * * * * * * * *

     -- A Real Space Multigrid Electronic structure code --
     --      More information at www.rmgdft.org          --

Code Revision:     v5.1.0_53_g887bfc3b
Build Date:        May 15 2023  14:30:00
Start time:        Wed May 17 14:03:17 2023

NOTICE: RMG internal pseudopotentials have switched to
ONCVP from Ultrasoft. You can revert to Ultrasoft by
adding the input tag internal_pseudo_type="ultrasoft" to
your input files.


Files
   Control input file:        input3
   Data output file:          /dev/null

Run Setup
    Calculation type:         Quench electrons - Fixed ions SCF calculation
    Description:              SiO2
    Orbital Initialization:   LCAO (96 LCAO and 0 random orbitals)
    Exchange Correlation:     pbe
    Spin Polarization:        OFF
    System charge:            Neutral

Processor Topology
   Total PEs:                 32
   X direction:               4
   Y direction:               4
   Z direction:               2
   MG Threads/PE:             1
   OMP Threads/PE:            1

Grid Points  (Linear Anisotropy: 1.000)
    X:  Total: 48   Per PE: 12   Spacing:0.280 a0  
    Y:  Total: 48   Per PE: 12   Spacing:0.280 a0  
    Z:  Total: 48   Per PE: 24   Spacing:0.280 a0  

    Equivalent energy cutoffs (psi,rho):   125.610    502.440 Ry

    Charge density grid:         2 times finer

Coordinate planes
  Planar Anisotropy: 1.000
  A0-A1 density:    12.727
  A0-A2 density:    12.727
  A1-A2 density:    12.727


Lattice (Cell) Setup
    Type:                       Orthorhombic_primitive
    Volume (a0^3):               2435.77
    Boundary conditions:        Periodic

    X Basis Vector:      13.455       0.000       0.000 a0
    Y Basis Vector:       0.000      13.455       0.000 a0
    Z Basis Vector:       0.000       0.000      13.455 a0
    X Reci Vector:       0.074      -0.000       0.000 a0
    Y Reci Vector:       0.000       0.074       0.000 a0
    Z Reci Vector:       0.000      -0.000       0.074 a0

K-points
    Gamma Point Only (real orbitals)

Atoms and States
    Number of ions:                          24
    Number of species:                       2
    Number of states:                        79

Run Parameters
    SCF Convergence criterion (potential):   1.00e-10
    SCF Convergence criterion (energy):      1.00e-10
    Max SCF steps:                           30

SCF Cycle Settings
    Charge density mixing:                   Broyden
    Hartree Solver:                          PFFT
    Interpolation type:                      FFT

Finite Difference parameters
    Kohn Sham FD Order:                      10  
    Force Gradient Order:                    FFT
    Adaptive Finite Differencing:            Off

Subspace Diagonalization Options
    Frequency:                               every 1 SCF step(s)
    Driver:                                  ScaLapack
    Initial diagonalization:                 ON
    Folded spectrum:                         OFF

Filtering Cutoff  Parameters
    Wavefunction grid (cparm):               0.800
    Charge density grid (rhocparm):          1.000
    Filter factor:                           1.000

Multigrid (MG) Parameters
    Psi MG levels:                           3
    Psi global step:                         0.660 
    Psi pre:                                 2
    Psi post:                                2

Davidson Parameters
    Davidson multiplier:                     4
    Davidson max step:                       8
    Davidson unocc tol factor:               1000.000

Blas Libraries
    CPU support with openblas-parallel.


Atomic Species Information
(PP = Pseudopotential, US = Ultrasoft, NC = Norm Conserving)
-------------------------------------------------------------------------
|Index|Symbol| Mass|Valence| PP |  Comp  |Local| Local|Nlocal|    PP    |
|     |      |     |       |Type|Gaussian|  l  |Radius|Radius|Functional|
-------------------------------------------------------------------------
|    1|     O| 15.0|   6.00|  NC|    0.50|   -1| 10.00|  7.00|       PBE|
|    2|    Si| 28.0|   4.00|  NC|    0.50|   -1| 10.00|  7.00|       PBE|
-------------------------------------------------------------------------

Pseudopotential generation information:
   O pseudopotential file: ./@Internal
      Generation info     : Generated using ONCVPSP code by D. R. Hamann
      Author info         : anonymous
  Si pseudopotential file: ./@Internal
      Generation info     : Generated using ONCVPSP code by D. R. Hamann
      Author info         : anonymous


Memory usage (Mbytes):     Min        Max       Total
    wave functions          8.74       8.74     279.61
    beta-functions          5.31       5.31     169.90



Initial Ionic Positions And Displacements (Bohr)
Species      X           Y           Z           dX          dY          dZ
  Si       0.0000      0.0000      0.0000      0.0000      0.0000      0.0000
  Si       3.3637      3.3637      3.3637      0.0000      0.0000      0.0000
  Si      10.0911      3.3637     10.0911      0.0000      0.0000      0.0000
  Si       3.3637     10.0911     10.0911      0.0000      0.0000      0.0000
  Si      10.0911     10.0911      3.3637      0.0000      0.0000      0.0000
  Si       0.0000      6.7274      6.7274      0.0000      0.0000      0.0000
  Si       6.7274      0.0000      6.7274      0.0000      0.0000      0.0000
  Si       6.7274      6.7274      0.0000      0.0000      0.0000      0.0000
  O        1.6819      1.6819      1.6819      0.0000      0.0000      0.0000
  O       11.7730      1.6819     11.7730      0.0000      0.0000      0.0000
  O        1.6819     11.7730     11.7730      0.0000      0.0000      0.0000
  O       11.7730     11.7730      1.6819      0.0000      0.0000      0.0000
  O        1.6819      8.4093      8.4093      0.0000      0.0000      0.0000
  O        8.4093      1.6819      8.4093      0.0000      0.0000      0.0000
  O        8.4093      8.4093      1.6819      0.0000      0.0000      0.0000
  O       11.7730      8.4093      5.0456      0.0000      0.0000      0.0000
  O        5.0456      1.6819      5.0456      0.0000      0.0000      0.0000
  O        5.0456      8.4093     11.7730      0.0000      0.0000      0.0000
  O        1.6819      5.0456      5.0456      0.0000      0.0000      0.0000
  O        8.4093     11.7730      5.0456      0.0000      0.0000      0.0000
  O        8.4093      5.0456     11.7730      0.0000      0.0000      0.0000
  O       11.7730      5.0456      8.4093      0.0000      0.0000      0.0000
  O        5.0456     11.7730      8.4093      0.0000      0.0000      0.0000
  O        5.0456      5.0456      1.6819      0.0000      0.0000      0.0000


Initial Ionic Positions And Displacements (Angstrom)
Species      X           Y           Z           dX          dY          dZ
  Si       0.0000      0.0000      0.0000      0.0000      0.0000      0.0000
  Si       1.7800      1.7800      1.7800      0.0000      0.0000      0.0000
  Si       5.3400      1.7800      5.3400      0.0000      0.0000      0.0000
  Si       1.7800      5.3400      5.3400      0.0000      0.0000      0.0000
  Si       5.3400      5.3400      1.7800      0.0000      0.0000      0.0000
  Si       0.0000      3.5600      3.5600      0.0000      0.0000      0.0000
  Si       3.5600      0.0000      3.5600      0.0000      0.0000      0.0000
  Si       3.5600      3.5600      0.0000      0.0000      0.0000      0.0000
  O        0.8900      0.8900      0.8900      0.0000      0.0000      0.0000
  O        6.2300      0.8900      6.2300      0.0000      0.0000      0.0000
  O        0.8900      6.2300      6.2300      0.0000      0.0000      0.0000
  O        6.2300      6.2300      0.8900      0.0000      0.0000      0.0000
  O        0.8900      4.4500      4.4500      0.0000      0.0000      0.0000
  O        4.4500      0.8900      4.4500      0.0000      0.0000      0.0000
  O        4.4500      4.4500      0.8900      0.0000      0.0000      0.0000
  O        6.2300      4.4500      2.6700      0.0000      0.0000      0.0000
  O        2.6700      0.8900      2.6700      0.0000      0.0000      0.0000
  O        2.6700      4.4500      6.2300      0.0000      0.0000      0.0000
  O        0.8900      2.6700      2.6700      0.0000      0.0000      0.0000
  O        4.4500      6.2300      2.6700      0.0000      0.0000      0.0000
  O        4.4500      2.6700      6.2300      0.0000      0.0000      0.0000
  O        6.2300      2.6700      4.4500      0.0000      0.0000      0.0000
  O        2.6700      6.2300      4.4500      0.0000      0.0000      0.0000
  O        2.6700      2.6700      0.8900      0.0000      0.0000      0.0000

Diagonalization using scalapack for step=0  count=0



KOHN SHAM EIGENVALUES [eV] AT K-POINT [  0]:       0.000000      0.000000      0.000000

[kpt   0  -1   0]   -22.2086 [2.000]   -21.3871 [2.000]   -21.3871 [2.000]   -21.3871 [2.000]   -21.3871 [2.000]
[kpt   0  -1   1]   -21.3871 [2.000]   -21.3871 [2.000]   -20.2930 [2.000]   -20.2930 [2.000]   -20.2930 [2.000]
[kpt   0  -1   2]   -20.2731 [2.000]   -20.2731 [2.000]   -20.2731 [2.000]   -20.2731 [2.000]   -20.2731 [2.000]
[kpt   0  -1   3]   -20.2731 [2.000]   -11.9781 [2.000]    -9.9022 [2.000]    -9.9022 [2.000]    -9.9022 [2.000]
[kpt   0  -1   4]    -9.9022 [2.000]    -9.9022 [2.000]    -9.9022 [2.000]    -8.2316 [2.000]    -8.2316 [2.000]
[kpt   0  -1   5]    -8.2316 [2.000]    -7.9177 [2.000]    -7.9177 [2.000]    -7.9177 [2.000]    -7.9177 [2.000]
[kpt   0  -1   6]    -7.9177 [2.000]    -7.9177 [2.000]    -5.0424 [2.000]    -5.0424 [2.000]    -5.0424 [2.000]
[kpt   0  -1   7]    -5.0424 [2.000]    -5.0424 [2.000]    -5.0424 [2.000]    -4.9480 [2.000]    -4.9480 [2.000]
[kpt   0  -1   8]    -4.7571 [2.000]    -4.7571 [2.000]    -4.7571 [2.000]    -4.7571 [2.000]    -4.7571 [2.000]
[kpt   0  -1   9]    -4.7571 [2.000]    -4.5281 [2.000]    -4.5281 [2.000]    -4.5281 [2.000]    -3.9980 [2.000]
[kpt   0  -1  10]    -3.9980 [2.000]    -3.9980 [2.000]    -3.9980 [2.000]    -3.9980 [2.000]    -3.9980 [2.000]
[kpt   0  -1  11]    -3.4179 [2.000]    -3.4179 [2.000]    -3.4179 [2.000]    -3.4179 [2.000]    -3.4179 [2.000]
[kpt   0  -1  12]    -3.4179 [2.000]    -2.9459 [2.000]    -2.9459 [2.000]    -2.9459 [2.000]     7.6021 [0.000]
[kpt   0  -1  13]    10.2709 [0.000]    10.2709 [0.000]    10.2709 [0.000]    10.2709 [0.000]    10.2709 [0.000]
[kpt   0  -1  14]    10.2709 [0.000]    12.4058 [0.000]    12.4058 [0.000]    12.4058 [0.000]    13.3678 [0.000]
[kpt   0  -1  15]    13.3678 [0.000]    13.3678 [0.000]    13.3678 [0.000]    13.3678 [0.000]    13.3678 [0.000]
[kpt   0  -1  16]    15.0344 [0.000]    15.0344 [0.000]    15.0344 [0.000]    15.0344 [0.000]    15.0344 [0.000]
[kpt   0  -1  17]    15.0344 [0.000]    15.3513 [0.000]    15.3513 [0.000]    15.3513 [0.000]    15.3513 [0.000]
[kpt   0  -1  18]    15.3513 [0.000]    15.3513 [0.000]    16.6361 [0.000]    16.6361 [0.000]    16.6361 [0.000]
[kpt   0  -1  19]    17.1936 [0.000]


Charge normalization constant -1.0: 9.547918e-15
Charge density mixing: Linear with a constant of 0.50 

Diagonalization using scalapack for step=0  count=1


FERMI ENERGY =     -0.08863229 eV
@@ EIGENVALUE SUM     =      -65.656055 Ry
@@ ION_ION            =     -272.916107 Ry
@@ ELECTROSTATIC      =     -284.905984 Ry
@@ VXC                =     -179.064348 Ry
@@ EXC                =     -137.847472 Ry
@@ TOTAL ENERGY       =     -582.261269 Ry
@@ estimated error    =   ****************
Charge normalization constant -1.0: 6.661338e-16
Charge density mixing: Linear with a constant of 0.50 
WriteRestart: Output file given as /dev/null, no restart data written ...


KOHN SHAM EIGENVALUES [eV] AT K-POINT [  0]:       0.000000      0.000000      0.000000

[kpt   0   0   0]   -19.6483 [2.000]   -18.6872 [2.000]   -18.6808 [2.000]   -18.6782 [2.000]   -18.6740 [2.000]
[kpt   0   0   1]   -18.6716 [2.000]   -18.6671 [2.000]   -17.3811 [2.000]   -17.3761 [2.000]   -17.3734 [2.000]
[kpt   0   0   2]   -17.3727 [2.000]   -17.3714 [2.000]   -17.3669 [2.000]   -17.3667 [2.000]   -17.3621 [2.000]
[kpt   0   0   3]   -17.3615 [2.000]    -9.6058 [2.000]    -7.3499 [2.000]    -7.3460 [2.000]    -7.3443 [2.000]
[kpt   0   0   4]    -7.3427 [2.000]    -7.3413 [2.000]    -7.3389 [2.000]    -5.7596 [2.000]    -5.7569 [2.000]
[kpt   0   0   5]    -5.7568 [2.000]    -5.0476 [2.000]    -5.0471 [2.000]    -5.0457 [2.000]    -5.0447 [2.000]
[kpt   0   0   6]    -5.0433 [2.000]    -5.0417 [2.000]    -2.9019 [2.000]    -2.9012 [2.000]    -2.9005 [2.000]
[kpt   0   0   7]    -2.8995 [2.000]    -2.8985 [2.000]    -2.8981 [2.000]    -2.7013 [2.000]    -2.7013 [2.000]
[kpt   0   0   8]    -2.5655 [2.000]    -2.5652 [2.000]    -2.5647 [2.000]    -2.5641 [2.000]    -2.5636 [2.000]
[kpt   0   0   9]    -2.5400 [2.000]    -1.9525 [2.000]    -1.9519 [2.000]    -1.9518 [2.000]    -1.5003 [2.000]
[kpt   0   0  10]    -1.4999 [2.000]    -1.4991 [2.000]    -1.4987 [2.000]    -1.4981 [2.000]    -1.4972 [2.000]
[kpt   0   0  11]    -0.6863 [2.000]    -0.6862 [2.000]    -0.6858 [2.000]    -0.6855 [2.000]    -0.6851 [2.000]
[kpt   0   0  12]    -0.6850 [2.000]    -0.0899 [2.000]    -0.0892 [2.000]    -0.0886 [2.000]     8.4570 [0.000]
[kpt   0   0  13]    10.9812 [0.000]    10.9820 [0.000]    10.9823 [0.000]    10.9831 [0.000]    10.9837 [0.000]
[kpt   0   0  14]    10.9841 [0.000]    12.1818 [0.000]    12.1820 [0.000]    12.1821 [0.000]    13.9230 [0.000]
[kpt   0   0  15]    13.9232 [0.000]    13.9235 [0.000]    13.9235 [0.000]    13.9238 [0.000]



Total charge in supercell =     128.00000000
 quench: [md:   0/100  scf:   0/30  step time:   0.23  scf time:     0.30 secs  RMS[dV]: 5.25e-02 ]


average potential <V> = -4.07e-16

Diagonalization using scalapack for step=1  count=2


FERMI ENERGY =      1.39535187 eV
@@ EIGENVALUE SUM     =      -54.996654 Ry
@@ ION_ION            =     -272.916107 Ry
@@ ELECTROSTATIC      =     -296.894245 Ry
@@ VXC                =     -182.195440 Ry
@@ EXC                =     -140.281374 Ry
@@ TOTAL ENERGY       =     -582.892940 Ry
@@ estimated error    =        6.18e-01 Ry
Charge normalization constant -1.0: 4.440892e-16
Charge density mixing: Linear with a constant of 0.50 


KOHN SHAM EIGENVALUES [eV] AT K-POINT [  0]:       0.000000      0.000000      0.000000

[kpt   0   1   0]   -18.4903 [2.000]   -17.4635 [2.000]   -17.4602 [2.000]   -17.4561 [2.000]   -17.4552 [2.000]
[kpt   0   1   1]   -17.4544 [2.000]   -17.4507 [2.000]   -16.0049 [2.000]   -15.9974 [2.000]   -15.9910 [2.000]
[kpt   0   1   2]   -15.9892 [2.000]   -15.9859 [2.000]   -15.9850 [2.000]   -15.9782 [2.000]   -15.9722 [2.000]
[kpt   0   1   3]   -15.9611 [2.000]    -9.2482 [2.000]    -6.7392 [2.000]    -6.7351 [2.000]    -6.7334 [2.000]
[kpt   0   1   4]    -6.7292 [2.000]    -6.7273 [2.000]    -6.7240 [2.000]    -4.9406 [2.000]    -4.9396 [2.000]
[kpt   0   1   5]    -4.9382 [2.000]    -4.2666 [2.000]    -4.2636 [2.000]    -4.2596 [2.000]    -4.2580 [2.000]
[kpt   0   1   6]    -4.2566 [2.000]    -4.2523 [2.000]    -1.7411 [2.000]    -1.7396 [2.000]    -1.7351 [2.000]
[kpt   0   1   7]    -1.7299 [2.000]    -1.7239 [2.000]    -1.7217 [2.000]    -1.4703 [2.000]    -1.4702 [2.000]
[kpt   0   1   8]    -1.3855 [2.000]    -1.3780 [2.000]    -1.3741 [2.000]    -1.3731 [2.000]    -1.3699 [2.000]
[kpt   0   1   9]    -1.3647 [2.000]    -0.8190 [2.000]    -0.8125 [2.000]    -0.8119 [2.000]    -0.2177 [2.000]
[kpt   0   1  10]    -0.2110 [2.000]    -0.2089 [2.000]    -0.1983 [2.000]    -0.1963 [2.000]    -0.1912 [2.000]
[kpt   0   1  11]     0.6636 [2.000]     0.6690 [2.000]     0.6699 [2.000]     0.6744 [2.000]     0.6767 [2.000]
[kpt   0   1  12]     0.6845 [2.000]     1.3911 [2.000]     1.3921 [2.000]     1.3954 [2.000]     8.7256 [0.000]
[kpt   0   1  13]    11.2739 [0.000]    11.2748 [0.000]    11.2751 [0.000]    11.2778 [0.000]    11.2781 [0.000]
[kpt   0   1  14]    11.2784 [0.000]    11.7615 [0.000]    11.7631 [0.000]    11.7658 [0.000]    14.0837 [0.000]
[kpt   0   1  15]    14.0850 [0.000]    14.0854 [0.000]    14.0858 [0.000]    46.2588 [0.000]



Total charge in supercell =     128.00000000
 quench: [md:   0/100  scf:   1/30  step time:   0.21  scf time:     0.51 secs  RMS[dV]: 3.00e-02 ]


average potential <V> = 2.06e-16

Diagonalization using scalapack for step=2  count=3


FERMI ENERGY =      1.74512676 eV
@@ EIGENVALUE SUM     =      -53.345356 Ry
@@ ION_ION            =     -272.916107 Ry
@@ ELECTROSTATIC      =     -295.875356 Ry
@@ VXC                =     -181.631781 Ry
@@ EXC                =     -139.839991 Ry
@@ TOTAL ENERGY       =     -580.345029 Ry
@@ estimated error    =        2.04e-01 Ry
Charge normalization constant -1.0: -1.554312e-15
Charge density mixing: Linear with a constant of 0.50 


KOHN SHAM EIGENVALUES [eV] AT K-POINT [  0]:       0.000000      0.000000      0.000000

[kpt   0   2   0]   -18.3625 [2.000]   -17.3347 [2.000]   -17.3253 [2.000]   -17.3243 [2.000]   -17.3205 [2.000]
[kpt   0   2   1]   -17.3175 [2.000]   -17.3086 [2.000]   -15.8573 [2.000]   -15.8531 [2.000]   -15.8484 [2.000]
[kpt   0   2   2]   -15.8470 [2.000]   -15.8398 [2.000]   -15.8361 [2.000]   -15.8104 [2.000]   -15.7991 [2.000]
[kpt   0   2   3]   -15.7923 [2.000]    -9.1793 [2.000]    -6.6400 [2.000]    -6.6379 [2.000]    -6.6351 [2.000]
[kpt   0   2   4]    -6.6343 [2.000]    -6.6317 [2.000]    -6.6261 [2.000]    -4.8215 [2.000]    -4.8181 [2.000]
[kpt   0   2   5]    -4.8157 [2.000]    -4.1647 [2.000]    -4.1625 [2.000]    -4.1587 [2.000]    -4.1568 [2.000]
[kpt   0   2   6]    -4.1544 [2.000]    -4.1537 [2.000]    -1.5736 [2.000]    -1.5722 [2.000]    -1.5687 [2.000]
[kpt   0   2   7]    -1.5624 [2.000]    -1.5581 [2.000]    -1.5580 [2.000]    -1.2941 [2.000]    -1.2938 [2.000]
[kpt   0   2   8]    -1.1747 [2.000]    -1.1692 [2.000]    -1.1622 [2.000]    -1.1598 [2.000]    -1.1583 [2.000]
[kpt   0   2   9]    -1.1547 [2.000]    -0.6517 [2.000]    -0.6460 [2.000]    -0.6453 [2.000]     0.0239 [2.000]
[kpt   0   2  10]     0.0284 [2.000]     0.0292 [2.000]     0.0412 [2.000]     0.0430 [2.000]     0.0466 [2.000]
[kpt   0   2  11]     0.9470 [2.000]     0.9493 [2.000]     0.9510 [2.000]     0.9578 [2.000]     0.9592 [2.000]
[kpt   0   2  12]     0.9651 [2.000]     1.7394 [2.000]     1.7435 [2.000]     1.7451 [2.000]     8.4352 [0.000]
[kpt   0   2  13]    11.1286 [0.000]    11.1306 [0.000]    11.1316 [0.000]    11.1338 [0.000]    11.1348 [0.000]
[kpt   0   2  14]    11.1358 [0.000]    11.3887 [0.000]    11.3919 [0.000]    11.3962 [0.000]    13.9585 [0.000]
[kpt   0   2  15]    13.9589 [0.000]    13.9596 [0.000]    13.9606 [0.000]    45.5854 [0.000]



Total charge in supercell =     128.00000000
 quench: [md:   0/100  scf:   2/30  step time:   0.21  scf time:     0.72 secs  RMS[dV]: 1.48e-02 ]


average potential <V> = -5.55e-16

Diagonalization using scalapack for step=3  count=4


FERMI ENERGY =      1.58875311 eV
@@ EIGENVALUE SUM     =      -54.997055 Ry
@@ ION_ION            =     -272.916107 Ry
@@ ELECTROSTATIC      =     -291.633082 Ry
@@ VXC                =     -180.228776 Ry
@@ EXC                =     -138.745799 Ry
@@ TOTAL ENERGY       =     -578.063266 Ry
@@ estimated error    =        3.06e-01 Ry
Charge normalization constant -1.0: -2.220446e-15
Charge density mixing: Linear with a constant of 0.50 


KOHN SHAM EIGENVALUES [eV] AT K-POINT [  0]:       0.000000      0.000000      0.000000

[kpt   0   3   0]   -18.5549 [2.000]   -17.5452 [2.000]   -17.5384 [2.000]   -17.5322 [2.000]   -17.5290 [2.000]
[kpt   0   3   1]   -17.5274 [2.000]   -17.5112 [2.000]   -16.1041 [2.000]   -16.0973 [2.000]   -16.0932 [2.000]
[kpt   0   3   2]   -16.0925 [2.000]   -16.0854 [2.000]   -16.0710 [2.000]   -16.0595 [2.000]   -16.0462 [2.000]
[kpt   0   3   3]   -16.0333 [2.000]    -9.2637 [2.000]    -6.7643 [2.000]    -6.7615 [2.000]    -6.7564 [2.000]
[kpt   0   3   4]    -6.7556 [2.000]    -6.7551 [2.000]    -6.7446 [2.000]    -4.9496 [2.000]    -4.9442 [2.000]
[kpt   0   3   5]    -4.9386 [2.000]    -4.3081 [2.000]    -4.3060 [2.000]    -4.3030 [2.000]    -4.3006 [2.000]
[kpt   0   3   6]    -4.2980 [2.000]    -4.2902 [2.000]    -1.7530 [2.000]    -1.7493 [2.000]    -1.7463 [2.000]
[kpt   0   3   7]    -1.7439 [2.000]    -1.7406 [2.000]    -1.7349 [2.000]    -1.4829 [2.000]    -1.4825 [2.000]
[kpt   0   3   8]    -1.3275 [2.000]    -1.3256 [2.000]    -1.3162 [2.000]    -1.3127 [2.000]    -1.3111 [2.000]
[kpt   0   3   9]    -1.3084 [2.000]    -0.8397 [2.000]    -0.8372 [2.000]    -0.8369 [2.000]    -0.1521 [2.000]
[kpt   0   3  10]    -0.1496 [2.000]    -0.1492 [2.000]    -0.1406 [2.000]    -0.1393 [2.000]    -0.1363 [2.000]
[kpt   0   3  11]     0.7735 [2.000]     0.7767 [2.000]     0.7788 [2.000]     0.7829 [2.000]     0.7862 [2.000]
[kpt   0   3  12]     0.7913 [2.000]     1.5788 [2.000]     1.5825 [2.000]     1.5888 [2.000]     8.0721 [0.000]
[kpt   0   3  13]    10.8789 [0.000]    10.8817 [0.000]    10.8830 [0.000]    10.8848 [0.000]    10.8861 [0.000]
[kpt   0   3  14]    10.8878 [0.000]    11.1459 [0.000]    11.1493 [0.000]    11.1537 [0.000]    13.7326 [0.000]
[kpt   0   3  15]    13.7338 [0.000]    13.7347 [0.000]    13.7357 [0.000]    44.8146 [0.000]



Total charge in supercell =     128.00000000
 quench: [md:   0/100  scf:   3/30  step time:   0.21  scf time:     0.93 secs  RMS[dV]: 1.43e-02 ]


average potential <V> = 8.22e-18
Davidson converged in 3 steps

FERMI ENERGY =      1.43941392 eV
@@ EIGENVALUE SUM     =      -56.678762 Ry
@@ ION_ION            =     -272.916107 Ry
@@ ELECTROSTATIC      =     -288.213865 Ry
@@ VXC                =     -179.128933 Ry
@@ EXC                =     -137.887933 Ry
@@ TOTAL ENERGY       =     -576.567734 Ry
@@ estimated error    =        1.75e-01 Ry
Charge normalization constant -1.0: 1.776357e-15
Charge density mixing: Broyden


KOHN SHAM EIGENVALUES [eV] AT K-POINT [  0]:       0.000000      0.000000      0.000000

[kpt   0   4   0]   -18.7403 [2.000]   -17.7541 [2.000]   -17.7463 [2.000]   -17.7333 [2.000]   -17.7325 [2.000]
[kpt   0   4   1]   -17.7307 [2.000]   -17.7022 [2.000]   -16.3519 [2.000]   -16.3442 [2.000]   -16.3323 [2.000]
[kpt   0   4   2]   -16.3309 [2.000]   -16.3223 [2.000]   -16.3179 [2.000]   -16.2936 [2.000]   -16.2922 [2.000]
[kpt   0   4   3]   -16.2609 [2.000]    -9.3835 [2.000]    -6.9241 [2.000]    -6.9189 [2.000]    -6.9090 [2.000]
[kpt   0   4   4]    -6.9081 [2.000]    -6.9066 [2.000]    -6.8848 [2.000]    -5.1050 [2.000]    -5.0916 [2.000]
[kpt   0   4   5]    -5.0781 [2.000]    -4.4801 [2.000]    -4.4728 [2.000]    -4.4630 [2.000]    -4.4592 [2.000]
[kpt   0   4   6]    -4.4550 [2.000]    -4.4323 [2.000]    -1.9425 [2.000]    -1.9357 [2.000]    -1.9245 [2.000]
[kpt   0   4   7]    -1.9244 [2.000]    -1.9171 [2.000]    -1.9054 [2.000]    -1.6613 [2.000]    -1.6590 [2.000]
[kpt   0   4   8]    -1.5021 [2.000]    -1.4951 [2.000]    -1.4851 [2.000]    -1.4849 [2.000]    -1.4769 [2.000]
[kpt   0   4   9]    -1.4614 [2.000]    -1.0177 [2.000]    -1.0171 [2.000]    -1.0159 [2.000]    -0.3334 [2.000]
[kpt   0   4  10]    -0.3249 [2.000]    -0.3140 [2.000]    -0.3118 [2.000]    -0.3037 [2.000]    -0.2854 [2.000]
[kpt   0   4  11]     0.5943 [2.000]     0.6031 [2.000]     0.6171 [2.000]     0.6178 [2.000]     0.6272 [2.000]
[kpt   0   4  12]     0.6416 [2.000]     1.4124 [2.000]     1.4271 [2.000]     1.4394 [2.000]     7.1245 [0.000]
[kpt   0   4  13]     9.9929 [0.000]     9.9956 [0.000]     9.9968 [0.000]     9.9984 [0.000]    10.0012 [0.000]
[kpt   0   4  14]    10.0041 [0.000]    10.5006 [0.000]    10.5021 [0.000]    10.5040 [0.000]    13.2243 [0.000]
[kpt   0   4  15]    13.2281 [0.000]    13.2309 [0.000]    13.2336 [0.000]    13.2365 [0.000]



Total charge in supercell =     128.00000000
 quench: [md:   0/100  scf:   4/30  step time:   0.26  scf time:     1.19 secs  RMS[dV]: 1.05e-02 ]


average potential <V> = 2.18e-16
Davidson converged in 2 steps

FERMI ENERGY =      0.94549976 eV
@@ EIGENVALUE SUM     =      -59.901551 Ry
@@ ION_ION            =     -272.916107 Ry
@@ ELECTROSTATIC      =     -284.701845 Ry
@@ VXC                =     -178.042931 Ry
@@ EXC                =     -137.040725 Ry
@@ TOTAL ENERGY       =     -576.517295 Ry
@@ estimated error    =        1.53e-01 Ry
Charge normalization constant -1.0: 6.661338e-16
Charge density mixing: Broyden


KOHN SHAM EIGENVALUES [eV] AT K-POINT [  0]:       0.000000      0.000000      0.000000

[kpt   0   5   0]   -19.0551 [2.000]   -18.0899 [2.000]   -18.0755 [2.000]   -18.0747 [2.000]   -18.0744 [2.000]
[kpt   0   5   1]   -18.0689 [2.000]   -18.0647 [2.000]   -16.7444 [2.000]   -16.7322 [2.000]   -16.7308 [2.000]
[kpt   0   5   2]   -16.7264 [2.000]   -16.7229 [2.000]   -16.7175 [2.000]   -16.7049 [2.000]   -16.6963 [2.000]
[kpt   0   5   3]   -16.6847 [2.000]    -9.5098 [2.000]    -7.1214 [2.000]    -7.1098 [2.000]    -7.1092 [2.000]
[kpt   0   5   4]    -7.1089 [2.000]    -7.1044 [2.000]    -7.1012 [2.000]    -5.3358 [2.000]    -5.3292 [2.000]
[kpt   0   5   5]    -5.3228 [2.000]    -4.7306 [2.000]    -4.7192 [2.000]    -4.7173 [2.000]    -4.7152 [2.000]
[kpt   0   5   6]    -4.7111 [2.000]    -4.7074 [2.000]    -2.2658 [2.000]    -2.2587 [2.000]    -2.2553 [2.000]
[kpt   0   5   7]    -2.2546 [2.000]    -2.2507 [2.000]    -2.2470 [2.000]    -2.0175 [2.000]    -2.0166 [2.000]
[kpt   0   5   8]    -1.8329 [2.000]    -1.8268 [2.000]    -1.8246 [2.000]    -1.8241 [2.000]    -1.8194 [2.000]
[kpt   0   5   9]    -1.8162 [2.000]    -1.3879 [2.000]    -1.3878 [2.000]    -1.3874 [2.000]    -0.7265 [2.000]
[kpt   0   5  10]    -0.7199 [2.000]    -0.7165 [2.000]    -0.7161 [2.000]    -0.7107 [2.000]    -0.7067 [2.000]
[kpt   0   5  11]     0.1654 [2.000]     0.1737 [2.000]     0.1781 [2.000]     0.1784 [2.000]     0.1840 [2.000]
[kpt   0   5  12]     0.1882 [2.000]     0.9325 [2.000]     0.9392 [2.000]     0.9455 [2.000]     6.8339 [0.000]
[kpt   0   5  13]     9.7624 [0.000]     9.7638 [0.000]     9.7641 [0.000]     9.7646 [0.000]     9.7650 [0.000]
[kpt   0   5  14]     9.7671 [0.000]    10.5145 [0.000]    10.5147 [0.000]    10.5150 [0.000]    13.0071 [0.000]
[kpt   0   5  15]    13.0163 [0.000]    13.0175 [0.000]    13.0189 [0.000]    13.0205 [0.000]



Total charge in supercell =     128.00000000
 quench: [md:   0/100  scf:   5/30  step time:   0.24  scf time:     1.44 secs  RMS[dV]: 9.26e-03 ]


average potential <V> = 4.11e-17
Davidson converged in 3 steps

FERMI ENERGY =      1.07620382 eV
@@ EIGENVALUE SUM     =      -58.665183 Ry
@@ ION_ION            =     -272.916107 Ry
@@ ELECTROSTATIC      =     -286.010339 Ry
@@ VXC                =     -178.374458 Ry
@@ EXC                =     -137.297785 Ry
@@ TOTAL ENERGY       =     -576.514956 Ry
@@ estimated error    =        9.94e-03 Ry
Charge normalization constant -1.0: -6.661338e-16
Charge density mixing: Broyden


KOHN SHAM EIGENVALUES [eV] AT K-POINT [  0]:       0.000000      0.000000      0.000000

[kpt   0   6   0]   -18.9221 [2.000]   -17.9393 [2.000]   -17.9386 [2.000]   -17.9377 [2.000]   -17.9375 [2.000]
[kpt   0   6   1]   -17.9374 [2.000]   -17.9350 [2.000]   -16.5861 [2.000]   -16.5853 [2.000]   -16.5845 [2.000]
[kpt   0   6   2]   -16.5840 [2.000]   -16.5837 [2.000]   -16.5814 [2.000]   -16.5544 [2.000]   -16.5524 [2.000]
[kpt   0   6   3]   -16.5502 [2.000]    -9.3801 [2.000]    -6.9715 [2.000]    -6.9709 [2.000]    -6.9703 [2.000]
[kpt   0   6   4]    -6.9701 [2.000]    -6.9700 [2.000]    -6.9683 [2.000]    -5.1958 [2.000]    -5.1948 [2.000]
[kpt   0   6   5]    -5.1937 [2.000]    -4.5699 [2.000]    -4.5692 [2.000]    -4.5686 [2.000]    -4.5681 [2.000]
[kpt   0   6   6]    -4.5679 [2.000]    -4.5660 [2.000]    -2.1465 [2.000]    -2.1459 [2.000]    -2.1450 [2.000]
[kpt   0   6   7]    -2.1449 [2.000]    -2.1444 [2.000]    -2.1437 [2.000]    -1.9026 [2.000]    -1.9023 [2.000]
[kpt   0   6   8]    -1.7126 [2.000]    -1.7120 [2.000]    -1.7114 [2.000]    -1.7112 [2.000]    -1.7107 [2.000]
[kpt   0   6   9]    -1.7090 [2.000]    -1.2561 [2.000]    -1.2560 [2.000]    -1.2558 [2.000]    -0.5953 [2.000]
[kpt   0   6  10]    -0.5946 [2.000]    -0.5939 [2.000]    -0.5936 [2.000]    -0.5929 [2.000]    -0.5912 [2.000]
[kpt   0   6  11]     0.3082 [2.000]     0.3091 [2.000]     0.3101 [2.000]     0.3102 [2.000]     0.3109 [2.000]
[kpt   0   6  12]     0.3117 [2.000]     1.0743 [2.000]     1.0754 [2.000]     1.0762 [2.000]     6.8076 [0.000]
[kpt   0   6  13]     9.7657 [0.000]     9.7662 [0.000]     9.7665 [0.000]     9.7665 [0.000]     9.7666 [0.000]
[kpt   0   6  14]     9.7668 [0.000]    10.5665 [0.000]    10.5666 [0.000]    10.5669 [0.000]    13.0278 [0.000]
[kpt   0   6  15]    13.0528 [0.000]    13.0533 [0.000]    13.0535 [0.000]    13.0545 [0.000]



Total charge in supercell =     128.00000000
 quench: [md:   0/100  scf:   6/30  step time:   0.26  scf time:     1.70 secs  RMS[dV]: 4.13e-03 ]


average potential <V> = -2.51e-16
Davidson converged in 8 steps

FERMI ENERGY =      1.09723511 eV
@@ EIGENVALUE SUM     =      -58.402664 Ry
@@ ION_ION            =     -272.916107 Ry
@@ ELECTROSTATIC      =     -286.287300 Ry
@@ VXC                =     -178.437440 Ry
@@ EXC                =     -137.346203 Ry
@@ TOTAL ENERGY       =     -576.514834 Ry
@@ estimated error    =        5.56e-04 Ry
Charge normalization constant -1.0: -6.661338e-16
Charge density mixing: Broyden


KOHN SHAM EIGENVALUES [eV] AT K-POINT [  0]:       0.000000      0.000000      0.000000

[kpt   0   7   0]   -18.8920 [2.000]   -17.9080 [2.000]   -17.9079 [2.000]   -17.9078 [2.000]   -17.9074 [2.000]
[kpt   0   7   1]   -17.9073 [2.000]   -17.9073 [2.000]   -16.5553 [2.000]   -16.5552 [2.000]   -16.5551 [2.000]
[kpt   0   7   2]   -16.5547 [2.000]   -16.5546 [2.000]   -16.5546 [2.000]   -16.5236 [2.000]   -16.5229 [2.000]
[kpt   0   7   3]   -16.5227 [2.000]    -9.3408 [2.000]    -6.9323 [2.000]    -6.9321 [2.000]    -6.9321 [2.000]
[kpt   0   7   4]    -6.9318 [2.000]    -6.9317 [2.000]    -6.9317 [2.000]    -5.1605 [2.000]    -5.1601 [2.000]
[kpt   0   7   5]    -5.1600 [2.000]    -4.5303 [2.000]    -4.5302 [2.000]    -4.5302 [2.000]    -4.5298 [2.000]
[kpt   0   7   6]    -4.5298 [2.000]    -4.5297 [2.000]    -2.1242 [2.000]    -2.1241 [2.000]    -2.1239 [2.000]
[kpt   0   7   7]    -2.1236 [2.000]    -2.1236 [2.000]    -2.1235 [2.000]    -1.8813 [2.000]    -1.8813 [2.000]
[kpt   0   7   8]    -1.6897 [2.000]    -1.6896 [2.000]    -1.6896 [2.000]    -1.6893 [2.000]    -1.6892 [2.000]
[kpt   0   7   9]    -1.6891 [2.000]    -1.2295 [2.000]    -1.2295 [2.000]    -1.2294 [2.000]    -0.5725 [2.000]
[kpt   0   7  10]    -0.5724 [2.000]    -0.5723 [2.000]    -0.5720 [2.000]    -0.5719 [2.000]    -0.5718 [2.000]
[kpt   0   7  11]     0.3325 [2.000]     0.3326 [2.000]     0.3327 [2.000]     0.3331 [2.000]     0.3332 [2.000]
[kpt   0   7  12]     0.3333 [2.000]     1.0967 [2.000]     1.0968 [2.000]     1.0972 [2.000]     6.7882 [0.000]
[kpt   0   7  13]     9.7600 [0.000]     9.7601 [0.000]     9.7602 [0.000]     9.7603 [0.000]     9.7603 [0.000]
[kpt   0   7  14]     9.7605 [0.000]    10.5892 [0.000]    10.5901 [0.000]    10.5903 [0.000]    12.1992 [0.000]
[kpt   0   7  15]    13.0500 [0.000]    13.0547 [0.000]    13.0548 [0.000]    13.0548 [0.000]



Total charge in supercell =     128.00000000
 quench: [md:   0/100  scf:   7/30  step time:   0.37  scf time:     2.06 secs  RMS[dV]: 9.21e-04 ]


average potential <V> = -5.84e-16
Davidson converged in 3 steps

FERMI ENERGY =      1.10130625 eV
@@ EIGENVALUE SUM     =      -58.356475 Ry
@@ ION_ION            =     -272.916107 Ry
@@ ELECTROSTATIC      =     -286.336655 Ry
@@ VXC                =     -178.451380 Ry
@@ EXC                =     -137.356968 Ry
@@ TOTAL ENERGY       =     -576.514826 Ry
@@ estimated error    =        3.38e-05 Ry
Charge normalization constant -1.0: 0.000000e+00
Charge density mixing: Broyden


KOHN SHAM EIGENVALUES [eV] AT K-POINT [  0]:       0.000000      0.000000      0.000000

[kpt   0   8   0]   -18.8867 [2.000]   -17.9030 [2.000]   -17.9028 [2.000]   -17.9026 [2.000]   -17.9021 [2.000]
[kpt   0   8   1]   -17.9019 [2.000]   -17.9017 [2.000]   -16.5506 [2.000]   -16.5504 [2.000]   -16.5502 [2.000]
[kpt   0   8   2]   -16.5496 [2.000]   -16.5494 [2.000]   -16.5491 [2.000]   -16.5188 [2.000]   -16.5183 [2.000]
[kpt   0   8   3]   -16.5170 [2.000]    -9.3342 [2.000]    -6.9262 [2.000]    -6.9260 [2.000]    -6.9259 [2.000]
[kpt   0   8   4]    -6.9255 [2.000]    -6.9254 [2.000]    -6.9252 [2.000]    -5.1549 [2.000]    -5.1546 [2.000]
[kpt   0   8   5]    -5.1540 [2.000]    -4.5247 [2.000]    -4.5244 [2.000]    -4.5243 [2.000]    -4.5238 [2.000]
[kpt   0   8   6]    -4.5236 [2.000]    -4.5234 [2.000]    -2.1202 [2.000]    -2.1200 [2.000]    -2.1199 [2.000]
[kpt   0   8   7]    -2.1194 [2.000]    -2.1192 [2.000]    -2.1190 [2.000]    -1.8772 [2.000]    -1.8772 [2.000]
[kpt   0   8   8]    -1.6856 [2.000]    -1.6854 [2.000]    -1.6853 [2.000]    -1.6848 [2.000]    -1.6847 [2.000]
[kpt   0   8   9]    -1.6845 [2.000]    -1.2248 [2.000]    -1.2248 [2.000]    -1.2248 [2.000]    -0.5687 [2.000]
[kpt   0   8  10]    -0.5685 [2.000]    -0.5683 [2.000]    -0.5678 [2.000]    -0.5676 [2.000]    -0.5674 [2.000]
[kpt   0   8  11]     0.3364 [2.000]     0.3367 [2.000]     0.3368 [2.000]     0.3374 [2.000]     0.3376 [2.000]
[kpt   0   8  12]     0.3379 [2.000]     1.1003 [2.000]     1.1010 [2.000]     1.1013 [2.000]     6.7883 [0.000]
[kpt   0   8  13]     9.7580 [0.000]     9.7581 [0.000]     9.7581 [0.000]     9.7582 [0.000]     9.7582 [0.000]
[kpt   0   8  14]     9.7582 [0.000]    10.5938 [0.000]    10.5946 [0.000]    10.5948 [0.000]    12.2053 [0.000]
[kpt   0   8  15]    13.0506 [0.000]    13.0513 [0.000]    13.0515 [0.000]    13.0515 [0.000]



Total charge in supercell =     128.00000000
 quench: [md:   0/100  scf:   8/30  step time:   0.27  scf time:     2.34 secs  RMS[dV]: 3.08e-04 ]


average potential <V> = -5.59e-16
Davidson converged in 3 steps

FERMI ENERGY =      1.10112925 eV
@@ EIGENVALUE SUM     =      -58.358171 Ry
@@ ION_ION            =     -272.916107 Ry
@@ ELECTROSTATIC      =     -286.335059 Ry
@@ VXC                =     -178.451943 Ry
@@ EXC                =     -137.357434 Ry
@@ TOTAL ENERGY       =     -576.514826 Ry
@@ estimated error    =        1.86e-06 Ry
Charge normalization constant -1.0: -4.440892e-16
Charge density mixing: Broyden


KOHN SHAM EIGENVALUES [eV] AT K-POINT [  0]:       0.000000      0.000000      0.000000

[kpt   0   9   0]   -18.8869 [2.000]   -17.9029 [2.000]   -17.9028 [2.000]   -17.9027 [2.000]   -17.9024 [2.000]
[kpt   0   9   1]   -17.9024 [2.000]   -17.9023 [2.000]   -16.5505 [2.000]   -16.5503 [2.000]   -16.5503 [2.000]
[kpt   0   9   2]   -16.5500 [2.000]   -16.5499 [2.000]   -16.5498 [2.000]   -16.5188 [2.000]   -16.5182 [2.000]
[kpt   0   9   3]   -16.5179 [2.000]    -9.3347 [2.000]    -6.9265 [2.000]    -6.9264 [2.000]    -6.9263 [2.000]
[kpt   0   9   4]    -6.9261 [2.000]    -6.9261 [2.000]    -6.9260 [2.000]    -5.1552 [2.000]    -5.1548 [2.000]
[kpt   0   9   5]    -5.1547 [2.000]    -4.5250 [2.000]    -4.5248 [2.000]    -4.5248 [2.000]    -4.5245 [2.000]
[kpt   0   9   6]    -4.5244 [2.000]    -4.5243 [2.000]    -2.1198 [2.000]    -2.1197 [2.000]    -2.1197 [2.000]
[kpt   0   9   7]    -2.1195 [2.000]    -2.1194 [2.000]    -2.1193 [2.000]    -1.8771 [2.000]    -1.8771 [2.000]
[kpt   0   9   8]    -1.6852 [2.000]    -1.6851 [2.000]    -1.6851 [2.000]    -1.6849 [2.000]    -1.6848 [2.000]
[kpt   0   9   9]    -1.6847 [2.000]    -1.2250 [2.000]    -1.2250 [2.000]    -1.2250 [2.000]    -0.5684 [2.000]
[kpt   0   9  10]    -0.5682 [2.000]    -0.5681 [2.000]    -0.5679 [2.000]    -0.5678 [2.000]    -0.5677 [2.000]
[kpt   0   9  11]     0.3368 [2.000]     0.3369 [2.000]     0.3370 [2.000]     0.3372 [2.000]     0.3373 [2.000]
[kpt   0   9  12]     0.3374 [2.000]     1.1007 [2.000]     1.1008 [2.000]     1.1011 [2.000]     6.7885 [0.000]
[kpt   0   9  13]     9.7569 [0.000]     9.7570 [0.000]     9.7571 [0.000]     9.7573 [0.000]     9.7573 [0.000]
[kpt   0   9  14]     9.7573 [0.000]    10.5936 [0.000]    10.5940 [0.000]    10.5941 [0.000]    12.2052 [0.000]
[kpt   0   9  15]    13.0506 [0.000]    13.0509 [0.000]    13.0510 [0.000]    13.0510 [0.000]



Total charge in supercell =     128.00000000
 quench: [md:   0/100  scf:   9/30  step time:   0.29  scf time:     2.62 secs  RMS[dV]: 7.08e-05 ]


average potential <V> = -9.29e-16
Davidson converged in 2 steps

FERMI ENERGY =      1.10096801 eV
@@ EIGENVALUE SUM     =      -58.359537 Ry
@@ ION_ION            =     -272.916107 Ry
@@ ELECTROSTATIC      =     -286.333687 Ry
@@ VXC                =     -178.452003 Ry
@@ EXC                =     -137.357502 Ry
@@ TOTAL ENERGY       =     -576.514829 Ry
@@ estimated error    =        3.79e-07 Ry
Charge normalization constant -1.0: 1.554312e-15
Charge density mixing: Broyden


KOHN SHAM EIGENVALUES [eV] AT K-POINT [  0]:       0.000000      0.000000      0.000000

[kpt   0  10   0]   -18.8871 [2.000]   -17.9028 [2.000]   -17.9028 [2.000]   -17.9028 [2.000]   -17.9027 [2.000]
[kpt   0  10   1]   -17.9027 [2.000]   -17.9027 [2.000]   -16.5503 [2.000]   -16.5503 [2.000]   -16.5503 [2.000]
[kpt   0  10   2]   -16.5503 [2.000]   -16.5502 [2.000]   -16.5502 [2.000]   -16.5184 [2.000]   -16.5184 [2.000]
[kpt   0  10   3]   -16.5184 [2.000]    -9.3351 [2.000]    -6.9267 [2.000]    -6.9267 [2.000]    -6.9266 [2.000]
[kpt   0  10   4]    -6.9266 [2.000]    -6.9266 [2.000]    -6.9266 [2.000]    -5.1553 [2.000]    -5.1553 [2.000]
[kpt   0  10   5]    -5.1552 [2.000]    -4.5251 [2.000]    -4.5251 [2.000]    -4.5251 [2.000]    -4.5251 [2.000]
[kpt   0  10   6]    -4.5250 [2.000]    -4.5250 [2.000]    -2.1196 [2.000]    -2.1196 [2.000]    -2.1196 [2.000]
[kpt   0  10   7]    -2.1196 [2.000]    -2.1196 [2.000]    -2.1196 [2.000]    -1.8771 [2.000]    -1.8771 [2.000]
[kpt   0  10   8]    -1.6850 [2.000]    -1.6850 [2.000]    -1.6850 [2.000]    -1.6850 [2.000]    -1.6850 [2.000]
[kpt   0  10   9]    -1.6849 [2.000]    -1.2251 [2.000]    -1.2251 [2.000]    -1.2251 [2.000]    -0.5680 [2.000]
[kpt   0  10  10]    -0.5680 [2.000]    -0.5680 [2.000]    -0.5680 [2.000]    -0.5680 [2.000]    -0.5680 [2.000]
[kpt   0  10  11]     0.3371 [2.000]     0.3371 [2.000]     0.3371 [2.000]     0.3371 [2.000]     0.3371 [2.000]
[kpt   0  10  12]     0.3372 [2.000]     1.1009 [2.000]     1.1010 [2.000]     1.1010 [2.000]     6.7886 [0.000]
[kpt   0  10  13]     9.7565 [0.000]     9.7566 [0.000]     9.7566 [0.000]     9.7567 [0.000]     9.7567 [0.000]
[kpt   0  10  14]     9.7568 [0.000]    10.5930 [0.000]    10.5933 [0.000]    10.5933 [0.000]    12.2048 [0.000]
[kpt   0  10  15]    13.0506 [0.000]    13.0508 [0.000]    13.0508 [0.000]    13.0508 [0.000]



Total charge in supercell =     128.00000000
 quench: [md:   0/100  scf:  10/30  step time:   0.23  scf time:     2.85 secs  RMS[dV]: 2.16e-05 ]


average potential <V> = 2.55e-16
Davidson converged in 3 steps

FERMI ENERGY =      1.10119314 eV
@@ EIGENVALUE SUM     =      -58.358023 Ry
@@ ION_ION            =     -272.916107 Ry
@@ ELECTROSTATIC      =     -286.335326 Ry
@@ VXC                =     -178.452616 Ry
@@ EXC                =     -137.357990 Ry
@@ TOTAL ENERGY       =     -576.514831 Ry
@@ estimated error    =        2.73e-08 Ry
Charge normalization constant -1.0: 2.220446e-15
Charge density mixing: Broyden


KOHN SHAM EIGENVALUES [eV] AT K-POINT [  0]:       0.000000      0.000000      0.000000

[kpt   0  11   0]   -18.8870 [2.000]   -17.9026 [2.000]   -17.9026 [2.000]   -17.9026 [2.000]   -17.9026 [2.000]
[kpt   0  11   1]   -17.9026 [2.000]   -17.9026 [2.000]   -16.5501 [2.000]   -16.5501 [2.000]   -16.5501 [2.000]
[kpt   0  11   2]   -16.5501 [2.000]   -16.5501 [2.000]   -16.5501 [2.000]   -16.5183 [2.000]   -16.5182 [2.000]
[kpt   0  11   3]   -16.5182 [2.000]    -9.3351 [2.000]    -6.9266 [2.000]    -6.9266 [2.000]    -6.9266 [2.000]
[kpt   0  11   4]    -6.9266 [2.000]    -6.9265 [2.000]    -6.9265 [2.000]    -5.1552 [2.000]    -5.1552 [2.000]
[kpt   0  11   5]    -5.1551 [2.000]    -4.5250 [2.000]    -4.5250 [2.000]    -4.5250 [2.000]    -4.5250 [2.000]
[kpt   0  11   6]    -4.5250 [2.000]    -4.5250 [2.000]    -2.1194 [2.000]    -2.1194 [2.000]    -2.1194 [2.000]
[kpt   0  11   7]    -2.1194 [2.000]    -2.1194 [2.000]    -2.1194 [2.000]    -1.8769 [2.000]    -1.8769 [2.000]
[kpt   0  11   8]    -1.6848 [2.000]    -1.6848 [2.000]    -1.6848 [2.000]    -1.6848 [2.000]    -1.6848 [2.000]
[kpt   0  11   9]    -1.6848 [2.000]    -1.2249 [2.000]    -1.2249 [2.000]    -1.2249 [2.000]    -0.5678 [2.000]
[kpt   0  11  10]    -0.5678 [2.000]    -0.5678 [2.000]    -0.5678 [2.000]    -0.5678 [2.000]    -0.5678 [2.000]
[kpt   0  11  11]     0.3373 [2.000]     0.3373 [2.000]     0.3373 [2.000]     0.3373 [2.000]     0.3373 [2.000]
[kpt   0  11  12]     0.3374 [2.000]     1.1012 [2.000]     1.1012 [2.000]     1.1012 [2.000]     6.7887 [0.000]
[kpt   0  11  13]     9.7563 [0.000]     9.7564 [0.000]     9.7564 [0.000]     9.7565 [0.000]     9.7565 [0.000]
[kpt   0  11  14]     9.7566 [0.000]    10.5929 [0.000]    10.5930 [0.000]    10.5931 [0.000]    12.2049 [0.000]
[kpt   0  11  15]    13.0507 [0.000]    13.0508 [0.000]    13.0508 [0.000]    13.0508 [0.000]



Total charge in supercell =     128.00000000
 quench: [md:   0/100  scf:  11/30  step time:   0.30  scf time:     3.15 secs  RMS[dV]: 1.29e-05 ]


average potential <V> = 1.93e-16
Davidson converged in 2 steps

FERMI ENERGY =      1.10109820 eV
@@ EIGENVALUE SUM     =      -58.358517 Ry
@@ ION_ION            =     -272.916107 Ry
@@ ELECTROSTATIC      =     -286.334789 Ry
@@ VXC                =     -178.452415 Ry
@@ EXC                =     -137.357833 Ry
@@ TOTAL ENERGY       =     -576.514831 Ry
@@ estimated error    =        7.76e-09 Ry
Charge normalization constant -1.0: -6.661338e-16
Charge density mixing: Broyden


KOHN SHAM EIGENVALUES [eV] AT K-POINT [  0]:       0.000000      0.000000      0.000000

[kpt   0  12   0]   -18.8870 [2.000]   -17.9026 [2.000]   -17.9026 [2.000]   -17.9026 [2.000]   -17.9026 [2.000]
[kpt   0  12   1]   -17.9026 [2.000]   -17.9026 [2.000]   -16.5502 [2.000]   -16.5502 [2.000]   -16.5502 [2.000]
[kpt   0  12   2]   -16.5501 [2.000]   -16.5501 [2.000]   -16.5501 [2.000]   -16.5183 [2.000]   -16.5183 [2.000]
[kpt   0  12   3]   -16.5183 [2.000]    -9.3351 [2.000]    -6.9266 [2.000]    -6.9266 [2.000]    -6.9266 [2.000]
[kpt   0  12   4]    -6.9266 [2.000]    -6.9266 [2.000]    -6.9266 [2.000]    -5.1552 [2.000]    -5.1552 [2.000]
[kpt   0  12   5]    -5.1552 [2.000]    -4.5250 [2.000]    -4.5250 [2.000]    -4.5250 [2.000]    -4.5250 [2.000]
[kpt   0  12   6]    -4.5250 [2.000]    -4.5250 [2.000]    -2.1195 [2.000]    -2.1195 [2.000]    -2.1195 [2.000]
[kpt   0  12   7]    -2.1195 [2.000]    -2.1195 [2.000]    -2.1195 [2.000]    -1.8770 [2.000]    -1.8770 [2.000]
[kpt   0  12   8]    -1.6848 [2.000]    -1.6848 [2.000]    -1.6848 [2.000]    -1.6848 [2.000]    -1.6848 [2.000]
[kpt   0  12   9]    -1.6848 [2.000]    -1.2250 [2.000]    -1.2250 [2.000]    -1.2250 [2.000]    -0.5679 [2.000]
[kpt   0  12  10]    -0.5679 [2.000]    -0.5679 [2.000]    -0.5679 [2.000]    -0.5679 [2.000]    -0.5679 [2.000]
[kpt   0  12  11]     0.3372 [2.000]     0.3372 [2.000]     0.3373 [2.000]     0.3373 [2.000]     0.3373 [2.000]
[kpt   0  12  12]     0.3373 [2.000]     1.1011 [2.000]     1.1011 [2.000]     1.1011 [2.000]     6.7887 [0.000]
[kpt   0  12  13]     9.7561 [0.000]     9.7562 [0.000]     9.7562 [0.000]     9.7562 [0.000]     9.7562 [0.000]
[kpt   0  12  14]     9.7562 [0.000]    10.5928 [0.000]    10.5929 [0.000]    10.5929 [0.000]    12.2049 [0.000]
[kpt   0  12  15]    13.0506 [0.000]    13.0507 [0.000]    13.0507 [0.000]    13.0507 [0.000]



Total charge in supercell =     128.00000000
 quench: [md:   0/100  scf:  12/30  step time:   0.24  scf time:     3.39 secs  RMS[dV]: 3.03e-06 ]


average potential <V> = -1.11e-16
Davidson converged in 3 steps

FERMI ENERGY =      1.10110325 eV
@@ EIGENVALUE SUM     =      -58.358408 Ry
@@ ION_ION            =     -272.916107 Ry
@@ ELECTROSTATIC      =     -286.334902 Ry
@@ VXC                =     -178.452446 Ry
@@ EXC                =     -137.357860 Ry
@@ TOTAL ENERGY       =     -576.514831 Ry
@@ estimated error    =        6.93e-10 Ry
Charge normalization constant -1.0: 2.220446e-16
Charge density mixing: Broyden


KOHN SHAM EIGENVALUES [eV] AT K-POINT [  0]:       0.000000      0.000000      0.000000

[kpt   0  13   0]   -18.8870 [2.000]   -17.9026 [2.000]   -17.9026 [2.000]   -17.9026 [2.000]   -17.9026 [2.000]
[kpt   0  13   1]   -17.9026 [2.000]   -17.9026 [2.000]   -16.5501 [2.000]   -16.5501 [2.000]   -16.5501 [2.000]
[kpt   0  13   2]   -16.5501 [2.000]   -16.5501 [2.000]   -16.5501 [2.000]   -16.5183 [2.000]   -16.5183 [2.000]
[kpt   0  13   3]   -16.5183 [2.000]    -9.3350 [2.000]    -6.9266 [2.000]    -6.9266 [2.000]    -6.9266 [2.000]
[kpt   0  13   4]    -6.9265 [2.000]    -6.9265 [2.000]    -6.9265 [2.000]    -5.1552 [2.000]    -5.1552 [2.000]
[kpt   0  13   5]    -5.1552 [2.000]    -4.5250 [2.000]    -4.5250 [2.000]    -4.5250 [2.000]    -4.5250 [2.000]
[kpt   0  13   6]    -4.5250 [2.000]    -4.5250 [2.000]    -2.1195 [2.000]    -2.1195 [2.000]    -2.1195 [2.000]
[kpt   0  13   7]    -2.1195 [2.000]    -2.1195 [2.000]    -2.1195 [2.000]    -1.8770 [2.000]    -1.8770 [2.000]
[kpt   0  13   8]    -1.6848 [2.000]    -1.6848 [2.000]    -1.6848 [2.000]    -1.6848 [2.000]    -1.6848 [2.000]
[kpt   0  13   9]    -1.6848 [2.000]    -1.2250 [2.000]    -1.2250 [2.000]    -1.2250 [2.000]    -0.5679 [2.000]
[kpt   0  13  10]    -0.5679 [2.000]    -0.5679 [2.000]    -0.5679 [2.000]    -0.5679 [2.000]    -0.5679 [2.000]
[kpt   0  13  11]     0.3373 [2.000]     0.3373 [2.000]     0.3373 [2.000]     0.3373 [2.000]     0.3373 [2.000]
[kpt   0  13  12]     0.3373 [2.000]     1.1011 [2.000]     1.1011 [2.000]     1.1011 [2.000]     6.7887 [0.000]
[kpt   0  13  13]     9.7560 [0.000]     9.7560 [0.000]     9.7560 [0.000]     9.7560 [0.000]     9.7560 [0.000]
[kpt   0  13  14]     9.7560 [0.000]    10.5928 [0.000]    10.5928 [0.000]    10.5929 [0.000]    12.2049 [0.000]
[kpt   0  13  15]    13.0506 [0.000]    13.0506 [0.000]    13.0506 [0.000]    13.0506 [0.000]



Total charge in supercell =     128.00000000
 quench: [md:   0/100  scf:  13/30  step time:   0.31  scf time:     3.70 secs  RMS[dV]: 2.03e-06 ]



 Convergence criterion reached: Energy variation (9.09e-11) is lower than threshold (1.00e-10)

potential convergence has been achieved. stopping ...

[   0  14   14        5 ] Quench.cpp: 
@@ TOTAL ENEGY Components 
@@ ION_ION            =     -272.916107 Ry
@@ ELECTROSTATIC      =      286.334902 Ry
@@ EXC                =     -137.357878 Ry
@@ vdw correction     =        0.000000 Ry
@@ LdaU correction    =        0.000000 Ry
@@ total              =        0.000000 Ry
final total energy from eig sum =    -576.51483084 Ry


KOHN SHAM EIGENVALUES [eV] AT K-POINT [  0]:       0.000000      0.000000      0.000000

[kpt   0  14   0]   -18.8870 [2.000]   -17.9026 [2.000]   -17.9026 [2.000]   -17.9026 [2.000]   -17.9026 [2.000]
[kpt   0  14   1]   -17.9026 [2.000]   -17.9026 [2.000]   -16.5501 [2.000]   -16.5501 [2.000]   -16.5501 [2.000]
[kpt   0  14   2]   -16.5501 [2.000]   -16.5501 [2.000]   -16.5501 [2.000]   -16.5183 [2.000]   -16.5183 [2.000]
[kpt   0  14   3]   -16.5183 [2.000]    -9.3350 [2.000]    -6.9266 [2.000]    -6.9266 [2.000]    -6.9266 [2.000]
[kpt   0  14   4]    -6.9265 [2.000]    -6.9265 [2.000]    -6.9265 [2.000]    -5.1552 [2.000]    -5.1552 [2.000]
[kpt   0  14   5]    -5.1552 [2.000]    -4.5250 [2.000]    -4.5250 [2.000]    -4.5250 [2.000]    -4.5250 [2.000]
[kpt   0  14   6]    -4.5250 [2.000]    -4.5250 [2.000]    -2.1195 [2.000]    -2.1195 [2.000]    -2.1195 [2.000]
[kpt   0  14   7]    -2.1195 [2.000]    -2.1195 [2.000]    -2.1195 [2.000]    -1.8770 [2.000]    -1.8770 [2.000]
[kpt   0  14   8]    -1.6848 [2.000]    -1.6848 [2.000]    -1.6848 [2.000]    -1.6848 [2.000]    -1.6848 [2.000]
[kpt   0  14   9]    -1.6848 [2.000]    -1.2250 [2.000]    -1.2250 [2.000]    -1.2250 [2.000]    -0.5679 [2.000]
[kpt   0  14  10]    -0.5679 [2.000]    -0.5679 [2.000]    -0.5679 [2.000]    -0.5679 [2.000]    -0.5679 [2.000]
[kpt   0  14  11]     0.3373 [2.000]     0.3373 [2.000]     0.3373 [2.000]     0.3373 [2.000]     0.3373 [2.000]
[kpt   0  14  12]     0.3373 [2.000]     1.1011 [2.000]     1.1011 [2.000]     1.1011 [2.000]     6.7887 [0.000]
[kpt   0  14  13]     9.7560 [0.000]     9.7560 [0.000]     9.7560 [0.000]     9.7560 [0.000]     9.7560 [0.000]
[kpt   0  14  14]     9.7560 [0.000]    10.5928 [0.000]    10.5928 [0.000]    10.5929 [0.000]    12.2049 [0.000]
[kpt   0  14  15]    13.0506 [0.000]    13.0506 [0.000]    13.0506 [0.000]    13.0506 [0.000]



Total charge in supercell =     128.00000000
 volume and energy per atom =        15.03933867       -326.82847358 eV

 Vdd took 0.000195 seconds
WriteRestart: Output file given as /dev/null, no restart data written ...



  IONIC POSITIONS [a0] AND FORCES [Ry/a0]
  Charge analysis using: Voronoi Deformation Density

@ION  Ion  Species       X           Y           Z       Charge       FX          FY         FZ      Movable
@ION    1    Si      0.0000000   0.0000000   0.0000000    0.448    0.0000001   0.0000001   0.0000003  1 1 1
@ION    2    Si      3.3637125   3.3637125   3.3637125    0.445   -0.0000002  -0.0000002  -0.0000002  1 1 1
@ION    3    Si     10.0911375   3.3637125  10.0911375    0.445   -0.0000002  -0.0000001  -0.0000002  1 1 1
@ION    4    Si      3.3637125  10.0911375  10.0911375    0.445   -0.0000001  -0.0000001  -0.0000001  1 1 1
@ION    5    Si     10.0911375  10.0911375   3.3637125    0.447   -0.0000000   0.0000000  -0.0000002  1 1 1
@ION    6    Si      0.0000000   6.7274250   6.7274250    0.450    0.0000001   0.0000000   0.0000002  1 1 1
@ION    7    Si      6.7274250   0.0000000   6.7274250    0.450    0.0000001   0.0000002   0.0000002  1 1 1
@ION    8    Si      6.7274250   6.7274250   0.0000000    0.448    0.0000001   0.0000000   0.0000001  1 1 1
@ION    9     O      1.6818563   1.6818563   1.6818563   -0.217   -0.0000000  -0.0000000   0.0000001  1 1 1
@ION   10     O     11.7729938   1.6818563  11.7729938   -0.219    0.0000000  -0.0000000   0.0000000  1 1 1
@ION   11     O      1.6818563  11.7729938  11.7729938   -0.223    0.0000001  -0.0000001   0.0000000  1 1 1
@ION   12     O     11.7729938  11.7729938   1.6818563   -0.227   -0.0000000  -0.0000001   0.0000001  1 1 1
@ION   13     O      1.6818563   8.4092813   8.4092813   -0.219   -0.0000001  -0.0000000   0.0000000  1 1 1
@ION   14     O      8.4092813   1.6818563   8.4092813   -0.219   -0.0000000   0.0000000  -0.0000000  1 1 1
@ION   15     O      8.4092813   8.4092813   1.6818563   -0.221    0.0000001   0.0000001   0.0000000  1 1 1
@ION   16     O     11.7729938   8.4092813   5.0455688   -0.221    0.0000000  -0.0000000   0.0000000  1 1 1
@ION   17     O      5.0455688   1.6818563   5.0455688   -0.220    0.0000001  -0.0000001   0.0000001  1 1 1
@ION   18     O      5.0455688   8.4092813  11.7729938   -0.221    0.0000000  -0.0000000  -0.0000000  1 1 1
@ION   19     O      1.6818563   5.0455688   5.0455688   -0.227   -0.0000001   0.0000000   0.0000000  1 1 1
@ION   20     O      8.4092813  11.7729938   5.0455688   -0.229   -0.0000000   0.0000001   0.0000001  1 1 1
@ION   21     O      8.4092813   5.0455688  11.7729938   -0.225   -0.0000000   0.0000001  -0.0000001  1 1 1
@ION   22     O     11.7729938   5.0455688   8.4092813   -0.230    0.0000001   0.0000001  -0.0000001  1 1 1
@ION   23     O      5.0455688  11.7729938   8.4092813   -0.230    0.0000000   0.0000000   0.0000001  1 1 1
@ION   24     O      5.0455688   5.0455688   1.6818563   -0.232    0.0000000  -0.0000000  -0.0000001  1 1 1

 mean FX      =   0.00000006 Ry/a0
 mean FY      =   0.00000006 Ry/a0
 mean FZ      =   0.00000009 Ry/a0

 max FX       =   0.00000021 Ry/a0   (ion 3)
 max FY       =   0.00000019 Ry/a0   (ion 2)
 max FZ       =   0.00000030 Ry/a0   (ion 1)
 max F[x,y,z] =   0.00000030 Ry/a0
 max |F|      =   0.00000035 Ry/a0   (ion 2)

 sum FX       =   0.00000007 Ry/a0
 sum FY       =   0.00000001 Ry/a0
 sum FZ       =   0.00000020 Ry/a0
 Average      =   0.00000009 Ry/a0
 sqrt < F^2 > =   0.00000010 Ry/a0

WriteRestart: Output file given as /dev/null, no restart data written ...


--------TIMING INFORMATION FOR Processor owned the most atoms----------------
                                        Total time               Per SCF/step

1-TOTAL                                             5.06                0.36
-----------------------------------------------------------------------------
  1-TOTAL: Init                                     1.01                0.07
  1-TOTAL: run                                      4.05                0.29
  ---------------------------------------------------------------------------
    1-TOTAL: run: Force                             0.34                0.02
    1-TOTAL: run: Scf steps                         3.63                0.26

2-Force                                             0.34                0.02
-----------------------------------------------------------------------------
  2-Force: core correction                          0.00                0.00
  2-Force: corrections                              0.08                0.01
  2-Force: ion-ion                                  0.05                0.00
  2-Force: local                                    0.08                0.01
  2-Force: non-local                                0.12                0.01
  2-Force: non-local-betaxpsi                       0.02                0.00
  2-Force: non-local-get gamma                      0.00                0.00
  2-Force: non-local-nlforce_par_Q                  0.01                0.00
  2-Force: non-local-nlforce_par_gamma              0.00                0.00
  2-Force: non-local-nlforce_par_omega              0.00                0.00
  2-Force: non-local-partial gamma                  0.00                0.00
  2-Force: non-local-veff grad                      0.01                0.00

2-Init                                              1.01                0.07
-----------------------------------------------------------------------------
  2-Init: GetNewRho                                 0.02                0.00
  2-Init: KpointClass                               0.42                0.03
  2-Init: LcaoGetPsi                                0.03                0.00
  2-Init: LcaoGetRho                                0.06                0.00
  2-Init: ReinitIonicPotentials                     0.10                0.01
  2-Init: betaxpsi                                  0.01                0.00
  2-Init: exchange/correlation                      0.02                0.00
  2-Init: hartree                                   0.01                0.00
  2-Init: normalization                             0.00                0.00
  2-Init: radial potentials                         0.22                0.02
  2-Init: subdiag                                   0.03                0.00
  2-Init: weights                                   0.00                0.00

2-Scf steps                                         3.63                0.26
-----------------------------------------------------------------------------
  2-Scf steps: Davidson                             2.14                0.15
  2-Scf steps: GetNewRho                            0.31                0.02
  2-Scf steps: Hartree                              0.24                0.02
  2-Scf steps: MgridSubspace                        0.60                0.04
  2-Scf steps: MixRho                               0.02                0.00
  2-Scf steps: exchange/correlation                 0.23                0.02

3-MgridSubspace                                     0.60                0.04
-----------------------------------------------------------------------------
  3-MgridSubspace: AppNls                           0.04                0.00
  3-MgridSubspace: Beta x psi                       0.07                0.00
  3-MgridSubspace: Diagonalization                  0.10                0.01
  3-MgridSubspace: Mg_eig                           0.38                0.03

3-ReinitIonicPotentials                             0.10                0.01
-----------------------------------------------------------------------------
  3-ReinitIonicPotentials: GetNlop                  0.00                0.00
  3-ReinitIonicPotentials: GetWeight                0.06                0.00
  3-ReinitIonicPotentials: get_QI                   0.00                0.00
  3-ReinitIonicPotentials: get_qqq                  0.00                0.00
  3-ReinitIonicPotentials: init_nuc                 0.04                0.00

4-Diagonalization                                   0.13                0.01
-----------------------------------------------------------------------------
  4-Diagonalization: ELPA/PDSYGVX/PZHEGVX           0.01                0.00
  4-Diagonalization: Hpsi                           0.08                0.01
  4-Diagonalization: MPI_Bcast                      0.00                0.00
  4-Diagonalization: Update orbitals                0.02                0.00
  ---------------------------------------------------------------------------
    4-Diagonalization: Update orbitals: gather           0.00                0.00
    4-Diagonalization: Update orbitals: gemm           0.01                0.00
  4-Diagonalization: matrix                         0.02                0.00
  ---------------------------------------------------------------------------
    4-Diagonalization: matrix: Allreduce            0.00                0.00
    4-Diagonalization: matrix: Gemm                 0.02                0.00

5-Functional                                        0.24                0.02
-----------------------------------------------------------------------------
  5-Functional: apply gradient                      0.03                0.00
  5-Functional: apply laplacian                     0.01                0.00
  5-Functional: libxc                               0.10                0.01
  5-Functional: vxc                                 0.24                0.02
  5-Functional: vxc grad                            0.14                0.01
  5-Functional: vxc local                           0.03                0.00
  5-Functional: vxc nonlocal                        0.00                0.00

6-Davidson                                          2.14                0.15
-----------------------------------------------------------------------------
  6-Davidson: Betaxpsi                              0.24                0.02
  6-Davidson: apply hamiltonian                     0.42                0.03
  6-Davidson: diagonalization                       0.29                0.02
  6-Davidson: generate residuals                    0.15                0.01
  6-Davidson: matrix setup/reduce                   0.27                0.02
  6-Davidson: normalization                         0.01                0.00
  6-Davidson: precondition                          0.63                0.04
  6-Davidson: rotate orbitals                       0.07                0.01

AppNls                                              0.25                0.02
-----------------------------------------------------------------------------
  AppNls: data_rearrange                            0.00                0.00
  ---------------------------------------------------------------------------
    AppNls: data_rearrange: alloc and zeros           0.00                0.00
    AppNls: data_rearrange: dnm                     0.00                0.00
    AppNls: data_rearrange: sint                    0.00                0.00
  AppNls: nv                                        0.21                0.02
  AppNls: nv_work                                   0.00                0.00

App_gradient                                        0.02                0.00

CPUFD                                               0.00                0.00

Compute Hpsi                                        0.08                0.01
-----------------------------------------------------------------------------
  Compute Hpsi: AppNls                              0.03                0.00
  Compute Hpsi: Threaded Apply H                    0.04                0.00

GlobalSums                                          0.14                0.01

Init                                                0.59                0.04

Init Voronoi                                        0.07                0.00

Mix rho                                             0.02                0.00
-----------------------------------------------------------------------------
  Mix rho: Broyden                                  0.02                0.00
  Mix rho: Linear                                   0.00                0.00

Orbital                                             0.00                0.00
-----------------------------------------------------------------------------
  Orbital: phase and set                            0.00                0.00
  Orbital: proj cal                                 0.00                0.00
  Trade images: trade_images                        0.00                0.00
  Trade images: trade_imagesx                       0.03                0.00

VhPfft                                              0.12                0.01

Weight                                              0.00                0.00

radial beta                                         0.18                0.01


------------------------- TIMING INFORMATION FOR THREADS  -------------------

                                           Min            Max            Avg
CPUFD                                      0.09           0.09           0.09
-----------------------------------------------------------------------------

GlobalSums                                 0.07           0.07           0.07
-----------------------------------------------------------------------------

Mg_eig                                     0.37           0.37           0.37
-----------------------------------------------------------------------------
  Mg_eig: apply hamiltonian                0.16           0.16           0.16
  Mg_eig: mgrid_solv                       0.13           0.13           0.13
  Trade images: trade_images               0.55           0.55           0.55
  Trade images: trade_imagesx              0.43           0.43           0.43
