RMG initialization ... 1 image(s) total, 1 per node. 32 MPI processes/image. Thread level 2.
FFT-FD  0.000000e+00   7.854626e-01   7.853381e-01   1.244959e-04
FFT-FD  1.000000e+00   7.854626e-01   7.853381e-01   1.244959e-04
IP=0 M = 0.000000e+00  -inf  1.244959e-04
FFT-FD  0.000000e+00   2.257188e+00   2.256528e+00   6.593774e-04
FFT-FD  1.000000e+00   2.257188e+00   2.256528e+00   6.593774e-04
IP=1 M = 0.000000e+00  -inf  6.593774e-04
FFT-FD  0.000000e+00   2.257188e+00   2.256528e+00   6.593774e-04
FFT-FD  1.000000e+00   2.257188e+00   2.256528e+00   6.593774e-04
IP=2 M = 0.000000e+00  -inf  6.593774e-04
FFT-FD  0.000000e+00   2.257188e+00   2.256528e+00   6.593774e-04
FFT-FD  1.000000e+00   2.257188e+00   2.256528e+00   6.593774e-04
IP=3 M = 0.000000e+00  -inf  6.593774e-04
FFT-FD  0.000000e+00   2.678435e-01   2.678429e-01   5.115701e-07
FFT-FD  1.000000e+00   2.678435e-01   2.678429e-01   5.115701e-07
IP=0 M = 0.000000e+00  -inf  5.115701e-07
FFT-FD  0.000000e+00   3.882435e-01   3.882435e-01   1.103374e-08
FFT-FD  1.000000e+00   3.882435e-01   3.882435e-01   1.103374e-08
IP=1 M = 0.000000e+00  -inf  1.103374e-08
FFT-FD  0.000000e+00   3.882435e-01   3.882435e-01   1.103374e-08
FFT-FD  1.000000e+00   3.882435e-01   3.882435e-01   1.103374e-08
IP=2 M = 0.000000e+00  -inf  1.103374e-08
FFT-FD  0.000000e+00   3.882435e-01   3.882435e-01   1.103374e-08
FFT-FD  1.000000e+00   3.882435e-01   3.882435e-01   1.103374e-08
IP=3 M = 0.000000e+00  -inf  1.103374e-08
NEWCFAC = 0.000000  0.000000


                     * * * * * * * * * *
                     *    R   M   G    *
                     * * * * * * * * * *

     -- A Real Space Multigrid Electronic structure code --
     --      More information at www.rmgdft.org          --

Code Revision:     v5.1.0_53_g887bfc3b
Build Date:        May 15 2023  14:30:00
Start time:        Wed May 17 14:03:12 2023

NOTICE: RMG internal pseudopotentials have switched to
ONCVP from Ultrasoft. You can revert to Ultrasoft by
adding the input tag internal_pseudo_type="ultrasoft" to
your input files.


Files
   Control input file:        input2
   Data output file:          /dev/null

Run Setup
    Calculation type:         Quench electrons - Fixed ions SCF calculation
    Description:              SiO2
    Orbital Initialization:   LCAO (96 LCAO and 0 random orbitals)
    Exchange Correlation:     pbe
    Spin Polarization:        OFF
    System charge:            Neutral

Processor Topology
   Total PEs:                 32
   X direction:               4
   Y direction:               4
   Z direction:               2
   MG Threads/PE:             1
   OMP Threads/PE:            1

Grid Points  (Linear Anisotropy: 1.000)
    X:  Total: 44   Per PE: 11   Spacing:0.306 a0  
    Y:  Total: 44   Per PE: 11   Spacing:0.306 a0  
    Z:  Total: 44   Per PE: 22   Spacing:0.306 a0  

    Equivalent energy cutoffs (psi,rho):   105.547    422.189 Ry

    Charge density grid:         2 times finer

Coordinate planes
  Planar Anisotropy: 1.000
  A0-A1 density:    10.694
  A0-A2 density:    10.694
  A1-A2 density:    10.694


Lattice (Cell) Setup
    Type:                       Orthorhombic_primitive
    Volume (a0^3):               2435.77
    Boundary conditions:        Periodic

    X Basis Vector:      13.455       0.000       0.000 a0
    Y Basis Vector:       0.000      13.455       0.000 a0
    Z Basis Vector:       0.000       0.000      13.455 a0
    X Reci Vector:       0.074      -0.000       0.000 a0
    Y Reci Vector:       0.000       0.074       0.000 a0
    Z Reci Vector:       0.000      -0.000       0.074 a0

K-points
    Gamma Point Only (real orbitals)

Atoms and States
    Number of ions:                          24
    Number of species:                       2
    Number of states:                        79

Run Parameters
    SCF Convergence criterion (potential):   1.00e-10
    SCF Convergence criterion (energy):      1.00e-10
    Max SCF steps:                           30

SCF Cycle Settings
    Charge density mixing:                   Broyden
    Hartree Solver:                          PFFT
    Interpolation type:                      FFT

Finite Difference parameters
    Kohn Sham FD Order:                      10  
    Force Gradient Order:                    FFT
    Adaptive Finite Differencing:            Off

Subspace Diagonalization Options
    Frequency:                               every 1 SCF step(s)
    Driver:                                  ScaLapack
    Initial diagonalization:                 ON
    Folded spectrum:                         OFF

Filtering Cutoff  Parameters
    Wavefunction grid (cparm):               0.800
    Charge density grid (rhocparm):          1.000
    Filter factor:                           1.000

Multigrid (MG) Parameters
    Psi MG levels:                           3
    Psi global step:                         0.660 
    Psi pre:                                 2
    Psi post:                                2

Davidson Parameters
    Davidson multiplier:                     4
    Davidson max step:                       8
    Davidson unocc tol factor:               1000.000

Blas Libraries
    CPU support with openblas-parallel.


Atomic Species Information
(PP = Pseudopotential, US = Ultrasoft, NC = Norm Conserving)
-------------------------------------------------------------------------
|Index|Symbol| Mass|Valence| PP |  Comp  |Local| Local|Nlocal|    PP    |
|     |      |     |       |Type|Gaussian|  l  |Radius|Radius|Functional|
-------------------------------------------------------------------------
|    1|     O| 15.0|   6.00|  NC|    0.50|   -1| 10.00|  7.00|       PBE|
|    2|    Si| 28.0|   4.00|  NC|    0.50|   -1| 10.00|  7.00|       PBE|
-------------------------------------------------------------------------

Pseudopotential generation information:
   O pseudopotential file: ./@Internal
      Generation info     : Generated using ONCVPSP code by D. R. Hamann
      Author info         : anonymous
  Si pseudopotential file: ./@Internal
      Generation info     : Generated using ONCVPSP code by D. R. Hamann
      Author info         : anonymous


Memory usage (Mbytes):     Min        Max       Total
    wave functions          6.73       6.73     215.38
    beta-functions          4.09       4.09     130.88



Initial Ionic Positions And Displacements (Bohr)
Species      X           Y           Z           dX          dY          dZ
  Si       0.0000      0.0000      0.0000      0.0000      0.0000      0.0000
  Si       3.3637      3.3637      3.3637      0.0000      0.0000      0.0000
  Si      10.0911      3.3637     10.0911      0.0000      0.0000      0.0000
  Si       3.3637     10.0911     10.0911      0.0000      0.0000      0.0000
  Si      10.0911     10.0911      3.3637      0.0000      0.0000      0.0000
  Si       0.0000      6.7274      6.7274      0.0000      0.0000      0.0000
  Si       6.7274      0.0000      6.7274      0.0000      0.0000      0.0000
  Si       6.7274      6.7274      0.0000      0.0000      0.0000      0.0000
  O        1.6819      1.6819      1.6819      0.0000      0.0000      0.0000
  O       11.7730      1.6819     11.7730      0.0000      0.0000      0.0000
  O        1.6819     11.7730     11.7730      0.0000      0.0000      0.0000
  O       11.7730     11.7730      1.6819      0.0000      0.0000      0.0000
  O        1.6819      8.4093      8.4093      0.0000      0.0000      0.0000
  O        8.4093      1.6819      8.4093      0.0000      0.0000      0.0000
  O        8.4093      8.4093      1.6819      0.0000      0.0000      0.0000
  O       11.7730      8.4093      5.0456      0.0000      0.0000      0.0000
  O        5.0456      1.6819      5.0456      0.0000      0.0000      0.0000
  O        5.0456      8.4093     11.7730      0.0000      0.0000      0.0000
  O        1.6819      5.0456      5.0456      0.0000      0.0000      0.0000
  O        8.4093     11.7730      5.0456      0.0000      0.0000      0.0000
  O        8.4093      5.0456     11.7730      0.0000      0.0000      0.0000
  O       11.7730      5.0456      8.4093      0.0000      0.0000      0.0000
  O        5.0456     11.7730      8.4093      0.0000      0.0000      0.0000
  O        5.0456      5.0456      1.6819      0.0000      0.0000      0.0000


Initial Ionic Positions And Displacements (Angstrom)
Species      X           Y           Z           dX          dY          dZ
  Si       0.0000      0.0000      0.0000      0.0000      0.0000      0.0000
  Si       1.7800      1.7800      1.7800      0.0000      0.0000      0.0000
  Si       5.3400      1.7800      5.3400      0.0000      0.0000      0.0000
  Si       1.7800      5.3400      5.3400      0.0000      0.0000      0.0000
  Si       5.3400      5.3400      1.7800      0.0000      0.0000      0.0000
  Si       0.0000      3.5600      3.5600      0.0000      0.0000      0.0000
  Si       3.5600      0.0000      3.5600      0.0000      0.0000      0.0000
  Si       3.5600      3.5600      0.0000      0.0000      0.0000      0.0000
  O        0.8900      0.8900      0.8900      0.0000      0.0000      0.0000
  O        6.2300      0.8900      6.2300      0.0000      0.0000      0.0000
  O        0.8900      6.2300      6.2300      0.0000      0.0000      0.0000
  O        6.2300      6.2300      0.8900      0.0000      0.0000      0.0000
  O        0.8900      4.4500      4.4500      0.0000      0.0000      0.0000
  O        4.4500      0.8900      4.4500      0.0000      0.0000      0.0000
  O        4.4500      4.4500      0.8900      0.0000      0.0000      0.0000
  O        6.2300      4.4500      2.6700      0.0000      0.0000      0.0000
  O        2.6700      0.8900      2.6700      0.0000      0.0000      0.0000
  O        2.6700      4.4500      6.2300      0.0000      0.0000      0.0000
  O        0.8900      2.6700      2.6700      0.0000      0.0000      0.0000
  O        4.4500      6.2300      2.6700      0.0000      0.0000      0.0000
  O        4.4500      2.6700      6.2300      0.0000      0.0000      0.0000
  O        6.2300      2.6700      4.4500      0.0000      0.0000      0.0000
  O        2.6700      6.2300      4.4500      0.0000      0.0000      0.0000
  O        2.6700      2.6700      0.8900      0.0000      0.0000      0.0000

Diagonalization using scalapack for step=0  count=0



KOHN SHAM EIGENVALUES [eV] AT K-POINT [  0]:       0.000000      0.000000      0.000000

[kpt   0  -1   0]   -22.2097 [2.000]   -21.3883 [2.000]   -21.3883 [2.000]   -21.3883 [2.000]   -21.3883 [2.000]
[kpt   0  -1   1]   -21.3883 [2.000]   -21.3883 [2.000]   -20.2944 [2.000]   -20.2944 [2.000]   -20.2944 [2.000]
[kpt   0  -1   2]   -20.2746 [2.000]   -20.2746 [2.000]   -20.2746 [2.000]   -20.2746 [2.000]   -20.2746 [2.000]
[kpt   0  -1   3]   -20.2746 [2.000]   -11.9812 [2.000]    -9.9065 [2.000]    -9.9065 [2.000]    -9.9065 [2.000]
[kpt   0  -1   4]    -9.9065 [2.000]    -9.9065 [2.000]    -9.9065 [2.000]    -8.2366 [2.000]    -8.2366 [2.000]
[kpt   0  -1   5]    -8.2366 [2.000]    -7.9233 [2.000]    -7.9233 [2.000]    -7.9233 [2.000]    -7.9233 [2.000]
[kpt   0  -1   6]    -7.9233 [2.000]    -7.9233 [2.000]    -5.0482 [2.000]    -5.0482 [2.000]    -5.0482 [2.000]
[kpt   0  -1   7]    -5.0482 [2.000]    -5.0482 [2.000]    -5.0482 [2.000]    -4.9542 [2.000]    -4.9542 [2.000]
[kpt   0  -1   8]    -4.7629 [2.000]    -4.7629 [2.000]    -4.7629 [2.000]    -4.7629 [2.000]    -4.7629 [2.000]
[kpt   0  -1   9]    -4.7629 [2.000]    -4.5350 [2.000]    -4.5350 [2.000]    -4.5350 [2.000]    -4.0049 [2.000]
[kpt   0  -1  10]    -4.0049 [2.000]    -4.0049 [2.000]    -4.0049 [2.000]    -4.0049 [2.000]    -4.0049 [2.000]
[kpt   0  -1  11]    -3.4253 [2.000]    -3.4253 [2.000]    -3.4253 [2.000]    -3.4253 [2.000]    -3.4253 [2.000]
[kpt   0  -1  12]    -3.4253 [2.000]    -2.9536 [2.000]    -2.9536 [2.000]    -2.9536 [2.000]     7.5992 [0.000]
[kpt   0  -1  13]    10.2668 [0.000]    10.2668 [0.000]    10.2668 [0.000]    10.2668 [0.000]    10.2668 [0.000]
[kpt   0  -1  14]    10.2668 [0.000]    12.4032 [0.000]    12.4032 [0.000]    12.4032 [0.000]    13.3626 [0.000]
[kpt   0  -1  15]    13.3626 [0.000]    13.3626 [0.000]    13.3626 [0.000]    13.3626 [0.000]    13.3626 [0.000]
[kpt   0  -1  16]    15.0279 [0.000]    15.0279 [0.000]    15.0279 [0.000]    15.0279 [0.000]    15.0279 [0.000]
[kpt   0  -1  17]    15.0279 [0.000]    15.3427 [0.000]    15.3427 [0.000]    15.3427 [0.000]    15.3427 [0.000]
[kpt   0  -1  18]    15.3427 [0.000]    15.3427 [0.000]    16.6277 [0.000]    16.6277 [0.000]    16.6277 [0.000]
[kpt   0  -1  19]    17.1823 [0.000]


Charge normalization constant -1.0: -1.776357e-15
Charge density mixing: Linear with a constant of 0.50 

Diagonalization using scalapack for step=0  count=1


FERMI ENERGY =     -0.23018352 eV
@@ EIGENVALUE SUM     =      -67.049625 Ry
@@ ION_ION            =     -272.916107 Ry
@@ ELECTROSTATIC      =     -284.907467 Ry
@@ VXC                =     -179.043947 Ry
@@ EXC                =     -137.847162 Ry
@@ TOTAL ENERGY       =     -583.676413 Ry
@@ estimated error    =   ****************
Charge normalization constant -1.0: 2.220446e-16
Charge density mixing: Linear with a constant of 0.50 
WriteRestart: Output file given as /dev/null, no restart data written ...


KOHN SHAM EIGENVALUES [eV] AT K-POINT [  0]:       0.000000      0.000000      0.000000

[kpt   0   0   0]   -19.8156 [2.000]   -18.8546 [2.000]   -18.8508 [2.000]   -18.8464 [2.000]   -18.8442 [2.000]
[kpt   0   0   1]   -18.8345 [2.000]   -18.8296 [2.000]   -17.5625 [2.000]   -17.5481 [2.000]   -17.5426 [2.000]
[kpt   0   0   2]   -17.5322 [2.000]   -17.5298 [2.000]   -17.5287 [2.000]   -17.5268 [2.000]   -17.5252 [2.000]
[kpt   0   0   3]   -17.5246 [2.000]    -9.7314 [2.000]    -7.5147 [2.000]    -7.5036 [2.000]    -7.5020 [2.000]
[kpt   0   0   4]    -7.4979 [2.000]    -7.4909 [2.000]    -7.4863 [2.000]    -5.9269 [2.000]    -5.9164 [2.000]
[kpt   0   0   5]    -5.9134 [2.000]    -5.2497 [2.000]    -5.2484 [2.000]    -5.2447 [2.000]    -5.2365 [2.000]
[kpt   0   0   6]    -5.2326 [2.000]    -5.2314 [2.000]    -3.0175 [2.000]    -3.0146 [2.000]    -3.0120 [2.000]
[kpt   0   0   7]    -3.0110 [2.000]    -3.0105 [2.000]    -3.0086 [2.000]    -2.8162 [2.000]    -2.8158 [2.000]
[kpt   0   0   8]    -2.6841 [2.000]    -2.6822 [2.000]    -2.6788 [2.000]    -2.6775 [2.000]    -2.6752 [2.000]
[kpt   0   0   9]    -2.6561 [2.000]    -2.1135 [2.000]    -2.1121 [2.000]    -2.1020 [2.000]    -1.6302 [2.000]
[kpt   0   0  10]    -1.6297 [2.000]    -1.6235 [2.000]    -1.6199 [2.000]    -1.6188 [2.000]    -1.6155 [2.000]
[kpt   0   0  11]    -0.8330 [2.000]    -0.8322 [2.000]    -0.8320 [2.000]    -0.8282 [2.000]    -0.8274 [2.000]
[kpt   0   0  12]    -0.8263 [2.000]    -0.2387 [2.000]    -0.2326 [2.000]    -0.2302 [2.000]     8.3880 [0.000]
[kpt   0   0  13]    10.9180 [0.000]    10.9208 [0.000]    10.9211 [0.000]    10.9376 [0.000]    10.9413 [0.000]
[kpt   0   0  14]    10.9446 [0.000]    12.1452 [0.000]    12.1706 [0.000]    12.1709 [0.000]    13.9087 [0.000]
[kpt   0   0  15]    13.9115 [0.000]    13.9124 [0.000]    13.9189 [0.000]    13.9211 [0.000]



Total charge in supercell =     128.00000000
 quench: [md:   0/100  scf:   0/30  step time:   0.19  scf time:     0.24 secs  RMS[dV]: 5.25e-02 ]


average potential <V> = 3.34e-16

Diagonalization using scalapack for step=1  count=2


FERMI ENERGY =      1.28702311 eV
@@ EIGENVALUE SUM     =      -55.847503 Ry
@@ ION_ION            =     -272.916107 Ry
@@ ELECTROSTATIC      =     -297.467001 Ry
@@ VXC                =     -182.356145 Ry
@@ EXC                =     -140.422817 Ry
@@ TOTAL ENERGY       =     -584.297284 Ry
@@ estimated error    =        6.89e-01 Ry
Charge normalization constant -1.0: 8.881784e-16
Charge density mixing: Linear with a constant of 0.50 


KOHN SHAM EIGENVALUES [eV] AT K-POINT [  0]:       0.000000      0.000000      0.000000

[kpt   0   1   0]   -18.6016 [2.000]   -17.5848 [2.000]   -17.5728 [2.000]   -17.5629 [2.000]   -17.5568 [2.000]
[kpt   0   1   1]   -17.5495 [2.000]   -17.5454 [2.000]   -16.0945 [2.000]   -16.0872 [2.000]   -16.0827 [2.000]
[kpt   0   1   2]   -16.0790 [2.000]   -16.0745 [2.000]   -16.0709 [2.000]   -16.0657 [2.000]   -16.0587 [2.000]
[kpt   0   1   3]   -16.0529 [2.000]    -9.3402 [2.000]    -6.8391 [2.000]    -6.8338 [2.000]    -6.8302 [2.000]
[kpt   0   1   4]    -6.8272 [2.000]    -6.8252 [2.000]    -6.8122 [2.000]    -5.0341 [2.000]    -5.0325 [2.000]
[kpt   0   1   5]    -5.0312 [2.000]    -4.3900 [2.000]    -4.3862 [2.000]    -4.3830 [2.000]    -4.3791 [2.000]
[kpt   0   1   6]    -4.3776 [2.000]    -4.3746 [2.000]    -1.7971 [2.000]    -1.7950 [2.000]    -1.7914 [2.000]
[kpt   0   1   7]    -1.7891 [2.000]    -1.7848 [2.000]    -1.7832 [2.000]    -1.5291 [2.000]    -1.5280 [2.000]
[kpt   0   1   8]    -1.4511 [2.000]    -1.4475 [2.000]    -1.4458 [2.000]    -1.4417 [2.000]    -1.4329 [2.000]
[kpt   0   1   9]    -1.4284 [2.000]    -0.9141 [2.000]    -0.9132 [2.000]    -0.9123 [2.000]    -0.2916 [2.000]
[kpt   0   1  10]    -0.2840 [2.000]    -0.2828 [2.000]    -0.2797 [2.000]    -0.2766 [2.000]    -0.2697 [2.000]
[kpt   0   1  11]     0.5660 [2.000]     0.5689 [2.000]     0.5710 [2.000]     0.5714 [2.000]     0.5733 [2.000]
[kpt   0   1  12]     0.5798 [2.000]     1.2815 [2.000]     1.2840 [2.000]     1.2870 [2.000]     8.7930 [0.000]
[kpt   0   1  13]    11.2807 [0.000]    11.2936 [0.000]    11.2946 [0.000]    11.2967 [0.000]    11.3062 [0.000]
[kpt   0   1  14]    11.3074 [0.000]    11.7828 [0.000]    11.8076 [0.000]    11.8100 [0.000]    14.1284 [0.000]
[kpt   0   1  15]    14.1321 [0.000]    14.1331 [0.000]    14.1412 [0.000]    47.2864 [0.000]



Total charge in supercell =     128.00000000
 quench: [md:   0/100  scf:   1/30  step time:   0.17  scf time:     0.41 secs  RMS[dV]: 3.07e-02 ]


average potential <V> = -1.05e-15

Diagonalization using scalapack for step=2  count=3


FERMI ENERGY =      1.72214501 eV
@@ EIGENVALUE SUM     =      -53.413367 Ry
@@ ION_ION            =     -272.916107 Ry
@@ ELECTROSTATIC      =     -297.057985 Ry
@@ VXC                =     -181.967658 Ry
@@ EXC                =     -140.117904 Ry
@@ TOTAL ENERGY       =     -581.537705 Ry
@@ estimated error    =        1.79e-01 Ry
Charge normalization constant -1.0: 1.554312e-15
Charge density mixing: Linear with a constant of 0.50 


KOHN SHAM EIGENVALUES [eV] AT K-POINT [  0]:       0.000000      0.000000      0.000000

[kpt   0   2   0]   -18.3798 [2.000]   -17.3546 [2.000]   -17.3429 [2.000]   -17.3346 [2.000]   -17.3278 [2.000]
[kpt   0   2   1]   -17.3248 [2.000]   -17.3144 [2.000]   -15.8558 [2.000]   -15.8488 [2.000]   -15.8466 [2.000]
[kpt   0   2   2]   -15.8427 [2.000]   -15.8370 [2.000]   -15.8308 [2.000]   -15.8055 [2.000]   -15.7965 [2.000]
[kpt   0   2   3]   -15.7891 [2.000]    -9.1925 [2.000]    -6.6555 [2.000]    -6.6528 [2.000]    -6.6498 [2.000]
[kpt   0   2   4]    -6.6489 [2.000]    -6.6445 [2.000]    -6.6381 [2.000]    -4.8357 [2.000]    -4.8331 [2.000]
[kpt   0   2   5]    -4.8290 [2.000]    -4.1975 [2.000]    -4.1948 [2.000]    -4.1878 [2.000]    -4.1857 [2.000]
[kpt   0   2   6]    -4.1810 [2.000]    -4.1772 [2.000]    -1.5645 [2.000]    -1.5627 [2.000]    -1.5525 [2.000]
[kpt   0   2   7]    -1.5489 [2.000]    -1.5470 [2.000]    -1.5411 [2.000]    -1.2825 [2.000]    -1.2821 [2.000]
[kpt   0   2   8]    -1.1718 [2.000]    -1.1621 [2.000]    -1.1585 [2.000]    -1.1566 [2.000]    -1.1553 [2.000]
[kpt   0   2   9]    -1.1503 [2.000]    -0.6668 [2.000]    -0.6595 [2.000]    -0.6528 [2.000]     0.0166 [2.000]
[kpt   0   2  10]     0.0253 [2.000]     0.0310 [2.000]     0.0398 [2.000]     0.0408 [2.000]     0.0521 [2.000]
[kpt   0   2  11]     0.9246 [2.000]     0.9307 [2.000]     0.9358 [2.000]     0.9404 [2.000]     0.9428 [2.000]
[kpt   0   2  12]     0.9542 [2.000]     1.7127 [2.000]     1.7189 [2.000]     1.7221 [2.000]     8.6234 [0.000]
[kpt   0   2  13]    11.2158 [0.000]    11.2280 [0.000]    11.2296 [0.000]    11.2317 [0.000]    11.2438 [0.000]
[kpt   0   2  14]    11.2443 [0.000]    11.4656 [0.000]    11.4885 [0.000]    11.4901 [0.000]    14.0550 [0.000]
[kpt   0   2  15]    14.0559 [0.000]    14.0584 [0.000]    14.0650 [0.000]    46.6488 [0.000]



Total charge in supercell =     128.00000000
 quench: [md:   0/100  scf:   2/30  step time:   0.17  scf time:     0.57 secs  RMS[dV]: 1.46e-02 ]


average potential <V> = -3.82e-16

Diagonalization using scalapack for step=3  count=4


FERMI ENERGY =      1.62723585 eV
@@ EIGENVALUE SUM     =      -54.547094 Ry
@@ ION_ION            =     -272.916107 Ry
@@ ELECTROSTATIC      =     -293.022268 Ry
@@ VXC                =     -180.619006 Ry
@@ EXC                =     -139.065867 Ry
@@ TOTAL ENERGY       =     -578.932330 Ry
@@ estimated error    =        2.94e-01 Ry
Charge normalization constant -1.0: -6.661338e-16
Charge density mixing: Linear with a constant of 0.50 


KOHN SHAM EIGENVALUES [eV] AT K-POINT [  0]:       0.000000      0.000000      0.000000

[kpt   0   3   0]   -18.5083 [2.000]   -17.4968 [2.000]   -17.4896 [2.000]   -17.4847 [2.000]   -17.4754 [2.000]
[kpt   0   3   1]   -17.4695 [2.000]   -17.4566 [2.000]   -16.0438 [2.000]   -16.0369 [2.000]   -16.0309 [2.000]
[kpt   0   3   2]   -16.0255 [2.000]   -16.0152 [2.000]   -16.0105 [2.000]   -15.9943 [2.000]   -15.9821 [2.000]
[kpt   0   3   3]   -15.9657 [2.000]    -9.2264 [2.000]    -6.7240 [2.000]    -6.7218 [2.000]    -6.7196 [2.000]
[kpt   0   3   4]    -6.7148 [2.000]    -6.7090 [2.000]    -6.7048 [2.000]    -4.9103 [2.000]    -4.9064 [2.000]
[kpt   0   3   5]    -4.8992 [2.000]    -4.2751 [2.000]    -4.2732 [2.000]    -4.2689 [2.000]    -4.2664 [2.000]
[kpt   0   3   6]    -4.2625 [2.000]    -4.2537 [2.000]    -1.7004 [2.000]    -1.6950 [2.000]    -1.6935 [2.000]
[kpt   0   3   7]    -1.6887 [2.000]    -1.6850 [2.000]    -1.6777 [2.000]    -1.4285 [2.000]    -1.4283 [2.000]
[kpt   0   3   8]    -1.2766 [2.000]    -1.2735 [2.000]    -1.2691 [2.000]    -1.2643 [2.000]    -1.2624 [2.000]
[kpt   0   3   9]    -1.2590 [2.000]    -0.7955 [2.000]    -0.7935 [2.000]    -0.7928 [2.000]    -0.1036 [2.000]
[kpt   0   3  10]    -0.0997 [2.000]    -0.0982 [2.000]    -0.0941 [2.000]    -0.0926 [2.000]    -0.0856 [2.000]
[kpt   0   3  11]     0.8163 [2.000]     0.8181 [2.000]     0.8214 [2.000]     0.8224 [2.000]     0.8295 [2.000]
[kpt   0   3  12]     0.8336 [2.000]     1.6142 [2.000]     1.6217 [2.000]     1.6272 [2.000]     8.3311 [0.000]
[kpt   0   3  13]    11.0160 [0.000]    11.0265 [0.000]    11.0279 [0.000]    11.0314 [0.000]    11.0444 [0.000]
[kpt   0   3  14]    11.0456 [0.000]    11.2501 [0.000]    11.2724 [0.000]    11.2739 [0.000]    13.8535 [0.000]
[kpt   0   3  15]    13.8545 [0.000]    13.8570 [0.000]    13.8617 [0.000]    45.9351 [0.000]



Total charge in supercell =     128.00000000
 quench: [md:   0/100  scf:   3/30  step time:   0.17  scf time:     0.74 secs  RMS[dV]: 1.42e-02 ]


average potential <V> = -8.17e-16
Davidson converged in 3 steps

FERMI ENERGY =      1.58403831 eV
@@ EIGENVALUE SUM     =      -55.636211 Ry
@@ ION_ION            =     -272.916107 Ry
@@ ELECTROSTATIC      =     -289.400728 Ry
@@ VXC                =     -179.457454 Ry
@@ EXC                =     -138.159619 Ry
@@ TOTAL ENERGY       =     -576.655211 Ry
@@ estimated error    =        1.89e-01 Ry
Charge normalization constant -1.0: 8.881784e-16
Charge density mixing: Broyden


KOHN SHAM EIGENVALUES [eV] AT K-POINT [  0]:       0.000000      0.000000      0.000000

[kpt   0   4   0]   -18.6335 [2.000]   -17.6532 [2.000]   -17.6315 [2.000]   -17.6290 [2.000]   -17.6206 [2.000]
[kpt   0   4   1]   -17.5992 [2.000]   -17.5829 [2.000]   -16.2387 [2.000]   -16.2180 [2.000]   -16.2165 [2.000]
[kpt   0   4   2]   -16.1988 [2.000]   -16.1923 [2.000]   -16.1760 [2.000]   -16.1676 [2.000]   -16.1569 [2.000]
[kpt   0   4   3]   -16.1134 [2.000]    -9.3192 [2.000]    -6.8518 [2.000]    -6.8363 [2.000]    -6.8322 [2.000]
[kpt   0   4   4]    -6.8278 [2.000]    -6.8108 [2.000]    -6.7984 [2.000]    -5.0182 [2.000]    -5.0052 [2.000]
[kpt   0   4   5]    -4.9862 [2.000]    -4.3947 [2.000]    -4.3785 [2.000]    -4.3743 [2.000]    -4.3619 [2.000]
[kpt   0   4   6]    -4.3430 [2.000]    -4.3330 [2.000]    -1.8460 [2.000]    -1.8344 [2.000]    -1.8276 [2.000]
[kpt   0   4   7]    -1.8225 [2.000]    -1.8125 [2.000]    -1.8006 [2.000]    -1.5524 [2.000]    -1.5509 [2.000]
[kpt   0   4   8]    -1.4040 [2.000]    -1.3914 [2.000]    -1.3831 [2.000]    -1.3781 [2.000]    -1.3685 [2.000]
[kpt   0   4   9]    -1.3539 [2.000]    -0.9021 [2.000]    -0.9008 [2.000]    -0.9001 [2.000]    -0.2206 [2.000]
[kpt   0   4  10]    -0.2063 [2.000]    -0.1962 [2.000]    -0.1904 [2.000]    -0.1766 [2.000]    -0.1591 [2.000]
[kpt   0   4  11]     0.7186 [2.000]     0.7339 [2.000]     0.7429 [2.000]     0.7501 [2.000]     0.7637 [2.000]
[kpt   0   4  12]     0.7770 [2.000]     1.5514 [2.000]     1.5714 [2.000]     1.5840 [2.000]     7.2783 [0.000]
[kpt   0   4  13]    10.0384 [0.000]    10.0421 [0.000]    10.0491 [0.000]    10.0540 [0.000]    10.0661 [0.000]
[kpt   0   4  14]    10.0703 [0.000]    10.5566 [0.000]    10.5802 [0.000]    10.5812 [0.000]    13.3041 [0.000]
[kpt   0   4  15]    13.3076 [0.000]    13.3140 [0.000]    13.3164 [0.000]    13.3199 [0.000]



Total charge in supercell =     128.00000000
 quench: [md:   0/100  scf:   4/30  step time:   0.21  scf time:     0.96 secs  RMS[dV]: 1.09e-02 ]


average potential <V> = 2.67e-18
Davidson converged in 2 steps

FERMI ENERGY =      0.90664038 eV
@@ EIGENVALUE SUM     =      -60.233931 Ry
@@ ION_ION            =     -272.916107 Ry
@@ ELECTROSTATIC      =     -284.387177 Ry
@@ VXC                =     -177.941073 Ry
@@ EXC                =     -136.976432 Ry
@@ TOTAL ENERGY       =     -576.572575 Ry
@@ estimated error    =        2.53e-01 Ry
Charge normalization constant -1.0: 2.220446e-16
Charge density mixing: Broyden


KOHN SHAM EIGENVALUES [eV] AT K-POINT [  0]:       0.000000      0.000000      0.000000

[kpt   0   5   0]   -19.0883 [2.000]   -18.1274 [2.000]   -18.1204 [2.000]   -18.1101 [2.000]   -18.1044 [2.000]
[kpt   0   5   1]   -18.1031 [2.000]   -18.0912 [2.000]   -16.7883 [2.000]   -16.7794 [2.000]   -16.7694 [2.000]
[kpt   0   5   2]   -16.7638 [2.000]   -16.7578 [2.000]   -16.7482 [2.000]   -16.7414 [2.000]   -16.7306 [2.000]
[kpt   0   5   3]   -16.7190 [2.000]    -9.5396 [2.000]    -7.1570 [2.000]    -7.1519 [2.000]    -7.1440 [2.000]
[kpt   0   5   4]    -7.1389 [2.000]    -7.1376 [2.000]    -7.1281 [2.000]    -5.3721 [2.000]    -5.3618 [2.000]
[kpt   0   5   5]    -5.3561 [2.000]    -4.7702 [2.000]    -4.7652 [2.000]    -4.7569 [2.000]    -4.7492 [2.000]
[kpt   0   5   6]    -4.7474 [2.000]    -4.7386 [2.000]    -2.2993 [2.000]    -2.2923 [2.000]    -2.2871 [2.000]
[kpt   0   5   7]    -2.2846 [2.000]    -2.2805 [2.000]    -2.2744 [2.000]    -2.0498 [2.000]    -2.0492 [2.000]
[kpt   0   5   8]    -1.8673 [2.000]    -1.8617 [2.000]    -1.8559 [2.000]    -1.8537 [2.000]    -1.8509 [2.000]
[kpt   0   5   9]    -1.8442 [2.000]    -1.4249 [2.000]    -1.4246 [2.000]    -1.4244 [2.000]    -0.7648 [2.000]
[kpt   0   5  10]    -0.7588 [2.000]    -0.7517 [2.000]    -0.7500 [2.000]    -0.7452 [2.000]    -0.7386 [2.000]
[kpt   0   5  11]     0.1237 [2.000]     0.1325 [2.000]     0.1382 [2.000]     0.1417 [2.000]     0.1454 [2.000]
[kpt   0   5  12]     0.1538 [2.000]     0.8907 [2.000]     0.8966 [2.000]     0.9066 [2.000]     6.8695 [0.000]
[kpt   0   5  13]     9.7579 [0.000]     9.7602 [0.000]     9.7604 [0.000]     9.7618 [0.000]     9.7676 [0.000]
[kpt   0   5  14]     9.7685 [0.000]    10.5169 [0.000]    10.5221 [0.000]    10.5297 [0.000]    13.0144 [0.000]
[kpt   0   5  15]    13.0173 [0.000]    13.0215 [0.000]    13.0229 [0.000]    13.0273 [0.000]



Total charge in supercell =     128.00000000
 quench: [md:   0/100  scf:   5/30  step time:   0.20  scf time:     1.15 secs  RMS[dV]: 1.20e-02 ]


average potential <V> = 2.56e-16
Davidson converged in 2 steps

FERMI ENERGY =      1.07323748 eV
@@ EIGENVALUE SUM     =      -58.687409 Ry
@@ ION_ION            =     -272.916107 Ry
@@ ELECTROSTATIC      =     -286.023317 Ry
@@ VXC                =     -178.356477 Ry
@@ EXC                =     -137.298395 Ry
@@ TOTAL ENERGY       =     -576.568751 Ry
@@ estimated error    =        1.55e-02 Ry
Charge normalization constant -1.0: -1.110223e-15
Charge density mixing: Broyden


KOHN SHAM EIGENVALUES [eV] AT K-POINT [  0]:       0.000000      0.000000      0.000000

[kpt   0   6   0]   -18.9228 [2.000]   -17.9416 [2.000]   -17.9395 [2.000]   -17.9393 [2.000]   -17.9381 [2.000]
[kpt   0   6   1]   -17.9362 [2.000]   -17.9354 [2.000]   -16.5884 [2.000]   -16.5864 [2.000]   -16.5856 [2.000]
[kpt   0   6   2]   -16.5844 [2.000]   -16.5828 [2.000]   -16.5816 [2.000]   -16.5555 [2.000]   -16.5533 [2.000]
[kpt   0   6   3]   -16.5499 [2.000]    -9.3831 [2.000]    -6.9758 [2.000]    -6.9745 [2.000]    -6.9740 [2.000]
[kpt   0   6   4]    -6.9734 [2.000]    -6.9720 [2.000]    -6.9712 [2.000]    -5.1993 [2.000]    -5.1982 [2.000]
[kpt   0   6   5]    -5.1965 [2.000]    -4.5752 [2.000]    -4.5737 [2.000]    -4.5729 [2.000]    -4.5719 [2.000]
[kpt   0   6   6]    -4.5705 [2.000]    -4.5695 [2.000]    -2.1491 [2.000]    -2.1479 [2.000]    -2.1474 [2.000]
[kpt   0   6   7]    -2.1470 [2.000]    -2.1460 [2.000]    -2.1452 [2.000]    -1.9048 [2.000]    -1.9044 [2.000]
[kpt   0   6   8]    -1.7157 [2.000]    -1.7143 [2.000]    -1.7135 [2.000]    -1.7133 [2.000]    -1.7123 [2.000]
[kpt   0   6   9]    -1.7107 [2.000]    -1.2594 [2.000]    -1.2592 [2.000]    -1.2591 [2.000]    -0.5989 [2.000]
[kpt   0   6  10]    -0.5974 [2.000]    -0.5965 [2.000]    -0.5959 [2.000]    -0.5950 [2.000]    -0.5931 [2.000]
[kpt   0   6  11]     0.3043 [2.000]     0.3060 [2.000]     0.3065 [2.000]     0.3070 [2.000]     0.3081 [2.000]
[kpt   0   6  12]     0.3093 [2.000]     1.0706 [2.000]     1.0721 [2.000]     1.0732 [2.000]     6.8252 [0.000]
[kpt   0   6  13]     9.7678 [0.000]     9.7688 [0.000]     9.7696 [0.000]     9.7704 [0.000]     9.7725 [0.000]
[kpt   0   6  14]     9.7739 [0.000]    10.5717 [0.000]    10.5747 [0.000]    10.5820 [0.000]    13.0626 [0.000]
[kpt   0   6  15]    13.0630 [0.000]    13.0637 [0.000]    13.0657 [0.000]    13.0669 [0.000]



Total charge in supercell =     128.00000000
 quench: [md:   0/100  scf:   6/30  step time:   0.19  scf time:     1.34 secs  RMS[dV]: 5.10e-03 ]


average potential <V> = -3.39e-16
Davidson converged in 3 steps

FERMI ENERGY =      1.09745332 eV
@@ EIGENVALUE SUM     =      -58.395626 Ry
@@ ION_ION            =     -272.916107 Ry
@@ ELECTROSTATIC      =     -286.331368 Ry
@@ VXC                =     -178.426498 Ry
@@ EXC                =     -137.352128 Ry
@@ TOTAL ENERGY       =     -576.568730 Ry
@@ estimated error    =        5.97e-04 Ry
Charge normalization constant -1.0: 0.000000e+00
Charge density mixing: Broyden


KOHN SHAM EIGENVALUES [eV] AT K-POINT [  0]:       0.000000      0.000000      0.000000

[kpt   0   7   0]   -18.8898 [2.000]   -17.9059 [2.000]   -17.9055 [2.000]   -17.9053 [2.000]   -17.9052 [2.000]
[kpt   0   7   1]   -17.9050 [2.000]   -17.9042 [2.000]   -16.5527 [2.000]   -16.5525 [2.000]   -16.5520 [2.000]
[kpt   0   7   2]   -16.5519 [2.000]   -16.5514 [2.000]   -16.5513 [2.000]   -16.5204 [2.000]   -16.5202 [2.000]
[kpt   0   7   3]   -16.5197 [2.000]    -9.3416 [2.000]    -6.9331 [2.000]    -6.9325 [2.000]    -6.9325 [2.000]
[kpt   0   7   4]    -6.9324 [2.000]    -6.9322 [2.000]    -6.9318 [2.000]    -5.1607 [2.000]    -5.1606 [2.000]
[kpt   0   7   5]    -5.1605 [2.000]    -4.5312 [2.000]    -4.5311 [2.000]    -4.5306 [2.000]    -4.5306 [2.000]
[kpt   0   7   6]    -4.5302 [2.000]    -4.5301 [2.000]    -2.1237 [2.000]    -2.1235 [2.000]    -2.1234 [2.000]
[kpt   0   7   7]    -2.1232 [2.000]    -2.1232 [2.000]    -2.1229 [2.000]    -1.8808 [2.000]    -1.8807 [2.000]
[kpt   0   7   8]    -1.6893 [2.000]    -1.6892 [2.000]    -1.6890 [2.000]    -1.6889 [2.000]    -1.6886 [2.000]
[kpt   0   7   9]    -1.6886 [2.000]    -1.2295 [2.000]    -1.2294 [2.000]    -1.2293 [2.000]    -0.5721 [2.000]
[kpt   0   7  10]    -0.5719 [2.000]    -0.5718 [2.000]    -0.5716 [2.000]    -0.5713 [2.000]    -0.5711 [2.000]
[kpt   0   7  11]     0.3328 [2.000]     0.3330 [2.000]     0.3331 [2.000]     0.3333 [2.000]     0.3335 [2.000]
[kpt   0   7  12]     0.3336 [2.000]     1.0971 [2.000]     1.0974 [2.000]     1.0975 [2.000]     6.7902 [0.000]
[kpt   0   7  13]     9.7598 [0.000]     9.7604 [0.000]     9.7625 [0.000]     9.7630 [0.000]     9.7631 [0.000]
[kpt   0   7  14]     9.7640 [0.000]    10.5850 [0.000]    10.5853 [0.000]    10.5854 [0.000]    13.0480 [0.000]
[kpt   0   7  15]    13.0481 [0.000]    13.0482 [0.000]    13.0484 [0.000]    13.0485 [0.000]



Total charge in supercell =     128.00000000
 quench: [md:   0/100  scf:   7/30  step time:   0.23  scf time:     1.57 secs  RMS[dV]: 9.74e-04 ]


average potential <V> = 4.27e-16
Davidson converged in 3 steps

FERMI ENERGY =      1.09821688 eV
@@ EIGENVALUE SUM     =      -58.366797 Ry
@@ ION_ION            =     -272.916107 Ry
@@ ELECTROSTATIC      =     -286.361801 Ry
@@ VXC                =     -178.432822 Ry
@@ EXC                =     -137.356818 Ry
@@ TOTAL ENERGY       =     -576.568701 Ry
@@ estimated error    =        5.80e-05 Ry
Charge normalization constant -1.0: 2.220446e-16
Charge density mixing: Broyden


KOHN SHAM EIGENVALUES [eV] AT K-POINT [  0]:       0.000000      0.000000      0.000000

[kpt   0   8   0]   -18.8861 [2.000]   -17.9020 [2.000]   -17.9019 [2.000]   -17.9019 [2.000]   -17.9017 [2.000]
[kpt   0   8   1]   -17.9015 [2.000]   -17.9014 [2.000]   -16.5496 [2.000]   -16.5494 [2.000]   -16.5493 [2.000]
[kpt   0   8   2]   -16.5492 [2.000]   -16.5490 [2.000]   -16.5489 [2.000]   -16.5176 [2.000]   -16.5174 [2.000]
[kpt   0   8   3]   -16.5172 [2.000]    -9.3348 [2.000]    -6.9268 [2.000]    -6.9267 [2.000]    -6.9266 [2.000]
[kpt   0   8   4]    -6.9266 [2.000]    -6.9264 [2.000]    -6.9263 [2.000]    -5.1558 [2.000]    -5.1557 [2.000]
[kpt   0   8   5]    -5.1556 [2.000]    -4.5258 [2.000]    -4.5256 [2.000]    -4.5256 [2.000]    -4.5254 [2.000]
[kpt   0   8   6]    -4.5253 [2.000]    -4.5252 [2.000]    -2.1212 [2.000]    -2.1212 [2.000]    -2.1211 [2.000]
[kpt   0   8   7]    -2.1211 [2.000]    -2.1210 [2.000]    -2.1209 [2.000]    -1.8788 [2.000]    -1.8788 [2.000]
[kpt   0   8   8]    -1.6868 [2.000]    -1.6867 [2.000]    -1.6866 [2.000]    -1.6866 [2.000]    -1.6865 [2.000]
[kpt   0   8   9]    -1.6864 [2.000]    -1.2269 [2.000]    -1.2268 [2.000]    -1.2268 [2.000]    -0.5703 [2.000]
[kpt   0   8  10]    -0.5702 [2.000]    -0.5701 [2.000]    -0.5700 [2.000]    -0.5700 [2.000]    -0.5699 [2.000]
[kpt   0   8  11]     0.3345 [2.000]     0.3346 [2.000]     0.3347 [2.000]     0.3347 [2.000]     0.3348 [2.000]
[kpt   0   8  12]     0.3349 [2.000]     1.0980 [2.000]     1.0981 [2.000]     1.0982 [2.000]     6.7882 [0.000]
[kpt   0   8  13]     9.7550 [0.000]     9.7551 [0.000]     9.7556 [0.000]     9.7558 [0.000]     9.7559 [0.000]
[kpt   0   8  14]     9.7573 [0.000]    10.5921 [0.000]    10.5922 [0.000]    10.5922 [0.000]    13.0475 [0.000]
[kpt   0   8  15]    13.0477 [0.000]    13.0478 [0.000]    13.0478 [0.000]    13.0479 [0.000]



Total charge in supercell =     128.00000000
 quench: [md:   0/100  scf:   8/30  step time:   0.21  scf time:     1.78 secs  RMS[dV]: 3.13e-04 ]


average potential <V> = -4.40e-16
Davidson converged in 3 steps

FERMI ENERGY =      1.10004616 eV
@@ EIGENVALUE SUM     =      -58.354929 Ry
@@ ION_ION            =     -272.916107 Ry
@@ ELECTROSTATIC      =     -286.374785 Ry
@@ VXC                =     -178.437860 Ry
@@ EXC                =     -137.360738 Ry
@@ TOTAL ENERGY       =     -576.568699 Ry
@@ estimated error    =        3.92e-06 Ry
Charge normalization constant -1.0: -2.220446e-16
Charge density mixing: Broyden


KOHN SHAM EIGENVALUES [eV] AT K-POINT [  0]:       0.000000      0.000000      0.000000

[kpt   0   9   0]   -18.8849 [2.000]   -17.9008 [2.000]   -17.9007 [2.000]   -17.9005 [2.000]   -17.9004 [2.000]
[kpt   0   9   1]   -17.9004 [2.000]   -17.9003 [2.000]   -16.5482 [2.000]   -16.5481 [2.000]   -16.5479 [2.000]
[kpt   0   9   2]   -16.5478 [2.000]   -16.5477 [2.000]   -16.5476 [2.000]   -16.5163 [2.000]   -16.5160 [2.000]
[kpt   0   9   3]   -16.5158 [2.000]    -9.3343 [2.000]    -6.9262 [2.000]    -6.9261 [2.000]    -6.9259 [2.000]
[kpt   0   9   4]    -6.9259 [2.000]    -6.9259 [2.000]    -6.9258 [2.000]    -5.1550 [2.000]    -5.1549 [2.000]
[kpt   0   9   5]    -5.1548 [2.000]    -4.5251 [2.000]    -4.5250 [2.000]    -4.5248 [2.000]    -4.5248 [2.000]
[kpt   0   9   6]    -4.5247 [2.000]    -4.5246 [2.000]    -2.1199 [2.000]    -2.1198 [2.000]    -2.1197 [2.000]
[kpt   0   9   7]    -2.1196 [2.000]    -2.1195 [2.000]    -2.1195 [2.000]    -1.8773 [2.000]    -1.8773 [2.000]
[kpt   0   9   8]    -1.6853 [2.000]    -1.6852 [2.000]    -1.6851 [2.000]    -1.6851 [2.000]    -1.6850 [2.000]
[kpt   0   9   9]    -1.6849 [2.000]    -1.2255 [2.000]    -1.2255 [2.000]    -1.2255 [2.000]    -0.5687 [2.000]
[kpt   0   9  10]    -0.5686 [2.000]    -0.5685 [2.000]    -0.5684 [2.000]    -0.5683 [2.000]    -0.5683 [2.000]
[kpt   0   9  11]     0.3361 [2.000]     0.3362 [2.000]     0.3363 [2.000]     0.3364 [2.000]     0.3365 [2.000]
[kpt   0   9  12]     0.3365 [2.000]     1.0998 [2.000]     1.0999 [2.000]     1.1000 [2.000]     6.7883 [0.000]
[kpt   0   9  13]     9.7551 [0.000]     9.7551 [0.000]     9.7554 [0.000]     9.7555 [0.000]     9.7557 [0.000]
[kpt   0   9  14]     9.7568 [0.000]    10.5929 [0.000]    10.5929 [0.000]    10.5929 [0.000]    13.0482 [0.000]
[kpt   0   9  15]    13.0483 [0.000]    13.0484 [0.000]    13.0485 [0.000]    13.0486 [0.000]



Total charge in supercell =     128.00000000
 quench: [md:   0/100  scf:   9/30  step time:   0.22  scf time:     1.99 secs  RMS[dV]: 1.07e-04 ]


average potential <V> = 3.82e-16
Davidson converged in 3 steps

FERMI ENERGY =      1.09999524 eV
@@ EIGENVALUE SUM     =      -58.355972 Ry
@@ ION_ION            =     -272.916107 Ry
@@ ELECTROSTATIC      =     -286.373764 Ry
@@ VXC                =     -178.438028 Ry
@@ EXC                =     -137.360887 Ry
@@ TOTAL ENERGY       =     -576.568702 Ry
@@ estimated error    =        1.79e-07 Ry
Charge normalization constant -1.0: -1.776357e-15
Charge density mixing: Broyden


KOHN SHAM EIGENVALUES [eV] AT K-POINT [  0]:       0.000000      0.000000      0.000000

[kpt   0  10   0]   -18.8851 [2.000]   -17.9007 [2.000]   -17.9007 [2.000]   -17.9006 [2.000]   -17.9006 [2.000]
[kpt   0  10   1]   -17.9006 [2.000]   -17.9006 [2.000]   -16.5481 [2.000]   -16.5480 [2.000]   -16.5480 [2.000]
[kpt   0  10   2]   -16.5480 [2.000]   -16.5479 [2.000]   -16.5479 [2.000]   -16.5162 [2.000]   -16.5161 [2.000]
[kpt   0  10   3]   -16.5160 [2.000]    -9.3346 [2.000]    -6.9264 [2.000]    -6.9263 [2.000]    -6.9263 [2.000]
[kpt   0  10   4]    -6.9263 [2.000]    -6.9262 [2.000]    -6.9262 [2.000]    -5.1552 [2.000]    -5.1552 [2.000]
[kpt   0  10   5]    -5.1551 [2.000]    -4.5253 [2.000]    -4.5252 [2.000]    -4.5252 [2.000]    -4.5252 [2.000]
[kpt   0  10   6]    -4.5251 [2.000]    -4.5251 [2.000]    -2.1197 [2.000]    -2.1197 [2.000]    -2.1197 [2.000]
[kpt   0  10   7]    -2.1197 [2.000]    -2.1196 [2.000]    -2.1196 [2.000]    -1.8773 [2.000]    -1.8773 [2.000]
[kpt   0  10   8]    -1.6851 [2.000]    -1.6851 [2.000]    -1.6851 [2.000]    -1.6851 [2.000]    -1.6850 [2.000]
[kpt   0  10   9]    -1.6850 [2.000]    -1.2256 [2.000]    -1.2256 [2.000]    -1.2256 [2.000]    -0.5685 [2.000]
[kpt   0  10  10]    -0.5685 [2.000]    -0.5685 [2.000]    -0.5685 [2.000]    -0.5684 [2.000]    -0.5684 [2.000]
[kpt   0  10  11]     0.3363 [2.000]     0.3363 [2.000]     0.3364 [2.000]     0.3364 [2.000]     0.3364 [2.000]
[kpt   0  10  12]     0.3364 [2.000]     1.0999 [2.000]     1.1000 [2.000]     1.1000 [2.000]     6.7883 [0.000]
[kpt   0  10  13]     9.7550 [0.000]     9.7550 [0.000]     9.7552 [0.000]     9.7553 [0.000]     9.7554 [0.000]
[kpt   0  10  14]     9.7562 [0.000]    10.5927 [0.000]    10.5927 [0.000]    10.5927 [0.000]    13.0481 [0.000]
[kpt   0  10  15]    13.0483 [0.000]    13.0484 [0.000]    13.0485 [0.000]    13.0485 [0.000]



Total charge in supercell =     128.00000000
 quench: [md:   0/100  scf:  10/30  step time:   0.23  scf time:     2.22 secs  RMS[dV]: 1.97e-05 ]


average potential <V> = -2.67e-18
Davidson converged in 3 steps

FERMI ENERGY =      1.09994265 eV
@@ EIGENVALUE SUM     =      -58.355962 Ry
@@ ION_ION            =     -272.916107 Ry
@@ ELECTROSTATIC      =     -286.373780 Ry
@@ VXC                =     -178.438068 Ry
@@ EXC                =     -137.360921 Ry
@@ TOTAL ENERGY       =     -576.568702 Ry
@@ estimated error    =        2.19e-08 Ry
Charge normalization constant -1.0: -2.220446e-16
Charge density mixing: Broyden


KOHN SHAM EIGENVALUES [eV] AT K-POINT [  0]:       0.000000      0.000000      0.000000

[kpt   0  11   0]   -18.8851 [2.000]   -17.9006 [2.000]   -17.9006 [2.000]   -17.9006 [2.000]   -17.9006 [2.000]
[kpt   0  11   1]   -17.9006 [2.000]   -17.9006 [2.000]   -16.5480 [2.000]   -16.5480 [2.000]   -16.5480 [2.000]
[kpt   0  11   2]   -16.5480 [2.000]   -16.5480 [2.000]   -16.5480 [2.000]   -16.5161 [2.000]   -16.5161 [2.000]
[kpt   0  11   3]   -16.5161 [2.000]    -9.3346 [2.000]    -6.9263 [2.000]    -6.9263 [2.000]    -6.9263 [2.000]
[kpt   0  11   4]    -6.9263 [2.000]    -6.9263 [2.000]    -6.9263 [2.000]    -5.1552 [2.000]    -5.1552 [2.000]
[kpt   0  11   5]    -5.1552 [2.000]    -4.5252 [2.000]    -4.5252 [2.000]    -4.5252 [2.000]    -4.5252 [2.000]
[kpt   0  11   6]    -4.5252 [2.000]    -4.5252 [2.000]    -2.1197 [2.000]    -2.1197 [2.000]    -2.1197 [2.000]
[kpt   0  11   7]    -2.1197 [2.000]    -2.1197 [2.000]    -2.1197 [2.000]    -1.8773 [2.000]    -1.8773 [2.000]
[kpt   0  11   8]    -1.6851 [2.000]    -1.6851 [2.000]    -1.6851 [2.000]    -1.6851 [2.000]    -1.6851 [2.000]
[kpt   0  11   9]    -1.6851 [2.000]    -1.2256 [2.000]    -1.2256 [2.000]    -1.2256 [2.000]    -0.5685 [2.000]
[kpt   0  11  10]    -0.5685 [2.000]    -0.5685 [2.000]    -0.5685 [2.000]    -0.5685 [2.000]    -0.5685 [2.000]
[kpt   0  11  11]     0.3363 [2.000]     0.3363 [2.000]     0.3363 [2.000]     0.3363 [2.000]     0.3364 [2.000]
[kpt   0  11  12]     0.3364 [2.000]     1.0999 [2.000]     1.0999 [2.000]     1.0999 [2.000]     6.7883 [0.000]
[kpt   0  11  13]     9.7548 [0.000]     9.7549 [0.000]     9.7550 [0.000]     9.7551 [0.000]     9.7552 [0.000]
[kpt   0  11  14]     9.7557 [0.000]    10.5927 [0.000]    10.5927 [0.000]    10.5928 [0.000]    13.0481 [0.000]
[kpt   0  11  15]    13.0483 [0.000]    13.0484 [0.000]    13.0485 [0.000]    13.0485 [0.000]



Total charge in supercell =     128.00000000
 quench: [md:   0/100  scf:  11/30  step time:   0.20  scf time:     2.43 secs  RMS[dV]: 7.99e-06 ]


average potential <V> = 3.63e-16
Davidson converged in 3 steps

FERMI ENERGY =      1.09990513 eV
@@ EIGENVALUE SUM     =      -58.356231 Ry
@@ ION_ION            =     -272.916107 Ry
@@ ELECTROSTATIC      =     -286.373497 Ry
@@ VXC                =     -178.438022 Ry
@@ EXC                =     -137.360890 Ry
@@ TOTAL ENERGY       =     -576.568703 Ry
@@ estimated error    =        2.07e-09 Ry
Charge normalization constant -1.0: 0.000000e+00
Charge density mixing: Broyden


KOHN SHAM EIGENVALUES [eV] AT K-POINT [  0]:       0.000000      0.000000      0.000000

[kpt   0  12   0]   -18.8851 [2.000]   -17.9007 [2.000]   -17.9007 [2.000]   -17.9007 [2.000]   -17.9007 [2.000]
[kpt   0  12   1]   -17.9007 [2.000]   -17.9006 [2.000]   -16.5480 [2.000]   -16.5480 [2.000]   -16.5480 [2.000]
[kpt   0  12   2]   -16.5480 [2.000]   -16.5480 [2.000]   -16.5480 [2.000]   -16.5162 [2.000]   -16.5162 [2.000]
[kpt   0  12   3]   -16.5162 [2.000]    -9.3346 [2.000]    -6.9263 [2.000]    -6.9263 [2.000]    -6.9263 [2.000]
[kpt   0  12   4]    -6.9263 [2.000]    -6.9263 [2.000]    -6.9263 [2.000]    -5.1552 [2.000]    -5.1552 [2.000]
[kpt   0  12   5]    -5.1552 [2.000]    -4.5252 [2.000]    -4.5252 [2.000]    -4.5252 [2.000]    -4.5252 [2.000]
[kpt   0  12   6]    -4.5252 [2.000]    -4.5252 [2.000]    -2.1197 [2.000]    -2.1197 [2.000]    -2.1197 [2.000]
[kpt   0  12   7]    -2.1197 [2.000]    -2.1197 [2.000]    -2.1197 [2.000]    -1.8773 [2.000]    -1.8773 [2.000]
[kpt   0  12   8]    -1.6851 [2.000]    -1.6851 [2.000]    -1.6851 [2.000]    -1.6851 [2.000]    -1.6851 [2.000]
[kpt   0  12   9]    -1.6851 [2.000]    -1.2256 [2.000]    -1.2256 [2.000]    -1.2256 [2.000]    -0.5685 [2.000]
[kpt   0  12  10]    -0.5685 [2.000]    -0.5685 [2.000]    -0.5685 [2.000]    -0.5685 [2.000]    -0.5685 [2.000]
[kpt   0  12  11]     0.3363 [2.000]     0.3363 [2.000]     0.3363 [2.000]     0.3363 [2.000]     0.3363 [2.000]
[kpt   0  12  12]     0.3363 [2.000]     1.0999 [2.000]     1.0999 [2.000]     1.0999 [2.000]     6.7883 [0.000]
[kpt   0  12  13]     9.7548 [0.000]     9.7548 [0.000]     9.7549 [0.000]     9.7549 [0.000]     9.7550 [0.000]
[kpt   0  12  14]     9.7553 [0.000]    10.5927 [0.000]    10.5927 [0.000]    10.5927 [0.000]    13.0480 [0.000]
[kpt   0  12  15]    13.0482 [0.000]    13.0484 [0.000]    13.0485 [0.000]    13.0485 [0.000]



Total charge in supercell =     128.00000000
 quench: [md:   0/100  scf:  12/30  step time:   0.24  scf time:     2.67 secs  RMS[dV]: 3.74e-06 ]


average potential <V> = -3.28e-16
Davidson converged in 3 steps

FERMI ENERGY =      1.09991687 eV
@@ EIGENVALUE SUM     =      -58.356134 Ry
@@ ION_ION            =     -272.916107 Ry
@@ ELECTROSTATIC      =     -286.373601 Ry
@@ VXC                =     -178.438055 Ry
@@ EXC                =     -137.360917 Ry
@@ TOTAL ENERGY       =     -576.568703 Ry
@@ estimated error    =        2.32e-10 Ry
Charge normalization constant -1.0: -2.220446e-16
Charge density mixing: Broyden


KOHN SHAM EIGENVALUES [eV] AT K-POINT [  0]:       0.000000      0.000000      0.000000

[kpt   0  13   0]   -18.8851 [2.000]   -17.9006 [2.000]   -17.9006 [2.000]   -17.9006 [2.000]   -17.9006 [2.000]
[kpt   0  13   1]   -17.9006 [2.000]   -17.9006 [2.000]   -16.5480 [2.000]   -16.5480 [2.000]   -16.5480 [2.000]
[kpt   0  13   2]   -16.5480 [2.000]   -16.5480 [2.000]   -16.5480 [2.000]   -16.5162 [2.000]   -16.5162 [2.000]
[kpt   0  13   3]   -16.5162 [2.000]    -9.3346 [2.000]    -6.9263 [2.000]    -6.9263 [2.000]    -6.9263 [2.000]
[kpt   0  13   4]    -6.9263 [2.000]    -6.9263 [2.000]    -6.9263 [2.000]    -5.1552 [2.000]    -5.1552 [2.000]
[kpt   0  13   5]    -5.1552 [2.000]    -4.5252 [2.000]    -4.5252 [2.000]    -4.5252 [2.000]    -4.5252 [2.000]
[kpt   0  13   6]    -4.5252 [2.000]    -4.5252 [2.000]    -2.1197 [2.000]    -2.1197 [2.000]    -2.1197 [2.000]
[kpt   0  13   7]    -2.1197 [2.000]    -2.1197 [2.000]    -2.1197 [2.000]    -1.8773 [2.000]    -1.8773 [2.000]
[kpt   0  13   8]    -1.6851 [2.000]    -1.6851 [2.000]    -1.6851 [2.000]    -1.6851 [2.000]    -1.6851 [2.000]
[kpt   0  13   9]    -1.6851 [2.000]    -1.2256 [2.000]    -1.2256 [2.000]    -1.2256 [2.000]    -0.5685 [2.000]
[kpt   0  13  10]    -0.5685 [2.000]    -0.5685 [2.000]    -0.5685 [2.000]    -0.5685 [2.000]    -0.5685 [2.000]
[kpt   0  13  11]     0.3363 [2.000]     0.3363 [2.000]     0.3363 [2.000]     0.3363 [2.000]     0.3363 [2.000]
[kpt   0  13  12]     0.3363 [2.000]     1.0999 [2.000]     1.0999 [2.000]     1.0999 [2.000]     6.7883 [0.000]
[kpt   0  13  13]     9.7547 [0.000]     9.7547 [0.000]     9.7548 [0.000]     9.7548 [0.000]     9.7549 [0.000]
[kpt   0  13  14]     9.7551 [0.000]    10.5927 [0.000]    10.5927 [0.000]    10.5927 [0.000]    13.0480 [0.000]
[kpt   0  13  15]    13.0482 [0.000]    13.0484 [0.000]    13.0485 [0.000]    13.0485 [0.000]



Total charge in supercell =     128.00000000
 quench: [md:   0/100  scf:  13/30  step time:   0.22  scf time:     2.89 secs  RMS[dV]: 8.53e-07 ]



 Convergence criterion reached: Energy variation (2.19e-11) is lower than threshold (1.00e-10)

potential convergence has been achieved. stopping ...

[   0  14   14        4 ] Quench.cpp: 
@@ TOTAL ENEGY Components 
@@ ION_ION            =     -272.916107 Ry
@@ ELECTROSTATIC      =      286.373601 Ry
@@ EXC                =     -137.360895 Ry
@@ vdw correction     =        0.000000 Ry
@@ LdaU correction    =        0.000000 Ry
@@ total              =        0.000000 Ry
final total energy from eig sum =    -576.56870309 Ry


KOHN SHAM EIGENVALUES [eV] AT K-POINT [  0]:       0.000000      0.000000      0.000000

[kpt   0  14   0]   -18.8851 [2.000]   -17.9006 [2.000]   -17.9006 [2.000]   -17.9006 [2.000]   -17.9006 [2.000]
[kpt   0  14   1]   -17.9006 [2.000]   -17.9006 [2.000]   -16.5480 [2.000]   -16.5480 [2.000]   -16.5480 [2.000]
[kpt   0  14   2]   -16.5480 [2.000]   -16.5480 [2.000]   -16.5480 [2.000]   -16.5162 [2.000]   -16.5162 [2.000]
[kpt   0  14   3]   -16.5162 [2.000]    -9.3346 [2.000]    -6.9263 [2.000]    -6.9263 [2.000]    -6.9263 [2.000]
[kpt   0  14   4]    -6.9263 [2.000]    -6.9263 [2.000]    -6.9263 [2.000]    -5.1552 [2.000]    -5.1552 [2.000]
[kpt   0  14   5]    -5.1552 [2.000]    -4.5252 [2.000]    -4.5252 [2.000]    -4.5252 [2.000]    -4.5252 [2.000]
[kpt   0  14   6]    -4.5252 [2.000]    -4.5252 [2.000]    -2.1197 [2.000]    -2.1197 [2.000]    -2.1197 [2.000]
[kpt   0  14   7]    -2.1197 [2.000]    -2.1197 [2.000]    -2.1197 [2.000]    -1.8773 [2.000]    -1.8773 [2.000]
[kpt   0  14   8]    -1.6851 [2.000]    -1.6851 [2.000]    -1.6851 [2.000]    -1.6851 [2.000]    -1.6851 [2.000]
[kpt   0  14   9]    -1.6851 [2.000]    -1.2256 [2.000]    -1.2256 [2.000]    -1.2256 [2.000]    -0.5685 [2.000]
[kpt   0  14  10]    -0.5685 [2.000]    -0.5685 [2.000]    -0.5685 [2.000]    -0.5685 [2.000]    -0.5685 [2.000]
[kpt   0  14  11]     0.3363 [2.000]     0.3363 [2.000]     0.3363 [2.000]     0.3363 [2.000]     0.3363 [2.000]
[kpt   0  14  12]     0.3363 [2.000]     1.0999 [2.000]     1.0999 [2.000]     1.0999 [2.000]     6.7883 [0.000]
[kpt   0  14  13]     9.7547 [0.000]     9.7547 [0.000]     9.7548 [0.000]     9.7548 [0.000]     9.7549 [0.000]
[kpt   0  14  14]     9.7551 [0.000]    10.5927 [0.000]    10.5927 [0.000]    10.5927 [0.000]    13.0480 [0.000]
[kpt   0  14  15]    13.0482 [0.000]    13.0484 [0.000]    13.0485 [0.000]    13.0485 [0.000]



Total charge in supercell =     128.00000000
 volume and energy per atom =        15.03933867       -326.85901397 eV

 Vdd took 0.000134 seconds
WriteRestart: Output file given as /dev/null, no restart data written ...



  IONIC POSITIONS [a0] AND FORCES [Ry/a0]
  Charge analysis using: Voronoi Deformation Density

@ION  Ion  Species       X           Y           Z       Charge       FX          FY         FZ      Movable
@ION    1    Si      0.0000000   0.0000000   0.0000000    0.438    0.0000000   0.0000001  -0.0000000  1 1 1
@ION    2    Si      3.3637125   3.3637125   3.3637125    0.438   -0.0000001  -0.0000001  -0.0000001  1 1 1
@ION    3    Si     10.0911375   3.3637125  10.0911375    0.438    0.0000000  -0.0000001  -0.0000000  1 1 1
@ION    4    Si      3.3637125  10.0911375  10.0911375    0.438   -0.0000000  -0.0000001  -0.0000001  1 1 1
@ION    5    Si     10.0911375  10.0911375   3.3637125    0.438   -0.0000001  -0.0000000   0.0000001  1 1 1
@ION    6    Si      0.0000000   6.7274250   6.7274250    0.438    0.0000000   0.0000000   0.0000001  1 1 1
@ION    7    Si      6.7274250   0.0000000   6.7274250    0.438    0.0000001   0.0000000   0.0000000  1 1 1
@ION    8    Si      6.7274250   6.7274250   0.0000000    0.438    0.0000001   0.0000000  -0.0000000  1 1 1
@ION    9     O      1.6818563   1.6818563   1.6818563   -0.209   -0.0000000   0.0000000  -0.0000000  1 1 1
@ION   10     O     11.7729938   1.6818563  11.7729938   -0.212   -0.0000001   0.0000001  -0.0000000  1 1 1
@ION   11     O      1.6818563  11.7729938  11.7729938   -0.217    0.0000000  -0.0000001  -0.0000000  1 1 1
@ION   12     O     11.7729938  11.7729938   1.6818563   -0.220   -0.0000000  -0.0000000   0.0000001  1 1 1
@ION   13     O      1.6818563   8.4092813   8.4092813   -0.213    0.0000000   0.0000000   0.0000001  1 1 1
@ION   14     O      8.4092813   1.6818563   8.4092813   -0.213   -0.0000000  -0.0000000   0.0000000  1 1 1
@ION   15     O      8.4092813   8.4092813   1.6818563   -0.213   -0.0000000   0.0000000   0.0000000  1 1 1
@ION   16     O     11.7729938   8.4092813   5.0455688   -0.217   -0.0000000   0.0000000  -0.0000001  1 1 1
@ION   17     O      5.0455688   1.6818563   5.0455688   -0.215   -0.0000000  -0.0000000  -0.0000000  1 1 1
@ION   18     O      5.0455688   8.4092813  11.7729938   -0.218   -0.0000001  -0.0000000   0.0000000  1 1 1
@ION   19     O      1.6818563   5.0455688   5.0455688   -0.223    0.0000000  -0.0000000  -0.0000001  1 1 1
@ION   20     O      8.4092813  11.7729938   5.0455688   -0.226   -0.0000001  -0.0000001  -0.0000001  1 1 1
@ION   21     O      8.4092813   5.0455688  11.7729938   -0.223   -0.0000000  -0.0000001   0.0000000  1 1 1
@ION   22     O     11.7729938   5.0455688   8.4092813   -0.230   -0.0000000  -0.0000001   0.0000001  1 1 1
@ION   23     O      5.0455688  11.7729938   8.4092813   -0.230   -0.0000000  -0.0000000   0.0000000  1 1 1
@ION   24     O      5.0455688   5.0455688   1.6818563   -0.230   -0.0000001  -0.0000001   0.0000000  1 1 1

 mean FX      =   0.00000004 Ry/a0
 mean FY      =   0.00000005 Ry/a0
 mean FZ      =   0.00000004 Ry/a0

 max FX       =   0.00000012 Ry/a0   (ion 24)
 max FY       =   0.00000013 Ry/a0   (ion 1)
 max FZ       =   0.00000011 Ry/a0   (ion 22)
 max F[x,y,z] =   0.00000013 Ry/a0
 max |F|      =   0.00000016 Ry/a0   (ion 22)

 sum FX       =  -0.00000043 Ry/a0
 sum FY       =  -0.00000044 Ry/a0
 sum FZ       =   0.00000007 Ry/a0
 Average      =   0.00000031 Ry/a0
 sqrt < F^2 > =   0.00000005 Ry/a0

WriteRestart: Output file given as /dev/null, no restart data written ...


--------TIMING INFORMATION FOR Processor owned the most atoms----------------
                                        Total time               Per SCF/step

1-TOTAL                                             4.14                0.30
-----------------------------------------------------------------------------
  1-TOTAL: Init                                     0.98                0.07
  1-TOTAL: run                                      3.16                0.23
  ---------------------------------------------------------------------------
    1-TOTAL: run: Force                             0.26                0.02
    1-TOTAL: run: Scf steps                         2.84                0.20

2-Force                                             0.26                0.02
-----------------------------------------------------------------------------
  2-Force: core correction                          0.00                0.00
  2-Force: corrections                              0.06                0.00
  2-Force: ion-ion                                  0.04                0.00
  2-Force: local                                    0.06                0.00
  2-Force: non-local                                0.10                0.01
  2-Force: non-local-betaxpsi                       0.01                0.00
  2-Force: non-local-get gamma                      0.00                0.00
  2-Force: non-local-nlforce_par_Q                  0.01                0.00
  2-Force: non-local-nlforce_par_gamma              0.00                0.00
  2-Force: non-local-nlforce_par_omega              0.00                0.00
  2-Force: non-local-partial gamma                  0.00                0.00
  2-Force: non-local-veff grad                      0.01                0.00

2-Init                                              0.98                0.07
-----------------------------------------------------------------------------
  2-Init: GetNewRho                                 0.02                0.00
  2-Init: KpointClass                               0.45                0.03
  2-Init: LcaoGetPsi                                0.03                0.00
  2-Init: LcaoGetRho                                0.05                0.00
  2-Init: ReinitIonicPotentials                     0.08                0.01
  2-Init: betaxpsi                                  0.01                0.00
  2-Init: exchange/correlation                      0.02                0.00
  2-Init: hartree                                   0.01                0.00
  2-Init: normalization                             0.00                0.00
  2-Init: radial potentials                         0.22                0.02
  2-Init: subdiag                                   0.02                0.00
  2-Init: weights                                   0.00                0.00

2-Scf steps                                         2.84                0.20
-----------------------------------------------------------------------------
  2-Scf steps: Davidson                             1.65                0.12
  2-Scf steps: GetNewRho                            0.26                0.02
  2-Scf steps: Hartree                              0.18                0.01
  2-Scf steps: MgridSubspace                        0.48                0.03
  2-Scf steps: MixRho                               0.01                0.00
  2-Scf steps: exchange/correlation                 0.17                0.01

3-MgridSubspace                                     0.48                0.03
-----------------------------------------------------------------------------
  3-MgridSubspace: AppNls                           0.04                0.00
  3-MgridSubspace: Beta x psi                       0.05                0.00
  3-MgridSubspace: Diagonalization                  0.08                0.01
  3-MgridSubspace: Mg_eig                           0.31                0.02

3-ReinitIonicPotentials                             0.08                0.01
-----------------------------------------------------------------------------
  3-ReinitIonicPotentials: GetNlop                  0.00                0.00
  3-ReinitIonicPotentials: GetWeight                0.05                0.00
  3-ReinitIonicPotentials: get_QI                   0.00                0.00
  3-ReinitIonicPotentials: get_qqq                  0.00                0.00
  3-ReinitIonicPotentials: init_nuc                 0.03                0.00

4-Diagonalization                                   0.11                0.01
-----------------------------------------------------------------------------
  4-Diagonalization: ELPA/PDSYGVX/PZHEGVX           0.01                0.00
  4-Diagonalization: Hpsi                           0.06                0.00
  4-Diagonalization: MPI_Bcast                      0.00                0.00
  4-Diagonalization: Update orbitals                0.01                0.00
  ---------------------------------------------------------------------------
    4-Diagonalization: Update orbitals: gather           0.00                0.00
    4-Diagonalization: Update orbitals: gemm           0.01                0.00
  4-Diagonalization: matrix                         0.02                0.00
  ---------------------------------------------------------------------------
    4-Diagonalization: matrix: Allreduce            0.00                0.00
    4-Diagonalization: matrix: Gemm                 0.01                0.00

5-Functional                                        0.18                0.01
-----------------------------------------------------------------------------
  5-Functional: apply gradient                      0.02                0.00
  5-Functional: apply laplacian                     0.01                0.00
  5-Functional: libxc                               0.08                0.01
  5-Functional: vxc                                 0.18                0.01
  5-Functional: vxc grad                            0.10                0.01
  5-Functional: vxc local                           0.02                0.00
  5-Functional: vxc nonlocal                        0.00                0.00

6-Davidson                                          1.65                0.12
-----------------------------------------------------------------------------
  6-Davidson: Betaxpsi                              0.18                0.01
  6-Davidson: apply hamiltonian                     0.33                0.02
  6-Davidson: diagonalization                       0.25                0.02
  6-Davidson: generate residuals                    0.11                0.01
  6-Davidson: matrix setup/reduce                   0.21                0.01
  6-Davidson: normalization                         0.01                0.00
  6-Davidson: precondition                          0.45                0.03
  6-Davidson: rotate orbitals                       0.06                0.00

AppNls                                              0.20                0.01
-----------------------------------------------------------------------------
  AppNls: data_rearrange                            0.00                0.00
  ---------------------------------------------------------------------------
    AppNls: data_rearrange: alloc and zeros           0.00                0.00
    AppNls: data_rearrange: dnm                     0.00                0.00
    AppNls: data_rearrange: sint                    0.00                0.00
  AppNls: nv                                        0.18                0.01
  AppNls: nv_work                                   0.00                0.00

App_gradient                                        0.02                0.00

CPUFD                                               0.00                0.00

Compute Hpsi                                        0.06                0.00
-----------------------------------------------------------------------------
  Compute Hpsi: AppNls                              0.03                0.00
  Compute Hpsi: Threaded Apply H                    0.04                0.00

GlobalSums                                          0.14                0.01

Init                                                0.53                0.04

Init Voronoi                                        0.05                0.00

Mix rho                                             0.01                0.00
-----------------------------------------------------------------------------
  Mix rho: Broyden                                  0.01                0.00
  Mix rho: Linear                                   0.00                0.00

Orbital                                             0.00                0.00
-----------------------------------------------------------------------------
  Orbital: phase and set                            0.00                0.00
  Orbital: proj cal                                 0.00                0.00
  Trade images: trade_images                        0.00                0.00
  Trade images: trade_imagesx                       0.02                0.00

VhPfft                                              0.10                0.01

Weight                                              0.00                0.00

radial beta                                         0.19                0.01


------------------------- TIMING INFORMATION FOR THREADS  -------------------

                                           Min            Max            Avg
CPUFD                                      0.08           0.08           0.08
-----------------------------------------------------------------------------

GlobalSums                                 0.06           0.06           0.06
-----------------------------------------------------------------------------

Mg_eig                                     0.30           0.30           0.30
-----------------------------------------------------------------------------
  Mg_eig: apply hamiltonian                0.15           0.15           0.15
  Mg_eig: mgrid_solv                       0.09           0.09           0.09
  Trade images: trade_images               0.37           0.37           0.37
  Trade images: trade_imagesx              0.37           0.37           0.37
