RMG initialization ... 1 image(s) total, 1 per node. 32 MPI processes/image. Thread level 2.
FFT-FD  0.000000e+00   7.854595e-01   7.852029e-01   2.566439e-04
FFT-FD  1.000000e+00   7.854595e-01   7.852029e-01   2.566439e-04
IP=0 M = 0.000000e+00  -inf  2.566439e-04
FFT-FD  0.000000e+00   2.257183e+00   2.255786e+00   1.396454e-03
FFT-FD  1.000000e+00   2.257183e+00   2.255786e+00   1.396454e-03
IP=1 M = 0.000000e+00  -inf  1.396454e-03
FFT-FD  0.000000e+00   2.257183e+00   2.255786e+00   1.396454e-03
FFT-FD  1.000000e+00   2.257183e+00   2.255786e+00   1.396454e-03
IP=2 M = 0.000000e+00  -inf  1.396454e-03
FFT-FD  0.000000e+00   2.257183e+00   2.255786e+00   1.396454e-03
FFT-FD  1.000000e+00   2.257183e+00   2.255786e+00   1.396454e-03
IP=3 M = 0.000000e+00  -inf  1.396454e-03
FFT-FD  0.000000e+00   2.678435e-01   2.678422e-01   1.236100e-06
FFT-FD  1.000000e+00   2.678435e-01   2.678422e-01   1.236100e-06
IP=0 M = 0.000000e+00  -inf  1.236100e-06
FFT-FD  0.000000e+00   3.882435e-01   3.882434e-01   2.723711e-08
FFT-FD  1.000000e+00   3.882435e-01   3.882434e-01   2.723711e-08
IP=1 M = 0.000000e+00  -inf  2.723711e-08
FFT-FD  0.000000e+00   3.882435e-01   3.882434e-01   2.723711e-08
FFT-FD  1.000000e+00   3.882435e-01   3.882434e-01   2.723711e-08
IP=2 M = 0.000000e+00  -inf  2.723711e-08
FFT-FD  0.000000e+00   3.882435e-01   3.882434e-01   2.723711e-08
FFT-FD  1.000000e+00   3.882435e-01   3.882434e-01   2.723711e-08
IP=3 M = 0.000000e+00  -inf  2.723711e-08
NEWCFAC = 0.000000  0.000000


                     * * * * * * * * * *
                     *    R   M   G    *
                     * * * * * * * * * *

     -- A Real Space Multigrid Electronic structure code --
     --      More information at www.rmgdft.org          --

Code Revision:     v5.1.0_53_g887bfc3b
Build Date:        May 15 2023  14:30:00
Start time:        Wed May 17 14:03:08 2023

NOTICE: RMG internal pseudopotentials have switched to
ONCVP from Ultrasoft. You can revert to Ultrasoft by
adding the input tag internal_pseudo_type="ultrasoft" to
your input files.


Files
   Control input file:        input1
   Data output file:          /dev/null

Run Setup
    Calculation type:         Quench electrons - Fixed ions SCF calculation
    Description:              SiO2
    Orbital Initialization:   LCAO (96 LCAO and 0 random orbitals)
    Exchange Correlation:     pbe
    Spin Polarization:        OFF
    System charge:            Neutral

Processor Topology
   Total PEs:                 32
   X direction:               4
   Y direction:               4
   Z direction:               2
   MG Threads/PE:             1
   OMP Threads/PE:            1

Grid Points  (Linear Anisotropy: 1.000)
    X:  Total: 40   Per PE: 10   Spacing:0.336 a0  
    Y:  Total: 40   Per PE: 10   Spacing:0.336 a0  
    Z:  Total: 40   Per PE: 20   Spacing:0.336 a0  

    Equivalent energy cutoffs (psi,rho):    87.229    348.917 Ry

    Charge density grid:         2 times finer

Coordinate planes
  Planar Anisotropy: 1.000
  A0-A1 density:     8.838
  A0-A2 density:     8.838
  A1-A2 density:     8.838


Lattice (Cell) Setup
    Type:                       Orthorhombic_primitive
    Volume (a0^3):               2435.77
    Boundary conditions:        Periodic

    X Basis Vector:      13.455       0.000       0.000 a0
    Y Basis Vector:       0.000      13.455       0.000 a0
    Z Basis Vector:       0.000       0.000      13.455 a0
    X Reci Vector:       0.074      -0.000       0.000 a0
    Y Reci Vector:       0.000       0.074       0.000 a0
    Z Reci Vector:       0.000      -0.000       0.074 a0

K-points
    Gamma Point Only (real orbitals)

Atoms and States
    Number of ions:                          24
    Number of species:                       2
    Number of states:                        79

Run Parameters
    SCF Convergence criterion (potential):   1.00e-10
    SCF Convergence criterion (energy):      1.00e-10
    Max SCF steps:                           30

SCF Cycle Settings
    Charge density mixing:                   Broyden
    Hartree Solver:                          PFFT
    Interpolation type:                      FFT

Finite Difference parameters
    Kohn Sham FD Order:                      10  
    Force Gradient Order:                    FFT
    Adaptive Finite Differencing:            Off

Subspace Diagonalization Options
    Frequency:                               every 1 SCF step(s)
    Driver:                                  ScaLapack
    Initial diagonalization:                 ON
    Folded spectrum:                         OFF

Filtering Cutoff  Parameters
    Wavefunction grid (cparm):               0.800
    Charge density grid (rhocparm):          1.000
    Filter factor:                           1.000

Multigrid (MG) Parameters
    Psi MG levels:                           3
    Psi global step:                         0.660 
    Psi pre:                                 2
    Psi post:                                2

Davidson Parameters
    Davidson multiplier:                     4
    Davidson max step:                       8
    Davidson unocc tol factor:               1000.000

Blas Libraries
    CPU support with openblas-parallel.


Atomic Species Information
(PP = Pseudopotential, US = Ultrasoft, NC = Norm Conserving)
-------------------------------------------------------------------------
|Index|Symbol| Mass|Valence| PP |  Comp  |Local| Local|Nlocal|    PP    |
|     |      |     |       |Type|Gaussian|  l  |Radius|Radius|Functional|
-------------------------------------------------------------------------
|    1|     O| 15.0|   6.00|  NC|    0.50|   -1| 10.00|  7.00|       PBE|
|    2|    Si| 28.0|   4.00|  NC|    0.50|   -1| 10.00|  7.00|       PBE|
-------------------------------------------------------------------------

Pseudopotential generation information:
   O pseudopotential file: ./@Internal
      Generation info     : Generated using ONCVPSP code by D. R. Hamann
      Author info         : anonymous
  Si pseudopotential file: ./@Internal
      Generation info     : Generated using ONCVPSP code by D. R. Hamann
      Author info         : anonymous


Memory usage (Mbytes):     Min        Max       Total
    wave functions          5.06       5.06     161.82
    beta-functions          3.07       3.07      98.34



Initial Ionic Positions And Displacements (Bohr)
Species      X           Y           Z           dX          dY          dZ
  Si       0.0000      0.0000      0.0000      0.0000      0.0000      0.0000
  Si       3.3637      3.3637      3.3637      0.0000      0.0000      0.0000
  Si      10.0911      3.3637     10.0911      0.0000      0.0000      0.0000
  Si       3.3637     10.0911     10.0911      0.0000      0.0000      0.0000
  Si      10.0911     10.0911      3.3637      0.0000      0.0000      0.0000
  Si       0.0000      6.7274      6.7274      0.0000      0.0000      0.0000
  Si       6.7274      0.0000      6.7274      0.0000      0.0000      0.0000
  Si       6.7274      6.7274      0.0000      0.0000      0.0000      0.0000
  O        1.6819      1.6819      1.6819      0.0000      0.0000      0.0000
  O       11.7730      1.6819     11.7730      0.0000      0.0000      0.0000
  O        1.6819     11.7730     11.7730      0.0000      0.0000      0.0000
  O       11.7730     11.7730      1.6819      0.0000      0.0000      0.0000
  O        1.6819      8.4093      8.4093      0.0000      0.0000      0.0000
  O        8.4093      1.6819      8.4093      0.0000      0.0000      0.0000
  O        8.4093      8.4093      1.6819      0.0000      0.0000      0.0000
  O       11.7730      8.4093      5.0456      0.0000      0.0000      0.0000
  O        5.0456      1.6819      5.0456      0.0000      0.0000      0.0000
  O        5.0456      8.4093     11.7730      0.0000      0.0000      0.0000
  O        1.6819      5.0456      5.0456      0.0000      0.0000      0.0000
  O        8.4093     11.7730      5.0456      0.0000      0.0000      0.0000
  O        8.4093      5.0456     11.7730      0.0000      0.0000      0.0000
  O       11.7730      5.0456      8.4093      0.0000      0.0000      0.0000
  O        5.0456     11.7730      8.4093      0.0000      0.0000      0.0000
  O        5.0456      5.0456      1.6819      0.0000      0.0000      0.0000


Initial Ionic Positions And Displacements (Angstrom)
Species      X           Y           Z           dX          dY          dZ
  Si       0.0000      0.0000      0.0000      0.0000      0.0000      0.0000
  Si       1.7800      1.7800      1.7800      0.0000      0.0000      0.0000
  Si       5.3400      1.7800      5.3400      0.0000      0.0000      0.0000
  Si       1.7800      5.3400      5.3400      0.0000      0.0000      0.0000
  Si       5.3400      5.3400      1.7800      0.0000      0.0000      0.0000
  Si       0.0000      3.5600      3.5600      0.0000      0.0000      0.0000
  Si       3.5600      0.0000      3.5600      0.0000      0.0000      0.0000
  Si       3.5600      3.5600      0.0000      0.0000      0.0000      0.0000
  O        0.8900      0.8900      0.8900      0.0000      0.0000      0.0000
  O        6.2300      0.8900      6.2300      0.0000      0.0000      0.0000
  O        0.8900      6.2300      6.2300      0.0000      0.0000      0.0000
  O        6.2300      6.2300      0.8900      0.0000      0.0000      0.0000
  O        0.8900      4.4500      4.4500      0.0000      0.0000      0.0000
  O        4.4500      0.8900      4.4500      0.0000      0.0000      0.0000
  O        4.4500      4.4500      0.8900      0.0000      0.0000      0.0000
  O        6.2300      4.4500      2.6700      0.0000      0.0000      0.0000
  O        2.6700      0.8900      2.6700      0.0000      0.0000      0.0000
  O        2.6700      4.4500      6.2300      0.0000      0.0000      0.0000
  O        0.8900      2.6700      2.6700      0.0000      0.0000      0.0000
  O        4.4500      6.2300      2.6700      0.0000      0.0000      0.0000
  O        4.4500      2.6700      6.2300      0.0000      0.0000      0.0000
  O        6.2300      2.6700      4.4500      0.0000      0.0000      0.0000
  O        2.6700      6.2300      4.4500      0.0000      0.0000      0.0000
  O        2.6700      2.6700      0.8900      0.0000      0.0000      0.0000

Diagonalization using scalapack for step=0  count=0



KOHN SHAM EIGENVALUES [eV] AT K-POINT [  0]:       0.000000      0.000000      0.000000

[kpt   0  -1   0]   -22.2123 [2.000]   -21.3912 [2.000]   -21.3912 [2.000]   -21.3912 [2.000]   -21.3912 [2.000]
[kpt   0  -1   1]   -21.3912 [2.000]   -21.3912 [2.000]   -20.2978 [2.000]   -20.2978 [2.000]   -20.2978 [2.000]
[kpt   0  -1   2]   -20.2781 [2.000]   -20.2781 [2.000]   -20.2781 [2.000]   -20.2781 [2.000]   -20.2781 [2.000]
[kpt   0  -1   3]   -20.2781 [2.000]   -11.9865 [2.000]    -9.9137 [2.000]    -9.9137 [2.000]    -9.9137 [2.000]
[kpt   0  -1   4]    -9.9137 [2.000]    -9.9137 [2.000]    -9.9137 [2.000]    -8.2451 [2.000]    -8.2451 [2.000]
[kpt   0  -1   5]    -8.2451 [2.000]    -7.9326 [2.000]    -7.9326 [2.000]    -7.9326 [2.000]    -7.9326 [2.000]
[kpt   0  -1   6]    -7.9326 [2.000]    -7.9326 [2.000]    -5.0589 [2.000]    -5.0589 [2.000]    -5.0589 [2.000]
[kpt   0  -1   7]    -5.0589 [2.000]    -5.0589 [2.000]    -5.0589 [2.000]    -4.9656 [2.000]    -4.9656 [2.000]
[kpt   0  -1   8]    -4.7736 [2.000]    -4.7736 [2.000]    -4.7736 [2.000]    -4.7736 [2.000]    -4.7736 [2.000]
[kpt   0  -1   9]    -4.7736 [2.000]    -4.5474 [2.000]    -4.5474 [2.000]    -4.5474 [2.000]    -4.0176 [2.000]
[kpt   0  -1  10]    -4.0176 [2.000]    -4.0176 [2.000]    -4.0176 [2.000]    -4.0176 [2.000]    -4.0176 [2.000]
[kpt   0  -1  11]    -3.4387 [2.000]    -3.4387 [2.000]    -3.4387 [2.000]    -3.4387 [2.000]    -3.4387 [2.000]
[kpt   0  -1  12]    -3.4387 [2.000]    -2.9677 [2.000]    -2.9677 [2.000]    -2.9677 [2.000]     7.5932 [0.000]
[kpt   0  -1  13]    10.2588 [0.000]    10.2588 [0.000]    10.2588 [0.000]    10.2588 [0.000]    10.2588 [0.000]
[kpt   0  -1  14]    10.2588 [0.000]    12.3977 [0.000]    12.3977 [0.000]    12.3977 [0.000]    13.3527 [0.000]
[kpt   0  -1  15]    13.3527 [0.000]    13.3527 [0.000]    13.3527 [0.000]    13.3527 [0.000]    13.3527 [0.000]
[kpt   0  -1  16]    15.0173 [0.000]    15.0173 [0.000]    15.0173 [0.000]    15.0173 [0.000]    15.0173 [0.000]
[kpt   0  -1  17]    15.0173 [0.000]    15.3284 [0.000]    15.3284 [0.000]    15.3284 [0.000]    15.3284 [0.000]
[kpt   0  -1  18]    15.3284 [0.000]    15.3284 [0.000]    16.6133 [0.000]    16.6133 [0.000]    16.6133 [0.000]
[kpt   0  -1  19]    17.1641 [0.000]


Charge normalization constant -1.0: -7.993606e-15
Charge density mixing: Linear with a constant of 0.50 

Diagonalization using scalapack for step=0  count=1


FERMI ENERGY =      5.44649049 eV
@@ EIGENVALUE SUM     =      -66.377037 Ry
@@ ION_ION            =     -272.916107 Ry
@@ ELECTROSTATIC      =     -284.898332 Ry
@@ VXC                =     -178.995366 Ry
@@ EXC                =     -137.854437 Ry
@@ TOTAL ENERGY       =     -583.050546 Ry
@@ estimated error    =   ****************
Charge normalization constant -1.0: 4.440892e-16
Charge density mixing: Linear with a constant of 0.50 
WriteRestart: Output file given as /dev/null, no restart data written ...


KOHN SHAM EIGENVALUES [eV] AT K-POINT [  0]:       0.000000      0.000000      0.000000

[kpt   0   0   0]   -19.7034 [2.000]   -18.7558 [2.000]   -18.7517 [2.000]   -18.7479 [2.000]   -18.7340 [2.000]
[kpt   0   0   1]   -18.7326 [2.000]   -18.7230 [2.000]   -17.4565 [2.000]   -17.4465 [2.000]   -17.4458 [2.000]
[kpt   0   0   2]   -17.4439 [2.000]   -17.4426 [2.000]   -17.4379 [2.000]   -17.4369 [2.000]   -17.4344 [2.000]
[kpt   0   0   3]   -17.4321 [2.000]    -9.6995 [2.000]    -7.4549 [2.000]    -7.4500 [2.000]    -7.4458 [2.000]
[kpt   0   0   4]    -7.4232 [2.000]    -7.4203 [2.000]    -7.4184 [2.000]    -5.8369 [2.000]    -5.8352 [2.000]
[kpt   0   0   5]    -5.8345 [2.000]    -5.1384 [2.000]    -5.1381 [2.000]    -5.1367 [2.000]    -5.1363 [2.000]
[kpt   0   0   6]    -5.1347 [2.000]    -5.1345 [2.000]    -2.9738 [2.000]    -2.9728 [2.000]    -2.9717 [2.000]
[kpt   0   0   7]    -2.9632 [2.000]    -2.9626 [2.000]    -2.9622 [2.000]    -2.7681 [2.000]    -2.7675 [2.000]
[kpt   0   0   8]    -2.6319 [2.000]    -2.6311 [2.000]    -2.6306 [2.000]    -2.6303 [2.000]    -2.6293 [2.000]
[kpt   0   0   9]    -2.6085 [2.000]    -2.0476 [2.000]    -2.0470 [2.000]    -2.0463 [2.000]    -1.5770 [2.000]
[kpt   0   0  10]    -1.5763 [2.000]    -1.5758 [2.000]    -1.5680 [2.000]    -1.5672 [2.000]    -1.5660 [2.000]
[kpt   0   0  11]    -0.7693 [2.000]    -0.7690 [2.000]    -0.7686 [2.000]    -0.7680 [2.000]    -0.7672 [2.000]
[kpt   0   0  12]    -0.7669 [2.000]    -0.1693 [2.000]    -0.1685 [2.000]    -0.1683 [2.000]     8.3747 [0.000]
[kpt   0   0  13]    10.8937 [0.000]    10.8943 [0.000]    10.8959 [0.000]    10.9053 [0.000]    10.9056 [0.000]
[kpt   0   0  14]    10.9064 [0.000]    12.0969 [0.000]    12.0988 [0.000]    12.0989 [0.000]    13.8291 [0.000]
[kpt   0   0  15]    13.8293 [0.000]    13.8295 [0.000]    13.8297 [0.000]    13.8298 [0.000]



Total charge in supercell =     128.00000000
 quench: [md:   0/100  scf:   0/30  step time:   0.15  scf time:     0.19 secs  RMS[dV]: 5.25e-02 ]


average potential <V> = 1.39e-16

Diagonalization using scalapack for step=1  count=2


FERMI ENERGY =      5.63708526 eV
@@ EIGENVALUE SUM     =      -55.597907 Ry
@@ ION_ION            =     -272.916107 Ry
@@ ELECTROSTATIC      =     -297.059105 Ry
@@ VXC                =     -182.161013 Ry
@@ EXC                =     -140.324922 Ry
@@ TOTAL ENERGY       =     -583.737028 Ry
@@ estimated error    =        6.33e-01 Ry
Charge normalization constant -1.0: -4.440892e-16
Charge density mixing: Linear with a constant of 0.50 


KOHN SHAM EIGENVALUES [eV] AT K-POINT [  0]:       0.000000      0.000000      0.000000

[kpt   0   1   0]   -18.5483 [2.000]   -17.5259 [2.000]   -17.5254 [2.000]   -17.5230 [2.000]   -17.5139 [2.000]
[kpt   0   1   1]   -17.5134 [2.000]   -17.5032 [2.000]   -16.0778 [2.000]   -16.0751 [2.000]   -16.0677 [2.000]
[kpt   0   1   2]   -16.0602 [2.000]   -16.0549 [2.000]   -16.0507 [2.000]   -16.0393 [2.000]   -16.0316 [2.000]
[kpt   0   1   3]   -16.0290 [2.000]    -9.2674 [2.000]    -6.7809 [2.000]    -6.7794 [2.000]    -6.7756 [2.000]
[kpt   0   1   4]    -6.7732 [2.000]    -6.7709 [2.000]    -6.7699 [2.000]    -4.9914 [2.000]    -4.9903 [2.000]
[kpt   0   1   5]    -4.9877 [2.000]    -4.3343 [2.000]    -4.3336 [2.000]    -4.3264 [2.000]    -4.3252 [2.000]
[kpt   0   1   6]    -4.3211 [2.000]    -4.3170 [2.000]    -1.7944 [2.000]    -1.7935 [2.000]    -1.7886 [2.000]
[kpt   0   1   7]    -1.7866 [2.000]    -1.7810 [2.000]    -1.7786 [2.000]    -1.5293 [2.000]    -1.5288 [2.000]
[kpt   0   1   8]    -1.4395 [2.000]    -1.4341 [2.000]    -1.4326 [2.000]    -1.4290 [2.000]    -1.4253 [2.000]
[kpt   0   1   9]    -1.4214 [2.000]    -0.9028 [2.000]    -0.8973 [2.000]    -0.8968 [2.000]    -0.2835 [2.000]
[kpt   0   1  10]    -0.2783 [2.000]    -0.2759 [2.000]    -0.2707 [2.000]    -0.2693 [2.000]    -0.2648 [2.000]
[kpt   0   1  11]     0.5797 [2.000]     0.5849 [2.000]     0.5862 [2.000]     0.5915 [2.000]     0.5941 [2.000]
[kpt   0   1  12]     0.6004 [2.000]     1.3061 [2.000]     1.3075 [2.000]     1.3109 [2.000]     8.6571 [0.000]
[kpt   0   1  13]    11.2188 [0.000]    11.2203 [0.000]    11.2216 [0.000]    11.2235 [0.000]    11.2259 [0.000]
[kpt   0   1  14]    11.2297 [0.000]    11.7305 [0.000]    11.7322 [0.000]    11.7344 [0.000]    14.0169 [0.000]
[kpt   0   1  15]    14.0187 [0.000]    14.0197 [0.000]    14.0201 [0.000]    45.9461 [0.000]



Total charge in supercell =     128.00000000
 quench: [md:   0/100  scf:   1/30  step time:   0.13  scf time:     0.32 secs  RMS[dV]: 3.04e-02 ]


average potential <V> = 6.39e-17

Diagonalization using scalapack for step=2  count=3


FERMI ENERGY =      5.49407231 eV
@@ EIGENVALUE SUM     =      -53.669371 Ry
@@ ION_ION            =     -272.916107 Ry
@@ ELECTROSTATIC      =     -296.192831 Ry
@@ VXC                =     -181.635990 Ry
@@ EXC                =     -139.915707 Ry
@@ TOTAL ENERGY       =     -581.058026 Ry
@@ estimated error    =        2.01e-01 Ry
Charge normalization constant -1.0: -4.440892e-16
Charge density mixing: Linear with a constant of 0.50 


KOHN SHAM EIGENVALUES [eV] AT K-POINT [  0]:       0.000000      0.000000      0.000000

[kpt   0   2   0]   -18.3893 [2.000]   -17.3640 [2.000]   -17.3570 [2.000]   -17.3555 [2.000]   -17.3492 [2.000]
[kpt   0   2   1]   -17.3442 [2.000]   -17.3398 [2.000]   -15.8975 [2.000]   -15.8913 [2.000]   -15.8830 [2.000]
[kpt   0   2   2]   -15.8814 [2.000]   -15.8747 [2.000]   -15.8700 [2.000]   -15.8435 [2.000]   -15.8305 [2.000]
[kpt   0   2   3]   -15.8250 [2.000]    -9.1814 [2.000]    -6.6550 [2.000]    -6.6531 [2.000]    -6.6502 [2.000]
[kpt   0   2   4]    -6.6493 [2.000]    -6.6469 [2.000]    -6.6424 [2.000]    -4.8409 [2.000]    -4.8394 [2.000]
[kpt   0   2   5]    -4.8350 [2.000]    -4.1963 [2.000]    -4.1914 [2.000]    -4.1897 [2.000]    -4.1889 [2.000]
[kpt   0   2   6]    -4.1869 [2.000]    -4.1846 [2.000]    -1.6058 [2.000]    -1.6032 [2.000]    -1.5990 [2.000]
[kpt   0   2   7]    -1.5932 [2.000]    -1.5867 [2.000]    -1.5858 [2.000]    -1.3270 [2.000]    -1.3262 [2.000]
[kpt   0   2   8]    -1.2052 [2.000]    -1.2042 [2.000]    -1.1925 [2.000]    -1.1900 [2.000]    -1.1889 [2.000]
[kpt   0   2   9]    -1.1865 [2.000]    -0.7023 [2.000]    -0.6960 [2.000]    -0.6944 [2.000]    -0.0238 [2.000]
[kpt   0   2  10]    -0.0175 [2.000]    -0.0151 [2.000]    -0.0007 [2.000]     0.0013 [2.000]     0.0084 [2.000]
[kpt   0   2  11]     0.8902 [2.000]     0.8974 [2.000]     0.8989 [2.000]     0.9028 [2.000]     0.9036 [2.000]
[kpt   0   2  12]     0.9090 [2.000]     1.6827 [2.000]     1.6847 [2.000]     1.6881 [2.000]     8.3747 [0.000]
[kpt   0   2  13]    11.0851 [0.000]    11.0859 [0.000]    11.0878 [0.000]    11.0915 [0.000]    11.0956 [0.000]
[kpt   0   2  14]    11.0992 [0.000]    11.3699 [0.000]    11.3734 [0.000]    11.3783 [0.000]    13.9046 [0.000]
[kpt   0   2  15]    13.9062 [0.000]    13.9064 [0.000]    13.9084 [0.000]    45.2997 [0.000]



Total charge in supercell =     128.00000000
 quench: [md:   0/100  scf:   2/30  step time:   0.13  scf time:     0.45 secs  RMS[dV]: 1.48e-02 ]


average potential <V> = 3.55e-16

Diagonalization using scalapack for step=3  count=4


FERMI ENERGY =      5.10742713 eV
@@ EIGENVALUE SUM     =      -55.122129 Ry
@@ ION_ION            =     -272.916107 Ry
@@ ELECTROSTATIC      =     -291.930893 Ry
@@ VXC                =     -180.228948 Ry
@@ EXC                =     -138.817300 Ry
@@ TOTAL ENERGY       =     -578.557480 Ry
@@ estimated error    =        3.07e-01 Ry
Charge normalization constant -1.0: 4.440892e-16
Charge density mixing: Linear with a constant of 0.50 


KOHN SHAM EIGENVALUES [eV] AT K-POINT [  0]:       0.000000      0.000000      0.000000

[kpt   0   3   0]   -18.5602 [2.000]   -17.5555 [2.000]   -17.5400 [2.000]   -17.5398 [2.000]   -17.5379 [2.000]
[kpt   0   3   1]   -17.5336 [2.000]   -17.5186 [2.000]   -16.1149 [2.000]   -16.1103 [2.000]   -16.1022 [2.000]
[kpt   0   3   2]   -16.0984 [2.000]   -16.0907 [2.000]   -16.0848 [2.000]   -16.0698 [2.000]   -16.0533 [2.000]
[kpt   0   3   3]   -16.0426 [2.000]    -9.2591 [2.000]    -6.7657 [2.000]    -6.7594 [2.000]    -6.7585 [2.000]
[kpt   0   3   4]    -6.7570 [2.000]    -6.7539 [2.000]    -6.7465 [2.000]    -4.9533 [2.000]    -4.9478 [2.000]
[kpt   0   3   5]    -4.9423 [2.000]    -4.3188 [2.000]    -4.3138 [2.000]    -4.3113 [2.000]    -4.3099 [2.000]
[kpt   0   3   6]    -4.3083 [2.000]    -4.3011 [2.000]    -1.7677 [2.000]    -1.7593 [2.000]    -1.7584 [2.000]
[kpt   0   3   7]    -1.7558 [2.000]    -1.7550 [2.000]    -1.7466 [2.000]    -1.4970 [2.000]    -1.4966 [2.000]
[kpt   0   3   8]    -1.3443 [2.000]    -1.3331 [2.000]    -1.3312 [2.000]    -1.3258 [2.000]    -1.3252 [2.000]
[kpt   0   3   9]    -1.3242 [2.000]    -0.8627 [2.000]    -0.8605 [2.000]    -0.8599 [2.000]    -0.1731 [2.000]
[kpt   0   3  10]    -0.1713 [2.000]    -0.1685 [2.000]    -0.1623 [2.000]    -0.1598 [2.000]    -0.1597 [2.000]
[kpt   0   3  11]     0.7437 [2.000]     0.7502 [2.000]     0.7510 [2.000]     0.7535 [2.000]     0.7539 [2.000]
[kpt   0   3  12]     0.7630 [2.000]     1.5468 [2.000]     1.5502 [2.000]     1.5575 [2.000]     8.0154 [0.000]
[kpt   0   3  13]    10.8429 [0.000]    10.8447 [0.000]    10.8461 [0.000]    10.8520 [0.000]    10.8571 [0.000]
[kpt   0   3  14]    10.8598 [0.000]    11.1323 [0.000]    11.1366 [0.000]    11.1420 [0.000]    13.6945 [0.000]
[kpt   0   3  15]    13.6958 [0.000]    13.6964 [0.000]    13.6983 [0.000]    44.5534 [0.000]



Total charge in supercell =     128.00000000
 quench: [md:   0/100  scf:   3/30  step time:   0.13  scf time:     0.59 secs  RMS[dV]: 1.43e-02 ]


average potential <V> = 4.62e-16
Davidson converged in 3 steps

FERMI ENERGY =      5.24180744 eV
@@ EIGENVALUE SUM     =      -56.582077 Ry
@@ ION_ION            =     -272.916107 Ry
@@ ELECTROSTATIC      =     -288.420979 Ry
@@ VXC                =     -179.106325 Ry
@@ EXC                =     -137.939954 Ry
@@ TOTAL ENERGY       =     -576.752792 Ry
@@ estimated error    =        1.78e-01 Ry
Charge normalization constant -1.0: 8.881784e-16
Charge density mixing: Broyden


KOHN SHAM EIGENVALUES [eV] AT K-POINT [  0]:       0.000000      0.000000      0.000000

[kpt   0   4   0]   -18.7238 [2.000]   -17.7461 [2.000]   -17.7276 [2.000]   -17.7211 [2.000]   -17.7145 [2.000]
[kpt   0   4   1]   -17.7057 [2.000]   -17.6835 [2.000]   -16.3459 [2.000]   -16.3283 [2.000]   -16.3155 [2.000]
[kpt   0   4   2]   -16.3089 [2.000]   -16.3060 [2.000]   -16.2941 [2.000]   -16.2767 [2.000]   -16.2736 [2.000]
[kpt   0   4   3]   -16.2390 [2.000]    -9.3694 [2.000]    -6.9172 [2.000]    -6.9030 [2.000]    -6.8997 [2.000]
[kpt   0   4   4]    -6.8944 [2.000]    -6.8851 [2.000]    -6.8706 [2.000]    -5.0970 [2.000]    -5.0795 [2.000]
[kpt   0   4   5]    -5.0636 [2.000]    -4.4759 [2.000]    -4.4593 [2.000]    -4.4511 [2.000]    -4.4463 [2.000]
[kpt   0   4   6]    -4.4369 [2.000]    -4.4186 [2.000]    -1.9439 [2.000]    -1.9233 [2.000]    -1.9211 [2.000]
[kpt   0   4   7]    -1.9180 [2.000]    -1.9123 [2.000]    -1.8940 [2.000]    -1.6549 [2.000]    -1.6532 [2.000]
[kpt   0   4   8]    -1.5034 [2.000]    -1.4848 [2.000]    -1.4813 [2.000]    -1.4775 [2.000]    -1.4725 [2.000]
[kpt   0   4   9]    -1.4507 [2.000]    -1.0106 [2.000]    -1.0097 [2.000]    -1.0089 [2.000]    -0.3369 [2.000]
[kpt   0   4  10]    -0.3138 [2.000]    -0.3096 [2.000]    -0.3059 [2.000]    -0.2991 [2.000]    -0.2749 [2.000]
[kpt   0   4  11]     0.5893 [2.000]     0.6163 [2.000]     0.6187 [2.000]     0.6239 [2.000]     0.6283 [2.000]
[kpt   0   4  12]     0.6528 [2.000]     1.4131 [2.000]     1.4301 [2.000]     1.4465 [2.000]     7.0964 [0.000]
[kpt   0   4  13]     9.9863 [0.000]     9.9923 [0.000]     9.9941 [0.000]     9.9950 [0.000]     9.9981 [0.000]
[kpt   0   4  14]    10.0002 [0.000]    10.5071 [0.000]    10.5089 [0.000]    10.5110 [0.000]    13.2008 [0.000]
[kpt   0   4  15]    13.2190 [0.000]    13.2261 [0.000]    13.2297 [0.000]    13.2303 [0.000]



Total charge in supercell =     128.00000000
 quench: [md:   0/100  scf:   4/30  step time:   0.18  scf time:     0.77 secs  RMS[dV]: 1.05e-02 ]


average potential <V> = -3.91e-17
Davidson converged in 2 steps

FERMI ENERGY =      5.00073040 eV
@@ EIGENVALUE SUM     =      -59.885119 Ry
@@ ION_ION            =     -272.916107 Ry
@@ ELECTROSTATIC      =     -284.826541 Ry
@@ VXC                =     -178.001297 Ry
@@ EXC                =     -137.075091 Ry
@@ TOTAL ENERGY       =     -576.701561 Ry
@@ estimated error    =        1.53e-01 Ry
Charge normalization constant -1.0: 8.881784e-16
Charge density mixing: Broyden


KOHN SHAM EIGENVALUES [eV] AT K-POINT [  0]:       0.000000      0.000000      0.000000

[kpt   0   5   0]   -19.0469 [2.000]   -18.0820 [2.000]   -18.0719 [2.000]   -18.0673 [2.000]   -18.0637 [2.000]
[kpt   0   5   1]   -18.0618 [2.000]   -18.0523 [2.000]   -16.7368 [2.000]   -16.7264 [2.000]   -16.7204 [2.000]
[kpt   0   5   2]   -16.7185 [2.000]   -16.7172 [2.000]   -16.7052 [2.000]   -16.6986 [2.000]   -16.6878 [2.000]
[kpt   0   5   3]   -16.6724 [2.000]    -9.5053 [2.000]    -7.1180 [2.000]    -7.1101 [2.000]    -7.1060 [2.000]
[kpt   0   5   4]    -7.1032 [2.000]    -7.1016 [2.000]    -7.0942 [2.000]    -5.3351 [2.000]    -5.3272 [2.000]
[kpt   0   5   5]    -5.3187 [2.000]    -4.7291 [2.000]    -4.7201 [2.000]    -4.7152 [2.000]    -4.7132 [2.000]
[kpt   0   5   6]    -4.7091 [2.000]    -4.7014 [2.000]    -2.2688 [2.000]    -2.2590 [2.000]    -2.2562 [2.000]
[kpt   0   5   7]    -2.2548 [2.000]    -2.2538 [2.000]    -2.2444 [2.000]    -2.0186 [2.000]    -2.0179 [2.000]
[kpt   0   5   8]    -1.8363 [2.000]    -1.8276 [2.000]    -1.8259 [2.000]    -1.8241 [2.000]    -1.8234 [2.000]
[kpt   0   5   9]    -1.8138 [2.000]    -1.3893 [2.000]    -1.3891 [2.000]    -1.3888 [2.000]    -0.7318 [2.000]
[kpt   0   5  10]    -0.7216 [2.000]    -0.7189 [2.000]    -0.7171 [2.000]    -0.7161 [2.000]    -0.7050 [2.000]
[kpt   0   5  11]     0.1587 [2.000]     0.1715 [2.000]     0.1739 [2.000]     0.1763 [2.000]     0.1771 [2.000]
[kpt   0   5  12]     0.1892 [2.000]     0.9259 [2.000]     0.9348 [2.000]     0.9423 [2.000]     6.8146 [0.000]
[kpt   0   5  13]     9.7573 [0.000]     9.7581 [0.000]     9.7589 [0.000]     9.7599 [0.000]     9.7607 [0.000]
[kpt   0   5  14]     9.7623 [0.000]    10.5170 [0.000]    10.5175 [0.000]    10.5178 [0.000]    12.2302 [0.000]
[kpt   0   5  15]    13.0126 [0.000]    13.0135 [0.000]    13.0137 [0.000]    13.0166 [0.000]



Total charge in supercell =     128.00000000
 quench: [md:   0/100  scf:   5/30  step time:   0.17  scf time:     0.94 secs  RMS[dV]: 9.26e-03 ]


average potential <V> = -3.59e-16
Davidson converged in 3 steps

FERMI ENERGY =      5.05812968 eV
@@ EIGENVALUE SUM     =      -58.651145 Ry
@@ ION_ION            =     -272.916107 Ry
@@ ELECTROSTATIC      =     -286.131721 Ry
@@ VXC                =     -178.330365 Ry
@@ EXC                =     -137.330335 Ry
@@ TOTAL ENERGY       =     -576.698942 Ry
@@ estimated error    =        9.92e-03 Ry
Charge normalization constant -1.0: 4.440892e-16
Charge density mixing: Broyden


KOHN SHAM EIGENVALUES [eV] AT K-POINT [  0]:       0.000000      0.000000      0.000000

[kpt   0   6   0]   -18.9144 [2.000]   -17.9321 [2.000]   -17.9306 [2.000]   -17.9302 [2.000]   -17.9298 [2.000]
[kpt   0   6   1]   -17.9287 [2.000]   -17.9271 [2.000]   -16.5785 [2.000]   -16.5771 [2.000]   -16.5761 [2.000]
[kpt   0   6   2]   -16.5759 [2.000]   -16.5748 [2.000]   -16.5731 [2.000]   -16.5466 [2.000]   -16.5441 [2.000]
[kpt   0   6   3]   -16.5416 [2.000]    -9.3762 [2.000]    -6.9688 [2.000]    -6.9675 [2.000]    -6.9672 [2.000]
[kpt   0   6   4]    -6.9670 [2.000]    -6.9662 [2.000]    -6.9650 [2.000]    -5.1941 [2.000]    -5.1928 [2.000]
[kpt   0   6   5]    -5.1915 [2.000]    -4.5687 [2.000]    -4.5673 [2.000]    -4.5666 [2.000]    -4.5664 [2.000]
[kpt   0   6   6]    -4.5655 [2.000]    -4.5641 [2.000]    -2.1480 [2.000]    -2.1463 [2.000]    -2.1462 [2.000]
[kpt   0   6   7]    -2.1461 [2.000]    -2.1456 [2.000]    -2.1444 [2.000]    -1.9041 [2.000]    -1.9038 [2.000]
[kpt   0   6   8]    -1.7146 [2.000]    -1.7131 [2.000]    -1.7128 [2.000]    -1.7126 [2.000]    -1.7121 [2.000]
[kpt   0   6   9]    -1.7102 [2.000]    -1.2576 [2.000]    -1.2576 [2.000]    -1.2574 [2.000]    -0.5984 [2.000]
[kpt   0   6  10]    -0.5968 [2.000]    -0.5964 [2.000]    -0.5963 [2.000]    -0.5955 [2.000]    -0.5934 [2.000]
[kpt   0   6  11]     0.3040 [2.000]     0.3062 [2.000]     0.3064 [2.000]     0.3065 [2.000]     0.3069 [2.000]
[kpt   0   6  12]     0.3086 [2.000]     1.0693 [2.000]     1.0707 [2.000]     1.0716 [2.000]     6.7911 [0.000]
[kpt   0   6  13]     9.7612 [0.000]     9.7617 [0.000]     9.7619 [0.000]     9.7620 [0.000]     9.7625 [0.000]
[kpt   0   6  14]     9.7627 [0.000]    10.5682 [0.000]    10.5685 [0.000]    10.5689 [0.000]    12.1709 [0.000]
[kpt   0   6  15]    13.0478 [0.000]    13.0484 [0.000]    13.0488 [0.000]    13.0490 [0.000]



Total charge in supercell =     128.00000000
 quench: [md:   0/100  scf:   6/30  step time:   0.19  scf time:     1.13 secs  RMS[dV]: 4.12e-03 ]


average potential <V> = 2.88e-16
Davidson converged in 3 steps

FERMI ENERGY =      5.06037825 eV
@@ EIGENVALUE SUM     =      -58.404633 Ry
@@ ION_ION            =     -272.916107 Ry
@@ ELECTROSTATIC      =     -286.391811 Ry
@@ VXC                =     -178.389382 Ry
@@ EXC                =     -137.375576 Ry
@@ TOTAL ENERGY       =     -576.698745 Ry
@@ estimated error    =        5.09e-04 Ry
Charge normalization constant -1.0: 0.000000e+00
Charge density mixing: Broyden


KOHN SHAM EIGENVALUES [eV] AT K-POINT [  0]:       0.000000      0.000000      0.000000

[kpt   0   7   0]   -18.8862 [2.000]   -17.9020 [2.000]   -17.9020 [2.000]   -17.9017 [2.000]   -17.9014 [2.000]
[kpt   0   7   1]   -17.9014 [2.000]   -17.9012 [2.000]   -16.5488 [2.000]   -16.5488 [2.000]   -16.5485 [2.000]
[kpt   0   7   2]   -16.5482 [2.000]   -16.5482 [2.000]   -16.5480 [2.000]   -16.5170 [2.000]   -16.5166 [2.000]
[kpt   0   7   3]   -16.5161 [2.000]    -9.3394 [2.000]    -6.9315 [2.000]    -6.9314 [2.000]    -6.9312 [2.000]
[kpt   0   7   4]    -6.9310 [2.000]    -6.9309 [2.000]    -6.9308 [2.000]    -5.1606 [2.000]    -5.1604 [2.000]
[kpt   0   7   5]    -5.1602 [2.000]    -4.5309 [2.000]    -4.5309 [2.000]    -4.5306 [2.000]    -4.5303 [2.000]
[kpt   0   7   6]    -4.5303 [2.000]    -4.5302 [2.000]    -2.1266 [2.000]    -2.1264 [2.000]    -2.1262 [2.000]
[kpt   0   7   7]    -2.1261 [2.000]    -2.1260 [2.000]    -2.1258 [2.000]    -1.8841 [2.000]    -1.8840 [2.000]
[kpt   0   7   8]    -1.6924 [2.000]    -1.6923 [2.000]    -1.6921 [2.000]    -1.6921 [2.000]    -1.6920 [2.000]
[kpt   0   7   9]    -1.6918 [2.000]    -1.2326 [2.000]    -1.2326 [2.000]    -1.2325 [2.000]    -0.5763 [2.000]
[kpt   0   7  10]    -0.5762 [2.000]    -0.5760 [2.000]    -0.5759 [2.000]    -0.5758 [2.000]    -0.5756 [2.000]
[kpt   0   7  11]     0.3275 [2.000]     0.3277 [2.000]     0.3280 [2.000]     0.3280 [2.000]     0.3282 [2.000]
[kpt   0   7  12]     0.3284 [2.000]     1.0906 [2.000]     1.0909 [2.000]     1.0911 [2.000]     6.7876 [0.000]
[kpt   0   7  13]     9.7556 [0.000]     9.7557 [0.000]     9.7558 [0.000]     9.7559 [0.000]     9.7562 [0.000]
[kpt   0   7  14]     9.7565 [0.000]    10.5894 [0.000]    10.5902 [0.000]    10.5904 [0.000]    12.1990 [0.000]
[kpt   0   7  15]    13.0422 [0.000]    13.0424 [0.000]    13.0425 [0.000]    13.0426 [0.000]



Total charge in supercell =     128.00000000
 quench: [md:   0/100  scf:   7/30  step time:   0.19  scf time:     1.31 secs  RMS[dV]: 8.86e-04 ]


average potential <V> = -8.10e-16
Davidson converged in 3 steps

FERMI ENERGY =      5.06312224 eV
@@ EIGENVALUE SUM     =      -58.353389 Ry
@@ ION_ION            =     -272.916107 Ry
@@ ELECTROSTATIC      =     -286.446561 Ry
@@ VXC                =     -178.404553 Ry
@@ EXC                =     -137.387158 Ry
@@ TOTAL ENERGY       =     -576.698660 Ry
@@ estimated error    =        3.70e-05 Ry
Charge normalization constant -1.0: 0.000000e+00
Charge density mixing: Broyden


KOHN SHAM EIGENVALUES [eV] AT K-POINT [  0]:       0.000000      0.000000      0.000000

[kpt   0   8   0]   -18.8803 [2.000]   -17.8965 [2.000]   -17.8961 [2.000]   -17.8959 [2.000]   -17.8958 [2.000]
[kpt   0   8   1]   -17.8955 [2.000]   -17.8952 [2.000]   -16.5436 [2.000]   -16.5431 [2.000]   -16.5430 [2.000]
[kpt   0   8   2]   -16.5428 [2.000]   -16.5425 [2.000]   -16.5421 [2.000]   -16.5117 [2.000]   -16.5110 [2.000]
[kpt   0   8   3]   -16.5102 [2.000]    -9.3322 [2.000]    -6.9247 [2.000]    -6.9244 [2.000]    -6.9243 [2.000]
[kpt   0   8   4]    -6.9242 [2.000]    -6.9239 [2.000]    -6.9237 [2.000]    -5.1545 [2.000]    -5.1541 [2.000]
[kpt   0   8   5]    -5.1537 [2.000]    -4.5245 [2.000]    -4.5241 [2.000]    -4.5239 [2.000]    -4.5238 [2.000]
[kpt   0   8   6]    -4.5235 [2.000]    -4.5232 [2.000]    -2.1221 [2.000]    -2.1217 [2.000]    -2.1216 [2.000]
[kpt   0   8   7]    -2.1215 [2.000]    -2.1213 [2.000]    -2.1210 [2.000]    -1.8795 [2.000]    -1.8795 [2.000]
[kpt   0   8   8]    -1.6879 [2.000]    -1.6875 [2.000]    -1.6874 [2.000]    -1.6873 [2.000]    -1.6871 [2.000]
[kpt   0   8   9]    -1.6867 [2.000]    -1.2274 [2.000]    -1.2274 [2.000]    -1.2274 [2.000]    -0.5721 [2.000]
[kpt   0   8  10]    -0.5717 [2.000]    -0.5715 [2.000]    -0.5715 [2.000]    -0.5712 [2.000]    -0.5708 [2.000]
[kpt   0   8  11]     0.3319 [2.000]     0.3324 [2.000]     0.3326 [2.000]     0.3327 [2.000]     0.3329 [2.000]
[kpt   0   8  12]     0.3334 [2.000]     1.0949 [2.000]     1.0953 [2.000]     1.0957 [2.000]     6.7875 [0.000]
[kpt   0   8  13]     9.7542 [0.000]     9.7542 [0.000]     9.7543 [0.000]     9.7544 [0.000]     9.7545 [0.000]
[kpt   0   8  14]     9.7547 [0.000]    10.5944 [0.000]    10.5952 [0.000]    10.5952 [0.000]    12.2056 [0.000]
[kpt   0   8  15]    13.0441 [0.000]    13.0441 [0.000]    13.0442 [0.000]    13.0443 [0.000]



Total charge in supercell =     128.00000000
 quench: [md:   0/100  scf:   8/30  step time:   0.19  scf time:     1.50 secs  RMS[dV]: 3.12e-04 ]


average potential <V> = -2.49e-17
Davidson converged in 3 steps

FERMI ENERGY =      5.06301344 eV
@@ EIGENVALUE SUM     =      -58.358709 Ry
@@ ION_ION            =     -272.916107 Ry
@@ ELECTROSTATIC      =     -286.441099 Ry
@@ VXC                =     -178.403977 Ry
@@ EXC                =     -137.386711 Ry
@@ TOTAL ENERGY       =     -576.698647 Ry
@@ estimated error    =        2.04e-06 Ry
Charge normalization constant -1.0: -4.440892e-16
Charge density mixing: Broyden


KOHN SHAM EIGENVALUES [eV] AT K-POINT [  0]:       0.000000      0.000000      0.000000

[kpt   0   9   0]   -18.8809 [2.000]   -17.8968 [2.000]   -17.8966 [2.000]   -17.8964 [2.000]   -17.8964 [2.000]
[kpt   0   9   1]   -17.8963 [2.000]   -17.8960 [2.000]   -16.5439 [2.000]   -16.5437 [2.000]   -16.5435 [2.000]
[kpt   0   9   2]   -16.5435 [2.000]   -16.5434 [2.000]   -16.5431 [2.000]   -16.5121 [2.000]   -16.5117 [2.000]
[kpt   0   9   3]   -16.5113 [2.000]    -9.3328 [2.000]    -6.9253 [2.000]    -6.9251 [2.000]    -6.9250 [2.000]
[kpt   0   9   4]    -6.9249 [2.000]    -6.9249 [2.000]    -6.9247 [2.000]    -5.1550 [2.000]    -5.1548 [2.000]
[kpt   0   9   5]    -5.1546 [2.000]    -4.5251 [2.000]    -4.5249 [2.000]    -4.5248 [2.000]    -4.5247 [2.000]
[kpt   0   9   6]    -4.5247 [2.000]    -4.5244 [2.000]    -2.1221 [2.000]    -2.1219 [2.000]    -2.1218 [2.000]
[kpt   0   9   7]    -2.1218 [2.000]    -2.1218 [2.000]    -2.1215 [2.000]    -1.8799 [2.000]    -1.8799 [2.000]
[kpt   0   9   8]    -1.6879 [2.000]    -1.6877 [2.000]    -1.6876 [2.000]    -1.6876 [2.000]    -1.6875 [2.000]
[kpt   0   9   9]    -1.6873 [2.000]    -1.2280 [2.000]    -1.2280 [2.000]    -1.2280 [2.000]    -0.5722 [2.000]
[kpt   0   9  10]    -0.5720 [2.000]    -0.5719 [2.000]    -0.5719 [2.000]    -0.5718 [2.000]    -0.5715 [2.000]
[kpt   0   9  11]     0.3318 [2.000]     0.3321 [2.000]     0.3322 [2.000]     0.3322 [2.000]     0.3323 [2.000]
[kpt   0   9  12]     0.3325 [2.000]     1.0946 [2.000]     1.0948 [2.000]     1.0950 [2.000]     6.7874 [0.000]
[kpt   0   9  13]     9.7529 [0.000]     9.7531 [0.000]     9.7533 [0.000]     9.7533 [0.000]     9.7534 [0.000]
[kpt   0   9  14]     9.7537 [0.000]    10.5941 [0.000]    10.5944 [0.000]    10.5944 [0.000]    12.2054 [0.000]
[kpt   0   9  15]    13.0442 [0.000]    13.0442 [0.000]    13.0442 [0.000]    13.0443 [0.000]



Total charge in supercell =     128.00000000
 quench: [md:   0/100  scf:   9/30  step time:   0.21  scf time:     1.71 secs  RMS[dV]: 6.84e-05 ]


average potential <V> = 4.97e-17
Davidson converged in 2 steps

FERMI ENERGY =      5.06301488 eV
@@ EIGENVALUE SUM     =      -58.358500 Ry
@@ ION_ION            =     -272.916107 Ry
@@ ELECTROSTATIC      =     -286.441412 Ry
@@ VXC                =     -178.404532 Ry
@@ EXC                =     -137.387165 Ry
@@ TOTAL ENERGY       =     -576.698651 Ry
@@ estimated error    =        4.75e-07 Ry
Charge normalization constant -1.0: -2.220446e-16
Charge density mixing: Broyden


KOHN SHAM EIGENVALUES [eV] AT K-POINT [  0]:       0.000000      0.000000      0.000000

[kpt   0  10   0]   -18.8809 [2.000]   -17.8965 [2.000]   -17.8964 [2.000]   -17.8964 [2.000]   -17.8964 [2.000]
[kpt   0  10   1]   -17.8964 [2.000]   -17.8964 [2.000]   -16.5435 [2.000]   -16.5435 [2.000]   -16.5435 [2.000]
[kpt   0  10   2]   -16.5435 [2.000]   -16.5435 [2.000]   -16.5434 [2.000]   -16.5117 [2.000]   -16.5116 [2.000]
[kpt   0  10   3]   -16.5116 [2.000]    -9.3332 [2.000]    -6.9253 [2.000]    -6.9253 [2.000]    -6.9253 [2.000]
[kpt   0  10   4]    -6.9253 [2.000]    -6.9253 [2.000]    -6.9252 [2.000]    -5.1550 [2.000]    -5.1550 [2.000]
[kpt   0  10   5]    -5.1550 [2.000]    -4.5251 [2.000]    -4.5251 [2.000]    -4.5251 [2.000]    -4.5250 [2.000]
[kpt   0  10   6]    -4.5250 [2.000]    -4.5250 [2.000]    -2.1217 [2.000]    -2.1217 [2.000]    -2.1217 [2.000]
[kpt   0  10   7]    -2.1217 [2.000]    -2.1217 [2.000]    -2.1217 [2.000]    -1.8797 [2.000]    -1.8797 [2.000]
[kpt   0  10   8]    -1.6875 [2.000]    -1.6874 [2.000]    -1.6874 [2.000]    -1.6874 [2.000]    -1.6874 [2.000]
[kpt   0  10   9]    -1.6874 [2.000]    -1.2279 [2.000]    -1.2279 [2.000]    -1.2279 [2.000]    -0.5717 [2.000]
[kpt   0  10  10]    -0.5717 [2.000]    -0.5717 [2.000]    -0.5717 [2.000]    -0.5717 [2.000]    -0.5716 [2.000]
[kpt   0  10  11]     0.3323 [2.000]     0.3324 [2.000]     0.3324 [2.000]     0.3324 [2.000]     0.3324 [2.000]
[kpt   0  10  12]     0.3324 [2.000]     1.0950 [2.000]     1.0951 [2.000]     1.0951 [2.000]     6.7875 [0.000]
[kpt   0  10  13]     9.7526 [0.000]     9.7527 [0.000]     9.7528 [0.000]     9.7529 [0.000]     9.7529 [0.000]
[kpt   0  10  14]     9.7531 [0.000]    10.5934 [0.000]    10.5936 [0.000]    10.5937 [0.000]    12.2050 [0.000]
[kpt   0  10  15]    13.0443 [0.000]    13.0443 [0.000]    13.0443 [0.000]    13.0443 [0.000]



Total charge in supercell =     128.00000000
 quench: [md:   0/100  scf:  10/30  step time:   0.16  scf time:     1.87 secs  RMS[dV]: 2.37e-05 ]


average potential <V> = -5.61e-16
Davidson converged in 3 steps

FERMI ENERGY =      5.06316575 eV
@@ EIGENVALUE SUM     =      -58.356412 Ry
@@ ION_ION            =     -272.916107 Ry
@@ ELECTROSTATIC      =     -286.443662 Ry
@@ VXC                =     -178.405298 Ry
@@ EXC                =     -137.387769 Ry
@@ TOTAL ENERGY       =     -576.698652 Ry
@@ estimated error    =        2.88e-08 Ry
Charge normalization constant -1.0: 4.440892e-16
Charge density mixing: Broyden


KOHN SHAM EIGENVALUES [eV] AT K-POINT [  0]:       0.000000      0.000000      0.000000

[kpt   0  11   0]   -18.8807 [2.000]   -17.8962 [2.000]   -17.8962 [2.000]   -17.8962 [2.000]   -17.8962 [2.000]
[kpt   0  11   1]   -17.8962 [2.000]   -17.8962 [2.000]   -16.5433 [2.000]   -16.5433 [2.000]   -16.5432 [2.000]
[kpt   0  11   2]   -16.5432 [2.000]   -16.5432 [2.000]   -16.5432 [2.000]   -16.5114 [2.000]   -16.5114 [2.000]
[kpt   0  11   3]   -16.5114 [2.000]    -9.3330 [2.000]    -6.9251 [2.000]    -6.9251 [2.000]    -6.9251 [2.000]
[kpt   0  11   4]    -6.9251 [2.000]    -6.9251 [2.000]    -6.9251 [2.000]    -5.1548 [2.000]    -5.1548 [2.000]
[kpt   0  11   5]    -5.1548 [2.000]    -4.5249 [2.000]    -4.5249 [2.000]    -4.5249 [2.000]    -4.5249 [2.000]
[kpt   0  11   6]    -4.5249 [2.000]    -4.5249 [2.000]    -2.1215 [2.000]    -2.1215 [2.000]    -2.1215 [2.000]
[kpt   0  11   7]    -2.1215 [2.000]    -2.1215 [2.000]    -2.1215 [2.000]    -1.8795 [2.000]    -1.8795 [2.000]
[kpt   0  11   8]    -1.6872 [2.000]    -1.6872 [2.000]    -1.6872 [2.000]    -1.6872 [2.000]    -1.6872 [2.000]
[kpt   0  11   9]    -1.6872 [2.000]    -1.2277 [2.000]    -1.2277 [2.000]    -1.2277 [2.000]    -0.5714 [2.000]
[kpt   0  11  10]    -0.5714 [2.000]    -0.5714 [2.000]    -0.5714 [2.000]    -0.5714 [2.000]    -0.5714 [2.000]
[kpt   0  11  11]     0.3326 [2.000]     0.3326 [2.000]     0.3326 [2.000]     0.3326 [2.000]     0.3327 [2.000]
[kpt   0  11  12]     0.3327 [2.000]     1.0953 [2.000]     1.0953 [2.000]     1.0954 [2.000]     6.7876 [0.000]
[kpt   0  11  13]     9.7525 [0.000]     9.7525 [0.000]     9.7526 [0.000]     9.7527 [0.000]     9.7527 [0.000]
[kpt   0  11  14]     9.7528 [0.000]    10.5934 [0.000]    10.5935 [0.000]    10.5935 [0.000]    12.2052 [0.000]
[kpt   0  11  15]    13.0444 [0.000]    13.0444 [0.000]    13.0445 [0.000]    13.0445 [0.000]



Total charge in supercell =     128.00000000
 quench: [md:   0/100  scf:  11/30  step time:   0.21  scf time:     2.08 secs  RMS[dV]: 1.23e-05 ]


average potential <V> = -9.81e-16
Davidson converged in 2 steps

FERMI ENERGY =      5.06310641 eV
@@ EIGENVALUE SUM     =      -58.357125 Ry
@@ ION_ION            =     -272.916107 Ry
@@ ELECTROSTATIC      =     -286.442890 Ry
@@ VXC                =     -178.405030 Ry
@@ EXC                =     -137.387560 Ry
@@ TOTAL ENERGY       =     -576.698652 Ry
@@ estimated error    =        1.22e-08 Ry
Charge normalization constant -1.0: 1.998401e-15
Charge density mixing: Broyden


KOHN SHAM EIGENVALUES [eV] AT K-POINT [  0]:       0.000000      0.000000      0.000000

[kpt   0  12   0]   -18.8808 [2.000]   -17.8963 [2.000]   -17.8963 [2.000]   -17.8963 [2.000]   -17.8963 [2.000]
[kpt   0  12   1]   -17.8963 [2.000]   -17.8963 [2.000]   -16.5433 [2.000]   -16.5433 [2.000]   -16.5433 [2.000]
[kpt   0  12   2]   -16.5433 [2.000]   -16.5433 [2.000]   -16.5433 [2.000]   -16.5115 [2.000]   -16.5115 [2.000]
[kpt   0  12   3]   -16.5114 [2.000]    -9.3330 [2.000]    -6.9252 [2.000]    -6.9252 [2.000]    -6.9252 [2.000]
[kpt   0  12   4]    -6.9252 [2.000]    -6.9251 [2.000]    -6.9251 [2.000]    -5.1549 [2.000]    -5.1549 [2.000]
[kpt   0  12   5]    -5.1549 [2.000]    -4.5250 [2.000]    -4.5249 [2.000]    -4.5249 [2.000]    -4.5249 [2.000]
[kpt   0  12   6]    -4.5249 [2.000]    -4.5249 [2.000]    -2.1216 [2.000]    -2.1216 [2.000]    -2.1216 [2.000]
[kpt   0  12   7]    -2.1216 [2.000]    -2.1216 [2.000]    -2.1215 [2.000]    -1.8796 [2.000]    -1.8796 [2.000]
[kpt   0  12   8]    -1.6873 [2.000]    -1.6873 [2.000]    -1.6873 [2.000]    -1.6873 [2.000]    -1.6873 [2.000]
[kpt   0  12   9]    -1.6873 [2.000]    -1.2278 [2.000]    -1.2278 [2.000]    -1.2278 [2.000]    -0.5715 [2.000]
[kpt   0  12  10]    -0.5715 [2.000]    -0.5715 [2.000]    -0.5715 [2.000]    -0.5715 [2.000]    -0.5715 [2.000]
[kpt   0  12  11]     0.3325 [2.000]     0.3325 [2.000]     0.3325 [2.000]     0.3325 [2.000]     0.3325 [2.000]
[kpt   0  12  12]     0.3326 [2.000]     1.0952 [2.000]     1.0952 [2.000]     1.0952 [2.000]     6.7876 [0.000]
[kpt   0  12  13]     9.7523 [0.000]     9.7523 [0.000]     9.7524 [0.000]     9.7524 [0.000]     9.7524 [0.000]
[kpt   0  12  14]     9.7525 [0.000]    10.5932 [0.000]    10.5933 [0.000]    10.5933 [0.000]    12.2052 [0.000]
[kpt   0  12  15]    13.0444 [0.000]    13.0444 [0.000]    13.0444 [0.000]    13.0444 [0.000]



Total charge in supercell =     128.00000000
 quench: [md:   0/100  scf:  12/30  step time:   0.17  scf time:     2.25 secs  RMS[dV]: 3.74e-06 ]


average potential <V> = 8.17e-17
Davidson converged in 3 steps

FERMI ENERGY =      5.06310764 eV
@@ EIGENVALUE SUM     =      -58.357070 Ry
@@ ION_ION            =     -272.916107 Ry
@@ ELECTROSTATIC      =     -286.442945 Ry
@@ VXC                =     -178.405035 Ry
@@ EXC                =     -137.387565 Ry
@@ TOTAL ENERGY       =     -576.698652 Ry
@@ estimated error    =        8.02e-10 Ry
Charge normalization constant -1.0: 1.554312e-15
Charge density mixing: Broyden


KOHN SHAM EIGENVALUES [eV] AT K-POINT [  0]:       0.000000      0.000000      0.000000

[kpt   0  13   0]   -18.8808 [2.000]   -17.8963 [2.000]   -17.8963 [2.000]   -17.8963 [2.000]   -17.8963 [2.000]
[kpt   0  13   1]   -17.8963 [2.000]   -17.8963 [2.000]   -16.5433 [2.000]   -16.5433 [2.000]   -16.5433 [2.000]
[kpt   0  13   2]   -16.5433 [2.000]   -16.5433 [2.000]   -16.5433 [2.000]   -16.5115 [2.000]   -16.5115 [2.000]
[kpt   0  13   3]   -16.5114 [2.000]    -9.3330 [2.000]    -6.9251 [2.000]    -6.9251 [2.000]    -6.9251 [2.000]
[kpt   0  13   4]    -6.9251 [2.000]    -6.9251 [2.000]    -6.9251 [2.000]    -5.1549 [2.000]    -5.1549 [2.000]
[kpt   0  13   5]    -5.1549 [2.000]    -4.5249 [2.000]    -4.5249 [2.000]    -4.5249 [2.000]    -4.5249 [2.000]
[kpt   0  13   6]    -4.5249 [2.000]    -4.5249 [2.000]    -2.1216 [2.000]    -2.1216 [2.000]    -2.1216 [2.000]
[kpt   0  13   7]    -2.1216 [2.000]    -2.1216 [2.000]    -2.1215 [2.000]    -1.8796 [2.000]    -1.8796 [2.000]
[kpt   0  13   8]    -1.6873 [2.000]    -1.6873 [2.000]    -1.6873 [2.000]    -1.6873 [2.000]    -1.6873 [2.000]
[kpt   0  13   9]    -1.6873 [2.000]    -1.2278 [2.000]    -1.2278 [2.000]    -1.2278 [2.000]    -0.5715 [2.000]
[kpt   0  13  10]    -0.5715 [2.000]    -0.5715 [2.000]    -0.5715 [2.000]    -0.5715 [2.000]    -0.5715 [2.000]
[kpt   0  13  11]     0.3325 [2.000]     0.3325 [2.000]     0.3325 [2.000]     0.3325 [2.000]     0.3325 [2.000]
[kpt   0  13  12]     0.3325 [2.000]     1.0952 [2.000]     1.0952 [2.000]     1.0952 [2.000]     6.7876 [0.000]
[kpt   0  13  13]     9.7522 [0.000]     9.7522 [0.000]     9.7522 [0.000]     9.7523 [0.000]     9.7523 [0.000]
[kpt   0  13  14]     9.7523 [0.000]    10.5932 [0.000]    10.5932 [0.000]    10.5932 [0.000]    12.2052 [0.000]
[kpt   0  13  15]    13.0444 [0.000]    13.0444 [0.000]    13.0444 [0.000]    13.0444 [0.000]



Total charge in supercell =     128.00000000
 quench: [md:   0/100  scf:  13/30  step time:   0.22  scf time:     2.47 secs  RMS[dV]: 1.69e-06 ]


average potential <V> = 3.66e-16
Davidson converged in 2 steps

FERMI ENERGY =      5.06310764 eV
@@ EIGENVALUE SUM     =      -58.357065 Ry
@@ ION_ION            =     -272.916107 Ry
@@ ELECTROSTATIC      =     -286.442952 Ry
@@ VXC                =     -178.405047 Ry
@@ EXC                =     -137.387576 Ry
@@ TOTAL ENERGY       =     -576.698652 Ry
@@ estimated error    =        2.94e-10 Ry
Charge normalization constant -1.0: 1.110223e-15
Charge density mixing: Broyden


KOHN SHAM EIGENVALUES [eV] AT K-POINT [  0]:       0.000000      0.000000      0.000000

[kpt   0  14   0]   -18.8808 [2.000]   -17.8963 [2.000]   -17.8963 [2.000]   -17.8963 [2.000]   -17.8963 [2.000]
[kpt   0  14   1]   -17.8963 [2.000]   -17.8963 [2.000]   -16.5433 [2.000]   -16.5433 [2.000]   -16.5433 [2.000]
[kpt   0  14   2]   -16.5433 [2.000]   -16.5433 [2.000]   -16.5433 [2.000]   -16.5115 [2.000]   -16.5115 [2.000]
[kpt   0  14   3]   -16.5115 [2.000]    -9.3330 [2.000]    -6.9251 [2.000]    -6.9251 [2.000]    -6.9251 [2.000]
[kpt   0  14   4]    -6.9251 [2.000]    -6.9251 [2.000]    -6.9251 [2.000]    -5.1549 [2.000]    -5.1549 [2.000]
[kpt   0  14   5]    -5.1549 [2.000]    -4.5249 [2.000]    -4.5249 [2.000]    -4.5249 [2.000]    -4.5249 [2.000]
[kpt   0  14   6]    -4.5249 [2.000]    -4.5249 [2.000]    -2.1216 [2.000]    -2.1216 [2.000]    -2.1216 [2.000]
[kpt   0  14   7]    -2.1216 [2.000]    -2.1216 [2.000]    -2.1216 [2.000]    -1.8796 [2.000]    -1.8796 [2.000]
[kpt   0  14   8]    -1.6873 [2.000]    -1.6873 [2.000]    -1.6873 [2.000]    -1.6873 [2.000]    -1.6873 [2.000]
[kpt   0  14   9]    -1.6873 [2.000]    -1.2278 [2.000]    -1.2278 [2.000]    -1.2278 [2.000]    -0.5715 [2.000]
[kpt   0  14  10]    -0.5715 [2.000]    -0.5715 [2.000]    -0.5715 [2.000]    -0.5715 [2.000]    -0.5715 [2.000]
[kpt   0  14  11]     0.3325 [2.000]     0.3325 [2.000]     0.3325 [2.000]     0.3325 [2.000]     0.3325 [2.000]
[kpt   0  14  12]     0.3325 [2.000]     1.0952 [2.000]     1.0952 [2.000]     1.0952 [2.000]     6.7876 [0.000]
[kpt   0  14  13]     9.7522 [0.000]     9.7522 [0.000]     9.7522 [0.000]     9.7522 [0.000]     9.7522 [0.000]
[kpt   0  14  14]     9.7522 [0.000]    10.5931 [0.000]    10.5931 [0.000]    10.5932 [0.000]    12.2052 [0.000]
[kpt   0  14  15]    13.0444 [0.000]    13.0444 [0.000]    13.0444 [0.000]    13.0444 [0.000]



Total charge in supercell =     128.00000000
 quench: [md:   0/100  scf:  14/30  step time:   0.17  scf time:     2.64 secs  RMS[dV]: 4.41e-07 ]



 Convergence criterion reached: Energy variation (5.67e-12) is lower than threshold (1.00e-10)

potential convergence has been achieved. stopping ...

[   0  15   15        3 ] Quench.cpp: 
@@ TOTAL ENEGY Components 
@@ ION_ION            =     -272.916107 Ry
@@ ELECTROSTATIC      =      286.442952 Ry
@@ EXC                =     -137.387570 Ry
@@ vdw correction     =        0.000000 Ry
@@ LdaU correction    =        0.000000 Ry
@@ total              =        0.000000 Ry
final total energy from eig sum =    -576.69865227 Ry


KOHN SHAM EIGENVALUES [eV] AT K-POINT [  0]:       0.000000      0.000000      0.000000

[kpt   0  15   0]   -18.8808 [2.000]   -17.8963 [2.000]   -17.8963 [2.000]   -17.8963 [2.000]   -17.8963 [2.000]
[kpt   0  15   1]   -17.8963 [2.000]   -17.8963 [2.000]   -16.5433 [2.000]   -16.5433 [2.000]   -16.5433 [2.000]
[kpt   0  15   2]   -16.5433 [2.000]   -16.5433 [2.000]   -16.5433 [2.000]   -16.5115 [2.000]   -16.5115 [2.000]
[kpt   0  15   3]   -16.5115 [2.000]    -9.3330 [2.000]    -6.9251 [2.000]    -6.9251 [2.000]    -6.9251 [2.000]
[kpt   0  15   4]    -6.9251 [2.000]    -6.9251 [2.000]    -6.9251 [2.000]    -5.1549 [2.000]    -5.1549 [2.000]
[kpt   0  15   5]    -5.1549 [2.000]    -4.5249 [2.000]    -4.5249 [2.000]    -4.5249 [2.000]    -4.5249 [2.000]
[kpt   0  15   6]    -4.5249 [2.000]    -4.5249 [2.000]    -2.1216 [2.000]    -2.1216 [2.000]    -2.1216 [2.000]
[kpt   0  15   7]    -2.1216 [2.000]    -2.1216 [2.000]    -2.1216 [2.000]    -1.8796 [2.000]    -1.8796 [2.000]
[kpt   0  15   8]    -1.6873 [2.000]    -1.6873 [2.000]    -1.6873 [2.000]    -1.6873 [2.000]    -1.6873 [2.000]
[kpt   0  15   9]    -1.6873 [2.000]    -1.2278 [2.000]    -1.2278 [2.000]    -1.2278 [2.000]    -0.5715 [2.000]
[kpt   0  15  10]    -0.5715 [2.000]    -0.5715 [2.000]    -0.5715 [2.000]    -0.5715 [2.000]    -0.5715 [2.000]
[kpt   0  15  11]     0.3325 [2.000]     0.3325 [2.000]     0.3325 [2.000]     0.3325 [2.000]     0.3325 [2.000]
[kpt   0  15  12]     0.3325 [2.000]     1.0952 [2.000]     1.0952 [2.000]     1.0952 [2.000]     6.7876 [0.000]
[kpt   0  15  13]     9.7522 [0.000]     9.7522 [0.000]     9.7522 [0.000]     9.7522 [0.000]     9.7522 [0.000]
[kpt   0  15  14]     9.7522 [0.000]    10.5931 [0.000]    10.5931 [0.000]    10.5932 [0.000]    12.2052 [0.000]
[kpt   0  15  15]    13.0444 [0.000]    13.0444 [0.000]    13.0444 [0.000]    13.0444 [0.000]



Total charge in supercell =     128.00000000
 volume and energy per atom =        15.03933867       -326.93268266 eV

 Vdd took 0.000133 seconds
WriteRestart: Output file given as /dev/null, no restart data written ...



  IONIC POSITIONS [a0] AND FORCES [Ry/a0]
  Charge analysis using: Voronoi Deformation Density

@ION  Ion  Species       X           Y           Z       Charge       FX          FY         FZ      Movable
@ION    1    Si      0.0000000   0.0000000   0.0000000    0.441   -0.0000000  -0.0000000   0.0000000  1 1 1
@ION    2    Si      3.3637125   3.3637125   3.3637125    0.442    0.0000001  -0.0000000   0.0000000  1 1 1
@ION    3    Si     10.0911375   3.3637125  10.0911375    0.440    0.0000000   0.0000001   0.0000000  1 1 1
@ION    4    Si      3.3637125  10.0911375  10.0911375    0.440    0.0000000  -0.0000000   0.0000000  1 1 1
@ION    5    Si     10.0911375  10.0911375   3.3637125    0.441   -0.0000000   0.0000000   0.0000000  1 1 1
@ION    6    Si      0.0000000   6.7274250   6.7274250    0.439   -0.0000000  -0.0000000   0.0000000  1 1 1
@ION    7    Si      6.7274250   0.0000000   6.7274250    0.439   -0.0000000   0.0000000  -0.0000001  1 1 1
@ION    8    Si      6.7274250   6.7274250   0.0000000    0.437    0.0000000  -0.0000000  -0.0000000  1 1 1
@ION    9     O      1.6818563   1.6818563   1.6818563   -0.213   -0.0000000  -0.0000000   0.0000001  1 1 1
@ION   10     O     11.7729938   1.6818563  11.7729938   -0.214   -0.0000000  -0.0000000   0.0000000  1 1 1
@ION   11     O      1.6818563  11.7729938  11.7729938   -0.219    0.0000001  -0.0000000  -0.0000000  1 1 1
@ION   12     O     11.7729938  11.7729938   1.6818563   -0.223   -0.0000000   0.0000000  -0.0000000  1 1 1
@ION   13     O      1.6818563   8.4092813   8.4092813   -0.214    0.0000001   0.0000000   0.0000000  1 1 1
@ION   14     O      8.4092813   1.6818563   8.4092813   -0.214   -0.0000000  -0.0000000   0.0000000  1 1 1
@ION   15     O      8.4092813   8.4092813   1.6818563   -0.215    0.0000000   0.0000000  -0.0000000  1 1 1
@ION   16     O     11.7729938   8.4092813   5.0455688   -0.217    0.0000000   0.0000000  -0.0000000  1 1 1
@ION   17     O      5.0455688   1.6818563   5.0455688   -0.215    0.0000000  -0.0000000   0.0000000  1 1 1
@ION   18     O      5.0455688   8.4092813  11.7729938   -0.217   -0.0000000   0.0000001  -0.0000000  1 1 1
@ION   19     O      1.6818563   5.0455688   5.0455688   -0.223   -0.0000000   0.0000000   0.0000000  1 1 1
@ION   20     O      8.4092813  11.7729938   5.0455688   -0.226   -0.0000001   0.0000001   0.0000001  1 1 1
@ION   21     O      8.4092813   5.0455688  11.7729938   -0.222    0.0000000  -0.0000000  -0.0000000  1 1 1
@ION   22     O     11.7729938   5.0455688   8.4092813   -0.229    0.0000000   0.0000000   0.0000000  1 1 1
@ION   23     O      5.0455688  11.7729938   8.4092813   -0.229    0.0000000   0.0000000  -0.0000000  1 1 1
@ION   24     O      5.0455688   5.0455688   1.6818563   -0.230   -0.0000000  -0.0000000   0.0000000  1 1 1

 mean FX      =   0.00000003 Ry/a0
 mean FY      =   0.00000003 Ry/a0
 mean FZ      =   0.00000002 Ry/a0

 max FX       =   0.00000008 Ry/a0   (ion 2)
 max FY       =   0.00000007 Ry/a0   (ion 18)
 max FZ       =   0.00000008 Ry/a0   (ion 7)
 max F[x,y,z] =   0.00000008 Ry/a0
 max |F|      =   0.00000012 Ry/a0   (ion 20)

 sum FX       =   0.00000002 Ry/a0
 sum FY       =   0.00000013 Ry/a0
 sum FZ       =   0.00000002 Ry/a0
 Average      =   0.00000006 Ry/a0
 sqrt < F^2 > =   0.00000003 Ry/a0

WriteRestart: Output file given as /dev/null, no restart data written ...


--------TIMING INFORMATION FOR Processor owned the most atoms----------------
                                        Total time               Per SCF/step

1-TOTAL                                             3.71                0.25
-----------------------------------------------------------------------------
  1-TOTAL: Init                                     0.85                0.06
  1-TOTAL: run                                      2.86                0.19
  ---------------------------------------------------------------------------
    1-TOTAL: run: Force                             0.20                0.01
    1-TOTAL: run: Scf steps                         2.60                0.17

2-Force                                             0.20                0.01
-----------------------------------------------------------------------------
  2-Force: core correction                          0.00                0.00
  2-Force: corrections                              0.04                0.00
  2-Force: ion-ion                                  0.03                0.00
  2-Force: local                                    0.04                0.00
  2-Force: non-local                                0.08                0.01
  2-Force: non-local-betaxpsi                       0.01                0.00
  2-Force: non-local-get gamma                      0.00                0.00
  2-Force: non-local-nlforce_par_Q                  0.00                0.00
  2-Force: non-local-nlforce_par_gamma              0.00                0.00
  2-Force: non-local-nlforce_par_omega              0.00                0.00
  2-Force: non-local-partial gamma                  0.00                0.00
  2-Force: non-local-veff grad                      0.00                0.00

2-Init                                              0.85                0.06
-----------------------------------------------------------------------------
  2-Init: GetNewRho                                 0.02                0.00
  2-Init: KpointClass                               0.41                0.03
  2-Init: LcaoGetPsi                                0.02                0.00
  2-Init: LcaoGetRho                                0.04                0.00
  2-Init: ReinitIonicPotentials                     0.05                0.00
  2-Init: betaxpsi                                  0.01                0.00
  2-Init: exchange/correlation                      0.01                0.00
  2-Init: hartree                                   0.01                0.00
  2-Init: normalization                             0.00                0.00
  2-Init: radial potentials                         0.22                0.01
  2-Init: subdiag                                   0.02                0.00
  2-Init: weights                                   0.00                0.00

2-Scf steps                                         2.60                0.17
-----------------------------------------------------------------------------
  2-Scf steps: Davidson                             1.64                0.11
  2-Scf steps: GetNewRho                            0.22                0.01
  2-Scf steps: Hartree                              0.14                0.01
  2-Scf steps: MgridSubspace                        0.39                0.03
  2-Scf steps: MixRho                               0.01                0.00
  2-Scf steps: exchange/correlation                 0.13                0.01

3-MgridSubspace                                     0.39                0.03
-----------------------------------------------------------------------------
  3-MgridSubspace: AppNls                           0.03                0.00
  3-MgridSubspace: Beta x psi                       0.04                0.00
  3-MgridSubspace: Diagonalization                  0.06                0.00
  3-MgridSubspace: Mg_eig                           0.26                0.02

3-ReinitIonicPotentials                             0.05                0.00
-----------------------------------------------------------------------------
  3-ReinitIonicPotentials: GetNlop                  0.00                0.00
  3-ReinitIonicPotentials: GetWeight                0.03                0.00
  3-ReinitIonicPotentials: get_QI                   0.00                0.00
  3-ReinitIonicPotentials: get_qqq                  0.00                0.00
  3-ReinitIonicPotentials: init_nuc                 0.02                0.00

4-Diagonalization                                   0.08                0.01
-----------------------------------------------------------------------------
  4-Diagonalization: ELPA/PDSYGVX/PZHEGVX           0.01                0.00
  4-Diagonalization: Hpsi                           0.05                0.00
  4-Diagonalization: MPI_Bcast                      0.00                0.00
  4-Diagonalization: Update orbitals                0.01                0.00
  ---------------------------------------------------------------------------
    4-Diagonalization: Update orbitals: gather           0.00                0.00
    4-Diagonalization: Update orbitals: gemm           0.01                0.00
  4-Diagonalization: matrix                         0.01                0.00
  ---------------------------------------------------------------------------
    4-Diagonalization: matrix: Allreduce            0.00                0.00
    4-Diagonalization: matrix: Gemm                 0.01                0.00

5-Functional                                        0.14                0.01
-----------------------------------------------------------------------------
  5-Functional: apply gradient                      0.01                0.00
  5-Functional: apply laplacian                     0.00                0.00
  5-Functional: libxc                               0.06                0.00
  5-Functional: vxc                                 0.14                0.01
  5-Functional: vxc grad                            0.08                0.01
  5-Functional: vxc local                           0.02                0.00
  5-Functional: vxc nonlocal                        0.00                0.00

6-Davidson                                          1.64                0.11
-----------------------------------------------------------------------------
  6-Davidson: Betaxpsi                              0.16                0.01
  6-Davidson: apply hamiltonian                     0.28                0.02
  6-Davidson: diagonalization                       0.26                0.02
  6-Davidson: generate residuals                    0.08                0.01
  6-Davidson: matrix setup/reduce                   0.18                0.01
  6-Davidson: normalization                         0.01                0.00
  6-Davidson: precondition                          0.58                0.04
  6-Davidson: rotate orbitals                       0.04                0.00

AppNls                                              0.15                0.01
-----------------------------------------------------------------------------
  AppNls: data_rearrange                            0.00                0.00
  ---------------------------------------------------------------------------
    AppNls: data_rearrange: alloc and zeros           0.00                0.00
    AppNls: data_rearrange: dnm                     0.00                0.00
    AppNls: data_rearrange: sint                    0.00                0.00
  AppNls: nv                                        0.13                0.01
  AppNls: nv_work                                   0.00                0.00

App_gradient                                        0.01                0.00

CPUFD                                               0.00                0.00

Compute Hpsi                                        0.05                0.00
-----------------------------------------------------------------------------
  Compute Hpsi: AppNls                              0.02                0.00
  Compute Hpsi: Threaded Apply H                    0.03                0.00

GlobalSums                                          0.13                0.01

Init                                                0.45                0.03

Init Voronoi                                        0.04                0.00

Mix rho                                             0.01                0.00
-----------------------------------------------------------------------------
  Mix rho: Broyden                                  0.01                0.00
  Mix rho: Linear                                   0.00                0.00

Orbital                                             0.00                0.00
-----------------------------------------------------------------------------
  Orbital: phase and set                            0.00                0.00
  Orbital: proj cal                                 0.00                0.00
  Trade images: trade_images                        0.00                0.00
  Trade images: trade_imagesx                       0.02                0.00

VhPfft                                              0.07                0.00

Weight                                              0.00                0.00

radial beta                                         0.18                0.01


------------------------- TIMING INFORMATION FOR THREADS  -------------------

                                           Min            Max            Avg
CPUFD                                      0.06           0.06           0.06
-----------------------------------------------------------------------------

GlobalSums                                 0.05           0.05           0.05
-----------------------------------------------------------------------------

Mg_eig                                     0.25           0.25           0.25
-----------------------------------------------------------------------------
  Mg_eig: apply hamiltonian                0.09           0.09           0.09
  Mg_eig: mgrid_solv                       0.11           0.11           0.11
  Trade images: trade_images               0.51           0.51           0.51
  Trade images: trade_imagesx              0.29           0.29           0.29
