RMG initialization ... 1 image(s) total, 1 per node. 32 MPI processes/image. Thread level 2.
FFT-FD  0.000000e+00   7.854722e-01   7.854545e-01   1.773889e-05
FFT-FD  1.000000e+00   7.854722e-01   7.854545e-01   1.773889e-05
IP=0 M = 0.000000e+00  -inf  1.773889e-05
FFT-FD  0.000000e+00   2.257197e+00   2.257110e+00   8.743083e-05
FFT-FD  1.000000e+00   2.257197e+00   2.257110e+00   8.743083e-05
IP=1 M = 0.000000e+00  -inf  8.743083e-05
FFT-FD  0.000000e+00   2.257197e+00   2.257110e+00   8.743083e-05
FFT-FD  1.000000e+00   2.257197e+00   2.257110e+00   8.743083e-05
IP=2 M = 0.000000e+00  -inf  8.743083e-05
FFT-FD  0.000000e+00   2.257197e+00   2.257110e+00   8.743083e-05
FFT-FD  1.000000e+00   2.257197e+00   2.257110e+00   8.743083e-05
IP=3 M = 0.000000e+00  -inf  8.743083e-05
FFT-FD  0.000000e+00   2.678435e-01   2.678434e-01   5.227487e-08
FFT-FD  1.000000e+00   2.678435e-01   2.678434e-01   5.227487e-08
IP=0 M = 0.000000e+00  -inf  5.227487e-08
FFT-FD  0.000000e+00   3.882435e-01   3.882435e-01   1.085476e-09
FFT-FD  1.000000e+00   3.882435e-01   3.882435e-01   1.085476e-09
IP=1 M = 0.000000e+00  -inf  1.085476e-09
FFT-FD  0.000000e+00   3.882435e-01   3.882435e-01   1.085475e-09
FFT-FD  1.000000e+00   3.882435e-01   3.882435e-01   1.085475e-09
IP=2 M = 0.000000e+00  -inf  1.085475e-09
FFT-FD  0.000000e+00   3.882435e-01   3.882435e-01   1.085475e-09
FFT-FD  1.000000e+00   3.882435e-01   3.882435e-01   1.085475e-09
IP=3 M = 0.000000e+00  -inf  1.085475e-09
NEWCFAC = 0.000000  0.000000


                     * * * * * * * * * *
                     *    R   M   G    *
                     * * * * * * * * * *

     -- A Real Space Multigrid Electronic structure code --
     --      More information at www.rmgdft.org          --

Code Revision:     v5.1.0_53_g887bfc3b
Build Date:        May 15 2023  14:30:00
Start time:        Wed May 17 14:03:28 2023

NOTICE: RMG internal pseudopotentials have switched to
ONCVP from Ultrasoft. You can revert to Ultrasoft by
adding the input tag internal_pseudo_type="ultrasoft" to
your input files.


Files
   Control input file:        input5
   Data output file:          /dev/null

Run Setup
    Calculation type:         Quench electrons - Fixed ions SCF calculation
    Description:              SiO2
    Orbital Initialization:   LCAO (96 LCAO and 0 random orbitals)
    Exchange Correlation:     pbe
    Spin Polarization:        OFF
    System charge:            Neutral

Processor Topology
   Total PEs:                 32
   X direction:               4
   Y direction:               4
   Z direction:               2
   MG Threads/PE:             1
   OMP Threads/PE:            1

Grid Points  (Linear Anisotropy: 1.000)
    X:  Total: 56   Per PE: 14   Spacing:0.240 a0  
    Y:  Total: 56   Per PE: 14   Spacing:0.240 a0  
    Z:  Total: 56   Per PE: 28   Spacing:0.240 a0  

    Equivalent energy cutoffs (psi,rho):   170.969    683.877 Ry

    Charge density grid:         2 times finer

Coordinate planes
  Planar Anisotropy: 1.000
  A0-A1 density:    17.323
  A0-A2 density:    17.323
  A1-A2 density:    17.323


Lattice (Cell) Setup
    Type:                       Orthorhombic_primitive
    Volume (a0^3):               2435.77
    Boundary conditions:        Periodic

    X Basis Vector:      13.455       0.000       0.000 a0
    Y Basis Vector:       0.000      13.455       0.000 a0
    Z Basis Vector:       0.000       0.000      13.455 a0
    X Reci Vector:       0.074      -0.000       0.000 a0
    Y Reci Vector:       0.000       0.074       0.000 a0
    Z Reci Vector:       0.000      -0.000       0.074 a0

K-points
    Gamma Point Only (real orbitals)

Atoms and States
    Number of ions:                          24
    Number of species:                       2
    Number of states:                        79

Run Parameters
    SCF Convergence criterion (potential):   1.00e-10
    SCF Convergence criterion (energy):      1.00e-10
    Max SCF steps:                           30

SCF Cycle Settings
    Charge density mixing:                   Broyden
    Hartree Solver:                          PFFT
    Interpolation type:                      FFT

Finite Difference parameters
    Kohn Sham FD Order:                      10  
    Force Gradient Order:                    FFT
    Adaptive Finite Differencing:            Off

Subspace Diagonalization Options
    Frequency:                               every 1 SCF step(s)
    Driver:                                  ScaLapack
    Initial diagonalization:                 ON
    Folded spectrum:                         OFF

Filtering Cutoff  Parameters
    Wavefunction grid (cparm):               0.800
    Charge density grid (rhocparm):          1.000
    Filter factor:                           1.000

Multigrid (MG) Parameters
    Psi MG levels:                           3
    Psi global step:                         0.660 
    Psi pre:                                 2
    Psi post:                                2

Davidson Parameters
    Davidson multiplier:                     4
    Davidson max step:                       8
    Davidson unocc tol factor:               1000.000

Blas Libraries
    CPU support with openblas-parallel.


Atomic Species Information
(PP = Pseudopotential, US = Ultrasoft, NC = Norm Conserving)
-------------------------------------------------------------------------
|Index|Symbol| Mass|Valence| PP |  Comp  |Local| Local|Nlocal|    PP    |
|     |      |     |       |Type|Gaussian|  l  |Radius|Radius|Functional|
-------------------------------------------------------------------------
|    1|     O| 15.0|   6.00|  NC|    0.50|   -1| 10.00|  7.00|       PBE|
|    2|    Si| 28.0|   4.00|  NC|    0.50|   -1| 10.00|  7.00|       PBE|
-------------------------------------------------------------------------

Pseudopotential generation information:
   O pseudopotential file: ./@Internal
      Generation info     : Generated using ONCVPSP code by D. R. Hamann
      Author info         : anonymous
  Si pseudopotential file: ./@Internal
      Generation info     : Generated using ONCVPSP code by D. R. Hamann
      Author info         : anonymous


Memory usage (Mbytes):     Min        Max       Total
    wave functions         13.87      13.87     443.99
    beta-functions          8.43       8.43     269.78



Initial Ionic Positions And Displacements (Bohr)
Species      X           Y           Z           dX          dY          dZ
  Si       0.0000      0.0000      0.0000      0.0000      0.0000      0.0000
  Si       3.3637      3.3637      3.3637      0.0000      0.0000      0.0000
  Si      10.0911      3.3637     10.0911      0.0000      0.0000      0.0000
  Si       3.3637     10.0911     10.0911      0.0000      0.0000      0.0000
  Si      10.0911     10.0911      3.3637      0.0000      0.0000      0.0000
  Si       0.0000      6.7274      6.7274      0.0000      0.0000      0.0000
  Si       6.7274      0.0000      6.7274      0.0000      0.0000      0.0000
  Si       6.7274      6.7274      0.0000      0.0000      0.0000      0.0000
  O        1.6819      1.6819      1.6819      0.0000      0.0000      0.0000
  O       11.7730      1.6819     11.7730      0.0000      0.0000      0.0000
  O        1.6819     11.7730     11.7730      0.0000      0.0000      0.0000
  O       11.7730     11.7730      1.6819      0.0000      0.0000      0.0000
  O        1.6819      8.4093      8.4093      0.0000      0.0000      0.0000
  O        8.4093      1.6819      8.4093      0.0000      0.0000      0.0000
  O        8.4093      8.4093      1.6819      0.0000      0.0000      0.0000
  O       11.7730      8.4093      5.0456      0.0000      0.0000      0.0000
  O        5.0456      1.6819      5.0456      0.0000      0.0000      0.0000
  O        5.0456      8.4093     11.7730      0.0000      0.0000      0.0000
  O        1.6819      5.0456      5.0456      0.0000      0.0000      0.0000
  O        8.4093     11.7730      5.0456      0.0000      0.0000      0.0000
  O        8.4093      5.0456     11.7730      0.0000      0.0000      0.0000
  O       11.7730      5.0456      8.4093      0.0000      0.0000      0.0000
  O        5.0456     11.7730      8.4093      0.0000      0.0000      0.0000
  O        5.0456      5.0456      1.6819      0.0000      0.0000      0.0000


Initial Ionic Positions And Displacements (Angstrom)
Species      X           Y           Z           dX          dY          dZ
  Si       0.0000      0.0000      0.0000      0.0000      0.0000      0.0000
  Si       1.7800      1.7800      1.7800      0.0000      0.0000      0.0000
  Si       5.3400      1.7800      5.3400      0.0000      0.0000      0.0000
  Si       1.7800      5.3400      5.3400      0.0000      0.0000      0.0000
  Si       5.3400      5.3400      1.7800      0.0000      0.0000      0.0000
  Si       0.0000      3.5600      3.5600      0.0000      0.0000      0.0000
  Si       3.5600      0.0000      3.5600      0.0000      0.0000      0.0000
  Si       3.5600      3.5600      0.0000      0.0000      0.0000      0.0000
  O        0.8900      0.8900      0.8900      0.0000      0.0000      0.0000
  O        6.2300      0.8900      6.2300      0.0000      0.0000      0.0000
  O        0.8900      6.2300      6.2300      0.0000      0.0000      0.0000
  O        6.2300      6.2300      0.8900      0.0000      0.0000      0.0000
  O        0.8900      4.4500      4.4500      0.0000      0.0000      0.0000
  O        4.4500      0.8900      4.4500      0.0000      0.0000      0.0000
  O        4.4500      4.4500      0.8900      0.0000      0.0000      0.0000
  O        6.2300      4.4500      2.6700      0.0000      0.0000      0.0000
  O        2.6700      0.8900      2.6700      0.0000      0.0000      0.0000
  O        2.6700      4.4500      6.2300      0.0000      0.0000      0.0000
  O        0.8900      2.6700      2.6700      0.0000      0.0000      0.0000
  O        4.4500      6.2300      2.6700      0.0000      0.0000      0.0000
  O        4.4500      2.6700      6.2300      0.0000      0.0000      0.0000
  O        6.2300      2.6700      4.4500      0.0000      0.0000      0.0000
  O        2.6700      6.2300      4.4500      0.0000      0.0000      0.0000
  O        2.6700      2.6700      0.8900      0.0000      0.0000      0.0000

Diagonalization using scalapack for step=0  count=0



KOHN SHAM EIGENVALUES [eV] AT K-POINT [  0]:       0.000000      0.000000      0.000000

[kpt   0  -1   0]   -22.2080 [2.000]   -21.3864 [2.000]   -21.3864 [2.000]   -21.3864 [2.000]   -21.3864 [2.000]
[kpt   0  -1   1]   -21.3864 [2.000]   -21.3864 [2.000]   -20.2923 [2.000]   -20.2923 [2.000]   -20.2923 [2.000]
[kpt   0  -1   2]   -20.2724 [2.000]   -20.2724 [2.000]   -20.2724 [2.000]   -20.2724 [2.000]   -20.2724 [2.000]
[kpt   0  -1   3]   -20.2724 [2.000]   -11.9747 [2.000]    -9.8978 [2.000]    -9.8978 [2.000]    -9.8978 [2.000]
[kpt   0  -1   4]    -9.8978 [2.000]    -9.8978 [2.000]    -9.8978 [2.000]    -8.2263 [2.000]    -8.2263 [2.000]
[kpt   0  -1   5]    -8.2263 [2.000]    -7.9118 [2.000]    -7.9118 [2.000]    -7.9118 [2.000]    -7.9118 [2.000]
[kpt   0  -1   6]    -7.9118 [2.000]    -7.9118 [2.000]    -5.0366 [2.000]    -5.0366 [2.000]    -5.0366 [2.000]
[kpt   0  -1   7]    -5.0366 [2.000]    -5.0366 [2.000]    -5.0366 [2.000]    -4.9418 [2.000]    -4.9418 [2.000]
[kpt   0  -1   8]    -4.7513 [2.000]    -4.7513 [2.000]    -4.7513 [2.000]    -4.7513 [2.000]    -4.7513 [2.000]
[kpt   0  -1   9]    -4.7513 [2.000]    -4.5211 [2.000]    -4.5211 [2.000]    -4.5211 [2.000]    -3.9911 [2.000]
[kpt   0  -1  10]    -3.9911 [2.000]    -3.9911 [2.000]    -3.9911 [2.000]    -3.9911 [2.000]    -3.9911 [2.000]
[kpt   0  -1  11]    -3.4105 [2.000]    -3.4105 [2.000]    -3.4105 [2.000]    -3.4105 [2.000]    -3.4105 [2.000]
[kpt   0  -1  12]    -3.4105 [2.000]    -2.9382 [2.000]    -2.9382 [2.000]    -2.9382 [2.000]     7.6036 [0.000]
[kpt   0  -1  13]    10.2738 [0.000]    10.2738 [0.000]    10.2738 [0.000]    10.2738 [0.000]    10.2738 [0.000]
[kpt   0  -1  14]    10.2738 [0.000]    12.4071 [0.000]    12.4071 [0.000]    12.4071 [0.000]    13.3719 [0.000]
[kpt   0  -1  15]    13.3719 [0.000]    13.3719 [0.000]    13.3719 [0.000]    13.3719 [0.000]    13.3719 [0.000]
[kpt   0  -1  16]    15.0408 [0.000]    15.0408 [0.000]    15.0408 [0.000]    15.0408 [0.000]    15.0408 [0.000]
[kpt   0  -1  17]    15.0408 [0.000]    15.3599 [0.000]    15.3599 [0.000]    15.3599 [0.000]    15.3599 [0.000]
[kpt   0  -1  18]    15.3599 [0.000]    15.3599 [0.000]    16.6444 [0.000]    16.6444 [0.000]    16.6444 [0.000]
[kpt   0  -1  19]    17.2048 [0.000]


Charge normalization constant -1.0: -2.220446e-16
Charge density mixing: Linear with a constant of 0.50 

Diagonalization using scalapack for step=0  count=1


FERMI ENERGY =     -0.06201402 eV
@@ EIGENVALUE SUM     =      -65.509317 Ry
@@ ION_ION            =     -272.916107 Ry
@@ ELECTROSTATIC      =     -284.897517 Ry
@@ VXC                =     -179.078046 Ry
@@ EXC                =     -137.843719 Ry
@@ TOTAL ENERGY       =     -582.088615 Ry
@@ estimated error    =   ****************
Charge normalization constant -1.0: -4.662937e-15
Charge density mixing: Linear with a constant of 0.50 
WriteRestart: Output file given as /dev/null, no restart data written ...


KOHN SHAM EIGENVALUES [eV] AT K-POINT [  0]:       0.000000      0.000000      0.000000

[kpt   0   0   0]   -19.6242 [2.000]   -18.6646 [2.000]   -18.6597 [2.000]   -18.6570 [2.000]   -18.6511 [2.000]
[kpt   0   0   1]   -18.6489 [2.000]   -18.6464 [2.000]   -17.3646 [2.000]   -17.3595 [2.000]   -17.3589 [2.000]
[kpt   0   0   2]   -17.3561 [2.000]   -17.3543 [2.000]   -17.3537 [2.000]   -17.3501 [2.000]   -17.3479 [2.000]
[kpt   0   0   3]   -17.3452 [2.000]    -9.5734 [2.000]    -7.3414 [2.000]    -7.3409 [2.000]    -7.3368 [2.000]
[kpt   0   0   4]    -7.3351 [2.000]    -7.3348 [2.000]    -7.3319 [2.000]    -5.7669 [2.000]    -5.7639 [2.000]
[kpt   0   0   5]    -5.7627 [2.000]    -5.0647 [2.000]    -5.0617 [2.000]    -5.0612 [2.000]    -5.0600 [2.000]
[kpt   0   0   6]    -5.0576 [2.000]    -5.0571 [2.000]    -2.8802 [2.000]    -2.8796 [2.000]    -2.8768 [2.000]
[kpt   0   0   7]    -2.8761 [2.000]    -2.8746 [2.000]    -2.8743 [2.000]    -2.6740 [2.000]    -2.6735 [2.000]
[kpt   0   0   8]    -2.5488 [2.000]    -2.5474 [2.000]    -2.5470 [2.000]    -2.5460 [2.000]    -2.5446 [2.000]
[kpt   0   0   9]    -2.5186 [2.000]    -1.9396 [2.000]    -1.9384 [2.000]    -1.9357 [2.000]    -1.4720 [2.000]
[kpt   0   0  10]    -1.4715 [2.000]    -1.4707 [2.000]    -1.4706 [2.000]    -1.4688 [2.000]    -1.4681 [2.000]
[kpt   0   0  11]    -0.6634 [2.000]    -0.6633 [2.000]    -0.6630 [2.000]    -0.6616 [2.000]    -0.6610 [2.000]
[kpt   0   0  12]    -0.6604 [2.000]    -0.0634 [2.000]    -0.0626 [2.000]    -0.0620 [2.000]     8.3854 [0.000]
[kpt   0   0  13]    10.9319 [0.000]    10.9332 [0.000]    10.9345 [0.000]    10.9352 [0.000]    10.9367 [0.000]
[kpt   0   0  14]    10.9385 [0.000]    12.1253 [0.000]    12.1269 [0.000]    12.1271 [0.000]    13.9027 [0.000]
[kpt   0   0  15]    13.9036 [0.000]    13.9057 [0.000]    13.9103 [0.000]    13.9112 [0.000]



Total charge in supercell =     128.00000000
 quench: [md:   0/100  scf:   0/30  step time:   0.33  scf time:     0.44 secs  RMS[dV]: 5.25e-02 ]


average potential <V> = 1.63e-16

Diagonalization using scalapack for step=1  count=2


FERMI ENERGY =      1.41335114 eV
@@ EIGENVALUE SUM     =      -54.910252 Ry
@@ ION_ION            =     -272.916107 Ry
@@ ELECTROSTATIC      =     -296.876730 Ry
@@ VXC                =     -182.218860 Ry
@@ EXC                =     -140.283584 Ry
@@ TOTAL ENERGY       =     -582.767813 Ry
@@ estimated error    =        6.21e-01 Ry
Charge normalization constant -1.0: -2.220446e-16
Charge density mixing: Linear with a constant of 0.50 


KOHN SHAM EIGENVALUES [eV] AT K-POINT [  0]:       0.000000      0.000000      0.000000

[kpt   0   1   0]   -18.4892 [2.000]   -17.4589 [2.000]   -17.4580 [2.000]   -17.4533 [2.000]   -17.4493 [2.000]
[kpt   0   1   1]   -17.4462 [2.000]   -17.4452 [2.000]   -15.9905 [2.000]   -15.9880 [2.000]   -15.9852 [2.000]
[kpt   0   1   2]   -15.9782 [2.000]   -15.9766 [2.000]   -15.9728 [2.000]   -15.9562 [2.000]   -15.9554 [2.000]
[kpt   0   1   3]   -15.9470 [2.000]    -9.2615 [2.000]    -6.7470 [2.000]    -6.7423 [2.000]    -6.7387 [2.000]
[kpt   0   1   4]    -6.7360 [2.000]    -6.7337 [2.000]    -6.7306 [2.000]    -4.9437 [2.000]    -4.9423 [2.000]
[kpt   0   1   5]    -4.9402 [2.000]    -4.2724 [2.000]    -4.2709 [2.000]    -4.2662 [2.000]    -4.2649 [2.000]
[kpt   0   1   6]    -4.2618 [2.000]    -4.2613 [2.000]    -1.7227 [2.000]    -1.7216 [2.000]    -1.7174 [2.000]
[kpt   0   1   7]    -1.7116 [2.000]    -1.7066 [2.000]    -1.7052 [2.000]    -1.4492 [2.000]    -1.4491 [2.000]
[kpt   0   1   8]    -1.3674 [2.000]    -1.3661 [2.000]    -1.3655 [2.000]    -1.3607 [2.000]    -1.3542 [2.000]
[kpt   0   1   9]    -1.3472 [2.000]    -0.8045 [2.000]    -0.8007 [2.000]    -0.7999 [2.000]    -0.1949 [2.000]
[kpt   0   1  10]    -0.1876 [2.000]    -0.1871 [2.000]    -0.1810 [2.000]    -0.1787 [2.000]    -0.1685 [2.000]
[kpt   0   1  11]     0.6815 [2.000]     0.6855 [2.000]     0.6880 [2.000]     0.6890 [2.000]     0.6912 [2.000]
[kpt   0   1  12]     0.6991 [2.000]     1.4080 [2.000]     1.4095 [2.000]     1.4134 [2.000]     8.7549 [0.000]
[kpt   0   1  13]    11.2886 [0.000]    11.2911 [0.000]    11.2943 [0.000]    11.2956 [0.000]    11.3025 [0.000]
[kpt   0   1  14]    11.3027 [0.000]    11.7685 [0.000]    11.7733 [0.000]    11.7743 [0.000]    14.1168 [0.000]
[kpt   0   1  15]    14.1172 [0.000]    14.1202 [0.000]    14.1266 [0.000]    46.7594 [0.000]



Total charge in supercell =     128.00000000
 quench: [md:   0/100  scf:   1/30  step time:   0.30  scf time:     0.74 secs  RMS[dV]: 2.99e-02 ]


average potential <V> = -2.54e-16

Diagonalization using scalapack for step=2  count=3


FERMI ENERGY =      1.75802153 eV
@@ EIGENVALUE SUM     =      -53.266139 Ry
@@ ION_ION            =     -272.916107 Ry
@@ ELECTROSTATIC      =     -295.947832 Ry
@@ VXC                =     -181.684432 Ry
@@ EXC                =     -139.865150 Ry
@@ TOTAL ENERGY       =     -580.310795 Ry
@@ estimated error    =        1.99e-01 Ry
Charge normalization constant -1.0: 2.220446e-16
Charge density mixing: Linear with a constant of 0.50 


KOHN SHAM EIGENVALUES [eV] AT K-POINT [  0]:       0.000000      0.000000      0.000000

[kpt   0   2   0]   -18.3584 [2.000]   -17.3299 [2.000]   -17.3197 [2.000]   -17.3169 [2.000]   -17.3134 [2.000]
[kpt   0   2   1]   -17.3129 [2.000]   -17.3017 [2.000]   -15.8461 [2.000]   -15.8421 [2.000]   -15.8390 [2.000]
[kpt   0   2   2]   -15.8340 [2.000]   -15.8309 [2.000]   -15.8250 [2.000]   -15.8005 [2.000]   -15.7890 [2.000]
[kpt   0   2   3]   -15.7838 [2.000]    -9.1834 [2.000]    -6.6416 [2.000]    -6.6379 [2.000]    -6.6365 [2.000]
[kpt   0   2   4]    -6.6345 [2.000]    -6.6327 [2.000]    -6.6280 [2.000]    -4.8207 [2.000]    -4.8170 [2.000]
[kpt   0   2   5]    -4.8147 [2.000]    -4.1659 [2.000]    -4.1621 [2.000]    -4.1595 [2.000]    -4.1563 [2.000]
[kpt   0   2   6]    -4.1535 [2.000]    -4.1524 [2.000]    -1.5626 [2.000]    -1.5599 [2.000]    -1.5532 [2.000]
[kpt   0   2   7]    -1.5472 [2.000]    -1.5464 [2.000]    -1.5444 [2.000]    -1.2790 [2.000]    -1.2783 [2.000]
[kpt   0   2   8]    -1.1626 [2.000]    -1.1571 [2.000]    -1.1518 [2.000]    -1.1493 [2.000]    -1.1478 [2.000]
[kpt   0   2   9]    -1.1457 [2.000]    -0.6411 [2.000]    -0.6350 [2.000]    -0.6323 [2.000]     0.0379 [2.000]
[kpt   0   2  10]     0.0435 [2.000]     0.0470 [2.000]     0.0526 [2.000]     0.0571 [2.000]     0.0630 [2.000]
[kpt   0   2  11]     0.9586 [2.000]     0.9635 [2.000]     0.9648 [2.000]     0.9689 [2.000]     0.9743 [2.000]
[kpt   0   2  12]     0.9752 [2.000]     1.7532 [2.000]     1.7547 [2.000]     1.7580 [2.000]     8.4885 [0.000]
[kpt   0   2  13]    11.1574 [0.000]    11.1586 [0.000]    11.1617 [0.000]    11.1640 [0.000]    11.1706 [0.000]
[kpt   0   2  14]    11.1717 [0.000]    11.4049 [0.000]    11.4111 [0.000]    11.4132 [0.000]    13.9916 [0.000]
[kpt   0   2  15]    13.9920 [0.000]    13.9962 [0.000]    14.0014 [0.000]    46.0460 [0.000]



Total charge in supercell =     128.00000000
 quench: [md:   0/100  scf:   2/30  step time:   0.30  scf time:     1.04 secs  RMS[dV]: 1.47e-02 ]


average potential <V> = 1.77e-15

Diagonalization using scalapack for step=3  count=4


FERMI ENERGY =      1.60138036 eV
@@ EIGENVALUE SUM     =      -54.897064 Ry
@@ ION_ION            =     -272.916107 Ry
@@ ELECTROSTATIC      =     -291.792574 Ry
@@ VXC                =     -180.304494 Ry
@@ EXC                =     -138.789632 Ry
@@ TOTAL ENERGY       =     -578.090883 Ry
@@ estimated error    =        3.02e-01 Ry
Charge normalization constant -1.0: -1.998401e-15
Charge density mixing: Linear with a constant of 0.50 


KOHN SHAM EIGENVALUES [eV] AT K-POINT [  0]:       0.000000      0.000000      0.000000

[kpt   0   3   0]   -18.5460 [2.000]   -17.5365 [2.000]   -17.5263 [2.000]   -17.5216 [2.000]   -17.5199 [2.000]
[kpt   0   3   1]   -17.5179 [2.000]   -17.5033 [2.000]   -16.0939 [2.000]   -16.0853 [2.000]   -16.0826 [2.000]
[kpt   0   3   2]   -16.0782 [2.000]   -16.0736 [2.000]   -16.0613 [2.000]   -16.0474 [2.000]   -16.0342 [2.000]
[kpt   0   3   3]   -16.0238 [2.000]    -9.2585 [2.000]    -6.7579 [2.000]    -6.7537 [2.000]    -6.7505 [2.000]
[kpt   0   3   4]    -6.7496 [2.000]    -6.7484 [2.000]    -6.7390 [2.000]    -4.9429 [2.000]    -4.9375 [2.000]
[kpt   0   3   5]    -4.9327 [2.000]    -4.3028 [2.000]    -4.2974 [2.000]    -4.2951 [2.000]    -4.2941 [2.000]
[kpt   0   3   6]    -4.2907 [2.000]    -4.2849 [2.000]    -1.7411 [2.000]    -1.7346 [2.000]    -1.7336 [2.000]
[kpt   0   3   7]    -1.7307 [2.000]    -1.7296 [2.000]    -1.7210 [2.000]    -1.4697 [2.000]    -1.4688 [2.000]
[kpt   0   3   8]    -1.3164 [2.000]    -1.3122 [2.000]    -1.3047 [2.000]    -1.3015 [2.000]    -1.3004 [2.000]
[kpt   0   3   9]    -1.2980 [2.000]    -0.8268 [2.000]    -0.8251 [2.000]    -0.8246 [2.000]    -0.1391 [2.000]
[kpt   0   3  10]    -0.1349 [2.000]    -0.1333 [2.000]    -0.1304 [2.000]    -0.1247 [2.000]    -0.1237 [2.000]
[kpt   0   3  11]     0.7858 [2.000]     0.7908 [2.000]     0.7917 [2.000]     0.7962 [2.000]     0.7991 [2.000]
[kpt   0   3  12]     0.8034 [2.000]     1.5918 [2.000]     1.5955 [2.000]     1.6014 [2.000]     8.1451 [0.000]
[kpt   0   3  13]    10.9200 [0.000]    10.9211 [0.000]    10.9227 [0.000]    10.9259 [0.000]    10.9311 [0.000]
[kpt   0   3  14]    10.9331 [0.000]    11.1703 [0.000]    11.1773 [0.000]    11.1796 [0.000]    13.7657 [0.000]
[kpt   0   3  15]    13.7667 [0.000]    13.7706 [0.000]    13.7745 [0.000]    45.2414 [0.000]



Total charge in supercell =     128.00000000
 quench: [md:   0/100  scf:   3/30  step time:   0.30  scf time:     1.33 secs  RMS[dV]: 1.43e-02 ]


average potential <V> = 5.67e-16
Davidson converged in 3 steps

FERMI ENERGY =      1.46746744 eV
@@ EIGENVALUE SUM     =      -56.491965 Ry
@@ ION_ION            =     -272.916107 Ry
@@ ELECTROSTATIC      =     -288.389088 Ry
@@ VXC                =     -179.205944 Ry
@@ EXC                =     -137.933444 Ry
@@ TOTAL ENERGY       =     -576.524659 Ry
@@ estimated error    =        1.76e-01 Ry
Charge normalization constant -1.0: 1.332268e-15
Charge density mixing: Broyden


KOHN SHAM EIGENVALUES [eV] AT K-POINT [  0]:       0.000000      0.000000      0.000000

[kpt   0   4   0]   -18.7242 [2.000]   -17.7389 [2.000]   -17.7278 [2.000]   -17.7185 [2.000]   -17.7124 [2.000]
[kpt   0   4   1]   -17.7100 [2.000]   -17.6870 [2.000]   -16.3334 [2.000]   -16.3233 [2.000]   -16.3171 [2.000]
[kpt   0   4   2]   -16.3037 [2.000]   -16.3009 [2.000]   -16.2940 [2.000]   -16.2792 [2.000]   -16.2709 [2.000]
[kpt   0   4   3]   -16.2415 [2.000]    -9.3746 [2.000]    -6.9127 [2.000]    -6.9053 [2.000]    -6.8982 [2.000]
[kpt   0   4   4]    -6.8936 [2.000]    -6.8909 [2.000]    -6.8742 [2.000]    -5.0888 [2.000]    -5.0769 [2.000]
[kpt   0   4   5]    -5.0644 [2.000]    -4.4659 [2.000]    -4.4551 [2.000]    -4.4491 [2.000]    -4.4396 [2.000]
[kpt   0   4   6]    -4.4380 [2.000]    -4.4186 [2.000]    -1.9229 [2.000]    -1.9115 [2.000]    -1.9062 [2.000]
[kpt   0   4   7]    -1.9040 [2.000]    -1.8998 [2.000]    -1.8864 [2.000]    -1.6392 [2.000]    -1.6382 [2.000]
[kpt   0   4   8]    -1.4820 [2.000]    -1.4713 [2.000]    -1.4654 [2.000]    -1.4623 [2.000]    -1.4594 [2.000]
[kpt   0   4   9]    -1.4423 [2.000]    -0.9954 [2.000]    -0.9945 [2.000]    -0.9937 [2.000]    -0.3103 [2.000]
[kpt   0   4  10]    -0.2969 [2.000]    -0.2908 [2.000]    -0.2863 [2.000]    -0.2821 [2.000]    -0.2628 [2.000]
[kpt   0   4  11]     0.6202 [2.000]     0.6354 [2.000]     0.6428 [2.000]     0.6444 [2.000]     0.6498 [2.000]
[kpt   0   4  12]     0.6668 [2.000]     1.4430 [2.000]     1.4561 [2.000]     1.4675 [2.000]     7.1231 [0.000]
[kpt   0   4  13]     9.9961 [0.000]    10.0041 [0.000]    10.0073 [0.000]    10.0158 [0.000]    10.0349 [0.000]
[kpt   0   4  14]    10.0389 [0.000]    10.5028 [0.000]    10.5173 [0.000]    10.5177 [0.000]    13.1335 [0.000]
[kpt   0   4  15]    13.2390 [0.000]    13.2447 [0.000]    13.2483 [0.000]    13.2494 [0.000]



Total charge in supercell =     128.00000000
 quench: [md:   0/100  scf:   4/30  step time:   0.37  scf time:     1.70 secs  RMS[dV]: 1.05e-02 ]


average potential <V> = 6.47e-16
Davidson converged in 2 steps

FERMI ENERGY =      0.93785441 eV
@@ EIGENVALUE SUM     =      -59.980179 Ry
@@ ION_ION            =     -272.916107 Ry
@@ ELECTROSTATIC      =     -284.585819 Ry
@@ VXC                =     -178.031174 Ry
@@ EXC                =     -137.018047 Ry
@@ TOTAL ENERGY       =     -576.468978 Ry
@@ estimated error    =        1.72e-01 Ry
Charge normalization constant -1.0: 1.998401e-15
Charge density mixing: Broyden


KOHN SHAM EIGENVALUES [eV] AT K-POINT [  0]:       0.000000      0.000000      0.000000

[kpt   0   5   0]   -19.0659 [2.000]   -18.1004 [2.000]   -18.0891 [2.000]   -18.0878 [2.000]   -18.0844 [2.000]
[kpt   0   5   1]   -18.0801 [2.000]   -18.0744 [2.000]   -16.7565 [2.000]   -16.7455 [2.000]   -16.7441 [2.000]
[kpt   0   5   2]   -16.7393 [2.000]   -16.7357 [2.000]   -16.7282 [2.000]   -16.7165 [2.000]   -16.7082 [2.000]
[kpt   0   5   3]   -16.6975 [2.000]    -9.5171 [2.000]    -7.1287 [2.000]    -7.1196 [2.000]    -7.1188 [2.000]
[kpt   0   5   4]    -7.1157 [2.000]    -7.1121 [2.000]    -7.1080 [2.000]    -5.3431 [2.000]    -5.3368 [2.000]
[kpt   0   5   5]    -5.3307 [2.000]    -4.7380 [2.000]    -4.7284 [2.000]    -4.7277 [2.000]    -4.7223 [2.000]
[kpt   0   5   6]    -4.7198 [2.000]    -4.7141 [2.000]    -2.2719 [2.000]    -2.2641 [2.000]    -2.2625 [2.000]
[kpt   0   5   7]    -2.2605 [2.000]    -2.2583 [2.000]    -2.2526 [2.000]    -2.0237 [2.000]    -2.0233 [2.000]
[kpt   0   5   8]    -1.8394 [2.000]    -1.8328 [2.000]    -1.8311 [2.000]    -1.8299 [2.000]    -1.8271 [2.000]
[kpt   0   5   9]    -1.8219 [2.000]    -1.3952 [2.000]    -1.3950 [2.000]    -1.3948 [2.000]    -0.7334 [2.000]
[kpt   0   5  10]    -0.7258 [2.000]    -0.7239 [2.000]    -0.7220 [2.000]    -0.7191 [2.000]    -0.7129 [2.000]
[kpt   0   5  11]     0.1583 [2.000]     0.1683 [2.000]     0.1701 [2.000]     0.1713 [2.000]     0.1748 [2.000]
[kpt   0   5  12]     0.1818 [2.000]     0.9255 [2.000]     0.9318 [2.000]     0.9379 [2.000]     6.8255 [0.000]
[kpt   0   5  13]     9.7617 [0.000]     9.7633 [0.000]     9.7643 [0.000]     9.7656 [0.000]     9.7703 [0.000]
[kpt   0   5  14]     9.7720 [0.000]    10.5121 [0.000]    10.5167 [0.000]    10.5181 [0.000]    12.2741 [0.000]
[kpt   0   5  15]    13.0164 [0.000]    13.0167 [0.000]    13.0197 [0.000]    13.0215 [0.000]



Total charge in supercell =     128.00000000
 quench: [md:   0/100  scf:   5/30  step time:   0.34  scf time:     2.05 secs  RMS[dV]: 9.86e-03 ]


average potential <V> = -7.51e-17
Davidson converged in 2 steps

FERMI ENERGY =      1.07779922 eV
@@ EIGENVALUE SUM     =      -58.669636 Ry
@@ ION_ION            =     -272.916107 Ry
@@ ELECTROSTATIC      =     -285.972688 Ry
@@ VXC                =     -178.381658 Ry
@@ EXC                =     -137.289869 Ry
@@ TOTAL ENERGY       =     -576.466642 Ry
@@ estimated error    =        1.11e-02 Ry
Charge normalization constant -1.0: 4.440892e-16
Charge density mixing: Broyden


KOHN SHAM EIGENVALUES [eV] AT K-POINT [  0]:       0.000000      0.000000      0.000000

[kpt   0   6   0]   -18.9252 [2.000]   -17.9429 [2.000]   -17.9417 [2.000]   -17.9411 [2.000]   -17.9406 [2.000]
[kpt   0   6   1]   -17.9404 [2.000]   -17.9382 [2.000]   -16.5901 [2.000]   -16.5886 [2.000]   -16.5883 [2.000]
[kpt   0   6   2]   -16.5873 [2.000]   -16.5869 [2.000]   -16.5850 [2.000]   -16.5580 [2.000]   -16.5559 [2.000]
[kpt   0   6   3]   -16.5537 [2.000]    -9.3807 [2.000]    -6.9722 [2.000]    -6.9714 [2.000]    -6.9709 [2.000]
[kpt   0   6   4]    -6.9705 [2.000]    -6.9704 [2.000]    -6.9687 [2.000]    -5.1959 [2.000]    -5.1948 [2.000]
[kpt   0   6   5]    -5.1937 [2.000]    -4.5702 [2.000]    -4.5690 [2.000]    -4.5687 [2.000]    -4.5679 [2.000]
[kpt   0   6   6]    -4.5677 [2.000]    -4.5659 [2.000]    -2.1462 [2.000]    -2.1450 [2.000]    -2.1446 [2.000]
[kpt   0   6   7]    -2.1445 [2.000]    -2.1441 [2.000]    -2.1430 [2.000]    -1.9019 [2.000]    -1.9017 [2.000]
[kpt   0   6   8]    -1.7124 [2.000]    -1.7113 [2.000]    -1.7108 [2.000]    -1.7105 [2.000]    -1.7104 [2.000]
[kpt   0   6   9]    -1.7085 [2.000]    -1.2553 [2.000]    -1.2552 [2.000]    -1.2550 [2.000]    -0.5946 [2.000]
[kpt   0   6  10]    -0.5933 [2.000]    -0.5930 [2.000]    -0.5926 [2.000]    -0.5920 [2.000]    -0.5901 [2.000]
[kpt   0   6  11]     0.3092 [2.000]     0.3107 [2.000]     0.3113 [2.000]     0.3114 [2.000]     0.3118 [2.000]
[kpt   0   6  12]     0.3131 [2.000]     1.0758 [2.000]     1.0769 [2.000]     1.0778 [2.000]     6.7929 [0.000]
[kpt   0   6  13]     9.7671 [0.000]     9.7681 [0.000]     9.7686 [0.000]     9.7690 [0.000]     9.7710 [0.000]
[kpt   0   6  14]     9.7715 [0.000]    10.5660 [0.000]    10.5696 [0.000]    10.5706 [0.000]    12.1782 [0.000]
[kpt   0   6  15]    13.0558 [0.000]    13.0563 [0.000]    13.0570 [0.000]    13.0584 [0.000]



Total charge in supercell =     128.00000000
 quench: [md:   0/100  scf:   6/30  step time:   0.34  scf time:     2.39 secs  RMS[dV]: 4.37e-03 ]


average potential <V> = 7.17e-16
Davidson converged in 3 steps

FERMI ENERGY =      1.09788148 eV
@@ EIGENVALUE SUM     =      -58.413270 Ry
@@ ION_ION            =     -272.916107 Ry
@@ ELECTROSTATIC      =     -286.243080 Ry
@@ VXC                =     -178.442406 Ry
@@ EXC                =     -137.336578 Ry
@@ TOTAL ENERGY       =     -576.466629 Ry
@@ estimated error    =        5.56e-04 Ry
Charge normalization constant -1.0: 2.220446e-16
Charge density mixing: Broyden


KOHN SHAM EIGENVALUES [eV] AT K-POINT [  0]:       0.000000      0.000000      0.000000

[kpt   0   7   0]   -18.8958 [2.000]   -17.9120 [2.000]   -17.9117 [2.000]   -17.9115 [2.000]   -17.9114 [2.000]
[kpt   0   7   1]   -17.9114 [2.000]   -17.9112 [2.000]   -16.5596 [2.000]   -16.5594 [2.000]   -16.5592 [2.000]
[kpt   0   7   2]   -16.5590 [2.000]   -16.5589 [2.000]   -16.5588 [2.000]   -16.5276 [2.000]   -16.5273 [2.000]
[kpt   0   7   3]   -16.5271 [2.000]    -9.3421 [2.000]    -6.9334 [2.000]    -6.9331 [2.000]    -6.9331 [2.000]
[kpt   0   7   4]    -6.9330 [2.000]    -6.9329 [2.000]    -6.9328 [2.000]    -5.1610 [2.000]    -5.1609 [2.000]
[kpt   0   7   5]    -5.1608 [2.000]    -4.5309 [2.000]    -4.5308 [2.000]    -4.5307 [2.000]    -4.5305 [2.000]
[kpt   0   7   6]    -4.5304 [2.000]    -4.5303 [2.000]    -2.1241 [2.000]    -2.1240 [2.000]    -2.1239 [2.000]
[kpt   0   7   7]    -2.1239 [2.000]    -2.1238 [2.000]    -2.1237 [2.000]    -1.8813 [2.000]    -1.8813 [2.000]
[kpt   0   7   8]    -1.6898 [2.000]    -1.6897 [2.000]    -1.6896 [2.000]    -1.6894 [2.000]    -1.6894 [2.000]
[kpt   0   7   9]    -1.6893 [2.000]    -1.2293 [2.000]    -1.2293 [2.000]    -1.2292 [2.000]    -0.5721 [2.000]
[kpt   0   7  10]    -0.5720 [2.000]    -0.5719 [2.000]    -0.5718 [2.000]    -0.5717 [2.000]    -0.5715 [2.000]
[kpt   0   7  11]     0.3332 [2.000]     0.3333 [2.000]     0.3335 [2.000]     0.3335 [2.000]     0.3336 [2.000]
[kpt   0   7  12]     0.3337 [2.000]     1.0976 [2.000]     1.0978 [2.000]     1.0979 [2.000]     6.7887 [0.000]
[kpt   0   7  13]     9.7589 [0.000]     9.7614 [0.000]     9.7618 [0.000]     9.7621 [0.000]     9.7622 [0.000]
[kpt   0   7  14]     9.7630 [0.000]    10.5863 [0.000]    10.5890 [0.000]    10.5908 [0.000]    12.2046 [0.000]
[kpt   0   7  15]    13.0501 [0.000]    13.0501 [0.000]    13.0502 [0.000]    13.0504 [0.000]



Total charge in supercell =     128.00000000
 quench: [md:   0/100  scf:   7/30  step time:   0.37  scf time:     2.76 secs  RMS[dV]: 9.41e-04 ]


average potential <V> = 1.17e-16
Davidson converged in 3 steps

FERMI ENERGY =      1.10281938 eV
@@ EIGENVALUE SUM     =      -58.356151 Ry
@@ ION_ION            =     -272.916107 Ry
@@ ELECTROSTATIC      =     -286.303979 Ry
@@ VXC                =     -178.458802 Ry
@@ EXC                =     -137.349228 Ry
@@ TOTAL ENERGY       =     -576.466662 Ry
@@ estimated error    =        3.71e-05 Ry
Charge normalization constant -1.0: 2.220446e-16
Charge density mixing: Broyden


KOHN SHAM EIGENVALUES [eV] AT K-POINT [  0]:       0.000000      0.000000      0.000000

[kpt   0   8   0]   -18.8893 [2.000]   -17.9052 [2.000]   -17.9052 [2.000]   -17.9051 [2.000]   -17.9050 [2.000]
[kpt   0   8   1]   -17.9050 [2.000]   -17.9048 [2.000]   -16.5531 [2.000]   -16.5530 [2.000]   -16.5530 [2.000]
[kpt   0   8   2]   -16.5529 [2.000]   -16.5528 [2.000]   -16.5527 [2.000]   -16.5211 [2.000]   -16.5211 [2.000]
[kpt   0   8   3]   -16.5210 [2.000]    -9.3341 [2.000]    -6.9256 [2.000]    -6.9255 [2.000]    -6.9255 [2.000]
[kpt   0   8   4]    -6.9254 [2.000]    -6.9254 [2.000]    -6.9253 [2.000]    -5.1539 [2.000]    -5.1539 [2.000]
[kpt   0   8   5]    -5.1538 [2.000]    -4.5233 [2.000]    -4.5233 [2.000]    -4.5233 [2.000]    -4.5232 [2.000]
[kpt   0   8   6]    -4.5231 [2.000]    -4.5230 [2.000]    -2.1189 [2.000]    -2.1188 [2.000]    -2.1188 [2.000]
[kpt   0   8   7]    -2.1188 [2.000]    -2.1187 [2.000]    -2.1187 [2.000]    -1.8762 [2.000]    -1.8762 [2.000]
[kpt   0   8   8]    -1.6843 [2.000]    -1.6842 [2.000]    -1.6842 [2.000]    -1.6841 [2.000]    -1.6841 [2.000]
[kpt   0   8   9]    -1.6841 [2.000]    -1.2235 [2.000]    -1.2235 [2.000]    -1.2235 [2.000]    -0.5669 [2.000]
[kpt   0   8  10]    -0.5668 [2.000]    -0.5667 [2.000]    -0.5667 [2.000]    -0.5667 [2.000]    -0.5666 [2.000]
[kpt   0   8  11]     0.3387 [2.000]     0.3387 [2.000]     0.3387 [2.000]     0.3388 [2.000]     0.3388 [2.000]
[kpt   0   8  12]     0.3389 [2.000]     1.1028 [2.000]     1.1028 [2.000]     1.1028 [2.000]     6.7884 [0.000]
[kpt   0   8  13]     9.7582 [0.000]     9.7584 [0.000]     9.7596 [0.000]     9.7598 [0.000]     9.7599 [0.000]
[kpt   0   8  14]     9.7601 [0.000]    10.5930 [0.000]    10.5934 [0.000]    10.5946 [0.000]    12.2104 [0.000]
[kpt   0   8  15]    13.0522 [0.000]    13.0522 [0.000]    13.0522 [0.000]    13.0524 [0.000]



Total charge in supercell =     128.00000000
 quench: [md:   0/100  scf:   8/30  step time:   0.36  scf time:     3.12 secs  RMS[dV]: 3.38e-04 ]


average potential <V> = 8.23e-16
Davidson converged in 4 steps

FERMI ENERGY =      1.10181426 eV
@@ EIGENVALUE SUM     =      -58.366636 Ry
@@ ION_ION            =     -272.916107 Ry
@@ ELECTROSTATIC      =     -286.293019 Ry
@@ VXC                =     -178.456822 Ry
@@ EXC                =     -137.347727 Ry
@@ TOTAL ENERGY       =     -576.466666 Ry
@@ estimated error    =        1.41e-06 Ry
Charge normalization constant -1.0: -1.998401e-15
Charge density mixing: Broyden


KOHN SHAM EIGENVALUES [eV] AT K-POINT [  0]:       0.000000      0.000000      0.000000

[kpt   0   9   0]   -18.8905 [2.000]   -17.9064 [2.000]   -17.9063 [2.000]   -17.9063 [2.000]   -17.9062 [2.000]
[kpt   0   9   1]   -17.9062 [2.000]   -17.9061 [2.000]   -16.5543 [2.000]   -16.5542 [2.000]   -16.5542 [2.000]
[kpt   0   9   2]   -16.5541 [2.000]   -16.5541 [2.000]   -16.5541 [2.000]   -16.5224 [2.000]   -16.5223 [2.000]
[kpt   0   9   3]   -16.5223 [2.000]    -9.3354 [2.000]    -6.9270 [2.000]    -6.9269 [2.000]    -6.9269 [2.000]
[kpt   0   9   4]    -6.9268 [2.000]    -6.9268 [2.000]    -6.9268 [2.000]    -5.1552 [2.000]    -5.1552 [2.000]
[kpt   0   9   5]    -5.1552 [2.000]    -4.5249 [2.000]    -4.5248 [2.000]    -4.5248 [2.000]    -4.5247 [2.000]
[kpt   0   9   6]    -4.5247 [2.000]    -4.5247 [2.000]    -2.1196 [2.000]    -2.1196 [2.000]    -2.1196 [2.000]
[kpt   0   9   7]    -2.1195 [2.000]    -2.1195 [2.000]    -2.1195 [2.000]    -1.8770 [2.000]    -1.8770 [2.000]
[kpt   0   9   8]    -1.6850 [2.000]    -1.6850 [2.000]    -1.6849 [2.000]    -1.6849 [2.000]    -1.6849 [2.000]
[kpt   0   9   9]    -1.6849 [2.000]    -1.2246 [2.000]    -1.2246 [2.000]    -1.2246 [2.000]    -0.5677 [2.000]
[kpt   0   9  10]    -0.5677 [2.000]    -0.5676 [2.000]    -0.5676 [2.000]    -0.5676 [2.000]    -0.5675 [2.000]
[kpt   0   9  11]     0.3377 [2.000]     0.3378 [2.000]     0.3378 [2.000]     0.3378 [2.000]     0.3378 [2.000]
[kpt   0   9  12]     0.3378 [2.000]     1.1018 [2.000]     1.1018 [2.000]     1.1018 [2.000]     6.7884 [0.000]
[kpt   0   9  13]     9.7573 [0.000]     9.7574 [0.000]     9.7583 [0.000]     9.7584 [0.000]     9.7585 [0.000]
[kpt   0   9  14]     9.7586 [0.000]    10.5927 [0.000]    10.5928 [0.000]    10.5935 [0.000]    12.2085 [0.000]
[kpt   0   9  15]    13.0520 [0.000]    13.0520 [0.000]    13.0520 [0.000]    13.0520 [0.000]



Total charge in supercell =     128.00000000
 quench: [md:   0/100  scf:   9/30  step time:   0.46  scf time:     3.58 secs  RMS[dV]: 5.82e-05 ]


average potential <V> = -3.88e-16
Davidson converged in 2 steps

FERMI ENERGY =      1.10242664 eV
@@ EIGENVALUE SUM     =      -58.363142 Ry
@@ ION_ION            =     -272.916107 Ry
@@ ELECTROSTATIC      =     -286.296829 Ry
@@ VXC                =     -178.458322 Ry
@@ EXC                =     -137.348912 Ry
@@ TOTAL ENERGY       =     -576.466667 Ry
@@ estimated error    =        4.55e-07 Ry
Charge normalization constant -1.0: -2.220446e-16
Charge density mixing: Broyden


KOHN SHAM EIGENVALUES [eV] AT K-POINT [  0]:       0.000000      0.000000      0.000000

[kpt   0  10   0]   -18.8901 [2.000]   -17.9059 [2.000]   -17.9059 [2.000]   -17.9059 [2.000]   -17.9059 [2.000]
[kpt   0  10   1]   -17.9059 [2.000]   -17.9058 [2.000]   -16.5538 [2.000]   -16.5538 [2.000]   -16.5537 [2.000]
[kpt   0  10   2]   -16.5537 [2.000]   -16.5537 [2.000]   -16.5537 [2.000]   -16.5219 [2.000]   -16.5219 [2.000]
[kpt   0  10   3]   -16.5219 [2.000]    -9.3354 [2.000]    -6.9268 [2.000]    -6.9268 [2.000]    -6.9268 [2.000]
[kpt   0  10   4]    -6.9268 [2.000]    -6.9268 [2.000]    -6.9268 [2.000]    -5.1551 [2.000]    -5.1551 [2.000]
[kpt   0  10   5]    -5.1550 [2.000]    -4.5247 [2.000]    -4.5247 [2.000]    -4.5247 [2.000]    -4.5247 [2.000]
[kpt   0  10   6]    -4.5246 [2.000]    -4.5246 [2.000]    -2.1191 [2.000]    -2.1191 [2.000]    -2.1191 [2.000]
[kpt   0  10   7]    -2.1191 [2.000]    -2.1191 [2.000]    -2.1191 [2.000]    -1.8765 [2.000]    -1.8765 [2.000]
[kpt   0  10   8]    -1.6845 [2.000]    -1.6845 [2.000]    -1.6845 [2.000]    -1.6845 [2.000]    -1.6845 [2.000]
[kpt   0  10   9]    -1.6845 [2.000]    -1.2242 [2.000]    -1.2242 [2.000]    -1.2242 [2.000]    -0.5671 [2.000]
[kpt   0  10  10]    -0.5671 [2.000]    -0.5671 [2.000]    -0.5671 [2.000]    -0.5671 [2.000]    -0.5671 [2.000]
[kpt   0  10  11]     0.3383 [2.000]     0.3383 [2.000]     0.3383 [2.000]     0.3383 [2.000]     0.3384 [2.000]
[kpt   0  10  12]     0.3384 [2.000]     1.1024 [2.000]     1.1024 [2.000]     1.1024 [2.000]     6.7886 [0.000]
[kpt   0  10  13]     9.7572 [0.000]     9.7572 [0.000]     9.7577 [0.000]     9.7577 [0.000]     9.7578 [0.000]
[kpt   0  10  14]     9.7578 [0.000]    10.5926 [0.000]    10.5926 [0.000]    10.5930 [0.000]    12.2077 [0.000]
[kpt   0  10  15]    13.0522 [0.000]    13.0522 [0.000]    13.0522 [0.000]    13.0522 [0.000]



Total charge in supercell =     128.00000000
 quench: [md:   0/100  scf:  10/30  step time:   0.34  scf time:     3.92 secs  RMS[dV]: 2.63e-05 ]


average potential <V> = -7.59e-16
Davidson converged in 3 steps

FERMI ENERGY =      1.10260185 eV
@@ EIGENVALUE SUM     =      -58.361722 Ry
@@ ION_ION            =     -272.916107 Ry
@@ ELECTROSTATIC      =     -286.298356 Ry
@@ VXC                =     -178.458835 Ry
@@ EXC                =     -137.349318 Ry
@@ TOTAL ENERGY       =     -576.466668 Ry
@@ estimated error    =        1.55e-08 Ry
Charge normalization constant -1.0: 2.220446e-16
Charge density mixing: Broyden


KOHN SHAM EIGENVALUES [eV] AT K-POINT [  0]:       0.000000      0.000000      0.000000

[kpt   0  11   0]   -18.8900 [2.000]   -17.9057 [2.000]   -17.9057 [2.000]   -17.9057 [2.000]   -17.9057 [2.000]
[kpt   0  11   1]   -17.9057 [2.000]   -17.9057 [2.000]   -16.5536 [2.000]   -16.5536 [2.000]   -16.5536 [2.000]
[kpt   0  11   2]   -16.5536 [2.000]   -16.5536 [2.000]   -16.5536 [2.000]   -16.5217 [2.000]   -16.5217 [2.000]
[kpt   0  11   3]   -16.5217 [2.000]    -9.3353 [2.000]    -6.9267 [2.000]    -6.9267 [2.000]    -6.9267 [2.000]
[kpt   0  11   4]    -6.9267 [2.000]    -6.9267 [2.000]    -6.9267 [2.000]    -5.1549 [2.000]    -5.1549 [2.000]
[kpt   0  11   5]    -5.1549 [2.000]    -4.5246 [2.000]    -4.5246 [2.000]    -4.5246 [2.000]    -4.5246 [2.000]
[kpt   0  11   6]    -4.5245 [2.000]    -4.5245 [2.000]    -2.1190 [2.000]    -2.1190 [2.000]    -2.1190 [2.000]
[kpt   0  11   7]    -2.1190 [2.000]    -2.1190 [2.000]    -2.1190 [2.000]    -1.8764 [2.000]    -1.8764 [2.000]
[kpt   0  11   8]    -1.6843 [2.000]    -1.6843 [2.000]    -1.6843 [2.000]    -1.6843 [2.000]    -1.6843 [2.000]
[kpt   0  11   9]    -1.6843 [2.000]    -1.2240 [2.000]    -1.2240 [2.000]    -1.2240 [2.000]    -0.5669 [2.000]
[kpt   0  11  10]    -0.5669 [2.000]    -0.5669 [2.000]    -0.5669 [2.000]    -0.5669 [2.000]    -0.5669 [2.000]
[kpt   0  11  11]     0.3385 [2.000]     0.3385 [2.000]     0.3385 [2.000]     0.3385 [2.000]     0.3385 [2.000]
[kpt   0  11  12]     0.3385 [2.000]     1.1026 [2.000]     1.1026 [2.000]     1.1026 [2.000]     6.7886 [0.000]
[kpt   0  11  13]     9.7571 [0.000]     9.7571 [0.000]     9.7573 [0.000]     9.7574 [0.000]     9.7574 [0.000]
[kpt   0  11  14]     9.7575 [0.000]    10.5927 [0.000]    10.5927 [0.000]    10.5929 [0.000]    12.2072 [0.000]
[kpt   0  11  15]    13.0523 [0.000]    13.0523 [0.000]    13.0523 [0.000]    13.0523 [0.000]



Total charge in supercell =     128.00000000
 quench: [md:   0/100  scf:  11/30  step time:   0.42  scf time:     4.34 secs  RMS[dV]: 1.12e-05 ]


average potential <V> = 3.55e-16
Davidson converged in 2 steps

FERMI ENERGY =      1.10248724 eV
@@ EIGENVALUE SUM     =      -58.362370 Ry
@@ ION_ION            =     -272.916107 Ry
@@ ELECTROSTATIC      =     -286.297650 Ry
@@ VXC                =     -178.458572 Ry
@@ EXC                =     -137.349113 Ry
@@ TOTAL ENERGY       =     -576.466668 Ry
@@ estimated error    =        1.21e-08 Ry
Charge normalization constant -1.0: -1.332268e-15
Charge density mixing: Broyden


KOHN SHAM EIGENVALUES [eV] AT K-POINT [  0]:       0.000000      0.000000      0.000000

[kpt   0  12   0]   -18.8900 [2.000]   -17.9058 [2.000]   -17.9058 [2.000]   -17.9058 [2.000]   -17.9058 [2.000]
[kpt   0  12   1]   -17.9058 [2.000]   -17.9058 [2.000]   -16.5537 [2.000]   -16.5537 [2.000]   -16.5537 [2.000]
[kpt   0  12   2]   -16.5537 [2.000]   -16.5536 [2.000]   -16.5536 [2.000]   -16.5218 [2.000]   -16.5218 [2.000]
[kpt   0  12   3]   -16.5218 [2.000]    -9.3353 [2.000]    -6.9267 [2.000]    -6.9267 [2.000]    -6.9267 [2.000]
[kpt   0  12   4]    -6.9267 [2.000]    -6.9267 [2.000]    -6.9267 [2.000]    -5.1550 [2.000]    -5.1550 [2.000]
[kpt   0  12   5]    -5.1550 [2.000]    -4.5246 [2.000]    -4.5246 [2.000]    -4.5246 [2.000]    -4.5246 [2.000]
[kpt   0  12   6]    -4.5246 [2.000]    -4.5246 [2.000]    -2.1190 [2.000]    -2.1190 [2.000]    -2.1190 [2.000]
[kpt   0  12   7]    -2.1190 [2.000]    -2.1190 [2.000]    -2.1190 [2.000]    -1.8765 [2.000]    -1.8765 [2.000]
[kpt   0  12   8]    -1.6844 [2.000]    -1.6844 [2.000]    -1.6844 [2.000]    -1.6844 [2.000]    -1.6844 [2.000]
[kpt   0  12   9]    -1.6844 [2.000]    -1.2241 [2.000]    -1.2241 [2.000]    -1.2241 [2.000]    -0.5670 [2.000]
[kpt   0  12  10]    -0.5670 [2.000]    -0.5670 [2.000]    -0.5670 [2.000]    -0.5670 [2.000]    -0.5670 [2.000]
[kpt   0  12  11]     0.3384 [2.000]     0.3384 [2.000]     0.3384 [2.000]     0.3384 [2.000]     0.3384 [2.000]
[kpt   0  12  12]     0.3384 [2.000]     1.1025 [2.000]     1.1025 [2.000]     1.1025 [2.000]     6.7886 [0.000]
[kpt   0  12  13]     9.7569 [0.000]     9.7569 [0.000]     9.7571 [0.000]     9.7571 [0.000]     9.7571 [0.000]
[kpt   0  12  14]     9.7571 [0.000]    10.5926 [0.000]    10.5926 [0.000]    10.5927 [0.000]    12.2066 [0.000]
[kpt   0  12  15]    13.0522 [0.000]    13.0522 [0.000]    13.0523 [0.000]    13.0523 [0.000]



Total charge in supercell =     128.00000000
 quench: [md:   0/100  scf:  12/30  step time:   0.34  scf time:     4.68 secs  RMS[dV]: 3.53e-06 ]


average potential <V> = 7.02e-16
Davidson converged in 3 steps

FERMI ENERGY =      1.10248682 eV
@@ EIGENVALUE SUM     =      -58.362338 Ry
@@ ION_ION            =     -272.916107 Ry
@@ ELECTROSTATIC      =     -286.297684 Ry
@@ VXC                =     -178.458583 Ry
@@ EXC                =     -137.349122 Ry
@@ TOTAL ENERGY       =     -576.466668 Ry
@@ estimated error    =        2.89e-10 Ry
Charge normalization constant -1.0: -2.220446e-16
Charge density mixing: Broyden


KOHN SHAM EIGENVALUES [eV] AT K-POINT [  0]:       0.000000      0.000000      0.000000

[kpt   0  13   0]   -18.8900 [2.000]   -17.9058 [2.000]   -17.9058 [2.000]   -17.9058 [2.000]   -17.9058 [2.000]
[kpt   0  13   1]   -17.9058 [2.000]   -17.9058 [2.000]   -16.5536 [2.000]   -16.5536 [2.000]   -16.5536 [2.000]
[kpt   0  13   2]   -16.5536 [2.000]   -16.5536 [2.000]   -16.5536 [2.000]   -16.5218 [2.000]   -16.5218 [2.000]
[kpt   0  13   3]   -16.5218 [2.000]    -9.3353 [2.000]    -6.9267 [2.000]    -6.9267 [2.000]    -6.9267 [2.000]
[kpt   0  13   4]    -6.9267 [2.000]    -6.9267 [2.000]    -6.9267 [2.000]    -5.1550 [2.000]    -5.1550 [2.000]
[kpt   0  13   5]    -5.1550 [2.000]    -4.5246 [2.000]    -4.5246 [2.000]    -4.5246 [2.000]    -4.5246 [2.000]
[kpt   0  13   6]    -4.5246 [2.000]    -4.5246 [2.000]    -2.1190 [2.000]    -2.1190 [2.000]    -2.1190 [2.000]
[kpt   0  13   7]    -2.1190 [2.000]    -2.1190 [2.000]    -2.1190 [2.000]    -1.8765 [2.000]    -1.8765 [2.000]
[kpt   0  13   8]    -1.6844 [2.000]    -1.6844 [2.000]    -1.6844 [2.000]    -1.6844 [2.000]    -1.6844 [2.000]
[kpt   0  13   9]    -1.6844 [2.000]    -1.2241 [2.000]    -1.2241 [2.000]    -1.2241 [2.000]    -0.5670 [2.000]
[kpt   0  13  10]    -0.5670 [2.000]    -0.5670 [2.000]    -0.5670 [2.000]    -0.5670 [2.000]    -0.5670 [2.000]
[kpt   0  13  11]     0.3384 [2.000]     0.3384 [2.000]     0.3384 [2.000]     0.3384 [2.000]     0.3384 [2.000]
[kpt   0  13  12]     0.3384 [2.000]     1.1025 [2.000]     1.1025 [2.000]     1.1025 [2.000]     6.7886 [0.000]
[kpt   0  13  13]     9.7569 [0.000]     9.7569 [0.000]     9.7569 [0.000]     9.7569 [0.000]     9.7569 [0.000]
[kpt   0  13  14]     9.7569 [0.000]    10.5926 [0.000]    10.5926 [0.000]    10.5926 [0.000]    12.2061 [0.000]
[kpt   0  13  15]    13.0522 [0.000]    13.0522 [0.000]    13.0523 [0.000]    13.0523 [0.000]



Total charge in supercell =     128.00000000
 quench: [md:   0/100  scf:  13/30  step time:   0.45  scf time:     5.14 secs  RMS[dV]: 1.01e-06 ]



 Convergence criterion reached: Energy variation (3.40e-11) is lower than threshold (1.00e-10)

potential convergence has been achieved. stopping ...

[   0  14   14        6 ] Quench.cpp: 
@@ TOTAL ENEGY Components 
@@ ION_ION            =     -272.916107 Ry
@@ ELECTROSTATIC      =      286.297684 Ry
@@ EXC                =     -137.349129 Ry
@@ vdw correction     =        0.000000 Ry
@@ LdaU correction    =        0.000000 Ry
@@ total              =        0.000000 Ry
final total energy from eig sum =    -576.46666812 Ry


KOHN SHAM EIGENVALUES [eV] AT K-POINT [  0]:       0.000000      0.000000      0.000000

[kpt   0  14   0]   -18.8900 [2.000]   -17.9058 [2.000]   -17.9058 [2.000]   -17.9058 [2.000]   -17.9058 [2.000]
[kpt   0  14   1]   -17.9058 [2.000]   -17.9058 [2.000]   -16.5536 [2.000]   -16.5536 [2.000]   -16.5536 [2.000]
[kpt   0  14   2]   -16.5536 [2.000]   -16.5536 [2.000]   -16.5536 [2.000]   -16.5218 [2.000]   -16.5218 [2.000]
[kpt   0  14   3]   -16.5218 [2.000]    -9.3353 [2.000]    -6.9267 [2.000]    -6.9267 [2.000]    -6.9267 [2.000]
[kpt   0  14   4]    -6.9267 [2.000]    -6.9267 [2.000]    -6.9267 [2.000]    -5.1550 [2.000]    -5.1550 [2.000]
[kpt   0  14   5]    -5.1550 [2.000]    -4.5246 [2.000]    -4.5246 [2.000]    -4.5246 [2.000]    -4.5246 [2.000]
[kpt   0  14   6]    -4.5246 [2.000]    -4.5246 [2.000]    -2.1190 [2.000]    -2.1190 [2.000]    -2.1190 [2.000]
[kpt   0  14   7]    -2.1190 [2.000]    -2.1190 [2.000]    -2.1190 [2.000]    -1.8765 [2.000]    -1.8765 [2.000]
[kpt   0  14   8]    -1.6844 [2.000]    -1.6844 [2.000]    -1.6844 [2.000]    -1.6844 [2.000]    -1.6844 [2.000]
[kpt   0  14   9]    -1.6844 [2.000]    -1.2241 [2.000]    -1.2241 [2.000]    -1.2241 [2.000]    -0.5670 [2.000]
[kpt   0  14  10]    -0.5670 [2.000]    -0.5670 [2.000]    -0.5670 [2.000]    -0.5670 [2.000]    -0.5670 [2.000]
[kpt   0  14  11]     0.3384 [2.000]     0.3384 [2.000]     0.3384 [2.000]     0.3384 [2.000]     0.3384 [2.000]
[kpt   0  14  12]     0.3384 [2.000]     1.1025 [2.000]     1.1025 [2.000]     1.1025 [2.000]     6.7886 [0.000]
[kpt   0  14  13]     9.7569 [0.000]     9.7569 [0.000]     9.7569 [0.000]     9.7569 [0.000]     9.7569 [0.000]
[kpt   0  14  14]     9.7569 [0.000]    10.5926 [0.000]    10.5926 [0.000]    10.5926 [0.000]    12.2061 [0.000]
[kpt   0  14  15]    13.0522 [0.000]    13.0522 [0.000]    13.0523 [0.000]    13.0523 [0.000]



Total charge in supercell =     128.00000000
 volume and energy per atom =        15.03933867       -326.80116995 eV

 Vdd took 0.000248 seconds
WriteRestart: Output file given as /dev/null, no restart data written ...



  IONIC POSITIONS [a0] AND FORCES [Ry/a0]
  Charge analysis using: Voronoi Deformation Density

@ION  Ion  Species       X           Y           Z       Charge       FX          FY         FZ      Movable
@ION    1    Si      0.0000000   0.0000000   0.0000000    0.442    0.0000001   0.0000000  -0.0000001  1 1 1
@ION    2    Si      3.3637125   3.3637125   3.3637125    0.446   -0.0000001   0.0000000  -0.0000000  1 1 1
@ION    3    Si     10.0911375   3.3637125  10.0911375    0.442   -0.0000000   0.0000000   0.0000001  1 1 1
@ION    4    Si      3.3637125  10.0911375  10.0911375    0.442   -0.0000000   0.0000001   0.0000000  1 1 1
@ION    5    Si     10.0911375  10.0911375   3.3637125    0.442   -0.0000001  -0.0000001   0.0000000  1 1 1
@ION    6    Si      0.0000000   6.7274250   6.7274250    0.444    0.0000000   0.0000000  -0.0000000  1 1 1
@ION    7    Si      6.7274250   0.0000000   6.7274250    0.444    0.0000000  -0.0000001   0.0000000  1 1 1
@ION    8    Si      6.7274250   6.7274250   0.0000000    0.445    0.0000001   0.0000000  -0.0000000  1 1 1
@ION    9     O      1.6818563   1.6818563   1.6818563   -0.215   -0.0000000   0.0000000  -0.0000001  1 1 1
@ION   10     O     11.7729938   1.6818563  11.7729938   -0.217   -0.0000000  -0.0000000  -0.0000000  1 1 1
@ION   11     O      1.6818563  11.7729938  11.7729938   -0.220    0.0000000   0.0000002  -0.0000000  1 1 1
@ION   12     O     11.7729938  11.7729938   1.6818563   -0.222   -0.0000001  -0.0000000   0.0000001  1 1 1
@ION   13     O      1.6818563   8.4092813   8.4092813   -0.218   -0.0000000  -0.0000000  -0.0000000  1 1 1
@ION   14     O      8.4092813   1.6818563   8.4092813   -0.218    0.0000000  -0.0000001   0.0000001  1 1 1
@ION   15     O      8.4092813   8.4092813   1.6818563   -0.218    0.0000000  -0.0000000   0.0000000  1 1 1
@ION   16     O     11.7729938   8.4092813   5.0455688   -0.219   -0.0000000   0.0000000  -0.0000001  1 1 1
@ION   17     O      5.0455688   1.6818563   5.0455688   -0.219   -0.0000001  -0.0000000  -0.0000001  1 1 1
@ION   18     O      5.0455688   8.4092813  11.7729938   -0.220   -0.0000000  -0.0000000   0.0000000  1 1 1
@ION   19     O      1.6818563   5.0455688   5.0455688   -0.225    0.0000000  -0.0000001  -0.0000001  1 1 1
@ION   20     O      8.4092813  11.7729938   5.0455688   -0.225    0.0000000   0.0000000  -0.0000000  1 1 1
@ION   21     O      8.4092813   5.0455688  11.7729938   -0.223    0.0000001  -0.0000002   0.0000000  1 1 1
@ION   22     O     11.7729938   5.0455688   8.4092813   -0.228    0.0000001  -0.0000000   0.0000000  1 1 1
@ION   23     O      5.0455688  11.7729938   8.4092813   -0.228   -0.0000001   0.0000001   0.0000001  1 1 1
@ION   24     O      5.0455688   5.0455688   1.6818563   -0.230   -0.0000001  -0.0000001   0.0000000  1 1 1

 mean FX      =   0.00000004 Ry/a0
 mean FY      =   0.00000004 Ry/a0
 mean FZ      =   0.00000004 Ry/a0

 max FX       =   0.00000010 Ry/a0   (ion 21)
 max FY       =   0.00000017 Ry/a0   (ion 11)
 max FZ       =   0.00000011 Ry/a0   (ion 19)
 max F[x,y,z] =   0.00000017 Ry/a0
 max |F|      =   0.00000019 Ry/a0   (ion 21)

 sum FX       =   0.00000000 Ry/a0
 sum FY       =  -0.00000022 Ry/a0
 sum FZ       =  -0.00000003 Ry/a0
 Average      =   0.00000008 Ry/a0
 sqrt < F^2 > =   0.00000006 Ry/a0

WriteRestart: Output file given as /dev/null, no restart data written ...


--------TIMING INFORMATION FOR Processor owned the most atoms----------------
                                        Total time               Per SCF/step

1-TOTAL                                             6.85                0.49
-----------------------------------------------------------------------------
  1-TOTAL: Init                                     1.18                0.08
  1-TOTAL: run                                      5.67                0.41
  ---------------------------------------------------------------------------
    1-TOTAL: run: Force                             0.51                0.04
    1-TOTAL: run: Scf steps                         5.02                0.36

2-Force                                             0.51                0.04
-----------------------------------------------------------------------------
  2-Force: core correction                          0.00                0.00
  2-Force: corrections                              0.12                0.01
  2-Force: ion-ion                                  0.08                0.01
  2-Force: local                                    0.13                0.01
  2-Force: non-local                                0.18                0.01
  2-Force: non-local-betaxpsi                       0.03                0.00
  2-Force: non-local-get gamma                      0.00                0.00
  2-Force: non-local-nlforce_par_Q                  0.01                0.00
  2-Force: non-local-nlforce_par_gamma              0.00                0.00
  2-Force: non-local-nlforce_par_omega              0.00                0.00
  2-Force: non-local-partial gamma                  0.00                0.00
  2-Force: non-local-veff grad                      0.01                0.00

2-Init                                              1.18                0.08
-----------------------------------------------------------------------------
  2-Init: GetNewRho                                 0.03                0.00
  2-Init: KpointClass                               0.42                0.03
  2-Init: LcaoGetPsi                                0.05                0.00
  2-Init: LcaoGetRho                                0.10                0.01
  2-Init: ReinitIonicPotentials                     0.14                0.01
  2-Init: betaxpsi                                  0.02                0.00
  2-Init: exchange/correlation                      0.03                0.00
  2-Init: hartree                                   0.02                0.00
  2-Init: normalization                             0.00                0.00
  2-Init: radial potentials                         0.23                0.02
  2-Init: subdiag                                   0.05                0.00
  2-Init: weights                                   0.01                0.00

2-Scf steps                                         5.02                0.36
-----------------------------------------------------------------------------
  2-Scf steps: Davidson                             2.82                0.20
  2-Scf steps: GetNewRho                            0.44                0.03
  2-Scf steps: Hartree                              0.38                0.03
  2-Scf steps: MgridSubspace                        0.81                0.06
  2-Scf steps: MixRho                               0.03                0.00
  2-Scf steps: exchange/correlation                 0.37                0.03

3-MgridSubspace                                     0.81                0.06
-----------------------------------------------------------------------------
  3-MgridSubspace: AppNls                           0.07                0.00
  3-MgridSubspace: Beta x psi                       0.10                0.01
  3-MgridSubspace: Diagonalization                  0.16                0.01
  3-MgridSubspace: Mg_eig                           0.49                0.03

3-ReinitIonicPotentials                             0.14                0.01
-----------------------------------------------------------------------------
  3-ReinitIonicPotentials: GetNlop                  0.01                0.00
  3-ReinitIonicPotentials: GetWeight                0.08                0.01
  3-ReinitIonicPotentials: get_QI                   0.00                0.00
  3-ReinitIonicPotentials: get_qqq                  0.00                0.00
  3-ReinitIonicPotentials: init_nuc                 0.05                0.00

4-Diagonalization                                   0.20                0.01
-----------------------------------------------------------------------------
  4-Diagonalization: ELPA/PDSYGVX/PZHEGVX           0.02                0.00
  4-Diagonalization: Hpsi                           0.11                0.01
  4-Diagonalization: MPI_Bcast                      0.00                0.00
  4-Diagonalization: Update orbitals                0.04                0.00
  ---------------------------------------------------------------------------
    4-Diagonalization: Update orbitals: gather           0.00                0.00
    4-Diagonalization: Update orbitals: gemm           0.03                0.00
  4-Diagonalization: matrix                         0.03                0.00
  ---------------------------------------------------------------------------
    4-Diagonalization: matrix: Allreduce            0.00                0.00
    4-Diagonalization: matrix: Gemm                 0.03                0.00

5-Functional                                        0.40                0.03
-----------------------------------------------------------------------------
  5-Functional: apply gradient                      0.04                0.00
  5-Functional: apply laplacian                     0.01                0.00
  5-Functional: libxc                               0.16                0.01
  5-Functional: vxc                                 0.40                0.03
  5-Functional: vxc grad                            0.23                0.02
  5-Functional: vxc local                           0.05                0.00
  5-Functional: vxc nonlocal                        0.00                0.00

6-Davidson                                          2.82                0.20
-----------------------------------------------------------------------------
  6-Davidson: Betaxpsi                              0.34                0.02
  6-Davidson: apply hamiltonian                     0.63                0.04
  6-Davidson: diagonalization                       0.26                0.02
  6-Davidson: generate residuals                    0.24                0.02
  6-Davidson: matrix setup/reduce                   0.39                0.03
  6-Davidson: normalization                         0.02                0.00
  6-Davidson: precondition                          0.78                0.06
  6-Davidson: rotate orbitals                       0.12                0.01

AppNls                                              0.37                0.03
-----------------------------------------------------------------------------
  AppNls: data_rearrange                            0.01                0.00
  ---------------------------------------------------------------------------
    AppNls: data_rearrange: alloc and zeros           0.00                0.00
    AppNls: data_rearrange: dnm                     0.00                0.00
    AppNls: data_rearrange: sint                    0.00                0.00
  AppNls: nv                                        0.31                0.02
  AppNls: nv_work                                   0.00                0.00

App_gradient                                        0.04                0.00

CPUFD                                               0.00                0.00

Compute Hpsi                                        0.11                0.01
-----------------------------------------------------------------------------
  Compute Hpsi: AppNls                              0.05                0.00
  Compute Hpsi: Threaded Apply H                    0.06                0.00

GlobalSums                                          0.14                0.01

Init                                                0.76                0.05

Init Voronoi                                        0.11                0.01

Mix rho                                             0.03                0.00
-----------------------------------------------------------------------------
  Mix rho: Broyden                                  0.03                0.00
  Mix rho: Linear                                   0.00                0.00

Orbital                                             0.00                0.00
-----------------------------------------------------------------------------
  Orbital: phase and set                            0.00                0.00
  Orbital: proj cal                                 0.00                0.00
  Trade images: trade_images                        0.00                0.00
  Trade images: trade_imagesx                       0.08                0.01

VhPfft                                              0.20                0.01

Weight                                              0.00                0.00

radial beta                                         0.18                0.01


------------------------- TIMING INFORMATION FOR THREADS  -------------------

                                           Min            Max            Avg
CPUFD                                      0.14           0.14           0.14
-----------------------------------------------------------------------------

GlobalSums                                 0.09           0.09           0.09
-----------------------------------------------------------------------------

Mg_eig                                     0.48           0.48           0.48
-----------------------------------------------------------------------------
  Mg_eig: apply hamiltonian                0.22           0.22           0.22
  Mg_eig: mgrid_solv                       0.14           0.14           0.14
  Trade images: trade_images               0.61           0.61           0.61
  Trade images: trade_imagesx              0.57           0.57           0.57
