RMG initialization ... 1 image(s) total, 1 per node. 32 MPI processes/image. Thread level 2.
FFT-FD  0.000000e+00   7.854786e-01   7.854726e-01   6.027757e-06
FFT-FD  1.000000e+00   7.854786e-01   7.854726e-01   6.027757e-06
IP=0 M = 0.000000e+00  -inf  6.027757e-06
FFT-FD  0.000000e+00   2.257197e+00   2.257171e+00   2.681964e-05
FFT-FD  1.000000e+00   2.257197e+00   2.257171e+00   2.681964e-05
IP=1 M = 0.000000e+00  -inf  2.681964e-05
FFT-FD  0.000000e+00   2.257197e+00   2.257171e+00   2.681964e-05
FFT-FD  1.000000e+00   2.257197e+00   2.257171e+00   2.681964e-05
IP=2 M = 0.000000e+00  -inf  2.681964e-05
FFT-FD  0.000000e+00   2.257197e+00   2.257171e+00   2.681964e-05
FFT-FD  1.000000e+00   2.257197e+00   2.257171e+00   2.681964e-05
IP=3 M = 0.000000e+00  -inf  2.681964e-05
FFT-FD  0.000000e+00   2.678435e-01   2.678434e-01   1.445604e-08
FFT-FD  1.000000e+00   2.678435e-01   2.678434e-01   1.445604e-08
IP=0 M = 0.000000e+00  -inf  1.445604e-08
FFT-FD  0.000000e+00   3.882435e-01   3.882435e-01   2.959663e-10
FFT-FD  1.000000e+00   3.882435e-01   3.882435e-01   2.959663e-10
IP=1 M = 0.000000e+00  -inf  2.959663e-10
FFT-FD  0.000000e+00   3.882435e-01   3.882435e-01   2.959661e-10
FFT-FD  1.000000e+00   3.882435e-01   3.882435e-01   2.959661e-10
IP=2 M = 0.000000e+00  -inf  2.959661e-10
FFT-FD  0.000000e+00   3.882435e-01   3.882435e-01   2.959671e-10
FFT-FD  1.000000e+00   3.882435e-01   3.882435e-01   2.959671e-10
IP=3 M = 0.000000e+00  -inf  2.959671e-10
NEWCFAC = 0.000000  0.000000


                     * * * * * * * * * *
                     *    R   M   G    *
                     * * * * * * * * * *

     -- A Real Space Multigrid Electronic structure code --
     --      More information at www.rmgdft.org          --

Code Revision:     v5.1.0_53_g887bfc3b
Build Date:        May 15 2023  14:30:00
Start time:        Wed May 17 14:03:44 2023

NOTICE: RMG internal pseudopotentials have switched to
ONCVP from Ultrasoft. You can revert to Ultrasoft by
adding the input tag internal_pseudo_type="ultrasoft" to
your input files.


Files
   Control input file:        input7
   Data output file:          /dev/null

Run Setup
    Calculation type:         Quench electrons - Fixed ions SCF calculation
    Description:              SiO2
    Orbital Initialization:   LCAO (96 LCAO and 0 random orbitals)
    Exchange Correlation:     pbe
    Spin Polarization:        OFF
    System charge:            Neutral

Processor Topology
   Total PEs:                 32
   X direction:               4
   Y direction:               4
   Z direction:               2
   MG Threads/PE:             1
   OMP Threads/PE:            1

Grid Points  (Linear Anisotropy: 1.000)
    X:  Total: 64   Per PE: 16   Spacing:0.210 a0  
    Y:  Total: 64   Per PE: 16   Spacing:0.210 a0  
    Z:  Total: 64   Per PE: 32   Spacing:0.210 a0  

    Equivalent energy cutoffs (psi,rho):   223.307    893.227 Ry

    Charge density grid:         2 times finer

Coordinate planes
  Planar Anisotropy: 1.000
  A0-A1 density:    22.626
  A0-A2 density:    22.626
  A1-A2 density:    22.626


Lattice (Cell) Setup
    Type:                       Orthorhombic_primitive
    Volume (a0^3):               2435.77
    Boundary conditions:        Periodic

    X Basis Vector:      13.455       0.000       0.000 a0
    Y Basis Vector:       0.000      13.455       0.000 a0
    Z Basis Vector:       0.000       0.000      13.455 a0
    X Reci Vector:       0.074      -0.000       0.000 a0
    Y Reci Vector:       0.000       0.074       0.000 a0
    Z Reci Vector:       0.000      -0.000       0.074 a0

K-points
    Gamma Point Only (real orbitals)

Atoms and States
    Number of ions:                          24
    Number of species:                       2
    Number of states:                        79

Run Parameters
    SCF Convergence criterion (potential):   1.00e-10
    SCF Convergence criterion (energy):      1.00e-10
    Max SCF steps:                           30

SCF Cycle Settings
    Charge density mixing:                   Broyden
    Hartree Solver:                          PFFT
    Interpolation type:                      FFT

Finite Difference parameters
    Kohn Sham FD Order:                      10  
    Force Gradient Order:                    FFT
    Adaptive Finite Differencing:            Off

Subspace Diagonalization Options
    Frequency:                               every 1 SCF step(s)
    Driver:                                  ScaLapack
    Initial diagonalization:                 ON
    Folded spectrum:                         OFF

Filtering Cutoff  Parameters
    Wavefunction grid (cparm):               0.800
    Charge density grid (rhocparm):          1.000
    Filter factor:                           1.000

Multigrid (MG) Parameters
    Psi MG levels:                           3
    Psi global step:                         0.660 
    Psi pre:                                 2
    Psi post:                                2

Davidson Parameters
    Davidson multiplier:                     4
    Davidson max step:                       8
    Davidson unocc tol factor:               1000.000

Blas Libraries
    CPU support with openblas-parallel.


Atomic Species Information
(PP = Pseudopotential, US = Ultrasoft, NC = Norm Conserving)
-------------------------------------------------------------------------
|Index|Symbol| Mass|Valence| PP |  Comp  |Local| Local|Nlocal|    PP    |
|     |      |     |       |Type|Gaussian|  l  |Radius|Radius|Functional|
-------------------------------------------------------------------------
|    1|     O| 15.0|   6.00|  NC|    0.50|   -1| 10.00|  7.00|       PBE|
|    2|    Si| 28.0|   4.00|  NC|    0.50|   -1| 10.00|  7.00|       PBE|
-------------------------------------------------------------------------

Pseudopotential generation information:
   O pseudopotential file: ./@Internal
      Generation info     : Generated using ONCVPSP code by D. R. Hamann
      Author info         : anonymous
  Si pseudopotential file: ./@Internal
      Generation info     : Generated using ONCVPSP code by D. R. Hamann
      Author info         : anonymous


Memory usage (Mbytes):     Min        Max       Total
    wave functions         20.71      20.71     662.73
    beta-functions         12.58      12.58     402.69



Initial Ionic Positions And Displacements (Bohr)
Species      X           Y           Z           dX          dY          dZ
  Si       0.0000      0.0000      0.0000      0.0000      0.0000      0.0000
  Si       3.3637      3.3637      3.3637      0.0000      0.0000      0.0000
  Si      10.0911      3.3637     10.0911      0.0000      0.0000      0.0000
  Si       3.3637     10.0911     10.0911      0.0000      0.0000      0.0000
  Si      10.0911     10.0911      3.3637      0.0000      0.0000      0.0000
  Si       0.0000      6.7274      6.7274      0.0000      0.0000      0.0000
  Si       6.7274      0.0000      6.7274      0.0000      0.0000      0.0000
  Si       6.7274      6.7274      0.0000      0.0000      0.0000      0.0000
  O        1.6819      1.6819      1.6819      0.0000      0.0000      0.0000
  O       11.7730      1.6819     11.7730      0.0000      0.0000      0.0000
  O        1.6819     11.7730     11.7730      0.0000      0.0000      0.0000
  O       11.7730     11.7730      1.6819      0.0000      0.0000      0.0000
  O        1.6819      8.4093      8.4093      0.0000      0.0000      0.0000
  O        8.4093      1.6819      8.4093      0.0000      0.0000      0.0000
  O        8.4093      8.4093      1.6819      0.0000      0.0000      0.0000
  O       11.7730      8.4093      5.0456      0.0000      0.0000      0.0000
  O        5.0456      1.6819      5.0456      0.0000      0.0000      0.0000
  O        5.0456      8.4093     11.7730      0.0000      0.0000      0.0000
  O        1.6819      5.0456      5.0456      0.0000      0.0000      0.0000
  O        8.4093     11.7730      5.0456      0.0000      0.0000      0.0000
  O        8.4093      5.0456     11.7730      0.0000      0.0000      0.0000
  O       11.7730      5.0456      8.4093      0.0000      0.0000      0.0000
  O        5.0456     11.7730      8.4093      0.0000      0.0000      0.0000
  O        5.0456      5.0456      1.6819      0.0000      0.0000      0.0000


Initial Ionic Positions And Displacements (Angstrom)
Species      X           Y           Z           dX          dY          dZ
  Si       0.0000      0.0000      0.0000      0.0000      0.0000      0.0000
  Si       1.7800      1.7800      1.7800      0.0000      0.0000      0.0000
  Si       5.3400      1.7800      5.3400      0.0000      0.0000      0.0000
  Si       1.7800      5.3400      5.3400      0.0000      0.0000      0.0000
  Si       5.3400      5.3400      1.7800      0.0000      0.0000      0.0000
  Si       0.0000      3.5600      3.5600      0.0000      0.0000      0.0000
  Si       3.5600      0.0000      3.5600      0.0000      0.0000      0.0000
  Si       3.5600      3.5600      0.0000      0.0000      0.0000      0.0000
  O        0.8900      0.8900      0.8900      0.0000      0.0000      0.0000
  O        6.2300      0.8900      6.2300      0.0000      0.0000      0.0000
  O        0.8900      6.2300      6.2300      0.0000      0.0000      0.0000
  O        6.2300      6.2300      0.8900      0.0000      0.0000      0.0000
  O        0.8900      4.4500      4.4500      0.0000      0.0000      0.0000
  O        4.4500      0.8900      4.4500      0.0000      0.0000      0.0000
  O        4.4500      4.4500      0.8900      0.0000      0.0000      0.0000
  O        6.2300      4.4500      2.6700      0.0000      0.0000      0.0000
  O        2.6700      0.8900      2.6700      0.0000      0.0000      0.0000
  O        2.6700      4.4500      6.2300      0.0000      0.0000      0.0000
  O        0.8900      2.6700      2.6700      0.0000      0.0000      0.0000
  O        4.4500      6.2300      2.6700      0.0000      0.0000      0.0000
  O        4.4500      2.6700      6.2300      0.0000      0.0000      0.0000
  O        6.2300      2.6700      4.4500      0.0000      0.0000      0.0000
  O        2.6700      6.2300      4.4500      0.0000      0.0000      0.0000
  O        2.6700      2.6700      0.8900      0.0000      0.0000      0.0000

Diagonalization using scalapack for step=0  count=0



KOHN SHAM EIGENVALUES [eV] AT K-POINT [  0]:       0.000000      0.000000      0.000000

[kpt   0  -1   0]   -22.2080 [2.000]   -21.3864 [2.000]   -21.3864 [2.000]   -21.3864 [2.000]   -21.3864 [2.000]
[kpt   0  -1   1]   -21.3864 [2.000]   -21.3864 [2.000]   -20.2922 [2.000]   -20.2922 [2.000]   -20.2922 [2.000]
[kpt   0  -1   2]   -20.2724 [2.000]   -20.2724 [2.000]   -20.2724 [2.000]   -20.2724 [2.000]   -20.2724 [2.000]
[kpt   0  -1   3]   -20.2724 [2.000]   -11.9738 [2.000]    -9.8967 [2.000]    -9.8967 [2.000]    -9.8967 [2.000]
[kpt   0  -1   4]    -9.8967 [2.000]    -9.8967 [2.000]    -9.8967 [2.000]    -8.2250 [2.000]    -8.2250 [2.000]
[kpt   0  -1   5]    -8.2250 [2.000]    -7.9104 [2.000]    -7.9104 [2.000]    -7.9104 [2.000]    -7.9104 [2.000]
[kpt   0  -1   6]    -7.9104 [2.000]    -7.9104 [2.000]    -5.0351 [2.000]    -5.0351 [2.000]    -5.0351 [2.000]
[kpt   0  -1   7]    -5.0351 [2.000]    -5.0351 [2.000]    -5.0351 [2.000]    -4.9403 [2.000]    -4.9403 [2.000]
[kpt   0  -1   8]    -4.7499 [2.000]    -4.7499 [2.000]    -4.7499 [2.000]    -4.7499 [2.000]    -4.7499 [2.000]
[kpt   0  -1   9]    -4.7499 [2.000]    -4.5194 [2.000]    -4.5194 [2.000]    -4.5194 [2.000]    -3.9894 [2.000]
[kpt   0  -1  10]    -3.9894 [2.000]    -3.9894 [2.000]    -3.9894 [2.000]    -3.9894 [2.000]    -3.9894 [2.000]
[kpt   0  -1  11]    -3.4088 [2.000]    -3.4088 [2.000]    -3.4088 [2.000]    -3.4088 [2.000]    -3.4088 [2.000]
[kpt   0  -1  12]    -3.4088 [2.000]    -2.9364 [2.000]    -2.9364 [2.000]    -2.9364 [2.000]     7.6043 [0.000]
[kpt   0  -1  13]    10.2749 [0.000]    10.2749 [0.000]    10.2749 [0.000]    10.2749 [0.000]    10.2749 [0.000]
[kpt   0  -1  14]    10.2749 [0.000]    12.4078 [0.000]    12.4078 [0.000]    12.4078 [0.000]    13.3733 [0.000]
[kpt   0  -1  15]    13.3733 [0.000]    13.3733 [0.000]    13.3733 [0.000]    13.3733 [0.000]    13.3733 [0.000]
[kpt   0  -1  16]    15.0426 [0.000]    15.0426 [0.000]    15.0426 [0.000]    15.0426 [0.000]    15.0426 [0.000]
[kpt   0  -1  17]    15.0426 [0.000]    15.3623 [0.000]    15.3623 [0.000]    15.3623 [0.000]    15.3623 [0.000]
[kpt   0  -1  18]    15.3623 [0.000]    15.3623 [0.000]    16.6466 [0.000]    16.6466 [0.000]    16.6466 [0.000]
[kpt   0  -1  19]    17.2076 [0.000]


Charge normalization constant -1.0: 2.886580e-14
Charge density mixing: Linear with a constant of 0.50 

Diagonalization using scalapack for step=0  count=1


FERMI ENERGY =     -0.01246183 eV
@@ EIGENVALUE SUM     =      -65.114840 Ry
@@ ION_ION            =     -272.916107 Ry
@@ ELECTROSTATIC      =     -284.896216 Ry
@@ VXC                =     -179.080870 Ry
@@ EXC                =     -137.843373 Ry
@@ TOTAL ENERGY       =     -581.689666 Ry
@@ estimated error    =   ****************
Charge normalization constant -1.0: 4.440892e-16
Charge density mixing: Linear with a constant of 0.50 
WriteRestart: Output file given as /dev/null, no restart data written ...


KOHN SHAM EIGENVALUES [eV] AT K-POINT [  0]:       0.000000      0.000000      0.000000

[kpt   0   0   0]   -19.5850 [2.000]   -18.6219 [2.000]   -18.6151 [2.000]   -18.6142 [2.000]   -18.6101 [2.000]
[kpt   0   0   1]   -18.6094 [2.000]   -18.6059 [2.000]   -17.3165 [2.000]   -17.3140 [2.000]   -17.3134 [2.000]
[kpt   0   0   2]   -17.3133 [2.000]   -17.3109 [2.000]   -17.3091 [2.000]   -17.3074 [2.000]   -17.3045 [2.000]
[kpt   0   0   3]   -17.3022 [2.000]    -9.5343 [2.000]    -7.3053 [2.000]    -7.3026 [2.000]    -7.3025 [2.000]
[kpt   0   0   4]    -7.2989 [2.000]    -7.2979 [2.000]    -7.2953 [2.000]    -5.7350 [2.000]    -5.7332 [2.000]
[kpt   0   0   5]    -5.7319 [2.000]    -5.0304 [2.000]    -5.0297 [2.000]    -5.0283 [2.000]    -5.0278 [2.000]
[kpt   0   0   6]    -5.0262 [2.000]    -5.0255 [2.000]    -2.8362 [2.000]    -2.8361 [2.000]    -2.8354 [2.000]
[kpt   0   0   7]    -2.8349 [2.000]    -2.8345 [2.000]    -2.8341 [2.000]    -2.6319 [2.000]    -2.6316 [2.000]
[kpt   0   0   8]    -2.5067 [2.000]    -2.5063 [2.000]    -2.5061 [2.000]    -2.5055 [2.000]    -2.5051 [2.000]
[kpt   0   0   9]    -2.4756 [2.000]    -1.8896 [2.000]    -1.8892 [2.000]    -1.8889 [2.000]    -1.4256 [2.000]
[kpt   0   0  10]    -1.4254 [2.000]    -1.4248 [2.000]    -1.4242 [2.000]    -1.4239 [2.000]    -1.4237 [2.000]
[kpt   0   0  11]    -0.6134 [2.000]    -0.6129 [2.000]    -0.6127 [2.000]    -0.6126 [2.000]    -0.6122 [2.000]
[kpt   0   0  12]    -0.6120 [2.000]    -0.0127 [2.000]    -0.0125 [2.000]    -0.0125 [2.000]     8.4075 [0.000]
[kpt   0   0  13]    10.9527 [0.000]    10.9532 [0.000]    10.9534 [0.000]    10.9535 [0.000]    10.9537 [0.000]
[kpt   0   0  14]    10.9540 [0.000]    12.1352 [0.000]    12.1353 [0.000]    12.1355 [0.000]    13.9322 [0.000]
[kpt   0   0  15]    13.9322 [0.000]    13.9324 [0.000]    13.9325 [0.000]    13.9326 [0.000]



Total charge in supercell =     128.00000000
 quench: [md:   0/100  scf:   0/30  step time:   0.49  scf time:     0.65 secs  RMS[dV]: 5.25e-02 ]


average potential <V> = 1.84e-15

Diagonalization using scalapack for step=1  count=2


FERMI ENERGY =      1.45549114 eV
@@ EIGENVALUE SUM     =      -54.652182 Ry
@@ ION_ION            =     -272.916107 Ry
@@ ELECTROSTATIC      =     -296.786900 Ry
@@ VXC                =     -182.199519 Ry
@@ EXC                =     -140.265748 Ry
@@ TOTAL ENERGY       =     -582.421418 Ry
@@ estimated error    =        6.13e-01 Ry
Charge normalization constant -1.0: -4.440892e-16
Charge density mixing: Linear with a constant of 0.50 


KOHN SHAM EIGENVALUES [eV] AT K-POINT [  0]:       0.000000      0.000000      0.000000

[kpt   0   1   0]   -18.4663 [2.000]   -17.4318 [2.000]   -17.4289 [2.000]   -17.4264 [2.000]   -17.4249 [2.000]
[kpt   0   1   1]   -17.4237 [2.000]   -17.4220 [2.000]   -15.9624 [2.000]   -15.9598 [2.000]   -15.9528 [2.000]
[kpt   0   1   2]   -15.9514 [2.000]   -15.9480 [2.000]   -15.9456 [2.000]   -15.9304 [2.000]   -15.9224 [2.000]
[kpt   0   1   3]   -15.9204 [2.000]    -9.2548 [2.000]    -6.7270 [2.000]    -6.7258 [2.000]    -6.7251 [2.000]
[kpt   0   1   4]    -6.7239 [2.000]    -6.7221 [2.000]    -6.7199 [2.000]    -4.9264 [2.000]    -4.9258 [2.000]
[kpt   0   1   5]    -4.9229 [2.000]    -4.2504 [2.000]    -4.2493 [2.000]    -4.2455 [2.000]    -4.2439 [2.000]
[kpt   0   1   6]    -4.2420 [2.000]    -4.2376 [2.000]    -1.6985 [2.000]    -1.6956 [2.000]    -1.6912 [2.000]
[kpt   0   1   7]    -1.6888 [2.000]    -1.6817 [2.000]    -1.6798 [2.000]    -1.4222 [2.000]    -1.4221 [2.000]
[kpt   0   1   8]    -1.3443 [2.000]    -1.3385 [2.000]    -1.3360 [2.000]    -1.3323 [2.000]    -1.3269 [2.000]
[kpt   0   1   9]    -1.3161 [2.000]    -0.7689 [2.000]    -0.7621 [2.000]    -0.7618 [2.000]    -0.1630 [2.000]
[kpt   0   1  10]    -0.1560 [2.000]    -0.1516 [2.000]    -0.1462 [2.000]    -0.1432 [2.000]    -0.1344 [2.000]
[kpt   0   1  11]     0.7187 [2.000]     0.7250 [2.000]     0.7253 [2.000]     0.7315 [2.000]     0.7325 [2.000]
[kpt   0   1  12]     0.7413 [2.000]     1.4499 [2.000]     1.4506 [2.000]     1.4555 [2.000]     8.7962 [0.000]
[kpt   0   1  13]    11.3178 [0.000]    11.3187 [0.000]    11.3193 [0.000]    11.3199 [0.000]    11.3204 [0.000]
[kpt   0   1  14]    11.3211 [0.000]    11.7799 [0.000]    11.7805 [0.000]    11.7828 [0.000]    14.1500 [0.000]
[kpt   0   1  15]    14.1505 [0.000]    14.1515 [0.000]    14.1527 [0.000]    46.9615 [0.000]



Total charge in supercell =     128.00000000
 quench: [md:   0/100  scf:   1/30  step time:   0.43  scf time:     1.08 secs  RMS[dV]: 2.97e-02 ]


average potential <V> = 1.10e-15

Diagonalization using scalapack for step=2  count=3


FERMI ENERGY =      1.78255378 eV
@@ EIGENVALUE SUM     =      -53.134543 Ry
@@ ION_ION            =     -272.916107 Ry
@@ ELECTROSTATIC      =     -295.835642 Ry
@@ VXC                =     -181.658131 Ry
@@ EXC                =     -139.841941 Ry
@@ TOTAL ENERGY       =     -580.070101 Ry
@@ estimated error    =        1.99e-01 Ry
Charge normalization constant -1.0: 1.110223e-15
Charge density mixing: Linear with a constant of 0.50 


KOHN SHAM EIGENVALUES [eV] AT K-POINT [  0]:       0.000000      0.000000      0.000000

[kpt   0   2   0]   -18.3478 [2.000]   -17.3141 [2.000]   -17.3091 [2.000]   -17.3079 [2.000]   -17.3016 [2.000]
[kpt   0   2   1]   -17.3001 [2.000]   -17.2889 [2.000]   -15.8319 [2.000]   -15.8283 [2.000]   -15.8250 [2.000]
[kpt   0   2   2]   -15.8214 [2.000]   -15.8147 [2.000]   -15.8109 [2.000]   -15.7855 [2.000]   -15.7750 [2.000]
[kpt   0   2   3]   -15.7705 [2.000]    -9.1830 [2.000]    -6.6335 [2.000]    -6.6332 [2.000]    -6.6321 [2.000]
[kpt   0   2   4]    -6.6308 [2.000]    -6.6293 [2.000]    -6.6216 [2.000]    -4.8134 [2.000]    -4.8098 [2.000]
[kpt   0   2   5]    -4.8079 [2.000]    -4.1528 [2.000]    -4.1506 [2.000]    -4.1501 [2.000]    -4.1488 [2.000]
[kpt   0   2   6]    -4.1441 [2.000]    -4.1434 [2.000]    -1.5463 [2.000]    -1.5430 [2.000]    -1.5416 [2.000]
[kpt   0   2   7]    -1.5404 [2.000]    -1.5372 [2.000]    -1.5315 [2.000]    -1.2653 [2.000]    -1.2651 [2.000]
[kpt   0   2   8]    -1.1512 [2.000]    -1.1398 [2.000]    -1.1375 [2.000]    -1.1356 [2.000]    -1.1332 [2.000]
[kpt   0   2   9]    -1.1328 [2.000]    -0.6191 [2.000]    -0.6130 [2.000]    -0.6126 [2.000]     0.0570 [2.000]
[kpt   0   2  10]     0.0622 [2.000]     0.0651 [2.000]     0.0724 [2.000]     0.0752 [2.000]     0.0813 [2.000]
[kpt   0   2  11]     0.9845 [2.000]     0.9869 [2.000]     0.9896 [2.000]     0.9932 [2.000]     0.9935 [2.000]
[kpt   0   2  12]     0.9960 [2.000]     1.7776 [2.000]     1.7792 [2.000]     1.7826 [2.000]     8.5315 [0.000]
[kpt   0   2  13]    11.1813 [0.000]    11.1840 [0.000]    11.1850 [0.000]    11.1860 [0.000]    11.1863 [0.000]
[kpt   0   2  14]    11.1867 [0.000]    11.4142 [0.000]    11.4163 [0.000]    11.4194 [0.000]    14.0193 [0.000]
[kpt   0   2  15]    14.0202 [0.000]    14.0208 [0.000]    14.0217 [0.000]    46.1892 [0.000]



Total charge in supercell =     128.00000000
 quench: [md:   0/100  scf:   2/30  step time:   0.44  scf time:     1.52 secs  RMS[dV]: 1.47e-02 ]


average potential <V> = -5.55e-17

Diagonalization using scalapack for step=3  count=4


FERMI ENERGY =      1.61316863 eV
@@ EIGENVALUE SUM     =      -54.845394 Ry
@@ ION_ION            =     -272.916107 Ry
@@ ELECTROSTATIC      =     -291.719152 Ry
@@ VXC                =     -180.287506 Ry
@@ EXC                =     -138.773764 Ry
@@ TOTAL ENERGY       =     -577.966911 Ry
@@ estimated error    =        3.00e-01 Ry
Charge normalization constant -1.0: -6.661338e-16
Charge density mixing: Linear with a constant of 0.50 


KOHN SHAM EIGENVALUES [eV] AT K-POINT [  0]:       0.000000      0.000000      0.000000

[kpt   0   3   0]   -18.5427 [2.000]   -17.5273 [2.000]   -17.5251 [2.000]   -17.5222 [2.000]   -17.5145 [2.000]
[kpt   0   3   1]   -17.5135 [2.000]   -17.4985 [2.000]   -16.0864 [2.000]   -16.0828 [2.000]   -16.0792 [2.000]
[kpt   0   3   2]   -16.0745 [2.000]   -16.0655 [2.000]   -16.0576 [2.000]   -16.0425 [2.000]   -16.0266 [2.000]
[kpt   0   3   3]   -16.0219 [2.000]    -9.2603 [2.000]    -6.7546 [2.000]    -6.7540 [2.000]    -6.7531 [2.000]
[kpt   0   3   4]    -6.7494 [2.000]    -6.7479 [2.000]    -6.7390 [2.000]    -4.9415 [2.000]    -4.9351 [2.000]
[kpt   0   3   5]    -4.9328 [2.000]    -4.2967 [2.000]    -4.2952 [2.000]    -4.2946 [2.000]    -4.2920 [2.000]
[kpt   0   3   6]    -4.2863 [2.000]    -4.2820 [2.000]    -1.7336 [2.000]    -1.7311 [2.000]    -1.7288 [2.000]
[kpt   0   3   7]    -1.7257 [2.000]    -1.7220 [2.000]    -1.7193 [2.000]    -1.4639 [2.000]    -1.4636 [2.000]
[kpt   0   3   8]    -1.3109 [2.000]    -1.3071 [2.000]    -1.2981 [2.000]    -1.2958 [2.000]    -1.2937 [2.000]
[kpt   0   3   9]    -1.2923 [2.000]    -0.8180 [2.000]    -0.8151 [2.000]    -0.8148 [2.000]    -0.1294 [2.000]
[kpt   0   3  10]    -0.1281 [2.000]    -0.1264 [2.000]    -0.1194 [2.000]    -0.1172 [2.000]    -0.1142 [2.000]
[kpt   0   3  11]     0.7983 [2.000]     0.8011 [2.000]     0.8046 [2.000]     0.8057 [2.000]     0.8085 [2.000]
[kpt   0   3  12]     0.8156 [2.000]     1.6052 [2.000]     1.6070 [2.000]     1.6132 [2.000]     8.1888 [0.000]
[kpt   0   3  13]    10.9409 [0.000]    10.9441 [0.000]    10.9452 [0.000]    10.9458 [0.000]    10.9465 [0.000]
[kpt   0   3  14]    10.9475 [0.000]    11.1798 [0.000]    11.1815 [0.000]    11.1849 [0.000]    13.7867 [0.000]
[kpt   0   3  15]    13.7883 [0.000]    13.7886 [0.000]    13.7893 [0.000]    45.3473 [0.000]



Total charge in supercell =     128.00000000
 quench: [md:   0/100  scf:   3/30  step time:   0.44  scf time:     1.95 secs  RMS[dV]: 1.43e-02 ]


average potential <V> = 6.45e-16
Davidson converged in 3 steps

FERMI ENERGY =      1.46593641 eV
@@ EIGENVALUE SUM     =      -56.508163 Ry
@@ ION_ION            =     -272.916107 Ry
@@ ELECTROSTATIC      =     -288.365025 Ry
@@ VXC                =     -179.201628 Ry
@@ EXC                =     -137.927561 Ry
@@ TOTAL ENERGY       =     -576.515227 Ry
@@ estimated error    =        1.74e-01 Ry
Charge normalization constant -1.0: 1.554312e-15
Charge density mixing: Broyden


KOHN SHAM EIGENVALUES [eV] AT K-POINT [  0]:       0.000000      0.000000      0.000000

[kpt   0   4   0]   -18.7270 [2.000]   -17.7337 [2.000]   -17.7284 [2.000]   -17.7266 [2.000]   -17.7163 [2.000]
[kpt   0   4   1]   -17.7149 [2.000]   -17.6909 [2.000]   -16.3327 [2.000]   -16.3253 [2.000]   -16.3186 [2.000]
[kpt   0   4   2]   -16.3144 [2.000]   -16.2977 [2.000]   -16.2941 [2.000]   -16.2837 [2.000]   -16.2655 [2.000]
[kpt   0   4   3]   -16.2554 [2.000]    -9.3786 [2.000]    -6.9103 [2.000]    -6.9068 [2.000]    -6.9061 [2.000]
[kpt   0   4   4]    -6.8979 [2.000]    -6.8964 [2.000]    -6.8782 [2.000]    -5.0897 [2.000]    -5.0768 [2.000]
[kpt   0   4   5]    -5.0719 [2.000]    -4.4632 [2.000]    -4.4576 [2.000]    -4.4523 [2.000]    -4.4499 [2.000]
[kpt   0   4   6]    -4.4357 [2.000]    -4.4263 [2.000]    -1.9171 [2.000]    -1.9139 [2.000]    -1.9102 [2.000]
[kpt   0   4   7]    -1.9053 [2.000]    -1.8976 [2.000]    -1.8918 [2.000]    -1.6401 [2.000]    -1.6378 [2.000]
[kpt   0   4   8]    -1.4767 [2.000]    -1.4713 [2.000]    -1.4700 [2.000]    -1.4623 [2.000]    -1.4597 [2.000]
[kpt   0   4   9]    -1.4462 [2.000]    -0.9964 [2.000]    -0.9955 [2.000]    -0.9946 [2.000]    -0.3033 [2.000]
[kpt   0   4  10]    -0.2966 [2.000]    -0.2949 [2.000]    -0.2900 [2.000]    -0.2780 [2.000]    -0.2689 [2.000]
[kpt   0   4  11]     0.6287 [2.000]     0.6331 [2.000]     0.6375 [2.000]     0.6471 [2.000]     0.6498 [2.000]
[kpt   0   4  12]     0.6616 [2.000]     1.4480 [2.000]     1.4531 [2.000]     1.4659 [2.000]     7.1869 [0.000]
[kpt   0   4  13]    10.0071 [0.000]    10.0106 [0.000]    10.0123 [0.000]    10.0142 [0.000]    10.0160 [0.000]
[kpt   0   4  14]    10.0189 [0.000]    10.4985 [0.000]    10.4990 [0.000]    10.5007 [0.000]    13.2435 [0.000]
[kpt   0   4  15]    13.2463 [0.000]    13.2485 [0.000]    13.2505 [0.000]    13.2537 [0.000]



Total charge in supercell =     128.00000000
 quench: [md:   0/100  scf:   4/30  step time:   0.54  scf time:     2.50 secs  RMS[dV]: 1.05e-02 ]


average potential <V> = 9.99e-16
Davidson converged in 2 steps

FERMI ENERGY =      0.93682273 eV
@@ EIGENVALUE SUM     =      -59.976406 Ry
@@ ION_ION            =     -272.916107 Ry
@@ ELECTROSTATIC      =     -284.581307 Ry
@@ VXC                =     -178.031002 Ry
@@ EXC                =     -137.015741 Ry
@@ TOTAL ENERGY       =     -576.458559 Ry
@@ estimated error    =        1.73e-01 Ry
Charge normalization constant -1.0: -1.332268e-15
Charge density mixing: Broyden


KOHN SHAM EIGENVALUES [eV] AT K-POINT [  0]:       0.000000      0.000000      0.000000

[kpt   0   5   0]   -19.0664 [2.000]   -18.1004 [2.000]   -18.0882 [2.000]   -18.0872 [2.000]   -18.0830 [2.000]
[kpt   0   5   1]   -18.0813 [2.000]   -18.0787 [2.000]   -16.7539 [2.000]   -16.7484 [2.000]   -16.7417 [2.000]
[kpt   0   5   2]   -16.7392 [2.000]   -16.7366 [2.000]   -16.7321 [2.000]   -16.7130 [2.000]   -16.7102 [2.000]
[kpt   0   5   3]   -16.6998 [2.000]    -9.5173 [2.000]    -7.1283 [2.000]    -7.1184 [2.000]    -7.1176 [2.000]
[kpt   0   5   4]    -7.1142 [2.000]    -7.1129 [2.000]    -7.1110 [2.000]    -5.3403 [2.000]    -5.3379 [2.000]
[kpt   0   5   5]    -5.3313 [2.000]    -4.7355 [2.000]    -4.7307 [2.000]    -4.7233 [2.000]    -4.7224 [2.000]
[kpt   0   5   6]    -4.7195 [2.000]    -4.7165 [2.000]    -2.2689 [2.000]    -2.2652 [2.000]    -2.2605 [2.000]
[kpt   0   5   7]    -2.2589 [2.000]    -2.2577 [2.000]    -2.2548 [2.000]    -2.0232 [2.000]    -2.0223 [2.000]
[kpt   0   5   8]    -1.8371 [2.000]    -1.8319 [2.000]    -1.8308 [2.000]    -1.8278 [2.000]    -1.8263 [2.000]
[kpt   0   5   9]    -1.8245 [2.000]    -1.3944 [2.000]    -1.3940 [2.000]    -1.3938 [2.000]    -0.7299 [2.000]
[kpt   0   5  10]    -0.7264 [2.000]    -0.7221 [2.000]    -0.7198 [2.000]    -0.7178 [2.000]    -0.7154 [2.000]
[kpt   0   5  11]     0.1618 [2.000]     0.1691 [2.000]     0.1703 [2.000]     0.1749 [2.000]     0.1760 [2.000]
[kpt   0   5  12]     0.1792 [2.000]     0.9278 [2.000]     0.9344 [2.000]     0.9368 [2.000]     6.8462 [0.000]
[kpt   0   5  13]     9.7632 [0.000]     9.7642 [0.000]     9.7643 [0.000]     9.7651 [0.000]     9.7660 [0.000]
[kpt   0   5  14]     9.7673 [0.000]    10.5110 [0.000]    10.5113 [0.000]    10.5113 [0.000]    13.0155 [0.000]
[kpt   0   5  15]    13.0159 [0.000]    13.0168 [0.000]    13.0178 [0.000]    13.0197 [0.000]



Total charge in supercell =     128.00000000
 quench: [md:   0/100  scf:   5/30  step time:   0.49  scf time:     2.99 secs  RMS[dV]: 9.91e-03 ]


average potential <V> = -5.62e-16
Davidson converged in 3 steps

FERMI ENERGY =      1.07751905 eV
@@ EIGENVALUE SUM     =      -58.675885 Ry
@@ ION_ION            =     -272.916107 Ry
@@ ELECTROSTATIC      =     -285.957763 Ry
@@ VXC                =     -178.379843 Ry
@@ EXC                =     -137.286473 Ry
@@ TOTAL ENERGY       =     -576.456384 Ry
@@ estimated error    =        1.09e-02 Ry
Charge normalization constant -1.0: -1.332268e-15
Charge density mixing: Broyden


KOHN SHAM EIGENVALUES [eV] AT K-POINT [  0]:       0.000000      0.000000      0.000000

[kpt   0   6   0]   -18.9266 [2.000]   -17.9438 [2.000]   -17.9433 [2.000]   -17.9429 [2.000]   -17.9422 [2.000]
[kpt   0   6   1]   -17.9420 [2.000]   -17.9396 [2.000]   -16.5912 [2.000]   -16.5905 [2.000]   -16.5897 [2.000]
[kpt   0   6   2]   -16.5896 [2.000]   -16.5879 [2.000]   -16.5868 [2.000]   -16.5593 [2.000]   -16.5569 [2.000]
[kpt   0   6   3]   -16.5560 [2.000]    -9.3814 [2.000]    -6.9724 [2.000]    -6.9720 [2.000]    -6.9717 [2.000]
[kpt   0   6   4]    -6.9712 [2.000]    -6.9711 [2.000]    -6.9693 [2.000]    -5.1962 [2.000]    -5.1950 [2.000]
[kpt   0   6   5]    -5.1946 [2.000]    -4.5703 [2.000]    -4.5696 [2.000]    -4.5691 [2.000]    -4.5689 [2.000]
[kpt   0   6   6]    -4.5676 [2.000]    -4.5667 [2.000]    -2.1459 [2.000]    -2.1457 [2.000]    -2.1452 [2.000]
[kpt   0   6   7]    -2.1448 [2.000]    -2.1442 [2.000]    -2.1438 [2.000]    -1.9024 [2.000]    -1.9020 [2.000]
[kpt   0   6   8]    -1.7123 [2.000]    -1.7117 [2.000]    -1.7116 [2.000]    -1.7109 [2.000]    -1.7107 [2.000]
[kpt   0   6   9]    -1.7090 [2.000]    -1.2556 [2.000]    -1.2554 [2.000]    -1.2553 [2.000]    -0.5944 [2.000]
[kpt   0   6  10]    -0.5937 [2.000]    -0.5935 [2.000]    -0.5932 [2.000]    -0.5919 [2.000]    -0.5909 [2.000]
[kpt   0   6  11]     0.3097 [2.000]     0.3102 [2.000]     0.3107 [2.000]     0.3114 [2.000]     0.3117 [2.000]
[kpt   0   6  12]     0.3125 [2.000]     1.0760 [2.000]     1.0764 [2.000]     1.0775 [2.000]     6.8122 [0.000]
[kpt   0   6  13]     9.7676 [0.000]     9.7682 [0.000]     9.7685 [0.000]     9.7687 [0.000]     9.7688 [0.000]
[kpt   0   6  14]     9.7691 [0.000]    10.5654 [0.000]    10.5656 [0.000]    10.5658 [0.000]    13.0544 [0.000]
[kpt   0   6  15]    13.0546 [0.000]    13.0549 [0.000]    13.0551 [0.000]    13.0564 [0.000]



Total charge in supercell =     128.00000000
 quench: [md:   0/100  scf:   6/30  step time:   0.52  scf time:     3.52 secs  RMS[dV]: 4.32e-03 ]


average potential <V> = -1.45e-15
Davidson converged in 3 steps

FERMI ENERGY =      1.09745918 eV
@@ EIGENVALUE SUM     =      -58.419028 Ry
@@ ION_ION            =     -272.916107 Ry
@@ ELECTROSTATIC      =     -286.228597 Ry
@@ VXC                =     -178.440717 Ry
@@ EXC                =     -137.333325 Ry
@@ TOTAL ENERGY       =     -576.456340 Ry
@@ estimated error    =        5.78e-04 Ry
Charge normalization constant -1.0: 6.661338e-16
Charge density mixing: Broyden


KOHN SHAM EIGENVALUES [eV] AT K-POINT [  0]:       0.000000      0.000000      0.000000

[kpt   0   7   0]   -18.8971 [2.000]   -17.9131 [2.000]   -17.9130 [2.000]   -17.9130 [2.000]   -17.9128 [2.000]
[kpt   0   7   1]   -17.9127 [2.000]   -17.9127 [2.000]   -16.5609 [2.000]   -16.5609 [2.000]   -16.5608 [2.000]
[kpt   0   7   2]   -16.5606 [2.000]   -16.5605 [2.000]   -16.5605 [2.000]   -16.5291 [2.000]   -16.5290 [2.000]
[kpt   0   7   3]   -16.5286 [2.000]    -9.3422 [2.000]    -6.9335 [2.000]    -6.9333 [2.000]    -6.9333 [2.000]
[kpt   0   7   4]    -6.9332 [2.000]    -6.9332 [2.000]    -6.9331 [2.000]    -5.1612 [2.000]    -5.1611 [2.000]
[kpt   0   7   5]    -5.1609 [2.000]    -4.5310 [2.000]    -4.5309 [2.000]    -4.5308 [2.000]    -4.5307 [2.000]
[kpt   0   7   6]    -4.5306 [2.000]    -4.5306 [2.000]    -2.1246 [2.000]    -2.1245 [2.000]    -2.1244 [2.000]
[kpt   0   7   7]    -2.1242 [2.000]    -2.1242 [2.000]    -2.1241 [2.000]    -1.8817 [2.000]    -1.8817 [2.000]
[kpt   0   7   8]    -1.6901 [2.000]    -1.6901 [2.000]    -1.6900 [2.000]    -1.6898 [2.000]    -1.6898 [2.000]
[kpt   0   7   9]    -1.6897 [2.000]    -1.2296 [2.000]    -1.2296 [2.000]    -1.2296 [2.000]    -0.5725 [2.000]
[kpt   0   7  10]    -0.5724 [2.000]    -0.5724 [2.000]    -0.5722 [2.000]    -0.5721 [2.000]    -0.5720 [2.000]
[kpt   0   7  11]     0.3328 [2.000]     0.3329 [2.000]     0.3330 [2.000]     0.3332 [2.000]     0.3333 [2.000]
[kpt   0   7  12]     0.3333 [2.000]     1.0971 [2.000]     1.0974 [2.000]     1.0975 [2.000]     6.7885 [0.000]
[kpt   0   7  13]     9.7621 [0.000]     9.7622 [0.000]     9.7623 [0.000]     9.7623 [0.000]     9.7624 [0.000]
[kpt   0   7  14]     9.7626 [0.000]    10.5889 [0.000]    10.5889 [0.000]    10.5895 [0.000]    13.0549 [0.000]
[kpt   0   7  15]    13.0565 [0.000]    13.0567 [0.000]    13.0567 [0.000]    13.0572 [0.000]



Total charge in supercell =     128.00000000
 quench: [md:   0/100  scf:   7/30  step time:   0.52  scf time:     4.04 secs  RMS[dV]: 9.53e-04 ]


average potential <V> = 2.50e-16
Davidson converged in 3 steps

FERMI ENERGY =      1.10374732 eV
@@ EIGENVALUE SUM     =      -58.355050 Ry
@@ ION_ION            =     -272.916107 Ry
@@ ELECTROSTATIC      =     -286.296867 Ry
@@ VXC                =     -178.459608 Ry
@@ EXC                =     -137.347940 Ry
@@ TOTAL ENERGY       =     -576.456355 Ry
@@ estimated error    =        3.55e-05 Ry
Charge normalization constant -1.0: -1.554312e-15
Charge density mixing: Broyden


KOHN SHAM EIGENVALUES [eV] AT K-POINT [  0]:       0.000000      0.000000      0.000000

[kpt   0   8   0]   -18.8899 [2.000]   -17.9061 [2.000]   -17.9060 [2.000]   -17.9058 [2.000]   -17.9055 [2.000]
[kpt   0   8   1]   -17.9054 [2.000]   -17.9054 [2.000]   -16.5540 [2.000]   -16.5539 [2.000]   -16.5538 [2.000]
[kpt   0   8   2]   -16.5534 [2.000]   -16.5533 [2.000]   -16.5532 [2.000]   -16.5224 [2.000]   -16.5216 [2.000]
[kpt   0   8   3]   -16.5214 [2.000]    -9.3340 [2.000]    -6.9256 [2.000]    -6.9255 [2.000]    -6.9254 [2.000]
[kpt   0   8   4]    -6.9251 [2.000]    -6.9250 [2.000]    -6.9250 [2.000]    -5.1539 [2.000]    -5.1535 [2.000]
[kpt   0   8   5]    -5.1534 [2.000]    -4.5232 [2.000]    -4.5231 [2.000]    -4.5230 [2.000]    -4.5227 [2.000]
[kpt   0   8   6]    -4.5226 [2.000]    -4.5225 [2.000]    -2.1188 [2.000]    -2.1187 [2.000]    -2.1186 [2.000]
[kpt   0   8   7]    -2.1183 [2.000]    -2.1182 [2.000]    -2.1182 [2.000]    -1.8758 [2.000]    -1.8758 [2.000]
[kpt   0   8   8]    -1.6841 [2.000]    -1.6841 [2.000]    -1.6840 [2.000]    -1.6837 [2.000]    -1.6836 [2.000]
[kpt   0   8   9]    -1.6836 [2.000]    -1.2230 [2.000]    -1.2230 [2.000]    -1.2230 [2.000]    -0.5666 [2.000]
[kpt   0   8  10]    -0.5666 [2.000]    -0.5664 [2.000]    -0.5661 [2.000]    -0.5660 [2.000]    -0.5659 [2.000]
[kpt   0   8  11]     0.3390 [2.000]     0.3390 [2.000]     0.3391 [2.000]     0.3395 [2.000]     0.3397 [2.000]
[kpt   0   8  12]     0.3397 [2.000]     1.1032 [2.000]     1.1033 [2.000]     1.1037 [2.000]     6.7883 [0.000]
[kpt   0   8  13]     9.7604 [0.000]     9.7605 [0.000]     9.7605 [0.000]     9.7606 [0.000]     9.7606 [0.000]
[kpt   0   8  14]     9.7607 [0.000]    10.5942 [0.000]    10.5942 [0.000]    10.5948 [0.000]    13.0456 [0.000]
[kpt   0   8  15]    13.0529 [0.000]    13.0537 [0.000]    13.0539 [0.000]    13.0541 [0.000]



Total charge in supercell =     128.00000000
 quench: [md:   0/100  scf:   8/30  step time:   0.52  scf time:     4.56 secs  RMS[dV]: 3.37e-04 ]


average potential <V> = 1.73e-17
Davidson converged in 4 steps

FERMI ENERGY =      1.10247546 eV
@@ EIGENVALUE SUM     =      -58.365571 Ry
@@ ION_ION            =     -272.916107 Ry
@@ ELECTROSTATIC      =     -286.285861 Ry
@@ VXC                =     -178.457537 Ry
@@ EXC                =     -137.346354 Ry
@@ TOTAL ENERGY       =     -576.456356 Ry
@@ estimated error    =        1.64e-06 Ry
Charge normalization constant -1.0: 2.220446e-16
Charge density mixing: Broyden


KOHN SHAM EIGENVALUES [eV] AT K-POINT [  0]:       0.000000      0.000000      0.000000

[kpt   0   9   0]   -18.8911 [2.000]   -17.9070 [2.000]   -17.9070 [2.000]   -17.9070 [2.000]   -17.9068 [2.000]
[kpt   0   9   1]   -17.9068 [2.000]   -17.9067 [2.000]   -16.5550 [2.000]   -16.5550 [2.000]   -16.5550 [2.000]
[kpt   0   9   2]   -16.5548 [2.000]   -16.5547 [2.000]   -16.5547 [2.000]   -16.5232 [2.000]   -16.5231 [2.000]
[kpt   0   9   3]   -16.5228 [2.000]    -9.3352 [2.000]    -6.9268 [2.000]    -6.9268 [2.000]    -6.9267 [2.000]
[kpt   0   9   4]    -6.9266 [2.000]    -6.9266 [2.000]    -6.9265 [2.000]    -5.1550 [2.000]    -5.1549 [2.000]
[kpt   0   9   5]    -5.1548 [2.000]    -4.5246 [2.000]    -4.5245 [2.000]    -4.5245 [2.000]    -4.5243 [2.000]
[kpt   0   9   6]    -4.5243 [2.000]    -4.5242 [2.000]    -2.1194 [2.000]    -2.1194 [2.000]    -2.1193 [2.000]
[kpt   0   9   7]    -2.1192 [2.000]    -2.1191 [2.000]    -2.1191 [2.000]    -1.8767 [2.000]    -1.8766 [2.000]
[kpt   0   9   8]    -1.6847 [2.000]    -1.6847 [2.000]    -1.6847 [2.000]    -1.6846 [2.000]    -1.6845 [2.000]
[kpt   0   9   9]    -1.6845 [2.000]    -1.2241 [2.000]    -1.2241 [2.000]    -1.2241 [2.000]    -0.5673 [2.000]
[kpt   0   9  10]    -0.5673 [2.000]    -0.5673 [2.000]    -0.5671 [2.000]    -0.5671 [2.000]    -0.5670 [2.000]
[kpt   0   9  11]     0.3381 [2.000]     0.3382 [2.000]     0.3382 [2.000]     0.3384 [2.000]     0.3384 [2.000]
[kpt   0   9  12]     0.3385 [2.000]     1.1022 [2.000]     1.1024 [2.000]     1.1025 [2.000]     6.7884 [0.000]
[kpt   0   9  13]     9.7586 [0.000]     9.7588 [0.000]     9.7589 [0.000]     9.7591 [0.000]     9.7592 [0.000]
[kpt   0   9  14]     9.7593 [0.000]    10.5934 [0.000]    10.5935 [0.000]    10.5936 [0.000]    13.0445 [0.000]
[kpt   0   9  15]    13.0525 [0.000]    13.0529 [0.000]    13.0530 [0.000]    13.0531 [0.000]



Total charge in supercell =     128.00000000
 quench: [md:   0/100  scf:   9/30  step time:   0.64  scf time:     5.20 secs  RMS[dV]: 6.22e-05 ]


average potential <V> = 9.44e-16
Davidson converged in 2 steps

FERMI ENERGY =      1.10271222 eV
@@ EIGENVALUE SUM     =      -58.364577 Ry
@@ ION_ION            =     -272.916107 Ry
@@ ELECTROSTATIC      =     -286.286990 Ry
@@ VXC                =     -178.458206 Ry
@@ EXC                =     -137.346888 Ry
@@ TOTAL ENERGY       =     -576.456356 Ry
@@ estimated error    =        3.15e-07 Ry
Charge normalization constant -1.0: 8.881784e-16
Charge density mixing: Broyden


KOHN SHAM EIGENVALUES [eV] AT K-POINT [  0]:       0.000000      0.000000      0.000000

[kpt   0  10   0]   -18.8910 [2.000]   -17.9068 [2.000]   -17.9068 [2.000]   -17.9068 [2.000]   -17.9068 [2.000]
[kpt   0  10   1]   -17.9068 [2.000]   -17.9068 [2.000]   -16.5548 [2.000]   -16.5548 [2.000]   -16.5547 [2.000]
[kpt   0  10   2]   -16.5547 [2.000]   -16.5547 [2.000]   -16.5547 [2.000]   -16.5230 [2.000]   -16.5229 [2.000]
[kpt   0  10   3]   -16.5229 [2.000]    -9.3354 [2.000]    -6.9268 [2.000]    -6.9268 [2.000]    -6.9268 [2.000]
[kpt   0  10   4]    -6.9268 [2.000]    -6.9268 [2.000]    -6.9268 [2.000]    -5.1550 [2.000]    -5.1550 [2.000]
[kpt   0  10   5]    -5.1550 [2.000]    -4.5245 [2.000]    -4.5245 [2.000]    -4.5245 [2.000]    -4.5245 [2.000]
[kpt   0  10   6]    -4.5245 [2.000]    -4.5245 [2.000]    -2.1191 [2.000]    -2.1191 [2.000]    -2.1191 [2.000]
[kpt   0  10   7]    -2.1190 [2.000]    -2.1190 [2.000]    -2.1190 [2.000]    -1.8765 [2.000]    -1.8764 [2.000]
[kpt   0  10   8]    -1.6844 [2.000]    -1.6844 [2.000]    -1.6844 [2.000]    -1.6844 [2.000]    -1.6844 [2.000]
[kpt   0  10   9]    -1.6844 [2.000]    -1.2240 [2.000]    -1.2240 [2.000]    -1.2240 [2.000]    -0.5670 [2.000]
[kpt   0  10  10]    -0.5670 [2.000]    -0.5670 [2.000]    -0.5669 [2.000]    -0.5669 [2.000]    -0.5669 [2.000]
[kpt   0  10  11]     0.3385 [2.000]     0.3385 [2.000]     0.3385 [2.000]     0.3386 [2.000]     0.3386 [2.000]
[kpt   0  10  12]     0.3386 [2.000]     1.1027 [2.000]     1.1027 [2.000]     1.1027 [2.000]     6.7885 [0.000]
[kpt   0  10  13]     9.7578 [0.000]     9.7580 [0.000]     9.7581 [0.000]     9.7581 [0.000]     9.7582 [0.000]
[kpt   0  10  14]     9.7583 [0.000]    10.5929 [0.000]    10.5929 [0.000]    10.5930 [0.000]    13.0431 [0.000]
[kpt   0  10  15]    13.0526 [0.000]    13.0529 [0.000]    13.0530 [0.000]    13.0530 [0.000]



Total charge in supercell =     128.00000000
 quench: [md:   0/100  scf:  10/30  step time:   0.47  scf time:     5.67 secs  RMS[dV]: 2.18e-05 ]


average potential <V> = -2.32e-15
Davidson converged in 3 steps

FERMI ENERGY =      1.10293252 eV
@@ EIGENVALUE SUM     =      -58.362973 Ry
@@ ION_ION            =     -272.916107 Ry
@@ ELECTROSTATIC      =     -286.288723 Ry
@@ VXC                =     -178.458822 Ry
@@ EXC                =     -137.347376 Ry
@@ TOTAL ENERGY       =     -576.456356 Ry
@@ estimated error    =        2.25e-08 Ry
Charge normalization constant -1.0: 4.440892e-16
Charge density mixing: Broyden


KOHN SHAM EIGENVALUES [eV] AT K-POINT [  0]:       0.000000      0.000000      0.000000

[kpt   0  11   0]   -18.8908 [2.000]   -17.9066 [2.000]   -17.9066 [2.000]   -17.9066 [2.000]   -17.9066 [2.000]
[kpt   0  11   1]   -17.9066 [2.000]   -17.9066 [2.000]   -16.5546 [2.000]   -16.5546 [2.000]   -16.5546 [2.000]
[kpt   0  11   2]   -16.5545 [2.000]   -16.5545 [2.000]   -16.5545 [2.000]   -16.5227 [2.000]   -16.5227 [2.000]
[kpt   0  11   3]   -16.5227 [2.000]    -9.3353 [2.000]    -6.9267 [2.000]    -6.9267 [2.000]    -6.9267 [2.000]
[kpt   0  11   4]    -6.9267 [2.000]    -6.9267 [2.000]    -6.9267 [2.000]    -5.1549 [2.000]    -5.1549 [2.000]
[kpt   0  11   5]    -5.1548 [2.000]    -4.5244 [2.000]    -4.5244 [2.000]    -4.5244 [2.000]    -4.5244 [2.000]
[kpt   0  11   6]    -4.5244 [2.000]    -4.5244 [2.000]    -2.1189 [2.000]    -2.1189 [2.000]    -2.1189 [2.000]
[kpt   0  11   7]    -2.1189 [2.000]    -2.1189 [2.000]    -2.1189 [2.000]    -1.8763 [2.000]    -1.8763 [2.000]
[kpt   0  11   8]    -1.6842 [2.000]    -1.6842 [2.000]    -1.6842 [2.000]    -1.6842 [2.000]    -1.6842 [2.000]
[kpt   0  11   9]    -1.6842 [2.000]    -1.2238 [2.000]    -1.2238 [2.000]    -1.2238 [2.000]    -0.5668 [2.000]
[kpt   0  11  10]    -0.5668 [2.000]    -0.5668 [2.000]    -0.5667 [2.000]    -0.5667 [2.000]    -0.5667 [2.000]
[kpt   0  11  11]     0.3388 [2.000]     0.3388 [2.000]     0.3388 [2.000]     0.3388 [2.000]     0.3388 [2.000]
[kpt   0  11  12]     0.3388 [2.000]     1.1029 [2.000]     1.1029 [2.000]     1.1029 [2.000]     6.7886 [0.000]
[kpt   0  11  13]     9.7576 [0.000]     9.7576 [0.000]     9.7577 [0.000]     9.7577 [0.000]     9.7578 [0.000]
[kpt   0  11  14]     9.7579 [0.000]    10.5928 [0.000]    10.5928 [0.000]    10.5929 [0.000]    13.0415 [0.000]
[kpt   0  11  15]    13.0527 [0.000]    13.0529 [0.000]    13.0529 [0.000]    13.0530 [0.000]



Total charge in supercell =     128.00000000
 quench: [md:   0/100  scf:  11/30  step time:   0.59  scf time:     6.27 secs  RMS[dV]: 1.29e-05 ]


average potential <V> = 1.16e-15
Davidson converged in 2 steps

FERMI ENERGY =      1.10282262 eV
@@ EIGENVALUE SUM     =      -58.363625 Ry
@@ ION_ION            =     -272.916107 Ry
@@ ELECTROSTATIC      =     -286.288017 Ry
@@ VXC                =     -178.458575 Ry
@@ EXC                =     -137.347183 Ry
@@ TOTAL ENERGY       =     -576.456356 Ry
@@ estimated error    =        1.09e-08 Ry
Charge normalization constant -1.0: 2.442491e-15
Charge density mixing: Broyden


KOHN SHAM EIGENVALUES [eV] AT K-POINT [  0]:       0.000000      0.000000      0.000000

[kpt   0  12   0]   -18.8909 [2.000]   -17.9067 [2.000]   -17.9067 [2.000]   -17.9067 [2.000]   -17.9067 [2.000]
[kpt   0  12   1]   -17.9067 [2.000]   -17.9067 [2.000]   -16.5546 [2.000]   -16.5546 [2.000]   -16.5546 [2.000]
[kpt   0  12   2]   -16.5546 [2.000]   -16.5546 [2.000]   -16.5546 [2.000]   -16.5228 [2.000]   -16.5228 [2.000]
[kpt   0  12   3]   -16.5228 [2.000]    -9.3354 [2.000]    -6.9267 [2.000]    -6.9267 [2.000]    -6.9267 [2.000]
[kpt   0  12   4]    -6.9267 [2.000]    -6.9267 [2.000]    -6.9267 [2.000]    -5.1549 [2.000]    -5.1549 [2.000]
[kpt   0  12   5]    -5.1549 [2.000]    -4.5245 [2.000]    -4.5245 [2.000]    -4.5245 [2.000]    -4.5245 [2.000]
[kpt   0  12   6]    -4.5245 [2.000]    -4.5245 [2.000]    -2.1190 [2.000]    -2.1190 [2.000]    -2.1190 [2.000]
[kpt   0  12   7]    -2.1189 [2.000]    -2.1189 [2.000]    -2.1189 [2.000]    -1.8763 [2.000]    -1.8763 [2.000]
[kpt   0  12   8]    -1.6843 [2.000]    -1.6843 [2.000]    -1.6843 [2.000]    -1.6843 [2.000]    -1.6843 [2.000]
[kpt   0  12   9]    -1.6843 [2.000]    -1.2239 [2.000]    -1.2239 [2.000]    -1.2239 [2.000]    -0.5668 [2.000]
[kpt   0  12  10]    -0.5668 [2.000]    -0.5668 [2.000]    -0.5668 [2.000]    -0.5668 [2.000]    -0.5668 [2.000]
[kpt   0  12  11]     0.3387 [2.000]     0.3387 [2.000]     0.3387 [2.000]     0.3387 [2.000]     0.3387 [2.000]
[kpt   0  12  12]     0.3387 [2.000]     1.1028 [2.000]     1.1028 [2.000]     1.1028 [2.000]     6.7885 [0.000]
[kpt   0  12  13]     9.7573 [0.000]     9.7574 [0.000]     9.7574 [0.000]     9.7574 [0.000]     9.7575 [0.000]
[kpt   0  12  14]     9.7575 [0.000]    10.5926 [0.000]    10.5927 [0.000]    10.5927 [0.000]    13.0398 [0.000]
[kpt   0  12  15]    13.0527 [0.000]    13.0528 [0.000]    13.0528 [0.000]    13.0528 [0.000]



Total charge in supercell =     128.00000000
 quench: [md:   0/100  scf:  12/30  step time:   0.47  scf time:     6.74 secs  RMS[dV]: 3.81e-06 ]


average potential <V> = 3.75e-16
Davidson converged in 3 steps

FERMI ENERGY =      1.10281157 eV
@@ EIGENVALUE SUM     =      -58.363558 Ry
@@ ION_ION            =     -272.916107 Ry
@@ ELECTROSTATIC      =     -286.288083 Ry
@@ VXC                =     -178.458581 Ry
@@ EXC                =     -137.347190 Ry
@@ TOTAL ENERGY       =     -576.456356 Ry
@@ estimated error    =        7.50e-10 Ry
Charge normalization constant -1.0: 1.554312e-15
Charge density mixing: Broyden


KOHN SHAM EIGENVALUES [eV] AT K-POINT [  0]:       0.000000      0.000000      0.000000

[kpt   0  13   0]   -18.8909 [2.000]   -17.9067 [2.000]   -17.9067 [2.000]   -17.9067 [2.000]   -17.9067 [2.000]
[kpt   0  13   1]   -17.9067 [2.000]   -17.9067 [2.000]   -16.5546 [2.000]   -16.5546 [2.000]   -16.5546 [2.000]
[kpt   0  13   2]   -16.5546 [2.000]   -16.5546 [2.000]   -16.5546 [2.000]   -16.5228 [2.000]   -16.5228 [2.000]
[kpt   0  13   3]   -16.5228 [2.000]    -9.3353 [2.000]    -6.9267 [2.000]    -6.9267 [2.000]    -6.9267 [2.000]
[kpt   0  13   4]    -6.9267 [2.000]    -6.9267 [2.000]    -6.9267 [2.000]    -5.1549 [2.000]    -5.1549 [2.000]
[kpt   0  13   5]    -5.1549 [2.000]    -4.5244 [2.000]    -4.5244 [2.000]    -4.5244 [2.000]    -4.5244 [2.000]
[kpt   0  13   6]    -4.5244 [2.000]    -4.5244 [2.000]    -2.1189 [2.000]    -2.1189 [2.000]    -2.1189 [2.000]
[kpt   0  13   7]    -2.1189 [2.000]    -2.1189 [2.000]    -2.1189 [2.000]    -1.8763 [2.000]    -1.8763 [2.000]
[kpt   0  13   8]    -1.6843 [2.000]    -1.6843 [2.000]    -1.6843 [2.000]    -1.6843 [2.000]    -1.6843 [2.000]
[kpt   0  13   9]    -1.6843 [2.000]    -1.2239 [2.000]    -1.2239 [2.000]    -1.2239 [2.000]    -0.5668 [2.000]
[kpt   0  13  10]    -0.5668 [2.000]    -0.5668 [2.000]    -0.5668 [2.000]    -0.5668 [2.000]    -0.5668 [2.000]
[kpt   0  13  11]     0.3387 [2.000]     0.3387 [2.000]     0.3387 [2.000]     0.3387 [2.000]     0.3387 [2.000]
[kpt   0  13  12]     0.3387 [2.000]     1.1028 [2.000]     1.1028 [2.000]     1.1028 [2.000]     6.7885 [0.000]
[kpt   0  13  13]     9.7571 [0.000]     9.7572 [0.000]     9.7572 [0.000]     9.7572 [0.000]     9.7572 [0.000]
[kpt   0  13  14]     9.7572 [0.000]    10.5926 [0.000]    10.5926 [0.000]    10.5926 [0.000]    13.0371 [0.000]
[kpt   0  13  15]    13.0527 [0.000]    13.0527 [0.000]    13.0528 [0.000]    13.0528 [0.000]



Total charge in supercell =     128.00000000
 quench: [md:   0/100  scf:  13/30  step time:   0.61  scf time:     7.35 secs  RMS[dV]: 2.09e-06 ]


average potential <V> = -8.78e-16
Davidson converged in 8 steps

FERMI ENERGY =      1.10281977 eV
@@ EIGENVALUE SUM     =      -58.363548 Ry
@@ ION_ION            =     -272.916107 Ry
@@ ELECTROSTATIC      =     -286.288097 Ry
@@ VXC                =     -178.458598 Ry
@@ EXC                =     -137.347203 Ry
@@ TOTAL ENERGY       =     -576.456356 Ry
@@ estimated error    =        3.14e-10 Ry
Charge normalization constant -1.0: -2.220446e-16
Charge density mixing: Broyden


KOHN SHAM EIGENVALUES [eV] AT K-POINT [  0]:       0.000000      0.000000      0.000000

[kpt   0  14   0]   -18.8909 [2.000]   -17.9067 [2.000]   -17.9067 [2.000]   -17.9067 [2.000]   -17.9067 [2.000]
[kpt   0  14   1]   -17.9067 [2.000]   -17.9067 [2.000]   -16.5546 [2.000]   -16.5546 [2.000]   -16.5546 [2.000]
[kpt   0  14   2]   -16.5546 [2.000]   -16.5546 [2.000]   -16.5546 [2.000]   -16.5228 [2.000]   -16.5228 [2.000]
[kpt   0  14   3]   -16.5228 [2.000]    -9.3353 [2.000]    -6.9267 [2.000]    -6.9267 [2.000]    -6.9267 [2.000]
[kpt   0  14   4]    -6.9267 [2.000]    -6.9267 [2.000]    -6.9267 [2.000]    -5.1549 [2.000]    -5.1549 [2.000]
[kpt   0  14   5]    -5.1549 [2.000]    -4.5245 [2.000]    -4.5245 [2.000]    -4.5244 [2.000]    -4.5244 [2.000]
[kpt   0  14   6]    -4.5244 [2.000]    -4.5244 [2.000]    -2.1189 [2.000]    -2.1189 [2.000]    -2.1189 [2.000]
[kpt   0  14   7]    -2.1189 [2.000]    -2.1189 [2.000]    -2.1189 [2.000]    -1.8763 [2.000]    -1.8763 [2.000]
[kpt   0  14   8]    -1.6843 [2.000]    -1.6843 [2.000]    -1.6843 [2.000]    -1.6843 [2.000]    -1.6843 [2.000]
[kpt   0  14   9]    -1.6843 [2.000]    -1.2239 [2.000]    -1.2239 [2.000]    -1.2239 [2.000]    -0.5668 [2.000]
[kpt   0  14  10]    -0.5668 [2.000]    -0.5668 [2.000]    -0.5668 [2.000]    -0.5668 [2.000]    -0.5668 [2.000]
[kpt   0  14  11]     0.3387 [2.000]     0.3387 [2.000]     0.3387 [2.000]     0.3387 [2.000]     0.3387 [2.000]
[kpt   0  14  12]     0.3387 [2.000]     1.1028 [2.000]     1.1028 [2.000]     1.1028 [2.000]     6.7885 [0.000]
[kpt   0  14  13]     9.7571 [0.000]     9.7571 [0.000]     9.7571 [0.000]     9.7571 [0.000]     9.7571 [0.000]
[kpt   0  14  14]     9.7571 [0.000]    10.5926 [0.000]    10.5926 [0.000]    10.5926 [0.000]    12.2062 [0.000]
[kpt   0  14  15]    13.0527 [0.000]    13.0527 [0.000]    13.0527 [0.000]    13.0527 [0.000]



Total charge in supercell =     128.00000000
 quench: [md:   0/100  scf:  14/30  step time:   0.78  scf time:     8.12 secs  RMS[dV]: 4.25e-07 ]



 Convergence criterion reached: Energy variation (4.10e-12) is lower than threshold (1.00e-10)

potential convergence has been achieved. stopping ...

[   0  15   15       10 ] Quench.cpp: 
@@ TOTAL ENEGY Components 
@@ ION_ION            =     -272.916107 Ry
@@ ELECTROSTATIC      =      286.288097 Ry
@@ EXC                =     -137.347198 Ry
@@ vdw correction     =        0.000000 Ry
@@ LdaU correction    =        0.000000 Ry
@@ total              =        0.000000 Ry
final total energy from eig sum =    -576.45635598 Ry


KOHN SHAM EIGENVALUES [eV] AT K-POINT [  0]:       0.000000      0.000000      0.000000

[kpt   0  15   0]   -18.8909 [2.000]   -17.9067 [2.000]   -17.9067 [2.000]   -17.9067 [2.000]   -17.9067 [2.000]
[kpt   0  15   1]   -17.9067 [2.000]   -17.9067 [2.000]   -16.5546 [2.000]   -16.5546 [2.000]   -16.5546 [2.000]
[kpt   0  15   2]   -16.5546 [2.000]   -16.5546 [2.000]   -16.5546 [2.000]   -16.5228 [2.000]   -16.5228 [2.000]
[kpt   0  15   3]   -16.5228 [2.000]    -9.3353 [2.000]    -6.9267 [2.000]    -6.9267 [2.000]    -6.9267 [2.000]
[kpt   0  15   4]    -6.9267 [2.000]    -6.9267 [2.000]    -6.9267 [2.000]    -5.1549 [2.000]    -5.1549 [2.000]
[kpt   0  15   5]    -5.1549 [2.000]    -4.5245 [2.000]    -4.5245 [2.000]    -4.5244 [2.000]    -4.5244 [2.000]
[kpt   0  15   6]    -4.5244 [2.000]    -4.5244 [2.000]    -2.1189 [2.000]    -2.1189 [2.000]    -2.1189 [2.000]
[kpt   0  15   7]    -2.1189 [2.000]    -2.1189 [2.000]    -2.1189 [2.000]    -1.8763 [2.000]    -1.8763 [2.000]
[kpt   0  15   8]    -1.6843 [2.000]    -1.6843 [2.000]    -1.6843 [2.000]    -1.6843 [2.000]    -1.6843 [2.000]
[kpt   0  15   9]    -1.6843 [2.000]    -1.2239 [2.000]    -1.2239 [2.000]    -1.2239 [2.000]    -0.5668 [2.000]
[kpt   0  15  10]    -0.5668 [2.000]    -0.5668 [2.000]    -0.5668 [2.000]    -0.5668 [2.000]    -0.5668 [2.000]
[kpt   0  15  11]     0.3387 [2.000]     0.3387 [2.000]     0.3387 [2.000]     0.3387 [2.000]     0.3387 [2.000]
[kpt   0  15  12]     0.3387 [2.000]     1.1028 [2.000]     1.1028 [2.000]     1.1028 [2.000]     6.7885 [0.000]
[kpt   0  15  13]     9.7571 [0.000]     9.7571 [0.000]     9.7571 [0.000]     9.7571 [0.000]     9.7571 [0.000]
[kpt   0  15  14]     9.7571 [0.000]    10.5926 [0.000]    10.5926 [0.000]    10.5926 [0.000]    12.2062 [0.000]
[kpt   0  15  15]    13.0527 [0.000]    13.0527 [0.000]    13.0527 [0.000]    13.0527 [0.000]



Total charge in supercell =     128.00000000
 volume and energy per atom =        15.03933867       -326.79532396 eV

 Vdd took 0.000300 seconds
WriteRestart: Output file given as /dev/null, no restart data written ...



  IONIC POSITIONS [a0] AND FORCES [Ry/a0]
  Charge analysis using: Voronoi Deformation Density

@ION  Ion  Species       X           Y           Z       Charge       FX          FY         FZ      Movable
@ION    1    Si      0.0000000   0.0000000   0.0000000    0.441   -0.0000000  -0.0000000   0.0000000  1 1 1
@ION    2    Si      3.3637125   3.3637125   3.3637125    0.441   -0.0000000   0.0000000   0.0000000  1 1 1
@ION    3    Si     10.0911375   3.3637125  10.0911375    0.441   -0.0000000  -0.0000000   0.0000000  1 1 1
@ION    4    Si      3.3637125  10.0911375  10.0911375    0.441    0.0000000  -0.0000000  -0.0000000  1 1 1
@ION    5    Si     10.0911375  10.0911375   3.3637125    0.441   -0.0000000   0.0000000  -0.0000000  1 1 1
@ION    6    Si      0.0000000   6.7274250   6.7274250    0.441    0.0000000   0.0000000  -0.0000000  1 1 1
@ION    7    Si      6.7274250   0.0000000   6.7274250    0.441    0.0000000  -0.0000000  -0.0000000  1 1 1
@ION    8    Si      6.7274250   6.7274250   0.0000000    0.441   -0.0000000   0.0000000   0.0000000  1 1 1
@ION    9     O      1.6818563   1.6818563   1.6818563   -0.212    0.0000000  -0.0000000   0.0000000  1 1 1
@ION   10     O     11.7729938   1.6818563  11.7729938   -0.215   -0.0000000   0.0000000  -0.0000000  1 1 1
@ION   11     O      1.6818563  11.7729938  11.7729938   -0.218    0.0000000   0.0000000  -0.0000000  1 1 1
@ION   12     O     11.7729938  11.7729938   1.6818563   -0.220    0.0000000   0.0000000  -0.0000000  1 1 1
@ION   13     O      1.6818563   8.4092813   8.4092813   -0.215   -0.0000000  -0.0000000   0.0000000  1 1 1
@ION   14     O      8.4092813   1.6818563   8.4092813   -0.215    0.0000000  -0.0000000   0.0000000  1 1 1
@ION   15     O      8.4092813   8.4092813   1.6818563   -0.215   -0.0000000  -0.0000000  -0.0000000  1 1 1
@ION   16     O     11.7729938   8.4092813   5.0455688   -0.220    0.0000000  -0.0000000   0.0000000  1 1 1
@ION   17     O      5.0455688   1.6818563   5.0455688   -0.217   -0.0000000   0.0000000  -0.0000000  1 1 1
@ION   18     O      5.0455688   8.4092813  11.7729938   -0.220   -0.0000000  -0.0000000   0.0000000  1 1 1
@ION   19     O      1.6818563   5.0455688   5.0455688   -0.224   -0.0000000   0.0000000  -0.0000000  1 1 1
@ION   20     O      8.4092813  11.7729938   5.0455688   -0.226    0.0000000   0.0000000   0.0000000  1 1 1
@ION   21     O      8.4092813   5.0455688  11.7729938   -0.224    0.0000000   0.0000000  -0.0000000  1 1 1
@ION   22     O     11.7729938   5.0455688   8.4092813   -0.229   -0.0000000   0.0000000  -0.0000000  1 1 1
@ION   23     O      5.0455688  11.7729938   8.4092813   -0.229   -0.0000000   0.0000000   0.0000000  1 1 1
@ION   24     O      5.0455688   5.0455688   1.6818563   -0.229   -0.0000000   0.0000000  -0.0000000  1 1 1

 mean FX      =   0.00000001 Ry/a0
 mean FY      =   0.00000001 Ry/a0
 mean FZ      =   0.00000001 Ry/a0

 max FX       =   0.00000004 Ry/a0   (ion 14)
 max FY       =   0.00000003 Ry/a0   (ion 10)
 max FZ       =   0.00000002 Ry/a0   (ion 16)
 max F[x,y,z] =   0.00000004 Ry/a0
 max |F|      =   0.00000005 Ry/a0   (ion 14)

 sum FX       =  -0.00000002 Ry/a0
 sum FY       =   0.00000005 Ry/a0
 sum FZ       =  -0.00000001 Ry/a0
 Average      =   0.00000003 Ry/a0
 sqrt < F^2 > =   0.00000001 Ry/a0

WriteRestart: Output file given as /dev/null, no restart data written ...


--------TIMING INFORMATION FOR Processor owned the most atoms----------------
                                        Total time               Per SCF/step

1-TOTAL                                            10.39                0.69
-----------------------------------------------------------------------------
  1-TOTAL: Init                                     1.42                0.09
  1-TOTAL: run                                      8.97                0.60
  ---------------------------------------------------------------------------
    1-TOTAL: run: Force                             0.82                0.05
    1-TOTAL: run: Scf steps                         7.96                0.53

2-Force                                             0.82                0.05
-----------------------------------------------------------------------------
  2-Force: core correction                          0.00                0.00
  2-Force: corrections                              0.19                0.01
  2-Force: ion-ion                                  0.12                0.01
  2-Force: local                                    0.24                0.02
  2-Force: non-local                                0.26                0.02
  2-Force: non-local-betaxpsi                       0.04                0.00
  2-Force: non-local-get gamma                      0.00                0.00
  2-Force: non-local-nlforce_par_Q                  0.03                0.00
  2-Force: non-local-nlforce_par_gamma              0.00                0.00
  2-Force: non-local-nlforce_par_omega              0.00                0.00
  2-Force: non-local-partial gamma                  0.00                0.00
  2-Force: non-local-veff grad                      0.03                0.00

2-Init                                              1.42                0.09
-----------------------------------------------------------------------------
  2-Init: GetNewRho                                 0.05                0.00
  2-Init: KpointClass                               0.41                0.03
  2-Init: LcaoGetPsi                                0.07                0.00
  2-Init: LcaoGetRho                                0.15                0.01
  2-Init: ReinitIonicPotentials                     0.21                0.01
  2-Init: betaxpsi                                  0.03                0.00
  2-Init: exchange/correlation                      0.05                0.00
  2-Init: hartree                                   0.04                0.00
  2-Init: normalization                             0.00                0.00
  2-Init: radial potentials                         0.23                0.02
  2-Init: subdiag                                   0.07                0.00
  2-Init: weights                                   0.01                0.00

2-Scf steps                                         7.96                0.53
-----------------------------------------------------------------------------
  2-Scf steps: Davidson                             4.38                0.29
  2-Scf steps: GetNewRho                            0.68                0.05
  2-Scf steps: Hartree                              0.75                0.05
  2-Scf steps: MgridSubspace                        1.12                0.07
  2-Scf steps: MixRho                               0.06                0.00
  2-Scf steps: exchange/correlation                 0.65                0.04

3-MgridSubspace                                     1.12                0.07
-----------------------------------------------------------------------------
  3-MgridSubspace: AppNls                           0.12                0.01
  3-MgridSubspace: Beta x psi                       0.14                0.01
  3-MgridSubspace: Diagonalization                  0.23                0.02
  3-MgridSubspace: Mg_eig                           0.61                0.04

3-ReinitIonicPotentials                             0.21                0.01
-----------------------------------------------------------------------------
  3-ReinitIonicPotentials: GetNlop                  0.01                0.00
  3-ReinitIonicPotentials: GetWeight                0.12                0.01
  3-ReinitIonicPotentials: get_QI                   0.00                0.00
  3-ReinitIonicPotentials: get_qqq                  0.00                0.00
  3-ReinitIonicPotentials: init_nuc                 0.08                0.01

4-Diagonalization                                   0.31                0.02
-----------------------------------------------------------------------------
  4-Diagonalization: ELPA/PDSYGVX/PZHEGVX           0.02                0.00
  4-Diagonalization: Hpsi                           0.17                0.01
  4-Diagonalization: MPI_Bcast                      0.00                0.00
  4-Diagonalization: Update orbitals                0.07                0.00
  ---------------------------------------------------------------------------
    4-Diagonalization: Update orbitals: gather           0.00                0.00
    4-Diagonalization: Update orbitals: gemm           0.05                0.00
  4-Diagonalization: matrix                         0.05                0.00
  ---------------------------------------------------------------------------
    4-Diagonalization: matrix: Allreduce            0.00                0.00
    4-Diagonalization: matrix: Gemm                 0.04                0.00

5-Functional                                        0.69                0.05
-----------------------------------------------------------------------------
  5-Functional: apply gradient                      0.07                0.00
  5-Functional: apply laplacian                     0.02                0.00
  5-Functional: libxc                               0.25                0.02
  5-Functional: vxc                                 0.68                0.05
  5-Functional: vxc grad                            0.38                0.03
  5-Functional: vxc local                           0.08                0.01
  5-Functional: vxc nonlocal                        0.00                0.00

6-Davidson                                          4.38                0.29
-----------------------------------------------------------------------------
  6-Davidson: Betaxpsi                              0.57                0.04
  6-Davidson: apply hamiltonian                     1.04                0.07
  6-Davidson: diagonalization                       0.34                0.02
  6-Davidson: generate residuals                    0.46                0.03
  6-Davidson: matrix setup/reduce                   0.65                0.04
  6-Davidson: normalization                         0.06                0.00
  6-Davidson: precondition                          1.02                0.07
  6-Davidson: rotate orbitals                       0.19                0.01

AppNls                                              0.71                0.05
-----------------------------------------------------------------------------
  AppNls: data_rearrange                            0.01                0.00
  ---------------------------------------------------------------------------
    AppNls: data_rearrange: alloc and zeros           0.00                0.00
    AppNls: data_rearrange: dnm                     0.00                0.00
    AppNls: data_rearrange: sint                    0.00                0.00
  AppNls: nv                                        0.62                0.04
  AppNls: nv_work                                   0.00                0.00

App_gradient                                        0.07                0.00

CPUFD                                               0.00                0.00

Compute Hpsi                                        0.17                0.01
-----------------------------------------------------------------------------
  Compute Hpsi: AppNls                              0.08                0.01
  Compute Hpsi: Threaded Apply H                    0.09                0.01

GlobalSums                                          0.15                0.01

Init                                                1.01                0.07

Init Voronoi                                        0.16                0.01

Mix rho                                             0.06                0.00
-----------------------------------------------------------------------------
  Mix rho: Broyden                                  0.06                0.00
  Mix rho: Linear                                   0.00                0.00

Orbital                                             0.00                0.00
-----------------------------------------------------------------------------
  Orbital: phase and set                            0.00                0.00
  Orbital: proj cal                                 0.00                0.00
  Trade images: trade_images                        0.00                0.00
  Trade images: trade_imagesx                       0.09                0.01

VhPfft                                              0.39                0.03

Weight                                              0.01                0.00

radial beta                                         0.18                0.01


------------------------- TIMING INFORMATION FOR THREADS  -------------------

                                           Min            Max            Avg
CPUFD                                      0.22           0.22           0.22
-----------------------------------------------------------------------------

GlobalSums                                 0.12           0.12           0.12
-----------------------------------------------------------------------------

Mg_eig                                     0.61           0.61           0.61
-----------------------------------------------------------------------------
  Mg_eig: apply hamiltonian                0.30           0.30           0.30
  Mg_eig: mgrid_solv                       0.15           0.15           0.15
  Trade images: trade_images               0.73           0.73           0.73
  Trade images: trade_imagesx              0.82           0.82           0.82
